5.8 -0.000707552 8.20857e-05 9.96194e-05
5.85 -0.000761098 8.23308e-05 0.000100453
5.9 -0.000737931 8.44852e-05 0.000100694
5.95 -0.000738979 8.44584e-05 0.000104444
6 -0.000752835 8.47788e-05 0.000100459
6.05 -0.000745004 8.65644e-05 0.000103842
6.1 0.00118363 7.38723e-05 0.000128084
6.15 0.0070238 3.95245e-05 -0.000243315
6.2 0.0166732 6.17708e-05 -0.000570203
6.25 0.0301567 8.60181e-05 -0.000552324
6.3 0.0474393 0.000158688 -0.000116063
6.35 0.068493 0.000299421 0.000516989
6.4 0.0930237 0.000429587 0.00073071
6.45 0.119259 0.000581126 0.00122262
6.5 0.145088 0.000821626 0.00152848
6.55 0.170168 0.00121806 0.00079969
6.6 0.195268 0.00188013 -0.00484369
6.65 0.219994 0.0023923 -0.0109382
6.7 0.244467 0.00265099 -0.0186412
6.75 0.268402 0.00258742 -0.0267915
6.8 0.292407 0.00250156 -0.0373792
6.85 0.316347 0.00234274 -0.0495399
6.9 0.33966 0.00187644 -0.0608482
6.95 0.363138 0.00110354 -0.0734192
7 0.386128 0.00011533 -0.0857366
7.05 0.409207 -0.00137543 -0.0995388
7.1 0.432096 -0.00317375 -0.112598
7.15 0.454507 -0.00533173 -0.123363
7.2 0.477122 -0.00776837 -0.133639
7.25 0.499972 -0.0104966 -0.142967
7.3 0.523052 -0.0135187 -0.15163
7.35 0.547109 -0.0174641 -0.153687
7.4 0.57194 -0.0219514 -0.146505
7.45 0.597001 -0.0264393 -0.136452
7.5 0.621694 -0.0304154 -0.127119
7.55 0.646486 -0.0342119 -0.117021
7.6 0.670896 -0.037646 -0.107305
7.65 0.695503 -0.0410906 -0.0960272
7.7 0.720606 -0.0434539 -0.09053
7.75 0.74634 -0.0453751 -0.0890738
7.8 0.771766 -0.0473089 -0.0878488
7.85 0.797425 -0.0495019 -0.0843974
7.9 0.822698 -0.0518106 -0.0795847
7.95 0.848472 -0.0541179 -0.0745694
8 0.873683 -0.0561564 -0.0697659
8.05 0.899373 -0.058096 -0.0649886
8.1 0.92452 -0.0598454 -0.0603375
8.15 0.950129 -0.0615509 -0.0557543
8.2 0.975077 -0.0630825 -0.0512091
8.25 1.00051 -0.0645123 -0.0467036
8.3 1.02642 -0.0658696 -0.0421888
8.35 1.0517 -0.0670859 -0.0377905
8.4 1.07737 -0.068197 -0.0333476
8.45 1.10247 -0.0691543 -0.0290619
8.5 1.12797 -0.0700245 -0.0246193
8.55 1.15379 -0.0708193 -0.0201804
8.6 1.17908 -0.0714666 -0.0159562
8.65 1.20454 -0.0720301 -0.0116988
8.7 1.23032 -0.0724716 -0.00724541
8.75 1.25555 -0.0727962 -0.00304397
8.8 1.28095 -0.0730199 0.00121447
8.85 1.30672 -0.073186 0.00573957
8.9 1.3318 -0.0731893 0.00989576
8.95 1.35708 -0.0730502 0.0141582
9 1.38263 -0.0728265 0.0187621
9.05 1.40828 -0.0724961 0.0236584
9.1 1.43335 -0.0721022 0.0280377
9.15 1.45846 -0.0715086 0.0326128
9.2 1.48376 -0.0708094 0.0374988
9.25 1.50913 -0.070019 0.0424593
9.3 1.53468 -0.0691053 0.0476627
9.35 1.55972 -0.0680772 0.0521938
9.4 1.58488 -0.0669112 0.056812
9.45 1.61006 -0.0656409 0.0613904
9.5 1.63539 -0.0642418 0.0661343
9.55 1.66081 -0.0626973 0.0707909
9.6 1.68631 -0.0610392 0.0750785
9.65 1.71134 -0.0592854 0.0786719
9.7 1.73653 -0.0574026 0.0816884
9.75 1.76179 -0.0554226 0.0843093
9.8 1.78722 -0.0533293 0.0864562
9.85 1.81227 -0.0511983 0.0874782
9.9 1.83745 -0.0490032 0.0876397
9.95 1.8629 -0.0467486 0.0870143
10 1.88798 -0.044506 0.0853338
10.05 1.91335 -0.0422722 0.0827575
10.1 1.93836 -0.0400805 0.0789784
10.15 1.96369 -0.0379057 0.0741538
10.2 1.98877 -0.0358384 0.0681622
10.25 2.01425 -0.0338742 0.0611665
10.3 2.03942 -0.0320605 0.0529577
10.35 2.0644 -0.0304497 0.043792
10.4 2.08985 -0.0290006 0.0334659
10.45 2.1151 -0.0277711 0.0220044
10.5 2.14006 -0.0268162 0.00968253
10.55 2.16557 -0.026151 -0.00361714
10.6 2.19095 -0.0257733 -0.0179928
10.65 2.21614 -0.0257354 -0.0332031
10.7 2.24109 -0.0260251 -0.0496181
10.75 2.26667 -0.0267182 -0.0666041
10.8 2.29215 -0.0278169 -0.0848318
10.85 2.31747 -0.0293483 -0.10348
10.9 2.34247 -0.0313034 -0.123247
10.95 2.36727 -0.0336871 -0.143618
11 2.39186 -0.03654 -0.164842
11.05 2.41716 -0.0400011 -0.186751
11.1 2.44223 -0.0439772 -0.209308
11.15 2.46702 -0.0484572 -0.232329
11.2 2.49154 -0.0534608 -0.256064
11.25 2.51572 -0.0589253 -0.280556
11.3 2.53958 -0.0649165 -0.306374
11.35 2.56398 -0.071653 -0.332572
11.4 2.58825 -0.0790787 -0.359519
11.45 2.61214 -0.0871023 -0.386969
11.5 2.63563 -0.0956552 -0.415113
11.55 2.65877 -0.104784 -0.443949
11.6 2.68149 -0.114498 -0.473387
11.65 2.70379 -0.124813 -0.503495
11.7 2.7256 -0.135675 -0.534158
11.75 2.7478 -0.147611 -0.564834
11.8 2.76962 -0.16025 -0.595901
11.85 2.79088 -0.173435 -0.627552
11.9 2.81158 -0.187134 -0.659815
11.95 2.8317 -0.201389 -0.692559
12 2.85126 -0.216181 -0.725817
12.05 2.87091 -0.232154 -0.759079
12.1 2.88998 -0.248714 -0.792391
12.15 2.90834 -0.26578 -0.826062
12.2 2.92597 -0.283225 -0.860335
12.25 2.94289 -0.301142 -0.894996
12.3 2.95907 -0.319429 -0.930001
12.35 2.97504 -0.338908 -0.9647
12.4 2.9903 -0.358948 -0.999648
12.45 3.00469 -0.37924 -1.03493
12.5 3.01827 -0.39983 -1.07063
12.55 3.031 -0.420612 -1.1067
12.6 3.0433 -0.442538 -1.14206
12.65 3.05473 -0.464817 -1.1775
12.7 3.06526 -0.487234 -1.21332
12.75 3.0749 -0.509675 -1.24949
12.8 3.08401 -0.53322 -1.285
12.85 3.09214 -0.556867 -1.32037
12.9 3.09939 -0.580523 -1.35596
12.95 3.10573 -0.604055 -1.39189
13 3.11133 -0.628493 -1.42727
13.05 3.116 -0.65296 -1.46226
13.1 3.11978 -0.677211 -1.49741
13.15 3.12279 -0.702321 -1.5321
13.2 3.12484 -0.727228 -1.56638
13.25 3.12603 -0.751787 -1.60071
13.3 3.12633 -0.777183 -1.63444
13.35 3.12584 -0.802196 -1.6679
13.4 3.12454 -0.82674 -1.7014
13.45 3.12233 -0.851902 -1.73413
13.5 3.11928 -0.876702 -1.76633
13.55 3.11555 -0.900925 -1.79862
13.6 3.11092 -0.925694 -1.82997
13.65 3.1055 -0.949947 -1.86086
13.7 3.09912 -0.974704 -1.89084
13.75 3.09203 -0.998944 -1.92029
13.8 3.08445 -1.02246 -1.94989
13.85 3.07599 -1.0462 -1.97855
13.9 3.06691 -1.06944 -2.00646
13.95 3.05689 -1.09302 -2.03372
14 3.04638 -1.11597 -2.06027
14.05 3.03556 -1.13805 -2.08662
14.1 3.02377 -1.16049 -2.11247
14.15 3.0116 -1.18225 -2.13747
14.2 2.99856 -1.2042 -2.16131
14.25 2.98514 -1.22556 -2.18465
14.3 2.97161 -1.24605 -2.20789
14.35 2.95725 -1.26672 -2.23006
14.4 2.94259 -1.28676 -2.2516
14.45 2.92703 -1.30703 -2.27205
14.5 2.91135 -1.3266 -2.29182
14.55 2.89482 -1.34632 -2.31061
14.6 2.87817 -1.36543 -2.32894
14.65 2.86153 -1.38376 -2.34699
14.7 2.84418 -1.40228 -2.36384
14.75 2.82669 -1.42021 -2.38016
14.8 2.8084 -1.4383 -2.39563
14.85 2.79012 -1.45578 -2.41033
14.9 2.77109 -1.47353 -2.42402
14.95 2.75213 -1.49065 -2.437
15 2.73338 -1.50704 -2.44976
15.05 2.71384 -1.5238 -2.46141
15.1 2.69426 -1.54014 -2.47254
15.15 2.67391 -1.55672 -2.4829
15.2 2.65387 -1.57259 -2.49249
15.25 2.63411 -1.58793 -2.50142
15.3 2.61351 -1.60366 -2.5095
15.35 2.5932 -1.61886 -2.51765
15.4 2.57199 -1.63438 -2.52487
15.45 2.55106 -1.64938 -2.53116
15.5 2.5306 -1.6639 -2.53719
15.55 2.50932 -1.67872 -2.54259
15.6 2.48838 -1.69321 -2.54726
15.65 2.46658 -1.70808 -2.55091
15.7 2.4451 -1.72261 -2.55408
15.75 2.42416 -1.73662 -2.55693
15.8 2.40239 -1.7511 -2.55915
15.85 2.38093 -1.76529 -2.56089
15.9 2.36003 -1.77907 -2.56226
15.95 2.3383 -1.79334 -2.56293
16 2.31698 -1.80727 -2.56315
16.05 2.29484 -1.82174 -2.56286
16.1 2.27311 -1.83591 -2.56202
16.15 2.25193 -1.84972 -2.56094
16.25 2.20839 -1.87817 -2.55723
16.35 2.1656 -1.90635 -2.55189
16.45 2.1234 -1.93436 -2.54516
16.55 2.08073 -1.96319 -2.53715
16.65 2.03747 -1.9929 -2.52762
16.7 2.01664 -2.00733 -2.5226
16.75 1.99518 -2.02239 -2.51716
16.8 1.97406 -2.03737 -2.5115
16.9 1.93231 -2.06747 -2.49966
17 1.89143 -2.09773 -2.48667
17.1 1.85022 -2.12902 -2.4731
17.2 1.8101 -2.16039 -2.45923
17.3 1.76966 -2.1929 -2.4445
17.35 1.74956 -2.20942 -2.43703
17.4 1.73014 -2.22563 -2.42952
17.45 1.71012 -2.24258 -2.42191
17.55 1.67164 -2.27597 -2.40655
17.65 1.633 -2.31039 -2.39121
17.75 1.59551 -2.3449 -2.37577
17.8 1.57696 -2.36242 -2.36853
17.85 1.55796 -2.38074 -2.36123
17.9 1.53939 -2.39887 -2.35402
18 1.50272 -2.43529 -2.33967
18.1 1.46712 -2.4717 -2.3251
18.15 1.44916 -2.49048 -2.31801
18.2 1.43164 -2.50906 -2.31091
18.25 1.4136 -2.52845 -2.30434
18.3 1.39605 -2.54763 -2.29767
18.35 1.37906 -2.56637 -2.29096
18.4 1.36156 -2.58598 -2.28428
18.45 1.34449 -2.60534 -2.27743
18.5 1.32803 -2.62424 -2.27075
18.55 1.31121 -2.64386 -2.26421
18.6 1.29472 -2.66337 -2.25774
18.65 1.27785 -2.68362 -2.25165
18.7 1.26146 -2.70354 -2.24571
18.75 1.24557 -2.72312 -2.2395
18.8 1.22927 -2.74339 -2.23365
18.85 1.21345 -2.76337 -2.22785
18.9 1.19727 -2.78408 -2.22257
18.95 1.1815 -2.80453 -2.21728
19.05 1.15058 -2.8452 -2.2072
19.1 1.13534 -2.86557 -2.20243
19.15 1.11974 -2.88664 -2.19803
19.2 1.10458 -2.90736 -2.19386
19.3 1.07395 -2.94975 -2.18582
19.4 1.04431 -2.99146 -2.17805
19.5 1.01475 -3.03372 -2.17136
19.6 0.985388 -3.07645 -2.16542
19.7 0.956833 -3.11851 -2.15991
19.8 0.928414 -3.16085 -2.15501
19.9 0.900078 -3.20349 -2.15101
19.95 0.885813 -3.22512 -2.14938
20 0.871872 -3.24639 -2.14776
20.05 0.857672 -3.2681 -2.14657
20.15 0.82964 -3.31119 -2.14439
20.25 0.801684 -3.3543 -2.14273
20.35 0.773874 -3.39743 -2.14186
20.45 0.746229 -3.44044 -2.1413
20.55 0.718693 -3.48333 -2.1414
20.65 0.691289 -3.52604 -2.14204
20.7 0.677231 -3.54797 -2.14297
20.75 0.663495 -3.5694 -2.14376
20.8 0.649517 -3.59115 -2.14477
20.9 0.621936 -3.63386 -2.14679
21 0.594564 -3.67615 -2.14927
21.05 0.580562 -3.69773 -2.15117
21.1 0.566831 -3.71876 -2.15287
21.15 0.552931 -3.73999 -2.15494
21.2 0.538822 -3.76146 -2.15752
21.25 0.524992 -3.78238 -2.15978
21.3 0.510999 -3.80346 -2.16242
21.35 0.496835 -3.82471 -2.16557
21.4 0.482491 -3.84609 -2.16909
21.45 0.468406 -3.86694 -2.1723
21.5 0.454199 -3.88786 -2.17596
21.55 0.439805 -3.90892 -2.17991
21.6 0.425303 -3.93 -2.18422
21.65 0.41096 -3.95055 -2.18828
21.7 0.396494 -3.97114 -2.19268
21.75 0.381904 -3.99176 -2.19739
21.8 0.367171 -4.0124 -2.2023
21.85 0.352275 -4.03306 -2.20753
21.9 0.337236 -4.0537 -2.21291
22 0.307368 -4.094 -2.22211
22.1 0.276836 -4.13433 -2.23085
22.2 0.245949 -4.17433 -2.23789
22.3 0.214765 -4.2141 -2.24212
22.4 0.183152 -4.25389 -2.24318
22.5 0.151616 -4.29339 -2.24038
22.55 0.135777 -4.31321 -2.23727
22.6 0.120151 -4.33286 -2.23316
22.65 0.1044 -4.35281 -2.22803
22.75 0.0732288 -4.39275 -2.21454
22.85 0.0422788 -4.43336 -2.19687
22.95 0.0121164 -4.47426 -2.17449
23.05 -0.0169757 -4.51555 -2.14839
23.15 -0.0451237 -4.55761 -2.11835
23.25 -0.0724255 -4.60105 -2.08481
23.35 -0.0978683 -4.64461 -2.04778
23.45 -0.121923 -4.68921 -2.00775
23.55 -0.144304 -4.73512 -1.96428
23.65 -0.1645 -4.78127 -1.91826
23.75 -0.182646 -4.8283 -1.86972
23.85 -0.198609 -4.87691 -1.81908
23.95 -0.211988 -4.92511 -1.7645
24.05 -0.222858 -4.97416 -1.70772
24.1 -0.227235 -4.99929 -1.67905
24.15 -0.230942 -5.02429 -1.64934
24.2 -0.23393 -5.04923 -1.61911
24.25 -0.236189 -5.07405 -1.58884
24.3 -0.237689 -5.09889 -1.55797
24.35 -0.238412 -5.12383 -1.52619
24.4 -0.238352 -5.14945 -1.4936
24.45 -0.237371 -5.1752 -1.46147
24.5 -0.235627 -5.20064 -1.42921
24.55 -0.233102 -5.22581 -1.39599
24.6 -0.229871 -5.25054 -1.36275
24.65 -0.225642 -5.27604 -1.3293
24.7 -0.220525 -5.30125 -1.29627
24.75 -0.214648 -5.32613 -1.26208
24.8 -0.208018 -5.35053 -1.22744
24.85 -0.200666 -5.37448 -1.19244
24.9 -0.192224 -5.39888 -1.1576
24.95 -0.182813 -5.42304 -1.12331
25 -0.172716 -5.44655 -1.08814
25.1 -0.150737 -5.49177 -1.01726
25.2 -0.12498 -5.53605 -0.945885
25.3 -0.0968925 -5.57761 -0.875896
25.45 -0.0492581 -5.63609 -0.771166
25.5 -0.0315021 -5.65497 -0.737574
25.55 -0.0132839 -5.6731 -0.702942
25.6 0.0051561 -5.69018 -0.668603
25.65 0.0249214 -5.70731 -0.635926
25.7 0.0449954 -5.72337 -0.604352
25.85 0.107636 -5.76748 -0.505357
25.95 0.151685 -5.79316 -0.440793
26 0.174373 -5.80499 -0.410013
26.05 0.197279 -5.81606 -0.3788
26.15 0.244278 -5.83612 -0.318858
26.25 0.293421 -5.85347 -0.262776
26.35 0.34238 -5.8677 -0.208505
26.45 0.392211 -5.87941 -0.153692
26.55 0.44216 -5.88814 -0.102988
26.65 0.493347 -5.89432 -0.0572652
26.8 0.571456 -5.89908 0.00594406
26.9 0.622612 -5.8996 0.0448339
26.95 0.648479 -5.89907 0.0634369
27 0.673795 -5.89807 0.0814728
27.1 0.725342 -5.89445 0.114915
27.2 0.775937 -5.88916 0.146046
27.3 0.826721 -5.88231 0.173672
27.4 0.877923 -5.87382 0.197922
27.45 0.903439 -5.8691 0.209111
27.5 0.928218 -5.86419 0.220201
27.55 0.953722 -5.85884 0.230321
27.6 0.978702 -5.85325 0.239604
27.65 1.00437 -5.84729 0.247846
27.7 1.02958 -5.8412 0.255594
27.75 1.05403 -5.83507 0.263105
27.8 1.07934 -5.82855 0.269651
27.85 1.10413 -5.8219 0.275676
27.9 1.12966 -5.81481 0.280655
27.95 1.15469 -5.80773 0.285252
28 1.17909 -5.80074 0.289567
28.05 1.20427 -5.79339 0.293013
28.1 1.22899 -5.78604 0.295897
28.15 1.253 -5.7788 0.298522
28.2 1.27781 -5.77123 0.300331
28.25 1.30218 -5.76374 0.301558
28.3 1.32741 -5.75589 0.302303
28.35 1.35219 -5.7482 0.302557
28.45 1.40138 -5.73282 0.301602
28.6 1.47488 -5.70981 0.296728
28.7 1.52478 -5.69438 0.291284
28.75 1.54973 -5.68677 0.287831
28.8 1.57412 -5.67942 0.284141
28.85 1.59795 -5.67235 0.280223
29 1.66607 -5.6526 0.266992
29.1 1.7089 -5.64068 0.257211
29.15 1.72957 -5.63509 0.251898
29.2 1.74974 -5.6297 0.246363
29.25 1.76946 -5.62454 0.240654
29.35 1.8075 -5.6149 0.228384
29.45 1.84385 -5.60612 0.215485
29.55 1.87848 -5.59817 0.201705
29.65 1.91155 -5.59096 0.187144
29.75 1.94311 -5.58452 0.171836
29.8 1.95834 -5.5816 0.163859
29.85 1.97322 -5.57881 0.155816
29.9 1.98769 -5.57622 0.147619
30 2.01568 -5.57152 0.131216
30.1 2.04246 -5.56741 0.113829
30.2 2.06796 -5.56392 0.0959598
30.3 2.09233 -5.56096 0.0775528
30.4 2.11557 -5.55857 0.0588305
30.45 2.12677 -5.55754 0.0493387
30.5 2.13771 -5.55663 0.0398361
30.55 2.14836 -5.55583 0.0301965
30.6 2.1588 -5.55515 0.0206037
30.65 2.16895 -5.55457 0.0109727
30.7 2.17882 -5.55405 0.00104197
30.75 2.18846 -5.55363 -0.00887143
30.8 2.19787 -5.55331 -0.0187035
30.85 2.20703 -5.55311 -0.0285314
30.9 2.21599 -5.55294 -0.0383482
30.95 2.22473 -5.55288 -0.0483003
31 2.23323 -5.5529 -0.0580419
31.05 2.24158 -5.55295 -0.0677815
31.1 2.24967 -5.55311 -0.077651
31.15 2.25755 -5.5533 -0.0876358
31.2 2.26521 -5.55358 -0.0975518
31.25 2.27269 -5.55394 -0.107387
31.3 2.27999 -5.55433 -0.117213
31.35 2.2871 -5.55479 -0.126705
31.4 2.29404 -5.55523 -0.136385
31.5 2.3074 -5.55631 -0.155538
31.6 2.32008 -5.55759 -0.174202
31.7 2.33212 -5.55896 -0.192726
31.8 2.34352 -5.56047 -0.210598
31.9 2.35435 -5.56208 -0.228236
32 2.36456 -5.5638 -0.245349
32.1 2.37431 -5.56559 -0.261878
32.2 2.38352 -5.5674 -0.278103
32.25 2.38795 -5.56834 -0.285865
32.3 2.39225 -5.56929 -0.293061
32.35 2.39643 -5.57024 -0.300415
32.45 2.40446 -5.57212 -0.314676
32.55 2.41202 -5.57404 -0.327512
32.65 2.41918 -5.57596 -0.339318
32.75 2.42598 -5.57786 -0.350172
32.8 2.42924 -5.57882 -0.355266
32.85 2.4324 -5.57975 -0.360227
32.9 2.43547 -5.58069 -0.364925
33 2.44141 -5.58255 -0.373694
33.1 2.44708 -5.58439 -0.381391
33.2 2.45246 -5.58626 -0.387889
33.3 2.45753 -5.58807 -0.393339
33.4 2.46234 -5.58987 -0.397792
33.5 2.4669 -5.59162 -0.401273
33.55 2.46911 -5.59249 -0.40252
33.6 2.47125 -5.59335 -0.403479
33.65 2.47333 -5.59421 -0.404194
33.7 2.47536 -5.59505 -0.404646
33.75 2.47734 -5.59588 -0.404825
33.8 2.47933 -5.59675 -0.404814
33.85 2.48117 -5.59755 -0.404544
33.9 2.483 -5.59836 -0.403889
33.95 2.48481 -5.59917 -0.403058
34 2.48656 -5.59998 -0.401867
34.05 2.48827 -5.60077 -0.400446
34.1 2.48996 -5.60156 -0.39879
34.15 2.4916 -5.60235 -0.39674
34.2 2.49324 -5.60314 -0.394467
34.25 2.4948 -5.60391 -0.391876
34.3 2.49636 -5.60468 -0.389098
34.35 2.49782 -5.60542 -0.386044
34.4 2.49924 -5.60614 -0.382657
34.45 2.50066 -5.60689 -0.378942
34.55 2.5034 -5.60837 -0.371073
34.65 2.50605 -5.6098 -0.36208
34.75 2.50854 -5.61119 -0.352376
34.8 2.50973 -5.61187 -0.347044
34.85 2.51092 -5.61255 -0.341507
34.9 2.5121 -5.61325 -0.335592
35 2.5144 -5.61467 -0.323513
35.1 2.51659 -5.61603 -0.309997
35.2 2.51872 -5.61738 -0.295796
35.3 2.5208 -5.61872 -0.280881
35.4 2.52279 -5.62002 -0.264962
35.5 2.52472 -5.62131 -0.248477
35.6 2.52659 -5.62258 -0.231163
35.7 2.52842 -5.62382 -0.213409
35.8 2.53019 -5.62506 -0.194974
35.9 2.5319 -5.62627 -0.175852
36 2.53357 -5.62746 -0.156221
36.05 2.53438 -5.62805 -0.146178
36.1 2.53519 -5.62863 -0.136111
36.15 2.536 -5.6292 -0.126177
36.25 2.53758 -5.63031 -0.105965
36.35 2.53913 -5.63142 -0.0852245
36.45 2.54064 -5.63249 -0.064371
36.5 2.54138 -5.63301 -0.0538873
36.55 2.54207 -5.63354 -0.0432842
36.6 2.54275 -5.63401 -0.0330815
36.65 2.54344 -5.63447 -0.0228043
36.7 2.54413 -5.63492 -0.0128274
36.75 2.54478 -5.63538 -0.00242894
36.8 2.54539 -5.63585 0.00780882
36.85 2.54603 -5.63631 0.0182334
36.9 2.54669 -5.63671 0.0283194
36.95 2.5473 -5.63709 0.0384409
37 2.54794 -5.63752 0.0487276
37.05 2.54856 -5.63798 0.0591369
37.1 2.54916 -5.6384 0.069307
37.15 2.54977 -5.63884 0.0794439
37.2 2.55036 -5.63929 0.0895413
37.25 2.55094 -5.63971 0.0996189
37.3 2.55152 -5.64011 0.109441
37.35 2.55207 -5.6405 0.11924
37.4 2.55261 -5.64087 0.128871
37.5 2.55366 -5.64162 0.147929
37.55 2.55417 -5.64195 0.157302
37.6 2.55468 -5.64228 0.166631
37.65 2.55519 -5.64259 0.175616
37.75 2.55623 -5.64321 0.193303
37.8 2.5567 -5.64352 0.201936
37.85 2.55716 -5.64383 0.21052
37.9 2.55762 -5.64412 0.218944
37.95 2.55807 -5.64441 0.227061
38.05 2.55893 -5.64491 0.242685
38.15 2.55982 -5.64538 0.257362
38.2 2.56023 -5.64558 0.264399
38.25 2.56064 -5.64577 0.271077
38.3 2.56104 -5.64598 0.277697
38.4 2.56181 -5.64634 0.290592
38.5 2.56253 -5.64666 0.302248
38.6 2.56321 -5.64694 0.312608
38.7 2.56382 -5.64719 0.321717
38.75 2.56411 -5.64732 0.326138
38.8 2.56439 -5.64742 0.330324
38.85 2.56465 -5.64749 0.33388
38.95 2.56517 -5.64763 0.340553
39.05 2.56562 -5.6477 0.345572
39.15 2.56603 -5.64776 0.350036
39.2 2.56624 -5.6478 0.35231
39.25 2.56642 -5.6478 0.35354
39.3 2.56658 -5.6478 0.354692
39.35 2.56673 -5.6478 0.355831
39.4 2.56681 -5.64775 0.355878
39.45 2.56693 -5.6477 0.355634
39.5 2.56703 -5.64765 0.35538
39.55 2.56711 -5.64761 0.355117
39.6 2.56722 -5.64756 0.35486
39.65 2.56731 -5.64752 0.35461
39.7 2.56742 -5.64746 0.354341
39.75 2.56746 -5.64737 0.35265
39.8 2.5675 -5.64728 0.350808
39.85 2.56755 -5.64717 0.349005
39.9 2.56752 -5.64701 0.345524
39.95 2.56755 -5.6469 0.343516
40 2.56753 -5.6468 0.34016
40.1 2.56759 -5.64646 0.332655
40.2 2.56769 -5.64608 0.325758
40.25 2.56776 -5.64591 0.322544
40.3 2.56774 -5.64571 0.317264
40.35 2.56773 -5.64541 0.311039
40.45 2.56772 -5.64497 0.302278
40.55 2.56758 -5.64454 0.292095
40.6 2.56743 -5.64426 0.284218
40.65 2.56732 -5.6439 0.276012
40.7 2.56727 -5.64355 0.26806
40.8 2.56713 -5.643 0.255595
40.9 2.56702 -5.64227 0.239422
41 2.56705 -5.64155 0.224043
41.05 2.56709 -5.64122 0.216641
41.1 2.56713 -5.64089 0.209847
41.15 2.56717 -5.64058 0.203375
41.25 2.56688 -5.63993 0.187374
41.35 2.56668 -5.63908 0.167589
41.45 2.56638 -5.63818 0.147966
41.5 2.56625 -5.63776 0.138476
41.55 2.5661 -5.63738 0.129266
41.6 2.56594 -5.63699 0.116136
41.7 2.56554 -5.63598 0.0930604
41.8 2.56535 -5.63484 0.0669703
41.9 2.56495 -5.63387 0.0456769
41.95 2.56484 -5.63341 0.0366484
42 2.56477 -5.63298 0.0259212
42.05 2.56471 -5.63255 0.0174407
42.1 2.56464 -5.63218 0.0101089
42.15 2.56457 -5.63186 0.00292631
42.2 2.56443 -5.63155 -0.00379575
42.25 2.56428 -5.63115 -0.0129445
42.3 2.5642 -5.63069 -0.023026
42.35 2.56406 -5.63023 -0.0328922
42.4 2.56395 -5.62979 -0.042725
42.45 2.56385 -5.62937 -0.0517759
42.5 2.56374 -5.62899 -0.0610321
42.55 2.56366 -5.6286 -0.0701202
42.6 2.56357 -5.62821 -0.0788577
42.65 2.56352 -5.62772 -0.0910138
42.7 2.56345 -5.62715 -0.104405
42.75 2.56327 -5.62668 -0.11523
42.85 2.56292 -5.62561 -0.136875
42.9 2.56278 -5.62513 -0.147804
42.95 2.56258 -5.62461 -0.156812
43 2.5625 -5.62424 -0.164484
43.1 2.56236 -5.62353 -0.179252
43.2 2.56223 -5.62285 -0.193294
43.3 2.56212 -5.62221 -0.206603
43.35 2.56205 -5.62185 -0.214155
43.4 2.56198 -5.62148 -0.22165
43.45 2.56191 -5.62113 -0.228951
43.55 2.56179 -5.62044 -0.242975
43.65 2.56168 -5.61979 -0.25629
43.75 2.56159 -5.61918 -0.268886
43.85 2.56151 -5.6186 -0.280702
43.95 2.56144 -5.61804 -0.292095
44 2.56141 -5.61777 -0.29752
44.05 2.56138 -5.61756 -0.297995
44.1 2.56127 -5.61758 -0.299643
44.2 2.56118 -5.61707 -0.310251
44.3 2.56114 -5.61657 -0.320515
44.35 2.56112 -5.61633 -0.325392
44.4 2.5611 -5.61609 -0.330231
44.45 2.56109 -5.61587 -0.334908
44.55 2.56106 -5.61543 -0.34389
44.65 2.56104 -5.61501 -0.352491
44.75 2.56085 -5.61493 -0.356327
44.8 2.56063 -5.61546 -0.347561
44.85 2.56051 -5.6163 -0.331294
44.9 2.56064 -5.61687 -0.31741
44.95 2.56068 -5.61701 -0.312133
45 2.56074 -5.61679 -0.314735
45.05 2.56073 -5.61655 -0.319696
45.1 2.56071 -5.61632 -0.324408
45.15 2.56069 -5.61604 -0.330706
45.2 2.56067 -5.61577 -0.335308
45.25 2.56065 -5.61557 -0.339461
45.3 2.56065 -5.61531 -0.345281
45.35 2.56064 -5.61507 -0.349687
45.4 2.56064 -5.61489 -0.353337
45.45 2.56063 -5.61471 -0.356934
45.5 2.56063 -5.61454 -0.360372
45.55 2.56063 -5.61438 -0.363786
45.65 2.56062 -5.61406 -0.370245
45.75 2.56062 -5.61376 -0.376367
45.85 2.56048 -5.61382 -0.373874
45.95 2.56047 -5.61352 -0.380069
46 2.56047 -5.61337 -0.383147
46.05 2.56048 -5.61322 -0.386193
46.1 2.56048 -5.61308 -0.38906
46.2 2.56051 -5.61258 -0.389728
46.3 2.56038 -5.61278 -0.39161
46.4 2.56038 -5.6125 -0.397433
46.5 2.56038 -5.61223 -0.402942
46.55 2.56038 -5.61211 -0.405588
46.6 2.56038 -5.61198 -0.408243
46.65 2.56039 -5.61186 -0.410738
46.75 2.5604 -5.61162 -0.415658
46.85 2.56042 -5.6114 -0.420222
46.95 2.56027 -5.61129 -0.420247
47.05 2.56028 -5.61134 -0.420505
47.15 2.56029 -5.61111 -0.425185
47.2 2.5603 -5.611 -0.42745
47.25 2.5603 -5.61089 -0.429712
47.3 2.56041 -5.61068 -0.427099
47.4 2.56016 -5.61084 -0.427623
47.5 2.56013 -5.6105 -0.435787
47.55 2.56018 -5.61023 -0.438907
47.6 2.56016 -5.61006 -0.444482
47.65 2.56018 -5.60975 -0.450825
47.7 2.56017 -5.60955 -0.453692
47.75 2.56021 -5.60938 -0.458433
47.8 2.5602 -5.60919 -0.460996
47.85 2.56023 -5.60903 -0.465516
47.9 2.56021 -5.60885 -0.467871
47.95 2.56024 -5.6087 -0.472145
48 2.56023 -5.60853 -0.474323
48.05 2.56024 -5.60852 -0.474537
48.1 2.56024 -5.60852 -0.474687
48.15 2.56025 -5.60852 -0.474814
48.2 2.56026 -5.60852 -0.474963
48.25 2.56027 -5.60851 -0.475121
48.3 2.56027 -5.60851 -0.475271
48.35 2.56028 -5.60851 -0.475424
48.4 2.56029 -5.6085 -0.475581
48.45 2.56029 -5.6085 -0.475745
48.5 2.56015 -5.60869 -0.471547
48.6 2.56016 -5.60883 -0.468325
48.7 2.56017 -5.6085 -0.475131
48.8 2.5602 -5.60845 -0.47613
48.9 2.56021 -5.60843 -0.476753
49 2.56023 -5.60841 -0.477328
49.05 2.56024 -5.6084 -0.477614
49.1 2.56025 -5.60839 -0.477899
49.15 2.56026 -5.60838 -0.478182
49.25 2.56028 -5.60835 -0.478748
49.35 2.5603 -5.60833 -0.479324
49.45 2.56033 -5.60831 -0.479897
49.5 2.56034 -5.6083 -0.480184
49.55 2.56035 -5.60829 -0.480469
49.6 2.56036 -5.60828 -0.480752
49.7 2.56038 -5.60826 -0.481324
49.8 2.56041 -5.60831 -0.47698
49.9 2.56015 -5.60941 -0.451832
49.95 2.55992 -5.60972 -0.448516
50 2.55986 -5.60969 -0.449312
50.05 2.55986 -5.60965 -0.450183
50.15 2.55988 -5.60957 -0.451932
50.25 2.5599 -5.60948 -0.45369
50.35 2.55992 -5.60942 -0.455079
50.45 2.55994 -5.60936 -0.456441
50.5 2.55995 -5.60933 -0.457109
50.55 2.55996 -5.6093 -0.457774
50.6 2.55997 -5.60927 -0.458452
50.65 2.55998 -5.60924 -0.459119
50.7 2.55999 -5.60922 -0.459801
50.75 2.55985 -5.60929 -0.456018
50.8 2.55985 -5.60944 -0.452452
50.85 2.55986 -5.6094 -0.453129
50.9 2.55987 -5.60936 -0.454099
50.95 2.55988 -5.60932 -0.454977
51 2.55989 -5.60928 -0.455823
51.05 2.5599 -5.60924 -0.456674
51.1 2.55991 -5.60921 -0.457522
51.15 2.55992 -5.60917 -0.45836
51.2 2.55993 -5.60913 -0.459194
51.25 2.55994 -5.6091 -0.460045
51.35 2.55978 -5.6093 -0.453093
51.4 2.5598 -5.60911 -0.456921
51.45 2.55973 -5.60898 -0.459654
51.5 2.55974 -5.60893 -0.460874
51.55 2.55981 -5.60871 -0.465442
51.65 2.55983 -5.60836 -0.472566
51.75 2.55986 -5.60804 -0.47929
51.8 2.5598 -5.60792 -0.481538
51.85 2.55981 -5.60792 -0.481762
51.9 2.55982 -5.60792 -0.481893
51.95 2.55983 -5.60791 -0.481993
52.05 2.55985 -5.60791 -0.48226
52.1 2.55986 -5.60791 -0.482383
52.15 2.55987 -5.60791 -0.482515
52.2 2.55974 -5.608 -0.478139
52.25 2.55972 -5.60822 -0.474198
52.3 2.55973 -5.60819 -0.474822
52.4 2.55972 -5.60798 -0.480436
52.45 2.55973 -5.6078 -0.482584
52.5 2.55974 -5.60762 -0.487147
52.55 2.55971 -5.60756 -0.489635
52.6 2.55971 -5.60756 -0.489787
52.7 2.55973 -5.60757 -0.490005
52.75 2.55974 -5.60757 -0.490108
52.8 2.55975 -5.60757 -0.490213
52.85 2.55976 -5.60757 -0.490313
52.9 2.55977 -5.60757 -0.490415
52.95 2.55988 -5.60774 -0.485906
53 2.55994 -5.60833 -0.472932
53.05 2.55971 -5.60892 -0.460684
53.1 2.55948 -5.60907 -0.456841
53.15 2.55948 -5.60906 -0.457224
53.2 2.55949 -5.60904 -0.457897
53.25 2.5595 -5.609 -0.458588
53.3 2.5595 -5.60897 -0.459266
53.35 2.55951 -5.60894 -0.459943
53.4 2.55952 -5.60892 -0.460619
53.45 2.55956 -5.60877 -0.46483
53.5 2.55952 -5.6086 -0.467066
53.55 2.55953 -5.60858 -0.46747
53.6 2.55955 -5.60857 -0.467805
53.65 2.55956 -5.60855 -0.468145
53.7 2.55957 -5.60854 -0.468477
53.75 2.55958 -5.60853 -0.4688
53.8 2.55963 -5.60839 -0.472633
53.9 2.55959 -5.60825 -0.474838
54 2.55961 -5.60826 -0.474823
54.1 2.55963 -5.60827 -0.474765
54.2 2.55965 -5.60828 -0.474726
54.25 2.55966 -5.60829 -0.474705
54.3 2.55967 -5.60829 -0.4747
54.35 2.55967 -5.6083 -0.474688
54.45 2.55969 -5.60831 -0.47466
54.55 2.55971 -5.60832 -0.474634
54.6 2.55972 -5.60833 -0.474608
54.65 2.55973 -5.60833 -0.47458
54.7 2.55974 -5.60834 -0.474569
54.8 2.55975 -5.60835 -0.474516
54.9 2.55977 -5.60836 -0.474448
55 2.55993 -5.6092 -0.456785
55.1 2.55941 -5.60994 -0.440089
55.15 2.5594 -5.60994 -0.440291
55.2 2.55941 -5.60992 -0.440846
55.25 2.55942 -5.60989 -0.441405
55.35 2.55944 -5.60984 -0.442521
55.45 2.55947 -5.6098 -0.443636
55.55 2.55949 -5.60975 -0.444758
55.6 2.5595 -5.60972 -0.445321
55.65 2.55951 -5.6097 -0.445882
55.7 2.55952 -5.60973 -0.44153
55.75 2.55941 -5.60993 -0.438375
55.8 2.55939 -5.6099 -0.439264
55.85 2.55937 -5.60993 -0.43529
55.9 2.55922 -5.61016 -0.432437
55.95 2.55905 -5.61011 -0.436774
56 2.55905 -5.60985 -0.43919
56.05 2.5591 -5.60962 -0.443661
56.1 2.55905 -5.6095 -0.446289
56.15 2.55912 -5.60929 -0.450589
56.2 2.55907 -5.60918 -0.452983
56.25 2.55914 -5.60897 -0.457099
56.3 2.55909 -5.60888 -0.459259
56.35 2.5591 -5.60887 -0.459541
56.4 2.55911 -5.60887 -0.459748
56.45 2.55912 -5.60886 -0.459941
56.55 2.55914 -5.60886 -0.460322
56.6 2.55915 -5.60885 -0.460517
56.65 2.55915 -5.60884 -0.460713
56.7 2.55916 -5.60884 -0.460905
56.8 2.55904 -5.60892 -0.456784
56.9 2.55905 -5.60893 -0.456776
57 2.55899 -5.60881 -0.459877
57.05 2.559 -5.60878 -0.460556
57.1 2.55905 -5.60857 -0.464723
57.15 2.55899 -5.60846 -0.467003
57.25 2.55901 -5.60844 -0.467769
57.35 2.55908 -5.60823 -0.472067
57.45 2.55903 -5.60812 -0.474163
57.55 2.55906 -5.60814 -0.474143
57.6 2.55907 -5.60814 -0.474128
57.65 2.55908 -5.60815 -0.47411
57.7 2.55909 -5.60815 -0.474092
57.8 2.55911 -5.60817 -0.474061
57.9 2.55913 -5.60818 -0.474032
58 2.55915 -5.60819 -0.474003
58.05 2.55917 -5.60819 -0.473992
58.1 2.55918 -5.60819 -0.473981
58.15 2.55919 -5.6082 -0.47397
58.25 2.55921 -5.6082 -0.47394
58.35 2.55923 -5.60821 -0.473912
58.45 2.55923 -5.60831 -0.468999
58.5 2.55915 -5.60875 -0.455526
58.55 2.55898 -5.60933 -0.443268
58.6 2.55886 -5.60935 -0.439397
58.65 2.55878 -5.60905 -0.44344
58.7 2.55879 -5.60877 -0.44923
58.75 2.55883 -5.60857 -0.450932
58.8 2.55881 -5.60848 -0.455216
58.85 2.55883 -5.6082 -0.460904
58.9 2.55886 -5.60794 -0.466439
58.95 2.55889 -5.60768 -0.471809
59 2.559 -5.60742 -0.473293
59.05 2.55903 -5.60746 -0.472343
59.1 2.55904 -5.60752 -0.471216
59.15 2.5591 -5.60744 -0.474026
59.2 2.55904 -5.60733 -0.475347
59.25 2.55905 -5.60738 -0.474475
59.3 2.55906 -5.60743 -0.473507
59.35 2.55907 -5.60749 -0.47252
59.4 2.55907 -5.60754 -0.471524
59.45 2.55908 -5.60759 -0.47053
59.55 2.55907 -5.60738 -0.474947
59.65 2.55909 -5.60747 -0.473386
59.75 2.5591 -5.60756 -0.471727
59.8 2.55911 -5.60761 -0.470893
59.85 2.55912 -5.60766 -0.470067
59.9 2.5591 -5.60756 -0.473591
59.95 2.55907 -5.60754 -0.475464
60.05 2.55909 -5.60762 -0.474286
60.1 2.5591 -5.60766 -0.47362
60.15 2.5591 -5.6077 -0.472953
60.2 2.55911 -5.60774 -0.472286
60.25 2.55912 -5.60778 -0.471617
60.3 2.55913 -5.60782 -0.470941
60.4 2.55895 -5.60821 -0.461093
60.45 2.55895 -5.60824 -0.460802
60.5 2.55895 -5.60824 -0.460645
60.55 2.55896 -5.60825 -0.460507
60.6 2.55897 -5.60826 -0.460368
60.65 2.55898 -5.60827 -0.460232
60.7 2.55899 -5.60828 -0.460096
60.75 2.559 -5.60829 -0.459962
60.85 2.55903 -5.60832 -0.459693
60.95 2.55905 -5.60834 -0.459427
61 2.55906 -5.60835 -0.459293
61.05 2.55907 -5.60835 -0.45916
61.1 2.55908 -5.60836 -0.459027
61.15 2.55909 -5.60837 -0.458891
61.2 2.5591 -5.60838 -0.45875
61.25 2.55911 -5.60839 -0.458611
61.3 2.55912 -5.60841 -0.458476
61.35 2.55913 -5.60842 -0.45834
61.4 2.55914 -5.60843 -0.458205
61.45 2.55916 -5.60844 -0.458073
61.5 2.55917 -5.60845 -0.45794
61.55 2.55918 -5.60846 -0.457808
61.6 2.55918 -5.60856 -0.452774
61.65 2.55903 -5.60883 -0.448852
61.7 2.55897 -5.60891 -0.443451
61.8 2.55878 -5.60914 -0.439182
61.85 2.55879 -5.60914 -0.439296
61.9 2.5588 -5.60914 -0.439403
61.95 2.55881 -5.60914 -0.439503
62.05 2.55883 -5.60914 -0.439683
62.15 2.55884 -5.60914 -0.43987
62.25 2.55886 -5.60914 -0.440052
62.3 2.55887 -5.60914 -0.440148
62.35 2.55888 -5.60914 -0.440233
62.4 2.55889 -5.60914 -0.440321
62.5 2.55891 -5.60914 -0.440501
62.6 2.55893 -5.60914 -0.440687
62.7 2.55873 -5.60944 -0.432248
62.75 2.55874 -5.60942 -0.43281
62.8 2.55879 -5.60921 -0.436802
62.85 2.55873 -5.60911 -0.438984
62.95 2.55875 -5.60908 -0.439898
63.05 2.55877 -5.60904 -0.440745
63.15 2.55876 -5.60876 -0.446509
63.2 2.55877 -5.60876 -0.446652
63.25 2.55879 -5.60876 -0.44673
63.3 2.5588 -5.60876 -0.446798
63.4 2.55881 -5.60877 -0.446926
63.5 2.55883 -5.60877 -0.447061
63.6 2.55885 -5.60877 -0.447197
63.65 2.55886 -5.60877 -0.447276
63.7 2.55887 -5.60877 -0.447352
63.75 2.55888 -5.60877 -0.447421
63.8 2.55873 -5.60886 -0.443047
63.85 2.55868 -5.60907 -0.439055
63.9 2.55869 -5.60904 -0.439643
63.95 2.55869 -5.60901 -0.440371
64 2.5587 -5.60897 -0.441114
64.05 2.55871 -5.60895 -0.441677
64.1 2.55872 -5.60892 -0.44223
64.15 2.55874 -5.6089 -0.442789
64.2 2.55875 -5.60888 -0.443353
64.25 2.55876 -5.60885 -0.443916
64.3 2.55877 -5.60883 -0.444481
64.35 2.55878 -5.6088 -0.445048
64.4 2.55879 -5.60878 -0.445607
64.45 2.5588 -5.60875 -0.446163
64.55 2.55883 -5.6087 -0.447277
64.6 2.55879 -5.60883 -0.443014
64.65 2.5587 -5.60897 -0.439709
64.7 2.55869 -5.60893 -0.440619
64.8 2.55871 -5.60886 -0.442098
64.9 2.55873 -5.60879 -0.443553
65 2.55875 -5.60872 -0.445026
65.1 2.55878 -5.60866 -0.446486
65.2 2.55878 -5.60869 -0.443069
65.25 2.55866 -5.60885 -0.440054
65.3 2.55864 -5.60881 -0.441118
65.35 2.55865 -5.60877 -0.442015
65.45 2.55867 -5.60869 -0.443795
65.55 2.5587 -5.60861 -0.445575
65.6 2.55871 -5.60857 -0.446466
65.65 2.55872 -5.60853 -0.447357
65.7 2.55873 -5.60849 -0.448243
65.8 2.5586 -5.60865 -0.441316
65.9 2.55857 -5.60826 -0.448463
65.95 2.55863 -5.60804 -0.452944
66 2.55858 -5.60791 -0.455584
66.05 2.55866 -5.60771 -0.459926
66.15 2.55868 -5.60739 -0.466497
66.25 2.55862 -5.60726 -0.468984
66.3 2.55863 -5.60726 -0.469162
66.35 2.55864 -5.60725 -0.469329
66.4 2.55865 -5.60725 -0.469489
66.45 2.55866 -5.60725 -0.469668
66.5 2.55867 -5.60724 -0.469847
66.55 2.55868 -5.60724 -0.470016
66.6 2.55869 -5.60724 -0.470181
66.65 2.5587 -5.60723 -0.47035
66.7 2.55871 -5.60723 -0.470527
66.75 2.55855 -5.60732 -0.466247
66.8 2.55852 -5.60752 -0.462318
66.85 2.55853 -5.60749 -0.463
66.9 2.55859 -5.60729 -0.467259
66.95 2.55852 -5.60716 -0.469693
67 2.55853 -5.60713 -0.470252
67.05 2.55861 -5.60695 -0.474287
67.1 2.55854 -5.60682 -0.476529
67.15 2.55855 -5.60682 -0.476778
67.2 2.55856 -5.60681 -0.476949
67.25 2.55857 -5.60681 -0.477094
67.35 2.55859 -5.60681 -0.477393
67.45 2.55861 -5.6068 -0.477693
67.55 2.55845 -5.6069 -0.473591
67.65 2.55844 -5.60707 -0.470262
67.7 2.5585 -5.60687 -0.474544
67.75 2.55844 -5.60674 -0.477001
67.8 2.55845 -5.60672 -0.477537
67.9 2.5585 -5.60642 -0.483766
68 2.55852 -5.60641 -0.484127
68.1 2.55854 -5.60641 -0.484372
68.2 2.55855 -5.60641 -0.484619
68.25 2.55856 -5.6064 -0.48474
68.3 2.55857 -5.6064 -0.484854
68.35 2.55858 -5.6064 -0.484983
68.45 2.5587 -5.60713 -0.467402
68.55 2.55806 -5.60782 -0.451125
68.65 2.558 -5.60738 -0.46034
68.7 2.55803 -5.6071 -0.466142
68.75 2.55803 -5.60689 -0.467716
68.8 2.55803 -5.6068 -0.4718
68.9 2.55804 -5.60663 -0.472656
69 2.55805 -5.60669 -0.471665
69.1 2.55801 -5.6066 -0.474476
69.15 2.55804 -5.60633 -0.480051
69.2 2.5582 -5.60618 -0.481806
69.25 2.55809 -5.60607 -0.485062
69.3 2.55812 -5.60593 -0.486846
69.35 2.55812 -5.606 -0.485696
69.4 2.55811 -5.60592 -0.488291
69.45 2.55816 -5.6058 -0.490022
69.5 2.55816 -5.60585 -0.489003
69.55 2.55816 -5.60591 -0.487971
69.6 2.55817 -5.60597 -0.486936
69.65 2.55818 -5.60602 -0.485907
69.7 2.55818 -5.60608 -0.484878
69.75 2.55814 -5.60607 -0.488358
69.8 2.5582 -5.60586 -0.489512
69.85 2.55821 -5.6059 -0.488639
69.9 2.55822 -5.60595 -0.48777
69.95 2.55822 -5.606 -0.486907
70 2.55823 -5.60605 -0.486036
70.05 2.55824 -5.60609 -0.485164
70.1 2.55824 -5.60614 -0.484281
70.2 2.55825 -5.60623 -0.482856
70.25 2.55826 -5.60627 -0.48216
70.3 2.55827 -5.60631 -0.481472
70.35 2.55828 -5.60634 -0.480788
70.45 2.5583 -5.60642 -0.47942
70.55 2.55832 -5.6065 -0.478059
70.65 2.55833 -5.60663 -0.471758
70.75 2.55815 -5.60698 -0.466832
70.8 2.55816 -5.60701 -0.466363
70.85 2.55817 -5.60704 -0.465876
70.9 2.55818 -5.60706 -0.465399
71 2.55819 -5.60712 -0.464453
71.1 2.55821 -5.60718 -0.463495
71.2 2.55823 -5.60724 -0.462545
71.3 2.558 -5.60756 -0.45288
71.35 2.55802 -5.60759 -0.452319
71.4 2.55802 -5.60761 -0.452035
71.45 2.55803 -5.60763 -0.45176
71.55 2.55805 -5.60766 -0.451204
71.65 2.55807 -5.6077 -0.450651
71.75 2.55809 -5.60773 -0.45011
71.8 2.5581 -5.60775 -0.44984
71.85 2.55811 -5.60777 -0.449568
71.9 2.55812 -5.60778 -0.449295
72 2.55815 -5.60782 -0.448749
72.1 2.55817 -5.60785 -0.448204
72.15 2.55818 -5.60787 -0.447931
72.2 2.55814 -5.60802 -0.442817
72.25 2.55799 -5.60824 -0.438754
72.3 2.55798 -5.60825 -0.438691
72.35 2.55799 -5.60826 -0.438638
72.4 2.558 -5.60826 -0.438577
72.45 2.55801 -5.60827 -0.438514
72.5 2.55802 -5.60828 -0.438452
72.55 2.55803 -5.60828 -0.43839
72.6 2.55805 -5.60829 -0.438328
72.65 2.55806 -5.6083 -0.438264
72.7 2.55807 -5.60831 -0.438197
72.75 2.55808 -5.60832 -0.438136
72.8 2.55809 -5.60832 -0.438077
72.85 2.5581 -5.60833 -0.438018
72.9 2.55812 -5.60833 -0.437962
73 2.55814 -5.60834 -0.437829
73.1 2.55801 -5.60867 -0.419211
73.15 2.55756 -5.60938 -0.406957
73.2 2.55719 -5.60983 -0.403438
73.25 2.557 -5.60982 -0.407692
73.35 2.55701 -5.60926 -0.419262
73.45 2.55705 -5.60872 -0.43047
73.55 2.55709 -5.60822 -0.440962
73.6 2.55711 -5.60797 -0.44611
73.65 2.55713 -5.60773 -0.451095
73.7 2.55716 -5.60751 -0.455897
73.8 2.55721 -5.60706 -0.465297
73.9 2.55711 -5.60706 -0.463822
73.95 2.55717 -5.60707 -0.465481
74 2.55717 -5.60698 -0.466038
74.05 2.55716 -5.60708 -0.464001
74.15 2.55716 -5.60701 -0.466212
74.25 2.55717 -5.60719 -0.462485
74.3 2.55724 -5.60705 -0.464371
74.35 2.55715 -5.60705 -0.465118
74.4 2.55715 -5.60715 -0.463429
74.5 2.5572 -5.60713 -0.464255
74.6 2.55715 -5.60721 -0.463231
74.7 2.55721 -5.60718 -0.464352
74.75 2.55731 -5.60701 -0.465176
74.8 2.55734 -5.60708 -0.463749
74.85 2.55731 -5.60699 -0.466101
74.9 2.55737 -5.60693 -0.46712
74.95 2.55738 -5.60699 -0.465956
75 2.55738 -5.60706 -0.46467
75.05 2.55739 -5.60712 -0.463368
75.1 2.5574 -5.60719 -0.46206
75.15 2.55741 -5.60725 -0.460928
75.2 2.55741 -5.60731 -0.459807
75.25 2.55742 -5.60737 -0.458696
75.3 2.55743 -5.60743 -0.457585
75.35 2.55744 -5.60749 -0.456479
75.4 2.55745 -5.60755 -0.455368
75.45 2.55746 -5.60761 -0.454252
75.5 2.55747 -5.60767 -0.453311
75.55 2.55748 -5.60772 -0.452383
75.6 2.55749 -5.60777 -0.451458
75.65 2.5575 -5.60782 -0.450531
75.75 2.55752 -5.60791 -0.448682
75.85 2.5575 -5.60812 -0.44199
75.95 2.55731 -5.60845 -0.436608
76 2.55732 -5.60849 -0.4359
76.05 2.55733 -5.60853 -0.435189
76.1 2.55734 -5.60856 -0.434483
76.2 2.55736 -5.60864 -0.43306
76.3 2.55712 -5.60901 -0.423069
76.4 2.55713 -5.60904 -0.422554
76.45 2.55714 -5.60905 -0.422369
76.5 2.55715 -5.60907 -0.422188
76.55 2.55716 -5.60908 -0.422006
76.65 2.55718 -5.6091 -0.421641
76.75 2.55721 -5.60912 -0.421281
76.85 2.55723 -5.60915 -0.420921
76.95 2.55725 -5.60917 -0.420557
77.05 2.55727 -5.60919 -0.420194
77.1 2.55729 -5.60921 -0.420017
77.15 2.5573 -5.60922 -0.419834
77.2 2.55731 -5.60923 -0.419655
77.3 2.55734 -5.60926 -0.419297
77.4 2.55736 -5.60929 -0.418936
77.5 2.5573 -5.6094 -0.413907
77.55 2.55725 -5.6097 -0.409229
77.6 2.55728 -5.60971 -0.409056
77.65 2.55709 -5.60983 -0.404722
77.7 2.557 -5.60998 -0.40056
77.75 2.55701 -5.60996 -0.401052
77.8 2.55705 -5.60975 -0.404754
77.85 2.55699 -5.60968 -0.406731
77.9 2.557 -5.60967 -0.407121
77.95 2.55702 -5.60965 -0.407484
78 2.55703 -5.60964 -0.407839
78.05 2.55704 -5.60963 -0.408195
78.1 2.55705 -5.60961 -0.40855
78.15 2.55706 -5.6096 -0.408906
78.2 2.55707 -5.60958 -0.409261
78.25 2.55705 -5.60946 -0.413258
78.3 2.55706 -5.60927 -0.415202
78.35 2.55707 -5.60925 -0.415356
78.4 2.55708 -5.60925 -0.415399
78.45 2.55709 -5.60926 -0.415403
78.5 2.5571 -5.60927 -0.415407
78.6 2.55713 -5.60927 -0.415424
78.7 2.55715 -5.60928 -0.415444
78.75 2.55716 -5.60928 -0.41546
78.8 2.55717 -5.60928 -0.415475
78.85 2.55718 -5.60928 -0.415486
78.95 2.55721 -5.60929 -0.415498
79.05 2.55723 -5.60929 -0.415512
79.15 2.55725 -5.6093 -0.415523
79.25 2.55728 -5.6093 -0.415534
79.3 2.55729 -5.60931 -0.41554
79.35 2.5573 -5.60931 -0.415543
79.4 2.55731 -5.60931 -0.415546
79.5 2.55734 -5.60932 -0.415551
79.6 2.55699 -5.60968 -0.397789
79.65 2.55663 -5.61023 -0.385219
79.7 2.55638 -5.61039 -0.381233
79.75 2.55639 -5.61025 -0.385079
79.85 2.55647 -5.60961 -0.398584
79.95 2.55652 -5.609 -0.411379
80.05 2.55658 -5.60843 -0.42346
80.15 2.55663 -5.608 -0.432506
80.2 2.55668 -5.60782 -0.435896
80.25 2.55669 -5.60754 -0.440832
80.3 2.55673 -5.60727 -0.446324
80.4 2.55685 -5.60695 -0.453891
80.5 2.5569 -5.60661 -0.461221
80.55 2.55689 -5.60643 -0.464054
80.6 2.55691 -5.60635 -0.465856
80.65 2.55694 -5.60629 -0.467446
80.7 2.55697 -5.60622 -0.469011
80.75 2.557 -5.60616 -0.470571
80.8 2.55702 -5.60609 -0.472142
80.85 2.55706 -5.60606 -0.468861
80.9 2.55695 -5.60624 -0.466873
80.95 2.55696 -5.60617 -0.468536
81 2.55699 -5.6061 -0.47022
81.05 2.55701 -5.60603 -0.471877
81.1 2.55704 -5.60596 -0.473532
81.15 2.55706 -5.6059 -0.475017
81.2 2.55709 -5.60584 -0.476478
81.25 2.55712 -5.60578 -0.477941
81.3 2.55714 -5.60572 -0.479406
81.35 2.55703 -5.60607 -0.47645
81.4 2.55711 -5.606 -0.473987
81.5 2.55716 -5.60586 -0.477064
81.6 2.55705 -5.60587 -0.475863
81.7 2.55705 -5.60661 -0.461008
81.8 2.55705 -5.60734 -0.446681
81.85 2.55705 -5.60769 -0.439793
81.9 2.55706 -5.60804 -0.433086
81.95 2.557 -5.60831 -0.431253
82.05 2.55694 -5.6087 -0.426372
82.1 2.55696 -5.60865 -0.428081
82.15 2.55705 -5.6085 -0.42527
82.2 2.55697 -5.60878 -0.424364
82.3 2.55706 -5.60897 -0.415559
82.4 2.55709 -5.60955 -0.404334
82.45 2.55723 -5.60982 -0.40291
82.5 2.55726 -5.60975 -0.404779
82.55 2.55717 -5.60979 -0.402717
82.65 2.55731 -5.60993 -0.396556
82.75 2.55743 -5.60992 -0.396585
82.8 2.55745 -5.61016 -0.39201
82.85 2.55747 -5.6104 -0.387265
82.9 2.55749 -5.61064 -0.382634
83 2.55754 -5.6111 -0.373735
83.1 2.55764 -5.61156 -0.365175
83.15 2.55767 -5.61178 -0.361062
83.2 2.5577 -5.61199 -0.357149
83.25 2.55773 -5.61219 -0.353245
83.35 2.55778 -5.61257 -0.345759
83.4 2.55782 -5.61295 -0.337581
83.45 2.55754 -5.61331 -0.329607
83.5 2.55756 -5.61351 -0.325781
83.55 2.5576 -5.61369 -0.322377
83.6 2.55763 -5.61386 -0.319186
83.65 2.55766 -5.61402 -0.316059
83.7 2.55768 -5.61418 -0.313081
83.75 2.55772 -5.61434 -0.310138
83.8 2.55774 -5.61449 -0.307208
83.85 2.55778 -5.61464 -0.304434
83.9 2.55782 -5.61479 -0.301674
83.95 2.55783 -5.61492 -0.299077
84 2.55787 -5.61506 -0.296502
84.05 2.55792 -5.6152 -0.293911
84.1 2.55792 -5.61532 -0.291491
84.15 2.55789 -5.61543 -0.289106
84.2 2.55789 -5.61554 -0.286724
84.3 2.55744 -5.61613 -0.27397
84.4 2.5576 -5.61623 -0.272618
84.5 2.55762 -5.61623 -0.272732
84.55 2.55766 -5.61611 -0.273742
84.6 2.55762 -5.61621 -0.27292
84.65 2.55763 -5.6163 -0.271249
84.75 2.55767 -5.61645 -0.268177
84.85 2.55772 -5.61661 -0.26514
84.9 2.55774 -5.61669 -0.26362
84.95 2.55777 -5.61676 -0.262295
85 2.55779 -5.61683 -0.260957
85.1 2.55784 -5.61697 -0.258295
85.2 2.55777 -5.61711 -0.251376
85.25 2.55756 -5.61734 -0.246175
85.3 2.5576 -5.61741 -0.244811
85.35 2.55764 -5.61738 -0.246227
85.45 2.55767 -5.61742 -0.244972
85.55 2.55769 -5.6175 -0.245664
85.65 2.55769 -5.6175 -0.244522
85.75 2.55773 -5.61758 -0.242907
85.8 2.55781 -5.61752 -0.244673
85.85 2.55778 -5.61756 -0.244649
85.9 2.55779 -5.61759 -0.244011
86 2.55783 -5.61766 -0.242733
86.1 2.55786 -5.61773 -0.241823
86.15 2.55788 -5.61775 -0.241377
86.2 2.5579 -5.61777 -0.24093
86.25 2.55791 -5.6178 -0.240481
86.3 2.55793 -5.61782 -0.240031
86.35 2.55795 -5.61785 -0.239586
86.4 2.55797 -5.61787 -0.239139
86.45 2.55799 -5.6179 -0.238697
86.5 2.55801 -5.61792 -0.238252
86.55 2.55802 -5.61795 -0.237807
86.6 2.55804 -5.61798 -0.237364
86.65 2.5579 -5.61808 -0.232957
86.7 2.55768 -5.61821 -0.228928
86.75 2.55768 -5.61816 -0.229563
86.8 2.55766 -5.61816 -0.229902
86.85 2.55768 -5.61817 -0.229722
86.9 2.55769 -5.61818 -0.229468
86.95 2.5577 -5.6182 -0.2292
87.05 2.55773 -5.61823 -0.228658
87.15 2.55779 -5.61819 -0.230001
87.25 2.55777 -5.61816 -0.230608
87.35 2.5578 -5.61817 -0.230402
87.4 2.55782 -5.61818 -0.230298
87.45 2.55783 -5.61818 -0.230195
87.5 2.55785 -5.61819 -0.230094
87.6 2.55788 -5.61821 -0.229892
87.7 2.5579 -5.61823 -0.229684
87.75 2.55792 -5.61823 -0.22957
87.8 2.55793 -5.61824 -0.22947
87.85 2.55794 -5.61825 -0.229367
87.95 2.55797 -5.61827 -0.229169
88.05 2.55799 -5.61828 -0.228964
88.15 2.55756 -5.61892 -0.214446
88.2 2.55687 -5.61917 -0.20566
88.25 2.55662 -5.61942 -0.203654
88.3 2.55664 -5.61952 -0.205954
88.4 2.55664 -5.6193 -0.21272
88.5 2.55665 -5.619 -0.21912
88.55 2.55666 -5.61886 -0.222198
88.6 2.55667 -5.61873 -0.2251
88.65 2.55668 -5.61859 -0.227996
88.75 2.55668 -5.61841 -0.231301
88.85 2.55672 -5.6182 -0.236722
88.9 2.55671 -5.61811 -0.238128
88.95 2.55671 -5.61804 -0.239403
89 2.55674 -5.61796 -0.241908
89.05 2.55676 -5.61785 -0.243181
89.1 2.55677 -5.61779 -0.244261
89.15 2.55679 -5.61773 -0.245309
89.2 2.55681 -5.61768 -0.246312
89.25 2.55682 -5.61764 -0.247316
89.3 2.55677 -5.61765 -0.245425
89.35 2.5568 -5.6177 -0.245435
89.4 2.55683 -5.61768 -0.246537
89.45 2.55684 -5.61763 -0.247613
89.5 2.55696 -5.61767 -0.245946
89.55 2.55689 -5.61772 -0.24596
89.6 2.55689 -5.61769 -0.247065
89.65 2.557 -5.61772 -0.245433
89.7 2.55693 -5.61776 -0.245581
89.75 2.55693 -5.61772 -0.246786
89.85 2.55699 -5.61777 -0.245537
89.9 2.557 -5.61772 -0.246731
89.95 2.55706 -5.6178 -0.245699
90 2.55703 -5.61777 -0.245986
90.05 2.5571 -5.61785 -0.244809
90.1 2.55707 -5.61782 -0.245105
90.15 2.55713 -5.6179 -0.244017
90.2 2.55711 -5.61787 -0.24442
90.3 2.55718 -5.61788 -0.245048
90.4 2.55721 -5.6179 -0.244834
90.5 2.55723 -5.61792 -0.244781
90.6 2.55729 -5.61808 -0.24167
90.7 2.55734 -5.61824 -0.238529
90.75 2.55737 -5.61833 -0.236949
90.8 2.55737 -5.61844 -0.231245
90.85 2.55716 -5.61873 -0.226318
90.95 2.55716 -5.61893 -0.22467
91.05 2.55719 -5.61892 -0.225144
91.15 2.55727 -5.61896 -0.224096
91.25 2.55702 -5.61929 -0.214929
91.3 2.55703 -5.61939 -0.213475
91.35 2.55705 -5.61944 -0.212504
91.4 2.55702 -5.61944 -0.21344
91.45 2.55708 -5.61942 -0.213459
91.5 2.5571 -5.61945 -0.212904
91.55 2.55712 -5.61948 -0.212244
91.6 2.55714 -5.61952 -0.211569
91.65 2.55714 -5.61954 -0.213007
91.7 2.55717 -5.6195 -0.21291
91.75 2.55719 -5.61953 -0.212433
91.8 2.55721 -5.61956 -0.211916
91.85 2.55722 -5.61959 -0.211389
91.9 2.55723 -5.61971 -0.206828
91.95 2.55708 -5.61991 -0.203122
92 2.55709 -5.61997 -0.202165
92.05 2.55711 -5.62 -0.20167
92.1 2.55713 -5.62002 -0.201316
92.15 2.55714 -5.62004 -0.201003
92.2 2.55716 -5.62006 -0.200696
92.25 2.55717 -5.62008 -0.200402
92.3 2.55719 -5.6201 -0.200112
92.4 2.55722 -5.62013 -0.199512
92.5 2.55725 -5.62017 -0.198905
92.6 2.55728 -5.62021 -0.198296
92.65 2.5573 -5.62023 -0.197996
92.7 2.55731 -5.62025 -0.197694
92.75 2.55733 -5.62041 -0.193377
92.85 2.5572 -5.62059 -0.189239
92.95 2.55723 -5.62061 -0.188836
93.05 2.55725 -5.62063 -0.18865
93.1 2.55727 -5.62064 -0.188542
93.15 2.55728 -5.62064 -0.188452
93.2 2.55729 -5.62065 -0.188348
93.3 2.55732 -5.62067 -0.18815
93.4 2.55735 -5.62069 -0.187953
93.5 2.55737 -5.6207 -0.187756
93.6 2.5574 -5.62072 -0.187571
93.65 2.55741 -5.62073 -0.187472
93.7 2.55742 -5.62074 -0.187365
93.75 2.55744 -5.62074 -0.187267
93.85 2.55746 -5.62076 -0.187062
93.95 2.55749 -5.62078 -0.186862
94.05 2.55752 -5.62079 -0.186667
94.15 2.55754 -5.62081 -0.186459
94.2 2.55756 -5.62082 -0.186367
94.25 2.55757 -5.62082 -0.186276
94.3 2.55758 -5.62083 -0.186171
94.35 2.5576 -5.62084 -0.186068
94.4 2.55761 -5.62085 -0.18598
94.45 2.55762 -5.62086 -0.185881
94.5 2.55753 -5.62098 -0.182306
94.55 2.55749 -5.62116 -0.178919
94.6 2.55754 -5.6212 -0.178369
94.65 2.55756 -5.62121 -0.178224
94.7 2.55749 -5.62131 -0.174864
94.75 2.55747 -5.62147 -0.171668
94.8 2.5575 -5.62147 -0.172004
94.85 2.55749 -5.62146 -0.172219
94.9 2.5575 -5.62145 -0.172337
94.95 2.55754 -5.62146 -0.172453
95 2.55756 -5.62146 -0.172571
95.05 2.55755 -5.62145 -0.172683
95.15 2.55761 -5.62146 -0.172906
95.2 2.55763 -5.62145 -0.173017
95.25 2.55764 -5.62145 -0.173123
95.3 2.55765 -5.62145 -0.173228
95.35 2.55768 -5.62145 -0.173341
95.45 2.55771 -5.62145 -0.173561
95.55 2.55773 -5.62143 -0.173786
95.65 2.55775 -5.62142 -0.174017
95.7 2.55778 -5.62142 -0.174115
95.75 2.5578 -5.62142 -0.174225
95.8 2.55782 -5.62142 -0.174337
95.9 2.55785 -5.6214 -0.174555
96 2.55789 -5.62139 -0.17478
96.05 2.5579 -5.62139 -0.174891
96.1 2.55791 -5.62138 -0.174996
96.15 2.55793 -5.62138 -0.175103
96.2 2.55795 -5.62138 -0.175221
96.25 2.55797 -5.62137 -0.175336
96.3 2.55798 -5.62136 -0.175452
96.35 2.55801 -5.62143 -0.171887
96.45 2.55805 -5.62173 -0.168799
96.55 2.55809 -5.62174 -0.169386
96.6 2.55809 -5.62183 -0.165919
96.7 2.55813 -5.62192 -0.163808
96.75 2.55824 -5.62177 -0.159962
96.8 2.55842 -5.6221 -0.152167
96.85 2.55852 -5.62253 -0.143421
96.9 2.55845 -5.62283 -0.138662
96.95 2.5585 -5.62306 -0.133637
97 2.55851 -5.62322 -0.131534
97.05 2.5585 -5.62326 -0.131776
97.1 2.55849 -5.62324 -0.13246
97.15 2.55854 -5.62329 -0.129646
97.2 2.55859 -5.62344 -0.124856
97.25 2.55866 -5.62368 -0.119855
97.3 2.55873 -5.62394 -0.114857
97.35 2.55878 -5.62414 -0.110015
97.4 2.55882 -5.62435 -0.105319
97.45 2.55888 -5.62457 -0.100644
97.55 2.55891 -5.62488 -0.0944985
97.6 2.55891 -5.62497 -0.0920478
97.65 2.55895 -5.62512 -0.0885534
97.7 2.55887 -5.62518 -0.0878772
97.8 2.55888 -5.62514 -0.0886219
97.9 2.55889 -5.62511 -0.0894049
98 2.55897 -5.62532 -0.0847999
98.05 2.55901 -5.62545 -0.0822351
98.1 2.55905 -5.62558 -0.0796221
98.15 2.55908 -5.62568 -0.0771865
98.25 2.55911 -5.62582 -0.0746457
98.35 2.55913 -5.62592 -0.0719496
98.45 2.55916 -5.62605 -0.0690277
98.5 2.55918 -5.62612 -0.0675659
98.55 2.55919 -5.62614 -0.0674247
98.6 2.5592 -5.62615 -0.0668659
98.7 2.55921 -5.62619 -0.06582
98.8 2.55922 -5.62625 -0.0647617
98.85 2.55923 -5.62628 -0.0642294
98.9 2.55923 -5.6263 -0.0636932
98.95 2.55923 -5.62633 -0.0631551
99.05 2.55922 -5.62637 -0.0620721
99.15 2.55923 -5.62643 -0.0609976
99.25 2.55923 -5.62647 -0.0599492
99.35 2.5597 -5.62723 -0.0422875
99.4 2.56032 -5.62819 -0.0215175
99.45 2.56105 -5.62947 0.00788321
99.5 2.56169 -5.63106 0.0454391
99.55 2.56203 -5.6327 0.0825413
99.6 2.56173 -5.63433 0.110999
99.65 2.56138 -5.63571 0.1399
99.7 2.56078 -5.63708 0.168167
99.75 2.56003 -5.63826 0.187751
99.8 2.55952 -5.63896 0.199789
99.85 2.5597 -5.63932 0.207091
99.9 2.55998 -5.63959 0.21369
99.95 2.56024 -5.63983 0.220092
