5.8 0 0 0
5.85 0 0 0
5.9 0 0 0
5.95 0 0 0
6 0 0 0
6.05 0 0 0
6.1 0.00367566 0 0
6.15 0.00980177 0 0
6.2 0.0196035 0 0
6.25 0.033081 0 0
6.3 0.0514593 0 0
6.35 0.072288 0 0
6.4 0.0967925 0 0
6.45 0.123747 0 0
6.5 0.149477 0 0
6.55 0.173981 0 0
6.6 0.199711 0 0
6.65 0.224828 0 -0.00370157
6.7 0.249945 -9.29724e-05 -0.00740315
6.75 0.274449 -0.000274381 -0.0148063
6.8 0.29895 -0.000637187 -0.0222094
6.85 0.322836 -0.00116777 -0.0333142
6.9 0.346715 -0.00196356 -0.0444189
6.95 0.370583 -0.00302445 -0.0555236
7 0.393826 -0.00431634 -0.0629268
7.05 0.417671 -0.00581878 -0.0740315
7.1 0.440886 -0.0075406 -0.0888378
7.15 0.463464 -0.0095516 -0.0999425
7.2 0.486627 -0.0118743 -0.107346
7.25 0.510381 -0.0144341 -0.11845
7.3 0.533497 -0.0171851 -0.125854
7.35 0.557808 -0.0202609 -0.125854
7.4 0.582726 -0.0234136 -0.122152
7.45 0.608264 -0.0265487 -0.114749
7.5 0.633216 -0.0294246 -0.111047
7.55 0.658178 -0.032208 -0.0999425
7.6 0.68317 -0.0347141 -0.0888378
7.65 0.707578 -0.0368882 -0.0814346
7.7 0.733222 -0.0389811 -0.0740315
7.75 0.758881 -0.0408842 -0.0740315
7.8 0.78454 -0.0427873 -0.0666283
7.85 0.809602 -0.0444595 -0.0629268
7.9 0.83528 -0.0460775 -0.0555236
7.95 0.861582 -0.0475394 -0.051822
8 0.886665 -0.0488404 -0.0481205
8.05 0.911753 -0.0500486 -0.0444189
8.1 0.937458 -0.0511911 -0.0370157
8.15 0.96317 -0.0521433 -0.0370157
8.2 0.987657 -0.0530501 -0.0296126
8.25 1.01399 -0.0538301 -0.025911
8.3 1.03971 -0.0544967 -0.0185079
8.35 1.06482 -0.0549615 -0.0148063
8.4 1.09055 -0.0553425 -0.0148063
8.45 1.11566 -0.0557144 -0.0111047
8.5 1.14139 -0.0560001 -0.00370157
8.55 1.16651 -0.056093 1.18829e-16
8.6 1.19224 -0.056093 0.00740315
8.65 1.21797 -0.0559026 0.00740315
8.7 1.2437 -0.0557121 0.0148063
8.75 1.26881 -0.0553402 0.0185079
8.8 1.29392 -0.0548754 0.0222094
8.85 1.32026 -0.0542904 0.025911
8.9 1.34537 -0.0536396 0.0296126
8.95 1.37047 -0.052896 0.0333142
9 1.39558 -0.0520594 0.0370157
9.05 1.42129 -0.0511072 0.0444189
9.1 1.44638 -0.0499919 0.0481205
9.15 1.47147 -0.0487837 0.051822
9.2 1.49716 -0.0474509 0.0592252
9.25 1.52224 -0.0459642 0.0629268
9.3 1.54791 -0.0443462 0.0703299
9.35 1.57297 -0.0425812 0.0740315
9.4 1.59802 -0.0407235 0.0777331
9.45 1.62306 -0.038773 0.0814346
9.5 1.64809 -0.0367299 0.0851362
9.55 1.67373 -0.034542 0.0925394
9.6 1.69874 -0.032221 0.0962409
9.65 1.72374 -0.0298074 0.0999425
9.7 1.74934 -0.0272402 0.0999425
9.75 1.77433 -0.0247341 0.103644
9.8 1.79931 -0.0221356 0.107346
9.85 1.8249 -0.0193789 0.107346
9.9 1.84926 -0.0167535 0.107346
9.95 1.87484 -0.0139968 0.107346
10 1.89981 -0.0113058 0.103644
10.05 1.92541 -0.00864386 0.103644
10.1 1.95039 -0.00604529 0.0999425
10.15 1.97599 -0.00347808 0.0925394
10.2 2.001 -0.00115708 0.0888378
10.25 2.02663 0.00112568 0.0814346
10.3 2.05166 0.00316881 0.0703299
10.35 2.07672 0.00493384 0.0666283
10.4 2.10239 0.00664689 0.051822
10.45 2.12747 0.00794793 0.0407173
10.5 2.15257 0.00897034 0.0296126
10.55 2.17829 0.00973215 0.0148063
10.6 2.20401 0.0101131 1.66533e-16
10.65 2.22913 0.0101131 -0.0111047
10.7 2.25425 0.00983419 -0.0296126
10.75 2.27996 0.00907238 -0.0444189
10.8 2.30567 0.00792987 -0.0666283
10.85 2.33134 0.00621682 -0.0814346
10.9 2.35637 0.00417368 -0.0999425
10.95 2.38137 0.0016676 -0.125854
11 2.40628 -0.00148513 -0.144361
11.05 2.43175 -0.00518661 -0.166571
11.1 2.45712 -0.00945263 -0.18878
11.15 2.48239 -0.0142811 -0.21099
11.2 2.50695 -0.0195413 -0.236901
11.25 2.53137 -0.025436 -0.262812
11.3 2.55562 -0.0319614 -0.288723
11.35 2.58087 -0.0394617 -0.314634
11.4 2.60534 -0.0474242 -0.344246
11.45 2.62956 -0.0561077 -0.366456
11.5 2.65358 -0.0653268 -0.396068
11.55 2.67732 -0.0752532 -0.425681
11.6 2.69964 -0.0853721 -0.455294
11.65 2.72275 -0.0966861 -0.484906
11.7 2.74443 -0.108108 -0.514519
11.75 2.76736 -0.121072 -0.547833
11.8 2.78932 -0.134473 -0.577446
11.85 2.81088 -0.148518 -0.607058
11.9 2.83151 -0.162846 -0.640372
11.95 2.85165 -0.177853 -0.673687
12 2.87128 -0.193523 -0.707001
12.05 2.89131 -0.210634 -0.740315
12.1 2.91075 -0.228402 -0.773629
12.15 2.92872 -0.245953 -0.806943
12.2 2.94652 -0.264534 -0.843959
12.25 2.96321 -0.283303 -0.877273
12.3 2.97927 -0.302618 -0.910587
12.35 2.99542 -0.323425 -0.943901
12.4 3.01052 -0.344262 -0.980917
12.45 3.02483 -0.365644 -1.01793
12.5 3.03802 -0.387019 -1.05125
12.55 3.05049 -0.408822 -1.09196
12.6 3.06263 -0.432201 -1.12528
12.65 3.07345 -0.454867 -1.15859
12.7 3.08376 -0.478441 -1.19561
12.75 3.09296 -0.501811 -1.22892
12.8 3.10159 -0.526052 -1.26594
12.85 3.10931 -0.550595 -1.30295
12.9 3.11612 -0.575407 -1.33997
12.95 3.12187 -0.599858 -1.37328
13 3.12691 -0.625087 -1.4103
13.05 3.13093 -0.649882 -1.44361
13.1 3.13419 -0.675404 -1.48063
13.15 3.13656 -0.701639 -1.51394
13.2 3.13799 -0.726715 -1.54726
13.25 3.13858 -0.751825 -1.58057
13.3 3.13833 -0.778166 -1.61389
13.35 3.13722 -0.803872 -1.6509
13.4 3.13521 -0.828909 -1.68422
13.45 3.13229 -0.854473 -1.71383
13.5 3.12871 -0.879333 -1.74714
13.55 3.1242 -0.904664 -1.77676
13.6 3.11894 -0.92985 -1.81377
13.65 3.11275 -0.954824 -1.84338
13.7 3.10582 -0.979603 -1.873
13.75 3.09816 -1.00417 -1.90261
13.8 3.08978 -1.02849 -1.93222
13.85 3.08068 -1.05256 -1.96183
13.9 3.07111 -1.07578 -1.98775
13.95 3.06044 -1.09987 -2.01366
14 3.04942 -1.12311 -2.04327
14.05 3.03799 -1.14548 -2.06918
14.1 3.02569 -1.16808 -2.09139
14.15 3.01289 -1.1904 -2.1136
14.2 2.99928 -1.21296 -2.13951
14.25 2.98576 -1.23412 -2.16542
14.3 2.97134 -1.25543 -2.18763
14.35 2.95646 -1.27642 -2.20984
14.4 2.94184 -1.29609 -2.23205
14.45 2.92567 -1.31688 -2.25056
14.5 2.90988 -1.33641 -2.26907
14.55 2.89294 -1.35659 -2.28757
14.6 2.87604 -1.37599 -2.30978
14.65 2.85912 -1.39456 -2.32829
14.7 2.84144 -1.41325 -2.3431
14.75 2.82349 -1.43168 -2.3579
14.8 2.80527 -1.44984 -2.37271
14.85 2.78677 -1.46773 -2.38752
14.9 2.76802 -1.48535 -2.40232
14.95 2.74855 -1.5031 -2.41343
15 2.72981 -1.51981 -2.42453
15.05 2.71041 -1.53672 -2.43934
15.1 2.69124 -1.55294 -2.45044
15.15 2.67047 -1.57013 -2.45785
15.2 2.651 -1.58599 -2.46895
15.25 2.63087 -1.60202 -2.47635
15.3 2.61063 -1.6179 -2.48376
15.35 2.59075 -1.63326 -2.49486
15.4 2.56924 -1.6495 -2.50226
15.45 2.54909 -1.66449 -2.50597
15.5 2.52838 -1.67977 -2.51337
15.55 2.50756 -1.69489 -2.52077
15.6 2.48664 -1.70985 -2.52077
15.65 2.46521 -1.72518 -2.52447
15.7 2.44423 -1.74007 -2.53188
15.75 2.42313 -1.7548 -2.53188
15.8 2.40204 -1.76953 -2.53188
15.85 2.38095 -1.78427 -2.53928
15.9 2.36025 -1.7985 -2.53558
15.95 2.3386 -1.8135 -2.53928
16 2.3179 -1.82773 -2.53558
16.05 2.29625 -1.84274 -2.53928
16.1 2.27454 -1.85766 -2.53558
16.15 2.2544 -1.87162 -2.53558
16.25 2.2111 -1.90163 -2.52818
16.35 2.16896 -1.93117 -2.52818
16.45 2.12794 -1.96017 -2.52077
16.55 2.08564 -1.99053 -2.50967
16.65 2.04319 -2.02173 -2.50226
16.7 2.02303 -2.03672 -2.49856
16.75 2.00244 -2.05215 -2.49116
16.8 1.98148 -2.0681 -2.48746
16.9 1.94076 -2.09956 -2.47265
17 1.90099 -2.13124 -2.46155
17.1 1.86062 -2.16413 -2.45044
17.2 1.82162 -2.19676 -2.43193
17.3 1.78179 -2.23124 -2.41713
17.35 1.76252 -2.24829 -2.40972
17.4 1.74338 -2.26548 -2.40232
17.45 1.72391 -2.28323 -2.39862
17.55 1.68659 -2.31776 -2.38011
17.65 1.64897 -2.35376 -2.36901
17.75 1.61275 -2.38945 -2.3505
17.8 1.59467 -2.40775 -2.3431
17.85 1.57586 -2.42706 -2.33569
17.9 1.55804 -2.44562 -2.32829
18 1.5229 -2.48321 -2.31348
18.1 1.48824 -2.52125 -2.29868
18.15 1.47112 -2.54046 -2.29127
18.2 1.45414 -2.55979 -2.28387
18.25 1.43691 -2.57972 -2.27277
18.3 1.4199 -2.59983 -2.26907
18.35 1.40375 -2.61907 -2.25796
18.4 1.38704 -2.63943 -2.25426
18.45 1.3708 -2.65938 -2.24686
18.5 1.35508 -2.67897 -2.24315
18.55 1.33905 -2.6991 -2.23575
18.6 1.32318 -2.71935 -2.22835
18.65 1.30745 -2.73972 -2.22094
18.7 1.29151 -2.76069 -2.21724
18.75 1.27675 -2.78025 -2.20984
18.8 1.26104 -2.80139 -2.20614
18.85 1.24577 -2.8221 -2.19874
18.9 1.23065 -2.84292 -2.19133
18.95 1.21533 -2.86435 -2.18763
19.05 1.18608 -2.90594 -2.17653
19.1 1.17178 -2.92659 -2.17282
19.15 1.15686 -2.9483 -2.16912
19.2 1.14271 -2.96905 -2.16542
19.3 1.11336 -3.0128 -2.15802
19.4 1.08527 -3.05518 -2.14691
19.5 1.0569 -3.09885 -2.14321
19.6 1.02911 -3.14216 -2.13581
19.7 1.00188 -3.1851 -2.13211
19.8 0.974818 -3.22815 -2.12841
19.9 0.947667 -3.27186 -2.121
19.95 0.934214 -3.29379 -2.121
20 0.921081 -3.3152 -2.1173
20.05 0.907709 -3.33718 -2.1173
20.15 0.880966 -3.38115 -2.1173
20.25 0.853904 -3.42564 -2.1136
20.35 0.827323 -3.4697 -2.1136
20.45 0.801375 -3.51271 -2.1136
20.55 0.774795 -3.55678 -2.1136
20.65 0.748926 -3.59984 -2.1136
20.7 0.735003 -3.62292 -2.1136
20.75 0.722029 -3.64442 -2.1173
20.8 0.708658 -3.66641 -2.1173
20.9 0.682232 -3.70985 -2.121
21 0.656046 -3.75272 -2.121
21.05 0.642593 -3.77465 -2.121
21.1 0.62946 -3.79606 -2.1247
21.15 0.615926 -3.81794 -2.1247
21.2 0.602392 -3.83982 -2.13211
21.25 0.589348 -3.86057 -2.13211
21.3 0.575653 -3.88235 -2.13211
21.35 0.561957 -3.90413 -2.13951
21.4 0.5481 -3.92581 -2.13951
21.45 0.534573 -3.94697 -2.14321
21.5 0.520968 -3.96809 -2.14691
21.55 0.506952 -3.98966 -2.15432
21.6 0.492776 -4.01114 -2.15432
21.65 0.478937 -4.0321 -2.15802
21.7 0.465021 -4.05301 -2.16172
21.75 0.450686 -4.07437 -2.16912
21.8 0.436539 -4.09513 -2.17282
21.85 0.421968 -4.11633 -2.18023
21.9 0.407591 -4.13693 -2.18393
22 0.378254 -4.17846 -2.19503
22.1 0.348818 -4.21916 -2.20244
22.2 0.319081 -4.25965 -2.20984
22.3 0.288755 -4.30046 -2.21354
22.4 0.25791 -4.34165 -2.21354
22.5 0.227875 -4.38192 -2.21354
22.55 0.21282 -4.40203 -2.20984
22.6 0.197839 -4.42219 -2.20614
22.65 0.18257 -4.44289 -2.19874
22.75 0.153134 -4.4836 -2.18393
22.85 0.123679 -4.5258 -2.16912
22.95 0.0956154 -4.56746 -2.14691
23.05 0.0682289 -4.6103 -2.121
23.15 0.0419615 -4.65383 -2.08769
23.25 0.0168639 -4.69876 -2.05808
23.35 -0.00644794 -4.74394 -2.01736
23.45 -0.0279756 -4.79 -1.97664
23.55 -0.0477639 -4.8375 -1.93222
23.65 -0.0650159 -4.88468 -1.8878
23.75 -0.0805121 -4.93374 -1.83598
23.85 -0.0934459 -4.98355 -1.78416
23.95 -0.103666 -5.03335 -1.72864
24.05 -0.110999 -5.08366 -1.67311
24.1 -0.113689 -5.10987 -1.6472
24.15 -0.115653 -5.13552 -1.61759
24.2 -0.116828 -5.16061 -1.58427
24.25 -0.117175 -5.18634 -1.55466
24.3 -0.116769 -5.21145 -1.52135
24.35 -0.115498 -5.23715 -1.49173
24.4 -0.113514 -5.26219 -1.45842
24.45 -0.11056 -5.28837 -1.42511
24.5 -0.106825 -5.31382 -1.39549
24.55 -0.102444 -5.33856 -1.36218
24.6 -0.0972422 -5.36313 -1.32887
24.65 -0.0909311 -5.3887 -1.29555
24.7 -0.0839383 -5.41346 -1.25854
24.75 -0.0758456 -5.43853 -1.22522
24.8 -0.0673375 -5.46217 -1.19191
24.85 -0.058047 -5.4855 -1.15859
24.9 -0.047739 -5.50908 -1.12158
24.95 -0.0362995 -5.5328 -1.08826
25 -0.0243603 -5.5556 -1.05125
25.1 0.0016213 -5.5993 -0.980917
25.2 0.0310275 -5.64151 -0.914289
25.3 0.0623962 -5.68074 -0.840257
25.4 0.0973473 -5.7185 -0.773629
25.45 0.115754 -5.73648 -0.736613
25.5 0.134813 -5.75376 -0.699598
25.55 0.154499 -5.77033 -0.669985
25.6 0.174666 -5.78631 -0.632969
25.65 0.195412 -5.80153 -0.603357
25.7 0.216598 -5.81613 -0.566341
25.85 0.283006 -5.85542 -0.4701
25.95 0.328664 -5.87778 -0.407173
26 0.352853 -5.88821 -0.373859
26.05 0.376805 -5.89761 -0.344246
26.15 0.424909 -5.91407 -0.288723
26.25 0.474463 -5.92791 -0.229498
26.35 0.525336 -5.93899 -0.173974
26.45 0.576128 -5.94723 -0.122152
26.55 0.626059 -5.9527 -0.0703299
26.65 0.677424 -5.95575 -0.025911
26.8 0.755825 -5.95601 0.0407173
26.85 0.780921 -5.95499 0.0592252
26.9 0.806606 -5.95347 0.0814346
26.95 0.83225 -5.95137 0.0962409
27 0.857251 -5.94896 0.114749
27.1 0.908922 -5.94252 0.148063
27.2 0.959137 -5.93455 0.181377
27.3 1.00968 -5.9249 0.21099
27.4 1.05994 -5.91383 0.233199
27.45 1.08557 -5.90775 0.244304
27.5 1.10994 -5.90167 0.255409
27.55 1.13542 -5.89502 0.266513
27.6 1.16025 -5.88824 0.273917
27.65 1.18561 -5.88111 0.285021
27.7 1.2103 -5.87388 0.292424
27.75 1.23435 -5.86664 0.296126
27.8 1.25896 -5.85913 0.303529
27.85 1.28351 -5.85144 0.310932
27.9 1.30859 -5.84338 0.314634
27.95 1.33364 -5.83523 0.318335
28 1.35749 -5.82737 0.322037
28.05 1.38248 -5.81903 0.325739
28.1 1.40744 -5.8106 0.32944
28.15 1.43121 -5.80247 0.333142
28.2 1.45552 -5.79406 0.333142
28.25 1.47926 -5.78585 0.336843
28.3 1.5047 -5.77694 0.336843
28.35 1.52898 -5.76843 0.336843
28.45 1.57755 -5.75143 0.336843
28.6 1.65043 -5.72601 0.32944
28.65 1.67478 -5.71768 0.32944
28.7 1.6997 -5.70916 0.325739
28.75 1.72466 -5.70073 0.322037
28.8 1.74849 -5.69278 0.318335
28.85 1.77234 -5.68492 0.314634
29 1.84002 -5.66326 0.299828
29.1 1.88277 -5.65013 0.288723
29.15 1.90332 -5.64402 0.285021
29.2 1.92331 -5.63817 0.277618
29.25 1.94276 -5.63262 0.273917
29.35 1.98111 -5.62192 0.262812
29.45 2.01723 -5.61235 0.251707
29.55 2.05169 -5.60369 0.236901
29.65 2.08507 -5.59576 0.222094
29.75 2.11617 -5.58886 0.207288
29.8 2.13175 -5.58558 0.199885
29.85 2.14677 -5.58254 0.18878
29.9 2.16121 -5.57978 0.181377
30 2.18955 -5.57469 0.162869
30.1 2.21616 -5.57042 0.148063
30.2 2.24223 -5.56663 0.129555
30.3 2.26593 -5.56363 0.111047
30.35 2.27811 -5.56227 0.103644
30.4 2.28968 -5.56107 0.0925394
30.45 2.30127 -5.55999 0.0814346
30.5 2.31226 -5.55909 0.0740315
30.55 2.32265 -5.55832 0.0629268
30.6 2.33365 -5.55763 0.0555236
30.65 2.34405 -5.55705 0.0444189
30.7 2.35385 -5.55662 0.0370157
30.75 2.36364 -5.55625 0.0222094
30.8 2.37344 -5.55604 0.0148063
30.85 2.38263 -5.5559 0.00370157
30.9 2.3912 -5.55587 -0.00370157
30.95 2.40039 -5.5559 -0.0148063
31 2.40897 -5.55603 -0.0222094
31.05 2.41693 -5.55621 -0.0333142
31.1 2.4255 -5.55649 -0.0407173
31.15 2.43346 -5.55682 -0.051822
31.2 2.44141 -5.55723 -0.0629268
31.25 2.44936 -5.55773 -0.0740315
31.3 2.45608 -5.55823 -0.0851362
31.35 2.46341 -5.55885 -0.0925394
31.4 2.47073 -5.55953 -0.0999425
31.5 2.48413 -5.56095 -0.122152
31.6 2.49689 -5.56259 -0.14066
31.7 2.50962 -5.56444 -0.159168
31.8 2.5211 -5.56635 -0.177676
31.9 2.53195 -5.56835 -0.192482
32 2.54216 -5.57038 -0.21099
32.1 2.55174 -5.57247 -0.225796
32.2 2.56128 -5.5747 -0.240602
32.25 2.56545 -5.57572 -0.251707
32.3 2.57019 -5.57694 -0.25911
32.35 2.57434 -5.57804 -0.262812
32.45 2.58261 -5.58031 -0.277618
32.55 2.58967 -5.58235 -0.292424
32.65 2.59729 -5.58466 -0.303529
32.75 2.60372 -5.5867 -0.314634
32.8 2.60779 -5.58802 -0.318335
32.85 2.61128 -5.58917 -0.325739
32.9 2.61419 -5.59015 -0.32944
33 2.61998 -5.59215 -0.336843
33.1 2.62576 -5.59418 -0.344246
33.2 2.63094 -5.59606 -0.355351
33.3 2.63611 -5.59799 -0.359053
33.4 2.64126 -5.59994 -0.362754
33.5 2.64584 -5.60169 -0.370157
33.55 2.64813 -5.60257 -0.370157
33.6 2.65041 -5.60346 -0.370157
33.65 2.6527 -5.60435 -0.370157
33.7 2.65441 -5.60501 -0.373859
33.75 2.65612 -5.60568 -0.370157
33.8 2.6584 -5.60657 -0.370157
33.85 2.66069 -5.60745 -0.370157
33.9 2.66183 -5.6079 -0.370157
33.95 2.66412 -5.60878 -0.370157
34 2.66583 -5.60945 -0.366456
34.05 2.66697 -5.60989 -0.366456
34.1 2.66926 -5.61077 -0.366456
34.15 2.67098 -5.61142 -0.362754
34.2 2.67269 -5.61208 -0.359053
34.25 2.67384 -5.61251 -0.359053
34.3 2.67556 -5.61315 -0.355351
34.35 2.67728 -5.61379 -0.35165
34.4 2.67901 -5.61443 -0.347948
34.45 2.67959 -5.61463 -0.344246
34.55 2.68305 -5.61587 -0.336843
34.65 2.68536 -5.61667 -0.32944
34.75 2.68827 -5.61765 -0.318335
34.8 2.68943 -5.61803 -0.310932
34.85 2.6906 -5.61841 -0.303529
34.9 2.69118 -5.61859 -0.299828
35 2.69411 -5.61948 -0.288723
35.1 2.69587 -5.62 -0.270215
35.2 2.69765 -5.62049 -0.25911
35.3 2.70002 -5.62111 -0.244304
35.4 2.7018 -5.62155 -0.225796
35.5 2.70419 -5.62209 -0.21099
35.6 2.70539 -5.62233 -0.196183
35.7 2.7072 -5.62268 -0.177676
35.8 2.70901 -5.62299 -0.159168
35.9 2.71022 -5.62318 -0.136958
36 2.71204 -5.62342 -0.11845
36.05 2.71265 -5.6235 -0.107346
36.1 2.71265 -5.6235 -0.0999425
36.15 2.71326 -5.62356 -0.0888378
36.25 2.71509 -5.62372 -0.0703299
36.35 2.71631 -5.62379 -0.0481205
36.45 2.71754 -5.62385 -0.025911
36.5 2.71815 -5.62386 -0.0148063
36.55 2.71815 -5.62386 -0.00740315
36.6 2.71876 -5.62387 0.00370157
36.65 2.71937 -5.62387 0.0148063
36.7 2.71999 -5.62386 0.025911
36.75 2.7206 -5.62384 0.0370157
36.8 2.72121 -5.62382 0.0481205
36.85 2.72121 -5.62382 0.0555236
36.9 2.72182 -5.62378 0.0666283
36.95 2.72243 -5.62374 0.0777331
37 2.72304 -5.6237 0.0888378
37.05 2.72304 -5.6237 0.0962409
37.1 2.72365 -5.62364 0.107346
37.15 2.72426 -5.62357 0.11845
37.2 2.72487 -5.6235 0.129555
37.25 2.72487 -5.6235 0.136958
37.3 2.72548 -5.62341 0.148063
37.35 2.72548 -5.62341 0.155466
37.4 2.72608 -5.62332 0.166571
37.5 2.72669 -5.62322 0.185079
37.55 2.72729 -5.62311 0.196183
37.6 2.72729 -5.62311 0.203587
37.65 2.72789 -5.62298 0.214691
37.75 2.72849 -5.62285 0.233199
37.8 2.72849 -5.62285 0.240602
37.85 2.72849 -5.62285 0.248005
37.9 2.72908 -5.6227 0.25911
37.95 2.72967 -5.62254 0.262812
38.05 2.73026 -5.62238 0.28132
38.15 2.73026 -5.62238 0.296126
38.2 2.73085 -5.6222 0.299828
38.25 2.73085 -5.6222 0.307231
38.3 2.73085 -5.6222 0.314634
38.4 2.73143 -5.622 0.325739
38.45 2.73143 -5.622 0.333142
38.5 2.73201 -5.6218 0.336843
38.55 2.73201 -5.6218 0.344246
38.65 2.73259 -5.6216 0.355351
38.75 2.73259 -5.6216 0.362754
38.85 2.73316 -5.62138 0.373859
38.95 2.73373 -5.62115 0.377561
39.05 2.73373 -5.62115 0.384964
39.15 2.73373 -5.62115 0.384964
39.2 2.7343 -5.62092 0.388665
39.25 2.7343 -5.62092 0.388665
39.3 2.7343 -5.62092 0.388665
39.35 2.73486 -5.62069 0.392367
39.4 2.73486 -5.62069 0.392367
39.45 2.73486 -5.62069 0.392367
39.5 2.73486 -5.62069 0.392367
39.55 2.73486 -5.62069 0.392367
39.6 2.73486 -5.62069 0.392367
39.65 2.73486 -5.62069 0.392367
39.7 2.73543 -5.62046 0.388665
39.75 2.73543 -5.62046 0.388665
39.8 2.73543 -5.62046 0.388665
39.85 2.736 -5.62023 0.384964
39.9 2.73543 -5.62046 0.381262
39.95 2.736 -5.62023 0.377561
40 2.736 -5.62023 0.377561
40.1 2.736 -5.62023 0.370157
40.2 2.736 -5.62023 0.362754
40.25 2.73657 -5.62001 0.359053
40.3 2.73657 -5.62001 0.35165
40.35 2.73657 -5.62001 0.344246
40.45 2.73657 -5.62001 0.336843
40.55 2.73715 -5.61981 0.325739
40.65 2.73715 -5.61981 0.310932
40.7 2.73657 -5.62 0.299828
40.8 2.73715 -5.61982 0.288723
40.9 2.73715 -5.61982 0.273917
41 2.73715 -5.61982 0.25911
41.05 2.73715 -5.61982 0.251707
41.1 2.73715 -5.61982 0.244304
41.15 2.73715 -5.61982 0.236901
41.25 2.73775 -5.61968 0.218393
41.35 2.73775 -5.61968 0.203587
41.45 2.73775 -5.61968 0.181377
41.5 2.73775 -5.61968 0.173974
41.55 2.73835 -5.61957 0.162869
41.6 2.73775 -5.61967 0.151765
41.7 2.73835 -5.61958 0.125854
41.8 2.73774 -5.61965 0.0999425
41.9 2.73774 -5.61964 0.0777331
41.95 2.73836 -5.61959 0.0666283
42 2.73774 -5.61963 0.0555236
42.05 2.73774 -5.61963 0.0481205
42.1 2.73774 -5.61963 0.0407173
42.15 2.73774 -5.61963 0.0333142
42.2 2.73836 -5.61961 0.0296126
42.25 2.73836 -5.61961 0.0148063
42.3 2.73836 -5.61961 0.00740315
42.35 2.73836 -5.61961 5.07927e-15
42.4 2.73836 -5.61961 -0.0148063
42.45 2.73836 -5.61961 -0.0222094
42.5 2.73836 -5.61961 -0.0296126
42.55 2.73836 -5.61961 -0.0370157
42.6 2.73897 -5.61963 -0.0481205
42.65 2.73897 -5.61963 -0.0629268
42.7 2.73836 -5.6196 -0.0740315
42.75 2.73897 -5.61964 -0.0851362
42.8 2.73836 -5.61959 -0.0962409
42.9 2.73836 -5.61958 -0.11845
43 2.73836 -5.61958 -0.133257
43.1 2.73836 -5.61958 -0.148063
43.15 2.73836 -5.61958 -0.155466
43.2 2.73836 -5.61958 -0.162869
43.25 2.73836 -5.61958 -0.170272
43.35 2.73896 -5.61969 -0.181377
43.45 2.73896 -5.61969 -0.196183
43.5 2.73896 -5.61969 -0.203587
43.55 2.73896 -5.61969 -0.21099
43.65 2.73896 -5.61969 -0.225796
43.7 2.73896 -5.61969 -0.233199
43.75 2.73896 -5.61969 -0.240602
43.8 2.73896 -5.61969 -0.248005
43.9 2.73896 -5.61969 -0.255409
44 2.73955 -5.61985 -0.266513
44.1 2.73896 -5.61968 -0.270215
44.15 2.73896 -5.61968 -0.277618
44.2 2.73896 -5.61968 -0.277618
44.25 2.73896 -5.61968 -0.285021
44.35 2.73896 -5.61968 -0.292424
44.45 2.73896 -5.61968 -0.307231
44.5 2.73896 -5.61968 -0.307231
44.55 2.73896 -5.61968 -0.314634
44.6 2.73896 -5.61968 -0.314634
44.7 2.73954 -5.61988 -0.325739
44.75 2.73896 -5.61968 -0.322037
44.8 2.73954 -5.61988 -0.310932
44.85 2.73896 -5.61969 -0.292424
44.9 2.73896 -5.61969 -0.285021
44.95 2.73837 -5.61952 -0.28132
45 2.73896 -5.61969 -0.285021
45.05 2.73896 -5.61969 -0.292424
45.1 2.73838 -5.61951 -0.296126
45.15 2.73896 -5.61969 -0.299828
45.2 2.73896 -5.61969 -0.307231
45.25 2.73838 -5.6195 -0.310932
45.3 2.73896 -5.61969 -0.314634
45.35 2.73896 -5.61969 -0.322037
45.4 2.73896 -5.61969 -0.322037
45.45 2.73896 -5.61969 -0.32944
45.5 2.73896 -5.61969 -0.32944
45.55 2.73896 -5.61969 -0.336843
45.65 2.73896 -5.61969 -0.344246
45.75 2.73954 -5.6199 -0.347948
45.85 2.73896 -5.61969 -0.344246
45.95 2.73896 -5.61969 -0.35165
46 2.73896 -5.61969 -0.35165
46.05 2.73896 -5.61969 -0.359053
46.1 2.73896 -5.61969 -0.359053
46.2 2.73896 -5.61969 -0.359053
46.3 2.73896 -5.61969 -0.359053
46.4 2.73896 -5.61969 -0.366456
46.5 2.73896 -5.61969 -0.373859
46.55 2.73896 -5.61969 -0.373859
46.6 2.73896 -5.61969 -0.381262
46.65 2.73896 -5.61969 -0.381262
46.75 2.73896 -5.61969 -0.388665
46.85 2.73896 -5.61969 -0.388665
46.95 2.73896 -5.61968 -0.388665
47.05 2.73896 -5.61968 -0.388665
47.15 2.73896 -5.61968 -0.396068
47.2 2.73896 -5.61968 -0.396068
47.25 2.73953 -5.61992 -0.39977
47.3 2.73896 -5.61968 -0.396068
47.4 2.73896 -5.61968 -0.396068
47.5 2.73896 -5.61968 -0.403472
47.55 2.7384 -5.61944 -0.407173
47.6 2.7384 -5.61944 -0.414576
47.65 2.73896 -5.61969 -0.418278
47.7 2.7384 -5.61944 -0.421979
47.75 2.73896 -5.61969 -0.425681
47.8 2.7384 -5.61944 -0.429383
47.85 2.73896 -5.61969 -0.433084
47.9 2.7384 -5.61944 -0.436786
47.95 2.73896 -5.6197 -0.440487
48 2.73896 -5.6197 -0.440487
48.05 2.73896 -5.6197 -0.440487
48.1 2.73896 -5.6197 -0.440487
48.15 2.73896 -5.6197 -0.440487
48.2 2.73896 -5.6197 -0.440487
48.25 2.73896 -5.6197 -0.440487
48.3 2.73896 -5.6197 -0.440487
48.35 2.73896 -5.6197 -0.440487
48.4 2.73896 -5.6197 -0.440487
48.45 2.73951 -5.61996 -0.444189
48.5 2.73841 -5.61943 -0.436786
48.6 2.7384 -5.61943 -0.436786
48.7 2.73896 -5.61969 -0.440487
48.8 2.73896 -5.61969 -0.447891
48.9 2.73896 -5.61969 -0.447891
49 2.73896 -5.61969 -0.447891
49.05 2.73896 -5.61969 -0.447891
49.1 2.73896 -5.61969 -0.447891
49.15 2.73896 -5.61969 -0.447891
49.25 2.73896 -5.61969 -0.447891
49.35 2.73896 -5.61969 -0.447891
49.45 2.73896 -5.61969 -0.447891
49.5 2.73896 -5.61969 -0.447891
49.55 2.73896 -5.61969 -0.447891
49.6 2.73896 -5.61969 -0.447891
49.7 2.73896 -5.61969 -0.447891
49.8 2.73951 -5.61996 -0.444189
49.9 2.73896 -5.61969 -0.418278
49.95 2.73896 -5.61969 -0.418278
50 2.73896 -5.61969 -0.418278
50.05 2.73896 -5.61969 -0.418278
50.15 2.73896 -5.61969 -0.418278
50.25 2.73896 -5.61969 -0.425681
50.35 2.73896 -5.61969 -0.425681
50.45 2.73896 -5.61969 -0.425681
50.5 2.73896 -5.61969 -0.425681
50.55 2.73896 -5.61969 -0.425681
50.6 2.73896 -5.61969 -0.425681
50.65 2.73896 -5.61969 -0.425681
50.7 2.73952 -5.61995 -0.429383
50.75 2.73896 -5.61969 -0.425681
50.8 2.73896 -5.61969 -0.418278
50.85 2.73896 -5.61969 -0.418278
50.9 2.73896 -5.61969 -0.425681
50.95 2.73896 -5.61969 -0.425681
51 2.73896 -5.61969 -0.425681
51.05 2.73896 -5.61969 -0.425681
51.1 2.73896 -5.61969 -0.425681
51.15 2.73896 -5.61969 -0.425681
51.2 2.73896 -5.61969 -0.425681
51.25 2.73952 -5.61995 -0.429383
51.35 2.7384 -5.61944 -0.421979
51.4 2.73896 -5.61969 -0.425681
51.45 2.73896 -5.61969 -0.425681
51.5 2.7384 -5.61944 -0.429383
51.55 2.73896 -5.61969 -0.433084
51.65 2.73896 -5.61969 -0.440487
51.75 2.73896 -5.61969 -0.447891
51.8 2.73896 -5.61969 -0.447891
51.85 2.73896 -5.61969 -0.447891
51.9 2.73896 -5.61969 -0.447891
51.95 2.73896 -5.61969 -0.447891
52.05 2.73896 -5.61969 -0.447891
52.1 2.73896 -5.61969 -0.447891
52.15 2.73951 -5.61996 -0.451592
52.2 2.73841 -5.61943 -0.444189
52.25 2.73896 -5.61969 -0.440487
52.3 2.73896 -5.61969 -0.440487
52.4 2.73896 -5.61969 -0.447891
52.45 2.73841 -5.61943 -0.451592
52.5 2.73896 -5.61969 -0.455294
52.55 2.73896 -5.61969 -0.455294
52.6 2.73896 -5.61969 -0.455294
52.7 2.73896 -5.61969 -0.455294
52.75 2.73896 -5.61969 -0.455294
52.8 2.73896 -5.61969 -0.455294
52.85 2.73896 -5.61969 -0.455294
52.9 2.73951 -5.61996 -0.458995
52.95 2.73951 -5.61996 -0.451592
53 2.73896 -5.61969 -0.433084
53.05 2.73896 -5.61969 -0.425681
53.1 2.73896 -5.61969 -0.425681
53.15 2.73896 -5.61969 -0.425681
53.2 2.73896 -5.61969 -0.425681
53.25 2.73896 -5.61969 -0.425681
53.3 2.73896 -5.61969 -0.425681
53.35 2.73896 -5.61969 -0.425681
53.4 2.7384 -5.61944 -0.429383
53.45 2.73896 -5.6197 -0.433084
53.5 2.73896 -5.6197 -0.433084
53.55 2.73896 -5.6197 -0.433084
53.6 2.73896 -5.6197 -0.433084
53.65 2.73896 -5.6197 -0.433084
53.7 2.73896 -5.6197 -0.433084
53.75 2.7384 -5.61944 -0.436786
53.8 2.73896 -5.6197 -0.440487
53.9 2.73896 -5.6197 -0.440487
54 2.73896 -5.6197 -0.440487
54.1 2.73896 -5.6197 -0.440487
54.2 2.73896 -5.6197 -0.440487
54.25 2.73896 -5.6197 -0.440487
54.3 2.73896 -5.6197 -0.440487
54.35 2.73896 -5.6197 -0.440487
54.45 2.73896 -5.6197 -0.440487
54.55 2.73896 -5.6197 -0.440487
54.6 2.73896 -5.6197 -0.440487
54.65 2.73896 -5.6197 -0.440487
54.7 2.73896 -5.6197 -0.440487
54.8 2.73896 -5.6197 -0.440487
54.9 2.73951 -5.61996 -0.444189
55 2.73896 -5.6197 -0.418278
55.1 2.73896 -5.6197 -0.410875
55.15 2.73896 -5.6197 -0.410875
55.2 2.73896 -5.6197 -0.410875
55.25 2.73896 -5.6197 -0.410875
55.35 2.73896 -5.6197 -0.410875
55.45 2.73896 -5.6197 -0.410875
55.55 2.73896 -5.6197 -0.410875
55.6 2.73896 -5.6197 -0.410875
55.65 2.73952 -5.61995 -0.414576
55.7 2.73896 -5.6197 -0.410875
55.75 2.73896 -5.6197 -0.403472
55.8 2.73952 -5.61994 -0.407173
55.85 2.73896 -5.6197 -0.403472
55.9 2.73839 -5.61946 -0.39977
55.95 2.73896 -5.61969 -0.403472
56 2.73839 -5.61945 -0.407173
56.05 2.73896 -5.6197 -0.410875
56.1 2.7384 -5.61945 -0.414576
56.15 2.73896 -5.6197 -0.418278
56.2 2.7384 -5.61945 -0.421979
56.25 2.73896 -5.6197 -0.425681
56.3 2.73896 -5.6197 -0.425681
56.35 2.73896 -5.6197 -0.425681
56.4 2.73896 -5.6197 -0.425681
56.45 2.73896 -5.6197 -0.425681
56.55 2.73896 -5.6197 -0.425681
56.6 2.73896 -5.6197 -0.425681
56.65 2.73896 -5.6197 -0.425681
56.7 2.73896 -5.6197 -0.425681
56.8 2.7384 -5.61944 -0.421979
56.9 2.73896 -5.61969 -0.425681
57 2.73896 -5.61969 -0.425681
57.1 2.73896 -5.6197 -0.433084
57.15 2.73896 -5.6197 -0.433084
57.25 2.73896 -5.6197 -0.433084
57.35 2.73896 -5.6197 -0.440487
57.45 2.73896 -5.6197 -0.440487
57.55 2.73896 -5.6197 -0.440487
57.6 2.73896 -5.6197 -0.440487
57.65 2.73896 -5.6197 -0.440487
57.7 2.73896 -5.6197 -0.440487
57.8 2.73896 -5.6197 -0.440487
57.9 2.73896 -5.6197 -0.440487
58 2.73896 -5.6197 -0.440487
58.05 2.73896 -5.6197 -0.440487
58.1 2.73896 -5.6197 -0.440487
58.15 2.73896 -5.6197 -0.440487
58.25 2.73896 -5.6197 -0.440487
58.35 2.73896 -5.6197 -0.440487
58.45 2.73951 -5.61996 -0.436786
58.5 2.73896 -5.6197 -0.425681
58.55 2.73896 -5.6197 -0.410875
58.6 2.73839 -5.61946 -0.407173
58.65 2.73839 -5.61946 -0.414576
58.7 2.73895 -5.6197 -0.418278
58.75 2.73839 -5.61945 -0.421979
58.8 2.73839 -5.61945 -0.421979
58.85 2.73839 -5.61945 -0.429383
58.9 2.73839 -5.61945 -0.436786
58.95 2.73895 -5.61971 -0.440487
59 2.73895 -5.61971 -0.440487
59.05 2.73895 -5.61971 -0.440487
59.1 2.7384 -5.61945 -0.436786
59.15 2.73895 -5.61971 -0.440487
59.2 2.73895 -5.61971 -0.440487
59.25 2.73895 -5.61971 -0.440487
59.3 2.73895 -5.61971 -0.440487
59.35 2.73895 -5.61971 -0.440487
59.4 2.73895 -5.61971 -0.440487
59.45 2.7384 -5.61945 -0.436786
59.55 2.73895 -5.61971 -0.440487
59.65 2.73895 -5.61971 -0.440487
59.75 2.73895 -5.61971 -0.440487
59.8 2.73895 -5.61971 -0.440487
59.85 2.7384 -5.61945 -0.436786
59.9 2.73895 -5.61971 -0.440487
59.95 2.73895 -5.61971 -0.440487
60.05 2.73895 -5.61971 -0.440487
60.1 2.73895 -5.61971 -0.440487
60.15 2.73895 -5.61971 -0.440487
60.2 2.73895 -5.61971 -0.440487
60.25 2.73895 -5.61971 -0.440487
60.3 2.73951 -5.61997 -0.436786
60.4 2.73895 -5.61971 -0.425681
60.45 2.73895 -5.61971 -0.425681
60.5 2.73895 -5.61971 -0.425681
60.55 2.73895 -5.61971 -0.425681
60.6 2.73895 -5.61971 -0.425681
60.65 2.73895 -5.61971 -0.425681
60.7 2.73895 -5.61971 -0.425681
60.75 2.73895 -5.61971 -0.425681
60.85 2.73895 -5.61971 -0.425681
60.95 2.73895 -5.61971 -0.425681
61 2.73895 -5.61971 -0.425681
61.05 2.73895 -5.61971 -0.425681
61.1 2.73895 -5.61971 -0.425681
61.15 2.73895 -5.61971 -0.425681
61.2 2.73895 -5.61971 -0.425681
61.25 2.73895 -5.61971 -0.425681
61.3 2.73895 -5.61971 -0.425681
61.35 2.73895 -5.61971 -0.425681
61.4 2.73895 -5.61971 -0.425681
61.45 2.73895 -5.61971 -0.425681
61.5 2.73895 -5.61971 -0.425681
61.55 2.73951 -5.61996 -0.421979
61.6 2.73895 -5.61971 -0.418278
61.65 2.73951 -5.61996 -0.414576
61.7 2.73895 -5.61971 -0.410875
61.8 2.73895 -5.61971 -0.403472
61.85 2.73895 -5.61971 -0.403472
61.9 2.73895 -5.61971 -0.403472
61.95 2.73895 -5.61971 -0.403472
62.05 2.73895 -5.61971 -0.403472
62.15 2.73895 -5.61971 -0.403472
62.25 2.73895 -5.61971 -0.403472
62.3 2.73895 -5.61971 -0.403472
62.35 2.73895 -5.61971 -0.403472
62.4 2.73895 -5.61971 -0.403472
62.5 2.73895 -5.61971 -0.403472
62.6 2.73952 -5.61995 -0.407173
62.7 2.73895 -5.6197 -0.396068
62.75 2.73839 -5.61947 -0.39977
62.8 2.73895 -5.61971 -0.403472
62.85 2.73895 -5.61971 -0.403472
62.95 2.73895 -5.61971 -0.403472
63.05 2.73839 -5.61946 -0.407173
63.15 2.73895 -5.61971 -0.410875
63.2 2.73895 -5.61971 -0.410875
63.25 2.73895 -5.61971 -0.410875
63.3 2.73895 -5.61971 -0.410875
63.4 2.73895 -5.61971 -0.410875
63.5 2.73895 -5.61971 -0.410875
63.6 2.73895 -5.61971 -0.410875
63.65 2.73895 -5.61971 -0.410875
63.7 2.73895 -5.61971 -0.410875
63.75 2.73951 -5.61995 -0.414576
63.8 2.73839 -5.61946 -0.407173
63.85 2.73896 -5.6197 -0.403472
63.9 2.73896 -5.6197 -0.403472
63.95 2.73896 -5.6197 -0.403472
64 2.73896 -5.6197 -0.410875
64.05 2.73896 -5.6197 -0.410875
64.1 2.73896 -5.6197 -0.410875
64.15 2.73896 -5.6197 -0.410875
64.2 2.73896 -5.6197 -0.410875
64.25 2.73896 -5.6197 -0.410875
64.3 2.73896 -5.6197 -0.410875
64.35 2.73896 -5.6197 -0.410875
64.4 2.73896 -5.6197 -0.410875
64.45 2.73896 -5.6197 -0.410875
64.55 2.73952 -5.61995 -0.414576
64.6 2.73896 -5.6197 -0.410875
64.65 2.73896 -5.6197 -0.403472
64.7 2.73896 -5.6197 -0.410875
64.8 2.73896 -5.6197 -0.410875
64.9 2.73896 -5.6197 -0.410875
64.95 2.73896 -5.6197 -0.410875
65 2.73896 -5.6197 -0.410875
65.1 2.73896 -5.6197 -0.410875
65.2 2.73896 -5.6197 -0.410875
65.25 2.73896 -5.6197 -0.403472
65.3 2.73896 -5.6197 -0.410875
65.35 2.73896 -5.6197 -0.410875
65.45 2.73896 -5.6197 -0.410875
65.55 2.73896 -5.6197 -0.410875
65.6 2.73896 -5.6197 -0.410875
65.65 2.73896 -5.6197 -0.410875
65.7 2.73952 -5.61994 -0.414576
65.8 2.7384 -5.61945 -0.407173
65.9 2.7384 -5.61945 -0.414576
65.95 2.73896 -5.61969 -0.418278
66 2.7384 -5.61945 -0.421979
66.05 2.73896 -5.6197 -0.425681
66.15 2.73896 -5.6197 -0.433084
66.25 2.73896 -5.6197 -0.433084
66.3 2.73896 -5.6197 -0.433084
66.35 2.73896 -5.6197 -0.433084
66.4 2.73896 -5.6197 -0.433084
66.45 2.73896 -5.6197 -0.433084
66.5 2.73896 -5.6197 -0.433084
66.55 2.73896 -5.6197 -0.433084
66.6 2.73896 -5.6197 -0.433084
66.65 2.73896 -5.6197 -0.433084
66.7 2.73951 -5.61996 -0.436786
66.75 2.7384 -5.61944 -0.429383
66.8 2.73896 -5.61969 -0.425681
66.85 2.7384 -5.61944 -0.429383
66.9 2.73896 -5.61969 -0.433084
66.95 2.73896 -5.61969 -0.433084
67 2.7384 -5.61944 -0.436786
67.05 2.73896 -5.6197 -0.440487
67.1 2.73896 -5.6197 -0.440487
67.15 2.73896 -5.6197 -0.440487
67.2 2.73896 -5.6197 -0.440487
67.25 2.73896 -5.6197 -0.440487
67.35 2.73896 -5.6197 -0.440487
67.45 2.73896 -5.6197 -0.440487
67.55 2.7384 -5.61943 -0.436786
67.65 2.7384 -5.61943 -0.436786
67.75 2.73896 -5.61969 -0.440487
67.8 2.7384 -5.61943 -0.444189
67.85 2.73896 -5.61969 -0.447891
67.9 2.73896 -5.61969 -0.447891
68 2.73896 -5.61969 -0.447891
68.1 2.73896 -5.61969 -0.447891
68.2 2.73896 -5.61969 -0.447891
68.3 2.73896 -5.61969 -0.447891
68.35 2.73951 -5.61996 -0.451592
68.4 2.73951 -5.61996 -0.444189
68.45 2.73896 -5.6197 -0.425681
68.55 2.7384 -5.61945 -0.414576
68.65 2.7384 -5.61945 -0.429383
68.75 2.7384 -5.61945 -0.436786
68.8 2.73895 -5.61971 -0.440487
68.85 2.73895 -5.61971 -0.440487
68.9 2.73895 -5.61971 -0.440487
69 2.73895 -5.61971 -0.440487
69.1 2.7384 -5.61944 -0.444189
69.2 2.7384 -5.61944 -0.451592
69.25 2.73895 -5.61971 -0.455294
69.3 2.73895 -5.61971 -0.455294
69.35 2.7384 -5.61944 -0.451592
69.4 2.73895 -5.61971 -0.455294
69.45 2.73895 -5.61971 -0.455294
69.5 2.73895 -5.61971 -0.455294
69.55 2.73895 -5.61971 -0.455294
69.6 2.73895 -5.61971 -0.455294
69.65 2.73895 -5.61971 -0.455294
69.7 2.7384 -5.61944 -0.451592
69.75 2.73895 -5.61971 -0.455294
69.8 2.73895 -5.61971 -0.455294
69.85 2.73895 -5.61971 -0.455294
69.9 2.73895 -5.61971 -0.455294
69.95 2.73895 -5.61971 -0.455294
70 2.73895 -5.61971 -0.455294
70.05 2.73895 -5.61971 -0.455294
70.1 2.73895 -5.61971 -0.447891
70.2 2.73895 -5.61971 -0.447891
70.25 2.73895 -5.61971 -0.447891
70.3 2.73895 -5.61971 -0.447891
70.35 2.73895 -5.61971 -0.447891
70.45 2.73895 -5.61971 -0.447891
70.55 2.73895 -5.61971 -0.447891
70.65 2.73895 -5.61971 -0.440487
70.75 2.73895 -5.61971 -0.433084
70.8 2.73895 -5.61971 -0.433084
70.85 2.73895 -5.61971 -0.433084
70.9 2.73895 -5.61971 -0.433084
71 2.73895 -5.61971 -0.433084
71.1 2.73895 -5.61971 -0.433084
71.2 2.73951 -5.61996 -0.429383
71.3 2.73895 -5.61971 -0.418278
71.35 2.73895 -5.61971 -0.418278
71.4 2.73895 -5.61971 -0.418278
71.45 2.73895 -5.61971 -0.418278
71.55 2.73895 -5.61971 -0.418278
71.65 2.73895 -5.61971 -0.418278
71.75 2.73895 -5.61971 -0.418278
71.8 2.73895 -5.61971 -0.418278
71.85 2.73895 -5.61971 -0.418278
71.9 2.73895 -5.61971 -0.418278
72 2.73895 -5.61971 -0.418278
72.1 2.73895 -5.61971 -0.418278
72.15 2.73951 -5.61996 -0.414576
72.2 2.73895 -5.61971 -0.410875
72.25 2.73895 -5.61971 -0.403472
72.3 2.73895 -5.61971 -0.403472
72.35 2.73895 -5.61971 -0.403472
72.4 2.73895 -5.61971 -0.403472
72.45 2.73895 -5.61971 -0.403472
72.5 2.73895 -5.61971 -0.403472
72.55 2.73895 -5.61971 -0.403472
72.6 2.73895 -5.61971 -0.403472
72.65 2.73895 -5.61971 -0.403472
72.7 2.73895 -5.61971 -0.403472
72.75 2.73895 -5.61971 -0.403472
72.8 2.73895 -5.61971 -0.403472
72.85 2.73895 -5.61971 -0.403472
72.9 2.73895 -5.61971 -0.403472
73 2.73951 -5.61995 -0.407173
73.1 2.73839 -5.61947 -0.384964
73.15 2.73839 -5.61947 -0.377561
73.2 2.73839 -5.61947 -0.370157
73.25 2.73839 -5.61947 -0.377561
73.35 2.73839 -5.61947 -0.384964
73.45 2.73839 -5.61947 -0.39977
73.55 2.73839 -5.61947 -0.407173
73.6 2.73839 -5.61947 -0.414576
73.65 2.73839 -5.61947 -0.421979
73.7 2.73839 -5.61947 -0.421979
73.8 2.73894 -5.61973 -0.433084
73.9 2.73839 -5.61947 -0.429383
73.95 2.73894 -5.61973 -0.433084
74 2.73894 -5.61973 -0.433084
74.05 2.73839 -5.61947 -0.429383
74.15 2.73894 -5.61973 -0.433084
74.25 2.73839 -5.61947 -0.429383
74.3 2.73895 -5.61972 -0.433084
74.35 2.73895 -5.61972 -0.433084
74.4 2.73895 -5.61972 -0.433084
74.5 2.73895 -5.61972 -0.433084
74.6 2.73895 -5.61972 -0.433084
74.7 2.73895 -5.61972 -0.433084
74.75 2.73895 -5.61972 -0.433084
74.8 2.73839 -5.61946 -0.429383
74.85 2.73895 -5.61972 -0.433084
74.9 2.73895 -5.61972 -0.433084
74.95 2.73895 -5.61972 -0.433084
75 2.73895 -5.61972 -0.433084
75.05 2.73895 -5.61972 -0.433084
75.1 2.73895 -5.61972 -0.425681
75.15 2.73895 -5.61972 -0.425681
75.2 2.73895 -5.61972 -0.425681
75.25 2.73895 -5.61972 -0.425681
75.3 2.73895 -5.61972 -0.425681
75.35 2.73895 -5.61972 -0.425681
75.4 2.73895 -5.61972 -0.425681
75.45 2.73895 -5.61972 -0.418278
75.5 2.73895 -5.61972 -0.418278
75.55 2.73895 -5.61972 -0.418278
75.6 2.73895 -5.61972 -0.418278
75.65 2.73895 -5.61972 -0.418278
75.75 2.73895 -5.61972 -0.418278
75.85 2.73895 -5.61972 -0.410875
75.95 2.73895 -5.61972 -0.403472
76 2.73895 -5.61972 -0.403472
76.05 2.73895 -5.61972 -0.403472
76.1 2.73895 -5.61972 -0.403472
76.2 2.73951 -5.61996 -0.39977
76.3 2.73895 -5.61972 -0.388665
76.4 2.73895 -5.61972 -0.388665
76.45 2.73895 -5.61972 -0.388665
76.5 2.73895 -5.61972 -0.388665
76.55 2.73895 -5.61972 -0.388665
76.65 2.73895 -5.61972 -0.388665
76.75 2.73895 -5.61972 -0.388665
76.85 2.73895 -5.61972 -0.388665
76.95 2.73895 -5.61972 -0.388665
77.05 2.73895 -5.61972 -0.388665
77.1 2.73895 -5.61972 -0.388665
77.15 2.73895 -5.61972 -0.388665
77.2 2.73895 -5.61972 -0.388665
77.3 2.73895 -5.61972 -0.388665
77.4 2.73895 -5.61972 -0.388665
77.5 2.73895 -5.61972 -0.381262
77.55 2.73895 -5.61972 -0.373859
77.6 2.73952 -5.61994 -0.377561
77.65 2.73838 -5.61949 -0.370157
77.7 2.73895 -5.61971 -0.366456
77.75 2.73838 -5.61949 -0.370157
77.8 2.73895 -5.61972 -0.373859
77.85 2.73895 -5.61972 -0.373859
77.9 2.73895 -5.61972 -0.373859
77.95 2.73895 -5.61972 -0.373859
78 2.73895 -5.61972 -0.373859
78.05 2.73895 -5.61972 -0.373859
78.1 2.73895 -5.61972 -0.373859
78.15 2.73895 -5.61972 -0.373859
78.2 2.73838 -5.61949 -0.377561
78.25 2.73895 -5.61972 -0.381262
78.3 2.73895 -5.61972 -0.381262
78.35 2.73895 -5.61972 -0.381262
78.4 2.73895 -5.61972 -0.381262
78.45 2.73895 -5.61972 -0.381262
78.5 2.73895 -5.61972 -0.381262
78.6 2.73895 -5.61972 -0.381262
78.7 2.73895 -5.61972 -0.381262
78.75 2.73895 -5.61972 -0.381262
78.8 2.73895 -5.61972 -0.381262
78.85 2.73895 -5.61972 -0.381262
78.95 2.73895 -5.61972 -0.381262
79.05 2.73895 -5.61972 -0.381262
79.15 2.73895 -5.61972 -0.381262
79.25 2.73895 -5.61972 -0.381262
79.3 2.73895 -5.61972 -0.381262
79.35 2.73895 -5.61972 -0.381262
79.4 2.73895 -5.61972 -0.381262
79.5 2.73952 -5.61995 -0.384964
79.6 2.73895 -5.61972 -0.359053
79.65 2.73837 -5.6195 -0.347948
79.7 2.7378 -5.6193 -0.35165
79.75 2.7378 -5.6193 -0.35165
79.85 2.7378 -5.6193 -0.366456
79.95 2.7378 -5.6193 -0.381262
80.05 2.73836 -5.61953 -0.392367
80.15 2.73836 -5.61953 -0.39977
80.2 2.7378 -5.61929 -0.403472
80.25 2.7378 -5.61929 -0.410875
80.3 2.73836 -5.61954 -0.414576
80.4 2.73836 -5.61954 -0.421979
80.5 2.73836 -5.61954 -0.429383
80.55 2.73836 -5.61954 -0.429383
80.6 2.73836 -5.61954 -0.436786
80.65 2.73836 -5.61954 -0.436786
80.7 2.73836 -5.61954 -0.436786
80.75 2.73836 -5.61954 -0.436786
80.8 2.73891 -5.6198 -0.440487
80.85 2.73836 -5.61954 -0.436786
80.9 2.73836 -5.61954 -0.436786
80.95 2.73836 -5.61954 -0.436786
81 2.73836 -5.61954 -0.436786
81.05 2.73836 -5.61954 -0.436786
81.1 2.73836 -5.61954 -0.444189
81.15 2.73836 -5.61954 -0.444189
81.2 2.73836 -5.61954 -0.444189
81.25 2.73836 -5.61954 -0.444189
81.3 2.73891 -5.6198 -0.447891
81.35 2.73836 -5.61954 -0.444189
81.4 2.73836 -5.61954 -0.444189
81.5 2.73836 -5.61954 -0.444189
81.6 2.73891 -5.6198 -0.440487
81.7 2.73891 -5.6198 -0.425681
81.8 2.73891 -5.6198 -0.410875
81.85 2.73891 -5.6198 -0.403472
81.9 2.73835 -5.61956 -0.39977
81.95 2.73892 -5.6198 -0.396068
82.05 2.73835 -5.61956 -0.392367
82.1 2.73892 -5.6198 -0.396068
82.15 2.73835 -5.61956 -0.392367
82.2 2.73892 -5.61979 -0.388665
82.3 2.73892 -5.61979 -0.381262
82.4 2.73835 -5.61957 -0.370157
82.45 2.73835 -5.61957 -0.370157
82.5 2.73892 -5.61979 -0.373859
82.55 2.73892 -5.61979 -0.366456
82.65 2.73835 -5.61957 -0.362754
82.75 2.73892 -5.61979 -0.359053
82.8 2.73892 -5.61979 -0.359053
82.85 2.73892 -5.61979 -0.35165
82.9 2.73892 -5.61979 -0.344246
83 2.73892 -5.61979 -0.336843
83.1 2.73892 -5.61979 -0.32944
83.2 2.73892 -5.61979 -0.322037
83.25 2.73892 -5.61979 -0.314634
83.35 2.7395 -5.61998 -0.310932
83.4 2.73892 -5.61979 -0.299828
83.45 2.73892 -5.61979 -0.292424
83.5 2.73892 -5.61979 -0.292424
83.55 2.73892 -5.61979 -0.285021
83.6 2.73892 -5.61979 -0.285021
83.65 2.73892 -5.61979 -0.277618
83.7 2.73892 -5.61979 -0.277618
83.75 2.73892 -5.61979 -0.277618
83.8 2.73892 -5.61979 -0.270215
83.85 2.73892 -5.61979 -0.270215
83.9 2.73892 -5.61979 -0.262812
83.95 2.73892 -5.61979 -0.262812
84 2.73892 -5.61979 -0.262812
84.05 2.73892 -5.61979 -0.255409
84.1 2.73892 -5.61979 -0.255409
84.15 2.73892 -5.61979 -0.255409
84.2 2.73951 -5.61995 -0.251707
84.3 2.73832 -5.61965 -0.236901
84.4 2.73832 -5.61965 -0.236901
84.5 2.73832 -5.61964 -0.236901
84.55 2.73892 -5.61979 -0.240602
84.6 2.73892 -5.61979 -0.240602
84.65 2.73892 -5.61979 -0.233199
84.75 2.73892 -5.61979 -0.233199
84.85 2.73892 -5.61979 -0.233199
84.9 2.73892 -5.61979 -0.225796
84.95 2.73892 -5.61979 -0.225796
85 2.73892 -5.61979 -0.225796
85.1 2.73892 -5.61979 -0.225796
85.2 2.73892 -5.61979 -0.21099
85.25 2.73892 -5.61979 -0.21099
85.3 2.73832 -5.61966 -0.207288
85.35 2.73892 -5.61979 -0.21099
85.45 2.73892 -5.61979 -0.21099
85.55 2.73892 -5.61978 -0.21099
85.65 2.73892 -5.61978 -0.21099
85.75 2.73832 -5.61966 -0.207288
85.8 2.73892 -5.61978 -0.21099
85.85 2.73892 -5.61978 -0.21099
85.9 2.73892 -5.61978 -0.21099
86 2.73892 -5.61978 -0.203587
86.1 2.73892 -5.61978 -0.203587
86.15 2.73892 -5.61978 -0.203587
86.2 2.73892 -5.61978 -0.203587
86.25 2.73892 -5.61978 -0.203587
86.3 2.73892 -5.61978 -0.203587
86.35 2.73892 -5.61978 -0.203587
86.4 2.73892 -5.61978 -0.203587
86.45 2.73892 -5.61978 -0.203587
86.5 2.73892 -5.61978 -0.203587
86.55 2.73892 -5.61978 -0.203587
86.6 2.73952 -5.61991 -0.199885
86.65 2.73892 -5.61978 -0.196183
86.7 2.73832 -5.61966 -0.192482
86.75 2.73892 -5.61978 -0.196183
86.8 2.73892 -5.61978 -0.196183
86.85 2.73892 -5.61978 -0.196183
86.9 2.73892 -5.61978 -0.196183
86.95 2.73892 -5.61978 -0.196183
87.05 2.73892 -5.61978 -0.196183
87.15 2.73892 -5.61978 -0.196183
87.25 2.73892 -5.61978 -0.196183
87.35 2.73892 -5.61978 -0.196183
87.4 2.73892 -5.61978 -0.196183
87.45 2.73892 -5.61978 -0.196183
87.5 2.73892 -5.61978 -0.196183
87.6 2.73892 -5.61978 -0.196183
87.7 2.73892 -5.61978 -0.196183
87.75 2.73892 -5.61978 -0.196183
87.8 2.73892 -5.61978 -0.196183
87.85 2.73892 -5.61978 -0.196183
87.95 2.73892 -5.61978 -0.196183
88.05 2.73952 -5.6199 -0.192482
88.15 2.73832 -5.61967 -0.170272
88.2 2.73771 -5.61957 -0.166571
88.25 2.73771 -5.61957 -0.166571
88.3 2.73711 -5.61947 -0.170272
88.4 2.73771 -5.61957 -0.173974
88.5 2.73771 -5.61957 -0.181377
88.6 2.73771 -5.61957 -0.18878
88.65 2.73831 -5.61969 -0.192482
88.7 2.73831 -5.61969 -0.192482
88.75 2.73771 -5.61957 -0.196183
88.85 2.73831 -5.61969 -0.199885
88.9 2.73831 -5.61969 -0.199885
88.95 2.73771 -5.61957 -0.203587
89 2.73831 -5.61969 -0.207288
89.05 2.73831 -5.61969 -0.207288
89.1 2.73831 -5.61969 -0.207288
89.15 2.73831 -5.61969 -0.207288
89.2 2.73831 -5.61969 -0.207288
89.25 2.73891 -5.61982 -0.21099
89.3 2.73831 -5.61969 -0.207288
89.35 2.73831 -5.61969 -0.207288
89.4 2.73831 -5.61969 -0.207288
89.45 2.73891 -5.61982 -0.21099
89.5 2.73831 -5.61969 -0.207288
89.55 2.73831 -5.61969 -0.207288
89.6 2.73891 -5.61981 -0.21099
89.65 2.73831 -5.61969 -0.207288
89.7 2.73831 -5.61969 -0.207288
89.75 2.73891 -5.61981 -0.21099
89.85 2.73832 -5.61968 -0.207288
89.9 2.73891 -5.61981 -0.21099
89.95 2.73832 -5.61968 -0.207288
90 2.73892 -5.61981 -0.21099
90.05 2.73832 -5.61968 -0.207288
90.1 2.73892 -5.6198 -0.21099
90.15 2.73832 -5.61968 -0.207288
90.2 2.73832 -5.61968 -0.207288
90.3 2.73832 -5.61967 -0.207288
90.4 2.73832 -5.61967 -0.207288
90.5 2.73892 -5.6198 -0.21099
90.6 2.73892 -5.6198 -0.203587
90.7 2.73892 -5.6198 -0.203587
90.75 2.73952 -5.61992 -0.199885
90.8 2.73892 -5.6198 -0.18878
90.85 2.73892 -5.6198 -0.18878
90.95 2.73892 -5.6198 -0.18878
91.05 2.73892 -5.6198 -0.18878
91.1 2.73892 -5.6198 -0.18878
91.15 2.73952 -5.61991 -0.185079
91.25 2.73892 -5.6198 -0.173974
91.3 2.73892 -5.6198 -0.173974
91.35 2.73831 -5.61969 -0.170272
91.4 2.73892 -5.6198 -0.173974
91.45 2.73892 -5.6198 -0.173974
91.5 2.73892 -5.6198 -0.173974
91.55 2.73892 -5.6198 -0.173974
91.6 2.73831 -5.61969 -0.170272
91.65 2.73892 -5.61979 -0.173974
91.7 2.73892 -5.61979 -0.173974
91.75 2.73892 -5.61979 -0.173974
91.8 2.73892 -5.61979 -0.173974
91.85 2.73952 -5.6199 -0.170272
91.9 2.73892 -5.6198 -0.159168
91.95 2.73892 -5.6198 -0.159168
92 2.73892 -5.6198 -0.159168
92.05 2.73892 -5.6198 -0.159168
92.1 2.73892 -5.6198 -0.159168
92.15 2.73892 -5.6198 -0.159168
92.2 2.73892 -5.6198 -0.159168
92.25 2.73892 -5.6198 -0.159168
92.3 2.73892 -5.6198 -0.159168
92.4 2.73892 -5.6198 -0.159168
92.5 2.73892 -5.6198 -0.159168
92.6 2.73892 -5.6198 -0.159168
92.65 2.73892 -5.6198 -0.159168
92.7 2.73952 -5.61989 -0.155466
92.75 2.73892 -5.6198 -0.144361
92.85 2.73892 -5.6198 -0.144361
92.95 2.73892 -5.6198 -0.144361
93.05 2.73892 -5.6198 -0.144361
93.1 2.73892 -5.6198 -0.144361
93.15 2.73892 -5.6198 -0.144361
93.2 2.73892 -5.6198 -0.144361
93.3 2.73892 -5.6198 -0.144361
93.4 2.73892 -5.6198 -0.144361
93.5 2.73892 -5.6198 -0.144361
93.6 2.73892 -5.6198 -0.144361
93.65 2.73892 -5.6198 -0.144361
93.7 2.73892 -5.6198 -0.144361
93.75 2.73892 -5.6198 -0.144361
93.85 2.73892 -5.6198 -0.144361
93.95 2.73892 -5.6198 -0.144361
94.05 2.73892 -5.6198 -0.144361
94.15 2.73892 -5.6198 -0.144361
94.25 2.73892 -5.6198 -0.144361
94.3 2.73892 -5.6198 -0.144361
94.35 2.73892 -5.6198 -0.144361
94.4 2.73892 -5.6198 -0.144361
94.45 2.73952 -5.61989 -0.14066
94.5 2.73892 -5.6198 -0.136958
94.55 2.73892 -5.6198 -0.136958
94.6 2.73892 -5.6198 -0.136958
94.65 2.73952 -5.61988 -0.133257
94.7 2.73892 -5.6198 -0.129555
94.75 2.73831 -5.61972 -0.125854
94.8 2.73892 -5.6198 -0.129555
94.85 2.73892 -5.6198 -0.129555
94.9 2.73892 -5.6198 -0.129555
94.95 2.73892 -5.6198 -0.129555
95 2.73892 -5.6198 -0.129555
95.05 2.73892 -5.6198 -0.129555
95.1 2.73892 -5.6198 -0.129555
95.2 2.73892 -5.6198 -0.129555
95.25 2.73892 -5.6198 -0.129555
95.3 2.73892 -5.6198 -0.129555
95.35 2.73892 -5.6198 -0.129555
95.45 2.73892 -5.6198 -0.129555
95.5 2.73892 -5.6198 -0.129555
95.55 2.73892 -5.6198 -0.129555
95.6 2.73892 -5.6198 -0.129555
95.7 2.73892 -5.6198 -0.129555
95.8 2.73892 -5.6198 -0.129555
95.9 2.73892 -5.6198 -0.129555
95.95 2.73892 -5.6198 -0.129555
96 2.73892 -5.6198 -0.129555
96.05 2.73892 -5.6198 -0.129555
96.1 2.73892 -5.6198 -0.129555
96.15 2.73892 -5.6198 -0.129555
96.2 2.73892 -5.6198 -0.129555
96.25 2.73892 -5.6198 -0.129555
96.3 2.73952 -5.61988 -0.133257
96.4 2.73892 -5.6198 -0.122152
96.5 2.73892 -5.6198 -0.122152
96.55 2.73953 -5.61987 -0.125854
96.6 2.73892 -5.6198 -0.114749
96.65 2.73892 -5.6198 -0.114749
96.7 2.73953 -5.61987 -0.11845
96.75 2.73953 -5.61987 -0.111047
96.8 2.73953 -5.61987 -0.103644
96.85 2.73892 -5.6198 -0.0925394
96.9 2.73953 -5.61986 -0.0888378
96.95 2.73892 -5.6198 -0.0851362
97 2.73892 -5.6198 -0.0851362
97.05 2.73892 -5.6198 -0.0851362
97.1 2.73953 -5.61986 -0.0888378
97.15 2.73953 -5.61986 -0.0814346
97.2 2.73953 -5.61986 -0.0740315
97.25 2.73953 -5.61986 -0.0740315
97.3 2.73953 -5.61986 -0.0666283
97.35 2.73953 -5.61986 -0.0592252
97.4 2.73953 -5.61986 -0.0592252
97.45 2.73953 -5.61986 -0.051822
97.55 2.73953 -5.61985 -0.0444189
97.6 2.73953 -5.61985 -0.0444189
97.65 2.73891 -5.61983 -0.0407173
97.7 2.73891 -5.61983 -0.0407173
97.8 2.73891 -5.61983 -0.0407173
97.9 2.73953 -5.61985 -0.0444189
98 2.73953 -5.61985 -0.0370157
98.05 2.73953 -5.61985 -0.0370157
98.1 2.73953 -5.61985 -0.0296126
98.15 2.73953 -5.61985 -0.0296126
98.25 2.73953 -5.61985 -0.0296126
98.35 2.73953 -5.61985 -0.0222094
98.45 2.73953 -5.61985 -0.0222094
98.5 2.73891 -5.61984 -0.0185079
98.55 2.73953 -5.61985 -0.0222094
98.6 2.73953 -5.61985 -0.0148063
98.7 2.73953 -5.61985 -0.0148063
98.8 2.73953 -5.61985 -0.0148063
98.85 2.73953 -5.61985 -0.0148063
98.9 2.73953 -5.61985 -0.0148063
98.95 2.73953 -5.61985 -0.0148063
99.05 2.73953 -5.61985 -0.0148063
99.15 2.73953 -5.61985 -0.0148063
99.25 2.74014 -5.61986 -0.0111047
99.35 2.74014 -5.61986 0.0111047
99.4 2.74014 -5.61986 0.0333142
99.45 2.74014 -5.61986 0.0629268
99.5 2.74075 -5.61982 0.103644
99.55 2.74075 -5.61982 0.14066
99.6 2.74014 -5.6199 0.166571
99.65 2.73894 -5.62011 0.196183
99.7 2.73713 -5.62047 0.222094
99.75 2.73654 -5.6206 0.240602
99.8 2.73594 -5.62075 0.251707
99.85 2.73594 -5.62075 0.25911
99.9 2.73594 -5.62075 0.266513
99.95 2.73653 -5.62059 0.270215
