47.85 -0.00377466 0.000414066 0.00111156
47.9 -0.00171675 0.000300163 0.000994251
47.95 0.00419794 0.000140168 0.000219818
48 0.013991 7.21157e-05 -0.000341153
48.05 0.0275881 4.51914e-05 -0.000898364
48.1 0.0449445 3.29282e-05 -0.00139615
48.15 0.0655251 -1.49008e-05 -0.000481231
48.2 0.0871265 -0.000187602 0.0052943
48.25 0.109494 -0.000169768 0.0153384
48.3 0.132338 4.76958e-05 0.0268973
48.35 0.155088 0.000662314 0.038101
48.4 0.177446 0.00153688 0.0486393
48.45 0.199134 0.00250075 0.0602022
48.5 0.220574 0.00354987 0.0712801
48.55 0.241774 0.00510039 0.0808093
48.6 0.263068 0.00716748 0.0902926
48.65 0.284264 0.00922758 0.100437
48.7 0.30541 0.0113116 0.110986
48.75 0.326361 0.0135458 0.12116
48.8 0.347133 0.0159388 0.130855
48.85 0.367656 0.0185281 0.140502
48.9 0.388033 0.0212312 0.149797
48.95 0.408253 0.0240448 0.158393
49 0.428387 0.027118 0.166484
49.05 0.449092 0.0299846 0.177802
49.1 0.471458 0.0326804 0.201617
49.15 0.493959 0.0359959 0.230511
49.2 0.516101 0.0397313 0.260119
49.25 0.537856 0.0441006 0.290091
49.3 0.559522 0.0493358 0.317691
49.35 0.581083 0.055775 0.341676
49.4 0.602302 0.0627109 0.365455
49.45 0.623323 0.0699764 0.389392
49.5 0.643983 0.077532 0.413658
49.55 0.664332 0.0855799 0.436896
49.6 0.684405 0.0940764 0.459281
49.65 0.704187 0.102992 0.481325
49.7 0.723683 0.112387 0.502532
49.75 0.742982 0.122187 0.523476
49.8 0.762017 0.132288 0.544073
49.85 0.780601 0.14268 0.565035
49.9 0.799076 0.153558 0.585265
49.95 0.81714 0.164673 0.604993
50 0.834775 0.176096 0.624695
50.05 0.852145 0.187818 0.643795
50.1 0.869291 0.199884 0.662592
50.15 0.886218 0.212282 0.681062
50.2 0.902722 0.224859 0.698768
50.25 0.918944 0.237718 0.716383
50.3 0.934771 0.25071 0.733486
50.35 0.950439 0.264015 0.750233
50.4 0.965695 0.277442 0.767249
50.45 0.980733 0.291102 0.783923
50.5 0.995475 0.304985 0.799858
50.55 1.00996 0.319122 0.815792
50.6 1.02411 0.333475 0.831046
50.65 1.03821 0.348102 0.846375
50.7 1.05199 0.362892 0.860711
50.75 1.06549 0.377795 0.875053
50.8 1.07868 0.392813 0.889063
50.85 1.09162 0.408003 0.902613
50.9 1.10434 0.423317 0.915941
50.95 1.11663 0.438544 0.929011
51 1.12873 0.453979 0.941866
51.05 1.14058 0.469516 0.954293
51.1 1.15216 0.485078 0.966967
51.15 1.16355 0.500845 0.979165
51.2 1.17471 0.516652 0.991144
51.25 1.18555 0.532509 1.0027
51.3 1.19624 0.548544 1.01381
51.35 1.20676 0.564684 1.0245
51.4 1.21702 0.580866 1.03471
51.45 1.22702 0.597014 1.04504
51.5 1.23682 0.613274 1.05546
51.55 1.24648 0.629638 1.06547
51.6 1.25596 0.646012 1.07501
51.65 1.26515 0.662343 1.08431
51.7 1.27426 0.67897 1.09327
51.75 1.28323 0.695601 1.10191
51.8 1.2919 0.712063 1.11047
51.85 1.30042 0.72857 1.11878
51.9 1.30878 0.74522 1.12683
51.95 1.31707 0.762023 1.13457
52 1.32516 0.778701 1.14203
52.05 1.33305 0.795388 1.14919
52.1 1.34084 0.812157 1.15606
52.15 1.34853 0.828967 1.16268
52.2 1.35607 0.845765 1.16911
52.25 1.36343 0.862505 1.17535
52.3 1.37069 0.87936 1.18131
52.35 1.37781 0.896197 1.18692
52.4 1.38483 0.913077 1.19234
52.45 1.39175 0.929956 1.19762
52.5 1.39859 0.946852 1.20277
52.55 1.40528 0.963768 1.20768
52.6 1.41192 0.980713 1.21234
52.65 1.41843 0.997629 1.21675
52.7 1.42487 1.01457 1.22106
52.75 1.43119 1.03149 1.22512
52.8 1.43744 1.04847 1.2289
52.85 1.44365 1.06545 1.23247
52.9 1.44973 1.0824 1.23587
52.95 1.45577 1.09935 1.23936
53 1.46172 1.1163 1.24232
53.05 1.46759 1.13325 1.24519
53.1 1.47343 1.15019 1.24777
53.15 1.47922 1.16715 1.25026
53.2 1.48492 1.18411 1.25251
53.25 1.49057 1.20107 1.25458
53.3 1.49616 1.21804 1.25656
53.35 1.50173 1.23499 1.25828
53.4 1.50728 1.25191 1.25981
53.45 1.51277 1.26888 1.26124
53.5 1.51825 1.28581 1.2625
53.55 1.5237 1.30273 1.2636
53.6 1.52908 1.31966 1.26449
53.65 1.53445 1.33658 1.26517
53.7 1.53979 1.35348 1.26572
53.75 1.54513 1.37041 1.26611
53.8 1.55045 1.3873 1.26633
53.85 1.55577 1.40418 1.26647
53.9 1.56106 1.42105 1.26641
53.95 1.56638 1.43791 1.26628
54 1.57166 1.45475 1.26588
54.05 1.57694 1.4716 1.26537
54.1 1.58221 1.48841 1.26474
54.15 1.5875 1.50523 1.26402
54.2 1.59278 1.52203 1.26315
54.25 1.59809 1.53884 1.26219
54.3 1.60336 1.55561 1.2611
54.35 1.60871 1.57237 1.25981
54.4 1.61405 1.58912 1.25841
54.45 1.61942 1.60588 1.2569
54.5 1.6248 1.62263 1.25528
54.55 1.6302 1.63937 1.2536
54.6 1.6356 1.65604 1.2518
54.65 1.64102 1.67272 1.24977
54.7 1.64648 1.68936 1.24768
54.75 1.65199 1.70598 1.24538
54.8 1.65749 1.72259 1.24307
54.85 1.66304 1.73918 1.24062
54.9 1.66866 1.75579 1.23803
54.95 1.67425 1.77233 1.23537
55 1.67989 1.78883 1.23253
55.05 1.68563 1.80541 1.22968
55.1 1.69139 1.82191 1.22673
55.15 1.69719 1.83841 1.22372
55.2 1.70305 1.85488 1.22042
55.25 1.70896 1.87133 1.21705
55.3 1.71489 1.8877 1.21358
55.35 1.72088 1.9041 1.21012
55.4 1.72694 1.92049 1.20666
55.45 1.73307 1.93687 1.20302
55.5 1.73918 1.95319 1.19915
55.55 1.74537 1.96944 1.19519
55.6 1.75162 1.98567 1.19109
55.65 1.75792 2.00186 1.18689
55.7 1.76429 2.01804 1.18263
55.75 1.77073 2.03419 1.17829
55.8 1.77723 2.0503 1.17386
55.85 1.7838 2.06636 1.16937
55.9 1.79043 2.08241 1.16478
55.95 1.79715 2.09845 1.16007
56 1.80392 2.11443 1.15527
56.05 1.81076 2.13036 1.1504
56.1 1.81768 2.14627 1.14551
56.15 1.82468 2.16216 1.14052
56.2 1.83175 2.17799 1.13543
56.25 1.8389 2.19378 1.1303
56.3 1.84611 2.20952 1.1251
56.35 1.85342 2.22525 1.11984
56.4 1.8608 2.24094 1.11445
56.45 1.86826 2.25658 1.10899
56.5 1.87579 2.27215 1.10345
56.55 1.88341 2.28771 1.09787
56.6 1.89111 2.30321 1.09219
56.65 1.89891 2.31867 1.08643
56.7 1.90679 2.33409 1.08062
56.75 1.91475 2.34946 1.07474
56.8 1.9228 2.36477 1.06885
56.85 1.93096 2.38 1.06291
56.9 1.93921 2.39524 1.05723
56.95 1.94758 2.41048 1.05139
57 1.956 2.42567 1.04567
57.05 1.9645 2.44079 1.03988
57.1 1.97309 2.45589 1.03393
57.15 1.98179 2.47092 1.02781
57.2 1.99056 2.48593 1.02176
57.25 1.99944 2.50087 1.01557
57.3 2.00838 2.51576 1.00948
57.35 2.01741 2.53056 1.00344
57.4 2.02652 2.54528 0.997218
57.45 2.03573 2.55991 0.990906
57.5 2.045 2.57446 0.98448
57.55 2.05435 2.58896 0.97775
57.6 2.06379 2.6034 0.971024
57.65 2.0733 2.61778 0.964088
57.7 2.08296 2.63213 0.95743
57.75 2.09268 2.6463 0.950704
57.8 2.10248 2.66051 0.943807
57.85 2.11235 2.67458 0.936726
57.9 2.12234 2.68855 0.929627
57.95 2.13241 2.70247 0.92251
58 2.14255 2.71631 0.915337
58.05 2.15279 2.73004 0.908131
58.1 2.16314 2.74372 0.900911
58.15 2.17358 2.75732 0.893658
58.2 2.18412 2.77085 0.886374
58.25 2.19473 2.78427 0.879046
58.3 2.20547 2.79765 0.871707
58.35 2.21626 2.8109 0.864307
58.4 2.22716 2.82409 0.856796
58.45 2.23816 2.8372 0.849271
58.5 2.24924 2.8502 0.841732
58.55 2.2604 2.86311 0.834131
58.6 2.27168 2.87595 0.826476
58.65 2.28304 2.88869 0.818844
58.7 2.29449 2.90133 0.811193
58.75 2.30601 2.91387 0.803475
58.8 2.31762 2.92632 0.795711
58.85 2.32931 2.93867 0.787919
58.9 2.34114 2.95093 0.780186
58.95 2.35305 2.96314 0.772655
59 2.36511 2.97522 0.765274
59.05 2.37724 2.98722 0.75792
59.1 2.38944 2.99912 0.750536
59.15 2.4018 3.01101 0.743307
59.2 2.41418 3.02276 0.735982
59.25 2.42662 3.0344 0.72852
59.3 2.43916 3.04597 0.72108
59.35 2.45176 3.05742 0.71351
59.4 2.46441 3.06878 0.705863
59.45 2.47711 3.07997 0.697956
59.5 2.48993 3.0911 0.690328
59.55 2.50283 3.10213 0.682822
59.6 2.5158 3.11307 0.675162
59.65 2.52885 3.12386 0.667521
59.7 2.54194 3.13457 0.659621
59.75 2.5551 3.14518 0.652118
59.8 2.56835 3.15567 0.643708
59.85 2.58159 3.16603 0.635172
59.9 2.5949 3.17625 0.626764
59.95 2.60829 3.18633 0.618321
60 2.62174 3.19628 0.609836
60.05 2.63525 3.20613 0.601369
60.1 2.64884 3.21585 0.592867
60.15 2.66259 3.2255 0.584287
60.2 2.6763 3.23495 0.575722
60.25 2.6901 3.24429 0.567163
60.3 2.70397 3.25351 0.558583
60.35 2.7179 3.2626 0.549959
60.4 2.7319 3.27157 0.54128
60.45 2.74594 3.28038 0.532656
60.5 2.76007 3.28909 0.523968
60.55 2.77425 3.29766 0.515287
60.6 2.78847 3.30609 0.506543
60.65 2.80276 3.3144 0.497817
60.7 2.81708 3.32256 0.489102
60.75 2.83148 3.33059 0.480363
60.8 2.84594 3.3385 0.471562
60.85 2.86042 3.34624 0.462786
60.9 2.87495 3.35386 0.453982
60.95 2.88954 3.36134 0.445208
61 2.90419 3.36869 0.436384
61.05 2.91886 3.3759 0.42755
61.1 2.9336 3.38297 0.418718
61.15 2.94836 3.3899 0.409804
61.2 2.96318 3.3967 0.400916
61.25 2.978 3.40335 0.392038
61.3 2.99289 3.40986 0.383133
61.35 3.0078 3.41623 0.374182
61.4 3.02276 3.42246 0.365226
61.45 3.03776 3.42855 0.356253
61.5 3.05276 3.43449 0.347266
61.55 3.06779 3.44029 0.338298
61.6 3.08288 3.44595 0.329305
61.65 3.09798 3.45146 0.320317
61.7 3.1131 3.45683 0.311345
61.75 3.1283 3.46207 0.302395
61.8 3.14346 3.46716 0.293403
61.85 3.15867 3.4721 0.284409
61.9 3.17392 3.47689 0.275487
61.95 3.18914 3.48154 0.266533
62 3.20441 3.48606 0.257524
62.05 3.2197 3.49042 0.248485
62.1 3.23505 3.4947 0.239772
62.15 3.25049 3.4988 0.231525
62.2 3.2659 3.50275 0.223092
62.25 3.28131 3.50659 0.21479
62.3 3.29677 3.51028 0.206402
62.35 3.31219 3.51387 0.197871
62.4 3.32763 3.51728 0.189374
62.45 3.343 3.52056 0.180667
62.5 3.35843 3.52371 0.172216
62.55 3.37384 3.52672 0.163736
62.6 3.38923 3.52959 0.155237
62.65 3.40461 3.53233 0.146842
62.7 3.42002 3.53492 0.138382
62.75 3.43545 3.53739 0.1301
62.8 3.45085 3.5397 0.121597
62.85 3.46618 3.54188 0.113114
62.9 3.48151 3.54393 0.104797
62.95 3.49687 3.54586 0.0962466
63 3.51218 3.54765 0.0876359
63.05 3.5275 3.54932 0.0791099
63.1 3.54274 3.55085 0.0705219
63.15 3.55804 3.55222 0.0620613
63.2 3.57327 3.55348 0.0535384
63.25 3.58851 3.55459 0.0451858
63.3 3.60372 3.55559 0.0367929
63.35 3.61892 3.55649 0.0282802
63.4 3.63405 3.55724 0.0196297
63.45 3.64915 3.55786 0.0109339
63.5 3.66418 3.55839 0.00180841
63.55 3.67912 3.55875 -0.00728155
63.6 3.69399 3.55899 -0.0163161
63.65 3.70886 3.5591 -0.0253568
63.7 3.72367 3.55907 -0.034402
63.75 3.73846 3.55891 -0.0434337
63.8 3.75318 3.55862 -0.0524933
63.85 3.76789 3.55819 -0.0615404
63.9 3.78256 3.55762 -0.0705733
63.95 3.79717 3.55693 -0.0796162
64 3.81175 3.55612 -0.0886137
64.05 3.82629 3.55516 -0.0975839
64.1 3.84076 3.55409 -0.106551
64.15 3.85521 3.55289 -0.115566
64.2 3.8696 3.55157 -0.124591
64.25 3.88394 3.55012 -0.133564
64.3 3.89822 3.54854 -0.142514
64.35 3.91247 3.54683 -0.151439
64.4 3.92664 3.54501 -0.160314
64.45 3.94077 3.54307 -0.169246
64.5 3.95488 3.541 -0.17824
64.55 3.96887 3.53883 -0.187173
64.6 3.9828 3.53653 -0.196142
64.65 3.99672 3.53412 -0.205077
64.7 4.01056 3.53158 -0.213972
64.75 4.02434 3.52893 -0.222886
64.8 4.03807 3.52617 -0.231834
64.85 4.05171 3.5233 -0.240754
64.9 4.0653 3.52031 -0.249652
64.95 4.07882 3.51721 -0.258566
65 4.09229 3.514 -0.267438
65.05 4.10568 3.51067 -0.276293
65.1 4.119 3.50725 -0.285131
65.15 4.13224 3.50371 -0.293947
65.2 4.14542 3.50008 -0.302839
65.25 4.15852 3.49634 -0.311696
65.3 4.17154 3.4925 -0.320582
65.35 4.18452 3.48855 -0.329394
65.4 4.19741 3.4845 -0.338191
65.45 4.21024 3.48035 -0.346961
65.5 4.22299 3.47609 -0.355719
65.55 4.23565 3.47175 -0.364481
65.6 4.24823 3.46732 -0.373264
65.65 4.26073 3.46278 -0.382036
65.7 4.27314 3.45815 -0.390691
65.75 4.28549 3.45342 -0.399349
65.8 4.29775 3.4486 -0.407979
65.85 4.30993 3.4437 -0.41668
65.9 4.32204 3.43871 -0.425368
65.95 4.33405 3.43363 -0.434025
66 4.34599 3.42846 -0.442674
66.05 4.35784 3.4232 -0.451264
66.1 4.36962 3.41786 -0.459852
66.15 4.38131 3.41244 -0.468413
66.2 4.39289 3.40695 -0.476982
66.25 4.4044 3.40137 -0.485505
66.3 4.41584 3.3957 -0.494038
66.35 4.42718 3.38996 -0.502537
66.4 4.43842 3.38416 -0.510959
66.45 4.44959 3.37826 -0.519377
66.5 4.46066 3.37231 -0.527842
66.55 4.47164 3.36628 -0.536247
66.6 4.48255 3.36018 -0.544654
66.65 4.49336 3.35401 -0.553095
66.7 4.50408 3.34776 -0.561469
66.75 4.51471 3.34145 -0.569849
66.8 4.52525 3.33508 -0.578227
66.85 4.53571 3.32864 -0.586497
66.9 4.54607 3.32215 -0.594792
66.95 4.55633 3.31558 -0.603068
67 4.56651 3.30897 -0.611297
67.05 4.57659 3.30229 -0.61954
67.1 4.58658 3.29556 -0.627728
67.15 4.59649 3.28875 -0.635902
67.2 4.6063 3.2819 -0.644072
67.25 4.61598 3.27501 -0.652262
67.3 4.62562 3.26805 -0.660387
67.35 4.63516 3.26102 -0.668526
67.4 4.64459 3.25397 -0.676629
67.45 4.65394 3.24687 -0.684668
67.5 4.66321 3.2397 -0.692718
67.55 4.67237 3.2325 -0.700779
67.6 4.68143 3.22526 -0.708787
67.65 4.69041 3.21796 -0.716775
67.7 4.6993 3.21063 -0.724729
67.75 4.70809 3.20323 -0.732688
67.8 4.71679 3.19582 -0.740604
67.85 4.72541 3.18836 -0.74855
67.9 4.73394 3.18086 -0.756473
67.95 4.74237 3.17331 -0.764341
68 4.75071 3.16574 -0.772228
68.05 4.75895 3.15812 -0.780078
68.1 4.76708 3.15047 -0.78788
68.15 4.77525 3.14269 -0.795626
68.2 4.78325 3.13495 -0.803257
68.25 4.79118 3.12716 -0.811067
68.3 4.799 3.1194 -0.818839
68.35 4.8067 3.11161 -0.826534
68.4 4.8143 3.10377 -0.834181
68.45 4.82182 3.09592 -0.841857
68.5 4.82924 3.08806 -0.849521
68.55 4.83658 3.08017 -0.857111
68.6 4.84383 3.07224 -0.864661
68.65 4.85098 3.06429 -0.872149
68.7 4.85804 3.05634 -0.879608
68.75 4.86502 3.04835 -0.887039
68.8 4.87189 3.04037 -0.894429
68.85 4.87871 3.03236 -0.901866
68.9 4.88543 3.02432 -0.909254
68.95 4.89205 3.01627 -0.916621
69 4.89858 3.00821 -0.923971
69.05 4.90504 3.00014 -0.931318
69.1 4.9114 2.99207 -0.938582
69.15 4.91768 2.98396 -0.945792
69.2 4.92389 2.97585 -0.95295
69.25 4.93 2.96773 -0.960085
69.3 4.93602 2.95961 -0.967276
69.35 4.94196 2.95147 -0.974388
69.4 4.94782 2.94332 -0.981463
69.45 4.95359 2.93518 -0.988525
69.5 4.9593 2.92701 -0.995537
69.55 4.96492 2.91885 -1.00251
69.6 4.97045 2.91071 -1.00951
69.65 4.97591 2.90253 -1.01646
69.7 4.98128 2.89436 -1.02337
69.75 4.98656 2.8862 -1.03023
69.8 4.99178 2.87802 -1.03707
69.85 4.99691 2.86986 -1.04391
69.9 5.00196 2.86168 -1.05072
69.95 5.00695 2.85351 -1.05752
70 5.01186 2.84534 -1.06426
70.05 5.01669 2.8372 -1.07103
70.1 5.02143 2.82904 -1.07774
70.15 5.02611 2.82088 -1.08437
70.2 5.03071 2.81273 -1.09094
70.25 5.03524 2.8046 -1.09748
70.3 5.0397 2.79646 -1.10403
70.35 5.04408 2.78832 -1.11058
70.4 5.04839 2.78021 -1.11708
70.45 5.05262 2.7721 -1.12354
70.5 5.05677 2.76401 -1.12991
70.55 5.06088 2.75591 -1.13631
70.6 5.0649 2.74784 -1.14263
70.65 5.06885 2.73977 -1.14897
70.7 5.07273 2.7317 -1.15528
70.75 5.07656 2.72367 -1.16154
70.8 5.08031 2.71565 -1.1678
70.85 5.08399 2.70763 -1.17399
70.9 5.0876 2.69963 -1.18017
70.95 5.09116 2.69163 -1.18633
71 5.09463 2.68366 -1.19243
71.05 5.09805 2.67571 -1.19852
71.1 5.10141 2.66777 -1.20458
71.15 5.1047 2.65984 -1.21055
71.2 5.10792 2.65195 -1.21656
71.25 5.11109 2.64406 -1.22251
71.3 5.11419 2.63619 -1.22839
71.35 5.11724 2.62832 -1.23424
71.4 5.12022 2.62049 -1.2401
71.45 5.12315 2.61267 -1.24592
71.5 5.12601 2.6049 -1.25166
71.55 5.12881 2.59712 -1.25744
71.6 5.13161 2.5893 -1.26249
71.65 5.13433 2.58149 -1.26777
71.7 5.13697 2.57373 -1.27312
71.75 5.13956 2.566 -1.27836
71.8 5.14211 2.5583 -1.28371
71.85 5.14459 2.5506 -1.28902
71.9 5.14703 2.54295 -1.29423
71.95 5.14942 2.53528 -1.29959
72 5.15178 2.52766 -1.3052
72.05 5.15411 2.51999 -1.31035
72.1 5.15638 2.51239 -1.3158
72.15 5.1586 2.50484 -1.32111
72.2 5.16077 2.49724 -1.32663
72.25 5.16289 2.48972 -1.33175
72.3 5.16492 2.48223 -1.33712
72.35 5.16692 2.47474 -1.34242
72.4 5.16887 2.46727 -1.34763
72.45 5.17077 2.45984 -1.35286
72.5 5.17262 2.45247 -1.35801
72.55 5.17442 2.44509 -1.36308
72.6 5.17618 2.43773 -1.36817
72.65 5.17788 2.43043 -1.37306
72.7 5.17955 2.42314 -1.37803
72.75 5.18117 2.41585 -1.38296
72.8 5.18275 2.40859 -1.38793
72.85 5.18428 2.40136 -1.39268
72.9 5.1858 2.39414 -1.39777
72.95 5.18724 2.38696 -1.40249
73 5.18865 2.37982 -1.40724
73.05 5.19005 2.37271 -1.4119
73.1 5.19138 2.36562 -1.41657
73.15 5.19268 2.35856 -1.42113
73.2 5.19393 2.35156 -1.42568
73.25 5.19515 2.34455 -1.43025
73.3 5.19632 2.33759 -1.43474
73.35 5.19744 2.33078 -1.43923
73.4 5.19855 2.32378 -1.44366
73.45 5.19964 2.3169 -1.44806
73.5 5.20066 2.31005 -1.45226
73.55 5.20165 2.30322 -1.45661
73.6 5.20259 2.29641 -1.46087
73.65 5.20352 2.28966 -1.4652
73.7 5.20441 2.28293 -1.4695
73.75 5.20527 2.27623 -1.47367
73.8 5.20609 2.26956 -1.47789
73.85 5.20689 2.26291 -1.48212
73.9 5.20764 2.25631 -1.48627
73.95 5.20838 2.24974 -1.49041
74 5.20909 2.24317 -1.49437
74.05 5.20973 2.23666 -1.49844
74.1 5.21036 2.23017 -1.50241
74.15 5.21098 2.2237 -1.50644
74.2 5.21155 2.21728 -1.51036
74.25 5.21213 2.21088 -1.51428
74.3 5.21267 2.20451 -1.51813
74.35 5.21316 2.19819 -1.52205
74.4 5.21362 2.19188 -1.52586
74.45 5.21407 2.18559 -1.52965
74.5 5.21448 2.17934 -1.53344
74.55 5.21487 2.17312 -1.53718
74.6 5.21527 2.16693 -1.54087
74.65 5.2156 2.16077 -1.54451
74.7 5.21591 2.15465 -1.54809
74.75 5.21619 2.14855 -1.55166
74.8 5.21645 2.14247 -1.55522
74.85 5.2167 2.13641 -1.55871
74.9 5.21691 2.13039 -1.56219
74.95 5.21711 2.12441 -1.56556
75 5.21728 2.11847 -1.56882
75.05 5.21742 2.11257 -1.57217
75.1 5.21754 2.10669 -1.57552
75.15 5.21766 2.10082 -1.57876
75.2 5.21775 2.09498 -1.582
75.25 5.21783 2.08916 -1.58526
75.3 5.21788 2.08337 -1.58849
75.35 5.21791 2.07762 -1.59175
75.4 5.21791 2.0719 -1.59486
75.45 5.2179 2.06619 -1.59798
75.5 5.21787 2.06051 -1.60109
75.55 5.21781 2.05488 -1.60412
75.6 5.21775 2.04924 -1.60711
75.65 5.21768 2.04368 -1.61007
75.7 5.21758 2.03812 -1.61296
75.75 5.21748 2.03259 -1.61589
75.8 5.21736 2.0271 -1.61874
75.85 5.21723 2.02162 -1.62159
75.9 5.21707 2.01618 -1.62445
75.95 5.2169 2.01075 -1.62723
76 5.21669 2.00537 -1.62997
76.05 5.21648 2.00001 -1.63269
76.1 5.21626 1.99468 -1.63534
76.15 5.21603 1.98938 -1.6379
76.2 5.2158 1.98409 -1.64056
76.25 5.21556 1.97882 -1.64314
76.3 5.21528 1.97359 -1.6457
76.35 5.21501 1.96837 -1.64826
76.4 5.21472 1.9632 -1.65079
76.45 5.21442 1.95804 -1.65326
76.5 5.2141 1.95292 -1.65576
76.55 5.21378 1.94783 -1.65817
76.6 5.21343 1.94276 -1.66058
76.65 5.21307 1.93772 -1.66292
76.7 5.21268 1.9327 -1.66529
76.75 5.21231 1.92771 -1.66759
76.8 5.21194 1.92274 -1.66989
76.85 5.21154 1.91779 -1.67217
76.9 5.21113 1.91287 -1.67432
76.95 5.21071 1.90799 -1.67647
77 5.21028 1.90313 -1.67858
77.05 5.20985 1.89829 -1.68067
77.1 5.20941 1.89347 -1.68278
77.15 5.20895 1.88868 -1.68486
77.2 5.20848 1.88391 -1.68684
77.25 5.20801 1.87917 -1.68871
77.3 5.20755 1.87445 -1.6907
77.35 5.20707 1.86976 -1.69273
77.4 5.20657 1.86508 -1.69472
77.45 5.20607 1.86045 -1.69663
77.5 5.20556 1.85583 -1.69851
77.55 5.20505 1.85123 -1.70038
77.6 5.20453 1.84666 -1.70223
77.65 5.20399 1.84212 -1.70401
77.7 5.20346 1.8376 -1.70577
77.75 5.20293 1.83309 -1.70751
77.8 5.20239 1.8286 -1.70923
77.85 5.20184 1.82415 -1.71093
77.9 5.20129 1.81972 -1.71257
77.95 5.20073 1.81531 -1.71423
78 5.20017 1.81092 -1.71582
78.05 5.1996 1.80654 -1.7174
78.1 5.19902 1.80221 -1.71893
78.15 5.19845 1.79788 -1.72045
78.2 5.19788 1.79358 -1.72194
78.25 5.19729 1.78932 -1.72339
78.3 5.1967 1.78507 -1.72484
78.35 5.19612 1.78085 -1.72632
78.4 5.19552 1.77664 -1.72771
78.45 5.19492 1.77245 -1.72904
78.5 5.19431 1.76829 -1.7304
78.55 5.19371 1.76414 -1.73173
78.6 5.19309 1.76002 -1.73304
78.65 5.19246 1.75592 -1.73428
78.7 5.19185 1.75184 -1.73558
78.75 5.19124 1.74778 -1.73684
78.8 5.19061 1.74374 -1.73803
78.85 5.18998 1.73973 -1.73922
78.9 5.18935 1.73572 -1.74037
78.95 5.18873 1.73175 -1.74154
79 5.1881 1.7278 -1.74272
79.05 5.18746 1.72387 -1.74383
79.1 5.18681 1.71996 -1.74488
79.15 5.18618 1.71606 -1.74591
79.2 5.18554 1.7122 -1.74692
79.25 5.18489 1.70834 -1.74787
79.3 5.18425 1.70451 -1.74885
79.35 5.18361 1.7007 -1.7498
79.4 5.18296 1.69691 -1.75069
79.45 5.18231 1.69313 -1.75157
79.5 5.18166 1.68938 -1.75244
79.55 5.18101 1.68565 -1.7533
79.6 5.18037 1.68193 -1.75409
79.65 5.17972 1.67824 -1.75486
79.7 5.17906 1.67455 -1.75563
79.75 5.1784 1.67089 -1.7564
79.8 5.17776 1.66725 -1.75718
79.85 5.1771 1.66363 -1.75787
79.9 5.17645 1.66002 -1.75856
79.95 5.17579 1.65644 -1.75922
80 5.17514 1.65287 -1.75987
80.05 5.17449 1.64933 -1.76052
80.1 5.17385 1.6458 -1.76117
80.15 5.1732 1.64229 -1.76175
80.2 5.17255 1.6388 -1.76231
80.25 5.17189 1.63533 -1.76286
80.3 5.17125 1.63187 -1.76341
80.35 5.1706 1.62843 -1.76394
80.4 5.16995 1.62501 -1.76445
80.45 5.1693 1.62159 -1.7649
80.5 5.16865 1.6182 -1.76534
80.55 5.16801 1.61485 -1.76581
80.6 5.16737 1.6115 -1.76629
80.65 5.16672 1.60816 -1.76671
80.7 5.16607 1.60483 -1.7671
80.75 5.16544 1.60155 -1.76748
80.8 5.1648 1.59825 -1.76779
80.85 5.16416 1.59496 -1.76815
80.9 5.16353 1.59172 -1.7685
80.95 5.1629 1.5885 -1.76884
81 5.16226 1.58528 -1.76912
81.05 5.16163 1.58207 -1.76942
81.1 5.16099 1.57884 -1.76966
81.15 5.16037 1.57569 -1.76989
81.2 5.15974 1.57251 -1.77016
81.25 5.15911 1.56939 -1.77037
81.3 5.1585 1.56629 -1.77053
81.35 5.15788 1.56319 -1.77071
81.4 5.15726 1.5601 -1.77087
81.45 5.15665 1.55703 -1.771
81.5 5.15602 1.55395 -1.77114
81.55 5.15542 1.55092 -1.77124
81.6 5.1548 1.54787 -1.77135
81.65 5.15419 1.54485 -1.77144
81.7 5.15359 1.54188 -1.77151
81.75 5.15298 1.53887 -1.77158
81.8 5.15239 1.53594 -1.77163
81.85 5.15179 1.53298 -1.77167
81.9 5.15118 1.53001 -1.77169
81.95 5.15059 1.52711 -1.77169
82 5.15 1.52421 -1.77169
82.05 5.14941 1.52131 -1.77163
82.1 5.14883 1.51841 -1.77159
82.15 5.14824 1.51556 -1.77154
82.2 5.14766 1.51271 -1.77147
82.25 5.14708 1.50988 -1.77138
82.3 5.1465 1.50706 -1.77124
82.35 5.14592 1.50425 -1.77112
82.4 5.14535 1.50146 -1.77099
82.45 5.14477 1.49864 -1.77085
82.5 5.14422 1.4959 -1.7707
82.55 5.14365 1.49313 -1.77053
82.6 5.14309 1.49038 -1.7704
82.65 5.14253 1.48764 -1.7702
82.7 5.14197 1.48497 -1.76998
82.75 5.14142 1.48226 -1.76975
82.8 5.14087 1.47958 -1.76956
82.85 5.14032 1.47691 -1.7693
82.9 5.13977 1.47422 -1.76904
82.95 5.13923 1.47158 -1.76874
83 5.13869 1.46895 -1.76848
83.05 5.13815 1.46634 -1.76821
83.1 5.13761 1.46373 -1.76787
83.15 5.13708 1.46114 -1.76754
83.2 5.13655 1.45855 -1.76722
83.25 5.13602 1.45598 -1.76691
83.3 5.1355 1.45342 -1.76657
83.35 5.13498 1.45086 -1.76622
83.4 5.13446 1.44831 -1.76584
83.45 5.13394 1.44578 -1.7655
83.5 5.13343 1.44328 -1.76515
83.55 5.13292 1.44075 -1.76478
83.6 5.13242 1.43826 -1.76439
83.65 5.13192 1.43583 -1.76399
83.7 5.13142 1.43335 -1.76358
83.75 5.13092 1.4309 -1.76314
83.8 5.13042 1.42844 -1.7627
83.85 5.12993 1.42604 -1.76224
83.9 5.12945 1.42363 -1.76181
83.95 5.12896 1.42122 -1.76136
84 5.12848 1.41883 -1.7609
84.05 5.12799 1.41642 -1.76043
84.1 5.12752 1.41407 -1.75994
84.15 5.12705 1.41173 -1.75943
84.2 5.12657 1.40935 -1.75891
84.25 5.1261 1.40703 -1.75836
84.3 5.12564 1.40471 -1.7578
84.35 5.12517 1.40238 -1.75728
84.4 5.12471 1.40007 -1.75675
84.45 5.12425 1.39779 -1.7562
84.5 5.12381 1.39552 -1.75564
84.55 5.12336 1.39328 -1.75506
84.6 5.12291 1.39102 -1.75446
84.65 5.12247 1.38875 -1.7539
84.7 5.12203 1.3865 -1.75334
84.75 5.12159 1.38428 -1.75275
84.8 5.12116 1.38207 -1.75214
84.85 5.12073 1.37985 -1.75152
84.9 5.1203 1.37766 -1.75088
84.95 5.11988 1.37549 -1.75023
85 5.11946 1.37332 -1.74956
85.05 5.11903 1.37115 -1.74893
85.1 5.11862 1.36902 -1.74828
85.15 5.11821 1.36686 -1.74762
85.2 5.1178 1.36473 -1.74699
85.25 5.11739 1.36261 -1.74635
85.3 5.117 1.36053 -1.74565
85.35 5.11659 1.3584 -1.74498
85.4 5.11619 1.35631 -1.7443
85.45 5.1158 1.35423 -1.7436
85.5 5.11541 1.35215 -1.74294
85.55 5.11503 1.35015 -1.7422
85.6 5.11464 1.3481 -1.74145
85.65 5.11425 1.34601 -1.74074
85.7 5.11387 1.34398 -1.74001
85.75 5.11348 1.34197 -1.73933
85.8 5.11311 1.34 -1.73858
85.85 5.11274 1.33795 -1.73785
85.9 5.11237 1.33597 -1.73711
85.95 5.112 1.33399 -1.73635
86 5.11164 1.33202 -1.7356
86.05 5.11129 1.3301 -1.73482
86.1 5.11093 1.32815 -1.73407
86.15 5.11058 1.32621 -1.73331
86.2 5.11022 1.32427 -1.73255
86.25 5.10987 1.32232 -1.73177
86.3 5.10952 1.32038 -1.73101
86.35 5.10918 1.31848 -1.73018
86.4 5.10885 1.31663 -1.72941
86.45 5.10852 1.31475 -1.72861
86.5 5.10818 1.31287 -1.7278
86.55 5.10785 1.311 -1.72704
86.6 5.10753 1.30915 -1.72624
86.65 5.1072 1.30729 -1.72544
86.7 5.10688 1.30545 -1.72462
86.75 5.10656 1.30362 -1.72385
86.8 5.10624 1.3018 -1.72302
86.85 5.10593 1.29998 -1.72222
86.9 5.10561 1.29817 -1.72139
86.95 5.1053 1.29638 -1.72057
87 5.105 1.2946 -1.71977
87.05 5.10469 1.29281 -1.71898
87.1 5.10439 1.29104 -1.71816
87.15 5.1041 1.28927 -1.71732
87.2 5.1038 1.28752 -1.71653
87.25 5.10351 1.28577 -1.71569
87.3 5.10322 1.28404 -1.71486
87.35 5.10293 1.28231 -1.71406
87.4 5.10265 1.28059 -1.7132
87.45 5.10237 1.27887 -1.71239
87.5 5.10209 1.27717 -1.71158
87.55 5.10181 1.27548 -1.71074
87.6 5.10152 1.27379 -1.70988
87.65 5.10125 1.27211 -1.70906
87.7 5.10098 1.27044 -1.70823
87.75 5.10072 1.26878 -1.7074
87.8 5.10045 1.26712 -1.70655
87.85 5.10019 1.26548 -1.70573
87.9 5.09993 1.26382 -1.70493
87.95 5.09967 1.2622 -1.70409
88 5.09942 1.26058 -1.70325
88.05 5.09917 1.25896 -1.70239
88.1 5.09892 1.25735 -1.70158
88.15 5.09867 1.25575 -1.70071
88.2 5.09843 1.25416 -1.69987
88.25 5.09819 1.25258 -1.69903
88.3 5.09794 1.251 -1.69822
88.35 5.0977 1.24944 -1.6974
88.4 5.09746 1.24787 -1.69651
88.45 5.09722 1.24632 -1.69564
88.5 5.09699 1.24478 -1.69477
88.55 5.09675 1.24324 -1.69393
88.6 5.09652 1.24171 -1.69308
88.65 5.0963 1.24018 -1.69222
88.7 5.09608 1.23866 -1.69141
88.75 5.09585 1.23715 -1.69052
88.8 5.09564 1.23565 -1.68966
88.85 5.09542 1.23415 -1.68881
88.9 5.09521 1.23266 -1.68794
88.95 5.095 1.23118 -1.68706
89 5.09478 1.2297 -1.68621
89.05 5.09457 1.22824 -1.68536
89.1 5.09437 1.22678 -1.6845
89.15 5.09416 1.22532 -1.68369
89.2 5.09397 1.22388 -1.68287
89.25 5.09377 1.22244 -1.68197
89.3 5.09357 1.22101 -1.68112
89.35 5.09337 1.21959 -1.68026
89.4 5.09318 1.21818 -1.67938
89.45 5.09298 1.21677 -1.67851
89.5 5.09279 1.21537 -1.67767
89.55 5.0926 1.21397 -1.67682
89.6 5.09242 1.21258 -1.67595
89.65 5.09223 1.2112 -1.67511
89.7 5.09205 1.20982 -1.67427
89.75 5.09188 1.20845 -1.67342
89.8 5.0917 1.20709 -1.67255
89.85 5.09152 1.20573 -1.6717
89.9 5.09134 1.20438 -1.67088
89.95 5.09117 1.20304 -1.67004
90 5.091 1.20171 -1.66919
90.05 5.09083 1.20038 -1.66832
90.1 5.09066 1.19906 -1.6675
90.15 5.0905 1.19774 -1.66667
90.2 5.09033 1.19643 -1.66584
90.25 5.09018 1.19513 -1.66499
90.3 5.09002 1.19383 -1.66414
90.35 5.08986 1.19255 -1.66328
90.4 5.08971 1.19126 -1.66246
90.45 5.08955 1.18998 -1.66168
90.5 5.08941 1.18871 -1.6609
90.55 5.08925 1.18743 -1.6601
90.6 5.0891 1.18618 -1.65928
90.65 5.08895 1.18492 -1.65846
90.7 5.08881 1.18367 -1.65769
90.75 5.08868 1.18243 -1.65692
90.8 5.08853 1.1812 -1.65612
90.85 5.08839 1.17998 -1.65533
90.9 5.08825 1.17875 -1.65452
90.95 5.08812 1.17754 -1.65371
91 5.08797 1.17632 -1.65289
91.05 5.08784 1.17511 -1.65211
91.1 5.08771 1.17391 -1.65132
91.15 5.08757 1.17271 -1.65052
91.2 5.08744 1.17152 -1.64974
91.25 5.08731 1.17033 -1.64898
91.3 5.08718 1.16916 -1.64821
91.35 5.08705 1.16799 -1.64741
91.4 5.08693 1.16682 -1.64667
91.45 5.08681 1.16567 -1.64591
91.5 5.08669 1.16451 -1.64515
91.55 5.08657 1.16337 -1.64438
91.6 5.08645 1.16223 -1.64361
91.65 5.08633 1.16109 -1.64282
91.7 5.08621 1.15996 -1.64209
91.75 5.0861 1.15883 -1.64135
91.8 5.08599 1.15772 -1.64059
91.85 5.08587 1.15661 -1.63983
91.9 5.08577 1.15549 -1.63906
91.95 5.08566 1.15439 -1.63827
92 5.08555 1.1533 -1.63754
92.05 5.08544 1.15221 -1.63681
92.1 5.08534 1.15112 -1.63607
92.15 5.08524 1.15003 -1.63532
92.2 5.08513 1.14896 -1.6346
92.25 5.08503 1.14788 -1.6339
92.3 5.08493 1.14682 -1.63317
92.35 5.08482 1.14576 -1.63244
92.4 5.08473 1.14471 -1.63169
92.45 5.08463 1.14365 -1.63098
92.5 5.08454 1.14261 -1.63029
92.55 5.08444 1.14157 -1.62958
92.6 5.08435 1.14053 -1.62887
92.65 5.08427 1.13951 -1.62822
92.7 5.08418 1.13848 -1.62755
92.75 5.08409 1.13747 -1.62687
92.8 5.084 1.13646 -1.62613
92.85 5.08392 1.13545 -1.62543
92.9 5.08383 1.13444 -1.62472
92.95 5.08374 1.13344 -1.62402
93 5.08367 1.13244 -1.62337
93.05 5.08358 1.13146 -1.62272
93.1 5.0835 1.13047 -1.62204
93.15 5.08341 1.12949 -1.62137
93.2 5.08334 1.12851 -1.62074
93.25 5.08326 1.12755 -1.62011
93.3 5.08318 1.12658 -1.61942
93.35 5.08311 1.12562 -1.61878
93.4 5.08304 1.12466 -1.61813
93.45 5.08296 1.12371 -1.61746
93.5 5.08289 1.12276 -1.61685
93.55 5.08282 1.12182 -1.61622
93.6 5.08275 1.12089 -1.6156
93.65 5.08268 1.11996 -1.61493
93.7 5.08261 1.11903 -1.61431
93.75 5.08254 1.1181 -1.61367
93.8 5.08247 1.11719 -1.61303
93.85 5.0824 1.11628 -1.61242
93.9 5.08234 1.11537 -1.61182
93.95 5.08228 1.11447 -1.61122
94 5.08222 1.11357 -1.61061
94.05 5.08215 1.11267 -1.61
94.1 5.08209 1.11178 -1.60943
94.15 5.08203 1.1109 -1.60885
94.2 5.08198 1.11001 -1.60826
94.25 5.08192 1.10914 -1.60768
94.3 5.08186 1.10826 -1.60709
94.35 5.0818 1.10739 -1.60649
94.4 5.08174 1.10653 -1.60595
94.45 5.08168 1.10567 -1.60534
94.5 5.08162 1.10481 -1.60474
94.55 5.08157 1.10396 -1.60417
94.6 5.08152 1.10313 -1.60361
94.65 5.08147 1.10228 -1.60311
94.7 5.08142 1.10144 -1.60254
94.75 5.08137 1.10061 -1.60196
94.8 5.08131 1.09978 -1.60143
94.85 5.08126 1.09896 -1.6009
94.9 5.08122 1.09813 -1.60036
94.95 5.08117 1.09731 -1.59982
95 5.08112 1.0965 -1.59928
95.05 5.08107 1.0957 -1.59878
95.1 5.08103 1.09489 -1.59823
95.15 5.08098 1.09408 -1.59773
95.2 5.08094 1.09329 -1.59723
95.25 5.0809 1.0925 -1.59667
95.3 5.08085 1.09171 -1.59617
95.35 5.08081 1.09091 -1.59565
95.4 5.08077 1.09013 -1.59518
95.45 5.08072 1.08935 -1.59468
95.5 5.08069 1.08858 -1.59421
95.55 5.08065 1.08781 -1.59374
95.6 5.08061 1.08704 -1.59321
95.65 5.08057 1.08628 -1.59271
95.7 5.08053 1.08552 -1.59223
95.75 5.08049 1.08476 -1.59174
95.8 5.08045 1.08401 -1.59126
95.85 5.08042 1.08327 -1.59081
95.9 5.08038 1.08253 -1.59032
95.95 5.08035 1.08178 -1.58988
96 5.08032 1.08105 -1.58944
96.05 5.08028 1.08031 -1.58901
96.1 5.08025 1.07959 -1.58855
96.15 5.08022 1.07886 -1.58808
96.2 5.08018 1.07814 -1.58763
96.25 5.08015 1.07742 -1.58717
96.3 5.08012 1.07671 -1.58676
96.35 5.08009 1.076 -1.5863
96.4 5.08006 1.07529 -1.58589
96.45 5.08003 1.07459 -1.58547
96.5 5.08 1.07389 -1.58505
96.55 5.07997 1.0732 -1.58464
96.6 5.07995 1.07251 -1.58428
96.65 5.07992 1.07182 -1.58386
96.7 5.07989 1.07113 -1.58348
96.75 5.07986 1.07045 -1.58307
96.8 5.07984 1.06977 -1.58268
96.85 5.07981 1.0691 -1.58229
96.9 5.07979 1.06843 -1.58192
96.95 5.07977 1.06776 -1.58153
97 5.07974 1.0671 -1.58115
97.05 5.07972 1.06644 -1.58077
97.1 5.07969 1.06578 -1.58043
97.15 5.07967 1.06513 -1.58005
97.2 5.07966 1.06448 -1.57971
97.25 5.07963 1.06384 -1.57933
97.3 5.07961 1.0632 -1.57899
97.35 5.0796 1.06255 -1.57861
97.4 5.07957 1.06191 -1.57826
97.45 5.07955 1.06128 -1.57791
97.5 5.07953 1.06065 -1.57756
97.55 5.07951 1.06003 -1.57727
97.6 5.07949 1.0594 -1.57692
97.65 5.07947 1.05877 -1.57662
97.7 5.07945 1.05815 -1.57627
97.75 5.07944 1.05754 -1.57597
97.8 5.07942 1.05693 -1.57566
97.85 5.07941 1.05633 -1.57536
97.9 5.07939 1.05572 -1.57506
97.95 5.07938 1.05512 -1.57476
98 5.07936 1.05452 -1.57447
98.05 5.07934 1.05392 -1.57416
98.1 5.07933 1.05332 -1.57385
98.15 5.07932 1.05274 -1.57355
98.2 5.0793 1.05215 -1.57329
98.25 5.07928 1.05156 -1.57299
98.3 5.07927 1.05097 -1.57272
98.35 5.07925 1.05039 -1.57242
98.4 5.07924 1.04982 -1.57217
98.45 5.07923 1.04925 -1.57185
98.5 5.07922 1.04868 -1.57159
98.55 5.0792 1.04811 -1.57133
98.6 5.07919 1.04755 -1.57106
98.65 5.07917 1.04699 -1.57079
98.7 5.07916 1.04643 -1.57052
98.75 5.07915 1.04588 -1.57026
98.8 5.07914 1.04533 -1.57
98.85 5.07913 1.04478 -1.56974
98.9 5.07912 1.04424 -1.56952
98.95 5.07911 1.04369 -1.56926
99 5.07911 1.04316 -1.56906
99.05 5.0791 1.04263 -1.56879
99.1 5.07909 1.0421 -1.56856
99.15 5.07908 1.04156 -1.56835
99.2 5.07907 1.04103 -1.56813
99.25 5.07907 1.04051 -1.56791
99.3 5.07906 1.03998 -1.5677
99.35 5.07904 1.03946 -1.56747
99.4 5.07904 1.03895 -1.56729
99.45 5.07903 1.03844 -1.56709
99.5 5.07902 1.03792 -1.56688
99.55 5.07902 1.03741 -1.56666
99.6 5.07901 1.03691 -1.56645
99.65 5.079 1.03641 -1.56628
99.7 5.079 1.0359 -1.56609
99.75 5.07899 1.0354 -1.56591
99.8 5.07898 1.0349 -1.5657
99.85 5.07898 1.03442 -1.56554
99.9 5.07897 1.03393 -1.56538
99.95 5.07896 1.03344 -1.56517
100 5.07896 1.03295 -1.56501
100.05 5.07895 1.03247 -1.5648
100.1 5.07895 1.03199 -1.56463
100.15 5.07894 1.0315 -1.56447
100.2 5.07894 1.03104 -1.5643
100.25 5.07894 1.03056 -1.56414
100.3 5.07893 1.03009 -1.56398
100.35 5.07893 1.02962 -1.56383
100.4 5.07892 1.02915 -1.56367
100.45 5.07892 1.02868 -1.56356
100.5 5.07892 1.02822 -1.5634
100.55 5.07892 1.02776 -1.56325
100.6 5.07891 1.02731 -1.5631
100.65 5.07891 1.02685 -1.56295
100.7 5.0789 1.0264 -1.56284
100.75 5.0789 1.02595 -1.56269
100.8 5.0789 1.0255 -1.56254
100.85 5.0789 1.02506 -1.56244
100.9 5.0789 1.02462 -1.56229
100.95 5.0789 1.02418 -1.56219
101 5.07889 1.02374 -1.56208
101.05 5.07889 1.0233 -1.56195
101.1 5.07889 1.02287 -1.56185
101.15 5.07889 1.02243 -1.56175
101.2 5.07889 1.02201 -1.56162
101.25 5.07888 1.02158 -1.56152
101.3 5.07889 1.02116 -1.56142
101.35 5.07889 1.02073 -1.56133
101.4 5.07889 1.02032 -1.56125
101.45 5.07889 1.01989 -1.56116
101.5 5.07889 1.01947 -1.56108
101.55 5.07889 1.019 -1.56099
101.6 5.07888 1.01856 -1.5609
101.65 5.07888 1.01815 -1.56081
101.7 5.07888 1.01774 -1.56074
101.75 5.07888 1.01733 -1.56066
101.8 5.07888 1.01694 -1.56058
101.85 5.07888 1.01652 -1.56051
101.9 5.07888 1.01609 -1.56043
101.95 5.07889 1.01569 -1.56035
102 5.07889 1.01531 -1.56027
102.05 5.07889 1.01491 -1.5602
102.1 5.07889 1.01452 -1.56013
102.15 5.07889 1.01413 -1.56005
102.2 5.07889 1.01374 -1.55999
102.25 5.07889 1.01335 -1.55993
102.3 5.07889 1.01296 -1.55986
102.35 5.07889 1.01257 -1.55978
102.4 5.07889 1.01218 -1.55971
102.45 5.07889 1.01179 -1.55963
102.5 5.07889 1.01143 -1.55957
102.55 5.07889 1.01104 -1.55955
102.6 5.0789 1.01065 -1.5595
102.65 5.0789 1.01029 -1.55943
102.7 5.0789 1.00992 -1.55943
102.75 5.0789 1.00955 -1.5594
102.8 5.0789 1.00916 -1.55935
102.85 5.07891 1.00881 -1.55934
102.9 5.07891 1.00845 -1.5593
102.95 5.07891 1.00808 -1.55925
103 5.07891 1.00771 -1.55925
103.05 5.07892 1.00737 -1.55926
103.1 5.07892 1.00698 -1.55921
103.15 5.07893 1.00665 -1.55917
103.2 5.07893 1.00629 -1.55917
103.25 5.07893 1.00594 -1.55913
103.3 5.07893 1.00559 -1.55908
103.35 5.07894 1.00524 -1.55909
103.4 5.07894 1.00487 -1.55906
103.45 5.07894 1.00454 -1.55902
103.5 5.07894 1.00418 -1.55899
103.55 5.07895 1.00385 -1.559
103.6 5.07895 1.00352 -1.55897
103.65 5.07895 1.00315 -1.55895
103.7 5.07896 1.00282 -1.55897
103.75 5.07896 1.00249 -1.55899
103.8 5.07896 1.00215 -1.55898
103.85 5.07897 1.0018 -1.55896
103.9 5.07896 1.00147 -1.55898
103.95 5.07897 1.00114 -1.55897
104 5.07897 1.00083 -1.55895
104.05 5.07897 1.0005 -1.55898
104.1 5.07898 1.0002 -1.55902
104.15 5.07898 0.999871 -1.55901
104.2 5.07899 0.999529 -1.559
104.25 5.07899 0.999218 -1.55904
104.3 5.079 0.998886 -1.55908
104.35 5.079 0.998579 -1.55908
104.4 5.07901 0.998268 -1.55907
104.45 5.07901 0.997947 -1.55912
104.5 5.07902 0.997635 -1.55917
104.55 5.07902 0.997318 -1.55918
104.6 5.07902 0.997026 -1.55918
104.65 5.07903 0.99671 -1.55923
104.7 5.07904 0.996418 -1.55926
104.75 5.07904 0.996112 -1.55927
104.8 5.07904 0.995814 -1.55928
104.85 5.07904 0.995523 -1.55934
104.9 5.07905 0.995199 -1.55936
104.95 5.07906 0.994917 -1.55937
105 5.07906 0.994609 -1.55939
105.05 5.07906 0.99434 -1.55945
105.1 5.07907 0.994064 -1.55947
105.15 5.07907 0.993826 -1.55949
105.2 5.07907 0.993506 -1.5595
105.25 5.07908 0.993183 -1.55953
105.3 5.07908 0.99287 -1.5596
105.35 5.07909 0.992591 -1.55964
105.4 5.07909 0.992316 -1.55966
105.45 5.07909 0.992052 -1.55969
105.5 5.0791 0.991779 -1.55978
105.55 5.07911 0.991555 -1.55984
105.6 5.07911 0.991281 -1.5599
105.65 5.07912 0.990957 -1.55995
105.7 5.07912 0.990645 -1.56004
105.75 5.07913 0.990367 -1.56009
105.8 5.07914 0.990099 -1.56014
105.85 5.07914 0.989833 -1.56019
105.9 5.07915 0.989568 -1.56023
105.95 5.07915 0.989327 -1.5603
106 5.07916 0.989077 -1.56034
106.05 5.07917 0.988816 -1.56039
106.1 5.07918 0.988578 -1.56043
106.15 5.07918 0.988314 -1.56048
106.2 5.07919 0.988057 -1.56055
106.25 5.07919 0.9878 -1.56061
106.3 5.07919 0.987545 -1.56068
106.35 5.0792 0.987287 -1.56076
106.4 5.07921 0.986958 -1.56083
106.45 5.07922 0.986703 -1.56089
106.5 5.07922 0.986467 -1.56096
106.55 5.07922 0.986217 -1.56104
106.6 5.07922 0.985958 -1.56111
106.65 5.07923 0.985715 -1.56119
106.7 5.07924 0.985458 -1.56128
106.75 5.07925 0.985221 -1.56136
106.8 5.07925 0.984968 -1.56144
106.85 5.07926 0.984743 -1.56148
106.9 5.07926 0.98448 -1.56151
106.95 5.07926 0.984231 -1.56159
107 5.07927 0.98398 -1.56169
107.05 5.07928 0.983763 -1.56177
107.1 5.07928 0.983521 -1.56181
107.15 5.07929 0.983272 -1.56185
107.2 5.07929 0.983031 -1.56194
107.25 5.0793 0.982816 -1.56204
107.3 5.07931 0.982583 -1.56215
107.35 5.07932 0.982361 -1.56221
107.4 5.07933 0.982149 -1.56226
107.45 5.07933 0.98195 -1.56235
107.5 5.07934 0.98175 -1.56246
107.55 5.07935 0.981526 -1.56256
107.6 5.07935 0.981303 -1.56263
107.65 5.07935 0.981088 -1.56269
107.7 5.07935 0.980866 -1.56275
107.75 5.07936 0.980575 -1.56286
107.8 5.07937 0.980341 -1.56297
107.85 5.07937 0.980116 -1.56304
107.9 5.07937 0.979918 -1.5631
107.95 5.07938 0.979718 -1.56316
108 5.07938 0.979503 -1.56323
108.05 5.07939 0.979288 -1.56333
108.1 5.07939 0.979042 -1.56341
108.15 5.0794 0.978818 -1.5635
108.2 5.07941 0.978623 -1.56358
108.25 5.07942 0.978401 -1.56365
108.3 5.07942 0.978189 -1.56373
108.35 5.07944 0.978003 -1.56382
108.4 5.07944 0.977799 -1.5639
108.45 5.07945 0.977621 -1.56399
108.5 5.07946 0.977423 -1.56408
108.55 5.07946 0.977239 -1.56416
108.6 5.07947 0.977037 -1.56425
108.65 5.07948 0.976845 -1.56434
108.7 5.07948 0.976648 -1.56443
108.75 5.07948 0.976449 -1.56453
108.8 5.07949 0.976257 -1.56462
108.85 5.0795 0.976058 -1.56471
108.9 5.0795 0.97587 -1.56477
108.95 5.07951 0.975682 -1.56488
109 5.07952 0.97549 -1.56499
109.05 5.07952 0.975304 -1.5651
109.1 5.07952 0.975118 -1.56521
109.15 5.07953 0.974936 -1.56532
109.2 5.07954 0.974745 -1.56539
109.25 5.07955 0.974562 -1.56545
109.3 5.07956 0.974384 -1.56554
109.35 5.07957 0.974202 -1.56566
109.4 5.07957 0.974024 -1.56577
109.45 5.07958 0.97384 -1.56588
109.5 5.07958 0.97366 -1.56595
109.55 5.07958 0.973476 -1.56603
109.6 5.07959 0.9733 -1.56608
109.65 5.0796 0.973122 -1.56619
109.7 5.0796 0.97295 -1.56631
109.75 5.07961 0.972778 -1.56643
109.8 5.07961 0.9726 -1.56652
109.85 5.07962 0.972422 -1.56658
109.9 5.07962 0.972249 -1.56665
109.95 5.07962 0.972073 -1.56671
110 5.07963 0.971908 -1.56682
110.05 5.07964 0.971737 -1.56694
110.1 5.07964 0.971569 -1.56704
110.15 5.07965 0.971405 -1.56713
110.2 5.07965 0.97124 -1.56721
110.25 5.07965 0.971076 -1.5673
110.3 5.07966 0.970916 -1.5674
110.35 5.07967 0.970743 -1.56749
110.4 5.07967 0.970582 -1.56763
110.45 5.07968 0.970423 -1.56774
110.5 5.07968 0.970265 -1.56784
110.55 5.07969 0.970104 -1.56794
110.6 5.0797 0.969949 -1.56804
110.65 5.0797 0.96979 -1.56813
110.7 5.07971 0.969629 -1.56823
110.75 5.07971 0.969466 -1.56829
110.8 5.07971 0.969305 -1.5684
110.85 5.07972 0.969156 -1.56851
110.9 5.07972 0.969003 -1.56861
110.95 5.07973 0.968847 -1.56872
111 5.07973 0.968696 -1.56882
111.05 5.07973 0.968538 -1.56891
111.1 5.07974 0.968386 -1.56898
111.15 5.07974 0.968237 -1.56904
111.2 5.07974 0.968088 -1.56915
111.25 5.07975 0.967942 -1.56927
111.3 5.07976 0.967789 -1.56938
111.35 5.07977 0.967645 -1.56949
111.4 5.07977 0.967497 -1.56961
111.45 5.07977 0.967351 -1.56968
111.5 5.07978 0.967207 -1.56974
111.55 5.07978 0.967066 -1.56981
111.6 5.07978 0.966916 -1.56987
111.65 5.07979 0.966775 -1.56998
111.7 5.07979 0.966635 -1.57011
111.75 5.0798 0.966498 -1.57023
111.8 5.0798 0.966355 -1.57032
111.85 5.0798 0.966216 -1.57039
111.9 5.07981 0.966074 -1.57047
111.95 5.07981 0.965939 -1.57054
112 5.07981 0.965806 -1.57062
112.05 5.07982 0.965664 -1.57071
112.1 5.07982 0.96553 -1.57084
112.15 5.07983 0.96539 -1.57098
112.2 5.07983 0.965257 -1.57107
112.25 5.07984 0.965124 -1.57117
112.3 5.07984 0.964992 -1.57125
112.35 5.07984 0.964859 -1.57133
112.4 5.07985 0.964725 -1.57141
112.45 5.07985 0.964594 -1.57151
112.5 5.07985 0.964464 -1.57159
112.55 5.07986 0.964331 -1.57164
112.6 5.07986 0.964206 -1.57174
112.65 5.07987 0.964086 -1.57183
112.7 5.07987 0.963958 -1.57192
112.75 5.07987 0.963831 -1.57201
112.8 5.07988 0.963702 -1.5721
112.85 5.07988 0.963581 -1.57221
112.9 5.07988 0.963457 -1.57232
112.95 5.07989 0.963335 -1.57238
113 5.07988 0.963205 -1.57244
113.05 5.07989 0.963082 -1.5725
113.1 5.07989 0.962966 -1.5726
113.15 5.0799 0.962846 -1.5727
113.2 5.0799 0.962724 -1.57281
113.25 5.0799 0.96261 -1.57292
113.3 5.07991 0.962491 -1.57302
113.35 5.07992 0.962371 -1.57312
113.4 5.07992 0.962254 -1.57319
113.45 5.07992 0.962137 -1.57326
113.5 5.07992 0.96202 -1.57332
113.55 5.07993 0.961899 -1.57338
113.6 5.07993 0.961783 -1.57347
113.65 5.07994 0.961669 -1.57358
113.7 5.07994 0.961558 -1.57369
113.75 5.07995 0.961442 -1.57381
113.8 5.07995 0.961329 -1.57392
113.85 5.07996 0.961217 -1.574
113.9 5.07996 0.96111 -1.57407
113.95 5.07996 0.960997 -1.57414
114 5.07996 0.960889 -1.5742
114.05 5.07997 0.960776 -1.57428
114.1 5.07997 0.960667 -1.57435
114.15 5.07997 0.960557 -1.57447
114.2 5.07998 0.960446 -1.57459
114.25 5.07998 0.960331 -1.57472
114.3 5.07998 0.960227 -1.5748
114.35 5.07999 0.960124 -1.57487
114.4 5.07999 0.960014 -1.57495
114.45 5.07999 0.959912 -1.57503
114.5 5.08 0.959804 -1.57511
114.55 5.08 0.959704 -1.57519
114.6 5.08 0.9596 -1.57526
114.65 5.08 0.95949 -1.57534
114.7 5.08001 0.959377 -1.57542
114.75 5.08001 0.959288 -1.5755
114.8 5.08001 0.959184 -1.57559
114.85 5.08002 0.959089 -1.57567
114.9 5.08002 0.958983 -1.57575
114.95 5.08003 0.958883 -1.57582
115 5.08003 0.958785 -1.57591
115.05 5.08004 0.958688 -1.57598
115.1 5.08004 0.958589 -1.57606
115.15 5.08004 0.958481 -1.57613
115.2 5.08005 0.958382 -1.57621
115.25 5.08004 0.958287 -1.57627
115.3 5.08005 0.958191 -1.57631
115.35 5.08005 0.958086 -1.57634
115.4 5.08005 0.957996 -1.57642
115.45 5.08005 0.957904 -1.5765
115.5 5.08006 0.957811 -1.57659
115.55 5.08006 0.957715 -1.57667
115.6 5.08007 0.957627 -1.57676
115.65 5.08007 0.957537 -1.57684
115.7 5.08007 0.957442 -1.57693
115.75 5.08008 0.957354 -1.57702
115.8 5.08008 0.957263 -1.57706
115.85 5.08008 0.957175 -1.57711
115.9 5.08008 0.95709 -1.57715
115.95 5.08008 0.957 -1.5772
116 5.08008 0.956908 -1.57725
116.05 5.08008 0.956815 -1.57734
116.1 5.08009 0.956735 -1.57744
116.15 5.08009 0.956646 -1.57753
116.2 5.0801 0.956557 -1.57763
116.25 5.0801 0.956468 -1.57772
116.3 5.08011 0.956382 -1.57781
116.35 5.08011 0.956294 -1.57786
116.4 5.08011 0.956215 -1.57791
116.45 5.08011 0.956135 -1.57796
116.5 5.08011 0.956051 -1.57801
116.55 5.08011 0.955971 -1.57805
116.6 5.08011 0.955885 -1.57808
116.65 5.08011 0.955802 -1.57812
116.7 5.08011 0.955716 -1.57816
116.75 5.08012 0.95563 -1.5782
116.8 5.08012 0.955549 -1.57829
116.85 5.08012 0.955467 -1.57838
116.9 5.08013 0.955384 -1.57848
116.95 5.08013 0.955304 -1.57854
117 5.08013 0.955222 -1.57859
117.05 5.08014 0.955151 -1.57863
117.1 5.08014 0.955071 -1.57867
117.15 5.08014 0.954994 -1.57872
117.2 5.08014 0.954911 -1.57878
117.25 5.08014 0.954835 -1.57884
117.3 5.08014 0.954762 -1.57889
117.35 5.08014 0.954678 -1.57895
117.4 5.08015 0.9546 -1.579
117.45 5.08015 0.954521 -1.57905
117.5 5.08015 0.954438 -1.5791
117.55 5.08015 0.954361 -1.57919
117.6 5.08015 0.954293 -1.57925
117.65 5.08015 0.954217 -1.57931
117.7 5.08015 0.954143 -1.57936
117.75 5.08015 0.954077 -1.57943
117.8 5.08015 0.953995 -1.57949
117.85 5.08015 0.953926 -1.57956
117.9 5.08016 0.953862 -1.57963
117.95 5.08016 0.95379 -1.57969
118 5.08016 0.953715 -1.57975
118.05 5.08016 0.953642 -1.5798
118.1 5.08016 0.953573 -1.57986
118.15 5.08016 0.953508 -1.57991
118.2 5.08016 0.953432 -1.57996
118.25 5.08016 0.953365 -1.57998
118.3 5.08015 0.953291 -1.58
118.35 5.08016 0.953225 -1.58001
118.4 5.08016 0.953162 -1.58007
118.45 5.08016 0.9531 -1.58012
118.5 5.08016 0.953034 -1.58018
118.55 5.08016 0.952966 -1.58024
118.6 5.08017 0.952904 -1.58031
118.65 5.08017 0.952838 -1.58036
118.7 5.08017 0.952767 -1.58042
118.75 5.08017 0.952703 -1.58048
118.8 5.08017 0.952631 -1.58053
118.85 5.08017 0.95257 -1.58059
118.9 5.08017 0.952504 -1.58066
118.95 5.08017 0.952434 -1.58072
119 5.08017 0.952377 -1.58074
119.05 5.08018 0.952314 -1.58075
119.1 5.08018 0.952253 -1.58075
119.15 5.08018 0.952194 -1.58077
119.2 5.08018 0.952131 -1.58077
119.25 5.08018 0.95207 -1.58077
119.3 5.08018 0.95201 -1.58078
119.35 5.08018 0.951949 -1.58083
119.4 5.08018 0.951888 -1.58089
119.45 5.08018 0.951828 -1.58096
119.5 5.08018 0.951769 -1.58102
119.55 5.08019 0.951708 -1.58108
119.6 5.08019 0.95165 -1.58116
119.65 5.0802 0.951592 -1.58123
119.7 5.0802 0.951532 -1.5813
119.75 5.0802 0.951472 -1.58136
119.8 5.0802 0.951419 -1.58137
119.85 5.0802 0.951365 -1.58138
119.9 5.0802 0.951308 -1.58138
119.95 5.0802 0.951252 -1.58138
120 5.0802 0.951192 -1.58139
120.05 5.0802 0.95114 -1.5814
120.1 5.0802 0.951082 -1.58141
120.15 5.08019 0.951024 -1.58142
120.2 5.08019 0.950966 -1.58143
120.25 5.08019 0.950904 -1.58144
120.3 5.08019 0.950854 -1.5815
120.35 5.08019 0.950801 -1.58156
120.4 5.0802 0.95075 -1.58163
120.45 5.0802 0.950699 -1.58169
120.5 5.0802 0.950645 -1.58175
120.55 5.08021 0.950589 -1.58182
120.6 5.08021 0.950537 -1.58188
120.65 5.08021 0.950484 -1.58191
120.7 5.08021 0.950433 -1.58194
120.75 5.08021 0.950387 -1.58196
120.8 5.08021 0.950338 -1.58198
120.85 5.08021 0.950289 -1.582
120.9 5.08021 0.950234 -1.58203
120.95 5.08021 0.950185 -1.58206
121 5.08021 0.950135 -1.58209
121.05 5.08021 0.95008 -1.58211
121.1 5.08021 0.950028 -1.58213
121.15 5.08021 0.949981 -1.58215
121.2 5.08021 0.94993 -1.58218
121.25 5.08021 0.949878 -1.5822
121.3 5.08021 0.949825 -1.58223
121.35 5.08021 0.949767 -1.58222
121.4 5.08021 0.949724 -1.58227
121.45 5.08021 0.949677 -1.58233
121.5 5.08021 0.94963 -1.5824
121.55 5.08021 0.949578 -1.58247
121.6 5.08021 0.949538 -1.5825
121.65 5.08021 0.949493 -1.58252
121.7 5.08021 0.949444 -1.58255
121.75 5.08021 0.949403 -1.58256
121.8 5.08021 0.949359 -1.58259
121.85 5.08022 0.949302 -1.58261
121.9 5.08022 0.949257 -1.58263
121.95 5.08022 0.949211 -1.58265
122 5.08022 0.949162 -1.58266
122.05 5.08022 0.949114 -1.58267
122.1 5.08022 0.949063 -1.58269
122.15 5.08022 0.949015 -1.58271
122.2 5.08022 0.948968 -1.58273
122.25 5.08022 0.948919 -1.58275
122.3 5.08022 0.94887 -1.58276
122.35 5.08022 0.94882 -1.58279
122.4 5.08022 0.948775 -1.5828
122.45 5.08022 0.948728 -1.58282
122.5 5.08022 0.948681 -1.58285
122.55 5.08022 0.948632 -1.58287
122.6 5.08022 0.948584 -1.58289
122.65 5.08022 0.948543 -1.58291
122.7 5.08022 0.948501 -1.58293
122.75 5.08022 0.948462 -1.58295
122.8 5.08022 0.948423 -1.58297
122.85 5.08022 0.948374 -1.58298
122.9 5.08022 0.948333 -1.583
122.95 5.08022 0.948297 -1.58302
123 5.08022 0.948253 -1.58304
123.05 5.08022 0.948212 -1.58305
123.1 5.08022 0.948171 -1.58307
123.15 5.08022 0.948127 -1.58308
123.2 5.08022 0.948087 -1.5831
123.25 5.08023 0.948048 -1.58313
123.3 5.08022 0.948001 -1.58315
123.35 5.08022 0.947961 -1.58317
