47.85 0 0 0
47.9 0.00245044 0 0
47.95 0.00857655 0 0
48 0.0189909 0 -0.00370157
48.05 0.0324683 -4.98876e-05 -0.00370157
48.1 0.0508465 -0.000117916 -0.00370157
48.15 0.0710625 -0.000192748 0
48.2 0.0931164 -0.000192748 0.00740315
48.25 0.11517 -2.94802e-05 0.0222094
48.3 0.137831 0.000473891 0.0333142
48.35 0.160485 0.00122887 0.051822
48.4 0.183121 0.00240297 0.0629268
48.45 0.205131 0.00378984 0.0777331
48.5 0.227119 0.00550244 0.0925394
48.55 0.248468 0.00748378 0.103644
48.6 0.270404 0.00976546 0.111047
48.65 0.292322 0.0122095 0.125854
48.7 0.313594 0.0149008 0.136958
48.75 0.334228 0.0177446 0.151765
48.8 0.355423 0.0209861 0.162869
48.85 0.375976 0.0243635 0.170272
48.9 0.395899 0.0277892 0.181377
48.95 0.416989 0.0316569 0.192482
49 0.436832 0.0355241 0.203587
49.05 0.45783 0.0398592 0.214691
49.1 0.479977 0.0446882 0.240602
49.15 0.50199 0.0500894 0.266513
49.2 0.524448 0.0562204 0.296126
49.25 0.545542 0.0626561 0.325739
49.3 0.567016 0.0699096 0.35165
49.35 0.588296 0.0777171 0.377561
49.4 0.608797 0.0858474 0.39977
49.45 0.629676 0.0946694 0.425681
49.5 0.65032 0.104029 0.444189
49.55 0.670234 0.113506 0.466398
49.6 0.689932 0.123424 0.496011
49.65 0.708789 0.133628 0.514519
49.7 0.727988 0.144481 0.536728
49.75 0.746941 0.155758 0.558938
49.8 0.765639 0.167453 0.581147
49.85 0.78356 0.179224 0.599655
49.9 0.801261 0.191324 0.618163
49.95 0.818235 0.203395 0.640372
50 0.835428 0.216207 0.65888
50.05 0.852381 0.229334 0.677388
50.1 0.869089 0.242772 0.695896
50.15 0.885074 0.256125 0.718105
50.2 0.90076 0.269829 0.732912
50.25 0.91624 0.283765 0.755121
50.3 0.931407 0.29804 0.769927
50.35 0.945922 0.312112 0.788435
50.4 0.960605 0.326885 0.803242
50.45 0.974643 0.341433 0.82175
50.5 0.988826 0.356687 0.836556
50.55 1.00237 0.371694 0.855064
50.6 1.01564 0.386949 0.866168
50.65 1.02873 0.402351 0.884676
50.7 1.04154 0.417992 0.895781
50.75 1.05379 0.433297 0.910587
50.8 1.06581 0.448781 0.925394
50.85 1.07834 0.46542 0.9402
50.9 1.0899 0.481253 0.955006
50.95 1.10087 0.496756 0.966111
51 1.11236 0.513387 0.977216
51.05 1.12333 0.529638 0.992022
51.1 1.13372 0.545536 1.00313
51.15 1.14426 0.562065 1.01793
51.2 1.15455 0.578748 1.02534
51.25 1.16472 0.595506 1.04014
51.3 1.17433 0.611886 1.05125
51.35 1.18376 0.628371 1.06235
51.4 1.1933 0.645494 1.06976
51.45 1.20243 0.662151 1.08086
51.5 1.21136 0.678908 1.09196
51.55 1.22011 0.695763 1.10307
51.6 1.22867 0.712714 1.11417
51.65 1.23705 0.729759 1.11788
51.7 1.24536 0.746836 1.12898
51.75 1.25322 0.763449 1.13638
51.8 1.26121 0.780676 1.14749
51.85 1.26876 0.797432 1.15489
51.9 1.27668 0.815365 1.16229
51.95 1.28398 0.832231 1.1697
52 1.29115 0.84915 1.1771
52.05 1.2982 0.866123 1.1845
52.1 1.30513 0.883147 1.19191
52.15 1.31215 0.900791 1.19561
52.2 1.31889 0.917891 1.20301
52.25 1.3255 0.93504 1.21041
52.3 1.33198 0.952238 1.21782
52.35 1.33833 0.969483 1.22522
52.4 1.34435 0.986198 1.22892
52.45 1.35071 1.00409 1.23262
52.5 1.35661 1.02085 1.23633
52.55 1.36264 1.03821 1.24373
52.6 1.36835 1.05503 1.24743
52.65 1.37438 1.07304 1.25113
52.7 1.37997 1.08991 1.25483
52.75 1.38549 1.10679 1.25854
52.8 1.39113 1.12428 1.26594
52.85 1.39665 1.14181 1.26594
52.9 1.40198 1.15876 1.26964
52.95 1.40725 1.17573 1.27334
53 1.41246 1.19271 1.27704
53.05 1.41778 1.2103 1.27704
53.1 1.42292 1.22731 1.28074
53.15 1.42801 1.24433 1.28445
53.2 1.4332 1.26196 1.28445
53.25 1.43821 1.279 1.28815
53.3 1.44317 1.29606 1.29185
53.35 1.44806 1.31314 1.29555
53.4 1.45289 1.33024 1.29185
53.45 1.45778 1.34732 1.29555
53.5 1.46278 1.365 1.29555
53.55 1.4676 1.3821 1.29925
53.6 1.4722 1.39863 1.29925
53.65 1.47713 1.41633 1.29925
53.7 1.48173 1.43286 1.29925
53.75 1.48666 1.45056 1.29925
53.8 1.49127 1.46709 1.29925
53.85 1.49603 1.4842 1.30295
53.9 1.50073 1.50133 1.29925
53.95 1.5055 1.51845 1.30295
54 1.5102 1.53558 1.29925
54.05 1.5148 1.5521 1.29925
54.1 1.51973 1.56981 1.29925
54.15 1.52433 1.58633 1.29925
54.2 1.52909 1.60345 1.29555
54.25 1.53376 1.61996 1.29555
54.3 1.53875 1.63764 1.29555
54.35 1.54341 1.65415 1.29555
54.4 1.54824 1.67125 1.29185
54.45 1.55297 1.68774 1.29185
54.5 1.55786 1.70482 1.28815
54.55 1.56281 1.72188 1.28445
54.6 1.56766 1.73833 1.28445
54.65 1.57267 1.75537 1.28074
54.7 1.57758 1.77181 1.28074
54.75 1.58266 1.78883 1.27704
54.8 1.58781 1.80584 1.27334
54.85 1.59283 1.82224 1.27334
54.9 1.59804 1.83922 1.26964
54.95 1.60331 1.85619 1.26594
55 1.60846 1.87255 1.26594
55.05 1.61379 1.8895 1.26224
55.1 1.61919 1.90642 1.25854
55.15 1.62446 1.92275 1.25854
55.2 1.62991 1.93966 1.25483
55.25 1.63524 1.95596 1.24743
55.3 1.64089 1.9728 1.24373
55.35 1.6464 1.98905 1.24373
55.4 1.65211 2.00587 1.24003
55.45 1.65788 2.02267 1.23633
55.5 1.66351 2.03888 1.22892
55.55 1.66926 2.05504 1.22892
55.6 1.67521 2.07177 1.22522
55.65 1.68102 2.08791 1.21782
55.7 1.68717 2.10458 1.21412
55.75 1.69337 2.12123 1.21041
55.8 1.69942 2.13728 1.20301
55.85 1.70559 2.15329 1.20301
55.9 1.71197 2.16987 1.19931
55.95 1.7182 2.18585 1.19191
56 1.72477 2.20236 1.18821
56.05 1.73117 2.21827 1.1808
56.1 1.73793 2.2347 1.1771
56.15 1.74474 2.25111 1.1734
56.2 1.75138 2.26692 1.166
56.25 1.75838 2.28325 1.16229
56.3 1.76519 2.29899 1.15489
56.35 1.77212 2.31469 1.15489
56.4 1.77905 2.33038 1.14749
56.45 1.78635 2.34657 1.14379
56.5 1.79345 2.36219 1.13638
56.55 1.80093 2.3783 1.13268
56.6 1.80821 2.39384 1.12528
56.65 1.81586 2.40987 1.12158
56.7 1.82331 2.42532 1.11417
56.75 1.83088 2.44071 1.10677
56.8 1.83883 2.4566 1.10307
56.85 1.84656 2.47191 1.09567
56.9 1.85469 2.48771 1.09196
56.95 1.86259 2.50293 1.08456
57 1.87061 2.5181 1.07716
57.05 1.87903 2.53374 1.07346
57.1 1.88721 2.54882 1.06605
57.15 1.8955 2.56383 1.05865
57.2 1.90421 2.57932 1.05495
57.25 1.91267 2.59424 1.04755
57.3 1.92124 2.6091 1.04014
57.35 1.93054 2.62495 1.03274
57.4 1.93933 2.63968 1.02534
57.45 1.94823 2.65434 1.01793
57.5 1.95756 2.66946 1.01423
57.55 1.96662 2.68403 1.00683
57.6 1.97579 2.69852 0.999425
57.65 1.98507 2.71295 0.992022
57.7 1.99479 2.72782 0.98832
57.75 2.00422 2.74215 0.980917
57.8 2.01376 2.7564 0.973514
57.85 2.02341 2.77059 0.966111
57.9 2.03316 2.7847 0.958708
57.95 2.04337 2.79924 0.955006
58 2.05328 2.81324 0.947603
58.05 2.06365 2.82767 0.936498
58.1 2.07381 2.84148 0.929095
58.15 2.08408 2.85522 0.921692
58.2 2.09445 2.86889 0.914289
58.25 2.10492 2.88248 0.906886
58.3 2.11549 2.89598 0.899483
58.35 2.12654 2.9099 0.895781
58.4 2.13726 2.92329 0.888378
58.45 2.14807 2.9366 0.880975
58.5 2.15899 2.94983 0.873572
58.55 2.17 2.96298 0.866168
58.6 2.18151 2.97651 0.855064
58.65 2.19277 2.98946 0.847661
58.7 2.20412 3.00232 0.840257
58.75 2.21556 3.01509 0.832854
58.8 2.2271 3.02779 0.825451
58.85 2.23874 3.04039 0.818048
58.9 2.25046 3.05291 0.810645
58.95 2.26228 3.06534 0.803242
59 2.27419 3.07768 0.795839
59.05 2.28577 3.0895 0.784734
59.1 2.2979 3.10162 0.777331
59.15 2.31013 3.11365 0.769927
59.2 2.32245 3.12559 0.762524
59.25 2.33485 3.13744 0.755121
59.3 2.34734 3.1492 0.747718
59.35 2.35992 3.16086 0.740315
59.4 2.37258 3.17243 0.732912
59.45 2.38487 3.1835 0.721807
59.5 2.39775 3.19483 0.714404
59.55 2.41071 3.20607 0.707001
59.6 2.42375 3.21721 0.699598
59.65 2.43687 3.22826 0.692194
59.7 2.44961 3.23881 0.68109
59.75 2.46293 3.24961 0.673687
59.8 2.47634 3.26032 0.666283
59.85 2.48934 3.27054 0.655179
59.9 2.50294 3.28099 0.647776
59.95 2.51662 3.29134 0.640372
60 2.52989 3.30122 0.629268
60.05 2.54375 3.31132 0.621865
60.1 2.5577 3.32131 0.614461
60.15 2.57121 3.33085 0.603357
60.2 2.58533 3.34058 0.595953
60.25 2.59852 3.34952 0.58855
60.3 2.61278 3.35904 0.581147
60.35 2.62712 3.36846 0.573744
60.4 2.64101 3.37744 0.562639
60.45 2.65552 3.38659 0.555236
60.5 2.66958 3.39531 0.544131
60.55 2.68373 3.40387 0.54043
60.6 2.69791 3.41238 0.529325
60.65 2.71219 3.42073 0.51822
60.7 2.72709 3.42923 0.510817
60.75 2.74098 3.43701 0.503414
60.8 2.75601 3.44529 0.496011
60.85 2.77056 3.45316 0.484906
60.9 2.78519 3.46087 0.473802
60.95 2.79991 3.46842 0.4701
61 2.81466 3.47591 0.458995
61.05 2.82948 3.48324 0.447891
61.1 2.84439 3.4904 0.444189
61.15 2.85933 3.49751 0.433084
61.2 2.87434 3.50445 0.421979
61.25 2.88887 3.51098 0.414576
61.3 2.90457 3.51788 0.407173
61.35 2.9192 3.52419 0.39977
61.4 2.93443 3.53063 0.388665
61.45 2.94917 3.53667 0.381262
61.5 2.96453 3.54282 0.370157
61.55 2.97938 3.54858 0.362754
61.6 2.99484 3.55445 0.35165
61.65 3.00979 3.55994 0.344246
61.7 3.02536 3.56552 0.333142
61.75 3.04042 3.57073 0.325739
61.8 3.05551 3.57583 0.318335
61.85 3.07122 3.581 0.307231
61.9 3.0864 3.58582 0.299828
61.95 3.1022 3.59071 0.288723
62 3.11747 3.59524 0.28132
62.05 3.13277 3.59966 0.273917
62.1 3.1481 3.60397 0.266513
62.15 3.16406 3.60833 0.255409
62.2 3.17888 3.6122 0.244304
62.25 3.19433 3.61605 0.236901
62.3 3.20982 3.61979 0.229498
62.35 3.22533 3.62341 0.222094
62.4 3.24086 3.62692 0.207288
62.45 3.25645 3.6302 0.199885
62.5 3.27206 3.63336 0.192482
62.55 3.28709 3.63629 0.181377
62.6 3.30276 3.63916 0.173974
62.65 3.31845 3.64192 0.166571
62.7 3.33355 3.64446 0.155466
62.75 3.34929 3.64693 0.148063
62.8 3.36443 3.64918 0.136958
62.85 3.38021 3.65136 0.129555
62.9 3.3954 3.65334 0.11845
62.95 3.41122 3.65522 0.111047
63 3.42583 3.65685 0.103644
63.05 3.44106 3.65843 0.0925394
63.1 3.45692 3.65991 0.0851362
63.15 3.47218 3.66121 0.0740315
63.2 3.48745 3.66234 0.0629268
63.25 3.50274 3.6633 0.0592252
63.3 3.51803 3.66421 0.0481205
63.35 3.53333 3.66495 0.0370157
63.4 3.54802 3.66549 0.0296126
63.45 3.56333 3.66594 0.0185079
63.5 3.57864 3.66623 0.0148063
63.55 3.59395 3.66645 0.00370157
63.6 3.60927 3.66651 -0.00740315
63.65 3.62397 3.6664 -0.0148063
63.7 3.63928 3.66618 -0.025911
63.75 3.65398 3.6658 -0.0333142
63.8 3.66868 3.66531 -0.0407173
63.85 3.68398 3.66468 -0.051822
63.9 3.69866 3.66392 -0.0592252
63.95 3.71273 3.66309 -0.0703299
64 3.728 3.66201 -0.0814346
64.05 3.74266 3.66081 -0.0888378
64.1 3.7573 3.65951 -0.0962409
64.15 3.77194 3.6581 -0.103644
64.2 3.78656 3.65658 -0.11845
64.25 3.80116 3.65484 -0.125854
64.3 3.81575 3.65299 -0.133257
64.35 3.82971 3.65112 -0.144361
64.4 3.84426 3.64901 -0.151765
64.45 3.8588 3.64678 -0.159168
64.5 3.87271 3.64455 -0.170272
64.55 3.8872 3.64206 -0.177676
64.6 3.90107 3.63957 -0.18878
64.65 3.91551 3.63681 -0.196183
64.7 3.92873 3.63418 -0.203587
64.75 3.94313 3.63121 -0.21099
64.8 3.9569 3.62826 -0.222094
64.85 3.97065 3.62515 -0.233199
64.9 3.98436 3.6219 -0.236901
64.95 3.99805 3.61859 -0.248005
65 4.01171 3.61513 -0.25911
65.05 4.02474 3.61168 -0.266513
65.1 4.03833 3.60797 -0.277618
65.15 4.05188 3.60411 -0.28132
65.2 4.06542 3.6002 -0.292424
65.25 4.07832 3.59631 -0.299828
65.3 4.09178 3.59215 -0.310932
65.35 4.10462 3.58803 -0.318335
65.4 4.118 3.58362 -0.32944
65.45 4.13075 3.57926 -0.336843
65.5 4.14347 3.5748 -0.344246
65.55 4.15616 3.57025 -0.35165
65.6 4.16939 3.5654 -0.362754
65.65 4.18141 3.56083 -0.373859
65.7 4.19396 3.55591 -0.381262
65.75 4.20647 3.5509 -0.388665
65.8 4.21894 3.54579 -0.396068
65.85 4.23081 3.54083 -0.407173
65.9 4.24319 3.53549 -0.414576
65.95 4.25552 3.53006 -0.421979
66 4.26726 3.52479 -0.433084
66.05 4.27949 3.51914 -0.440487
66.1 4.29113 3.51365 -0.451592
66.15 4.30325 3.50777 -0.458995
66.2 4.31424 3.50234 -0.466398
66.25 4.32628 3.49628 -0.473802
66.3 4.33772 3.49041 -0.484906
66.35 4.34911 3.48441 -0.496011
66.4 4.36042 3.47829 -0.499713
66.45 4.37171 3.47213 -0.510817
66.5 4.3824 3.46614 -0.51822
66.55 4.39411 3.45946 -0.525624
66.6 4.40471 3.45331 -0.533027
66.65 4.41579 3.44678 -0.544131
66.7 4.42627 3.44043 -0.551535
66.75 4.4367 3.43401 -0.558938
66.8 4.44761 3.42719 -0.570042
66.85 4.45793 3.42058 -0.577446
66.9 4.46819 3.41389 -0.584849
66.95 4.47892 3.40679 -0.595953
67 4.48906 3.39991 -0.603357
67.05 4.49915 3.39296 -0.61076
67.1 4.50918 3.38593 -0.618163
67.15 4.51917 3.37883 -0.625566
67.2 4.5291 3.37166 -0.632969
67.25 4.53849 3.36477 -0.644074
67.3 4.54828 3.35742 -0.651477
67.35 4.55803 3.34999 -0.65888
67.4 4.56723 3.34286 -0.669985
67.45 4.57635 3.33563 -0.673687
67.5 4.58593 3.32799 -0.68109
67.55 4.59497 3.32066 -0.692194
67.6 4.6044 3.31284 -0.699598
67.65 4.61284 3.30574 -0.707001
67.7 4.62216 3.29778 -0.714404
67.75 4.63049 3.29056 -0.721807
67.8 4.63968 3.28246 -0.72921
67.85 4.64836 3.27471 -0.740315
67.9 4.6565 3.26727 -0.747718
67.95 4.66504 3.25935 -0.75142
68 4.67354 3.25141 -0.762524
68.05 4.68152 3.24379 -0.769927
68.1 4.68943 3.23611 -0.777331
68.15 4.69773 3.22795 -0.788435
68.2 4.70594 3.2197 -0.792137
68.25 4.71368 3.21185 -0.79954
68.3 4.72137 3.20394 -0.806943
68.35 4.72899 3.19598 -0.814346
68.4 4.73656 3.18796 -0.82175
68.45 4.74407 3.17988 -0.829153
68.5 4.75152 3.17175 -0.836556
68.55 4.75891 3.16356 -0.843959
68.6 4.76583 3.15578 -0.855064
68.65 4.77306 3.14746 -0.862467
68.7 4.78024 3.13909 -0.86987
68.75 4.78735 3.13066 -0.877273
68.8 4.79401 3.12265 -0.880975
68.85 4.80064 3.11462 -0.892079
68.9 4.80756 3.10603 -0.899483
68.95 4.81404 3.09788 -0.903184
69 4.82048 3.0897 -0.914289
69.05 4.82721 3.08097 -0.921692
69.1 4.83314 3.07316 -0.929095
69.15 4.83974 3.06432 -0.936498
69.2 4.84555 3.05643 -0.943901
69.25 4.85166 3.04799 -0.947603
69.3 4.85774 3.03954 -0.958708
69.35 4.86337 3.03152 -0.966111
69.4 4.86929 3.02295 -0.969812
69.45 4.87483 3.01486 -0.977216
69.5 4.88066 3.00623 -0.98832
69.55 4.88638 2.99753 -0.992022
69.6 4.89175 2.98933 -0.999425
69.65 4.89705 2.98108 -1.00683
69.7 4.90229 2.9728 -1.01423
69.75 4.90746 2.96448 -1.02163
69.8 4.9129 2.95559 -1.02534
69.85 4.91799 2.94721 -1.03274
69.9 4.92301 2.9388 -1.04014
69.95 4.92797 2.93034 -1.04755
70 4.93256 2.92238 -1.05125
70.05 4.93743 2.91388 -1.05865
70.1 4.94193 2.90587 -1.06976
70.15 4.94664 2.89727 -1.07716
70.2 4.95099 2.88918 -1.08086
70.25 4.95561 2.88053 -1.08826
70.3 4.95987 2.87239 -1.09196
70.35 4.96439 2.86369 -1.09937
70.4 4.96828 2.85605 -1.10677
70.45 4.97267 2.84728 -1.11417
70.5 4.97672 2.83903 -1.11788
70.55 4.98074 2.83077 -1.12898
70.6 4.98467 2.82247 -1.13268
70.65 4.98857 2.81414 -1.13638
70.7 4.99218 2.80636 -1.14379
70.75 4.99624 2.79744 -1.15119
70.8 4.99973 2.78961 -1.15859
70.85 5.00341 2.78119 -1.16229
70.9 5.00682 2.77332 -1.1697
70.95 5.01017 2.76542 -1.1771
71 5.01369 2.75694 -1.1808
71.05 5.01695 2.749 -1.18821
71.1 5.02015 2.74105 -1.19561
71.15 5.02352 2.7325 -1.19931
71.2 5.02664 2.72451 -1.20671
71.25 5.02969 2.71649 -1.21412
71.3 5.03247 2.70903 -1.21782
71.35 5.03565 2.70041 -1.22152
71.4 5.03858 2.69235 -1.22892
71.45 5.04146 2.68427 -1.23633
71.5 5.04407 2.67675 -1.24003
71.55 5.04686 2.66863 -1.24743
71.6 5.04958 2.6605 -1.25483
71.65 5.05206 2.65293 -1.25854
71.7 5.05469 2.64477 -1.26594
71.75 5.05708 2.63717 -1.26964
71.8 5.05944 2.62957 -1.27334
71.85 5.06196 2.62137 -1.28074
71.9 5.06424 2.61374 -1.28445
71.95 5.06666 2.60551 -1.29185
72 5.06868 2.59844 -1.29925
72.05 5.07082 2.59077 -1.30295
72.1 5.07293 2.58309 -1.30666
72.15 5.07517 2.57481 -1.31406
72.2 5.07719 2.56711 -1.31776
72.25 5.07903 2.55999 -1.32516
72.3 5.08096 2.55227 -1.32887
72.35 5.08287 2.54453 -1.33257
72.4 5.08461 2.53739 -1.33997
72.45 5.08643 2.52964 -1.34367
72.5 5.08808 2.52248 -1.35107
72.55 5.08982 2.5147 -1.35478
72.6 5.0914 2.50752 -1.36218
72.65 5.09292 2.50033 -1.36218
72.7 5.09444 2.49314 -1.36958
72.75 5.09603 2.48534 -1.37328
72.8 5.09748 2.47813 -1.38069
72.85 5.09886 2.47091 -1.38069
72.9 5.10025 2.46369 -1.38809
72.95 5.10159 2.45646 -1.39549
73 5.10287 2.44922 -1.39549
73.05 5.10415 2.44198 -1.4029
73.1 5.10528 2.43534 -1.4066
73.15 5.10648 2.42809 -1.414
73.2 5.10763 2.42083 -1.414
73.25 5.10878 2.41356 -1.4214
73.3 5.10978 2.4069 -1.42511
73.35 5.11085 2.39963 -1.43251
73.4 5.11178 2.39295 -1.43621
73.45 5.11268 2.38627 -1.43991
73.5 5.11364 2.37899 -1.44732
73.55 5.11447 2.3723 -1.45102
73.6 5.11528 2.36561 -1.45472
73.65 5.11613 2.35831 -1.45472
73.7 5.11684 2.35222 -1.46212
73.75 5.11757 2.34552 -1.46582
73.8 5.11827 2.33882 -1.46953
73.85 5.11895 2.33212 -1.47323
73.9 5.11967 2.3248 -1.48063
73.95 5.12022 2.3187 -1.48063
74 5.12083 2.31199 -1.48433
74.05 5.12141 2.30527 -1.48803
74.1 5.12197 2.29856 -1.49173
74.15 5.12245 2.29245 -1.49914
74.2 5.12293 2.28573 -1.50284
74.25 5.12339 2.27901 -1.50654
74.3 5.12379 2.27289 -1.50654
74.35 5.12418 2.26678 -1.51394
74.4 5.12456 2.26005 -1.51765
74.45 5.12492 2.25332 -1.52135
74.5 5.12519 2.24782 -1.52505
74.55 5.1255 2.24108 -1.52875
74.6 5.12576 2.23496 -1.52875
74.65 5.12602 2.22884 -1.53615
74.7 5.12625 2.22211 -1.53985
74.75 5.12642 2.2166 -1.54356
74.8 5.1266 2.20986 -1.54726
74.85 5.12673 2.20435 -1.55096
74.9 5.12685 2.19822 -1.55096
74.95 5.12698 2.1921 -1.55836
75 5.12705 2.18597 -1.55836
75.05 5.12712 2.18046 -1.56206
75.1 5.12717 2.17434 -1.56947
75.15 5.12718 2.16821 -1.56947
75.2 5.12719 2.1627 -1.57317
75.25 5.12718 2.15718 -1.57687
75.3 5.12714 2.15044 -1.58057
75.35 5.12708 2.14493 -1.58427
75.4 5.12701 2.13942 -1.58798
75.45 5.1269 2.13329 -1.58798
75.5 5.12681 2.12778 -1.59168
75.55 5.12669 2.12227 -1.59538
75.6 5.12656 2.11676 -1.59908
75.65 5.1264 2.11124 -1.60278
75.7 5.1262 2.10512 -1.60278
75.75 5.12603 2.09961 -1.60648
75.8 5.12583 2.0941 -1.61018
75.85 5.12561 2.08859 -1.61389
75.9 5.12538 2.08308 -1.61759
75.95 5.12515 2.07819 -1.61759
76 5.12489 2.07268 -1.62129
76.05 5.12461 2.06717 -1.62499
76.1 5.12431 2.06167 -1.62869
76.15 5.12403 2.05678 -1.62869
76.2 5.12371 2.05127 -1.63239
76.25 5.12337 2.04577 -1.6361
76.3 5.12305 2.04088 -1.6361
76.35 5.12269 2.03538 -1.6398
76.4 5.12231 2.02988 -1.6435
76.45 5.12196 2.02499 -1.6435
76.5 5.12155 2.01949 -1.6472
76.55 5.12118 2.0146 -1.6472
76.6 5.12081 2.00972 -1.6546
76.65 5.1204 2.00483 -1.6546
76.7 5.11993 1.99934 -1.65831
76.75 5.11951 1.99446 -1.65831
76.8 5.11908 1.98957 -1.65831
76.85 5.11865 1.98469 -1.66571
76.9 5.11819 1.97981 -1.66571
76.95 5.11766 1.97432 -1.66941
77 5.11718 1.96945 -1.66941
77.05 5.11676 1.96518 -1.67311
77.1 5.11626 1.9603 -1.67311
77.15 5.11569 1.95482 -1.67681
77.2 5.11524 1.95056 -1.68051
77.25 5.1147 1.94568 -1.68051
77.3 5.11417 1.94081 -1.68051
77.35 5.1137 1.93655 -1.68422
77.4 5.11314 1.93168 -1.68422
77.45 5.11266 1.92742 -1.68792
77.5 5.11209 1.92255 -1.68792
77.55 5.11151 1.91769 -1.69532
77.6 5.1109 1.91282 -1.69532
77.65 5.11029 1.90796 -1.69532
77.7 5.10984 1.90431 -1.69532
77.75 5.10931 1.90006 -1.69902
77.8 5.10868 1.8952 -1.69902
77.85 5.10813 1.89094 -1.70272
77.9 5.10749 1.88609 -1.70272
77.95 5.10692 1.88183 -1.70643
78 5.10626 1.87698 -1.70643
78.05 5.10568 1.87273 -1.71013
78.1 5.10517 1.86909 -1.71013
78.15 5.10449 1.86424 -1.71013
78.2 5.10389 1.85999 -1.71383
78.25 5.10319 1.85514 -1.71383
78.3 5.10267 1.8515 -1.71383
78.35 5.10206 1.84726 -1.71753
78.4 5.10143 1.84301 -1.72123
78.45 5.10079 1.83877 -1.71753
78.5 5.10016 1.83453 -1.72123
78.55 5.09952 1.83029 -1.72493
78.6 5.09896 1.82666 -1.72493
78.65 5.0982 1.82182 -1.72493
78.7 5.09764 1.81818 -1.72493
78.75 5.09698 1.81395 -1.72864
78.8 5.0964 1.81032 -1.72864
78.85 5.09573 1.80608 -1.73234
78.9 5.09504 1.80185 -1.72864
78.95 5.09436 1.79761 -1.73234
79 5.09377 1.79399 -1.73234
79.05 5.09308 1.78975 -1.73604
79.1 5.09248 1.78613 -1.73604
79.15 5.09187 1.7825 -1.73604
79.2 5.09117 1.77827 -1.73974
79.25 5.09055 1.77465 -1.73974
79.3 5.08993 1.77103 -1.73974
79.35 5.08921 1.7668 -1.74344
79.4 5.08858 1.76318 -1.74344
79.45 5.08795 1.75956 -1.74344
79.5 5.08732 1.75594 -1.74344
79.55 5.08658 1.75171 -1.74714
79.6 5.08594 1.74809 -1.74714
79.65 5.08529 1.74447 -1.74714
79.7 5.08465 1.74086 -1.74714
79.75 5.084 1.73724 -1.74714
79.8 5.08325 1.73302 -1.75084
79.85 5.08259 1.7294 -1.75084
79.9 5.08193 1.72578 -1.75084
79.95 5.08127 1.72217 -1.75084
80 5.08062 1.71855 -1.75084
80.05 5.07996 1.71493 -1.75084
80.1 5.07941 1.71192 -1.75455
80.15 5.07874 1.70831 -1.75455
80.2 5.07807 1.70469 -1.75455
80.25 5.07739 1.70108 -1.75455
80.3 5.07672 1.69747 -1.75455
80.35 5.07605 1.69385 -1.75455
80.4 5.07549 1.69084 -1.75825
80.45 5.07481 1.68723 -1.75825
80.5 5.07424 1.68422 -1.75455
80.55 5.07356 1.68061 -1.75455
80.6 5.073 1.67759 -1.75825
80.65 5.07232 1.67398 -1.75825
80.7 5.07163 1.67037 -1.75825
80.75 5.07106 1.66736 -1.76195
80.8 5.07048 1.66436 -1.75825
80.85 5.0698 1.66074 -1.75825
80.9 5.06911 1.65713 -1.75825
80.95 5.06854 1.65412 -1.76195
81 5.06796 1.65112 -1.75825
81.05 5.06739 1.64811 -1.76195
81.1 5.06669 1.6445 -1.76195
81.15 5.06611 1.64149 -1.75825
81.2 5.06554 1.63848 -1.76195
81.25 5.06484 1.63487 -1.76195
81.3 5.06437 1.63247 -1.76195
81.35 5.06368 1.62886 -1.76195
81.4 5.06298 1.62525 -1.76195
81.45 5.06251 1.62284 -1.76195
81.5 5.06181 1.61923 -1.76195
81.55 5.06135 1.61683 -1.76195
81.6 5.06065 1.61322 -1.76195
81.65 5.06018 1.61081 -1.76195
81.7 5.05949 1.60721 -1.76195
81.75 5.05902 1.6048 -1.76195
81.8 5.05832 1.60119 -1.76195
81.85 5.05786 1.59879 -1.76195
81.9 5.05716 1.59518 -1.76195
81.95 5.05669 1.59277 -1.76195
82 5.05611 1.58976 -1.76565
82.05 5.05552 1.58676 -1.76195
82.1 5.05505 1.58435 -1.76195
82.15 5.05435 1.58074 -1.76195
82.2 5.05389 1.57834 -1.76195
82.25 5.05331 1.57533 -1.76565
82.3 5.05271 1.57233 -1.76195
82.35 5.05225 1.56992 -1.76195
82.4 5.05155 1.56631 -1.76195
82.45 5.05108 1.56391 -1.76195
82.5 5.05062 1.5615 -1.76195
82.55 5.05004 1.55849 -1.75825
82.6 5.04946 1.55548 -1.76195
82.65 5.049 1.55308 -1.76195
82.7 5.04853 1.55067 -1.76195
82.75 5.04795 1.54766 -1.75825
82.8 5.04738 1.54465 -1.76195
82.85 5.04692 1.54225 -1.76195
82.9 5.04645 1.53984 -1.76195
82.95 5.04587 1.53684 -1.75825
83 5.04541 1.53443 -1.75825
83.05 5.04484 1.53142 -1.76195
83.1 5.04437 1.52901 -1.76195
83.15 5.04379 1.52601 -1.75825
83.2 5.04334 1.5236 -1.75825
83.25 5.04288 1.52119 -1.75825
83.3 5.04242 1.51878 -1.75825
83.35 5.04197 1.51638 -1.75825
83.4 5.0414 1.51337 -1.75455
83.45 5.04095 1.51096 -1.75455
83.5 5.0405 1.50855 -1.75455
83.55 5.04005 1.50614 -1.75455
83.6 5.0396 1.50373 -1.75455
83.65 5.03916 1.50132 -1.75455
83.7 5.03871 1.49891 -1.75455
83.75 5.03826 1.4965 -1.75455
83.8 5.03781 1.49409 -1.75455
83.85 5.03725 1.49108 -1.75084
83.9 5.03681 1.48867 -1.75084
83.95 5.03638 1.48626 -1.75084
84 5.03594 1.48385 -1.75084
84.05 5.0355 1.48144 -1.75084
84.1 5.03506 1.47903 -1.75084
84.15 5.03462 1.47662 -1.75084
84.2 5.03418 1.47421 -1.75084
84.25 5.03374 1.47179 -1.75084
84.3 5.03341 1.46999 -1.74714
84.35 5.03298 1.46757 -1.74714
84.4 5.03255 1.46516 -1.74714
84.45 5.03212 1.46275 -1.74714
84.5 5.03169 1.46034 -1.74714
84.55 5.03126 1.45792 -1.74714
84.6 5.03094 1.45612 -1.74344
84.65 5.03052 1.4537 -1.74344
84.7 5.0301 1.45129 -1.74344
84.75 5.02968 1.44887 -1.74344
84.8 5.02947 1.44767 -1.74344
84.85 5.02905 1.44525 -1.74344
84.9 5.02863 1.44284 -1.74344
84.95 5.02821 1.44042 -1.74344
85 5.02789 1.43861 -1.73974
85.05 5.02748 1.4362 -1.73974
85.1 5.02707 1.43378 -1.73974
85.15 5.02676 1.43197 -1.73604
85.2 5.02635 1.42955 -1.73604
85.25 5.02605 1.42774 -1.73974
85.3 5.02574 1.42593 -1.73604
85.35 5.02534 1.42351 -1.73604
85.4 5.02494 1.4211 -1.73604
85.45 5.02463 1.41928 -1.73234
85.5 5.02434 1.41747 -1.73604
85.55 5.02394 1.41505 -1.73604
85.6 5.02363 1.41324 -1.73234
85.65 5.02324 1.41082 -1.73234
85.7 5.02294 1.40901 -1.72864
85.75 5.02265 1.40719 -1.73234
85.8 5.02236 1.40538 -1.72864
85.85 5.02197 1.40296 -1.72864
85.9 5.02159 1.40054 -1.72864
85.95 5.0214 1.39933 -1.72864
86 5.02101 1.39691 -1.72864
86.05 5.02072 1.39509 -1.72493
86.1 5.02035 1.39267 -1.72493
86.15 5.02016 1.39146 -1.72493
86.2 5.01978 1.38904 -1.72493
86.25 5.0195 1.38722 -1.72123
86.3 5.01922 1.38541 -1.72493
86.35 5.01894 1.38359 -1.72123
86.4 5.01857 1.38117 -1.72123
86.45 5.01839 1.37996 -1.72123
86.5 5.01812 1.37814 -1.71753
86.55 5.01776 1.37571 -1.71753
86.6 5.01758 1.3745 -1.71753
86.65 5.01722 1.37208 -1.71753
86.7 5.01695 1.37026 -1.71383
86.75 5.01669 1.36844 -1.71753
86.8 5.01642 1.36662 -1.71383
86.85 5.01625 1.36541 -1.71383
86.9 5.0159 1.36298 -1.71383
86.95 5.01563 1.36117 -1.71013
87 5.01546 1.35995 -1.71013
87.05 5.01512 1.35753 -1.71013
87.1 5.01495 1.35631 -1.71013
87.15 5.0147 1.35449 -1.70643
87.2 5.01445 1.35267 -1.71013
87.25 5.01419 1.35085 -1.70643
87.3 5.01395 1.34903 -1.70272
87.35 5.0137 1.34721 -1.70643
87.4 5.01346 1.34539 -1.70272
87.45 5.01329 1.34417 -1.70272
87.5 5.01297 1.34174 -1.70272
87.55 5.01281 1.34053 -1.70272
87.6 5.01257 1.33871 -1.69902
87.65 5.01241 1.33749 -1.69902
87.7 5.0121 1.33506 -1.69902
87.75 5.01194 1.33385 -1.69902
87.8 5.01171 1.33202 -1.69532
87.85 5.01156 1.33081 -1.69532
87.9 5.01125 1.32838 -1.69532
87.95 5.0111 1.32716 -1.69532
88 5.01095 1.32595 -1.69532
88.05 5.01072 1.32412 -1.69162
88.1 5.0105 1.3223 -1.69532
88.15 5.01027 1.32047 -1.69162
88.2 5.01012 1.31926 -1.69162
88.25 5.0099 1.31743 -1.68792
88.3 5.00976 1.31622 -1.68792
88.35 5.00954 1.31439 -1.69162
88.4 5.00932 1.31257 -1.68792
88.45 5.00918 1.31135 -1.68792
88.5 5.00896 1.30952 -1.68422
88.55 5.00882 1.30831 -1.68422
88.6 5.00869 1.30709 -1.68422
88.65 5.00848 1.30526 -1.68051
88.7 5.00828 1.30344 -1.68422
88.75 5.00814 1.30222 -1.68422
88.8 5.00793 1.30039 -1.68051
88.85 5.00779 1.29918 -1.68051
88.9 5.00766 1.29796 -1.68051
88.95 5.00746 1.29613 -1.67681
89 5.00733 1.29491 -1.67681
89.05 5.0072 1.29369 -1.67681
89.1 5.00701 1.29187 -1.67311
89.15 5.00688 1.29065 -1.67311
89.2 5.00669 1.28882 -1.67681
89.25 5.0065 1.28699 -1.67311
89.3 5.00637 1.28577 -1.67311
89.35 5.00625 1.28455 -1.67311
89.4 5.00612 1.28334 -1.67311
89.45 5.00594 1.28151 -1.66941
89.5 5.00581 1.28029 -1.66941
89.55 5.00569 1.27907 -1.66941
89.6 5.00551 1.27724 -1.66571
89.65 5.0054 1.27602 -1.66571
89.7 5.00528 1.2748 -1.66571
89.75 5.00516 1.27358 -1.66571
89.8 5.00505 1.27236 -1.66571
89.85 5.00487 1.27053 -1.66201
89.9 5.00476 1.26931 -1.66201
89.95 5.00465 1.26809 -1.66201
90 5.00454 1.26687 -1.66201
90.05 5.00437 1.26504 -1.65831
90.1 5.00427 1.26382 -1.65831
90.15 5.00416 1.2626 -1.65831
90.2 5.00405 1.26138 -1.65831
90.25 5.00394 1.26016 -1.65831
90.3 5.00384 1.25894 -1.65831
90.35 5.00368 1.25711 -1.6546
90.4 5.00363 1.2565 -1.6509
90.45 5.00353 1.25528 -1.6509
90.5 5.00343 1.25405 -1.6509
90.55 5.00333 1.25283 -1.6509
90.6 5.00323 1.25161 -1.6509
90.65 5.00309 1.24978 -1.6472
90.7 5.00299 1.24856 -1.6472
90.75 5.0029 1.24734 -1.6472
90.8 5.00281 1.24612 -1.6472
90.85 5.00271 1.24489 -1.6472
90.9 5.00262 1.24367 -1.6472
90.95 5.00252 1.24245 -1.6472
91 5.00248 1.24184 -1.6435
91.05 5.00239 1.24062 -1.6435
91.1 5.0023 1.2394 -1.6435
91.15 5.00217 1.23756 -1.6398
91.2 5.00208 1.23634 -1.6398
91.25 5.002 1.23512 -1.6398
91.3 5.00191 1.2339 -1.6398
91.35 5.00187 1.23328 -1.6361
91.4 5.00179 1.23206 -1.6361
91.45 5.00171 1.23084 -1.6361
91.5 5.00163 1.22962 -1.6361
91.55 5.00155 1.22839 -1.6361
91.6 5.00147 1.22717 -1.6361
91.65 5.00143 1.22656 -1.63239
91.7 5.00136 1.22534 -1.63239
91.75 5.00128 1.22411 -1.63239
91.8 5.0012 1.22289 -1.63239
91.85 5.00113 1.22167 -1.63239
91.9 5.00105 1.22045 -1.63239
91.95 5.00102 1.21983 -1.62869
92 5.00095 1.21861 -1.62869
92.05 5.00087 1.21739 -1.62869
92.1 5.0008 1.21616 -1.62869
92.15 5.00077 1.21555 -1.62499
92.2 5.0007 1.21433 -1.62499
92.25 5.00064 1.21311 -1.62499
92.3 5.00057 1.21188 -1.62499
92.35 5.0005 1.21066 -1.62499
92.4 5.00047 1.21005 -1.62129
92.45 5.00041 1.20882 -1.62129
92.5 5.00035 1.2076 -1.62129
92.55 5.00028 1.20638 -1.62129
92.6 5.00025 1.20577 -1.61759
92.65 5.0002 1.20454 -1.61759
92.7 5.00014 1.20332 -1.61759
92.75 5.00011 1.20271 -1.62129
92.8 5.00008 1.20209 -1.61759
92.85 5.00002 1.20087 -1.61759
92.9 4.99996 1.19965 -1.61759
92.95 4.99994 1.19903 -1.61389
93 4.99988 1.19781 -1.61389
93.05 4.99983 1.19659 -1.61389
93.1 4.99978 1.19536 -1.61389
93.15 4.99975 1.19475 -1.61018
93.2 4.9997 1.19353 -1.61018
93.25 4.99968 1.19291 -1.61389
93.3 4.99965 1.1923 -1.61018
93.35 4.9996 1.19108 -1.61018
93.4 4.99956 1.18985 -1.61018
93.45 4.99953 1.18924 -1.60648
93.5 4.99949 1.18802 -1.60648
93.55 4.99944 1.18679 -1.60648
93.6 4.99942 1.18618 -1.61018
93.65 4.9994 1.18557 -1.60648
93.7 4.99935 1.18434 -1.60648
93.75 4.99931 1.18312 -1.60648
93.8 4.99929 1.18251 -1.60278
93.85 4.99925 1.18128 -1.60278
93.9 4.99921 1.18006 -1.60278
93.95 4.99921 1.18006 -1.60278
94 4.99917 1.17883 -1.60278
94.05 4.99915 1.17822 -1.59908
94.1 4.99912 1.177 -1.59908
94.15 4.99908 1.17577 -1.59908
94.2 4.99908 1.17577 -1.59908
94.25 4.99905 1.17455 -1.59908
94.3 4.99901 1.17332 -1.59908
94.35 4.999 1.17271 -1.59538
94.4 4.99898 1.1721 -1.59908
94.45 4.99895 1.17087 -1.59908
94.5 4.99893 1.17026 -1.59538
94.55 4.9989 1.16903 -1.59538
94.6 4.99888 1.16842 -1.59168
94.65 4.99887 1.16781 -1.59538
94.7 4.99884 1.16658 -1.59538
94.75 4.99883 1.16597 -1.59168
94.8 4.9988 1.16475 -1.59168
94.85 4.9988 1.16475 -1.59168
94.9 4.99877 1.16352 -1.59168
94.95 4.99875 1.1623 -1.59168
95 4.99874 1.16168 -1.58798
95.05 4.99873 1.16107 -1.59168
95.1 4.99871 1.16046 -1.58798
95.15 4.99869 1.15923 -1.58798
95.2 4.99868 1.15862 -1.59168
95.25 4.99867 1.15801 -1.58798
95.3 4.99865 1.15678 -1.58798
95.35 4.99864 1.15617 -1.58427
95.4 4.99863 1.15556 -1.58798
95.45 4.99862 1.15495 -1.58427
95.5 4.9986 1.15372 -1.58427
95.55 4.99859 1.15311 -1.58798
95.6 4.99858 1.1525 -1.58427
95.65 4.99857 1.15127 -1.58427
95.7 4.99857 1.15127 -1.58427
95.75 4.99855 1.15005 -1.58427
95.8 4.99854 1.14943 -1.58057
95.85 4.99854 1.14882 -1.58427
95.9 4.99853 1.14821 -1.58057
95.95 4.99852 1.14698 -1.58057
96 4.99852 1.14698 -1.58057
96.05 4.9985 1.14576 -1.58057
96.1 4.99849 1.14453 -1.58057
96.15 4.99849 1.14453 -1.58057
96.2 4.99848 1.14331 -1.58057
96.25 4.99847 1.1427 -1.57687
96.3 4.99847 1.14208 -1.58057
96.35 4.99846 1.14147 -1.57687
96.4 4.99846 1.14025 -1.57687
96.45 4.99846 1.14025 -1.57687
96.5 4.99845 1.13902 -1.57687
96.55 4.99844 1.13841 -1.57317
96.6 4.99844 1.1378 -1.57687
96.65 4.99844 1.13718 -1.57317
96.7 4.99844 1.13657 -1.57687
96.75 4.99843 1.13596 -1.57317
96.8 4.99843 1.13473 -1.57317
96.85 4.99843 1.13473 -1.57317
96.9 4.99843 1.13351 -1.57317
96.95 4.99843 1.13351 -1.57317
97 4.99843 1.13228 -1.57317
97.05 4.99842 1.13167 -1.56947
97.1 4.99843 1.13106 -1.57317
97.15 4.99842 1.13044 -1.56947
97.2 4.99842 1.12983 -1.57317
97.25 4.99842 1.12922 -1.56947
97.3 4.99842 1.12861 -1.57317
97.35 4.99842 1.12799 -1.56947
97.4 4.99842 1.12677 -1.56947
97.45 4.99842 1.12677 -1.56947
97.5 4.99842 1.12616 -1.56577
97.55 4.99843 1.12554 -1.56947
97.6 4.99843 1.12493 -1.56577
97.65 4.99843 1.12432 -1.56947
97.7 4.99843 1.12371 -1.56577
97.75 4.99844 1.12248 -1.56577
97.8 4.99844 1.12248 -1.56577
97.85 4.99845 1.12125 -1.56577
97.9 4.99845 1.12125 -1.56577
97.95 4.99845 1.12003 -1.56577
98 4.99845 1.12003 -1.56577
98.05 4.99846 1.1188 -1.56577
98.1 4.99846 1.1188 -1.56577
98.15 4.99846 1.11819 -1.56206
98.2 4.99847 1.11758 -1.56577
98.25 4.99847 1.11697 -1.56206
98.3 4.99847 1.11635 -1.56577
98.35 4.99848 1.11574 -1.56206
98.4 4.99848 1.11513 -1.56577
98.45 4.99849 1.11452 -1.56206
98.5 4.99849 1.11452 -1.56206
98.55 4.9985 1.11329 -1.56206
98.6 4.9985 1.11329 -1.56206
98.65 4.99851 1.11207 -1.56206
98.7 4.99851 1.11207 -1.56206
98.75 4.99852 1.11084 -1.56206
98.8 4.99852 1.11084 -1.56206
98.85 4.99852 1.11023 -1.55836
98.9 4.99853 1.10962 -1.56206
98.95 4.99854 1.109 -1.55836
99 4.99854 1.10839 -1.56206
99.05 4.99855 1.10778 -1.55836
99.1 4.99855 1.10778 -1.55836
99.15 4.99856 1.10655 -1.55836
99.2 4.99856 1.10655 -1.55836
99.25 4.99858 1.10533 -1.55836
99.3 4.99858 1.10533 -1.55836
99.35 4.99859 1.10471 -1.55466
99.4 4.9986 1.1041 -1.55836
99.45 4.9986 1.1041 -1.55836
99.5 4.99861 1.10288 -1.55836
99.55 4.99861 1.10288 -1.55836
99.6 4.99862 1.10226 -1.55466
99.65 4.99863 1.10165 -1.55836
99.7 4.99864 1.10104 -1.55466
99.75 4.99865 1.10043 -1.55836
99.8 4.99865 1.09981 -1.55466
99.85 4.99865 1.09981 -1.55466
99.9 4.99866 1.0992 -1.55836
99.95 4.99867 1.09859 -1.55466
100 4.99868 1.09798 -1.55836
100.05 4.99869 1.09736 -1.55466
100.1 4.99869 1.09736 -1.55466
100.15 4.99871 1.09614 -1.55466
100.2 4.99871 1.09614 -1.55466
100.25 4.99871 1.09614 -1.55466
100.3 4.99873 1.09491 -1.55466
100.35 4.99873 1.09491 -1.55466
100.4 4.99874 1.0943 -1.55096
100.45 4.99875 1.09369 -1.55466
100.5 4.99875 1.09369 -1.55466
100.55 4.99877 1.09246 -1.55466
100.6 4.99877 1.09246 -1.55466
100.65 4.99878 1.09185 -1.55096
100.7 4.99879 1.09124 -1.55466
100.75 4.99879 1.09124 -1.55466
100.8 4.9988 1.09063 -1.55096
100.85 4.99882 1.09001 -1.55466
100.9 4.99883 1.0894 -1.55096
100.95 4.99883 1.0894 -1.55096
101 4.99884 1.08879 -1.55466
101.05 4.99885 1.08818 -1.55096
101.1 4.99885 1.08818 -1.55096
101.15 4.99886 1.08756 -1.55466
101.2 4.99887 1.08695 -1.55096
101.25 4.99887 1.08695 -1.55096
101.3 4.99889 1.08573 -1.55096
101.35 4.99889 1.08573 -1.55096
101.4 4.99889 1.08573 -1.55096
101.45 4.99892 1.0845 -1.55096
101.5 4.99892 1.0845 -1.55096
101.55 4.99892 1.0845 -1.55096
101.6 4.99894 1.08328 -1.55096
101.65 4.99894 1.08328 -1.55096
101.7 4.99894 1.08328 -1.55096
101.75 4.99897 1.08205 -1.55096
101.8 4.99897 1.08205 -1.55096
101.85 4.99897 1.08205 -1.55096
101.9 4.99899 1.08083 -1.55096
101.95 4.99899 1.08083 -1.55096
102 4.99899 1.08083 -1.55096
102.05 4.99902 1.0796 -1.55096
102.1 4.99902 1.0796 -1.55096
102.15 4.99902 1.0796 -1.55096
102.2 4.99904 1.07838 -1.55096
102.25 4.99904 1.07838 -1.55096
102.3 4.99904 1.07838 -1.55096
102.35 4.99906 1.07715 -1.55096
102.4 4.99906 1.07715 -1.55096
102.45 4.99906 1.07715 -1.55096
102.5 4.99908 1.07654 -1.54726
102.55 4.99909 1.07593 -1.55096
102.6 4.99909 1.07593 -1.55096
102.65 4.9991 1.07531 -1.54726
102.7 4.99912 1.0747 -1.55096
102.75 4.99912 1.0747 -1.55096
102.8 4.99913 1.07409 -1.54726
102.85 4.99914 1.07348 -1.55096
102.9 4.99914 1.07348 -1.55096
102.95 4.99916 1.07286 -1.54726
103 4.99916 1.07286 -1.54726
103.05 4.99917 1.07225 -1.55096
103.1 4.99917 1.07225 -1.55096
103.15 4.99918 1.07164 -1.54726
103.2 4.9992 1.07103 -1.55096
103.25 4.9992 1.07103 -1.55096
103.3 4.99921 1.07041 -1.54726
103.35 4.99922 1.0698 -1.55096
103.4 4.99922 1.0698 -1.55096
103.45 4.99922 1.0698 -1.55096
103.5 4.99924 1.06919 -1.54726
103.55 4.99925 1.06858 -1.55096
103.6 4.99925 1.06858 -1.55096
103.65 4.99926 1.06796 -1.54726
103.7 4.99926 1.06796 -1.54726
103.75 4.99928 1.06735 -1.55096
103.8 4.99928 1.06735 -1.55096
103.85 4.99929 1.06674 -1.54726
103.9 4.9993 1.06613 -1.55096
103.95 4.9993 1.06613 -1.55096
104 4.99931 1.06551 -1.54726
104.05 4.99931 1.06551 -1.54726
104.1 4.99933 1.0649 -1.55096
104.15 4.99933 1.0649 -1.55096
104.2 4.99934 1.06429 -1.54726
104.25 4.99934 1.06429 -1.54726
104.3 4.99936 1.06368 -1.55096
104.35 4.99936 1.06368 -1.55096
104.4 4.99937 1.06306 -1.54726
104.45 4.99937 1.06306 -1.54726
104.5 4.99938 1.06245 -1.55096
104.55 4.99938 1.06245 -1.55096
104.6 4.99939 1.06184 -1.54726
104.65 4.99941 1.06123 -1.55096
104.7 4.99941 1.06123 -1.55096
104.75 4.99941 1.06123 -1.55096
104.8 4.99942 1.06062 -1.54726
104.85 4.99944 1.06 -1.55096
104.9 4.99944 1.06 -1.55096
104.95 4.99944 1.06 -1.55096
105 4.99945 1.05939 -1.54726
105.05 4.99946 1.05878 -1.55096
105.1 4.99946 1.05878 -1.55096
105.15 4.99946 1.05878 -1.55096
105.2 4.99946 1.05878 -1.55096
105.25 4.99947 1.05817 -1.54726
105.3 4.99949 1.05755 -1.55096
105.35 4.99949 1.05755 -1.55096
105.4 4.99949 1.05755 -1.55096
105.45 4.9995 1.05694 -1.54726
105.5 4.99952 1.05633 -1.55096
105.55 4.99952 1.05633 -1.55096
105.6 4.99952 1.05633 -1.55096
105.65 4.99953 1.05572 -1.54726
105.7 4.99954 1.0551 -1.55096
105.75 4.99954 1.0551 -1.55096
105.8 4.99954 1.0551 -1.55096
105.85 4.99954 1.0551 -1.55096
105.9 4.99957 1.05388 -1.55096
105.95 4.99957 1.05388 -1.55096
106 4.99957 1.05388 -1.55096
106.05 4.99957 1.05388 -1.55096
106.1 4.99957 1.05388 -1.55096
106.15 4.99959 1.05265 -1.55096
106.2 4.99959 1.05265 -1.55096
106.25 4.99959 1.05265 -1.55096
106.3 4.99959 1.05265 -1.55096
106.35 4.99961 1.05143 -1.55096
106.4 4.99961 1.05143 -1.55096
106.45 4.99961 1.05143 -1.55096
106.5 4.99961 1.05143 -1.55096
106.55 4.99961 1.05143 -1.55096
106.6 4.99964 1.0502 -1.55096
106.65 4.99964 1.0502 -1.55096
106.7 4.99964 1.0502 -1.55096
106.75 4.99964 1.0502 -1.55096
106.8 4.99965 1.04959 -1.55466
106.85 4.99965 1.04959 -1.55466
106.9 4.99966 1.04898 -1.55096
106.95 4.99966 1.04898 -1.55096
107 4.99966 1.04898 -1.55096
107.05 4.99967 1.04837 -1.55466
107.1 4.99967 1.04837 -1.55466
107.15 4.99968 1.04775 -1.55096
107.2 4.99968 1.04775 -1.55096
107.25 4.99968 1.04775 -1.55096
107.3 4.9997 1.04714 -1.55466
107.35 4.9997 1.04714 -1.55466
107.4 4.99971 1.04653 -1.55096
107.45 4.99971 1.04653 -1.55096
107.5 4.99971 1.04653 -1.55096
107.55 4.99972 1.04592 -1.55466
107.6 4.99972 1.04592 -1.55466
107.65 4.99972 1.04592 -1.55466
107.7 4.99973 1.0453 -1.55096
107.75 4.99973 1.0453 -1.55096
107.8 4.99974 1.04469 -1.55466
107.85 4.99974 1.04469 -1.55466
107.9 4.99974 1.04469 -1.55466
107.95 4.99974 1.04469 -1.55466
108 4.99975 1.04408 -1.55096
108.05 4.99976 1.04347 -1.55466
108.1 4.99976 1.04347 -1.55466
108.15 4.99976 1.04347 -1.55466
108.2 4.99976 1.04347 -1.55466
108.25 4.99976 1.04347 -1.55466
108.3 4.99978 1.04224 -1.55466
108.35 4.99978 1.04224 -1.55466
108.4 4.99978 1.04224 -1.55466
108.45 4.99978 1.04224 -1.55466
108.5 4.99978 1.04224 -1.55466
108.55 4.99978 1.04224 -1.55466
108.6 4.9998 1.04102 -1.55466
108.65 4.9998 1.04102 -1.55466
108.7 4.9998 1.04102 -1.55466
108.75 4.9998 1.04102 -1.55466
108.8 4.9998 1.04102 -1.55466
108.85 4.99981 1.0404 -1.55836
108.9 4.99982 1.03979 -1.55466
108.95 4.99982 1.03979 -1.55466
109 4.99982 1.03979 -1.55466
109.05 4.99982 1.03979 -1.55466
109.1 4.99982 1.03979 -1.55466
109.15 4.99983 1.03918 -1.55836
109.2 4.99983 1.03918 -1.55836
109.25 4.99984 1.03857 -1.55466
109.3 4.99984 1.03857 -1.55466
109.35 4.99984 1.03857 -1.55466
109.4 4.99984 1.03857 -1.55466
109.45 4.99985 1.03795 -1.55836
109.5 4.99985 1.03795 -1.55836
109.55 4.99985 1.03795 -1.55836
109.6 4.99985 1.03734 -1.55466
109.65 4.99985 1.03734 -1.55466
109.7 4.99985 1.03734 -1.55466
109.75 4.99986 1.03673 -1.55836
109.8 4.99986 1.03673 -1.55836
109.85 4.99986 1.03673 -1.55836
109.9 4.99986 1.03673 -1.55836
109.95 4.99987 1.03611 -1.55466
110 4.99987 1.03611 -1.55466
110.05 4.99988 1.0355 -1.55836
110.1 4.99988 1.0355 -1.55836
110.15 4.99988 1.0355 -1.55836
110.2 4.99988 1.0355 -1.55836
110.25 4.99988 1.0355 -1.55836
110.3 4.99988 1.0355 -1.55836
110.35 4.99989 1.03489 -1.55466
110.4 4.9999 1.03428 -1.55836
110.45 4.9999 1.03428 -1.55836
110.5 4.9999 1.03428 -1.55836
110.55 4.9999 1.03428 -1.55836
110.6 4.9999 1.03428 -1.55836
110.65 4.9999 1.03428 -1.55836
110.7 4.99991 1.03366 -1.56206
110.75 4.99991 1.03305 -1.55836
110.8 4.99991 1.03305 -1.55836
110.85 4.99991 1.03305 -1.55836
110.9 4.99991 1.03305 -1.55836
110.95 4.99991 1.03305 -1.55836
111 4.99991 1.03305 -1.55836
111.05 4.99992 1.03244 -1.56206
111.1 4.99992 1.03244 -1.56206
111.15 4.99992 1.03183 -1.55836
111.2 4.99992 1.03183 -1.55836
111.25 4.99992 1.03183 -1.55836
111.3 4.99992 1.03183 -1.55836
111.35 4.99992 1.03183 -1.55836
111.4 4.99993 1.03121 -1.56206
111.45 4.99993 1.03121 -1.56206
111.5 4.99993 1.03121 -1.56206
111.55 4.99993 1.03121 -1.56206
111.6 4.99994 1.0306 -1.55836
111.65 4.99994 1.0306 -1.55836
111.7 4.99994 1.0306 -1.55836
111.75 4.99994 1.02999 -1.56206
111.8 4.99994 1.02999 -1.56206
111.85 4.99994 1.02999 -1.56206
111.9 4.99994 1.02999 -1.56206
111.95 4.99994 1.02999 -1.56206
112 4.99994 1.02999 -1.56206
112.05 4.99995 1.02938 -1.55836
112.1 4.99995 1.02938 -1.55836
112.15 4.99996 1.02876 -1.56206
112.2 4.99996 1.02876 -1.56206
112.25 4.99996 1.02876 -1.56206
112.3 4.99996 1.02876 -1.56206
112.35 4.99996 1.02876 -1.56206
112.4 4.99996 1.02876 -1.56206
112.45 4.99996 1.02876 -1.56206
112.5 4.99996 1.02815 -1.56577
112.55 4.99997 1.02754 -1.56206
112.6 4.99997 1.02754 -1.56206
112.65 4.99997 1.02754 -1.56206
112.7 4.99997 1.02754 -1.56206
112.75 4.99997 1.02754 -1.56206
112.8 4.99997 1.02754 -1.56206
112.85 4.99997 1.02754 -1.56206
112.9 4.99997 1.02693 -1.56577
112.95 4.99997 1.02693 -1.56577
113 4.99997 1.02693 -1.56577
113.05 4.99997 1.02631 -1.56206
113.1 4.99997 1.02631 -1.56206
113.15 4.99997 1.02631 -1.56206
113.2 4.99997 1.02631 -1.56206
113.25 4.99997 1.02631 -1.56206
113.3 4.99997 1.02631 -1.56206
113.35 4.99998 1.0257 -1.56577
113.4 4.99998 1.0257 -1.56577
113.45 4.99998 1.0257 -1.56577
113.5 4.99998 1.0257 -1.56577
113.55 4.99998 1.02509 -1.56206
113.6 4.99998 1.02509 -1.56206
113.65 4.99998 1.02509 -1.56206
113.7 4.99998 1.02509 -1.56206
113.75 4.99998 1.02509 -1.56206
113.8 4.99999 1.02448 -1.56577
113.85 4.99999 1.02448 -1.56577
113.9 4.99999 1.02448 -1.56577
113.95 4.99999 1.02448 -1.56577
114 4.99999 1.02448 -1.56577
114.05 4.99999 1.02448 -1.56577
114.1 4.99999 1.02386 -1.56206
114.15 4.99999 1.02386 -1.56206
114.2 4.99999 1.02386 -1.56206
114.25 5 1.02325 -1.56577
114.3 5 1.02325 -1.56577
114.35 5 1.02325 -1.56577
114.4 5 1.02325 -1.56577
114.45 5 1.02325 -1.56577
114.5 5 1.02325 -1.56577
114.55 5 1.02325 -1.56577
114.6 5 1.02325 -1.56577
114.65 5 1.02325 -1.56577
114.7 5 1.02203 -1.56577
114.75 5 1.02203 -1.56577
114.8 5 1.02203 -1.56577
114.85 5 1.02203 -1.56577
114.9 5 1.02203 -1.56577
114.95 5 1.02203 -1.56577
115 5 1.02203 -1.56577
115.05 5 1.02203 -1.56577
115.1 5 1.02203 -1.56577
115.15 5 1.02203 -1.56577
115.2 5.00001 1.02141 -1.56947
115.25 5.00001 1.02141 -1.56947
115.3 5.00001 1.02141 -1.56947
115.35 5.00001 1.0208 -1.56577
115.4 5.00001 1.0208 -1.56577
115.45 5.00001 1.0208 -1.56577
115.5 5.00001 1.0208 -1.56577
115.55 5.00001 1.0208 -1.56577
115.6 5.00001 1.0208 -1.56577
115.65 5.00001 1.0208 -1.56577
115.7 5.00001 1.0208 -1.56577
115.75 5.00001 1.02019 -1.56947
115.8 5.00001 1.02019 -1.56947
115.85 5.00001 1.02019 -1.56947
115.9 5.00001 1.02019 -1.56947
115.95 5.00001 1.02019 -1.56947
116 5.00001 1.01958 -1.56577
116.05 5.00001 1.01958 -1.56577
116.1 5.00001 1.01958 -1.56577
116.15 5.00001 1.01958 -1.56577
116.2 5.00001 1.01958 -1.56577
116.25 5.00001 1.01958 -1.56577
116.3 5.00001 1.01896 -1.56947
116.35 5.00001 1.01896 -1.56947
116.4 5.00001 1.01896 -1.56947
116.45 5.00001 1.01896 -1.56947
116.5 5.00001 1.01896 -1.56947
116.55 5.00001 1.01896 -1.56947
116.6 5.00001 1.01896 -1.56947
116.65 5.00001 1.01896 -1.56947
116.7 5.00001 1.01896 -1.56947
116.75 5.00001 1.01835 -1.56577
116.8 5.00001 1.01835 -1.56577
116.85 5.00001 1.01835 -1.56577
116.9 5.00002 1.01774 -1.56947
116.95 5.00002 1.01774 -1.56947
117 5.00002 1.01774 -1.56947
117.05 5.00002 1.01774 -1.56947
117.1 5.00002 1.01774 -1.56947
117.15 5.00002 1.01774 -1.56947
117.2 5.00002 1.01774 -1.56947
117.25 5.00002 1.01774 -1.56947
117.3 5.00002 1.01774 -1.56947
117.35 5.00002 1.01774 -1.56947
117.4 5.00002 1.01774 -1.56947
117.45 5.00002 1.01774 -1.56947
117.5 5.00002 1.01712 -1.56577
117.55 5.00002 1.01651 -1.56947
117.6 5.00002 1.01651 -1.56947
117.65 5.00002 1.01651 -1.56947
117.7 5.00002 1.01651 -1.56947
117.75 5.00002 1.01651 -1.56947
117.8 5.00002 1.01651 -1.56947
117.85 5.00002 1.01651 -1.56947
117.9 5.00002 1.01651 -1.56947
117.95 5.00002 1.01651 -1.56947
118 5.00002 1.01651 -1.56947
118.05 5.00002 1.01651 -1.56947
118.1 5.00002 1.01651 -1.56947
118.15 5.00002 1.01651 -1.56947
118.2 5.00002 1.0159 -1.57317
118.25 5.00002 1.0159 -1.57317
118.3 5.00002 1.0159 -1.57317
118.35 5.00002 1.01529 -1.56947
118.4 5.00002 1.01529 -1.56947
118.45 5.00002 1.01529 -1.56947
118.5 5.00002 1.01529 -1.56947
118.55 5.00002 1.01529 -1.56947
118.6 5.00002 1.01529 -1.56947
118.65 5.00002 1.01529 -1.56947
118.7 5.00002 1.01529 -1.56947
118.75 5.00002 1.01529 -1.56947
118.8 5.00002 1.01529 -1.56947
118.85 5.00002 1.01529 -1.56947
118.9 5.00002 1.01529 -1.56947
118.95 5.00002 1.01467 -1.57317
119 5.00002 1.01467 -1.57317
119.05 5.00002 1.01467 -1.57317
119.1 5.00002 1.01467 -1.57317
119.15 5.00002 1.01467 -1.57317
119.2 5.00002 1.01467 -1.57317
119.25 5.00002 1.01467 -1.57317
119.3 5.00002 1.01406 -1.56947
119.35 5.00002 1.01406 -1.56947
119.4 5.00002 1.01406 -1.56947
119.45 5.00002 1.01406 -1.56947
119.5 5.00002 1.01406 -1.56947
119.55 5.00002 1.01406 -1.56947
119.6 5.00002 1.01406 -1.56947
119.65 5.00002 1.01406 -1.56947
119.7 5.00002 1.01406 -1.56947
119.75 5.00002 1.01345 -1.57317
119.8 5.00002 1.01345 -1.57317
119.85 5.00002 1.01345 -1.57317
119.9 5.00002 1.01345 -1.57317
119.95 5.00002 1.01345 -1.57317
120 5.00002 1.01345 -1.57317
120.05 5.00002 1.01345 -1.57317
120.1 5.00002 1.01345 -1.57317
120.15 5.00002 1.01345 -1.57317
120.2 5.00002 1.01345 -1.57317
120.25 5.00002 1.01284 -1.56947
120.3 5.00002 1.01284 -1.56947
120.35 5.00002 1.01284 -1.56947
120.4 5.00002 1.01284 -1.56947
120.45 5.00002 1.01284 -1.56947
120.5 5.00002 1.01284 -1.56947
120.55 5.00002 1.01284 -1.56947
120.6 5.00002 1.01222 -1.57317
120.65 5.00002 1.01222 -1.57317
120.7 5.00002 1.01222 -1.57317
120.75 5.00002 1.01222 -1.57317
120.8 5.00002 1.01222 -1.57317
120.85 5.00002 1.01222 -1.57317
120.9 5.00002 1.01222 -1.57317
120.95 5.00002 1.01222 -1.57317
121 5.00002 1.01222 -1.57317
121.05 5.00002 1.01222 -1.57317
121.1 5.00002 1.01222 -1.57317
121.15 5.00002 1.01222 -1.57317
121.2 5.00002 1.01222 -1.57317
121.25 5.00002 1.01222 -1.57317
121.3 5.00002 1.01222 -1.57317
121.35 5.00002 1.01161 -1.56947
121.4 5.00002 1.01161 -1.56947
121.45 5.00002 1.01161 -1.56947
121.5 5.00002 1.01161 -1.56947
121.55 5.00002 1.011 -1.57317
121.6 5.00002 1.011 -1.57317
121.65 5.00002 1.011 -1.57317
121.7 5.00002 1.011 -1.57317
121.75 5.00002 1.011 -1.57317
121.8 5.00002 1.011 -1.57317
121.85 5.00002 1.011 -1.57317
121.9 5.00002 1.011 -1.57317
121.95 5.00002 1.011 -1.57317
122 5.00002 1.011 -1.57317
122.05 5.00002 1.011 -1.57317
122.1 5.00002 1.011 -1.57317
122.15 5.00002 1.011 -1.57317
122.2 5.00002 1.011 -1.57317
122.25 5.00002 1.011 -1.57317
122.3 5.00002 1.011 -1.57317
122.35 5.00002 1.011 -1.57317
122.4 5.00002 1.011 -1.57317
122.45 5.00002 1.011 -1.57317
122.5 5.00002 1.011 -1.57317
122.55 5.00002 1.011 -1.57317
122.6 5.00002 1.00977 -1.57317
122.65 5.00002 1.00977 -1.57317
122.7 5.00002 1.00977 -1.57317
122.75 5.00002 1.00977 -1.57317
122.8 5.00002 1.00977 -1.57317
122.85 5.00002 1.00977 -1.57317
122.9 5.00002 1.00977 -1.57317
122.95 5.00002 1.00977 -1.57317
123 5.00002 1.00977 -1.57317
123.05 5.00002 1.00977 -1.57317
123.1 5.00002 1.00977 -1.57317
123.15 5.00002 1.00977 -1.57317
123.2 5.00002 1.00977 -1.57317
123.25 5.00002 1.00977 -1.57317
123.3 5.00002 1.00977 -1.57317
