4.55 -0.000639221 7.52279e-05 8.30321e-05
4.6 -0.000614726 7.41806e-05 8.27496e-05
4.65 0.00138275 -9.16631e-06 4.63257e-05
4.7 0.00724015 6.15348e-05 -0.000188791
4.75 0.0169708 0.000142807 -0.000867633
4.8 0.0305068 0.000197469 -0.00212855
4.85 0.0478855 0.000163685 -0.00341921
4.9 0.0689941 0.00018765 -0.0041163
4.95 0.0922627 5.08864e-05 -0.00158607
5 0.116297 -6.2775e-05 0.00558321
5.05 0.140941 0.000254832 0.0152297
5.1 0.165751 0.000874381 0.0244115
5.15 0.190187 0.00172643 0.0328374
5.2 0.214063 0.00245601 0.0414506
5.25 0.237459 0.00337457 0.0501365
5.3 0.260593 0.00446226 0.0581475
5.35 0.283579 0.00582292 0.0649396
5.4 0.306679 0.00734421 0.0707369
5.45 0.329456 0.00896769 0.0778446
5.5 0.352064 0.0106406 0.0847926
5.55 0.374378 0.0125062 0.091488
5.6 0.396507 0.0144247 0.0976349
5.65 0.418399 0.0165662 0.103116
5.7 0.440239 0.0187257 0.108544
5.75 0.461987 0.0208488 0.113949
5.8 0.483563 0.0232042 0.119664
5.85 0.50586 0.0253479 0.12991
5.9 0.528768 0.0274555 0.145538
5.95 0.551154 0.0299438 0.160886
6 0.57339 0.0327829 0.176961
6.05 0.595305 0.0359387 0.193163
6.1 0.616954 0.0390508 0.21004
6.15 0.638809 0.0432082 0.223591
6.2 0.660516 0.0482726 0.234432
6.25 0.68201 0.0535115 0.245349
6.3 0.703416 0.0585864 0.25755
6.35 0.724615 0.0636883 0.270431
6.4 0.745671 0.0690769 0.283296
6.45 0.766553 0.0746921 0.29602
6.5 0.787292 0.0805782 0.308772
6.55 0.807771 0.0866567 0.32134
6.6 0.828044 0.0929615 0.333657
6.65 0.848211 0.0995301 0.345846
6.7 0.86834 0.106322 0.357759
6.75 0.888214 0.113304 0.369657
6.8 0.907818 0.120444 0.381577
6.85 0.927227 0.127815 0.393383
6.9 0.946482 0.135377 0.40483
6.95 0.965541 0.143119 0.416223
7 0.984488 0.151075 0.427443
7.05 1.0031 0.159123 0.438827
7.1 1.02158 0.167371 0.450124
7.15 1.03994 0.175787 0.461294
7.2 1.05819 0.184462 0.472107
7.25 1.07626 0.193286 0.483207
7.3 1.09411 0.202237 0.494358
7.35 1.11183 0.211319 0.505246
7.4 1.12934 0.220556 0.515969
7.45 1.14662 0.229929 0.526441
7.5 1.16371 0.239454 0.536742
7.55 1.18065 0.249129 0.546871
7.6 1.19731 0.258857 0.557146
7.65 1.21378 0.268684 0.567537
7.7 1.23015 0.278706 0.577576
7.75 1.24632 0.288825 0.587586
7.8 1.26237 0.299104 0.59727
7.85 1.27826 0.309501 0.607137
7.9 1.29399 0.320045 0.61692
7.95 1.3096 0.33067 0.626528
8 1.32498 0.341373 0.635947
8.05 1.34012 0.352127 0.6451
8.1 1.35511 0.363 0.654099
8.15 1.36994 0.373981 0.663131
8.2 1.38463 0.385042 0.672024
8.25 1.39919 0.396238 0.681006
8.3 1.41358 0.407496 0.689907
8.35 1.42777 0.418791 0.698485
8.4 1.44178 0.430184 0.707043
8.45 1.45567 0.441661 0.715497
8.5 1.46941 0.453166 0.723893
8.55 1.48297 0.464747 0.732124
8.6 1.49645 0.476459 0.74025
8.65 1.50976 0.488201 0.748242
8.7 1.52285 0.499982 0.756193
8.75 1.53582 0.511839 0.763895
8.8 1.54868 0.523776 0.771623
8.85 1.56144 0.535811 0.779092
8.9 1.57406 0.547916 0.786535
8.95 1.58648 0.559984 0.793843
9 1.59878 0.572146 0.801052
9.05 1.61096 0.584343 0.808217
9.1 1.62306 0.596623 0.815361
9.15 1.63497 0.608904 0.822427
9.2 1.64682 0.621289 0.829394
9.25 1.65851 0.633633 0.836212
9.3 1.67003 0.645989 0.842902
9.35 1.68144 0.658467 0.84953
9.4 1.69273 0.670905 0.855886
9.45 1.70386 0.683324 0.862288
9.5 1.71492 0.69591 0.868587
9.55 1.72585 0.708505 0.874753
9.6 1.73666 0.721094 0.880885
9.65 1.74741 0.733722 0.886894
9.7 1.758 0.746326 0.892972
9.75 1.76843 0.758949 0.898836
9.8 1.77883 0.771613 0.904458
9.85 1.78899 0.784277 0.910184
9.9 1.79913 0.797 0.915695
9.95 1.80914 0.809718 0.921044
10 1.81909 0.822487 0.9262
10.05 1.82891 0.835217 0.931248
10.1 1.83864 0.847987 0.936347
10.15 1.84828 0.860779 0.94137
10.2 1.85781 0.873538 0.946312
10.25 1.86723 0.886306 0.951054
10.3 1.87656 0.8991 0.955618
10.35 1.88582 0.911887 0.960165
10.4 1.89499 0.92465 0.964733
10.45 1.90402 0.937454 0.969057
10.5 1.91304 0.950306 0.973333
10.55 1.92196 0.963089 0.977458
10.6 1.9308 0.975904 0.981657
10.65 1.9395 0.988678 0.985729
10.7 1.9482 1.00156 0.9896
10.75 1.95679 1.01441 0.993313
10.8 1.96534 1.02727 0.997047
10.85 1.97381 1.0401 1.00071
10.9 1.98223 1.05293 1.00424
10.95 1.99057 1.06572 1.0077
11 1.9988 1.07852 1.01102
11.05 2.00696 1.09137 1.01426
11.1 2.0151 1.10425 1.0174
11.15 2.02316 1.11711 1.02046
11.2 2.03119 1.12995 1.02343
11.25 2.03913 1.14275 1.02639
11.3 2.04702 1.1556 1.0292
11.35 2.05484 1.16846 1.03185
11.4 2.06259 1.18129 1.03437
11.45 2.07035 1.1941 1.03696
11.5 2.07803 1.2069 1.03959
11.55 2.08569 1.21971 1.04192
11.6 2.09323 1.2325 1.04417
11.65 2.10072 1.2453 1.04624
11.7 2.10824 1.25811 1.04831
11.75 2.1157 1.27086 1.05031
11.8 2.1231 1.28362 1.05224
11.85 2.13042 1.29641 1.05395
11.9 2.13776 1.30919 1.05576
11.95 2.14506 1.32193 1.05744
12 2.1523 1.33465 1.05908
12.05 2.15952 1.34738 1.06071
12.1 2.1667 1.3601 1.06218
12.15 2.17383 1.37281 1.0635
12.2 2.18091 1.38548 1.06476
12.25 2.18798 1.39814 1.06595
12.3 2.19502 1.41086 1.06705
12.35 2.20206 1.42355 1.06803
12.4 2.20906 1.43618 1.06899
12.45 2.21604 1.4488 1.06984
12.5 2.22294 1.46145 1.07064
12.55 2.2299 1.47408 1.07127
12.6 2.23678 1.4867 1.07189
12.65 2.24367 1.49928 1.07237
12.7 2.25055 1.51187 1.07284
12.75 2.25739 1.52442 1.07336
12.8 2.26425 1.53699 1.07366
12.85 2.27107 1.54952 1.07394
12.9 2.27788 1.56202 1.07411
12.95 2.28466 1.57452 1.07422
13 2.29146 1.58701 1.07428
13.05 2.29823 1.59951 1.07425
13.1 2.305 1.612 1.07413
13.15 2.31175 1.62444 1.07395
13.2 2.31846 1.63688 1.07368
13.25 2.32517 1.64933 1.07335
13.3 2.3319 1.66176 1.07298
13.35 2.33862 1.67418 1.07256
13.4 2.3453 1.68653 1.07209
13.45 2.35202 1.69891 1.07161
13.5 2.35874 1.71124 1.07097
13.55 2.36546 1.72359 1.07027
13.6 2.37217 1.73592 1.0695
13.65 2.37888 1.74828 1.06863
13.7 2.38559 1.76056 1.0677
13.75 2.3923 1.77286 1.0667
13.8 2.39901 1.78513 1.06566
13.85 2.40576 1.79736 1.06453
13.9 2.41248 1.80961 1.0634
13.95 2.41924 1.82183 1.06217
14 2.42599 1.83405 1.06087
14.05 2.43274 1.84623 1.05957
14.1 2.43952 1.85839 1.05822
14.15 2.44627 1.87057 1.05684
14.2 2.45306 1.88268 1.05536
14.25 2.45986 1.89479 1.05383
14.3 2.46668 1.90687 1.05224
14.35 2.4735 1.91893 1.05057
14.4 2.48032 1.93099 1.04881
14.45 2.48718 1.94307 1.04701
14.5 2.49405 1.95508 1.04522
14.55 2.50094 1.9671 1.04335
14.6 2.50782 1.97906 1.04144
14.65 2.51472 1.99104 1.03942
14.7 2.52166 2.00297 1.03726
14.75 2.5286 2.01491 1.03509
14.8 2.53555 2.02684 1.03293
14.85 2.54256 2.03873 1.03063
14.9 2.54958 2.05058 1.0284
14.95 2.55661 2.06245 1.02596
15 2.56366 2.07424 1.02349
15.05 2.57073 2.0861 1.02105
15.1 2.57785 2.09782 1.01862
15.15 2.58499 2.10958 1.01617
15.2 2.59184 2.12084 1.01369
15.25 2.59912 2.13267 1.01124
15.3 2.60636 2.14439 1.00849
15.35 2.61359 2.15604 1.00556
15.4 2.62085 2.16772 1.00256
15.45 2.62816 2.17937 0.999548
15.5 2.63549 2.19099 0.996633
15.55 2.64282 2.20255 0.993495
15.6 2.6502 2.21411 0.9903
15.65 2.65762 2.22567 0.987004
15.7 2.66507 2.23718 0.983692
15.75 2.67258 2.24867 0.980296
15.8 2.68012 2.26014 0.977
15.85 2.68772 2.2716 0.973452
15.9 2.69535 2.28305 0.969999
15.95 2.70302 2.2945 0.966447
16 2.71068 2.30583 0.96285
16.05 2.71839 2.31716 0.959224
16.1 2.72616 2.32849 0.955531
16.15 2.73395 2.33975 0.951874
16.2 2.74179 2.35099 0.948214
16.25 2.74966 2.36221 0.94445
16.3 2.75758 2.37339 0.940932
16.35 2.76556 2.38458 0.937133
16.4 2.77358 2.39576 0.933193
16.45 2.78164 2.40689 0.929159
16.5 2.78975 2.41801 0.925123
16.55 2.79788 2.42908 0.921058
16.6 2.80607 2.44011 0.91691
16.65 2.81429 2.45111 0.91275
16.7 2.82257 2.46208 0.908521
16.75 2.83088 2.47301 0.904261
16.8 2.83924 2.48389 0.89997
16.85 2.84767 2.49478 0.89558
16.9 2.85611 2.50559 0.89121
16.95 2.86461 2.51638 0.886767
17 2.87316 2.52713 0.882296
17.05 2.88173 2.53784 0.877773
17.1 2.89037 2.54852 0.873273
17.15 2.89904 2.55915 0.868653
17.2 2.90767 2.56968 0.863804
17.25 2.9164 2.58024 0.858876
17.3 2.92516 2.59072 0.853944
17.35 2.93399 2.60116 0.849167
17.4 2.94286 2.61155 0.844531
17.45 2.95176 2.62191 0.839587
17.5 2.96063 2.63207 0.834923
17.55 2.96979 2.64248 0.830098
17.6 2.97886 2.65269 0.825218
17.65 2.98799 2.66287 0.820247
17.7 2.99714 2.67299 0.815092
17.75 3.00637 2.68305 0.810004
17.8 3.01563 2.69307 0.804848
17.85 3.02495 2.70305 0.799686
17.9 3.03431 2.71299 0.794598
17.95 3.04374 2.72289 0.789419
18 3.05319 2.73275 0.784266
18.05 3.06269 2.74252 0.779021
18.1 3.07219 2.75222 0.773734
18.15 3.08169 2.76179 0.76831
18.2 3.09126 2.77133 0.763004
18.25 3.10091 2.78082 0.757842
18.3 3.1106 2.79025 0.752356
18.35 3.12029 2.79961 0.746921
18.4 3.13006 2.80896 0.741358
18.45 3.13987 2.81823 0.735935
18.5 3.14975 2.82746 0.730355
18.55 3.15967 2.83663 0.72463
18.6 3.16962 2.84572 0.7189
18.65 3.17962 2.85477 0.713184
18.7 3.1897 2.86378 0.707703
18.75 3.19983 2.87271 0.702058
18.8 3.20999 2.88161 0.696175
18.85 3.22017 2.8904 0.69047
18.9 3.2304 2.89916 0.684628
18.95 3.24069 2.90786 0.678788
19 3.25103 2.91649 0.672944
19.05 3.26142 2.92507 0.666875
19.1 3.27184 2.93356 0.661046
19.15 3.28228 2.942 0.655151
19.2 3.29283 2.95039 0.649125
19.25 3.30339 2.95871 0.642992
19.3 3.31405 2.96697 0.637104
19.35 3.32472 2.97515 0.631119
19.4 3.3354 2.98326 0.624965
19.45 3.34615 2.99133 0.618638
19.5 3.35697 2.99932 0.612379
19.55 3.36782 3.00725 0.606282
19.6 3.37873 3.01508 0.600141
19.65 3.3897 3.02289 0.594031
19.7 3.40068 3.03059 0.587826
19.75 3.41172 3.03824 0.581392
19.8 3.42282 3.04583 0.574953
19.85 3.43392 3.05333 0.56859
19.9 3.4451 3.06077 0.562138
19.95 3.4563 3.06813 0.555741
20 3.46754 3.07539 0.549176
20.05 3.47884 3.08263 0.542794
20.1 3.49017 3.08977 0.536245
20.15 3.50155 3.09682 0.529613
20.2 3.51296 3.1038 0.523065
20.25 3.52444 3.11074 0.516291
20.3 3.53594 3.11758 0.509653
20.35 3.54748 3.12433 0.502856
20.4 3.55905 3.13099 0.496163
20.45 3.57069 3.13759 0.489439
20.5 3.58236 3.1441 0.482714
20.55 3.59405 3.15054 0.475884
20.6 3.60579 3.15689 0.46908
20.65 3.61762 3.16317 0.462338
20.7 3.62943 3.16937 0.455584
20.75 3.64124 3.17548 0.44861
20.8 3.65313 3.1815 0.44182
20.85 3.66506 3.18748 0.43476
20.9 3.67703 3.19335 0.427745
20.95 3.68905 3.19913 0.420824
21 3.70104 3.20482 0.413857
21.05 3.7131 3.2104 0.406742
21.1 3.72519 3.21589 0.39965
21.15 3.73732 3.22131 0.392568
21.2 3.7495 3.22665 0.385302
21.25 3.76167 3.2319 0.378107
21.3 3.77385 3.23703 0.370964
21.35 3.78609 3.24211 0.363743
21.4 3.79836 3.24712 0.356424
21.45 3.81068 3.25198 0.349228
21.5 3.82296 3.25676 0.342011
21.55 3.83531 3.26144 0.334534
21.6 3.84773 3.26607 0.327085
21.65 3.86015 3.27064 0.319555
21.7 3.87261 3.27511 0.312172
21.75 3.88519 3.27948 0.30488
21.8 3.89773 3.28374 0.297502
21.85 3.91033 3.28789 0.290221
21.9 3.92296 3.29198 0.282875
21.95 3.93564 3.29599 0.27556
22 3.94827 3.29988 0.268153
22.05 3.96095 3.30367 0.260816
22.1 3.97359 3.30733 0.253681
22.15 3.9863 3.31093 0.24629
22.2 3.99904 3.31441 0.238893
22.25 4.01176 3.31779 0.231353
22.3 4.02453 3.32108 0.22385
22.35 4.03729 3.32424 0.21638
22.4 4.05005 3.32734 0.208856
22.45 4.06286 3.33036 0.201145
22.5 4.07571 3.33327 0.193647
22.55 4.08852 3.33606 0.185747
22.6 4.10135 3.33879 0.178172
22.65 4.11422 3.34144 0.170639
22.7 4.12704 3.34396 0.163183
22.75 4.1399 3.34636 0.155492
22.8 4.15273 3.34866 0.147751
22.85 4.1656 3.35091 0.140021
22.9 4.17849 3.35304 0.132313
22.95 4.19138 3.35504 0.12483
23 4.20426 3.35697 0.117091
23.05 4.2171 3.3588 0.109331
23.1 4.22997 3.36052 0.10147
23.15 4.24284 3.36215 0.0936165
23.2 4.25572 3.36367 0.0856717
23.25 4.2686 3.36511 0.077752
23.3 4.28146 3.36643 0.0700255
23.35 4.29427 3.36763 0.0619663
23.4 4.30711 3.36872 0.0539615
23.45 4.31999 3.36971 0.0461131
23.5 4.33284 3.37065 0.038261
23.55 4.34565 3.37146 0.0301771
23.6 4.35844 3.37215 0.0222922
23.65 4.37119 3.37274 0.0143389
23.7 4.38398 3.37323 0.00626607
23.75 4.39662 3.37362 -0.00168707
23.8 4.40926 3.3739 -0.00966899
23.85 4.42188 3.37409 -0.0175946
23.9 4.43448 3.37417 -0.025562
23.95 4.44705 3.37417 -0.0335607
24 4.45963 3.37406 -0.0415804
24.05 4.47216 3.37385 -0.0496077
24.1 4.48469 3.37355 -0.0576103
24.15 4.49721 3.37313 -0.0656618
24.2 4.5097 3.37262 -0.0737319
24.25 4.52215 3.37202 -0.0818035
24.3 4.53461 3.37131 -0.089906
24.35 4.54702 3.37051 -0.0979971
24.4 4.55942 3.36961 -0.10612
24.45 4.5718 3.36861 -0.114266
24.5 4.58414 3.36751 -0.122412
24.55 4.59647 3.36631 -0.130551
24.6 4.60875 3.36501 -0.138699
24.65 4.62101 3.36363 -0.14689
24.7 4.63326 3.36214 -0.155063
24.75 4.64544 3.36055 -0.163246
24.8 4.65762 3.35887 -0.17144
24.85 4.66975 3.35709 -0.179621
24.9 4.68185 3.35522 -0.187831
24.95 4.69392 3.35325 -0.196047
25 4.70595 3.35118 -0.204272
25.05 4.71797 3.34902 -0.21249
25.1 4.72992 3.34677 -0.220721
25.15 4.74184 3.34442 -0.22897
25.2 4.75371 3.34199 -0.237241
25.25 4.76557 3.33945 -0.245548
25.3 4.77735 3.33683 -0.253853
25.35 4.78912 3.33411 -0.262148
25.4 4.80083 3.3313 -0.270481
25.45 4.8125 3.32841 -0.278828
25.5 4.82414 3.3254 -0.28712
25.55 4.8357 3.32233 -0.295423
25.6 4.84724 3.31915 -0.303752
25.65 4.85871 3.31589 -0.312091
25.7 4.87017 3.31254 -0.32044
25.75 4.88155 3.3091 -0.328774
25.8 4.89288 3.30558 -0.337138
25.85 4.90416 3.30197 -0.345523
25.9 4.91542 3.29826 -0.353911
25.95 4.92658 3.29448 -0.362308
26 4.93771 3.29062 -0.370702
26.05 4.94878 3.28666 -0.379103
26.1 4.95982 3.28261 -0.387514
26.15 4.97077 3.2785 -0.395909
26.2 4.98167 3.27429 -0.404335
26.25 4.99251 3.27001 -0.412772
26.3 5.00331 3.26564 -0.421178
26.35 5.01404 3.26119 -0.429626
26.4 5.02473 3.25666 -0.438067
26.45 5.03534 3.25205 -0.446528
26.5 5.04589 3.24737 -0.454996
26.55 5.05637 3.2426 -0.463477
26.6 5.0668 3.23776 -0.471955
26.65 5.07717 3.23284 -0.4804
26.7 5.08746 3.22785 -0.488859
26.75 5.09769 3.22278 -0.497346
26.8 5.10787 3.21764 -0.505801
26.85 5.11798 3.21241 -0.514257
26.9 5.12801 3.20712 -0.522765
26.95 5.13797 3.20176 -0.531249
27 5.14787 3.19632 -0.539733
27.05 5.1577 3.19082 -0.548242
27.1 5.16744 3.18524 -0.556747
27.15 5.17715 3.17958 -0.565236
27.2 5.18678 3.17388 -0.573757
27.25 5.19631 3.1681 -0.58224
27.3 5.2058 3.16226 -0.590712
27.35 5.2152 3.15635 -0.599221
27.4 5.22454 3.15036 -0.607717
27.45 5.23378 3.14432 -0.616239
27.5 5.24297 3.13824 -0.624726
27.55 5.25208 3.13207 -0.633238
27.6 5.26113 3.12585 -0.641759
27.65 5.2701 3.11956 -0.650252
27.7 5.27896 3.11322 -0.658784
27.75 5.28778 3.10683 -0.66729
27.8 5.29649 3.10035 -0.675849
27.85 5.30515 3.09383 -0.684337
27.9 5.31373 3.08727 -0.692821
27.95 5.32221 3.08064 -0.70138
28 5.33064 3.07394 -0.709974
28.05 5.33898 3.06718 -0.718473
28.1 5.34728 3.0604 -0.727017
28.15 5.35545 3.05357 -0.735627
28.2 5.36357 3.04667 -0.744193
28.25 5.37158 3.03972 -0.752777
28.3 5.37955 3.03274 -0.761308
28.35 5.3874 3.02568 -0.769838
28.4 5.3952 3.01858 -0.778376
28.45 5.40288 3.01149 -0.786896
28.5 5.41054 3.00431 -0.795509
28.55 5.41805 2.99708 -0.803954
28.6 5.42555 2.98978 -0.812518
28.65 5.43292 2.98247 -0.821239
28.7 5.44022 2.97512 -0.829967
28.75 5.44746 2.96771 -0.838648
28.8 5.45458 2.9603 -0.847209
28.85 5.4616 2.95283 -0.855741
28.9 5.46854 2.94536 -0.86426
28.95 5.4754 2.93784 -0.872696
29 5.48216 2.93027 -0.881124
29.05 5.48888 2.92265 -0.889608
29.1 5.4955 2.91502 -0.898122
29.15 5.50201 2.90738 -0.906622
29.2 5.50843 2.89968 -0.915065
29.25 5.51479 2.89196 -0.923526
29.3 5.52106 2.8842 -0.931944
29.35 5.52723 2.87644 -0.940335
29.4 5.53333 2.86863 -0.948824
29.45 5.53935 2.86079 -0.957283
29.5 5.54527 2.85296 -0.965731
29.55 5.55113 2.84509 -0.974224
29.6 5.55688 2.8372 -0.982723
29.65 5.56257 2.82926 -0.991165
29.7 5.56817 2.82133 -0.999581
29.75 5.57367 2.81337 -1.00804
29.8 5.5791 2.80537 -1.0165
29.85 5.58442 2.79739 -1.02489
29.9 5.58968 2.78938 -1.0333
29.95 5.59486 2.78135 -1.04165
30 5.59993 2.77328 -1.05004
30.05 5.60495 2.76523 -1.0584
30.1 5.60987 2.75715 -1.0668
30.15 5.61471 2.74904 -1.07516
30.2 5.61946 2.74094 -1.08353
30.25 5.62413 2.73285 -1.09188
30.3 5.62871 2.72471 -1.10021
30.35 5.63323 2.7166 -1.10855
30.4 5.63765 2.70843 -1.11686
30.45 5.64197 2.70029 -1.12521
30.5 5.64623 2.69213 -1.13358
30.55 5.65039 2.68399 -1.14186
30.6 5.65449 2.67583 -1.15016
30.65 5.65849 2.66766 -1.15846
30.7 5.66243 2.65947 -1.16675
30.75 5.66626 2.65129 -1.17503
30.8 5.67002 2.64313 -1.18328
30.85 5.67372 2.63496 -1.19148
30.9 5.67732 2.62677 -1.19973
30.95 5.68084 2.6186 -1.20794
31 5.6843 2.61042 -1.21614
31.05 5.68765 2.60221 -1.22418
31.1 5.69098 2.59399 -1.23169
31.15 5.69421 2.58575 -1.23935
31.2 5.6974 2.57753 -1.24716
31.25 5.70051 2.56934 -1.25492
31.3 5.70351 2.56118 -1.26275
31.35 5.7065 2.55298 -1.27039
31.4 5.70937 2.54482 -1.27802
31.45 5.71214 2.53662 -1.28565
31.5 5.71487 2.52844 -1.29341
31.55 5.7175 2.52032 -1.3013
31.6 5.72005 2.51218 -1.30926
31.65 5.72262 2.50402 -1.31741
31.7 5.7251 2.49581 -1.32565
31.75 5.72747 2.48763 -1.33355
31.8 5.72983 2.47945 -1.34176
31.85 5.73207 2.47128 -1.34988
31.9 5.73422 2.46314 -1.358
31.95 5.73631 2.45501 -1.36563
32 5.7383 2.44695 -1.37341
32.05 5.74025 2.43886 -1.38111
32.1 5.74211 2.43081 -1.38897
32.15 5.74392 2.42279 -1.39678
32.2 5.74564 2.41476 -1.40462
32.25 5.74729 2.40674 -1.41254
32.3 5.74887 2.39872 -1.4204
32.35 5.7504 2.39079 -1.42836
32.4 5.75191 2.38284 -1.43611
32.45 5.7533 2.37497 -1.44376
32.5 5.75464 2.36709 -1.45169
32.55 5.7559 2.35921 -1.45917
32.6 5.7571 2.35139 -1.46688
32.65 5.75821 2.34356 -1.47469
32.7 5.75927 2.33576 -1.48222
32.75 5.76023 2.32821 -1.4898
32.8 5.76122 2.32033 -1.49748
32.85 5.76215 2.31261 -1.50529
32.9 5.76297 2.30492 -1.51276
32.95 5.76375 2.29728 -1.52062
33 5.7645 2.28968 -1.52816
33.05 5.76515 2.28209 -1.53583
33.1 5.76568 2.27458 -1.54334
33.15 5.76621 2.26707 -1.55099
33.2 5.76666 2.25956 -1.55837
33.25 5.76706 2.25209 -1.56601
33.3 5.76743 2.24463 -1.5734
33.35 5.76768 2.23725 -1.58101
33.4 5.7679 2.2299 -1.58833
33.45 5.76805 2.22256 -1.5958
33.5 5.7682 2.21527 -1.60316
33.55 5.76825 2.20801 -1.61048
33.6 5.76826 2.20077 -1.61763
33.65 5.7682 2.19354 -1.62503
33.7 5.76812 2.18636 -1.6322
33.75 5.76802 2.1792 -1.6397
33.8 5.76782 2.17212 -1.64683
33.85 5.76757 2.16503 -1.65406
33.9 5.76728 2.15799 -1.66131
33.95 5.76696 2.15096 -1.66872
34 5.76658 2.14396 -1.67614
34.05 5.76611 2.13703 -1.68319
34.1 5.76559 2.13013 -1.69051
34.15 5.76508 2.12324 -1.69781
34.2 5.76452 2.11642 -1.7052
34.25 5.76391 2.10962 -1.71228
34.3 5.76324 2.10285 -1.71946
34.35 5.76256 2.09612 -1.72653
34.4 5.76182 2.08942 -1.73379
34.45 5.761 2.08282 -1.74062
34.5 5.76017 2.07622 -1.74767
34.55 5.75931 2.06962 -1.75479
34.6 5.75843 2.06303 -1.76171
34.65 5.75747 2.0565 -1.76892
34.7 5.75645 2.04998 -1.77567
34.75 5.75542 2.04357 -1.78258
34.8 5.75434 2.03721 -1.7894
34.85 5.75327 2.03085 -1.79624
34.9 5.75215 2.0245 -1.80302
34.95 5.751 2.01815 -1.80977
35 5.74979 2.01187 -1.81654
35.05 5.74852 2.00565 -1.82307
35.1 5.74723 1.99945 -1.83009
35.15 5.74591 1.9933 -1.83686
35.2 5.74458 1.9872 -1.84357
35.25 5.74315 1.98112 -1.85017
35.3 5.74169 1.97512 -1.85687
35.35 5.74021 1.96917 -1.86325
35.4 5.7387 1.96328 -1.86959
35.45 5.73716 1.9574 -1.87618
35.5 5.73561 1.95152 -1.88268
35.55 5.73402 1.94567 -1.88925
35.6 5.73237 1.93988 -1.8958
35.65 5.73073 1.93413 -1.90218
35.7 5.72904 1.92842 -1.90853
35.75 5.72733 1.92277 -1.91475
35.8 5.7256 1.91714 -1.92105
35.85 5.72383 1.91155 -1.92742
35.9 5.72203 1.906 -1.93356
35.95 5.72023 1.90047 -1.9398
36 5.71837 1.89494 -1.94617
36.05 5.7165 1.88945 -1.95236
36.1 5.71462 1.88405 -1.95843
36.15 5.71269 1.87869 -1.96452
36.2 5.71075 1.87333 -1.97049
36.25 5.70875 1.86801 -1.97664
36.3 5.70676 1.86275 -1.98269
36.35 5.70474 1.8575 -1.98869
36.4 5.70271 1.85229 -1.9945
36.45 5.70065 1.84716 -2.00032
36.5 5.69857 1.84204 -2.00625
36.55 5.69651 1.83696 -2.01217
36.6 5.69442 1.83191 -2.01787
36.65 5.69227 1.82687 -2.02372
36.7 5.69012 1.82191 -2.02957
36.75 5.68792 1.81694 -2.03546
36.8 5.68573 1.81204 -2.04095
36.85 5.68356 1.80721 -2.04676
36.9 5.68135 1.8024 -2.05248
36.95 5.6791 1.79764 -2.05798
37 5.67687 1.79288 -2.06357
37.05 5.6746 1.78814 -2.06918
37.1 5.67233 1.78348 -2.0747
37.15 5.67003 1.77883 -2.08026
37.2 5.66772 1.77426 -2.08552
37.25 5.66541 1.7697 -2.09096
37.3 5.66307 1.76518 -2.09629
37.35 5.66069 1.76069 -2.10169
37.4 5.65834 1.75626 -2.10689
37.45 5.65595 1.75182 -2.11222
37.5 5.65356 1.74742 -2.11755
37.55 5.65117 1.74305 -2.12279
37.6 5.64879 1.73873 -2.12782
37.65 5.64636 1.73446 -2.13307
37.7 5.64394 1.73023 -2.13821
37.75 5.64154 1.72599 -2.14344
37.8 5.63914 1.72182 -2.14861
37.85 5.63667 1.71768 -2.15351
37.9 5.63418 1.71354 -2.1587
37.95 5.63176 1.70948 -2.16359
38 5.62928 1.70543 -2.16874
38.05 5.62682 1.70143 -2.17361
38.1 5.62434 1.69744 -2.17855
38.15 5.62186 1.69347 -2.18351
38.2 5.61937 1.68956 -2.18837
38.25 5.61689 1.68568 -2.19314
38.3 5.61437 1.6818 -2.19788
38.35 5.61182 1.67799 -2.20248
38.4 5.60929 1.67421 -2.20721
38.45 5.60677 1.67046 -2.21175
38.5 5.60424 1.66675 -2.21639
38.55 5.6017 1.66305 -2.22111
38.6 5.59917 1.65937 -2.22564
38.65 5.59663 1.65572 -2.2301
38.7 5.59406 1.65212 -2.2346
38.75 5.5915 1.64854 -2.23898
38.8 5.58894 1.64499 -2.2434
38.85 5.58638 1.64149 -2.24786
38.9 5.58383 1.63801 -2.25225
38.95 5.58126 1.63455 -2.25653
39 5.57868 1.63113 -2.26074
39.05 5.57611 1.62771 -2.265
39.1 5.57353 1.62434 -2.26918
39.15 5.57096 1.62098 -2.27321
39.2 5.56839 1.61765 -2.27751
39.25 5.5658 1.61438 -2.28159
39.3 5.56319 1.61112 -2.28551
39.35 5.5606 1.60788 -2.28951
39.4 5.55798 1.60467 -2.29355
39.45 5.55539 1.60146 -2.2975
39.5 5.55282 1.59831 -2.30142
39.55 5.55024 1.59518 -2.30522
39.6 5.54765 1.59205 -2.30907
39.65 5.54507 1.58897 -2.31286
39.7 5.54247 1.58589 -2.31653
39.75 5.53986 1.58287 -2.32024
39.8 5.53726 1.57987 -2.3239
39.85 5.53469 1.5769 -2.32761
39.9 5.5321 1.57395 -2.33123
39.95 5.52953 1.57103 -2.33487
40 5.52696 1.56814 -2.33842
40.05 5.52438 1.56526 -2.34193
40.1 5.52179 1.56241 -2.34534
40.15 5.51924 1.5596 -2.34878
40.2 5.51668 1.55681 -2.35218
40.25 5.51413 1.55403 -2.35553
40.3 5.51158 1.55128 -2.35884
40.35 5.50904 1.54856 -2.36212
40.4 5.5065 1.54585 -2.36535
40.45 5.50397 1.54317 -2.36854
40.5 5.50144 1.54051 -2.37172
40.55 5.4989 1.53788 -2.37487
40.6 5.49638 1.53526 -2.37799
40.65 5.49387 1.53267 -2.38103
40.7 5.49136 1.53011 -2.38404
40.75 5.48885 1.52756 -2.38703
40.8 5.48634 1.52504 -2.38997
40.85 5.48384 1.52253 -2.39288
40.9 5.48135 1.52004 -2.39573
40.95 5.47885 1.51757 -2.39858
41 5.47636 1.51513 -2.40136
41.05 5.47388 1.5127 -2.40409
41.1 5.4714 1.51029 -2.40679
41.15 5.46892 1.50791 -2.40947
41.2 5.46645 1.50554 -2.41209
41.25 5.46399 1.50319 -2.41469
41.3 5.46153 1.50085 -2.41726
41.35 5.45907 1.49853 -2.4198
41.4 5.45662 1.49623 -2.42229
41.45 5.45417 1.49395 -2.42477
41.5 5.45173 1.49169 -2.42718
41.55 5.4493 1.48945 -2.42958
41.6 5.44687 1.48722 -2.43192
41.65 5.44445 1.48501 -2.43424
41.7 5.44203 1.48282 -2.43654
41.75 5.43962 1.48064 -2.43877
41.8 5.43721 1.47848 -2.44096
41.85 5.43481 1.47634 -2.44311
41.9 5.43241 1.47421 -2.44521
41.95 5.43002 1.47209 -2.44727
42 5.42762 1.46999 -2.4493
42.05 5.42523 1.46789 -2.45133
42.1 5.42283 1.4658 -2.45332
42.15 5.42048 1.46375 -2.45525
42.2 5.41811 1.46171 -2.45715
42.25 5.41574 1.45968 -2.45902
42.3 5.4134 1.45768 -2.46084
42.35 5.41104 1.45568 -2.46262
42.4 5.40871 1.4537 -2.46439
42.45 5.40637 1.45172 -2.46609
42.5 5.40405 1.44977 -2.46776
42.55 5.40172 1.44783 -2.4694
42.6 5.3994 1.4459 -2.47099
42.65 5.3971 1.44399 -2.47256
42.7 5.3948 1.44209 -2.47409
42.75 5.3925 1.44019 -2.4756
42.8 5.39021 1.43832 -2.47705
42.85 5.38795 1.43647 -2.47845
42.9 5.38567 1.43461 -2.47986
42.95 5.38344 1.4328 -2.48121
43 5.38116 1.43097 -2.48253
43.05 5.37893 1.42917 -2.4838
43.1 5.37665 1.42735 -2.48502
43.15 5.37443 1.42557 -2.48624
43.2 5.37221 1.42381 -2.4874
43.25 5.37 1.42205 -2.48855
43.3 5.36778 1.42029 -2.48965
43.35 5.36558 1.41856 -2.49071
43.4 5.36338 1.41684 -2.49174
43.45 5.36119 1.41512 -2.49274
43.5 5.35901 1.41341 -2.49371
43.55 5.35683 1.41172 -2.49463
43.6 5.35466 1.41003 -2.49552
43.65 5.35249 1.40836 -2.49635
43.7 5.35034 1.40669 -2.49716
43.75 5.34819 1.40504 -2.49796
43.8 5.34605 1.40339 -2.49871
43.85 5.34392 1.40176 -2.49943
43.9 5.34179 1.40013 -2.50012
43.95 5.33967 1.39852 -2.50076
44 5.33756 1.39692 -2.50136
44.05 5.33546 1.39532 -2.50193
44.1 5.33336 1.39373 -2.50248
44.15 5.33127 1.39215 -2.50297
44.2 5.32919 1.39059 -2.50345
44.25 5.32711 1.38903 -2.50388
44.3 5.32505 1.38748 -2.5043
44.35 5.32299 1.38593 -2.50469
44.4 5.32093 1.3844 -2.50501
44.45 5.31889 1.38288 -2.50528
44.5 5.31685 1.38136 -2.50553
44.55 5.31482 1.37985 -2.50576
44.6 5.31279 1.37835 -2.50595
44.65 5.31078 1.37686 -2.50611
44.7 5.30877 1.37537 -2.50625
44.75 5.30677 1.37389 -2.50634
44.8 5.30477 1.37242 -2.5064
44.85 5.30279 1.37096 -2.50644
44.9 5.30081 1.3695 -2.50645
44.95 5.29883 1.36805 -2.50642
45 5.29687 1.36661 -2.50635
45.05 5.29491 1.36518 -2.50626
45.1 5.29296 1.36375 -2.50613
45.15 5.29102 1.36233 -2.50597
45.2 5.28908 1.36092 -2.50577
45.25 5.28715 1.35951 -2.50552
45.3 5.28523 1.35811 -2.50524
45.35 5.28332 1.35672 -2.50493
45.4 5.28141 1.35533 -2.50459
45.45 5.27952 1.35395 -2.50421
45.5 5.27763 1.35258 -2.50379
45.55 5.27574 1.35121 -2.50334
45.6 5.27387 1.34985 -2.50287
45.65 5.272 1.34849 -2.50238
45.7 5.27014 1.34714 -2.50185
45.75 5.26829 1.3458 -2.50128
45.8 5.26645 1.34446 -2.50067
45.85 5.26461 1.34312 -2.50006
45.9 5.26278 1.3418 -2.49941
45.95 5.26096 1.34048 -2.49872
46 5.25912 1.33915 -2.49798
46.05 5.25733 1.33784 -2.49723
46.1 5.25551 1.33653 -2.49644
46.15 5.25369 1.33521 -2.49561
46.2 5.2519 1.33391 -2.49477
46.25 5.25011 1.33261 -2.49389
46.3 5.24833 1.33131 -2.49298
46.35 5.24656 1.33003 -2.49205
46.4 5.2448 1.32875 -2.49109
46.45 5.24308 1.32749 -2.49008
46.5 5.24131 1.32621 -2.48907
46.55 5.23955 1.32492 -2.48801
46.6 5.23784 1.32367 -2.48689
46.65 5.23611 1.32241 -2.48577
46.7 5.23442 1.32117 -2.48461
46.75 5.23273 1.31994 -2.48344
46.8 5.23104 1.31869 -2.48223
46.85 5.22935 1.31745 -2.48102
46.9 5.22767 1.31622 -2.47978
46.95 5.226 1.31499 -2.4785
47 5.22433 1.31376 -2.47718
47.05 5.22267 1.31254 -2.47585
47.1 5.22102 1.31132 -2.47449
47.15 5.21937 1.31011 -2.4731
47.2 5.21774 1.3089 -2.47167
47.25 5.21611 1.30769 -2.47021
47.3 5.21448 1.30648 -2.46871
47.35 5.21287 1.30528 -2.4672
47.4 5.21126 1.30408 -2.46565
47.45 5.20966 1.30289 -2.46408
47.5 5.20807 1.3017 -2.4625
47.55 5.20648 1.30051 -2.46086
47.6 5.2049 1.29933 -2.45921
47.65 5.20332 1.29815 -2.45755
47.7 5.20176 1.29697 -2.45585
47.75 5.2002 1.29579 -2.45413
47.8 5.19865 1.29462 -2.45238
47.85 5.1971 1.29345 -2.45059
47.9 5.19557 1.29229 -2.44878
47.95 5.19404 1.29112 -2.44697
48 5.19252 1.28997 -2.44512
48.05 5.191 1.28881 -2.44323
48.1 5.18949 1.28765 -2.44133
48.15 5.18799 1.2865 -2.43937
48.2 5.1865 1.28535 -2.43741
48.25 5.18501 1.2842 -2.43542
48.3 5.18353 1.28306 -2.43341
48.35 5.18206 1.28192 -2.43138
48.4 5.18059 1.28078 -2.42931
48.45 5.17913 1.27964 -2.42723
48.5 5.17768 1.27851 -2.42512
48.55 5.17619 1.27734 -2.42298
48.6 5.17478 1.27624 -2.42083
48.65 5.17334 1.2751 -2.41863
48.7 5.17195 1.274 -2.41641
48.75 5.17048 1.27284 -2.41417
48.8 5.1691 1.27174 -2.41192
48.85 5.16771 1.27063 -2.40967
48.9 5.16631 1.26952 -2.4074
48.95 5.16493 1.2684 -2.40509
49 5.16355 1.26729 -2.40275
49.05 5.16217 1.26619 -2.40037
49.1 5.16081 1.26508 -2.39796
49.15 5.15945 1.26398 -2.39554
49.2 5.15809 1.26288 -2.39309
49.25 5.15675 1.26178 -2.39062
49.3 5.15541 1.26068 -2.38814
49.35 5.15408 1.25959 -2.38564
49.4 5.15275 1.25849 -2.38312
49.45 5.15143 1.2574 -2.38057
49.5 5.15012 1.25631 -2.378
49.55 5.14882 1.25522 -2.37544
49.6 5.14752 1.25414 -2.37283
49.65 5.14623 1.25305 -2.3702
49.7 5.14497 1.25198 -2.36753
49.75 5.1437 1.2509 -2.36487
49.8 5.14244 1.24983 -2.36216
49.85 5.14118 1.24876 -2.35942
49.9 5.13994 1.24769 -2.35666
49.95 5.13871 1.24665 -2.35393
50 5.13749 1.2456 -2.35114
50.05 5.13627 1.24455 -2.34831
50.1 5.13505 1.2435 -2.34539
50.15 5.13384 1.24244 -2.34255
50.2 5.13264 1.24139 -2.33972
50.25 5.13145 1.24035 -2.33685
50.3 5.13027 1.2393 -2.33401
50.35 5.12911 1.23825 -2.33117
50.4 5.12794 1.23722 -2.32825
50.45 5.12678 1.23618 -2.32535
50.5 5.12562 1.23516 -2.32239
50.55 5.12447 1.23412 -2.31952
50.6 5.12333 1.2331 -2.3166
50.65 5.1222 1.23206 -2.31361
50.7 5.12109 1.23104 -2.3106
50.75 5.11997 1.23002 -2.30752
50.8 5.11886 1.229 -2.30455
50.85 5.11775 1.22796 -2.30151
50.9 5.11664 1.22693 -2.29839
50.95 5.11555 1.2259 -2.2953
51 5.11446 1.22489 -2.2921
51.05 5.11336 1.22386 -2.28896
51.1 5.11229 1.22283 -2.28585
51.15 5.11122 1.22181 -2.28265
51.2 5.11017 1.2208 -2.27955
51.25 5.10912 1.21978 -2.27641
51.3 5.10807 1.21875 -2.27316
51.35 5.10703 1.21774 -2.26988
51.4 5.10597 1.21672 -2.26659
51.45 5.10494 1.21571 -2.26336
51.5 5.10393 1.2147 -2.26006
51.55 5.10289 1.21369 -2.25668
51.6 5.10187 1.21267 -2.25343
51.65 5.10086 1.21168 -2.25002
51.7 5.09986 1.21071 -2.24655
51.75 5.09886 1.20972 -2.24314
51.8 5.09787 1.20872 -2.23975
51.85 5.09689 1.20773 -2.23637
51.9 5.09592 1.20674 -2.23302
51.95 5.09497 1.20575 -2.22962
52 5.09401 1.20476 -2.22621
52.05 5.09305 1.20377 -2.22272
52.1 5.0921 1.20277 -2.21925
52.15 5.09117 1.20179 -2.21582
52.2 5.09023 1.2008 -2.21228
52.25 5.08929 1.19981 -2.20877
52.3 5.08836 1.19884 -2.20533
52.35 5.08745 1.19785 -2.20183
52.4 5.08656 1.19688 -2.19825
52.45 5.08564 1.1959 -2.19469
52.5 5.08474 1.19493 -2.19113
52.55 5.08386 1.19395 -2.18753
52.6 5.08298 1.19298 -2.18398
52.65 5.08208 1.192 -2.18045
52.7 5.08121 1.19102 -2.17686
52.75 5.08035 1.19004 -2.17329
52.8 5.07949 1.18908 -2.16971
52.85 5.07864 1.1881 -2.16607
52.9 5.07778 1.18712 -2.16242
52.95 5.07693 1.18617 -2.15873
53 5.0761 1.18521 -2.15504
53.05 5.07525 1.18424 -2.15131
53.1 5.07441 1.18328 -2.1476
53.15 5.07358 1.18234 -2.14394
53.2 5.07275 1.18137 -2.14024
53.25 5.07194 1.18042 -2.13651
53.3 5.07114 1.17945 -2.13271
53.35 5.07034 1.1785 -2.12897
53.4 5.06955 1.17756 -2.12519
53.45 5.06877 1.1766 -2.12134
53.5 5.06799 1.17566 -2.11762
53.55 5.06724 1.17471 -2.11379
53.6 5.06645 1.17377 -2.10992
53.65 5.0657 1.17283 -2.10602
53.7 5.06494 1.17189 -2.10216
53.75 5.06419 1.17095 -2.09838
53.8 5.06344 1.17001 -2.09459
53.85 5.06271 1.16907 -2.09074
53.9 5.06199 1.16814 -2.08687
53.95 5.06126 1.1672 -2.083
54 5.06053 1.16625 -2.07922
54.05 5.05982 1.16532 -2.07531
54.1 5.05913 1.16438 -2.07141
54.15 5.05843 1.16345 -2.06753
54.2 5.05773 1.16252 -2.06364
54.25 5.05703 1.16159 -2.05981
54.3 5.05634 1.16065 -2.05598
54.35 5.05565 1.15972 -2.05202
54.4 5.05496 1.1588 -2.04811
54.45 5.05431 1.15788 -2.04422
54.5 5.05363 1.15694 -2.04046
54.55 5.05297 1.15601 -2.03662
54.6 5.05233 1.15508 -2.03263
54.65 5.05168 1.15417 -2.02871
54.7 5.05103 1.15325 -2.02477
54.75 5.05038 1.15232 -2.02086
54.8 5.04975 1.1514 -2.01703
54.85 5.0491 1.15049 -2.01308
54.9 5.04848 1.14958 -2.00908
54.95 5.04786 1.14868 -2.00511
55 5.04725 1.14776 -2.00115
55.05 5.04663 1.14686 -1.99722
55.1 5.04604 1.14595 -1.99321
55.15 5.04544 1.14507 -1.98921
55.2 5.04483 1.14417 -1.98524
55.25 5.04422 1.14327 -1.98123
55.3 5.04365 1.14238 -1.97727
55.35 5.04307 1.14149 -1.97327
55.4 5.04251 1.14061 -1.96928
55.45 5.04194 1.13973 -1.96526
55.5 5.0414 1.13884 -1.96129
55.55 5.04083 1.13793 -1.95729
55.6 5.0403 1.13704 -1.95332
55.65 5.03976 1.13614 -1.94938
55.7 5.03922 1.13528 -1.94536
55.75 5.03867 1.1344 -1.94134
55.8 5.03815 1.13354 -1.9373
55.85 5.0376 1.13267 -1.93336
55.9 5.03707 1.13178 -1.92931
55.95 5.03655 1.13091 -1.92532
56 5.03604 1.13005 -1.9213
56.05 5.0355 1.1292 -1.91723
56.1 5.03499 1.12835 -1.91317
56.15 5.03451 1.12749 -1.90915
56.2 5.03402 1.12664 -1.90518
56.25 5.03351 1.12578 -1.90115
56.3 5.03302 1.12493 -1.89709
56.35 5.03254 1.12408 -1.89304
56.4 5.03208 1.12323 -1.88891
56.45 5.03161 1.12237 -1.8849
56.5 5.03115 1.12153 -1.88098
56.55 5.03068 1.12065 -1.87693
56.6 5.03024 1.11983 -1.87289
56.65 5.02978 1.11895 -1.86885
56.7 5.02933 1.1181 -1.86484
56.75 5.02889 1.11725 -1.86086
56.8 5.02845 1.11645 -1.85677
56.85 5.02804 1.11562 -1.8527
56.9 5.02762 1.11478 -1.84869
56.95 5.02718 1.11395 -1.84471
57 5.02676 1.11312 -1.84069
57.05 5.02634 1.11226 -1.83676
57.1 5.02593 1.11148 -1.83274
57.15 5.02552 1.11064 -1.82862
57.2 5.02513 1.10979 -1.8245
57.25 5.02474 1.10902 -1.82043
57.3 5.02433 1.10817 -1.81642
57.35 5.02397 1.10741 -1.81243
57.4 5.02359 1.10661 -1.80834
57.45 5.02321 1.1058 -1.80426
57.5 5.02283 1.10502 -1.80013
57.55 5.02244 1.10416 -1.79617
57.6 5.02207 1.10337 -1.7921
57.65 5.02171 1.10258 -1.78805
57.7 5.02135 1.10176 -1.78404
57.75 5.02101 1.10099 -1.78012
57.8 5.02067 1.10019 -1.77618
57.85 5.02034 1.09944 -1.77221
57.9 5.02 1.09866 -1.76823
57.95 5.01965 1.09786 -1.76422
58 5.0193 1.09707 -1.76032
58.05 5.01896 1.09628 -1.75637
58.1 5.01863 1.09552 -1.75238
58.15 5.0183 1.09475 -1.74841
58.2 5.01796 1.09398 -1.74441
58.25 5.01766 1.09322 -1.74041
58.3 5.01735 1.09246 -1.73638
58.35 5.01705 1.0917 -1.7324
58.4 5.01676 1.09094 -1.72844
58.45 5.01647 1.09018 -1.7245
58.5 5.01617 1.08943 -1.72055
58.55 5.0159 1.08867 -1.71657
58.6 5.01563 1.08792 -1.7126
58.65 5.01535 1.08716 -1.70863
58.7 5.01507 1.08642 -1.70469
58.75 5.01479 1.08567 -1.70075
58.8 5.01452 1.08494 -1.69694
58.85 5.01424 1.08419 -1.69303
58.9 5.01399 1.08345 -1.68912
58.95 5.01372 1.08272 -1.68529
59 5.01347 1.082 -1.68146
59.05 5.01323 1.08128 -1.67762
59.1 5.01297 1.08054 -1.67376
59.15 5.01273 1.0798 -1.6699
59.2 5.01247 1.07906 -1.66599
59.25 5.01223 1.07833 -1.6621
59.3 5.01198 1.0776 -1.65823
59.35 5.01175 1.07688 -1.65439
59.4 5.01154 1.07617 -1.65056
59.45 5.01132 1.07546 -1.64676
59.5 5.01112 1.07475 -1.64297
59.55 5.0109 1.07404 -1.63919
59.6 5.01067 1.07334 -1.63532
59.65 5.01046 1.07265 -1.63151
59.7 5.01023 1.07197 -1.62771
59.75 5.01003 1.07127 -1.62391
59.8 5.00983 1.07058 -1.62015
59.85 5.00961 1.06989 -1.61641
59.9 5.00941 1.0692 -1.6127
59.95 5.00924 1.06852 -1.60901
60 5.00905 1.06784 -1.60531
60.05 5.00886 1.06716 -1.60157
60.1 5.00866 1.06649 -1.59781
60.15 5.00847 1.06582 -1.59407
60.2 5.0083 1.06515 -1.59031
60.25 5.0081 1.06448 -1.58666
60.3 5.00793 1.06382 -1.58299
60.35 5.00776 1.06317 -1.5793
60.4 5.00759 1.0625 -1.57565
60.45 5.00744 1.06183 -1.57206
60.5 5.00727 1.06117 -1.56838
60.55 5.00711 1.06053 -1.56486
60.6 5.00695 1.05987 -1.56122
60.65 5.00679 1.05923 -1.55748
60.7 5.00664 1.0586 -1.5539
60.75 5.00648 1.05795 -1.55031
60.8 5.00632 1.05731 -1.5467
60.85 5.00615 1.05668 -1.5431
60.9 5.006 1.05604 -1.53954
60.95 5.00586 1.05542 -1.53602
61 5.00573 1.05479 -1.53253
61.05 5.00559 1.05416 -1.52895
61.1 5.00546 1.05354 -1.52539
61.15 5.00534 1.05292 -1.5219
61.2 5.00521 1.05229 -1.51839
61.25 5.00509 1.05166 -1.51492
61.3 5.00498 1.05104 -1.51142
61.35 5.00485 1.05042 -1.50796
61.4 5.00473 1.04983 -1.5045
61.45 5.00462 1.04923 -1.50106
61.5 5.00452 1.04862 -1.49769
61.55 5.0044 1.04801 -1.49424
61.6 5.0043 1.04739 -1.4909
61.65 5.00419 1.04681 -1.48752
61.7 5.00407 1.04621 -1.48413
61.75 5.00397 1.0456 -1.48079
61.8 5.00387 1.045 -1.47747
61.85 5.00378 1.04441 -1.47415
61.9 5.00368 1.04383 -1.47086
61.95 5.00357 1.04325 -1.46756
62 5.00347 1.04267 -1.46426
62.05 5.00338 1.0421 -1.46097
62.1 5.00329 1.04153 -1.4577
62.15 5.00319 1.04096 -1.45447
62.2 5.00311 1.04039 -1.45124
62.25 5.00303 1.03982 -1.448
62.3 5.00296 1.03926 -1.4447
62.35 5.00288 1.03869 -1.44148
62.4 5.00281 1.03814 -1.43831
62.45 5.00274 1.03757 -1.43516
62.5 5.00268 1.037 -1.43204
62.55 5.00263 1.03645 -1.42894
62.6 5.00257 1.0359 -1.42579
62.65 5.00251 1.03535 -1.42269
62.7 5.00246 1.03481 -1.41962
62.75 5.00241 1.03426 -1.41657
62.8 5.00237 1.03373 -1.41348
62.85 5.00232 1.03321 -1.41032
62.9 5.00228 1.03268 -1.40726
62.95 5.00222 1.03214 -1.40421
63 5.00217 1.03162 -1.40117
63.05 5.00214 1.03102 -1.39814
63.1 5.0021 1.03048 -1.39515
63.15 5.00205 1.03 -1.39217
63.2 5.00201 1.02946 -1.38915
63.25 5.00197 1.02893 -1.3862
63.3 5.00193 1.02841 -1.38325
63.35 5.0019 1.02789 -1.38034
63.4 5.00187 1.02737 -1.37745
63.45 5.00183 1.02687 -1.3745
63.5 5.00181 1.02635 -1.37156
63.55 5.00176 1.02586 -1.36866
63.6 5.00175 1.02536 -1.36576
63.65 5.00172 1.02485 -1.3629
63.7 5.0017 1.02436 -1.36004
63.75 5.00166 1.02387 -1.35723
63.8 5.00164 1.02336 -1.35451
63.85 5.00162 1.02285 -1.35177
63.9 5.00161 1.02238 -1.349
63.95 5.0016 1.0219 -1.34628
64 5.00157 1.0214 -1.34356
64.05 5.00155 1.02092 -1.34086
64.1 5.00155 1.02041 -1.33814
64.15 5.00155 1.01995 -1.33552
64.2 5.00154 1.01946 -1.33283
64.25 5.00151 1.01899 -1.33016
64.3 5.00151 1.01851 -1.32755
64.35 5.00149 1.01806 -1.32489
64.4 5.00148 1.01759 -1.32226
64.45 5.00148 1.01713 -1.31969
64.5 5.00148 1.01667 -1.31716
64.55 5.00149 1.0162 -1.31464
64.6 5.0015 1.01574 -1.3121
64.65 5.00151 1.0153 -1.30958
64.7 5.00152 1.01482 -1.3071
64.75 5.00153 1.01438 -1.3046
64.8 5.00153 1.01395 -1.30213
64.85 5.00153 1.01348 -1.29963
64.9 5.00154 1.01305 -1.29722
64.95 5.00155 1.01263 -1.29478
65 5.00157 1.01217 -1.29241
65.05 5.00158 1.01174 -1.29002
65.1 5.0016 1.01132 -1.2876
65.15 5.00162 1.01089 -1.28521
65.2 5.00164 1.01047 -1.2829
65.25 5.00167 1.01004 -1.28055
65.3 5.0017 1.00961 -1.27824
65.35 5.00171 1.00919 -1.27594
65.4 5.00174 1.00875 -1.27366
65.45 5.00176 1.00833 -1.27139
65.5 5.00178 1.00793 -1.26914
65.55 5.0018 1.00752 -1.26695
65.6 5.00183 1.00711 -1.26476
65.65 5.00186 1.00668 -1.26255
65.7 5.00188 1.00629 -1.26039
65.75 5.00189 1.00589 -1.2582
65.8 5.00193 1.00547 -1.25607
65.85 5.00196 1.00508 -1.25396
65.9 5.00199 1.0047 -1.25185
65.95 5.00202 1.00431 -1.24977
66 5.00206 1.00393 -1.2477
66.05 5.00211 1.00352 -1.24568
66.1 5.00214 1.00314 -1.24363
66.15 5.00217 1.00277 -1.24161
66.2 5.0022 1.00238 -1.23958
66.25 5.00224 1.00201 -1.23762
66.3 5.00228 1.00163 -1.23568
66.35 5.00232 1.00126 -1.23375
66.4 5.00238 1.00086 -1.23184
66.45 5.00242 1.0005 -1.22994
66.5 5.00247 1.00014 -1.22811
66.55 5.00251 0.999763 -1.22628
66.6 5.00256 0.999397 -1.22446
66.65 5.0026 0.999017 -1.22262
66.7 5.00265 0.99868 -1.22084
66.75 5.00269 0.998331 -1.21907
66.8 5.00274 0.997979 -1.21731
66.85 5.0028 0.997621 -1.21555
66.9 5.00285 0.997258 -1.21381
66.95 5.00288 0.996926 -1.21207
67 5.00293 0.996582 -1.21039
67.05 5.00299 0.99623 -1.20871
67.1 5.00305 0.995858 -1.20708
67.15 5.00309 0.995537 -1.20543
67.2 5.00314 0.995206 -1.20383
67.25 5.0032 0.994861 -1.20223
67.3 5.00326 0.994507 -1.20065
67.35 5.00331 0.99418 -1.19907
67.4 5.00336 0.993876 -1.19754
67.45 5.00342 0.993537 -1.19604
67.5 5.00347 0.99322 -1.19455
67.55 5.00353 0.992894 -1.19307
67.6 5.00359 0.992573 -1.19159
67.65 5.00366 0.992259 -1.19015
67.7 5.00372 0.99195 -1.1887
67.75 5.00377 0.99163 -1.18727
67.8 5.00384 0.991322 -1.18587
67.85 5.0039 0.990994 -1.18454
67.9 5.00396 0.990703 -1.18319
67.95 5.00403 0.990381 -1.18187
68 5.00408 0.990072 -1.18057
68.05 5.00415 0.989757 -1.17928
68.1 5.00421 0.989459 -1.17801
68.15 5.00428 0.989148 -1.17674
68.2 5.00435 0.988871 -1.17551
68.25 5.00441 0.988572 -1.17428
68.3 5.00448 0.988272 -1.17304
68.35 5.00455 0.987974 -1.17183
68.4 5.00461 0.987693 -1.17064
68.45 5.00468 0.987395 -1.1695
68.5 5.00475 0.987095 -1.16837
68.55 5.00481 0.986828 -1.16723
68.6 5.00488 0.986549 -1.16614
68.65 5.00494 0.986284 -1.16506
68.7 5.00502 0.985989 -1.16397
68.75 5.00509 0.985697 -1.16294
68.8 5.00516 0.985435 -1.16189
68.85 5.00523 0.985155 -1.16091
68.9 5.0053 0.984897 -1.15992
68.95 5.00537 0.984629 -1.15892
69 5.00545 0.984342 -1.158
69.05 5.00551 0.984091 -1.15707
69.1 5.00559 0.983824 -1.15615
69.15 5.00567 0.983542 -1.15528
69.2 5.00574 0.983302 -1.15441
69.25 5.00581 0.983024 -1.15353
69.3 5.00589 0.982767 -1.15271
69.35 5.00595 0.982529 -1.15191
69.4 5.00602 0.982276 -1.1511
69.45 5.0061 0.982011 -1.15033
69.5 5.00618 0.98175 -1.14957
69.55 5.00625 0.98152 -1.14882
69.6 5.00632 0.981275 -1.14806
69.65 5.0064 0.981028 -1.14734
69.7 5.00649 0.980745 -1.14663
69.75 5.00656 0.980525 -1.14594
69.8 5.00663 0.980277 -1.1453
69.85 5.00671 0.980052 -1.14467
69.9 5.00678 0.979822 -1.14404
69.95 5.00687 0.979588 -1.14346
70 5.00695 0.979344 -1.14289
70.05 5.00703 0.979104 -1.14232
70.1 5.0071 0.978884 -1.14175
70.15 5.00718 0.97865 -1.14126
70.2 5.00727 0.978418 -1.14075
70.25 5.00734 0.978199 -1.14025
70.3 5.00742 0.977975 -1.13975
70.35 5.00751 0.977738 -1.13932
70.4 5.00758 0.977539 -1.13888
70.45 5.00766 0.977318 -1.13845
70.5 5.00774 0.977094 -1.13802
70.55 5.00781 0.976889 -1.13766
70.6 5.0079 0.976673 -1.13731
70.65 5.00797 0.976476 -1.13695
70.7 5.00805 0.976255 -1.13659
70.75 5.00813 0.976043 -1.13631
70.8 5.00821 0.975835 -1.13602
70.85 5.0083 0.975617 -1.13574
70.9 5.00838 0.975413 -1.13546
70.95 5.00847 0.975214 -1.1352
71 5.00854 0.975031 -1.13501
71.05 5.00863 0.974825 -1.13481
71.1 5.00872 0.974623 -1.13462
71.15 5.00879 0.974446 -1.13444
71.2 5.00888 0.974232 -1.13425
71.25 5.00896 0.974047 -1.13412
71.3 5.00904 0.973851 -1.13401
71.35 5.00912 0.973667 -1.13389
71.4 5.00921 0.973467 -1.13378
71.45 5.00928 0.973296 -1.13369
71.5 5.00937 0.973081 -1.13366
71.55 5.00946 0.972901 -1.13364
71.6 5.00954 0.972726 -1.13362
71.65 5.00962 0.972544 -1.1336
71.7 5.00971 0.972356 -1.1336
71.75 5.00979 0.972181 -1.13361
71.8 5.00988 0.972001 -1.13368
71.85 5.00997 0.971828 -1.13376
71.9 5.01006 0.971655 -1.13384
71.95 5.01015 0.971466 -1.13392
72 5.01023 0.971291 -1.13403
72.05 5.01032 0.971116 -1.13413
72.1 5.0104 0.970951 -1.13432
72.15 5.01049 0.970784 -1.13451
72.2 5.01058 0.970619 -1.1347
72.25 5.01066 0.970459 -1.13488
72.3 5.01074 0.970298 -1.1351
72.35 5.01083 0.970141 -1.13531
72.4 5.01091 0.969967 -1.13553
72.45 5.01099 0.96982 -1.13574
72.5 5.01107 0.969674 -1.13604
72.55 5.01116 0.969515 -1.13638
72.6 5.01124 0.969369 -1.13673
72.65 5.01132 0.969243 -1.13707
72.7 5.01141 0.969094 -1.13741
72.75 5.01149 0.968942 -1.13774
72.8 5.01158 0.96879 -1.13812
72.85 5.01167 0.968641 -1.13849
72.9 5.01175 0.968492 -1.13888
72.95 5.01184 0.968339 -1.13926
73 5.01193 0.968198 -1.13973
73.05 5.01202 0.968054 -1.14023
73.1 5.01212 0.967914 -1.14074
73.15 5.01221 0.967775 -1.14125
73.2 5.01229 0.967631 -1.14176
73.25 5.01239 0.96749 -1.14225
73.3 5.01247 0.96735 -1.14281
73.35 5.01256 0.967214 -1.14335
73.4 5.01266 0.967072 -1.14391
73.45 5.01274 0.966931 -1.14446
73.5 5.01283 0.966795 -1.14498
73.55 5.01292 0.966658 -1.14556
73.6 5.01301 0.966522 -1.14614
73.65 5.01311 0.966389 -1.14673
73.7 5.0132 0.966264 -1.14741
73.75 5.01329 0.966129 -1.14815
73.8 5.01338 0.96601 -1.14889
73.85 5.01348 0.965885 -1.14963
73.9 5.01357 0.965762 -1.15036
73.95 5.01366 0.965643 -1.15112
74 5.01376 0.96553 -1.15191
74.05 5.01385 0.965409 -1.15269
74.1 5.01394 0.965295 -1.15345
74.15 5.01404 0.965173 -1.15423
74.2 5.01413 0.965055 -1.15505
74.25 5.01422 0.964941 -1.15587
74.3 5.01431 0.964823 -1.1567
74.35 5.0144 0.9647 -1.15754
74.4 5.0145 0.964591 -1.15842
74.45 5.01459 0.96448 -1.15929
74.5 5.01468 0.964368 -1.16016
74.55 5.01477 0.96425 -1.16104
74.6 5.01486 0.964139 -1.16197
74.65 5.01495 0.964031 -1.1629
74.7 5.01505 0.963921 -1.16383
74.75 5.01514 0.963815 -1.16475
74.8 5.01523 0.963709 -1.16572
74.85 5.01532 0.963602 -1.16671
74.9 5.01542 0.963493 -1.16771
74.95 5.01552 0.96339 -1.16869
75 5.0156 0.963293 -1.16972
75.05 5.0157 0.963191 -1.17076
75.1 5.01579 0.963092 -1.1718
75.15 5.01589 0.962987 -1.17284
75.2 5.01598 0.962889 -1.17395
75.25 5.01607 0.962786 -1.17507
75.3 5.01617 0.962685 -1.17616
75.35 5.01626 0.962594 -1.17725
75.4 5.01635 0.962502 -1.17843
75.45 5.01644 0.962409 -1.17961
75.5 5.01657 0.962247 -1.18077
75.55 5.01666 0.962162 -1.182
75.6 5.01675 0.962077 -1.18323
75.65 5.01684 0.961996 -1.18432
75.7 5.01693 0.961901 -1.18541
75.75 5.01703 0.9618 -1.18659
75.8 5.01712 0.96171 -1.18776
75.85 5.01721 0.961618 -1.18893
75.9 5.0173 0.961522 -1.19009
75.95 5.0174 0.961417 -1.19136
76 5.01749 0.961346 -1.1926
76.05 5.01759 0.96126 -1.19386
76.1 5.01769 0.961159 -1.19516
76.15 5.01779 0.961068 -1.19649
76.2 5.01787 0.961018 -1.19782
76.25 5.01797 0.960931 -1.19916
76.3 5.01807 0.960834 -1.2005
76.35 5.01816 0.960768 -1.20185
76.4 5.01826 0.960664 -1.20323
76.45 5.01836 0.960599 -1.20465
76.5 5.01845 0.960512 -1.20597
76.55 5.01854 0.960424 -1.2073
76.6 5.01864 0.960333 -1.20861
76.65 5.01874 0.960282 -1.21001
76.7 5.01884 0.960193 -1.2114
76.75 5.01893 0.960121 -1.21279
76.8 5.01903 0.960057 -1.21425
76.85 5.01913 0.959981 -1.21574
76.9 5.01923 0.959913 -1.21721
76.95 5.01933 0.959837 -1.21865
77 5.01942 0.959786 -1.2202
77.05 5.01952 0.959702 -1.22162
77.1 5.01962 0.959634 -1.22304
77.15 5.01971 0.959554 -1.22451
77.2 5.01982 0.95945 -1.22601
77.25 5.01992 0.959374 -1.2275
77.3 5.02002 0.959312 -1.22906
77.35 5.02012 0.959255 -1.2306
77.4 5.02021 0.959189 -1.23219
77.45 5.02031 0.959139 -1.2338
77.5 5.0204 0.959099 -1.23532
77.55 5.0205 0.959014 -1.23682
77.6 5.02059 0.958968 -1.23832
77.65 5.02071 0.958856 -1.23992
77.7 5.02081 0.958794 -1.24153
77.75 5.0209 0.958731 -1.24315
77.8 5.02099 0.958698 -1.24485
77.85 5.02109 0.958656 -1.24653
77.9 5.02118 0.958605 -1.24806
77.95 5.02127 0.958567 -1.24968
78 5.02137 0.958523 -1.25131
78.05 5.02147 0.958458 -1.25297
78.1 5.02157 0.958401 -1.25469
78.15 5.02167 0.958347 -1.25642
78.2 5.02177 0.958295 -1.25819
78.25 5.02188 0.958245 -1.26001
78.3 5.02198 0.958195 -1.2617
78.35 5.02208 0.95814 -1.26337
78.4 5.02217 0.958089 -1.26502
78.45 5.02226 0.958038 -1.26679
78.5 5.02236 0.957996 -1.26855
78.55 5.02245 0.957955 -1.2703
78.6 5.02255 0.957913 -1.27203
78.65 5.02263 0.957868 -1.27369
78.7 5.02272 0.95782 -1.27541
78.75 5.02283 0.957767 -1.2772
78.8 5.02293 0.957714 -1.27898
78.85 5.02303 0.957669 -1.28078
78.9 5.02313 0.957626 -1.2827
78.95 5.02322 0.957575 -1.28443
79 5.02331 0.957523 -1.28615
79.05 5.02342 0.957478 -1.28796
79.1 5.02353 0.957428 -1.2898
79.15 5.02363 0.957388 -1.29165
79.2 5.02374 0.95734 -1.29362
79.25 5.02386 0.957235 -1.29541
79.3 5.02396 0.957164 -1.29714
79.35 5.02406 0.957132 -1.299
79.4 5.02415 0.957098 -1.30087
79.45 5.02424 0.957072 -1.30272
79.5 5.02435 0.957014 -1.30468
79.55 5.02445 0.956979 -1.30649
79.6 5.02453 0.956932 -1.30834
79.65 5.02464 0.956869 -1.31023
79.7 5.02473 0.956845 -1.31212
79.75 5.02483 0.956805 -1.31407
79.8 5.02493 0.956753 -1.31592
79.85 5.02503 0.956707 -1.31779
79.9 5.02513 0.956659 -1.31964
79.95 5.02522 0.956626 -1.32156
80 5.02532 0.9566 -1.32351
80.05 5.02543 0.956554 -1.32545
80.1 5.02552 0.956528 -1.32734
80.15 5.02563 0.956476 -1.32927
80.2 5.02574 0.956439 -1.3312
80.25 5.02585 0.956397 -1.3332
80.3 5.02594 0.956387 -1.33522
80.35 5.02604 0.956332 -1.33704
80.4 5.02613 0.9563 -1.33897
80.45 5.02622 0.956271 -1.34093
80.5 5.02633 0.956225 -1.34294
80.55 5.02643 0.956189 -1.345
80.6 5.02652 0.956152 -1.34691
80.65 5.02663 0.956097 -1.34881
80.7 5.02673 0.956072 -1.35081
80.75 5.02682 0.956036 -1.35284
80.8 5.02693 0.955988 -1.35485
80.85 5.02703 0.955942 -1.35684
80.9 5.02713 0.955906 -1.35883
80.95 5.02722 0.955866 -1.3608
81 5.02733 0.955804 -1.36284
81.05 5.02743 0.955789 -1.36491
81.1 5.02752 0.955768 -1.36683
81.15 5.02763 0.95571 -1.36884
81.2 5.02773 0.955693 -1.37085
81.25 5.02783 0.955652 -1.37287
81.3 5.02793 0.955612 -1.37499
81.35 5.02802 0.955583 -1.37695
81.4 5.02811 0.955538 -1.37891
81.45 5.02821 0.955502 -1.38095
81.5 5.0283 0.955484 -1.383
81.55 5.02841 0.955417 -1.38508
81.6 5.0285 0.955414 -1.38709
81.65 5.0286 0.955379 -1.3891
81.7 5.0287 0.955341 -1.39114
81.75 5.0288 0.955317 -1.39329
81.8 5.0289 0.95528 -1.3954
81.85 5.029 0.955242 -1.39735
81.9 5.0291 0.955213 -1.39943
81.95 5.0292 0.955173 -1.4015
82 5.0293 0.955143 -1.40357
82.05 5.0294 0.955092 -1.4056
82.1 5.0295 0.955093 -1.40761
82.15 5.02959 0.955054 -1.40959
82.2 5.02969 0.955033 -1.41169
82.25 5.02979 0.955001 -1.41375
82.3 5.02989 0.954957 -1.41574
82.35 5.02999 0.954939 -1.41783
82.4 5.03008 0.954899 -1.41987
82.45 5.03019 0.954863 -1.42196
82.5 5.03029 0.954806 -1.42416
82.55 5.03039 0.954784 -1.42618
82.6 5.03049 0.954781 -1.42828
82.65 5.0306 0.954734 -1.43042
82.7 5.0307 0.954709 -1.43254
82.75 5.03079 0.954706 -1.43463
82.8 5.0309 0.954669 -1.43667
82.85 5.03098 0.954644 -1.43878
82.9 5.03109 0.95459 -1.44094
82.95 5.03119 0.954567 -1.44295
83 5.03129 0.954549 -1.44503
83.05 5.03139 0.954526 -1.44714
83.1 5.03148 0.954502 -1.44926
83.15 5.03158 0.954463 -1.45139
83.2 5.03168 0.954435 -1.45347
83.25 5.03177 0.954423 -1.45555
83.3 5.03185 0.954379 -1.45759
83.35 5.03195 0.954358 -1.45978
83.4 5.03204 0.954321 -1.46177
83.45 5.03214 0.954294 -1.46379
83.5 5.03223 0.954263 -1.46595
83.55 5.03233 0.954206 -1.4681
83.6 5.03243 0.954198 -1.47024
83.65 5.03253 0.954135 -1.47237
83.7 5.03262 0.954123 -1.47442
83.75 5.03272 0.954099 -1.47647
83.8 5.03282 0.954085 -1.47866
83.85 5.03292 0.954065 -1.48068
83.9 5.03301 0.954044 -1.48272
83.95 5.0331 0.954022 -1.48485
84 5.0332 0.953979 -1.48702
84.05 5.0333 0.953946 -1.48899
84.1 5.0334 0.953928 -1.49108
84.15 5.03349 0.953902 -1.49315
84.2 5.03358 0.953876 -1.49525
84.25 5.03368 0.953848 -1.49744
84.3 5.03377 0.953801 -1.49949
84.35 5.03386 0.953795 -1.50154
84.4 5.03396 0.95375 -1.50366
84.45 5.03406 0.95373 -1.50579
84.5 5.03415 0.953692 -1.50773
84.55 5.03425 0.953682 -1.50978
84.6 5.03435 0.953654 -1.51186
84.65 5.03445 0.953637 -1.51397
84.7 5.03455 0.953624 -1.516
84.75 5.03464 0.953586 -1.51801
84.8 5.03473 0.953563 -1.52002
84.85 5.03483 0.953531 -1.52217
84.9 5.03492 0.953527 -1.52429
84.95 5.03501 0.953503 -1.52625
85 5.0351 0.953442 -1.52827
85.05 5.0352 0.953444 -1.53039
85.1 5.0353 0.953417 -1.53244
85.15 5.0354 0.95339 -1.53438
85.2 5.03549 0.953365 -1.53641
85.25 5.03558 0.953344 -1.53842
85.3 5.03567 0.953314 -1.54042
85.35 5.03576 0.953286 -1.54242
85.4 5.03586 0.953237 -1.54438
85.45 5.03594 0.953231 -1.54633
85.5 5.03603 0.953211 -1.54837
85.55 5.03613 0.953209 -1.55042
85.6 5.03622 0.953183 -1.55234
85.65 5.03632 0.953166 -1.55432
85.7 5.03641 0.953119 -1.55632
85.75 5.03651 0.953088 -1.55837
85.8 5.03659 0.953081 -1.56036
85.85 5.03667 0.953042 -1.56233
85.9 5.03676 0.953016 -1.56425
85.95 5.03686 0.952967 -1.56621
86 5.03694 0.952967 -1.56829
86.05 5.03702 0.952923 -1.5702
86.1 5.0371 0.952904 -1.57209
86.15 5.03719 0.95285 -1.57409
86.2 5.03728 0.952862 -1.57612
86.25 5.03735 0.952824 -1.57797
86.3 5.03744 0.952806 -1.57992
86.35 5.03753 0.952781 -1.58185
86.4 5.03762 0.952764 -1.58382
86.45 5.03771 0.952748 -1.58577
86.5 5.0378 0.952699 -1.58768
86.55 5.03789 0.952669 -1.5896
86.6 5.03797 0.952657 -1.5915
86.65 5.03806 0.952631 -1.59344
86.7 5.03815 0.952608 -1.59527
86.75 5.03823 0.952581 -1.59712
86.8 5.03832 0.952559 -1.59907
86.85 5.0384 0.952546 -1.601
86.9 5.03849 0.952518 -1.60294
86.95 5.03857 0.952495 -1.60472
87 5.03865 0.952464 -1.60657
87.05 5.03873 0.952451 -1.60844
87.1 5.03882 0.952409 -1.6103
87.15 5.0389 0.95238 -1.61211
87.2 5.03897 0.952337 -1.61394
87.25 5.03905 0.952331 -1.61575
87.3 5.03913 0.952305 -1.61756
87.35 5.03922 0.952275 -1.61947
87.4 5.03929 0.952241 -1.62125
87.45 5.03937 0.952211 -1.62305
87.5 5.03946 0.952194 -1.62491
87.55 5.03954 0.952157 -1.62676
87.6 5.03963 0.95213 -1.62861
87.65 5.0397 0.952103 -1.63033
87.7 5.03978 0.95208 -1.6321
87.75 5.03986 0.952065 -1.6339
87.8 5.03993 0.952027 -1.63567
87.85 5.04002 0.952015 -1.63745
87.9 5.0401 0.951992 -1.63921
87.95 5.04017 0.951932 -1.64093
88 5.04026 0.951939 -1.64266
88.05 5.04033 0.951905 -1.64443
88.1 5.0404 0.951885 -1.64617
88.15 5.04047 0.951873 -1.64784
88.2 5.04055 0.951823 -1.64955
88.25 5.04063 0.951826 -1.65129
88.3 5.0407 0.951808 -1.65304
88.35 5.04077 0.951777 -1.65478
88.4 5.04085 0.95174 -1.6564
88.45 5.04093 0.951731 -1.65804
88.5 5.041 0.951721 -1.65976
88.55 5.04107 0.951668 -1.66147
88.6 5.04115 0.951657 -1.66318
88.65 5.04122 0.951651 -1.66484
88.7 5.04128 0.951617 -1.66647
88.75 5.04136 0.951596 -1.66809
88.8 5.04142 0.951578 -1.6697
88.85 5.04149 0.951535 -1.6714
88.9 5.04156 0.951512 -1.67294
88.95 5.04163 0.951519 -1.67451
89 5.0417 0.951486 -1.6761
89.05 5.04176 0.95143 -1.67773
89.1 5.04184 0.951437 -1.67937
89.15 5.04191 0.951415 -1.68102
89.2 5.04197 0.951362 -1.68256
89.25 5.04204 0.951362 -1.68413
89.3 5.0421 0.951312 -1.68574
89.35 5.04218 0.951329 -1.68734
89.4 5.04225 0.951301 -1.68891
89.45 5.04231 0.951248 -1.69044
89.5 5.04238 0.951239 -1.69193
89.55 5.04244 0.951214 -1.69344
89.6 5.04251 0.951183 -1.69498
89.65 5.04258 0.951128 -1.69654
89.7 5.04265 0.951145 -1.69806
89.75 5.04271 0.951116 -1.69952
89.8 5.04277 0.951077 -1.70097
89.85 5.04284 0.951064 -1.70247
89.9 5.0429 0.951042 -1.70395
89.95 5.04295 0.950961 -1.70544
90 5.04302 0.950997 -1.70693
90.05 5.04308 0.950964 -1.70834
90.1 5.04315 0.950946 -1.70977
90.15 5.0432 0.950923 -1.71119
90.2 5.04326 0.950876 -1.71262
90.25 5.04332 0.950864 -1.71405
90.3 5.04339 0.950856 -1.71548
90.35 5.04344 0.950824 -1.71684
90.4 5.0435 0.950799 -1.71824
90.45 5.04355 0.950738 -1.71961
90.5 5.04362 0.950754 -1.72098
90.55 5.04368 0.950726 -1.72236
90.6 5.04373 0.950701 -1.72376
90.65 5.04378 0.950676 -1.72508
90.7 5.04384 0.950664 -1.72641
90.75 5.04389 0.950629 -1.72774
90.8 5.04395 0.950597 -1.72907
90.85 5.04401 0.950586 -1.73037
90.9 5.04407 0.950563 -1.7317
90.95 5.04413 0.950528 -1.73298
91 5.04418 0.950503 -1.73423
91.05 5.04424 0.950491 -1.73548
91.1 5.04428 0.950452 -1.73676
91.15 5.04434 0.950439 -1.73802
91.2 5.0444 0.950408 -1.73929
91.25 5.04444 0.95036 -1.74058
91.3 5.04451 0.95035 -1.74179
91.35 5.04455 0.95034 -1.74299
91.4 5.04461 0.950314 -1.74422
91.45 5.04466 0.950285 -1.74544
91.5 5.04471 0.950268 -1.74661
91.55 5.04476 0.950237 -1.74782
91.6 5.04482 0.950219 -1.749
91.65 5.04487 0.950193 -1.75016
91.7 5.04492 0.95018 -1.75133
91.75 5.04497 0.950152 -1.75249
91.8 5.04502 0.950133 -1.75363
91.85 5.04507 0.95013 -1.75477
91.9 5.04511 0.950097 -1.75589
91.95 5.04516 0.950041 -1.75702
92 5.04522 0.950036 -1.75814
92.05 5.04526 0.950026 -1.75924
92.1 5.04531 0.950006 -1.76028
92.15 5.04535 0.949977 -1.76135
92.2 5.04539 0.949968 -1.76242
92.25 5.04543 0.949942 -1.76348
92.3 5.04548 0.949916 -1.76455
92.35 5.04552 0.949873 -1.76563
92.4 5.04555 0.949847 -1.76664
92.45 5.0456 0.949851 -1.76767
92.5 5.04563 0.949803 -1.76869
92.55 5.04569 0.949837 -1.76972
92.6 5.04572 0.949779 -1.77073
92.65 5.04576 0.949755 -1.77175
92.7 5.0458 0.949728 -1.77269
92.75 5.04584 0.949732 -1.77365
92.8 5.04589 0.949723 -1.77462
92.85 5.04593 0.949705 -1.77558
92.9 5.04596 0.949664 -1.77655
92.95 5.046 0.949643 -1.77752
93 5.04604 0.949604 -1.77849
93.05 5.04608 0.949592 -1.7794
93.1 5.04611 0.949566 -1.78028
93.15 5.04615 0.949539 -1.78117
93.2 5.04619 0.949524 -1.78206
93.25 5.04622 0.949486 -1.78296
93.3 5.04625 0.949467 -1.78383
93.35 5.0463 0.949476 -1.78474
93.4 5.04633 0.949468 -1.78557
93.45 5.04636 0.949428 -1.7864
93.5 5.04639 0.949408 -1.78722
93.55 5.04643 0.949398 -1.78805
93.6 5.04646 0.949384 -1.78888
93.65 5.04649 0.949332 -1.78971
93.7 5.04652 0.949327 -1.79054
93.75 5.04656 0.949325 -1.79136
93.8 5.04658 0.949296 -1.79206
93.85 5.04661 0.949273 -1.79277
93.9 5.04665 0.949259 -1.79355
93.95 5.04668 0.949236 -1.79434
94 5.04671 0.949221 -1.79511
94.05 5.04674 0.949194 -1.79588
94.1 5.04677 0.949185 -1.79665
94.15 5.0468 0.949158 -1.79744
94.2 5.04682 0.949127 -1.79809
94.25 5.04684 0.949088 -1.79873
94.3 5.04688 0.949093 -1.79937
94.35 5.0469 0.949072 -1.80002
94.4 5.04693 0.949062 -1.80067
94.45 5.04695 0.949049 -1.80131
94.5 5.04697 0.94901 -1.80195
94.55 5.04701 0.949008 -1.80268
94.6 5.04704 0.948993 -1.80341
94.65 5.04707 0.948974 -1.80401
94.7 5.04709 0.948954 -1.80459
94.75 5.04711 0.948934 -1.80514
94.8 5.04712 0.948894 -1.80572
94.85 5.04715 0.948891 -1.8063
94.9 5.04717 0.948884 -1.80688
94.95 5.04719 0.948864 -1.80747
95 5.04721 0.948828 -1.80806
95.05 5.04724 0.948831 -1.80863
95.1 5.04726 0.948812 -1.80921
95.15 5.04727 0.94879 -1.8096
95.2 5.04729 0.948778 -1.80996
95.25 5.0473 0.948767 -1.81034
95.3 5.04732 0.948759 -1.81073
95.35 5.04734 0.948751 -1.81111
95.4 5.04735 0.948743 -1.8115
95.45 5.04736 0.948724 -1.81188
95.5 5.04738 0.948708 -1.81241
95.55 5.04741 0.948695 -1.81295
95.6 5.04742 0.948663 -1.81349
95.65 5.04745 0.948648 -1.81402
95.7 5.04746 0.948622 -1.81455
95.75 5.04748 0.948611 -1.81508
95.8 5.0475 0.948583 -1.81561
95.85 5.04751 0.948586 -1.81593
95.9 5.04753 0.948576 -1.81624
95.95 5.04754 0.948559 -1.81655
96 5.04755 0.94853 -1.81687
96.05 5.04756 0.948525 -1.81719
96.1 5.04757 0.948514 -1.8175
96.15 5.04759 0.948523 -1.81782
96.2 5.0476 0.948474 -1.81814
96.25 5.04761 0.948472 -1.81844
96.3 5.04762 0.948463 -1.81875
96.35 5.04763 0.948445 -1.81906
96.4 5.04764 0.948436 -1.81938
96.45 5.04766 0.948422 -1.8197
96.5 5.04767 0.948405 -1.82001
96.55 5.04768 0.948386 -1.82033
96.6 5.04769 0.948371 -1.82065
96.65 5.0477 0.948353 -1.82096
96.7 5.0477 0.948359 -1.82098
96.75 5.04769 0.948343 -1.82098
96.8 5.04769 0.948329 -1.82099
96.85 5.04769 0.948319 -1.82099
96.9 5.04768 0.948279 -1.821
96.95 5.04769 0.948287 -1.82101
97 5.04769 0.948285 -1.82103
97.05 5.04768 0.948262 -1.82104
97.1 5.04768 0.948253 -1.82105
97.15 5.04768 0.948248 -1.82106
97.2 5.04768 0.948248 -1.82108
97.25 5.04767 0.94821 -1.82108
97.3 5.04767 0.948216 -1.8211
97.35 5.04767 0.948201 -1.82111
97.4 5.04767 0.948191 -1.82113
97.45 5.04767 0.948205 -1.82114
97.5 5.04767 0.948171 -1.82115
97.55 5.04766 0.948165 -1.82116
97.6 5.04766 0.948162 -1.82118
97.65 5.04766 0.948141 -1.82119
97.7 5.04766 0.948128 -1.8212
97.75 5.04766 0.948127 -1.82121
97.8 5.04765 0.948091 -1.82122
97.85 5.04766 0.948126 -1.82123
97.9 5.04765 0.948098 -1.82125
97.95 5.04765 0.948084 -1.82127
98 5.04764 0.948076 -1.82129
98.05 5.04765 0.948089 -1.8213
98.1 5.04765 0.948073 -1.82131
98.15 5.04764 0.948057 -1.82132
98.2 5.04764 0.948039 -1.82134
98.25 5.04764 0.948026 -1.82135
98.3 5.04764 0.948025 -1.82137
98.35 5.04764 0.948008 -1.82138
98.4 5.04765 0.948031 -1.8214
98.45 5.04764 0.948007 -1.82142
98.5 5.04764 0.947989 -1.82144
98.55 5.04763 0.947975 -1.82145
98.6 5.04763 0.94797 -1.82146
98.65 5.04763 0.947954 -1.82147
98.7 5.04763 0.947963 -1.82148
98.75 5.04763 0.947939 -1.8215
98.8 5.04763 0.947933 -1.82152
98.85 5.04762 0.94793 -1.82153
98.9 5.04762 0.947918 -1.82155
98.95 5.04762 0.947888 -1.82155
99 5.04762 0.947896 -1.82156
99.05 5.04762 0.947881 -1.82159
99.1 5.04762 0.947888 -1.82161
99.15 5.04761 0.947853 -1.82161
99.2 5.04762 0.947862 -1.82162
99.25 5.04762 0.947845 -1.82164
99.3 5.04762 0.947831 -1.82167
99.35 5.04761 0.947815 -1.82169
99.4 5.04762 0.94783 -1.8217
99.45 5.04761 0.947795 -1.82172
99.5 5.04762 0.947804 -1.82173
99.55 5.04762 0.947807 -1.82174
99.6 5.04761 0.947781 -1.82175
99.65 5.04761 0.947759 -1.82176
99.7 5.04761 0.947762 -1.82177
99.75 5.04761 0.947748 -1.82179
99.8 5.0476 0.947735 -1.82181
99.85 5.0476 0.947714 -1.82183
99.9 5.04759 0.947705 -1.82183
99.95 5.0476 0.947712 -1.82185
100 5.04759 0.947692 -1.82187
100.05 5.04759 0.947686 -1.82188
100.1 5.04757 0.947671 -1.82147
100.15 5.04757 0.947674 -1.82147
100.2 5.04757 0.947663 -1.82151
100.25 5.04757 0.947668 -1.82153
100.3 5.04755 0.947649 -1.82121
100.35 5.04753 0.947633 -1.82085
100.4 5.0475 0.947613 -1.82049
100.45 5.04749 0.94761 -1.82012
100.5 5.04748 0.947628 -1.81976
100.55 5.04745 0.947608 -1.81939
100.6 5.04743 0.947597 -1.81902
100.65 5.04742 0.947592 -1.81865
100.7 5.04739 0.947565 -1.81829
100.75 5.04738 0.947566 -1.81794
100.8 5.04737 0.947567 -1.81758
100.85 5.04735 0.947559 -1.81722
100.9 5.04732 0.947538 -1.81686
100.95 5.0473 0.947533 -1.8165
101 5.04729 0.947541 -1.81614
101.05 5.04727 0.947533 -1.81578
101.1 5.04725 0.947516 -1.81541
101.15 5.04723 0.947509 -1.81504
101.2 5.04718 0.9475 -1.81406
101.25 5.04713 0.947499 -1.81307
101.3 5.04709 0.947484 -1.81206
101.35 5.04707 0.947477 -1.81167
101.4 5.04705 0.947455 -1.81134
101.45 5.04703 0.947456 -1.81102
101.5 5.04701 0.947427 -1.81071
101.55 5.047 0.947449 -1.81039
101.6 5.04698 0.947429 -1.81007
101.65 5.04697 0.947431 -1.80976
101.7 5.04694 0.947399 -1.80944
101.75 5.04693 0.947389 -1.80912
101.8 5.0469 0.947369 -1.80879
101.85 5.0469 0.947389 -1.80847
101.9 5.04684 0.947381 -1.8076
101.95 5.0468 0.947365 -1.80667
102 5.04676 0.947364 -1.80575
102.05 5.04672 0.947366 -1.80483
102.1 5.04667 0.947348 -1.80389
102.15 5.04665 0.947331 -1.8036
102.2 5.04663 0.947335 -1.80332
102.25 5.04661 0.94729 -1.80304
102.3 5.0466 0.947309 -1.80276
102.35 5.04658 0.947285 -1.80248
102.4 5.04657 0.947295 -1.8022
102.45 5.04655 0.94726 -1.80192
102.5 5.04652 0.94728 -1.80107
102.55 5.04647 0.947242 -1.80022
102.6 5.04644 0.947262 -1.79936
102.65 5.0464 0.947254 -1.79851
102.7 5.04635 0.94724 -1.79765
102.75 5.04631 0.947228 -1.7968
102.8 5.04627 0.947207 -1.79594
102.85 5.04627 0.947223 -1.79564
102.9 5.04625 0.947187 -1.7954
102.95 5.04624 0.94718 -1.79516
103 5.04622 0.947179 -1.79439
103.05 5.04618 0.947165 -1.79361
103.1 5.04614 0.947166 -1.79284
103.15 5.0461 0.947157 -1.79206
103.2 5.04607 0.947152 -1.79128
103.25 5.04603 0.947141 -1.7905
103.3 5.04599 0.947123 -1.78973
103.35 5.04596 0.94712 -1.78895
103.4 5.04592 0.947094 -1.78818
103.45 5.04585 0.947108 -1.78647
103.5 5.04581 0.947095 -1.78571
103.55 5.04577 0.947079 -1.78496
103.6 5.04574 0.94709 -1.78422
103.65 5.0457 0.947077 -1.78348
103.7 5.04566 0.947044 -1.78274
103.75 5.04563 0.947059 -1.78199
103.8 5.04559 0.947042 -1.78125
103.85 5.04552 0.947041 -1.77956
103.9 5.04547 0.947021 -1.77878
103.95 5.04544 0.947041 -1.77807
104 5.04541 0.947034 -1.77737
104.05 5.04537 0.946996 -1.77668
104.1 5.04534 0.947011 -1.77597
104.15 5.0453 0.946996 -1.77527
104.2 5.04527 0.946978 -1.77456
104.25 5.04524 0.946985 -1.77386
104.3 5.04517 0.946976 -1.77226
104.35 5.04512 0.946924 -1.77156
104.4 5.0451 0.946946 -1.77089
104.45 5.04506 0.946922 -1.77022
104.5 5.04504 0.946911 -1.76956
104.55 5.045 0.94692 -1.76889
104.6 5.04497 0.946904 -1.76823
104.65 5.04494 0.9469 -1.76757
104.7 5.04491 0.946877 -1.76689
104.75 5.04484 0.946875 -1.76534
104.8 5.04476 0.946843 -1.76375
104.85 5.04473 0.946835 -1.76309
104.9 5.0447 0.946844 -1.76248
104.95 5.04467 0.946825 -1.76186
105 5.04464 0.946815 -1.76122
105.05 5.04461 0.946832 -1.76059
105.1 5.04458 0.946813 -1.75997
105.15 5.04451 0.946793 -1.75849
105.2 5.04444 0.946795 -1.75699
105.25 5.04437 0.946756 -1.7555
105.3 5.04434 0.946762 -1.75489
105.35 5.04431 0.946749 -1.75431
105.4 5.04428 0.946746 -1.75371
105.45 5.04425 0.946726 -1.75312
105.5 5.04421 0.946735 -1.75175
105.55 5.04414 0.946725 -1.75029
105.6 5.04407 0.946706 -1.74888
105.65 5.04404 0.946692 -1.74831
105.7 5.04402 0.946676 -1.74775
105.75 5.04399 0.946672 -1.7472
105.8 5.04397 0.946663 -1.74665
105.85 5.04395 0.946668 -1.7461
105.9 5.0439 0.94667 -1.74483
105.95 5.04383 0.946634 -1.74349
106 5.04377 0.946647 -1.74215
106.05 5.04371 0.94662 -1.7408
106.1 5.04369 0.946614 -1.74027
106.15 5.04366 0.946605 -1.73975
106.2 5.04364 0.946594 -1.73923
106.25 5.04358 0.94659 -1.738
106.3 5.04352 0.946566 -1.73673
106.35 5.04346 0.94655 -1.73549
106.4 5.04341 0.946561 -1.73423
106.45 5.04335 0.946549 -1.73294
106.5 5.04332 0.946549 -1.73245
106.55 5.0433 0.946543 -1.73197
106.6 5.04325 0.946529 -1.73085
106.65 5.0432 0.946511 -1.72967
106.7 5.04315 0.946512 -1.72847
106.75 5.04309 0.946512 -1.72728
106.8 5.04303 0.946456 -1.7261
106.85 5.04298 0.946455 -1.72491
106.9 5.04292 0.946445 -1.72377
106.95 5.04287 0.946423 -1.72265
107 5.04282 0.946424 -1.72154
107.05 5.04277 0.946432 -1.7204
107.1 5.04272 0.946375 -1.71929
107.15 5.04266 0.946369 -1.71816
107.2 5.04264 0.946353 -1.71768
107.25 5.04259 0.946351 -1.71666
107.3 5.04254 0.94635 -1.71562
107.35 5.04249 0.946341 -1.71456
107.4 5.04245 0.946366 -1.71351
107.45 5.04239 0.946319 -1.71245
107.5 5.04234 0.946288 -1.7114
107.55 5.04229 0.946279 -1.71035
107.6 5.04224 0.946276 -1.70935
107.65 5.0422 0.94627 -1.70836
107.7 5.04215 0.946254 -1.70737
107.75 5.04211 0.946253 -1.70637
107.8 5.04206 0.946283 -1.70538
107.85 5.04201 0.946248 -1.70441
107.9 5.04196 0.946203 -1.70343
107.95 5.04185 0.946205 -1.70092
108 5.0418 0.946199 -1.69989
108.05 5.04175 0.9462 -1.69895
108.1 5.04171 0.946199 -1.698
108.15 5.04166 0.946215 -1.69704
108.2 5.04162 0.946204 -1.69609
108.25 5.04154 0.94616 -1.69378
108.3 5.04148 0.946133 -1.69277
108.35 5.04144 0.946123 -1.69183
108.4 5.0414 0.946129 -1.69088
108.45 5.04135 0.946113 -1.68994
108.5 5.04131 0.946126 -1.689
108.55 5.04121 0.946132 -1.68674
108.6 5.04116 0.946118 -1.68576
108.65 5.04111 0.946063 -1.68486
108.7 5.04107 0.946059 -1.68396
108.75 5.04103 0.946051 -1.68306
108.8 5.04098 0.946023 -1.68214
108.85 5.04095 0.946029 -1.68124
108.9 5.04085 0.946027 -1.67908
108.95 5.04081 0.946033 -1.67812
109 5.04076 0.946002 -1.67726
109.05 5.04073 0.946013 -1.6764
109.1 5.04068 0.946003 -1.67554
109.15 5.04064 0.945978 -1.67466
109.2 5.04056 0.945977 -1.67256
109.25 5.04051 0.945928 -1.67167
109.3 5.04047 0.945925 -1.67083
109.35 5.04042 0.945922 -1.66999
109.4 5.04038 0.945899 -1.66916
109.45 5.04034 0.945901 -1.66831
109.5 5.0403 0.945889 -1.66746
109.55 5.04023 0.945927 -1.66541
109.6 5.04014 0.945907 -1.66333
109.65 5.04009 0.945948 -1.66246
109.7 5.04006 0.945941 -1.66166
109.75 5.04002 0.945925 -1.66085
109.8 5.03998 0.945916 -1.66004
109.85 5.03991 0.945928 -1.65822
109.9 5.03982 0.945904 -1.65625
109.95 5.03977 0.945814 -1.65541
110 5.03973 0.945799 -1.65462
110.05 5.0397 0.945766 -1.65383
110.1 5.03966 0.945752 -1.65305
110.15 5.03959 0.945745 -1.6512
110.2 5.03949 0.94573 -1.64931
110.25 5.03946 0.945737 -1.64845
110.3 5.03942 0.945727 -1.64769
110.35 5.03938 0.945741 -1.64693
110.4 5.03935 0.945721 -1.64618
110.45 5.03931 0.945719 -1.64542
110.5 5.03924 0.945745 -1.64371
110.55 5.03916 0.945749 -1.64194
110.6 5.0391 0.945741 -1.64117
110.65 5.03907 0.945736 -1.64045
110.7 5.03903 0.945727 -1.63974
110.75 5.039 0.945717 -1.63903
110.8 5.03897 0.94571 -1.63832
110.85 5.03891 0.945704 -1.63678
110.9 5.03883 0.945692 -1.63513
110.95 5.03876 0.945673 -1.63346
111 5.03872 0.945671 -1.63266
111.05 5.03869 0.945663 -1.63195
111.1 5.03865 0.945651 -1.63127
111.15 5.03859 0.945632 -1.62974
111.2 5.03851 0.945619 -1.62818
111.25 5.03844 0.945609 -1.62664
111.3 5.03841 0.945601 -1.62594
111.35 5.03838 0.945583 -1.62528
111.4 5.03835 0.94558 -1.62461
111.45 5.03832 0.945566 -1.62395
111.5 5.03826 0.945555 -1.62252
111.55 5.03819 0.945538 -1.62105
111.6 5.03812 0.945516 -1.61958
111.65 5.03809 0.945502 -1.61893
111.7 5.03806 0.945503 -1.61828
111.75 5.03803 0.94549 -1.61764
111.8 5.038 0.945482 -1.617
111.85 5.03797 0.945475 -1.61637
111.9 5.03792 0.945471 -1.61503
111.95 5.03787 0.945455 -1.61369
112 5.0378 0.945441 -1.61233
112.05 5.03774 0.945423 -1.61097
112.1 5.0377 0.945406 -1.61031
112.15 5.03768 0.945397 -1.60971
112.2 5.03765 0.945387 -1.60911
112.25 5.0376 0.945391 -1.60789
112.3 5.03755 0.945385 -1.60666
112.35 5.03749 0.945359 -1.60544
112.4 5.03744 0.945355 -1.6042
112.45 5.0374 0.945347 -1.60357
112.5 5.03736 0.945347 -1.603
112.55 5.03734 0.945339 -1.60244
112.6 5.03731 0.945329 -1.60187
112.65 5.03728 0.94532 -1.60076
112.7 5.03723 0.945303 -1.59963
112.75 5.03718 0.945291 -1.5985
112.8 5.03714 0.945282 -1.59736
112.85 5.03709 0.94527 -1.59622
112.9 5.03707 0.945265 -1.59566
112.95 5.03704 0.945256 -1.59511
113 5.03701 0.945248 -1.59411
113.05 5.03696 0.945233 -1.59308
113.1 5.03691 0.945224 -1.59207
113.15 5.03687 0.945212 -1.59104
113.2 5.03683 0.945205 -1.59001
113.25 5.03678 0.945206 -1.589
113.3 5.03675 0.945195 -1.58844
113.35 5.03672 0.945186 -1.58793
113.4 5.03669 0.945177 -1.58702
113.45 5.03665 0.945168 -1.58607
113.5 5.0366 0.945164 -1.58514
113.55 5.03656 0.945153 -1.58422
113.6 5.03652 0.945139 -1.58328
113.65 5.03648 0.945123 -1.58236
113.7 5.03643 0.945118 -1.58143
113.75 5.0364 0.945093 -1.5809
113.8 5.03638 0.94505 -1.58042
113.85 5.03635 0.945029 -1.57963
113.9 5.03631 0.945014 -1.57881
113.95 5.03627 0.945006 -1.57799
114 5.03623 0.94499 -1.57716
114.05 5.03619 0.94497 -1.57634
