24.55 0 0 0
24.6 0.00245044 0 0
24.65 0.00857655 0 0
24.7 0.0189909 0 -0.00370157
24.75 0.0330809 -5.21552e-05 -5.20417e-18
24.8 0.050234 -5.21552e-05 -5.20417e-18
24.85 0.0710627 -5.21552e-05 -5.20417e-18
24.9 0.0925041 -5.21552e-05 0.00370157
24.95 0.114558 2.9479e-05 0.0185079
25 0.136608 0.000437628 0.025911
25.05 0.158042 0.000993134 0.0296126
25.1 0.179474 0.00162798 0.0407173
25.15 0.200286 0.00247583 0.0481205
25.2 0.221702 0.0035072 0.051822
25.25 0.242503 0.00458611 0.0592252
25.3 0.263907 0.00585524 0.0629268
25.35 0.284694 0.00716506 0.0703299
25.4 0.304861 0.00858569 0.0814346
25.45 0.32501 0.0102302 0.0851362
25.5 0.345153 0.0119492 0.0888378
25.55 0.365289 0.0137428 0.0925394
25.6 0.384809 0.0155543 0.0999425
25.65 0.404314 0.0175103 0.0999425
25.7 0.425039 0.0195885 0.114749
25.75 0.448165 0.0222539 0.136958
25.8 0.47062 0.0253486 0.162869
25.85 0.493591 0.0291233 0.192482
25.9 0.515839 0.0334593 0.218393
25.95 0.538565 0.038503 0.248005
26 0.560538 0.044067 0.273917
26.05 0.58236 0.0501984 0.299828
26.1 0.604015 0.0568931 0.325739
26.15 0.62549 0.0641466 0.35165
26.2 0.646769 0.0719541 0.377561
26.25 0.666701 0.0798585 0.403472
26.3 0.687547 0.0887577 0.429383
26.35 0.707599 0.097939 0.451592
26.4 0.726891 0.107296 0.477503
26.45 0.747022 0.117713 0.503414
26.5 0.765804 0.128056 0.529325
26.55 0.784311 0.138883 0.547833
26.6 0.802614 0.150051 0.573744
26.65 0.820622 0.161689 0.599655
26.7 0.837817 0.173444 0.621865
26.75 0.855244 0.185934 0.647776
26.8 0.872342 0.198872 0.666283
26.85 0.889198 0.212125 0.692194
26.9 0.905233 0.225418 0.714404
26.95 0.920969 0.239064 0.736613
27 0.936398 0.253057 0.758823
27.05 0.951067 0.266967 0.777331
27.1 0.965477 0.281146 0.803242
27.15 0.97994 0.296135 0.825451
27.2 0.993651 0.310991 0.843959
27.25 1.00749 0.326555 0.866168
27.3 1.02019 0.34149 0.888378
27.35 1.03294 0.357179 0.906886
27.4 1.04577 0.373584 0.929095
27.45 1.05751 0.389288 0.951305
27.5 1.06925 0.405747 0.969812
27.55 1.07999 0.42141 0.98832
27.6 1.09111 0.438293 1.00683
27.65 1.10191 0.455379 1.02534
27.7 1.11177 0.471614 1.04384
27.75 1.12193 0.489087 1.06235
27.8 1.13148 0.506211 1.08456
27.85 1.14035 0.523001 1.10307
27.9 1.14919 0.540499 1.11788
27.95 1.1575 0.557575 1.13638
28 1.16601 0.575914 1.15489
28.05 1.17368 0.593285 1.1734
28.1 1.18103 0.610796 1.19191
28.15 1.18828 0.62901 1.20671
28.2 1.19504 0.646756 1.22522
28.25 1.20148 0.664624 1.23633
28.3 1.20771 0.682562 1.25483
28.35 1.21361 0.700613 1.27334
28.4 1.21918 0.71877 1.28445
28.45 1.22454 0.736988 1.30295
28.5 1.22957 0.755302 1.32146
28.55 1.23425 0.773705 1.33257
28.6 1.23859 0.791565 1.34737
28.65 1.24293 0.810681 1.36218
28.7 1.24674 0.828661 1.37699
28.75 1.25028 0.846695 1.39179
28.8 1.25377 0.865985 1.4066
28.85 1.25677 0.884116 1.4214
28.9 1.2596 0.902896 1.43251
28.95 1.26213 0.921099 1.44732
29 1.26447 0.939945 1.45842
29.05 1.26653 0.958207 1.47323
29.1 1.26838 0.977108 1.48433
29.15 1.26997 0.995418 1.49914
29.2 1.27133 1.01436 1.51024
29.25 1.27244 1.0327 1.52505
29.3 1.27328 1.05106 1.53245
29.35 1.27399 1.06943 1.54726
29.4 1.27444 1.08841 1.55836
29.45 1.27467 1.1074 1.56947
29.5 1.2747 1.12517 1.58057
29.55 1.27451 1.14416 1.59168
29.6 1.27411 1.16315 1.60278
29.65 1.27353 1.18151 1.61018
29.7 1.27278 1.20049 1.62129
29.75 1.27185 1.21885 1.6361
29.8 1.27065 1.23719 1.6435
29.85 1.26927 1.25613 1.6546
29.9 1.26773 1.27444 1.66201
29.95 1.266 1.29335 1.67311
30 1.26413 1.31163 1.68051
30.05 1.26205 1.33051 1.69162
30.1 1.25983 1.34876 1.69902
30.15 1.25732 1.3682 1.70643
30.2 1.25484 1.38641 1.71383
30.25 1.25213 1.4052 1.72493
30.3 1.24931 1.42336 1.73234
30.35 1.24616 1.44271 1.73974
30.4 1.24307 1.46083 1.74714
30.45 1.23974 1.47953 1.75825
30.5 1.2362 1.49818 1.76195
30.55 1.23259 1.51683 1.77305
30.6 1.22877 1.53543 1.77676
30.65 1.22489 1.55402 1.78786
30.7 1.2208 1.57257 1.79156
30.75 1.21651 1.5917 1.79897
30.8 1.21221 1.61019 1.80267
30.85 1.20785 1.62868 1.81377
30.9 1.20328 1.64711 1.81747
30.95 1.19849 1.66612 1.82488
31 1.19356 1.68509 1.83228
31.05 1.18865 1.70344 1.83598
31.1 1.18352 1.72236 1.84338
31.15 1.1784 1.74065 1.84709
31.2 1.17306 1.75951 1.85449
31.25 1.16757 1.77833 1.86189
31.3 1.16194 1.79711 1.86189
31.35 1.15632 1.81589 1.8693
31.4 1.15055 1.83462 1.8767
31.45 1.14465 1.85332 1.8767
31.5 1.13874 1.87201 1.8841
31.55 1.13251 1.89124 1.8878
31.6 1.12621 1.91045 1.8915
31.65 1.12023 1.92847 1.89521
31.7 1.11378 1.94763 1.89891
31.75 1.10727 1.96677 1.90261
31.8 1.10068 1.98589 1.90631
31.85 1.09402 2.00497 1.91001
31.9 1.0873 2.02404 1.91371
31.95 1.0805 2.04308 1.91742
32 1.07363 2.06209 1.92112
32.05 1.06669 2.08108 1.92482
32.1 1.05969 2.10004 1.92852
32.15 1.05261 2.11898 1.93222
32.2 1.04524 2.13846 1.93222
32.25 1.03809 2.15737 1.93592
32.3 1.03066 2.17683 1.93592
32.35 1.02322 2.19628 1.94333
32.4 1.01564 2.21568 1.94333
32.45 1.00828 2.23451 1.94703
32.5 1.0004 2.25445 1.95073
32.55 0.992677 2.2738 1.95073
32.6 0.984953 2.29314 1.95073
32.65 0.977001 2.31305 1.95443
32.7 0.969205 2.33237 1.95443
32.75 0.96118 2.35225 1.95813
32.8 0.953081 2.3721 1.96183
32.85 0.945142 2.39136 1.96183
32.9 0.936736 2.41175 1.96183
32.95 0.928564 2.43157 1.96554
33 0.920318 2.45136 1.96183
33.05 0.912146 2.47119 1.96554
33.1 0.903665 2.49155 1.96554
33.15 0.895419 2.51134 1.96924
33.2 0.886862 2.53166 1.96924
33.25 0.878306 2.55199 1.96924
33.3 0.869749 2.57232 1.96924
33.35 0.861193 2.59264 1.96924
33.4 0.852636 2.61297 1.96924
33.45 0.843842 2.63386 1.97294
33.5 0.83521 2.65416 1.97294
33.55 0.826578 2.67445 1.97294
33.6 0.817707 2.69531 1.96924
33.65 0.808913 2.7162 1.97294
33.7 0.800281 2.73649 1.97294
33.75 0.79117 2.75792 1.97294
33.8 0.782058 2.77934 1.97294
33.85 0.773427 2.79963 1.97294
33.9 0.764315 2.82106 1.97294
33.95 0.755204 2.84248 1.97294
34 0.746333 2.86334 1.96924
34.05 0.737301 2.88479 1.96924
34.1 0.728269 2.90625 1.96924
34.15 0.719237 2.9277 1.96924
34.2 0.710205 2.94916 1.96924
34.25 0.700698 2.97174 1.96924
34.3 0.691666 2.9932 1.96924
34.35 0.682396 3.01522 1.96554
34.4 0.673444 3.03671 1.96554
34.45 0.66402 3.05933 1.96554
34.5 0.654832 3.08138 1.96183
34.55 0.645492 3.10404 1.96183
34.6 0.63662 3.12556 1.96183
34.65 0.62728 3.14821 1.96183
34.7 0.618173 3.1703 1.95813
34.75 0.608686 3.19356 1.95443
34.8 0.599514 3.21628 1.95443
34.85 0.590342 3.23901 1.95443
34.9 0.580941 3.2623 1.95073
34.95 0.571854 3.28505 1.95073
35 0.562539 3.30838 1.94703
35.05 0.553535 3.33117 1.94703
35.1 0.544307 3.35453 1.94333
35.15 0.534942 3.37849 1.94333
35.2 0.5258 3.40189 1.93962
35.25 0.516745 3.42532 1.93592
35.3 0.507558 3.44935 1.93592
35.35 0.49837 3.47338 1.93592
35.4 0.489402 3.49685 1.93222
35.45 0.480087 3.52149 1.92852
35.5 0.471078 3.54559 1.92852
35.55 0.461854 3.57026 1.92482
35.6 0.452935 3.5944 1.92482
35.65 0.443802 3.6191 1.92112
35.7 0.434762 3.64385 1.91742
35.75 0.425813 3.66862 1.91371
35.8 0.416956 3.69343 1.91001
35.85 0.40819 3.71827 1.90631
35.9 0.399315 3.74372 1.90631
35.95 0.390642 3.7686 1.90261
36 0.381861 3.79408 1.90261
36.05 0.372881 3.82015 1.89891
36.1 0.364392 3.84508 1.89521
36.15 0.355605 3.87121 1.8915
36.2 0.346914 3.89737 1.8878
36.25 0.338512 3.92299 1.8878
36.3 0.329918 3.94918 1.8841
36.35 0.321422 3.9754 1.8804
36.4 0.313023 4.00166 1.8767
36.45 0.304536 4.02853 1.8693
36.5 0.296249 4.05547 1.8693
36.55 0.288142 4.08182 1.86559
36.6 0.279776 4.10937 1.86189
36.65 0.271864 4.13577 1.85819
36.7 0.263703 4.16339 1.85449
36.75 0.255644 4.19103 1.85079
36.8 0.247856 4.21811 1.85079
36.85 0.240069 4.24519 1.84338
36.9 0.232317 4.27292 1.83968
36.95 0.224505 4.30127 1.83968
37 0.216693 4.32962 1.83228
37.05 0.20925 4.35743 1.82858
37.1 0.20191 4.38528 1.82488
37.15 0.194365 4.41433 1.82117
37.2 0.187231 4.44222 1.81747
37.25 0.179901 4.47133 1.81377
37.3 0.172679 4.50047 1.81007
37.35 0.16571 4.52904 1.80267
37.4 0.158812 4.55825 1.79897
37.45 0.152022 4.58749 1.79526
37.5 0.14534 4.61676 1.79156
37.55 0.138767 4.64605 1.78786
37.6 0.132038 4.67656 1.78416
37.65 0.125682 4.70589 1.78046
37.7 0.119307 4.73585 1.77305
37.75 0.113154 4.76586 1.77305
37.8 0.107001 4.79587 1.76565
37.85 0.100952 4.82652 1.76195
37.9 0.0950156 4.85719 1.75825
37.95 0.0893074 4.88729 1.75084
38 0.0837125 4.91802 1.74714
38.05 0.0781239 4.94939 1.73974
38.1 0.0727677 4.98079 1.73974
38.15 0.0675144 5.01159 1.73604
38.2 0.0622744 5.04301 1.72864
38.25 0.0572672 5.07447 1.72123
38.3 0.0524012 5.10657 1.71753
38.35 0.0478332 5.13748 1.71383
38.4 0.043205 5.16961 1.71013
38.45 0.0386107 5.20237 1.70272
38.5 0.0343396 5.23456 1.69902
38.55 0.0301877 5.26676 1.69532
38.6 0.026155 5.29898 1.69162
38.65 0.0221678 5.33182 1.68422
38.7 0.0184238 5.36469 1.67681
38.75 0.014988 5.39697 1.67311
38.8 0.0115467 5.43049 1.66941
38.85 0.00828971 5.46341 1.66201
38.9 0.00522076 5.49696 1.65831
38.95 0.00227603 5.53053 1.6546
39 -0.000544438 5.5641 1.6435
39.05 -0.0029919 5.59771 1.6398
39.1 -0.00531495 5.63132 1.6361
39.15 -0.00755353 5.66555 1.62869
39.2 -0.00957408 5.70042 1.62499
39.25 -0.0113992 5.73406 1.62129
39.3 -0.0131307 5.76832 1.61389
39.35 -0.0146349 5.80321 1.61018
39.4 -0.0159858 5.83749 1.60278
39.45 -0.0171221 5.873 1.59538
39.5 -0.0179804 5.90791 1.59168
39.55 -0.0187095 5.94282 1.58798
39.6 -0.0193198 5.97835 1.58057
39.65 -0.0196672 6.01388 1.57317
39.7 -0.01975 6.0488 1.56947
39.75 -0.0197028 6.08433 1.56206
39.8 -0.0193926 6.11986 1.55466
39.85 -0.0188094 6.156 1.55096
39.9 -0.0181046 6.19152 1.54356
39.95 -0.0171035 6.22826 1.53615
40 -0.0158516 6.26439 1.53245
40.05 -0.0144426 6.30112 1.52505
40.1 -0.0127896 6.33722 1.52135
40.15 -0.0109728 6.37393 1.51394
40.2 -0.00888422 6.41063 1.50654
40.25 -0.00652402 6.44731 1.49914
40.3 -0.00389234 6.48397 1.49173
40.35 -0.000940941 6.52123 1.48803
40.4 0.00209769 6.55786 1.48063
40.45 0.00551775 6.59568 1.47323
40.5 0.00915807 6.63288 1.46953
40.55 0.012936 6.67005 1.45842
40.6 0.0171266 6.70719 1.45472
40.65 0.0215256 6.74491 1.44732
40.7 0.0262791 6.78321 1.44361
40.75 0.0310967 6.82089 1.43621
40.8 0.0361931 6.85853 1.42881
40.85 0.0416547 6.89673 1.42511
40.9 0.0472577 6.93492 1.414
40.95 0.0532843 6.97304 1.4103
41 0.059452 7.01114 1.3992
41.05 0.0660424 7.04917 1.39549
41.1 0.0728804 7.08777 1.38809
41.15 0.080004 7.12633 1.38069
41.2 0.0874128 7.16483 1.37328
41.25 0.0952266 7.20387 1.36958
41.3 0.103062 7.24229 1.36218
41.35 0.111309 7.28125 1.35107
41.4 0.119988 7.32011 1.34737
41.45 0.128947 7.35954 1.33997
41.5 0.137917 7.3977 1.33257
41.55 0.147458 7.43699 1.32516
41.6 0.15729 7.47621 1.31776
41.65 0.167412 7.51536 1.31036
41.7 0.177824 7.55443 1.30295
41.75 0.188524 7.59342 1.29555
41.8 0.199846 7.63351 1.28815
41.85 0.211122 7.67233 1.28074
41.9 0.222861 7.71166 1.27704
41.95 0.234746 7.75095 1.26594
42 0.24725 7.79069 1.25854
42.05 0.260047 7.83033 1.25113
42.1 0.273138 7.86988 1.24373
42.15 0.286521 7.90933 1.23633
42.2 0.300196 7.94868 1.22892
42.25 0.314162 7.98792 1.22152
42.3 0.328418 8.02706 1.21412
42.35 0.343391 8.06725 1.20671
42.4 0.358225 8.10618 1.19931
42.45 0.373791 8.14613 1.19191
42.5 0.389427 8.1854 1.1808
42.55 0.40573 8.22507 1.1734
42.6 0.422326 8.26461 1.166
42.65 0.439215 8.30403 1.15859
42.7 0.456395 8.34332 1.15119
42.75 0.473866 8.38248 1.14379
42.8 0.492133 8.42263 1.13638
42.85 0.510181 8.46153 1.12898
42.9 0.528779 8.50084 1.11788
42.95 0.548081 8.54051 1.11047
43 0.567675 8.58002 1.10307
43.05 0.587285 8.61885 1.09196
43.1 0.607608 8.65799 1.08456
43.15 0.628219 8.69699 1.07716
43.2 0.649119 8.73583 1.06976
43.25 0.670306 8.77452 1.06235
43.3 0.692077 8.81358 1.05125
43.35 0.71428 8.8524 1.04755
43.4 0.736627 8.89114 1.03644
43.45 0.759715 8.93015 1.02904
43.5 0.782459 8.96794 1.02163
43.55 0.806121 9.00661 1.01423
43.6 0.829746 9.04458 1.00313
43.65 0.854449 9.08332 0.992022
43.7 0.879247 9.12127 0.984619
43.75 0.904324 9.15904 0.977216
43.8 0.930023 9.19712 0.966111
43.85 0.955795 9.23442 0.958708
43.9 0.982547 9.27252 0.951305
43.95 1.00887 9.30943 0.943901
44 1.03618 9.34714 0.936498
44.05 1.06341 9.38415 0.925394
44.1 1.09141 9.42134 0.91799
44.15 1.11932 9.45784 0.906886
44.2 1.14801 9.49451 0.899483
44.25 1.17735 9.53144 0.888378
44.3 1.20672 9.56757 0.880975
44.35 1.23635 9.60349 0.873572
44.4 1.26663 9.63965 0.862467
44.45 1.29732 9.67547 0.851362
44.5 1.328 9.71049 0.843959
44.55 1.35975 9.7462 0.836556
44.6 1.39136 9.78122 0.825451
44.65 1.42377 9.81633 0.818048
44.7 1.45602 9.85076 0.806943
44.75 1.48907 9.88527 0.79954
44.8 1.52238 9.91953 0.792137
44.85 1.55594 9.95354 0.777331
44.9 1.59 9.98706 0.769927
44.95 1.62474 10.0207 0.758823
45 1.65942 10.0536 0.75142
45.05 1.69478 10.0867 0.740315
45.1 1.73096 10.1197 0.732912
45.15 1.76693 10.1521 0.721807
45.2 1.8028 10.1837 0.714404
45.25 1.83982 10.2158 0.707001
45.3 1.87662 10.2472 0.695896
45.35 1.9147 10.279 0.684791
45.4 1.95219 10.3096 0.673687
45.45 1.99049 10.3402 0.666283
45.5 2.02902 10.3705 0.65888
45.55 2.06777 10.4005 0.644074
45.6 2.10696 10.4299 0.636671
45.65 2.14686 10.4594 0.625566
45.7 2.18708 10.4885 0.614461
45.75 2.22713 10.5168 0.607058
45.8 2.26788 10.5451 0.595953
45.85 2.30895 10.5729 0.584849
45.9 2.35083 10.6006 0.577446
45.95 2.39241 10.6277 0.566341
46 2.43428 10.6544 0.555236
46.05 2.47697 10.6808 0.547833
46.1 2.51933 10.7067 0.536728
46.15 2.56303 10.7327 0.525624
46.2 2.60595 10.7576 0.514519
46.25 2.64968 10.7823 0.507116
46.3 2.69359 10.8067 0.492309
46.35 2.73786 10.8304 0.484906
46.4 2.78285 10.8541 0.473802
46.45 2.82755 10.8771 0.466398
46.5 2.87296 10.8999 0.455294
46.55 2.91863 10.9223 0.444189
46.6 2.96454 10.9441 0.433084
46.65 3.01014 10.9652 0.425681
46.7 3.05645 10.9862 0.414576
46.75 3.10299 11.0067 0.403472
46.8 3.14975 11.0267 0.392367
46.85 3.19673 11.0461 0.381262
46.9 3.24393 11.065 0.370157
46.95 3.2919 11.0836 0.355351
47 3.34015 11.1015 0.347948
47.05 3.38795 11.1189 0.336843
47.1 3.43594 11.1357 0.325739
47.15 3.48527 11.1523 0.314634
47.2 3.53362 11.1681 0.303529
47.25 3.58273 11.1835 0.296126
47.3 3.63195 11.1985 0.28132
47.35 3.68138 11.2128 0.273917
47.4 3.73092 11.2267 0.25911
47.45 3.78067 11.2399 0.251707
47.5 3.8305 11.2527 0.236901
47.55 3.88053 11.2648 0.229498
47.6 3.93123 11.2766 0.218393
47.65 3.98147 11.2878 0.203587
47.7 4.03187 11.2982 0.196183
47.75 4.08294 11.3083 0.185079
47.8 4.13412 11.3179 0.173974
47.85 4.1848 11.3268 0.159168
47.9 4.23561 11.335 0.151765
47.95 4.28709 11.3428 0.14066
48 4.33864 11.3501 0.129555
48.05 4.38967 11.3568 0.114749
48.1 4.4414 11.3627 0.103644
48.15 4.49319 11.3681 0.0925394
48.2 4.54443 11.3729 0.0851362
48.25 4.59632 11.3773 0.0740315
48.3 4.64763 11.3811 0.0592252
48.35 4.69962 11.3842 0.0481205
48.4 4.75163 11.3867 0.0370157
48.45 4.80366 11.3886 0.025911
48.5 4.85572 11.39 0.0148063
48.55 4.90778 11.3907 0.00370157
48.6 4.95986 11.3909 -0.00740315
48.65 5.01131 11.3906 -0.0222094
48.7 5.06337 11.3894 -0.0333142
48.75 5.11542 11.3877 -0.0444189
48.8 5.16744 11.3854 -0.0555236
48.85 5.21943 11.3825 -0.0666283
48.9 5.27077 11.379 -0.0814346
48.95 5.32267 11.3748 -0.0925394
49 5.37452 11.37 -0.103644
49.05 5.42631 11.3646 -0.114749
49.1 5.47743 11.3587 -0.129555
49.15 5.52907 11.352 -0.14066
49.2 5.58063 11.3447 -0.151765
49.25 5.6315 11.3369 -0.159168
49.3 5.6823 11.3288 -0.173974
49.35 5.73359 11.3197 -0.185079
49.4 5.78417 11.3103 -0.199885
49.45 5.83521 11.2999 -0.21099
49.5 5.88612 11.289 -0.222094
49.55 5.93572 11.2778 -0.233199
49.6 5.98638 11.2658 -0.244304
49.65 6.03631 11.2533 -0.25911
49.7 6.08606 11.2402 -0.273917
49.75 6.1356 11.2262 -0.28132
49.8 6.18503 11.212 -0.296126
49.85 6.23367 11.1971 -0.307231
49.9 6.2833 11.1814 -0.318335
49.95 6.33159 11.1655 -0.32944
50 6.38028 11.1488 -0.344246
50.05 6.42815 11.1316 -0.355351
50.1 6.47639 11.1137 -0.370157
50.15 6.52379 11.0953 -0.381262
50.2 6.57156 11.0762 -0.396068
50.25 6.61847 11.0566 -0.407173
50.3 6.66516 11.0364 -0.418278
50.35 6.71162 11.0158 -0.429383
50.4 6.75785 10.9946 -0.440487
50.45 6.80385 10.9729 -0.451592
50.5 6.8496 10.9508 -0.4701
50.55 6.89438 10.928 -0.477503
50.6 6.93954 10.9046 -0.488608
50.65 6.9839 10.8811 -0.503414
50.7 7.02843 10.8565 -0.514519
50.75 7.07216 10.8318 -0.529325
50.8 7.11552 10.8064 -0.544131
50.85 7.1585 10.7804 -0.551535
50.9 7.20129 10.7541 -0.566341
50.95 7.24316 10.7275 -0.577446
51 7.28525 10.7001 -0.592252
51.05 7.32642 10.6724 -0.603357
51.1 7.36728 10.6442 -0.614461
51.15 7.40833 10.6152 -0.629268
51.2 7.44795 10.5864 -0.644074
51.25 7.48763 10.5566 -0.655179
51.3 7.52698 10.5264 -0.666283
51.35 7.5655 10.4961 -0.68109
51.4 7.60405 10.4648 -0.692194
51.45 7.64131 10.434 -0.703299
51.5 7.67869 10.4023 -0.718105
51.55 7.7156 10.37 -0.732912
51.6 7.75157 10.3376 -0.744016
51.65 7.78763 10.3044 -0.758823
51.7 7.82274 10.2711 -0.769927
51.75 7.85749 10.2375 -0.781032
51.8 7.89186 10.2034 -0.792137
51.85 7.92585 10.1689 -0.803242
51.9 7.95903 10.1345 -0.818048
51.95 7.99212 10.0992 -0.829153
52 8.02439 10.064 -0.843959
52.05 8.05615 10.0283 -0.858765
52.1 8.08737 9.99211 -0.866168
52.15 8.11832 9.9557 -0.880975
52.2 8.14834 9.91932 -0.892079
52.25 8.17795 9.8826 -0.910587
52.3 8.20688 9.84534 -0.921692
52.35 8.2354 9.80777 -0.932797
52.4 8.26313 9.77037 -0.947603
52.45 8.29066 9.73206 -0.958708
52.5 8.31741 9.69396 -0.973514
52.55 8.34359 9.65546 -0.980917
52.6 8.36949 9.61677 -0.995724
52.65 8.39448 9.57821 -1.00683
52.7 8.41937 9.53886 -1.02163
52.75 8.44335 9.49967 -1.03274
52.8 8.46658 9.46075 -1.04755
52.85 8.48954 9.42095 -1.05865
52.9 8.51176 9.38143 -1.07346
52.95 8.53368 9.34105 -1.08456
53 8.55486 9.30097 -1.09937
53.05 8.57517 9.26113 -1.11047
53.1 8.59531 9.22052 -1.12528
53.15 8.61458 9.18016 -1.13638
53.2 8.6334 9.13959 -1.14749
53.25 8.65152 9.09938 -1.16229
53.3 8.66929 9.05834 -1.1734
53.35 8.68636 9.01767 -1.18821
53.4 8.70305 8.97618 -1.19931
53.45 8.71884 8.93565 -1.21041
53.5 8.73439 8.89438 -1.22522
53.55 8.74913 8.85345 -1.23633
53.6 8.76341 8.81237 -1.24743
53.65 8.77723 8.77113 -1.25854
53.7 8.7904 8.73032 -1.27334
53.75 8.80315 8.68873 -1.28445
53.8 8.81526 8.6476 -1.29925
53.85 8.8266 8.60687 -1.31036
53.9 8.83764 8.56544 -1.32516
53.95 8.84792 8.52444 -1.33627
54 8.85774 8.48332 -1.34737
54.05 8.86711 8.4421 -1.35848
54.1 8.87589 8.40138 -1.37328
54.15 8.88418 8.35993 -1.38439
54.2 8.8919 8.319 -1.3992
54.25 8.89891 8.27856 -1.4103
54.3 8.90547 8.23804 -1.4214
54.35 8.91167 8.19684 -1.43621
54.4 8.91718 8.15617 -1.44732
54.45 8.92216 8.11605 -1.46212
54.5 8.92654 8.07585 -1.46953
54.55 8.93063 8.03563 -1.48433
54.6 8.93418 7.99474 -1.49544
54.65 8.93717 7.95503 -1.50654
54.7 8.93973 7.91529 -1.51765
54.75 8.94181 7.87614 -1.53245
54.8 8.94334 7.83635 -1.54356
54.85 8.94442 7.79655 -1.55466
54.9 8.94506 7.75734 -1.56947
54.95 8.94511 7.71814 -1.57687
55 8.94487 7.67893 -1.59168
55.05 8.94407 7.64034 -1.60278
55.1 8.94283 7.60177 -1.61389
55.15 8.94117 7.56321 -1.62499
55.2 8.93911 7.52528 -1.6398
55.25 8.93645 7.48678 -1.6509
55.3 8.93346 7.44953 -1.66201
55.35 8.93 7.41171 -1.67681
55.4 8.92605 7.37455 -1.68792
55.45 8.92168 7.33744 -1.69902
55.5 8.9169 7.30037 -1.71013
55.55 8.91171 7.26337 -1.72123
55.6 8.9062 7.22702 -1.72864
55.65 8.90042 7.19072 -1.74344
55.7 8.89422 7.15512 -1.75455
55.75 8.88739 7.11838 -1.76565
55.8 8.88039 7.08292 -1.77676
55.85 8.873 7.04754 -1.78786
55.9 8.86548 7.01344 -1.79897
55.95 8.8573 6.97823 -1.81007
56 8.84874 6.94312 -1.82117
56.05 8.84008 6.90929 -1.83228
56.1 8.83106 6.87555 -1.84338
56.15 8.82166 6.84193 -1.85449
56.2 8.81188 6.8084 -1.86559
56.25 8.80174 6.77499 -1.8767
56.3 8.79122 6.74169 -1.8878
56.35 8.78053 6.7091 -1.89521
56.4 8.76959 6.67658 -1.91001
56.45 8.75818 6.64423 -1.91742
56.5 8.74673 6.61254 -1.92852
56.55 8.73493 6.58098 -1.93962
56.6 8.72278 6.54955 -1.95073
56.65 8.71029 6.51826 -1.96183
56.7 8.69791 6.48824 -1.97294
56.75 8.68473 6.45724 -1.98404
56.8 8.67144 6.42694 -1.99145
56.85 8.65818 6.3973 -2.00255
56.9 8.6446 6.36781 -2.01366
56.95 8.63068 6.33848 -2.02476
57 8.61671 6.30985 -2.03216
57.05 8.60226 6.28077 -2.04327
57.1 8.58776 6.25241 -2.05067
57.15 8.57277 6.22361 -2.06178
57.2 8.55804 6.19605 -2.07288
57.25 8.54301 6.16867 -2.08399
57.3 8.52737 6.14091 -2.09139
57.35 8.51183 6.11381 -2.10249
57.4 8.4963 6.08741 -2.1099
57.45 8.48026 6.0606 -2.121
57.5 8.46424 6.03449 -2.12841
57.55 8.44836 6.00902 -2.13951
57.6 8.43186 5.98321 -2.14691
57.65 8.41551 5.95803 -2.15802
57.7 8.39854 5.93253 -2.16542
57.75 8.38172 5.90767 -2.17653
57.8 8.36498 5.8835 -2.18393
57.85 8.34771 5.85895 -2.19503
57.9 8.33052 5.83509 -2.20244
57.95 8.31352 5.81185 -2.21354
58 8.29589 5.78831 -2.22094
58.05 8.27809 5.7649 -2.22835
58.1 8.2605 5.74211 -2.23945
58.15 8.24303 5.72 -2.24686
58.2 8.22463 5.69707 -2.25426
58.25 8.20683 5.67522 -2.26166
58.3 8.18848 5.65302 -2.27277
58.35 8.17029 5.63151 -2.28017
58.4 8.15193 5.61013 -2.28757
58.45 8.13382 5.58934 -2.29868
58.5 8.11548 5.56876 -2.30238
58.55 8.09706 5.54825 -2.31348
58.6 8.07801 5.52749 -2.32089
58.65 8.05963 5.50777 -2.32829
58.7 8.04111 5.48818 -2.33569
58.75 8.02245 5.46874 -2.3431
58.8 8.00364 5.44943 -2.3505
58.85 7.98469 5.43026 -2.3579
58.9 7.96559 5.41123 -2.36531
58.95 7.94636 5.39235 -2.37271
59 7.92787 5.37446 -2.38011
59.05 7.90836 5.35586 -2.38752
59.1 7.8896 5.33824 -2.39492
59.15 7.87072 5.32077 -2.40232
59.2 7.85125 5.30302 -2.40602
59.25 7.83218 5.28575 -2.41343
59.3 7.81297 5.26863 -2.42083
59.35 7.79364 5.25165 -2.42823
59.4 7.77419 5.23481 -2.43564
59.45 7.75554 5.21892 -2.44304
59.5 7.73584 5.20237 -2.45044
59.55 7.71648 5.18636 -2.45414
59.6 7.69754 5.17081 -2.46155
59.65 7.67801 5.15501 -2.46525
59.7 7.6589 5.13968 -2.47265
59.75 7.63968 5.12448 -2.48005
59.8 7.62035 5.10943 -2.48746
59.85 7.60041 5.09414 -2.49116
59.9 7.5814 5.07968 -2.49486
59.95 7.56233 5.06528 -2.50597
60 7.54311 5.05109 -2.50967
60.05 7.52333 5.03662 -2.51707
60.1 7.50395 5.02265 -2.52077
60.15 7.48502 5.00911 -2.52818
60.2 7.46548 4.99535 -2.53188
60.25 7.4464 4.98202 -2.53928
60.3 7.42721 4.96884 -2.53928
60.35 7.40803 4.95565 -2.54668
60.4 7.38875 4.9426 -2.55409
60.45 7.36989 4.93004 -2.55779
60.5 7.35097 4.91754 -2.56149
60.55 7.3315 4.90478 -2.56889
60.6 7.31245 4.8925 -2.57259
60.65 7.29336 4.88029 -2.5763
60.7 7.27422 4.86815 -2.58
60.75 7.25503 4.85607 -2.5837
60.8 7.23632 4.8444 -2.5911
60.85 7.21753 4.83286 -2.5911
60.9 7.19821 4.82101 -2.5948
60.95 7.17937 4.80954 -2.60221
61 7.16097 4.79853 -2.60591
61.05 7.14201 4.78727 -2.60591
61.1 7.12304 4.77601 -2.61331
61.15 7.10452 4.7652 -2.61701
61.2 7.08597 4.75447 -2.62071
61.25 7.06737 4.7438 -2.62442
61.3 7.04873 4.73319 -2.62812
61.35 7.03005 4.72266 -2.63182
61.4 7.01187 4.7125 -2.63182
61.45 6.99316 4.70204 -2.63552
61.5 6.9744 4.69164 -2.63922
61.55 6.95669 4.68191 -2.64292
61.6 6.93786 4.67165 -2.64663
61.65 6.92007 4.66205 -2.65033
61.7 6.9017 4.65222 -2.65033
61.75 6.88388 4.64269 -2.65403
61.8 6.86547 4.63293 -2.65403
61.85 6.84761 4.62346 -2.65773
61.9 6.82972 4.61405 -2.66143
61.95 6.81124 4.60443 -2.66143
62 6.79331 4.5951 -2.66513
62.05 6.77535 4.58582 -2.66884
62.1 6.7579 4.5769 -2.66884
62.15 6.7399 4.56769 -2.67254
62.2 6.72241 4.55883 -2.67254
62.25 6.70438 4.54969 -2.67624
62.3 6.68741 4.54117 -2.67994
62.35 6.66986 4.53244 -2.67994
62.4 6.6523 4.52371 -2.67994
62.45 6.63475 4.51497 -2.67994
62.5 6.6172 4.50624 -2.68734
62.55 6.60014 4.49791 -2.68364
62.6 6.5831 4.48951 -2.68734
62.65 6.56549 4.48091 -2.68734
62.7 6.54842 4.47258 -2.69104
62.75 6.53133 4.46431 -2.68734
62.8 6.51426 4.45597 -2.69104
62.85 6.49717 4.44771 -2.69475
62.9 6.48059 4.43976 -2.69475
62.95 6.46346 4.43156 -2.69104
63 6.44637 4.42329 -2.69475
63.05 6.4298 4.41535 -2.69475
63.1 6.41322 4.4074 -2.69475
63.15 6.39665 4.39946 -2.69475
63.2 6.38007 4.39152 -2.69475
63.25 6.3635 4.38358 -2.69475
63.3 6.34693 4.37564 -2.69475
63.35 6.3309 4.36796 -2.69845
63.4 6.3143 4.36008 -2.69845
63.45 6.2977 4.3522 -2.69845
63.5 6.28165 4.34458 -2.69475
63.55 6.26563 4.3369 -2.69845
63.6 6.24958 4.32929 -2.69475
63.65 6.23356 4.32161 -2.69845
63.7 6.21751 4.31399 -2.69475
63.75 6.20149 4.30632 -2.69845
63.8 6.18544 4.2987 -2.69475
63.85 6.16997 4.29129 -2.69475
63.9 6.15395 4.28361 -2.69104
63.95 6.1385 4.27614 -2.69104
64 6.12306 4.26867 -2.69104
64.05 6.10762 4.2612 -2.69104
64.1 6.09163 4.25346 -2.68734
64.15 6.07622 4.24594 -2.68734
64.2 6.0608 4.23841 -2.68734
64.25 6.04539 4.23088 -2.68734
64.3 6.03052 4.22363 -2.68364
64.35 6.01514 4.21604 -2.68364
64.4 6.0003 4.20873 -2.67994
64.45 5.98495 4.20109 -2.67994
64.5 5.97014 4.19372 -2.67624
64.55 5.95481 4.18602 -2.67624
64.6 5.94057 4.17888 -2.67624
64.65 5.92579 4.17146 -2.67254
64.7 5.91049 4.1637 -2.67254
64.75 5.89574 4.15622 -2.66884
64.8 5.88156 4.14897 -2.66884
64.85 5.86683 4.14144 -2.66513
64.9 5.85268 4.13413 -2.66513
64.95 5.83798 4.12655 -2.66143
65 5.82331 4.11891 -2.65773
65.05 5.80921 4.1115 -2.65773
65.1 5.79565 4.10437 -2.65403
65.15 5.78104 4.09663 -2.65033
65.2 5.76699 4.08911 -2.65033
65.25 5.75241 4.08131 -2.64663
65.3 5.73893 4.07403 -2.64292
65.35 5.72494 4.06642 -2.64292
65.4 5.71149 4.05909 -2.63922
65.45 5.697 4.05113 -2.63552
65.5 5.6836 4.0437 -2.63182
65.55 5.67023 4.03623 -2.62812
65.6 5.65636 4.02841 -2.62812
65.65 5.64302 4.02088 -2.62442
65.7 5.62971 4.01331 -2.62071
65.75 5.61642 4.00569 -2.61701
65.8 5.60317 3.99802 -2.61331
65.85 5.58994 3.9903 -2.60961
65.9 5.57674 3.98253 -2.60591
65.95 5.56357 3.97471 -2.60221
66 5.55043 3.96685 -2.59851
66.05 5.53784 3.95925 -2.59851
66.1 5.52473 3.95133 -2.5948
66.15 5.51217 3.94369 -2.5874
66.2 5.49915 3.93563 -2.5837
66.25 5.48668 3.92785 -2.5837
66.3 5.4742 3.92006 -2.5763
66.35 5.46127 3.91186 -2.57259
66.4 5.4494 3.90427 -2.56889
66.45 5.43653 3.89597 -2.56519
66.5 5.42471 3.88829 -2.56149
66.55 5.41242 3.88023 -2.55409
66.6 5.40018 3.87208 -2.55409
66.65 5.38845 3.86427 -2.55038
66.7 5.37625 3.85608 -2.54298
66.75 5.36461 3.84814 -2.53928
66.8 5.35249 3.83981 -2.53928
66.85 5.34037 3.83148 -2.53188
66.9 5.32882 3.82341 -2.52818
66.95 5.3173 3.8153 -2.52447
67 5.30581 3.80714 -2.52077
67.05 5.29435 3.79895 -2.50967
67.1 5.28298 3.79062 -2.50597
67.15 5.27164 3.78226 -2.50226
67.2 5.26034 3.77385 -2.49856
67.25 5.24906 3.7654 -2.49486
67.3 5.2383 3.75728 -2.48746
67.35 5.22712 3.74871 -2.48376
67.4 5.21646 3.74047 -2.47635
67.45 5.20537 3.73177 -2.47265
67.5 5.1948 3.72341 -2.46525
67.55 5.18429 3.71498 -2.46525
67.6 5.17378 3.70654 -2.45785
67.65 5.16286 3.69764 -2.45414
67.7 5.15244 3.68909 -2.44674
67.75 5.14256 3.68085 -2.44304
67.8 5.13177 3.67179 -2.43934
67.85 5.12148 3.66308 -2.43193
67.9 5.11172 3.6547 -2.42823
67.95 5.10153 3.64588 -2.42083
68 5.09186 3.63739 -2.41713
68.05 5.08177 3.62846 -2.40972
68.1 5.0722 3.61986 -2.40602
68.15 5.06221 3.61082 -2.39862
68.2 5.05273 3.60212 -2.39492
68.25 5.04284 3.59296 -2.38752
68.3 5.03391 3.58457 -2.38011
68.35 5.0246 3.5757 -2.37641
68.4 5.01488 3.56636 -2.36901
68.45 5.00566 3.55738 -2.36531
68.5 4.99692 3.5488 -2.3579
68.55 4.98781 3.53972 -2.3542
68.6 4.97873 3.5306 -2.3431
68.65 4.96975 3.52139 -2.3394
68.7 4.96124 3.51258 -2.33199
68.75 4.95236 3.50327 -2.32829
68.8 4.94395 3.49436 -2.32089
68.85 4.93518 3.48495 -2.31719
68.9 4.92686 3.47596 -2.30978
68.95 4.9186 3.4669 -2.30238
69 4.91042 3.45778 -2.29498
69.05 4.9019 3.44815 -2.29127
69.1 4.89381 3.43894 -2.28387
69.15 4.8862 3.43014 -2.28017
69.2 4.87822 3.42084 -2.27277
69.25 4.87031 3.41148 -2.26536
69.3 4.86246 3.40207 -2.25796
69.35 4.85508 3.39307 -2.25426
69.4 4.84734 3.38357 -2.24686
69.45 4.83968 3.37401 -2.23945
69.5 4.83284 3.36536 -2.23205
69.55 4.82532 3.35569 -2.22465
69.6 4.81824 3.34645 -2.22094
69.65 4.81082 3.3367 -2.21354
69.7 4.80421 3.32787 -2.20614
69.75 4.79694 3.31801 -2.19874
69.8 4.7901 3.30859 -2.19503
69.85 4.78366 3.29965 -2.18763
69.9 4.77657 3.28965 -2.18023
69.95 4.77026 3.28061 -2.17282
70 4.76367 3.27102 -2.16912
70.05 4.75711 3.2614 -2.15802
70.1 4.751 3.25222 -2.15061
70.15 4.74462 3.24248 -2.14691
70.2 4.73862 3.23323 -2.13951
70.25 4.73268 3.22394 -2.13211
70.3 4.72681 3.21461 -2.1247
70.35 4.72069 3.20471 -2.121
70.4 4.71492 3.19531 -2.1136
70.45 4.70922 3.18587 -2.1062
70.5 4.7036 3.17638 -2.09879
70.55 4.69804 3.16686 -2.09139
70.6 4.69256 3.15729 -2.08399
70.65 4.68714 3.14769 -2.07658
70.7 4.6818 3.13804 -2.06918
70.75 4.67682 3.12889 -2.06548
70.8 4.67188 3.11973 -2.05437
70.85 4.66675 3.10996 -2.04697
70.9 4.6617 3.10016 -2.03957
70.95 4.65699 3.09087 -2.03587
71 4.65232 3.08156 -2.02476
71.05 4.64775 3.0722 -2.02106
71.1 4.64296 3.06228 -2.01366
71.15 4.63876 3.05342 -2.00625
71.2 4.6341 3.04342 -1.99885
71.25 4.63004 3.0345 -1.99145
71.3 4.62553 3.02444 -1.98404
71.35 4.6216 3.01546 -1.97664
71.4 4.61748 3.00589 -1.97294
71.45 4.61341 2.99631 -1.96183
71.5 4.60967 2.98725 -1.95443
71.55 4.606 2.97816 -1.94703
71.6 4.60195 2.9679 -1.93962
71.65 4.59842 2.95876 -1.93222
71.7 4.59495 2.94959 -1.92482
71.75 4.59155 2.9404 -1.91742
71.8 4.58822 2.93118 -1.91001
71.85 4.58496 2.92194 -1.90261
71.9 4.58157 2.91209 -1.89891
71.95 4.57841 2.90281 -1.8915
72 4.57552 2.89409 -1.8804
72.05 4.57253 2.88475 -1.873
72.1 4.56961 2.8754 -1.86559
72.15 4.56676 2.86602 -1.85819
72.2 4.56416 2.85721 -1.85449
72.25 4.56142 2.8478 -1.84709
72.3 4.55874 2.83837 -1.83968
72.35 4.5563 2.82951 -1.82858
72.4 4.55396 2.82062 -1.82488
72.45 4.55149 2.81113 -1.81747
72.5 4.5494 2.80282 -1.81007
72.55 4.54708 2.79329 -1.80267
72.6 4.54497 2.78435 -1.79156
72.65 4.54295 2.77539 -1.78786
72.7 4.54097 2.76641 -1.77676
72.75 4.53909 2.75742 -1.77305
72.8 4.53737 2.74902 -1.76565
72.85 4.53547 2.7394 -1.75825
72.9 4.53388 2.73097 -1.75084
72.95 4.53234 2.72253 -1.74344
73 4.53066 2.71288 -1.73604
73.05 4.52925 2.70442 -1.72864
73.1 4.5279 2.69595 -1.72123
73.15 4.52661 2.68747 -1.71383
73.2 4.5253 2.67837 -1.71013
73.25 4.52411 2.66988 -1.70272
73.3 4.5229 2.66077 -1.69162
73.35 4.52187 2.65226 -1.68422
73.4 4.5209 2.64374 -1.67681
73.45 4.52005 2.63582 -1.67311
73.5 4.51918 2.62729 -1.66571
73.55 4.51837 2.61875 -1.65831
73.6 4.51762 2.6102 -1.6509
73.65 4.51693 2.60165 -1.6435
73.7 4.51631 2.5931 -1.6361
73.75 4.51579 2.58515 -1.62499
73.8 4.51536 2.5772 -1.62129
73.85 4.51492 2.56864 -1.61389
73.9 4.51455 2.56007 -1.60648
73.95 4.51427 2.55211 -1.60278
74 4.51402 2.54415 -1.59168
74.05 4.51385 2.53619 -1.58798
74.1 4.51371 2.52822 -1.57687
74.15 4.51366 2.52026 -1.57317
74.2 4.51364 2.51168 -1.56577
74.25 4.51368 2.50433 -1.55836
74.3 4.51379 2.49576 -1.55096
74.35 4.51393 2.48841 -1.54356
74.4 4.51415 2.48045 -1.53985
74.45 4.5144 2.47248 -1.52875
74.5 4.5147 2.46514 -1.52135
74.55 4.5151 2.45719 -1.51765
74.6 4.51549 2.44984 -1.51024
74.65 4.51597 2.4419 -1.50654
74.7 4.51648 2.43395 -1.49544
74.75 4.51704 2.42662 -1.48803
74.8 4.51764 2.41929 -1.48063
74.85 4.51836 2.41136 -1.47693
74.9 4.51905 2.40404 -1.46953
74.95 4.51979 2.39673 -1.46212
75 4.52059 2.38942 -1.45472
75.05 4.52137 2.38273 -1.45102
75.1 4.52225 2.37543 -1.44361
75.15 4.52318 2.36814 -1.43621
75.2 4.52417 2.36085 -1.42881
75.25 4.52521 2.35357 -1.4214
75.3 4.52621 2.34691 -1.4177
75.35 4.52733 2.33964 -1.4103
75.4 4.52851 2.33239 -1.4029
75.45 4.52963 2.32574 -1.3992
75.5 4.53089 2.3185 -1.39179
75.55 4.5322 2.31127 -1.38439
75.6 4.53345 2.30464 -1.38069
75.65 4.53472 2.29803 -1.36958
75.7 4.53607 2.29142 -1.36588
75.75 4.53756 2.28423 -1.35848
75.8 4.53898 2.27764 -1.35478
75.85 4.5403 2.27166 -1.34737
75.9 4.54192 2.26449 -1.33997
75.95 4.54347 2.25793 -1.33627
76 4.54489 2.25197 -1.32887
76.05 4.54665 2.24483 -1.32146
76.1 4.54831 2.2383 -1.31776
76.15 4.54985 2.23237 -1.31036
76.2 4.55158 2.22586 -1.30666
76.25 4.55318 2.21994 -1.29925
76.3 4.55499 2.21345 -1.29555
76.35 4.55665 2.20756 -1.28815
76.4 4.55853 2.20109 -1.28445
76.45 4.56026 2.19521 -1.27704
76.5 4.56222 2.18876 -1.27334
76.55 4.56401 2.1829 -1.26594
76.6 4.56585 2.17706 -1.25854
76.65 4.56792 2.17065 -1.25483
76.7 4.56982 2.16482 -1.24743
76.75 4.57177 2.15901 -1.24003
76.8 4.57396 2.15264 -1.23633
76.85 4.57577 2.14743 -1.23262
76.9 4.5778 2.14165 -1.22522
76.95 4.57988 2.13589 -1.21782
77 4.58199 2.13014 -1.21782
77.05 4.58411 2.12439 -1.21041
77.1 4.58627 2.11866 -1.20301
77.15 4.58825 2.11352 -1.19931
77.2 4.59048 2.10781 -1.19191
77.25 4.59252 2.10269 -1.18821
77.3 4.59503 2.09643 -1.1845
77.35 4.59711 2.09133 -1.1808
77.4 4.59944 2.08566 -1.1734
77.45 4.60157 2.08058 -1.1697
77.5 4.60373 2.0755 -1.166
77.55 4.60614 2.06987 -1.15859
77.6 4.60835 2.06482 -1.15489
77.65 4.61058 2.05977 -1.15119
77.7 4.61307 2.05418 -1.14379
77.75 4.61535 2.04916 -1.14008
77.8 4.61766 2.04415 -1.13638
77.85 4.61998 2.03915 -1.13268
77.9 4.62206 2.03471 -1.12528
77.95 4.62443 2.02974 -1.12158
78 4.62683 2.02477 -1.11788
78.05 4.62924 2.01981 -1.11417
78.1 4.63167 2.01486 -1.11047
78.15 4.63412 2.00992 -1.10677
78.2 4.63631 2.00554 -1.09937
78.25 4.63882 2.00063 -1.09567
78.3 4.64134 1.99573 -1.09196
78.35 4.64388 1.99083 -1.08826
78.4 4.64615 1.98649 -1.08086
78.45 4.64875 1.98163 -1.07716
78.5 4.65136 1.97677 -1.07346
78.55 4.6537 1.97246 -1.07346
78.6 4.65604 1.96816 -1.06605
78.65 4.6587 1.96333 -1.06235
78.7 4.66139 1.95852 -1.05865
78.75 4.66349 1.95478 -1.05495
78.8 4.66621 1.94998 -1.05125
78.85 4.66834 1.94626 -1.04755
78.9 4.67109 1.94148 -1.04384
78.95 4.67386 1.93672 -1.04014
79 4.67603 1.93302 -1.03644
79.05 4.67884 1.92827 -1.03274
79.1 4.68104 1.92459 -1.02904
79.15 4.68388 1.91987 -1.02534
79.2 4.68611 1.9162 -1.02163
79.25 4.68867 1.91202 -1.02163
79.3 4.69122 1.90784 -1.01423
79.35 4.69381 1.90368 -1.01423
79.4 4.69608 1.90004 -1.01053
79.45 4.69901 1.89537 -1.00683
79.5 4.7013 1.89174 -1.00313
79.55 4.70394 1.88761 -1.00313
79.6 4.70624 1.884 -0.999425
79.65 4.70889 1.87987 -0.992022
79.7 4.71157 1.87577 -0.992022
79.75 4.71392 1.87218 -0.98832
79.8 4.71661 1.86809 -0.98832
79.85 4.71897 1.86451 -0.984619
79.9 4.72135 1.86094 -0.980917
79.95 4.72407 1.85686 -0.980917
80 4.72646 1.8533 -0.977216
80.05 4.72886 1.84974 -0.973514
80.1 4.73161 1.84569 -0.973514
80.15 4.73402 1.84215 -0.969812
80.2 4.73645 1.83861 -0.966111
80.25 4.73889 1.83508 -0.962409
80.3 4.74169 1.83106 -0.962409
80.35 4.74414 1.82754 -0.958708
80.4 4.7466 1.82403 -0.955006
80.45 4.74873 1.82103 -0.955006
80.5 4.75156 1.81703 -0.955006
80.55 4.75403 1.81353 -0.951305
80.6 4.75652 1.81004 -0.947603
80.65 4.75867 1.80705 -0.947603
80.7 4.76117 1.80357 -0.943901
80.75 4.76405 1.7996 -0.943901
80.8 4.7662 1.79663 -0.943901
80.85 4.76872 1.79315 -0.9402
80.9 4.77125 1.78969 -0.936498
80.95 4.77342 1.78673 -0.936498
81 4.77597 1.78327 -0.932797
81.05 4.77816 1.78032 -0.932797
81.1 4.78107 1.77638 -0.932797
81.15 4.78326 1.77343 -0.932797
81.2 4.78582 1.76999 -0.929095
81.25 4.78802 1.76704 -0.929095
81.3 4.79058 1.76361 -0.925394
81.35 4.7928 1.76067 -0.925394
81.4 4.79501 1.75773 -0.925394
81.45 4.79759 1.75431 -0.921692
81.5 4.79981 1.75138 -0.921692
81.55 4.80203 1.74845 -0.921692
81.6 4.80462 1.74504 -0.91799
81.65 4.80685 1.74212 -0.91799
81.7 4.80909 1.7392 -0.91799
81.75 4.81132 1.73628 -0.91799
81.8 4.81355 1.73336 -0.91799
81.85 4.81616 1.72995 -0.914289
81.9 4.8184 1.72704 -0.914289
81.95 4.82064 1.72413 -0.914289
82 4.82289 1.72122 -0.914289
82.05 4.82513 1.7183 -0.914289
82.1 4.82737 1.71539 -0.914289
82.15 4.82962 1.71248 -0.914289
82.2 4.83186 1.70957 -0.914289
82.25 4.8341 1.70666 -0.914289
82.3 4.83635 1.70375 -0.914289
82.35 4.83859 1.70083 -0.914289
82.4 4.84084 1.69792 -0.914289
82.45 4.84308 1.69501 -0.914289
82.5 4.84532 1.6921 -0.914289
82.55 4.84719 1.68967 -0.910587
82.6 4.84945 1.68677 -0.910587
82.65 4.8517 1.68387 -0.910587
82.7 4.85395 1.68096 -0.910587
82.75 4.85583 1.67854 -0.914289
82.8 4.85808 1.67563 -0.914289
82.85 4.86032 1.67272 -0.914289
82.9 4.86219 1.67029 -0.910587
82.95 4.86444 1.66739 -0.910587
83 4.86632 1.66497 -0.914289
83.05 4.86857 1.66206 -0.914289
83.1 4.87081 1.65915 -0.914289
83.15 4.87268 1.65672 -0.91799
83.2 4.87454 1.65429 -0.914289
83.25 4.87678 1.65138 -0.914289
83.3 4.87865 1.64895 -0.91799
83.35 4.88088 1.64603 -0.91799
83.4 4.88275 1.6436 -0.921692
83.45 4.8846 1.64116 -0.91799
83.5 4.88646 1.63872 -0.921692
83.55 4.88868 1.6358 -0.921692
83.6 4.89053 1.63336 -0.925394
83.65 4.89237 1.63091 -0.921692
83.7 4.89422 1.62847 -0.925394
83.75 4.89644 1.62553 -0.925394
83.8 4.89828 1.62309 -0.929095
83.85 4.90011 1.62063 -0.925394
83.9 4.90195 1.61819 -0.929095
83.95 4.90379 1.61573 -0.932797
84 4.90598 1.61278 -0.932797
84.05 4.90744 1.61081 -0.932797
84.1 4.90963 1.60786 -0.932797
84.15 4.91145 1.6054 -0.936498
84.2 4.9129 1.60342 -0.936498
84.25 4.91472 1.60096 -0.9402
84.3 4.91688 1.59799 -0.9402
84.35 4.91869 1.59551 -0.943901
84.4 4.92013 1.59353 -0.943901
84.45 4.92192 1.59105 -0.947603
84.5 4.92407 1.58806 -0.947603
84.55 4.9255 1.58607 -0.947603
84.6 4.92729 1.58359 -0.951305
84.65 4.92871 1.58159 -0.951305
84.7 4.93049 1.5791 -0.955006
84.75 4.93226 1.5766 -0.958708
84.8 4.93367 1.57459 -0.958708
84.85 4.93543 1.57209 -0.962409
84.9 4.93753 1.56907 -0.962409
84.95 4.93893 1.56706 -0.962409
85 4.94068 1.56454 -0.966111
85.05 4.94207 1.56253 -0.966111
85.1 4.94381 1.56001 -0.969812
85.15 4.94554 1.55748 -0.973514
85.2 4.94692 1.55546 -0.973514
85.25 4.94865 1.55292 -0.977216
85.3 4.95002 1.55089 -0.977216
85.35 4.95139 1.54886 -0.984619
85.4 4.95308 1.54631 -0.98832
85.45 4.95443 1.54426 -0.98832
85.5 4.95611 1.54171 -0.992022
85.55 4.95745 1.53965 -0.992022
85.6 4.95913 1.53709 -0.995724
85.65 4.96046 1.53503 -0.995724
85.7 4.96213 1.53246 -0.999425
85.75 4.96345 1.5304 -1.00683
85.8 4.96476 1.52833 -1.00683
85.85 4.9664 1.52574 -1.01053
85.9 4.9677 1.52367 -1.01053
85.95 4.96933 1.52107 -1.01423
86 4.9703 1.51951 -1.01793
86.05 4.97191 1.5169 -1.02163
86.1 4.97319 1.51481 -1.02163
86.15 4.97447 1.51272 -1.02904
86.2 4.97573 1.51062 -1.02904
86.25 4.97731 1.508 -1.03274
86.3 4.97857 1.5059 -1.03274
86.35 4.97982 1.50379 -1.04014
86.4 4.98106 1.50168 -1.04014
86.45 4.9823 1.49956 -1.04755
86.5 4.98353 1.49744 -1.04755
86.55 4.98475 1.49532 -1.04755
86.6 4.98598 1.4932 -1.05495
86.65 4.98719 1.49107 -1.05495
86.7 4.98839 1.48893 -1.06235
86.75 4.98959 1.48679 -1.06235
86.8 4.99078 1.48465 -1.06976
86.85 4.99196 1.4825 -1.06976
86.9 4.99313 1.48035 -1.07716
86.95 4.9943 1.4782 -1.07716
87 4.99517 1.47658 -1.08086
87.05 4.99661 1.47388 -1.08456
87.1 4.99747 1.47225 -1.08826
87.15 4.99889 1.46954 -1.09196
87.2 4.99973 1.46791 -1.09567
87.25 5.00086 1.46573 -1.09567
87.3 5.00198 1.46355 -1.10307
87.35 5.00308 1.46136 -1.10307
87.4 5.00391 1.45972 -1.10677
87.45 5.00501 1.45753 -1.11417
87.5 5.00609 1.45533 -1.11417
87.55 5.00717 1.45313 -1.12158
87.6 5.00797 1.45147 -1.12528
87.65 5.00902 1.44926 -1.12528
87.7 5.01008 1.44705 -1.13268
87.75 5.01086 1.44539 -1.13638
87.8 5.01189 1.44317 -1.13638
87.85 5.01292 1.44094 -1.14379
87.9 5.01368 1.43927 -1.14749
87.95 5.01469 1.43704 -1.14749
88 5.01569 1.4348 -1.15489
88.05 5.01644 1.43312 -1.15859
88.1 5.01717 1.43144 -1.16229
88.15 5.0179 1.42975 -1.166
88.2 5.01911 1.42693 -1.1697
88.25 5.01983 1.42524 -1.1734
88.3 5.02054 1.42355 -1.1771
88.35 5.02148 1.42128 -1.1845
88.4 5.02217 1.41958 -1.18821
88.45 5.02309 1.41731 -1.18821
88.5 5.02377 1.4156 -1.19191
88.55 5.02468 1.41333 -1.19931
88.6 5.02534 1.41161 -1.20301
88.65 5.02601 1.4099 -1.20671
88.7 5.02666 1.40818 -1.21041
88.75 5.02752 1.40589 -1.21782
88.8 5.02816 1.40416 -1.22152
88.85 5.029 1.40186 -1.22152
88.9 5.02963 1.40014 -1.22522
88.95 5.03025 1.39841 -1.22892
89 5.03107 1.3961 -1.23633
89.05 5.03167 1.39436 -1.24003
89.1 5.03227 1.39262 -1.24373
89.15 5.03286 1.39088 -1.24743
89.2 5.03345 1.38914 -1.25113
89.25 5.03422 1.38681 -1.25854
89.3 5.03478 1.38507 -1.26224
89.35 5.03534 1.38331 -1.26594
89.4 5.03589 1.38156 -1.26964
89.45 5.03644 1.37981 -1.27334
89.5 5.03697 1.37805 -1.27704
89.55 5.03768 1.3757 -1.28445
89.6 5.0382 1.37394 -1.28815
89.65 5.03872 1.37218 -1.29185
89.7 5.03922 1.37041 -1.29555
89.75 5.03955 1.36923 -1.30295
89.8 5.04004 1.36746 -1.30666
89.85 5.04052 1.36568 -1.31036
89.9 5.04099 1.36391 -1.31406
89.95 5.04146 1.36213 -1.31776
90 5.04207 1.35976 -1.32516
90.05 5.04252 1.35797 -1.32887
90.1 5.04296 1.35619 -1.33257
90.15 5.04339 1.3544 -1.33627
90.2 5.04368 1.35321 -1.34367
90.25 5.04409 1.35142 -1.34737
90.3 5.0445 1.34963 -1.35107
90.35 5.0449 1.34784 -1.35478
90.4 5.04529 1.34604 -1.35848
90.45 5.04568 1.34424 -1.36218
90.5 5.04594 1.34305 -1.36958
90.55 5.0463 1.34125 -1.37328
90.6 5.04666 1.33944 -1.37699
90.65 5.04702 1.33764 -1.38069
90.7 5.04737 1.33584 -1.38439
90.75 5.04759 1.33463 -1.39179
90.8 5.04792 1.33282 -1.39549
90.85 5.04824 1.33101 -1.3992
90.9 5.04855 1.3292 -1.4029
90.95 5.04876 1.32799 -1.4103
91 5.04905 1.32618 -1.414
91.05 5.04934 1.32436 -1.4177
91.1 5.04962 1.32255 -1.4214
91.15 5.0498 1.32134 -1.42881
91.2 5.05006 1.31952 -1.43251
91.25 5.05032 1.3177 -1.43621
91.3 5.05048 1.31648 -1.44361
91.35 5.05071 1.31466 -1.44732
91.4 5.05086 1.31344 -1.44732
91.45 5.05101 1.31223 -1.45472
91.5 5.05123 1.3104 -1.45842
91.55 5.05143 1.30858 -1.46212
91.6 5.05157 1.30736 -1.46953
91.65 5.05175 1.30553 -1.47323
91.7 5.05193 1.3037 -1.47693
91.75 5.05205 1.30248 -1.48433
91.8 5.0522 1.30065 -1.48803
91.85 5.05231 1.29943 -1.48803
91.9 5.05241 1.29821 -1.49544
91.95 5.05255 1.29638 -1.49914
92 5.05268 1.29454 -1.50284
92.05 5.05276 1.29332 -1.51024
92.1 5.05287 1.29149 -1.51394
92.15 5.05291 1.29087 -1.51765
92.2 5.053 1.28904 -1.52135
92.25 5.05309 1.2872 -1.52505
92.3 5.05315 1.28598 -1.53245
92.35 5.05322 1.28414 -1.53615
92.4 5.05324 1.28353 -1.53985
92.45 5.0533 1.28169 -1.54356
92.5 5.05335 1.27986 -1.54726
92.55 5.05338 1.27863 -1.55466
92.6 5.0534 1.27741 -1.55466
92.65 5.05342 1.27618 -1.56206
92.7 5.05343 1.27434 -1.56577
92.75 5.05344 1.27312 -1.57317
92.8 5.05344 1.27189 -1.57317
92.85 5.05343 1.27067 -1.58057
92.9 5.05342 1.26883 -1.58427
92.95 5.05341 1.26822 -1.58798
93 5.05338 1.26638 -1.59168
93.05 5.05334 1.26454 -1.59538
93.1 5.05332 1.26393 -1.59908
93.15 5.05327 1.26209 -1.60278
93.2 5.05323 1.26087 -1.61018
93.25 5.05318 1.25964 -1.61018
93.3 5.05314 1.25842 -1.61759
93.35 5.05305 1.25658 -1.62129
93.4 5.05302 1.25597 -1.62499
93.45 5.05292 1.25414 -1.62869
93.5 5.05285 1.25291 -1.6361
93.55 5.05277 1.25169 -1.6361
93.6 5.05269 1.25047 -1.6435
93.65 5.0526 1.24925 -1.6435
93.7 5.05251 1.24802 -1.6509
93.75 5.05236 1.24619 -1.6546
93.8 5.05231 1.24558 -1.65831
93.85 5.05215 1.24375 -1.66201
93.9 5.0521 1.24314 -1.66571
93.95 5.05198 1.24192 -1.67311
94 5.05185 1.2407 -1.67311
94.05 5.05173 1.23948 -1.68051
94.1 5.05153 1.23766 -1.68422
94.15 5.05146 1.23705 -1.68792
94.2 5.05124 1.23522 -1.69162
94.25 5.05117 1.23462 -1.69532
94.3 5.05094 1.23279 -1.69902
94.35 5.05086 1.23218 -1.70272
94.4 5.05062 1.23036 -1.70643
94.45 5.05054 1.22976 -1.71013
94.5 5.05037 1.22854 -1.71753
94.55 5.05019 1.22733 -1.71753
94.6 5.05001 1.22612 -1.72493
94.65 5.04982 1.22491 -1.72493
94.7 5.04973 1.2243 -1.72864
94.75 5.04944 1.22249 -1.73234
94.8 5.04934 1.22188 -1.73604
94.85 5.04914 1.22067 -1.74344
94.9 5.04893 1.21947 -1.74344
94.95 5.04872 1.21826 -1.75084
95 5.0485 1.21705 -1.75084
95.05 5.04839 1.21645 -1.75455
95.1 5.04805 1.21464 -1.75825
95.15 5.04794 1.21404 -1.76195
95.2 5.04782 1.21344 -1.76565
95.25 5.04747 1.21164 -1.76935
95.3 5.04735 1.21104 -1.77305
95.35 5.04698 1.20924 -1.77676
95.4 5.04685 1.20864 -1.78046
95.45 5.0466 1.20744 -1.78046
95.5 5.04647 1.20684 -1.78416
95.55 5.04621 1.20564 -1.79156
95.6 5.04594 1.20445 -1.79156
95.65 5.04581 1.20385 -1.79526
95.7 5.0454 1.20206 -1.79897
95.75 5.04526 1.20146 -1.80267
95.8 5.04512 1.20086 -1.80637
95.85 5.04469 1.19908 -1.81007
95.9 5.04454 1.19848 -1.81377
95.95 5.04425 1.19729 -1.81377
96 5.0441 1.1967 -1.81747
96.05 5.0438 1.19551 -1.82488
96.1 5.0435 1.19432 -1.82488
96.15 5.04334 1.19373 -1.82858
96.2 5.04303 1.19255 -1.82858
96.25 5.04287 1.19195 -1.83228
96.3 5.04256 1.19077 -1.83968
96.35 5.04223 1.18959 -1.83968
96.4 5.04207 1.189 -1.84338
96.45 5.04174 1.18782 -1.84338
96.5 5.04157 1.18723 -1.84709
96.55 5.04124 1.18605 -1.85449
96.6 5.0409 1.18487 -1.85449
96.65 5.04072 1.18429 -1.85819
96.7 5.04038 1.18311 -1.85819
96.75 5.0402 1.18252 -1.86189
96.8 5.04003 1.18194 -1.86559
96.85 5.03967 1.18076 -1.86559
96.9 5.03949 1.18018 -1.8693
96.95 5.03895 1.17842 -1.873
97 5.03877 1.17784 -1.8767
97.05 5.03859 1.17725 -1.8804
97.1 5.03821 1.17609 -1.8804
97.15 5.03803 1.1755 -1.8841
97.2 5.03765 1.17434 -1.8841
97.25 5.03746 1.17375 -1.8878
97.3 5.03727 1.17317 -1.8915
97.35 5.03688 1.17201 -1.8915
97.4 5.03669 1.17143 -1.89521
97.45 5.0363 1.17027 -1.89521
97.5 5.0361 1.16969 -1.89891
97.55 5.03591 1.16911 -1.90261
97.6 5.03551 1.16795 -1.90261
97.65 5.03531 1.16737 -1.90631
97.7 5.0349 1.16621 -1.90631
97.75 5.0347 1.16563 -1.91001
97.8 5.0345 1.16506 -1.91371
97.85 5.03409 1.1639 -1.91371
97.9 5.03388 1.16332 -1.91742
97.95 5.03346 1.16217 -1.91742
98 5.03326 1.1616 -1.92112
98.05 5.03305 1.16102 -1.92482
98.1 5.03262 1.15987 -1.92482
98.15 5.03241 1.1593 -1.92852
98.2 5.03198 1.15815 -1.92852
98.25 5.03177 1.15758 -1.93222
98.3 5.03155 1.157 -1.92852
98.35 5.03133 1.15643 -1.93222
98.4 5.03112 1.15586 -1.93592
98.45 5.03068 1.15471 -1.93592
98.5 5.03046 1.15414 -1.93962
98.55 5.03002 1.153 -1.93962
98.6 5.0298 1.15242 -1.94333
98.65 5.02958 1.15185 -1.94703
98.7 5.02935 1.15128 -1.94333
98.75 5.02913 1.15071 -1.94703
98.8 5.02868 1.14957 -1.94703
98.85 5.02845 1.149 -1.95073
98.9 5.028 1.14787 -1.95073
98.95 5.028 1.14787 -1.95073
99 5.02777 1.1473 -1.95443
99.05 5.02731 1.14616 -1.95443
99.1 5.02708 1.14559 -1.95813
99.15 5.02662 1.14446 -1.95813
99.2 5.02662 1.14446 -1.95813
99.25 5.02616 1.14332 -1.95813
99.3 5.02593 1.14276 -1.96183
99.35 5.02569 1.14219 -1.96554
99.4 5.02546 1.14163 -1.96183
99.45 5.02522 1.14106 -1.96554
99.5 5.02475 1.13993 -1.96554
99.55 5.02475 1.13993 -1.96554
99.6 5.02428 1.1388 -1.96554
99.65 5.02405 1.13823 -1.96924
99.7 5.02357 1.1371 -1.96924
99.75 5.02357 1.1371 -1.96924
99.8 5.0231 1.13597 -1.96924
99.85 5.02286 1.13541 -1.97294
99.9 5.02286 1.13541 -1.97294
99.95 5.02238 1.13428 -1.97294
100 5.02214 1.13372 -1.97664
100.05 5.0219 1.13315 -1.97294
100.1 5.02166 1.13259 -1.97664
100.15 5.02141 1.13203 -1.97294
100.2 5.02117 1.13146 -1.97664
100.25 5.02069 1.13034 -1.97664
100.3 5.02069 1.13034 -1.97664
100.35 5.02021 1.12921 -1.97664
100.4 5.01997 1.12865 -1.98034
100.45 5.01972 1.12809 -1.97664
100.5 5.01948 1.12752 -1.98034
100.55 5.01924 1.12696 -1.97664
100.6 5.01899 1.1264 -1.98034
100.65 5.01899 1.1264 -1.98034
100.7 5.01851 1.12528 -1.98034
100.75 5.01851 1.12528 -1.98034
100.8 5.01802 1.12415 -1.98034
100.85 5.01777 1.12359 -1.98404
100.9 5.01753 1.12303 -1.98034
100.95 5.01728 1.12247 -1.98404
101 5.01704 1.12191 -1.98034
101.05 5.01679 1.12134 -1.98404
101.1 5.01655 1.12078 -1.98034
101.15 5.0163 1.12022 -1.98404
101.2 5.01606 1.11966 -1.98034
101.25 5.01581 1.1191 -1.98404
101.3 5.01557 1.11854 -1.98034
101.35 5.01532 1.11798 -1.98404
101.4 5.01508 1.11741 -1.98034
101.45 5.01508 1.11741 -1.98034
101.5 5.01459 1.11629 -1.98034
101.55 5.01459 1.11629 -1.98034
101.6 5.0141 1.11517 -1.98034
101.65 5.0141 1.11517 -1.98034
101.7 5.01361 1.11404 -1.98034
101.75 5.01337 1.11348 -1.97664
101.8 5.01337 1.11348 -1.97664
101.85 5.01289 1.11235 -1.97664
101.9 5.01289 1.11235 -1.97664
101.95 5.0124 1.11123 -1.97664
102 5.0124 1.11123 -1.97664
102.05 5.01216 1.11067 -1.97294
102.1 5.01192 1.1101 -1.97664
102.15 5.01168 1.10954 -1.97294
102.2 5.01144 1.10898 -1.97664
102.25 5.0112 1.10841 -1.97294
102.3 5.0112 1.10841 -1.97294
102.35 5.01072 1.10729 -1.97294
102.4 5.01072 1.10729 -1.97294
102.45 5.01048 1.10672 -1.96924
102.5 5.01 1.10559 -1.96924
102.55 5.01 1.10559 -1.96924
102.6 5.00977 1.10503 -1.96554
102.65 5.00953 1.10446 -1.96924
102.7 5.00929 1.1039 -1.96554
102.75 5.00929 1.1039 -1.96554
102.8 5.00906 1.10333 -1.96183
102.85 5.00882 1.10277 -1.96554
102.9 5.00859 1.1022 -1.96183
102.95 5.00859 1.1022 -1.96183
103 5.00812 1.10107 -1.96183
103.05 5.00789 1.1005 -1.95813
103.1 5.00789 1.1005 -1.95813
103.15 5.00766 1.09993 -1.95443
103.2 5.00743 1.09937 -1.95813
103.25 5.0072 1.0988 -1.95443
103.3 5.0072 1.0988 -1.95443
103.35 5.00697 1.09823 -1.95073
103.4 5.00651 1.09709 -1.95073
103.45 5.00651 1.09709 -1.95073
103.5 5.00628 1.09652 -1.94703
103.55 5.00628 1.09652 -1.94703
103.6 5.00606 1.09595 -1.94333
103.65 5.00584 1.09538 -1.94703
103.7 5.00561 1.09481 -1.94333
103.75 5.00539 1.09424 -1.93962
103.8 5.00539 1.09424 -1.93962
103.85 5.00517 1.09367 -1.93592
103.9 5.00495 1.0931 -1.93962
103.95 5.00473 1.09253 -1.93592
104 5.00451 1.09196 -1.93222
104.05 5.00451 1.09196 -1.93222
104.1 5.00429 1.09138 -1.92852
104.15 5.00429 1.09138 -1.92852
104.2 5.00408 1.09081 -1.92482
104.25 5.00365 1.08966 -1.92482
104.3 5.00365 1.08966 -1.92482
104.35 5.00344 1.08909 -1.92112
104.4 5.00344 1.08909 -1.92112
104.45 5.00323 1.08851 -1.91742
104.5 5.00302 1.08793 -1.91371
104.55 5.00302 1.08793 -1.91371
104.6 5.00282 1.08736 -1.91001
104.65 5.00261 1.08678 -1.91371
104.7 5.00241 1.0862 -1.91001
104.75 5.0022 1.08562 -1.90631
104.8 5.0022 1.08562 -1.90631
104.85 5.002 1.08505 -1.90261
104.9 5.002 1.08505 -1.90261
104.95 5.0018 1.08447 -1.89891
105 5.0016 1.08389 -1.89521
105.05 5.0016 1.08389 -1.89521
105.1 5.00141 1.08331 -1.8915
105.15 5.00141 1.08331 -1.8915
105.2 5.00122 1.08272 -1.8878
105.25 5.00083 1.08156 -1.8878
105.3 5.00083 1.08156 -1.8878
105.35 5.00064 1.08098 -1.8841
105.4 5.00045 1.0804 -1.8804
105.45 5.00045 1.0804 -1.8804
105.5 5.00027 1.07981 -1.8767
105.55 5.00027 1.07981 -1.8767
105.6 5.00008 1.07923 -1.873
105.65 4.9999 1.07864 -1.8693
105.7 4.9999 1.07864 -1.8693
105.75 4.99972 1.07806 -1.86559
105.8 4.99954 1.07747 -1.86189
105.85 4.99954 1.07747 -1.86189
105.9 4.99937 1.07688 -1.85819
105.95 4.99937 1.07688 -1.85819
106 4.99919 1.0763 -1.85449
106.05 4.99902 1.07571 -1.85079
106.1 4.99902 1.07571 -1.85079
106.15 4.99885 1.07512 -1.84709
106.2 4.99869 1.07453 -1.84338
106.25 4.99869 1.07453 -1.84338
106.3 4.99852 1.07394 -1.83968
106.35 4.99852 1.07394 -1.83968
106.4 4.99836 1.07335 -1.83598
106.45 4.9982 1.07276 -1.83228
106.5 4.9982 1.07276 -1.83228
106.55 4.99804 1.07217 -1.82858
106.6 4.99804 1.07217 -1.82117
106.65 4.99804 1.07217 -1.82117
106.7 4.99789 1.07157 -1.81747
106.75 4.99774 1.07098 -1.81377
106.8 4.99774 1.07098 -1.81377
106.85 4.99759 1.07039 -1.81007
106.9 4.99759 1.07039 -1.81007
106.95 4.99744 1.06979 -1.80637
107 4.9973 1.06919 -1.80267
107.05 4.9973 1.06919 -1.80267
107.1 4.99716 1.0686 -1.79897
107.15 4.99702 1.068 -1.79526
107.2 4.99702 1.068 -1.79526
107.25 4.99689 1.0674 -1.79156
107.3 4.99675 1.06681 -1.78786
107.35 4.99688 1.0674 -1.78416
107.4 4.99675 1.06681 -1.78046
107.45 4.99675 1.06681 -1.78046
107.5 4.99663 1.06621 -1.77676
107.55 4.9965 1.06561 -1.77305
107.6 4.9965 1.06561 -1.77305
107.65 4.99638 1.06501 -1.76935
107.7 4.99626 1.06441 -1.76565
107.75 4.99626 1.06441 -1.76565
107.8 4.99614 1.06381 -1.76195
107.85 4.99614 1.06381 -1.75455
107.9 4.99614 1.06381 -1.75455
107.95 4.99603 1.0632 -1.75084
108 4.99603 1.0632 -1.75084
108.05 4.99592 1.0626 -1.74714
108.1 4.99581 1.062 -1.74344
108.15 4.99581 1.062 -1.74344
108.2 4.9957 1.06139 -1.73974
108.25 4.9956 1.06079 -1.73604
108.3 4.9957 1.06139 -1.73234
108.35 4.9956 1.06079 -1.72864
108.4 4.9956 1.06079 -1.72864
108.45 4.99551 1.06018 -1.72493
108.5 4.99541 1.05958 -1.72123
108.55 4.99541 1.05958 -1.72123
108.6 4.99532 1.05897 -1.71753
108.65 4.99532 1.05897 -1.71013
108.7 4.99532 1.05897 -1.71013
108.75 4.99524 1.05837 -1.70643
108.8 4.99524 1.05837 -1.70643
108.85 4.99515 1.05776 -1.70272
108.9 4.99507 1.05715 -1.69902
108.95 4.99507 1.05715 -1.69902
109 4.99507 1.05715 -1.69162
109.05 4.995 1.05654 -1.68792
109.1 4.995 1.05654 -1.68792
109.15 4.99493 1.05594 -1.68422
109.2 4.99493 1.05594 -1.68422
109.25 4.99486 1.05533 -1.68051
109.3 4.99486 1.05533 -1.67311
109.35 4.99486 1.05533 -1.67311
109.4 4.9948 1.05472 -1.66941
109.45 4.99474 1.05411 -1.66571
109.55 4.99468 1.0535 -1.66201
109.6 4.99473 1.05411 -1.65831
109.65 4.99468 1.0535 -1.6546
109.7 4.99463 1.05289 -1.6509
109.75 4.99463 1.05289 -1.6509
109.8 4.99458 1.05228 -1.6472
109.85 4.99458 1.05228 -1.6472
109.9 4.99458 1.05228 -1.6398
109.95 4.99454 1.05167 -1.6361
110 4.99454 1.05167 -1.6361
110.05 4.9945 1.05105 -1.63239
110.1 4.9945 1.05105 -1.63239
110.15 4.99446 1.05044 -1.62869
110.2 4.99446 1.05044 -1.62129
110.25 4.99446 1.05044 -1.62129
110.3 4.99443 1.04983 -1.61759
110.35 4.99443 1.04983 -1.61759
110.4 4.9944 1.04922 -1.61389
110.45 4.9944 1.04922 -1.60648
110.5 4.9944 1.04922 -1.60648
110.55 4.99438 1.04861 -1.60278
110.6 4.99438 1.04861 -1.60278
110.65 4.99436 1.04799 -1.59908
110.7 4.99436 1.04799 -1.59908
110.75 4.99436 1.04799 -1.59168
110.8 4.99435 1.04738 -1.58798
110.85 4.99435 1.04738 -1.58798
110.9 4.99434 1.04677 -1.58427
110.95 4.99434 1.04677 -1.58427
111 4.99434 1.04677 -1.57687
111.05 4.99434 1.04677 -1.57687
111.1 4.99433 1.04616 -1.57317
111.15 4.99433 1.04554 -1.56947
111.2 4.99433 1.04554 -1.56947
111.25 4.99433 1.04554 -1.56206
111.3 4.99433 1.04554 -1.56206
111.35 4.99434 1.04493 -1.55836
111.4 4.99434 1.04493 -1.55836
111.45 4.99434 1.04432 -1.55466
111.5 4.99434 1.04432 -1.55466
111.55 4.99434 1.04432 -1.54726
111.6 4.99436 1.04371 -1.54356
111.65 4.99436 1.04371 -1.54356
111.7 4.99437 1.04309 -1.53985
111.75 4.99437 1.04309 -1.53985
111.8 4.99437 1.04309 -1.53245
111.85 4.99437 1.04309 -1.53245
111.9 4.9944 1.04248 -1.52875
111.95 4.9944 1.04248 -1.52875
112 4.99442 1.04187 -1.52505
112.05 4.99442 1.04187 -1.52505
112.1 4.99442 1.04187 -1.51765
112.15 4.99442 1.04187 -1.51765
112.2 4.99446 1.04126 -1.51394
112.25 4.99446 1.04126 -1.51394
112.3 4.99449 1.04065 -1.51024
112.35 4.99445 1.04126 -1.50654
112.4 4.99449 1.04065 -1.50284
112.45 4.99449 1.04065 -1.50284
112.5 4.99453 1.04004 -1.49914
112.55 4.99453 1.04004 -1.49914
112.6 4.99458 1.03943 -1.49544
112.65 4.99453 1.04004 -1.49173
112.7 4.99458 1.03943 -1.48803
112.75 4.99458 1.03943 -1.48803
112.8 4.99463 1.03881 -1.48433
112.85 4.99463 1.03881 -1.48433
112.9 4.99468 1.0382 -1.48063
112.95 4.99463 1.03881 -1.47693
113 4.99469 1.0382 -1.47323
113.05 4.99469 1.0382 -1.47323
113.1 4.99475 1.03759 -1.46953
113.15 4.99475 1.03759 -1.46953
113.2 4.99481 1.03699 -1.46582
113.25 4.99474 1.03759 -1.46212
113.3 4.99481 1.03699 -1.45842
113.35 4.99481 1.03699 -1.45842
113.4 4.99488 1.03638 -1.45472
113.45 4.99488 1.03638 -1.45472
113.5 4.99495 1.03577 -1.45102
113.55 4.99488 1.03638 -1.44732
113.6 4.99488 1.03638 -1.44732
113.65 4.99495 1.03577 -1.44361
113.7 4.99495 1.03577 -1.44361
113.75 4.99503 1.03516 -1.43991
113.8 4.99503 1.03516 -1.43991
113.85 4.99511 1.03455 -1.43621
113.9 4.99503 1.03516 -1.43251
113.95 4.99511 1.03455 -1.42881
114 4.99511 1.03455 -1.42881
114.05 4.99511 1.03455 -1.42881
114.1 4.9952 1.03395 -1.42511
114.15 4.9952 1.03395 -1.42511
114.2 4.99529 1.03334 -1.4214
114.25 4.9952 1.03395 -1.4177
114.3 4.99529 1.03334 -1.414
114.35 4.99529 1.03334 -1.414
114.4 4.99529 1.03334 -1.414
114.45 4.99539 1.03274 -1.4103
114.5 4.99539 1.03274 -1.4103
114.55 4.99548 1.03213 -1.4066
114.6 4.99548 1.03213 -1.4066
114.65 4.99538 1.03274 -1.4029
114.7 4.99549 1.03213 -1.3992
114.75 4.99549 1.03213 -1.3992
114.8 4.99549 1.03213 -1.3992
114.85 4.99559 1.03153 -1.39549
114.9 4.99559 1.03153 -1.39549
114.95 4.9957 1.03093 -1.39179
115 4.9957 1.03093 -1.39179
115.05 4.99559 1.03153 -1.38809
115.1 4.9957 1.03093 -1.38439
115.15 4.9957 1.03093 -1.38439
115.2 4.9957 1.03093 -1.38439
115.25 4.99581 1.03032 -1.38069
115.3 4.99581 1.03032 -1.38069
115.35 4.99581 1.03032 -1.38069
115.4 4.99593 1.02972 -1.37699
115.45 4.99593 1.02972 -1.37699
115.5 4.99593 1.02972 -1.37699
115.55 4.99593 1.02972 -1.36958
115.6 4.99593 1.02972 -1.36958
115.65 4.99593 1.02972 -1.36958
115.7 4.99605 1.02912 -1.36588
115.75 4.99605 1.02912 -1.36588
115.8 4.99605 1.02912 -1.36588
115.85 4.99618 1.02852 -1.36218
115.9 4.99618 1.02852 -1.36218
115.95 4.99618 1.02852 -1.36218
116 4.9963 1.02792 -1.35848
116.05 4.9963 1.02792 -1.35848
116.1 4.9963 1.02792 -1.35848
116.15 4.9963 1.02792 -1.35107
116.2 4.9963 1.02792 -1.35107
116.25 4.9963 1.02792 -1.35107
116.3 4.9963 1.02792 -1.35107
116.35 4.99644 1.02733 -1.34737
116.4 4.99644 1.02733 -1.34737
116.45 4.99644 1.02733 -1.34737
116.5 4.99657 1.02673 -1.34367
116.55 4.99657 1.02673 -1.34367
116.6 4.99657 1.02673 -1.34367
116.65 4.99657 1.02673 -1.34367
116.7 4.99671 1.02613 -1.33997
116.75 4.99671 1.02613 -1.33997
116.8 4.99671 1.02613 -1.33997
116.85 4.99671 1.02613 -1.33997
116.9 4.99685 1.02553 -1.33627
116.95 4.99685 1.02553 -1.33627
117 4.99685 1.02553 -1.33627
117.05 4.99685 1.02553 -1.33627
117.1 4.99699 1.02494 -1.33257
117.15 4.99699 1.02494 -1.33257
117.2 4.99699 1.02494 -1.33257
117.25 4.99699 1.02494 -1.33257
117.3 4.99714 1.02434 -1.32887
117.35 4.99699 1.02494 -1.32516
117.4 4.99699 1.02494 -1.32516
117.45 4.99699 1.02494 -1.32516
117.5 4.99699 1.02494 -1.32516
117.55 4.99714 1.02434 -1.32146
117.6 4.99714 1.02434 -1.32146
117.65 4.99714 1.02434 -1.32146
117.7 4.99714 1.02434 -1.32146
117.75 4.99714 1.02434 -1.32146
117.8 4.99729 1.02375 -1.31776
117.85 4.99729 1.02375 -1.31776
117.9 4.99729 1.02375 -1.31776
117.95 4.99729 1.02375 -1.31776
118 4.99729 1.02375 -1.31776
118.05 4.99744 1.02316 -1.31406
118.1 4.99744 1.02316 -1.31406
118.15 4.9976 1.02256 -1.31776
118.2 4.9976 1.02256 -1.31776
118.25 4.9976 1.02256 -1.31776
118.3 4.9976 1.02256 -1.31776
118.35 4.99775 1.02197 -1.31406
118.4 4.99775 1.02197 -1.31406
118.45 4.99775 1.02197 -1.31406
118.5 4.99775 1.02197 -1.31406
118.55 4.99775 1.02197 -1.31406
118.6 4.99775 1.02197 -1.31406
118.65 4.99775 1.02197 -1.31406
118.7 4.99791 1.02138 -1.31036
118.75 4.99791 1.02138 -1.31036
118.8 4.99791 1.02138 -1.31036
118.85 4.99791 1.02138 -1.31036
118.9 4.99791 1.02138 -1.31036
118.95 4.99791 1.02138 -1.31036
119 4.99791 1.02138 -1.31036
119.05 4.99791 1.02138 -1.31036
119.1 4.99791 1.02138 -1.31036
119.15 4.99807 1.02079 -1.30666
119.2 4.99807 1.02079 -1.30666
119.25 4.99823 1.0202 -1.31036
119.3 4.99823 1.0202 -1.31036
119.35 4.99823 1.0202 -1.31036
119.4 4.99823 1.0202 -1.31036
119.45 4.99823 1.0202 -1.31036
119.5 4.99823 1.0202 -1.31036
119.55 4.99823 1.0202 -1.31036
119.6 4.99823 1.0202 -1.31036
119.65 4.99823 1.0202 -1.31036
119.7 4.99838 1.0196 -1.30666
119.75 4.99838 1.0196 -1.30666
119.8 4.99838 1.0196 -1.30666
119.85 4.99854 1.01901 -1.31036
119.9 4.99854 1.01901 -1.31036
119.95 4.99854 1.01901 -1.31036
120 4.99854 1.01901 -1.31036
120.05 4.99854 1.01901 -1.31036
120.1 4.99854 1.01901 -1.31036
120.15 4.99854 1.01901 -1.31036
120.2 4.99854 1.01901 -1.31036
120.25 4.99854 1.01901 -1.31036
120.3 4.9987 1.01842 -1.31406
120.35 4.9987 1.01842 -1.31406
120.4 4.9987 1.01842 -1.31406
120.45 4.9987 1.01842 -1.31406
120.5 4.9987 1.01842 -1.31406
120.55 4.9987 1.01842 -1.31406
120.6 4.9987 1.01842 -1.31406
120.65 4.9987 1.01842 -1.31406
120.7 4.9987 1.01842 -1.31406
120.75 4.99886 1.01783 -1.31776
120.8 4.99886 1.01783 -1.31776
120.85 4.99886 1.01783 -1.31776
120.9 4.99886 1.01783 -1.31776
120.95 4.99886 1.01783 -1.31776
121 4.99886 1.01783 -1.31776
121.05 4.99886 1.01783 -1.31776
121.1 4.99901 1.01723 -1.32146
121.15 4.99901 1.01723 -1.32146
121.2 4.99901 1.01723 -1.32146
121.25 4.99901 1.01723 -1.32146
121.3 4.99901 1.01723 -1.32146
121.35 4.99901 1.01723 -1.32146
121.4 4.99901 1.01723 -1.32146
121.45 4.99916 1.01664 -1.32516
121.5 4.99916 1.01664 -1.32516
121.55 4.99916 1.01664 -1.32516
121.6 4.99916 1.01664 -1.32516
121.65 4.99916 1.01664 -1.32516
121.7 4.99916 1.01664 -1.32516
121.75 4.99931 1.01605 -1.32887
121.8 4.99931 1.01605 -1.32887
121.85 4.99931 1.01605 -1.32887
121.9 4.99931 1.01605 -1.32887
121.95 4.99931 1.01605 -1.32887
122 4.99931 1.01605 -1.32887
122.05 4.99946 1.01545 -1.33257
122.1 4.99946 1.01545 -1.33257
122.15 4.99946 1.01545 -1.33257
122.2 4.99946 1.01545 -1.33257
122.25 4.99946 1.01545 -1.33257
122.3 4.9996 1.01486 -1.33627
122.35 4.9996 1.01486 -1.33627
122.4 4.99946 1.01545 -1.33997
122.45 4.99946 1.01545 -1.33997
122.5 4.99946 1.01545 -1.33997
122.55 4.9996 1.01486 -1.34367
122.6 4.9996 1.01486 -1.34367
122.65 4.9996 1.01486 -1.34367
122.7 4.9996 1.01486 -1.34367
122.75 4.9996 1.01486 -1.34367
122.8 4.99974 1.01426 -1.34737
122.85 4.99974 1.01426 -1.34737
122.9 4.99974 1.01426 -1.34737
122.95 4.9996 1.01486 -1.35107
123 4.99974 1.01426 -1.35478
123.05 4.99974 1.01426 -1.35478
123.1 4.99974 1.01426 -1.35478
123.15 4.99974 1.01426 -1.35478
123.2 4.99974 1.01426 -1.35478
123.25 4.99987 1.01366 -1.35848
123.3 4.99987 1.01366 -1.35848
123.35 4.99987 1.01366 -1.35848
123.4 4.99974 1.01426 -1.36218
123.45 4.99986 1.01366 -1.36588
123.5 4.99986 1.01366 -1.36588
123.55 4.99986 1.01366 -1.36588
123.6 4.99986 1.01366 -1.36588
123.65 4.99999 1.01306 -1.36958
123.7 4.99999 1.01306 -1.36958
123.75 4.99999 1.01306 -1.36958
123.8 4.99987 1.01366 -1.37328
123.85 4.99987 1.01366 -1.37328
123.9 4.99999 1.01306 -1.37699
123.95 4.99999 1.01306 -1.37699
124 4.99999 1.01306 -1.37699
124.05 4.99999 1.01306 -1.37699
124.1 5.0001 1.01246 -1.38069
124.15 4.99999 1.01306 -1.38439
124.2 4.99999 1.01306 -1.38439
124.25 4.99999 1.01306 -1.38439
124.3 5.0001 1.01246 -1.38809
124.35 5.0001 1.01246 -1.38809
124.4 5.0001 1.01246 -1.38809
124.45 5.0001 1.01246 -1.38809
124.5 5.0001 1.01246 -1.39549
124.55 5.0001 1.01246 -1.39549
124.6 5.0001 1.01246 -1.39549
124.65 5.0001 1.01246 -1.39549
124.7 5.00021 1.01185 -1.3992
124.75 5.00021 1.01185 -1.3992
124.8 5.0001 1.01246 -1.4029
124.85 5.00021 1.01185 -1.4066
124.9 5.00021 1.01185 -1.4066
124.95 5.00021 1.01185 -1.4066
125 5.00021 1.01185 -1.4066
125.05 5.00031 1.01125 -1.4103
125.1 5.00021 1.01185 -1.414
125.15 5.00021 1.01185 -1.414
125.2 5.00021 1.01185 -1.414
125.25 5.0003 1.01125 -1.4177
125.3 5.0003 1.01125 -1.4177
125.35 5.0003 1.01125 -1.4177
125.4 5.0003 1.01125 -1.42511
125.45 5.0003 1.01125 -1.42511
125.5 5.0003 1.01125 -1.42511
125.55 5.0003 1.01125 -1.42511
125.6 5.00039 1.01064 -1.42881
125.65 5.00031 1.01125 -1.43251
125.7 5.00031 1.01125 -1.43251
125.75 5.00031 1.01125 -1.43251
125.8 5.00039 1.01064 -1.43621
125.85 5.00039 1.01064 -1.43621
125.9 5.00031 1.01125 -1.43991
125.95 5.00039 1.01064 -1.44361
126 5.00039 1.01064 -1.44361
126.05 5.00039 1.01064 -1.44361
126.1 5.00039 1.01064 -1.44361
126.15 5.00039 1.01064 -1.45102
126.2 5.00039 1.01064 -1.45102
126.25 5.00039 1.01064 -1.45102
126.3 5.00046 1.01003 -1.45472
126.35 5.00046 1.01003 -1.45472
126.4 5.00039 1.01064 -1.45842
126.45 5.00039 1.01064 -1.45842
126.5 5.00046 1.01003 -1.46212
126.55 5.00046 1.01003 -1.46212
126.6 5.00046 1.01003 -1.46212
126.65 5.00046 1.01003 -1.46953
126.7 5.00046 1.01003 -1.46953
126.75 5.00046 1.01003 -1.46953
126.8 5.00046 1.01003 -1.46953
126.85 5.00052 1.00943 -1.47323
126.9 5.00046 1.01003 -1.47693
126.95 5.00046 1.01003 -1.47693
127 5.00052 1.00942 -1.48063
127.05 5.00052 1.00942 -1.48063
127.1 5.00052 1.00942 -1.48063
127.15 5.00046 1.01003 -1.48433
127.2 5.00052 1.00942 -1.48803
127.25 5.00052 1.00942 -1.48803
127.3 5.00052 1.00942 -1.48803
127.35 5.00057 1.00881 -1.49173
127.4 5.00052 1.00942 -1.49544
127.45 5.00052 1.00942 -1.49544
127.5 5.00052 1.00942 -1.49544
127.55 5.00057 1.00881 -1.49914
127.6 5.00052 1.00943 -1.50284
127.65 5.00052 1.00943 -1.50284
127.7 5.00056 1.00881 -1.50654
127.75 5.00056 1.00881 -1.50654
127.8 5.00056 1.00881 -1.50654
127.85 5.00052 1.00943 -1.51024
127.9 5.00056 1.00881 -1.51394
127.95 5.00056 1.00881 -1.51394
128 5.00056 1.00881 -1.51394
128.05 5.0006 1.0082 -1.51765
128.1 5.00056 1.00881 -1.52135
128.15 5.00056 1.00881 -1.52135
128.2 5.00056 1.00881 -1.52135
128.25 5.00059 1.0082 -1.52505
128.3 5.00057 1.00881 -1.52875
128.35 5.00057 1.00881 -1.52875
128.4 5.00059 1.0082 -1.53245
128.45 5.00059 1.0082 -1.53245
128.5 5.00059 1.0082 -1.53245
128.55 5.00057 1.00881 -1.53615
128.6 5.00059 1.0082 -1.53985
128.65 5.00059 1.0082 -1.53985
128.7 5.00059 1.0082 -1.53985
128.75 5.00061 1.00759 -1.54356
128.8 5.00059 1.0082 -1.54726
128.85 5.00059 1.0082 -1.54726
128.9 5.00059 1.0082 -1.54726
128.95 5.00061 1.00759 -1.55096
129 5.00059 1.0082 -1.55466
129.05 5.00059 1.0082 -1.55466
129.1 5.0006 1.00759 -1.55836
129.15 5.0006 1.00759 -1.55836
129.2 5.0006 1.00759 -1.55836
129.25 5.0006 1.0082 -1.56206
129.3 5.0006 1.00759 -1.56577
129.35 5.0006 1.00759 -1.56577
129.4 5.0006 1.00759 -1.56577
129.45 5.0006 1.00759 -1.56577
129.5 5.0006 1.00759 -1.57317
129.55 5.0006 1.00759 -1.57317
129.6 5.0006 1.00759 -1.57317
129.65 5.0006 1.00698 -1.57687
129.7 5.0006 1.00759 -1.58057
129.75 5.0006 1.00759 -1.58057
129.8 5.0006 1.00759 -1.58057
129.85 5.0006 1.00698 -1.58427
129.9 5.0006 1.00698 -1.58427
129.95 5.00061 1.00759 -1.58798
130 5.00061 1.00759 -1.58798
130.05 5.0006 1.00698 -1.59168
130.1 5.0006 1.00698 -1.59168
130.15 5.0006 1.00698 -1.59168
130.2 5.00061 1.00759 -1.59538
130.25 5.00059 1.00698 -1.59908
130.3 5.00059 1.00698 -1.59908
130.35 5.00059 1.00698 -1.59908
130.4 5.00059 1.00698 -1.59908
130.45 5.00059 1.00698 -1.60648
130.5 5.00059 1.00698 -1.60648
130.55 5.00059 1.00698 -1.60648
130.6 5.00059 1.00698 -1.60648
130.65 5.00057 1.00636 -1.61018
130.7 5.0006 1.00698 -1.61389
130.75 5.0006 1.00698 -1.61389
130.8 5.0006 1.00698 -1.61389
130.85 5.00057 1.00636 -1.61759
130.9 5.00057 1.00636 -1.61759
130.95 5.0006 1.00698 -1.62129
131 5.0006 1.00698 -1.62129
131.05 5.00057 1.00636 -1.62499
131.1 5.00057 1.00636 -1.62499
131.15 5.00057 1.00636 -1.62499
131.2 5.00057 1.00636 -1.62499
131.25 5.00057 1.00636 -1.63239
131.3 5.00057 1.00636 -1.63239
131.35 5.00057 1.00636 -1.63239
131.4 5.00057 1.00636 -1.63239
131.45 5.00053 1.00575 -1.6361
131.5 5.00057 1.00636 -1.6398
131.55 5.00057 1.00636 -1.6398
131.6 5.00057 1.00636 -1.6398
131.65 5.00053 1.00575 -1.6435
131.7 5.00053 1.00575 -1.6435
131.75 5.00053 1.00575 -1.6435
131.8 5.00057 1.00636 -1.6472
131.85 5.00057 1.00636 -1.6472
131.9 5.00052 1.00575 -1.6509
131.95 5.00052 1.00575 -1.6509
132 5.00052 1.00575 -1.6509
132.05 5.00052 1.00575 -1.6509
132.1 5.00057 1.00636 -1.6546
132.15 5.00052 1.00575 -1.65831
132.2 5.00052 1.00575 -1.65831
132.25 5.00052 1.00575 -1.65831
132.3 5.00052 1.00575 -1.65831
132.35 5.00047 1.00514 -1.66201
132.4 5.00052 1.00575 -1.66571
132.45 5.00052 1.00575 -1.66571
132.5 5.00052 1.00575 -1.66571
132.55 5.00052 1.00575 -1.66571
132.6 5.00047 1.00514 -1.66941
132.65 5.00047 1.00514 -1.66941
132.7 5.00053 1.00575 -1.67311
132.75 5.00053 1.00575 -1.67311
132.8 5.00053 1.00575 -1.67311
132.85 5.00046 1.00514 -1.67681
132.9 5.00046 1.00514 -1.67681
132.95 5.00046 1.00514 -1.67681
133 5.00046 1.00514 -1.67681
133.05 5.00053 1.00575 -1.68051
133.1 5.00053 1.00575 -1.68051
133.15 5.00046 1.00514 -1.68422
133.2 5.00046 1.00514 -1.68422
133.25 5.00046 1.00514 -1.68422
133.3 5.00046 1.00514 -1.68422
133.35 5.00046 1.00514 -1.68422
133.4 5.00046 1.00514 -1.69162
133.45 5.00046 1.00514 -1.69162
133.5 5.00046 1.00514 -1.69162
133.55 5.00046 1.00514 -1.69162
133.6 5.00046 1.00514 -1.69162
133.65 5.00046 1.00514 -1.69162
133.7 5.00039 1.00454 -1.69532
133.75 5.00039 1.00454 -1.69532
133.8 5.00046 1.00514 -1.69902
133.85 5.00046 1.00514 -1.69902
133.9 5.00046 1.00514 -1.69902
133.95 5.00046 1.00514 -1.69902
134 5.00039 1.00454 -1.70272
134.05 5.00039 1.00454 -1.70272
134.1 5.00039 1.00454 -1.70272
134.15 5.00039 1.00454 -1.70272
134.2 5.00047 1.00514 -1.70643
134.25 5.00047 1.00514 -1.70643
134.3 5.00047 1.00514 -1.70643
134.35 5.00038 1.00454 -1.71013
134.4 5.00038 1.00454 -1.71013
134.45 5.00038 1.00454 -1.71013
134.5 5.00038 1.00454 -1.71013
134.55 5.00038 1.00454 -1.71013
134.6 5.00038 1.00454 -1.71013
134.65 5.00038 1.00454 -1.71013
134.7 5.00038 1.00454 -1.71753
134.75 5.00038 1.00454 -1.71753
134.8 5.00038 1.00454 -1.71753
134.85 5.00038 1.00454 -1.71753
134.9 5.00038 1.00454 -1.71753
134.95 5.00038 1.00454 -1.71753
135 5.00038 1.00454 -1.71753
135.05 5.00038 1.00454 -1.71753
135.1 5.00029 1.00393 -1.72123
135.15 5.00029 1.00393 -1.72123
135.2 5.00029 1.00393 -1.72123
135.25 5.00029 1.00393 -1.72123
135.3 5.00029 1.00393 -1.72123
135.35 5.00039 1.00454 -1.72493
135.4 5.00039 1.00454 -1.72493
135.45 5.00039 1.00454 -1.72493
135.5 5.00039 1.00454 -1.72493
135.55 5.00039 1.00454 -1.72493
135.6 5.00029 1.00393 -1.72864
135.65 5.00029 1.00393 -1.72864
135.7 5.00029 1.00393 -1.72864
135.75 5.00029 1.00393 -1.72864
135.8 5.00029 1.00393 -1.72864
135.85 5.00029 1.00393 -1.72864
135.9 5.00029 1.00393 -1.72864
135.95 5.00029 1.00393 -1.72864
136 5.00029 1.00393 -1.72864
136.05 5.00029 1.00393 -1.72864
136.1 5.00029 1.00393 -1.72864
136.15 5.00039 1.00454 -1.73234
136.2 5.00029 1.00393 -1.73604
136.25 5.00029 1.00393 -1.73604
136.3 5.00029 1.00393 -1.73604
136.35 5.00029 1.00393 -1.73604
136.4 5.00029 1.00393 -1.73604
136.45 5.00029 1.00393 -1.73604
136.5 5.00029 1.00393 -1.73604
136.55 5.00029 1.00393 -1.73604
136.6 5.00029 1.00393 -1.73604
136.65 5.00029 1.00393 -1.73604
136.7 5.00029 1.00393 -1.73604
136.75 5.00029 1.00393 -1.73604
136.8 5.00029 1.00393 -1.73604
136.85 5.00019 1.00333 -1.73974
136.9 5.00019 1.00333 -1.73974
136.95 5.00019 1.00333 -1.73974
137 5.00019 1.00333 -1.73974
137.05 5.00019 1.00333 -1.73974
137.1 5.00019 1.00333 -1.73974
137.15 5.00019 1.00333 -1.73974
137.2 5.00019 1.00333 -1.73974
137.25 5.00019 1.00333 -1.73974
137.3 5.00019 1.00333 -1.73974
137.35 5.00019 1.00333 -1.73974
137.4 5.00019 1.00333 -1.73974
137.45 5.00019 1.00333 -1.73974
137.5 5.00019 1.00333 -1.73974
137.55 5.00019 1.00333 -1.73974
137.6 5.00019 1.00333 -1.73974
137.65 5.00019 1.00333 -1.73974
137.7 5.00019 1.00333 -1.73974
137.75 5.00019 1.00333 -1.73974
137.8 5.00019 1.00333 -1.73974
137.85 5.00019 1.00333 -1.73974
137.9 5.00019 1.00333 -1.73974
137.95 5.00019 1.00333 -1.73974
138 5.00019 1.00333 -1.73974
138.05 5.00019 1.00333 -1.73974
138.1 5.00019 1.00333 -1.73974
138.15 5.00019 1.00333 -1.73974
138.2 5.00019 1.00333 -1.73974
138.25 5.00019 1.00333 -1.73974
138.3 5.00019 1.00333 -1.73974
138.35 5.00019 1.00333 -1.73974
138.4 5.00019 1.00333 -1.73974
138.45 5.00019 1.00333 -1.73974
138.5 5.00019 1.00333 -1.73974
138.55 5.00019 1.00333 -1.73974
138.6 5.00019 1.00333 -1.73974
138.65 5.00019 1.00333 -1.73974
138.7 5.00019 1.00333 -1.73974
138.75 5.00019 1.00333 -1.73974
138.8 5.00019 1.00333 -1.73974
138.85 5.00019 1.00333 -1.73974
138.9 5.00019 1.00333 -1.73974
138.95 5.00019 1.00333 -1.73974
139 5.00019 1.00333 -1.73974
139.05 5.00019 1.00333 -1.73974
139.1 5.00019 1.00333 -1.73974
139.15 5.00019 1.00333 -1.73974
139.2 5.00019 1.00333 -1.73974
139.25 5.00019 1.00333 -1.73974
139.3 5.00019 1.00333 -1.73974
139.35 5.00019 1.00333 -1.73974
