4.6 5 1 -1.5708
4.6 5 1 -1.5708
4.65 5 1 -1.5708
4.7 5 1 -1.5708
4.7 5 1 -1.5708
4.75 5 1 -1.5708
4.75 5 1 -1.5708
4.8 5 1 -1.5708
4.8 5 1 -1.5708
4.85 5 1 -1.5708
4.85 5 1 -1.5708
4.9 5 1 -1.5708
4.9 5 1 -1.5708
4.95 5 1 -1.5708
4.95 5 1 -1.5708
5 5 1 -1.5708
5 5 1 -1.5708
5.05 5 1 -1.5708
5.05 5 1 -1.5708
5.1 5 1 -1.5708
5.15 5 1 -1.5708
5.15 5 1 -1.5708
5.2 5 1 -1.5708
5.2 5 1 -1.5708
5.25 5 1 -1.5708
5.25 5 1 -1.5708
5.3 5 1 -1.5708
5.3 5 1 -1.5708
5.35 5 1 -1.5708
5.4 5 1 -1.5708
5.4 5 1 -1.5708
5.45 5 1 -1.5708
5.45 5 1 -1.5708
5.5 5 1 -1.5708
5.5 5 1 -1.5708
5.55 5 1 -1.5708
5.55 5 1 -1.5708
5.6 5 1 -1.5708
5.6 5 1 -1.5708
5.65 5 1 -1.5708
5.65 5 1 -1.5708
5.7 5 1 -1.5708
5.7 5 1 -1.5708
5.75 5 1 -1.5708
5.75 5 1 -1.5708
5.8 5 1 -1.5708
5.8 5 1 -1.5708
5.85 5 1 -1.5708
5.85 5 1 -1.5708
5.9 5 1 -1.5708
5.9 5 1 -1.5708
5.95 5 1 -1.5708
5.95 5 1 -1.5708
6 5 1 -1.5708
6 5 1 -1.5708
6.05 5 1 -1.5708
6.05 5 1 -1.5708
6.1 5 1 -1.5708
6.1 5 1 -1.5708
6.15 5 1 -1.5708
6.2 5 1 -1.5708
6.2 5 1 -1.5708
6.25 5 1 -1.5708
6.25 5 1 -1.5708
6.3 5 1 -1.5708
6.3 5 1 -1.5708
6.35 5 1 -1.5708
6.35 5 1 -1.5708
6.4 5 1 -1.5708
6.4 5 1 -1.5708
6.45 5 1 -1.5708
6.45 5 1 -1.5708
6.5 5 1 -1.5708
6.5 5 1 -1.5708
6.55 5 1 -1.5708
6.55 5 1 -1.5708
6.6 5 1 -1.5708
6.65 5 1 -1.5708
6.65 5 1 -1.5708
6.7 5 1 -1.5708
6.7 5 1 -1.5708
6.75 5 1 -1.5708
6.75 5 1 -1.5708
6.8 5 1 -1.5708
6.85 5 1 -1.5708
6.85 5 1 -1.5708
6.9 5 1 -1.5708
6.9 5 1 -1.5708
6.95 5 1 -1.5708
6.95 5 1 -1.5708
7 5 1 -1.5708
7 5 1 -1.5708
7.05 5 1 -1.5708
7.05 5 1 -1.5708
7.1 5 1 -1.5708
7.1 5 1 -1.5708
7.15 5 1 -1.5708
7.15 5 1 -1.5708
7.2 5 1 -1.5708
7.2 5 1 -1.5708
7.25 5 1 -1.5708
7.3 5 1 -1.5708
7.35 5 1 -1.5708
7.35 5 1 -1.5708
7.4 5 1 -1.5708
7.4 5 1 -1.5708
7.45 5 1 -1.5708
7.45 5 1 -1.5708
7.5 5 1 -1.5708
7.55 5 1 -1.5708
7.55 5 1 -1.5708
7.6 5 1 -1.5708
7.6 5 1 -1.5708
7.65 5 1 -1.5708
7.65 5 1 -1.5708
7.7 5 1 -1.5708
7.7 5 1 -1.5708
7.75 5 1 -1.5708
7.8 5 1 -1.5708
7.8 5 1 -1.5708
7.85 5 1 -1.5708
7.85 5 1 -1.5708
7.9 5 1 -1.5708
7.95 5 1 -1.5708
8 5 1 -1.5708
8 5 1 -1.5708
8.05 5 1 -1.5708
8.1 5 1 -1.5708
8.15 5 1 -1.5708
8.15 5 1 -1.5708
8.2 5 1 -1.5708
8.2 5 1 -1.5708
8.25 5 1 -1.5708
8.25 5 1 -1.5708
8.3 5 1 -1.5708
8.3 5 1 -1.5708
8.35 5 1 -1.5708
8.35 5 1 -1.5708
8.4 5 1 -1.5708
8.45 5 1 -1.5708
8.45 5 1 -1.5708
8.5 5 1 -1.5708
8.5 5 1 -1.5708
8.55 5 1 -1.5708
8.55 5 1 -1.5708
8.6 5 1 -1.5708
8.6 5 1 -1.5708
8.65 5 1 -1.5708
8.7 5 1 -1.5708
8.7 5 1 -1.5708
8.75 5 1 -1.5708
8.75 5 1 -1.5708
8.8 5 1 -1.5708
8.8 5 1 -1.5708
8.85 5 1 -1.5708
8.85 5 1 -1.5708
8.9 5 1 -1.5708
8.9 5 1 -1.5708
8.95 5 1 -1.5708
8.95 5 1 -1.5708
9 5 1 -1.5708
9 5 1 -1.5708
9.05 5 1 -1.5708
9.05 5 1 -1.5708
9.1 5 1 -1.5708
9.15 5 1 -1.5708
9.15 5 1 -1.5708
9.2 5 1 -1.5708
9.2 5 1 -1.5708
9.25 5 1 -1.5708
9.25 5 1 -1.5708
9.3 5 1 -1.5708
9.35 5 1 -1.5708
9.35 5 1 -1.5708
9.4 5 1 -1.5708
9.4 5 1 -1.5708
9.45 5 1 -1.5708
9.5 5 1 -1.5708
9.5 5 1 -1.5708
9.55 5 1 -1.5708
9.6 5 1 -1.5708
9.6 5 1 -1.5708
9.65 5 1 -1.5708
9.65 5 1 -1.5708
9.7 5 1 -1.5708
9.75 5 1 -1.5708
9.75 5 1 -1.5708
9.8 5 1 -1.5708
9.8 5 1 -1.5708
9.85 5 1 -1.5708
9.85 5 1 -1.5708
9.9 5 1 -1.5708
9.9 5 1 -1.5708
9.95 5 1 -1.5708
9.95 5 1 -1.5708
10 5 1 -1.5708
10 5 1 -1.5708
10.05 5 1 -1.5708
10.05 5 1 -1.5708
10.1 5 1 -1.5708
10.15 5 1 -1.5708
10.15 5 1 -1.5708
10.2 5 1 -1.5708
10.2 5 1 -1.5708
10.25 5 1 -1.5708
10.25 5 1 -1.5708
10.3 5 1 -1.5708
10.3 5 1 -1.5708
10.35 5 1 -1.5708
10.35 5 1 -1.5708
10.4 5 1 -1.5708
10.4 5 1 -1.5708
10.45 5 1 -1.5708
10.5 5 1 -1.5708
10.5 5 1 -1.5708
10.55 5 1 -1.5708
10.6 5 1 -1.5708
10.65 5 1 -1.5708
10.65 5 1 -1.5708
10.7 5 1 -1.5708
10.7 5 1 -1.5708
10.75 5 1 -1.5708
10.75 5 1 -1.5708
10.8 5 1 -1.5708
10.8 5 1 -1.5708
10.85 5 1 -1.5708
10.85 5 1 -1.5708
10.9 5 1 -1.5708
10.9 5 1 -1.5708
10.95 5 1 -1.5708
10.95 5 1 -1.5708
11 5 1 -1.5708
11 5 1 -1.5708
11.05 5 1 -1.5708
11.1 5 1 -1.5708
11.1 5 1 -1.5708
11.15 5 1 -1.5708
11.2 5 1 -1.5708
11.2 5 1 -1.5708
11.25 5 1 -1.5708
11.3 5 1 -1.5708
11.3 5 1 -1.5708
11.35 5 1 -1.5708
11.35 5 1 -1.5708
11.4 5 1 -1.5708
11.4 5 1 -1.5708
11.45 5 1 -1.5708
11.5 5 1 -1.5708
11.5 5 1 -1.5708
11.55 5 1 -1.5708
11.55 5 1 -1.5708
11.6 5 1 -1.5708
11.6 5 1 -1.5708
11.65 5 1 -1.5708
11.65 5 1 -1.5708
11.7 5 1 -1.5708
11.7 5 1 -1.5708
11.75 5 1 -1.5708
11.75 5 1 -1.5708
11.8 5 1 -1.5708
11.8 5 1 -1.5708
11.85 5 1 -1.5708
11.9 5 1 -1.5708
11.9 5 1 -1.5708
11.95 5 1 -1.5708
11.95 5 1 -1.5708
12 5 1 -1.5708
12 5 1 -1.5708
12.05 5 1 -1.5708
12.05 5 1 -1.5708
12.1 5 1 -1.5708
12.1 5 1 -1.5708
12.15 5 1 -1.5708
12.15 5 1 -1.5708
12.2 5 1 -1.5708
12.25 5 1 -1.5708
12.25 5 1 -1.5708
12.3 5 1 -1.5708
12.3 5 1 -1.5708
12.35 5 1 -1.5708
12.35 5 1 -1.5708
12.4 5 1 -1.5708
12.4 5 1 -1.5708
12.45 5 1 -1.5708
12.45 5 1 -1.5708
12.5 5 1 -1.5708
12.5 5 1 -1.5708
12.55 5 1 -1.5708
12.55 5 1 -1.5708
12.6 5 1 -1.5708
12.6 5 1 -1.5708
12.65 5 1 -1.5708
12.7 5 1 -1.5708
12.75 5 1 -1.5708
12.8 5 1 -1.5708
12.8 5 1 -1.5708
12.85 5 1 -1.5708
12.85 5 1 -1.5708
12.9 5 1 -1.5708
12.9 5 1 -1.5708
12.95 5 1 -1.5708
12.95 5 1 -1.5708
13 5 1 -1.5708
13 5 1 -1.5708
13.05 5 1 -1.5708
13.1 5 1 -1.5708
13.1 5 1 -1.5708
13.15 5 1 -1.5708
13.15 5 1 -1.5708
13.2 5 1 -1.5708
13.2 5 1 -1.5708
13.25 5 1 -1.5708
13.25 5 1 -1.5708
13.3 5 1 -1.5708
13.35 5 1 -1.5708
13.35 5 1 -1.5708
13.4 5 1 -1.5708
13.45 5 1 -1.5708
13.45 5 1 -1.5708
13.5 5 1 -1.5708
13.5 5 1 -1.5708
13.55 5 1 -1.5708
13.55 5 1 -1.5708
13.6 5 1 -1.5708
13.6 5 1 -1.5708
13.65 5 1 -1.5708
13.65 5 1 -1.5708
13.7 5 1 -1.5708
13.75 5 1 -1.5708
13.75 5 1 -1.5708
13.8 5 1 -1.5708
13.8 5 1 -1.5708
13.85 5 1 -1.5708
13.85 5 1 -1.5708
13.9 5 1 -1.5708
13.9 5 1 -1.5708
13.95 5 1 -1.5708
13.95 5 1 -1.5708
14 5 1 -1.5708
14 5 1 -1.5708
14.05 5 1 -1.5708
14.05 5 1 -1.5708
14.1 5 1 -1.5708
14.1 5 1 -1.5708
14.15 5 1 -1.5708
14.15 5 1 -1.5708
14.2 5 1 -1.5708
14.25 5 1 -1.5708
14.25 5 1 -1.5708
14.3 5 1 -1.5708
14.3 5 1 -1.5708
14.35 5 1 -1.5708
14.4 5 1 -1.5708
14.4 5 1 -1.5708
14.45 5 1 -1.5708
14.5 5 1 -1.5708
14.55 5 1 -1.5708
14.55 5 1 -1.5708
14.6 5 1 -1.5708
14.6 5 1 -1.5708
14.65 5 1 -1.5708
14.65 5 1 -1.5708
14.7 5 1 -1.5708
14.7 5 1 -1.5708
14.75 5 1 -1.5708
14.8 5 1 -1.5708
14.85 5 1 -1.5708
14.9 5 1 -1.5708
14.9 5 1 -1.5708
14.95 5 1 -1.5708
14.95 5 1 -1.5708
15 5 1 -1.5708
15 5 1 -1.5708
15.05 5 1 -1.5708
15.05 5 1 -1.5708
15.1 5 1 -1.5708
15.1 5 1 -1.5708
15.15 5 1 -1.5708
15.15 5 1 -1.5708
15.2 5 1 -1.5708
15.2 5 1 -1.5708
15.25 5 1 -1.5708
15.25 5 1 -1.5708
15.3 5 1 -1.5708
15.3 5 1 -1.5708
15.35 5 1 -1.5708
15.35 5 1 -1.5708
15.4 5 1 -1.5708
15.45 5 1 -1.5708
15.45 5 1 -1.5708
15.5 5 1 -1.5708
15.5 5 1 -1.5708
15.55 5 1 -1.5708
15.55 5 1 -1.5708
15.6 5 1 -1.5708
15.6 5 1 -1.5708
15.65 5 1 -1.5708
15.65 5 1 -1.5708
15.7 5 1 -1.5708
15.7 5 1 -1.5708
15.75 5 1 -1.5708
15.75 5 1 -1.5708
15.8 5 1 -1.5708
15.85 5 1 -1.5708
15.85 5 1 -1.5708
15.9 5 1 -1.5708
15.9 5 1 -1.5708
15.95 5 1 -1.5708
15.95 5 1 -1.5708
16 5 1 -1.5708
16 5 1 -1.5708
16.05 5 1 -1.5708
16.05 5 1 -1.5708
16.1 5 1 -1.5708
16.1 5 1 -1.5708
16.15 5 1 -1.5708
16.15 5 1 -1.5708
16.2 5 1 -1.5708
16.2 5 1 -1.5708
16.25 5 1 -1.5708
16.25 5 1 -1.5708
16.3 5 1 -1.5708
16.3 5 1 -1.5708
16.35 5 1 -1.5708
16.35 5 1 -1.5708
16.4 5 1 -1.5708
16.45 5 1 -1.5708
16.45 5 1 -1.5708
16.5 5 1 -1.5708
16.5 5 1 -1.5708
16.55 5 1 -1.5708
16.55 5 1 -1.5708
16.6 5 1 -1.5708
16.6 5 1 -1.5708
16.65 5 1 -1.5708
16.65 5 1 -1.5708
16.7 5 1 -1.5708
16.7 5 1 -1.5708
16.75 5 1 -1.5708
16.75 5 1 -1.5708
16.8 5 1 -1.5708
16.85 5 1 -1.5708
16.85 5 1 -1.5708
16.9 5 1 -1.5708
16.9 5 1 -1.5708
16.95 5 1 -1.5708
16.95 5 1 -1.5708
17 5 1 -1.5708
17.05 5 1 -1.5708
17.05 5 1 -1.5708
17.1 5 1 -1.5708
17.15 5 1 -1.5708
17.15 5 1 -1.5708
17.2 5 1 -1.5708
17.25 5 1 -1.5708
17.25 5 1 -1.5708
17.3 5 1 -1.5708
17.3 5 1 -1.5708
17.35 5 1 -1.5708
17.4 5 1 -1.5708
17.45 5 1 -1.5708
17.45 5 1 -1.5708
17.5 5 1 -1.5708
17.5 5 1 -1.5708
17.55 5 1 -1.5708
17.55 5 1 -1.5708
17.6 5 1 -1.5708
17.6 5 1 -1.5708
17.65 5 1 -1.5708
17.65 5 1 -1.5708
17.7 5 1 -1.5708
17.7 5 1 -1.5708
17.75 5 1 -1.5708
17.8 5 1 -1.5708
17.8 5 1 -1.5708
17.85 5 1 -1.5708
17.9 5 1 -1.5708
17.9 5 1 -1.5708
17.95 5 1 -1.5708
17.95 5 1 -1.5708
18 5 1 -1.5708
18 5 1 -1.5708
18.05 5 1 -1.5708
18.05 5 1 -1.5708
18.1 5 1 -1.5708
18.15 5 1 -1.5708
18.2 5 1 -1.5708
18.2 5 1 -1.5708
18.25 5 1 -1.5708
18.3 5 1 -1.5708
18.3 5 1 -1.5708
18.35 5 1 -1.5708
18.35 5 1 -1.5708
18.4 5 1 -1.5708
18.4 5 1 -1.5708
18.45 5 1 -1.5708
18.45 5 1 -1.5708
18.5 5 1 -1.5708
18.5 5 1 -1.5708
18.55 5 1 -1.5708
18.55 5 1 -1.5708
18.6 5 1 -1.5708
18.65 5 1 -1.5708
18.65 5 1 -1.5708
18.7 5 1 -1.5708
18.7 5 1 -1.5708
18.75 5 1 -1.5708
18.75 5 1 -1.5708
18.8 5 1 -1.5708
18.8 5 1 -1.5708
18.85 5 1 -1.5708
18.85 5 1 -1.5708
18.9 5 1 -1.5708
18.95 5 1 -1.5708
18.95 5 1 -1.5708
19 5 1 -1.5708
19 5 1 -1.5708
19.05 5 1 -1.5708
19.05 5 1 -1.5708
19.1 5 1 -1.5708
19.1 5 1 -1.5708
19.15 5 1 -1.5708
19.15 5 1 -1.5708
19.2 5 1 -1.5708
19.2 5 1 -1.5708
19.25 5 1 -1.5708
19.25 5 1 -1.5708
19.3 5 1 -1.5708
19.3 5 1 -1.5708
19.35 5 1 -1.5708
19.35 5 1 -1.5708
19.4 5 1 -1.5708
19.4 5 1 -1.5708
19.45 5 1 -1.5708
19.45 5 1 -1.5708
19.5 5 1 -1.5708
19.5 5 1 -1.5708
19.55 5 1 -1.5708
19.55 5 1 -1.5708
19.6 5 1 -1.5708
19.6 5 1 -1.5708
19.65 5 1 -1.5708
19.7 5 1 -1.5708
19.75 5 1 -1.5708
19.75 5 1 -1.5708
19.8 5 1 -1.5708
19.8 5 1 -1.5708
19.85 5 1 -1.5708
19.85 5 1 -1.5708
19.9 5 1 -1.5708
19.9 5 1 -1.5708
19.95 5 1 -1.5708
19.95 5 1 -1.5708
20 5 1 -1.5708
20 5 1 -1.5708
20.05 5 1 -1.5708
20.05 5 1 -1.5708
20.1 5 1 -1.5708
20.1 5 1 -1.5708
20.15 5 1 -1.5708
20.2 5 1 -1.5708
20.2 5 1 -1.5708
20.25 5 1 -1.5708
20.3 5 1 -1.5708
20.3 5 1 -1.5708
20.35 5 1 -1.5708
20.4 5 1 -1.5708
20.4 5 1 -1.5708
20.45 5 1 -1.5708
20.45 5 1 -1.5708
20.5 5 1 -1.5708
20.55 5 1 -1.5708
20.6 5 1 -1.5708
20.6 5 1 -1.5708
20.65 5 1 -1.5708
20.65 5 1 -1.5708
20.7 5 1 -1.5708
20.7 5 1 -1.5708
20.75 5 1 -1.5708
20.75 5 1 -1.5708
20.8 5 1 -1.5708
20.8 5 1 -1.5708
20.85 5 1 -1.5708
20.85 5 1 -1.5708
20.9 5 1 -1.5708
20.95 5 1 -1.5708
20.95 5 1 -1.5708
21 5 1 -1.5708
21 5 1 -1.5708
21.05 5 1 -1.5708
21.05 5 1 -1.5708
21.1 5 1 -1.5708
21.1 5 1 -1.5708
21.15 5 1 -1.5708
21.15 5 1 -1.5708
21.2 5 1 -1.5708
21.2 5 1 -1.5708
21.25 5 1 -1.5708
21.25 5 1 -1.5708
21.3 5 1 -1.5708
21.3 5 1 -1.5708
21.35 5 1 -1.5708
21.4 5 1 -1.5708
21.4 5 1 -1.5708
21.45 5 1 -1.5708
21.45 5 1 -1.5708
21.5 5 1 -1.5708
21.55 5 1 -1.5708
21.55 5 1 -1.5708
21.6 5 1 -1.5708
21.6 5 1 -1.5708
21.65 5 1 -1.5708
21.7 5 1 -1.5708
21.75 5 1 -1.5708
21.75 5 1 -1.5708
21.8 5 1 -1.5708
21.85 5 1 -1.5708
21.85 5 1 -1.5708
21.9 5 1 -1.5708
21.9 5 1 -1.5708
21.95 5 1 -1.5708
21.95 5 1 -1.5708
22 5 1 -1.5708
22.05 5 1 -1.5708
22.05 5 1 -1.5708
22.1 5 1 -1.5708
22.1 5 1 -1.5708
22.15 5 1 -1.5708
22.15 5 1 -1.5708
22.2 5 1 -1.5708
22.2 5 1 -1.5708
22.25 5 1 -1.5708
22.25 5 1 -1.5708
22.3 5 1 -1.5708
22.3 5 1 -1.5708
22.35 5 1 -1.5708
22.35 5 1 -1.5708
22.4 5 1 -1.5708
22.4 5 1 -1.5708
22.45 5 1 -1.5708
22.45 5 1 -1.5708
22.5 5 1 -1.5708
22.5 5 1 -1.5708
22.55 5 1 -1.5708
22.55 5 1 -1.5708
22.6 5 1 -1.5708
22.6 5 1 -1.5708
22.65 5 1 -1.5708
22.65 5 1 -1.5708
22.7 5 1 -1.5708
22.7 5 1 -1.5708
22.75 5 1 -1.5708
22.75 5 1 -1.5708
22.8 5 1 -1.5708
22.8 5 1 -1.5708
22.85 5 1 -1.5708
22.9 5 1 -1.5708
22.9 5 1 -1.5708
22.95 5 1 -1.5708
22.95 5 1 -1.5708
23 5 1 -1.5708
23.05 5 1 -1.5708
23.05 5 1 -1.5708
23.1 5 1 -1.5708
23.15 5 1 -1.5708
23.15 5 1 -1.5708
23.2 5 1 -1.5708
23.2 5 1 -1.5708
23.25 5 1 -1.5708
23.25 5 1 -1.5708
23.3 5 1 -1.5708
23.3 5 1 -1.5708
23.35 5 1 -1.5708
23.35 5 1 -1.5708
23.4 5 1 -1.5708
23.4 5 1 -1.5708
23.45 5 1 -1.5708
23.45 5 1 -1.5708
23.5 5 1 -1.5708
23.5 5 1 -1.5708
23.55 5 1 -1.5708
23.6 5 1 -1.5708
23.6 5 1 -1.5708
23.65 5 1 -1.5708
23.65 5 1 -1.5708
23.7 5 1 -1.5708
23.75 5 1 -1.5708
23.8 5 1 -1.5708
23.8 5 1 -1.5708
23.85 5 1 -1.5708
23.85 5 1 -1.5708
23.9 5 1 -1.5708
23.9 5 1 -1.5708
23.95 5 1 -1.5708
23.95 5 1 -1.5708
24 5 1 -1.5708
24 5 1 -1.5708
24.05 5 1 -1.5708
24.05 5 1 -1.5708
24.1 5 1 -1.5708
24.15 5 1 -1.5708
24.15 5 1 -1.5708
24.2 5 1 -1.5708
24.25 5 1 -1.5708
24.25 5 1 -1.5708
24.3 5 1 -1.5708
24.3 5 1 -1.5708
24.35 5 1 -1.5708
24.35 5 1 -1.5708
24.4 5 1 -1.5708
24.4 5 1 -1.5708
24.45 5 1 -1.5708
24.45 5 1 -1.5708
24.5 5 1 -1.5708
24.5 5 1 -1.5708
24.55 5 1 -1.5708
24.55 5 1 -1.5708
24.6 5 1 -1.5708
24.6 5 1 -1.5708
24.65 5 1 -1.5708
24.65 5 1 -1.5708
24.7 5 1 -1.5708
24.7 5 1 -1.5708
24.75 5 1 -1.5708
24.75 5 1 -1.5708
24.8 5 1 -1.5708
24.8 5 1 -1.5708
24.85 5 1 -1.5708
24.85 5 1 -1.5708
24.9 5 1 -1.5708
24.9 5 1 -1.5708
24.95 5 1 -1.5708
24.95 5 1 -1.5708
25 5 1 -1.5708
25 5 1 -1.5708
25.05 5 1 -1.5708
25.1 5 1 -1.5708
25.1 5 1 -1.5708
25.15 5 1 -1.5708
25.15 5 1 -1.5708
25.2 5 1 -1.5708
25.2 5 1 -1.5708
25.25 5 1 -1.5708
25.25 5 1 -1.5708
25.3 5 1 -1.5708
25.3 5 1 -1.5708
25.35 5 1 -1.5708
25.35 5 1 -1.5708
25.4 5 1 -1.5708
25.45 5 1 -1.5708
25.45 5 1 -1.5708
25.5 5 1 -1.5708
25.5 5 1 -1.5708
25.55 5 1 -1.5708
25.55 5 1 -1.5708
25.6 5 1 -1.5708
25.6 5 1 -1.5708
25.65 5 1 -1.5708
25.65 5 1 -1.5708
25.7 5 1 -1.5708
25.7 5 1 -1.5708
25.75 5 1 -1.5708
25.75 5 1 -1.5708
25.8 5 1 -1.5708
25.8 5 1 -1.5708
25.85 5 1 -1.5708
25.85 5 1 -1.5708
25.9 5 1 -1.5708
25.9 5 1 -1.5708
25.95 5 1 -1.5708
25.95 5 1 -1.5708
26 5 1 -1.5708
26 5 1 -1.5708
26.05 5 1 -1.5708
26.05 5 1 -1.5708
26.1 5 1 -1.5708
26.1 5 1 -1.5708
26.15 5 1 -1.5708
26.15 5 1 -1.5708
26.2 5 1 -1.5708
26.2 5 1 -1.5708
26.25 5 1 -1.5708
26.25 5 1 -1.5708
26.3 5 1 -1.5708
26.3 5 1 -1.5708
26.35 5 1 -1.5708
26.35 5 1 -1.5708
26.4 5 1 -1.5708
26.4 5 1 -1.5708
26.45 5 1 -1.5708
26.45 5 1 -1.5708
26.5 5 1 -1.5708
26.55 5 1 -1.5708
26.55 5 1 -1.5708
26.6 5 1 -1.5708
26.65 5 1 -1.5708
26.65 5 1 -1.5708
26.7 5 1 -1.5708
26.7 5 1 -1.5708
26.75 5 1 -1.5708
26.75 5 1 -1.5708
26.8 5 1 -1.5708
26.8 5 1 -1.5708
26.85 5 1 -1.5708
26.85 5 1 -1.5708
26.9 5 1 -1.5708
26.9 5 1 -1.5708
26.95 5 1 -1.5708
26.95 5 1 -1.5708
27 5 1 -1.5708
27.05 5 1 -1.5708
27.05 5 1 -1.5708
27.1 5 1 -1.5708
27.1 5 1 -1.5708
27.15 5 1 -1.5708
27.15 5 1 -1.5708
27.2 5 1 -1.5708
27.2 5 1 -1.5708
27.25 5 1 -1.5708
27.3 5 1 -1.5708
27.3 5 1 -1.5708
27.35 5 1 -1.5708
27.35 5 1 -1.5708
27.4 5 1 -1.5708
27.4 5 1 -1.5708
27.45 5 1 -1.5708
27.45 5 1 -1.5708
27.5 5 1 -1.5708
27.5 5 1 -1.5708
27.55 5 1 -1.5708
27.55 5 1 -1.5708
27.6 5 1 -1.5708
27.6 5 1 -1.5708
27.65 5 1 -1.5708
27.65 5 1 -1.5708
27.7 5 1 -1.5708
27.75 5 1 -1.5708
27.75 5 1 -1.5708
27.8 5 1 -1.5708
27.8 5 1 -1.5708
27.85 5 1 -1.5708
27.85 5 1 -1.5708
27.9 5 1 -1.5708
27.9 5 1 -1.5708
27.95 5 1 -1.5708
27.95 5 1 -1.5708
28 5 1 -1.5708
28.05 5 1 -1.5708
28.05 5 1 -1.5708
28.1 5 1 -1.5708
28.1 5 1 -1.5708
28.15 5 1 -1.5708
28.15 5 1 -1.5708
28.2 5 1 -1.5708
28.2 5 1 -1.5708
28.25 5 1 -1.5708
28.25 5 1 -1.5708
28.3 5 1 -1.5708
28.3 5 1 -1.5708
28.35 5 1 -1.5708
28.35 5 1 -1.5708
28.4 5 1 -1.5708
28.4 5 1 -1.5708
28.45 5 1 -1.5708
28.45 5 1 -1.5708
28.5 5 1 -1.5708
28.55 5 1 -1.5708
28.55 5 1 -1.5708
28.6 5 1 -1.5708
28.6 5 1 -1.5708
28.65 5 1 -1.5708
28.7 5 1 -1.5708
28.7 5 1 -1.5708
28.75 5 1 -1.5708
28.8 5 1 -1.5708
28.8 5 1 -1.5708
28.85 5 1 -1.5708
28.9 5 1 -1.5708
28.9 5 1 -1.5708
28.95 5 1 -1.5708
28.95 5 1 -1.5708
29 5 1 -1.5708
29 5 1 -1.5708
29.05 5 1 -1.5708
29.05 5 1 -1.5708
29.1 5 1 -1.5708
29.1 5 1 -1.5708
29.15 5 1 -1.5708
29.2 5 1 -1.5708
29.2 5 1 -1.5708
29.25 5 1 -1.5708
29.25 5 1 -1.5708
29.3 5 1 -1.5708
29.3 5 1 -1.5708
29.35 5 1 -1.5708
29.4 5 1 -1.5708
29.4 5 1 -1.5708
29.45 5 1 -1.5708
29.45 5 1 -1.5708
29.5 5 1 -1.5708
29.5 5 1 -1.5708
29.55 5 1 -1.5708
29.6 5 1 -1.5708
29.6 5 1 -1.5708
29.65 5 1 -1.5708
29.65 5 1 -1.5708
29.7 5 1 -1.5708
29.7 5 1 -1.5708
29.75 5 1 -1.5708
29.75 5 1 -1.5708
29.8 5 1 -1.5708
29.8 5 1 -1.5708
29.85 5 1 -1.5708
29.85 5 1 -1.5708
29.9 5 1 -1.5708
29.95 5 1 -1.5708
29.95 5 1 -1.5708
30 5 1 -1.5708
30 5 1 -1.5708
30.05 5 1 -1.5708
30.05 5 1 -1.5708
30.1 5 1 -1.5708
30.1 5 1 -1.5708
30.15 5 1 -1.5708
30.15 5 1 -1.5708
30.2 5 1 -1.5708
30.2 5 1 -1.5708
30.25 5 1 -1.5708
30.25 5 1 -1.5708
30.3 5 1 -1.5708
30.3 5 1 -1.5708
30.35 5 1 -1.5708
30.35 5 1 -1.5708
30.4 5 1 -1.5708
30.4 5 1 -1.5708
30.45 5 1 -1.5708
30.45 5 1 -1.5708
30.5 5 1 -1.5708
30.5 5 1 -1.5708
30.55 5 1 -1.5708
30.55 5 1 -1.5708
30.6 5 1 -1.5708
30.6 5 1 -1.5708
30.65 5 1 -1.5708
30.65 5 1 -1.5708
30.7 5 1 -1.5708
30.75 5 1 -1.5708
30.75 5 1 -1.5708
30.8 5 1 -1.5708
30.8 5 1 -1.5708
30.85 5 1 -1.5708
30.9 5 1 -1.5708
30.9 5 1 -1.5708
30.95 5 1 -1.5708
30.95 5 1 -1.5708
31 5 1 -1.5708
31 5 1 -1.5708
31.05 5 1 -1.5708
31.05 5 1 -1.5708
31.1 5 1 -1.5708
31.15 5 1 -1.5708
31.15 5 1 -1.5708
31.2 5 1 -1.5708
31.25 5 1 -1.5708
31.25 5 1 -1.5708
31.3 5 1 -1.5708
31.35 5 1 -1.5708
31.35 5 1 -1.5708
31.4 5 1 -1.5708
31.4 5 1 -1.5708
31.45 5 1 -1.5708
31.45 5 1 -1.5708
31.5 5 1 -1.5708
31.5 5 1 -1.5708
31.55 5 1 -1.5708
31.55 5 1 -1.5708
31.6 5 1 -1.5708
31.65 5 1 -1.5708
31.65 5 1 -1.5708
31.7 5 1 -1.5708
31.7 5 1 -1.5708
31.75 5 1 -1.5708
31.75 5 1 -1.5708
31.8 5 1 -1.5708
31.85 5 1 -1.5708
31.85 5 1 -1.5708
31.9 5 1 -1.5708
31.95 5 1 -1.5708
31.95 5 1 -1.5708
32 5 1 -1.5708
32 5 1 -1.5708
32.05 5 1 -1.5708
32.05 5 1 -1.5708
32.1 5 1 -1.5708
32.1 5 1 -1.5708
32.15 5 1 -1.5708
32.15 5 1 -1.5708
32.2 5 1 -1.5708
32.2 5 1 -1.5708
32.25 5 1 -1.5708
32.25 5 1 -1.5708
32.3 5 1 -1.5708
32.3 5 1 -1.5708
32.35 5 1 -1.5708
32.35 5 1 -1.5708
32.4 5 1 -1.5708
32.45 5 1 -1.5708
32.5 5 1 -1.5708
32.5 5 1 -1.5708
32.55 5 1 -1.5708
32.55 5 1 -1.5708
32.6 5 1 -1.5708
32.65 5 1 -1.5708
32.7 5 1 -1.5708
32.75 5 1 -1.5708
32.75 5 1 -1.5708
32.8 5 1 -1.5708
32.85 5 1 -1.5708
32.9 5 1 -1.5708
32.95 5 1 -1.5708
32.95 5 1 -1.5708
33 5 1 -1.5708
33 5 1 -1.5708
33.05 5 1 -1.5708
33.05 5 1 -1.5708
33.1 5 1 -1.5708
33.15 5 1 -1.5708
33.15 5 1 -1.5708
33.2 5 1 -1.5708
33.2 5 1 -1.5708
33.25 5 1 -1.5708
33.25 5 1 -1.5708
33.3 5 1 -1.5708
33.3 5 1 -1.5708
33.35 5 1 -1.5708
33.35 5 1 -1.5708
33.4 5 1 -1.5708
33.45 5 1 -1.5708
33.45 5 1 -1.5708
33.5 5 1 -1.5708
33.55 5 1 -1.5708
33.55 5 1 -1.5708
33.6 5 1 -1.5708
33.65 5 1 -1.5708
33.65 5 1 -1.5708
33.7 5 1 -1.5708
33.75 5 1 -1.5708
33.75 5 1 -1.5708
33.8 5 1 -1.5708
33.8 5 1 -1.5708
33.85 5 1 -1.5708
33.85 5 1 -1.5708
33.9 5 1 -1.5708
33.95 5 1 -1.5708
33.95 5 1 -1.5708
34 5 1 -1.5708
34 5 1 -1.5708
34.05 5 1 -1.5708
34.05 5 1 -1.5708
34.1 5 1 -1.5708
34.1 5 1 -1.5708
34.15 5 1 -1.5708
34.2 5 1 -1.5708
34.25 5 1 -1.5708
34.25 5 1 -1.5708
34.3 5 1 -1.5708
34.3 5 1 -1.5708
34.35 5 1 -1.5708
34.35 5 1 -1.5708
34.4 5 1 -1.5708
34.4 5 1 -1.5708
34.45 5 1 -1.5708
34.45 5 1 -1.5708
34.5 5 1 -1.5708
34.5 5 1 -1.5708
34.55 5 1 -1.5708
34.6 5 1 -1.5708
34.65 5 1 -1.5708
34.65 5 1 -1.5708
34.7 5 1 -1.5708
34.7 5 1 -1.5708
34.75 5 1 -1.5708
34.75 5 1 -1.5708
34.8 5 1 -1.5708
34.8 5 1 -1.5708
34.85 5 1 -1.5708
34.85 5 1 -1.5708
34.9 5 1 -1.5708
34.9 5 1 -1.5708
34.95 5 1 -1.5708
34.95 5 1 -1.5708
35 5 1 -1.5708
35 5 1 -1.5708
35.05 5 1 -1.5708
35.05 5 1 -1.5708
35.1 5 1 -1.5708
35.1 5 1 -1.5708
35.15 5 1 -1.5708
35.15 5 1 -1.5708
35.2 5 1 -1.5708
35.2 5 1 -1.5708
35.25 5 1 -1.5708
35.25 5 1 -1.5708
35.3 5 1 -1.5708
35.3 5 1 -1.5708
35.35 5 1 -1.5708
35.35 5 1 -1.5708
35.4 5 1 -1.5708
35.4 5 1 -1.5708
35.45 5 1 -1.5708
35.45 5 1 -1.5708
35.5 5 1 -1.5708
35.55 5 1 -1.5708
35.55 5 1 -1.5708
35.6 5 1 -1.5708
35.6 5 1 -1.5708
35.65 5 1 -1.5708
35.7 5 1 -1.5708
35.7 5 1 -1.5708
35.75 5 1 -1.5708
35.75 5 1 -1.5708
35.8 5 1 -1.5708
35.8 5 1 -1.5708
35.85 5 1 -1.5708
35.9 5 1 -1.5708
35.95 5 1 -1.5708
35.95 5 1 -1.5708
36 5 1 -1.5708
36 5 1 -1.5708
36.05 5 1 -1.5708
36.05 5 1 -1.5708
36.1 5 1 -1.5708
36.1 5 1 -1.5708
36.15 5 1 -1.5708
36.15 5 1 -1.5708
36.2 5 1 -1.5708
36.2 5 1 -1.5708
36.25 5 1 -1.5708
36.25 5 1 -1.5708
36.3 5 1 -1.5708
36.35 5 1 -1.5708
36.35 5 1 -1.5708
36.4 5 1 -1.5708
36.4 5 1 -1.5708
36.45 5 1 -1.5708
36.45 5 1 -1.5708
36.5 5 1 -1.5708
36.5 5 1 -1.5708
36.55 5 1 -1.5708
36.55 5 1 -1.5708
36.6 5 1 -1.5708
36.6 5 1 -1.5708
36.65 5 1 -1.5708
36.65 5 1 -1.5708
36.7 5 1 -1.5708
36.7 5 1 -1.5708
36.75 5 1 -1.5708
36.75 5 1 -1.5708
36.8 5 1 -1.5708
36.85 5 1 -1.5708
36.85 5 1 -1.5708
36.9 5 1 -1.5708
36.9 5 1 -1.5708
36.95 5 1 -1.5708
36.95 5 1 -1.5708
37 5 1 -1.5708
37 5 1 -1.5708
37.05 5 1 -1.5708
37.05 5 1 -1.5708
37.1 5 1 -1.5708
37.15 5 1 -1.5708
37.15 5 1 -1.5708
37.2 5 1 -1.5708
37.25 5 1 -1.5708
37.25 5 1 -1.5708
37.3 5 1 -1.5708
37.3 5 1 -1.5708
37.35 5 1 -1.5708
37.35 5 1 -1.5708
37.4 5 1 -1.5708
37.4 5 1 -1.5708
37.45 5 1 -1.5708
37.45 5 1 -1.5708
37.5 5 1 -1.5708
37.5 5 1 -1.5708
37.55 5 1 -1.5708
37.6 5 1 -1.5708
37.6 5 1 -1.5708
37.65 5 1 -1.5708
37.7 5 1 -1.5708
37.7 5 1 -1.5708
37.75 5 1 -1.5708
37.75 5 1 -1.5708
37.8 5 1 -1.5708
37.85 5 1 -1.5708
37.85 5 1 -1.5708
37.9 5 1 -1.5708
37.9 5 1 -1.5708
37.95 5 1 -1.5708
37.95 5 1 -1.5708
38 5 1 -1.5708
38 5 1 -1.5708
38.05 5 1 -1.5708
38.1 5 1 -1.5708
38.1 5 1 -1.5708
38.15 5 1 -1.5708
38.15 5 1 -1.5708
38.2 5 1 -1.5708
38.2 5 1 -1.5708
38.25 5 1 -1.5708
38.25 5 1 -1.5708
38.3 5 1 -1.5708
38.35 5 1 -1.5708
38.35 5 1 -1.5708
38.4 5 1 -1.5708
38.4 5 1 -1.5708
38.45 5 1 -1.5708
38.45 5 1 -1.5708
38.5 5 1 -1.5708
38.55 5 1 -1.5708
38.55 5 1 -1.5708
38.6 5 1 -1.5708
38.6 5 1 -1.5708
38.65 5 1 -1.5708
38.7 5 1 -1.5708
38.7 5 1 -1.5708
38.75 5 1 -1.5708
38.8 5 1 -1.5708
38.8 5 1 -1.5708
38.85 5 1 -1.5708
38.85 5 1 -1.5708
38.9 5 1 -1.5708
38.9 5 1 -1.5708
38.95 5 1 -1.5708
39 5 1 -1.5708
39.05 5 1 -1.5708
39.05 5 1 -1.5708
39.1 5 1 -1.5708
39.1 5 1 -1.5708
39.15 5 1 -1.5708
39.15 5 1 -1.5708
39.2 5 1 -1.5708
39.2 5 1 -1.5708
39.25 5 1 -1.5708
39.25 5 1 -1.5708
39.3 5 1 -1.5708
39.3 5 1 -1.5708
39.35 5 1 -1.5708
39.35 5 1 -1.5708
39.4 5 1 -1.5708
39.45 5 1 -1.5708
39.45 5 1 -1.5708
39.5 5 1 -1.5708
39.5 5 1 -1.5708
39.55 5 1 -1.5708
39.55 5 1 -1.5708
39.6 5 1 -1.5708
39.6 5 1 -1.5708
39.65 5 1 -1.5708
39.65 5 1 -1.5708
39.7 5 1 -1.5708
39.7 5 1 -1.5708
39.75 5 1 -1.5708
39.75 5 1 -1.5708
39.8 5 1 -1.5708
39.85 5 1 -1.5708
39.85 5 1 -1.5708
39.9 5 1 -1.5708
39.9 5 1 -1.5708
39.95 5 1 -1.5708
40 5 1 -1.5708
40 5 1 -1.5708
40.05 5 1 -1.5708
40.05 5 1 -1.5708
40.1 5 1 -1.5708
40.1 5 1 -1.5708
40.15 5 1 -1.5708
40.15 5 1 -1.5708
40.2 5 1 -1.5708
40.2 5 1 -1.5708
40.25 5 1 -1.5708
40.25 5 1 -1.5708
40.3 5 1 -1.5708
40.3 5 1 -1.5708
40.35 5 1 -1.5708
40.4 5 1 -1.5708
40.45 5 1 -1.5708
40.45 5 1 -1.5708
40.5 5 1 -1.5708
40.55 5 1 -1.5708
40.55 5 1 -1.5708
40.6 5 1 -1.5708
40.6 5 1 -1.5708
40.65 5 1 -1.5708
40.65 5 1 -1.5708
40.7 5 1 -1.5708
40.7 5 1 -1.5708
40.75 5 1 -1.5708
40.75 5 1 -1.5708
40.8 5 1 -1.5708
40.8 5 1 -1.5708
40.85 5 1 -1.5708
40.85 5 1 -1.5708
40.9 5 1 -1.5708
40.95 5 1 -1.5708
41 5 1 -1.5708
41 5 1 -1.5708
41.05 5 1 -1.5708
41.1 5 1 -1.5708
41.1 5 1 -1.5708
41.15 5 1 -1.5708
41.15 5 1 -1.5708
41.2 5 1 -1.5708
41.2 5 1 -1.5708
41.25 5 1 -1.5708
41.25 5 1 -1.5708
41.3 5 1 -1.5708
41.3 5 1 -1.5708
41.35 5 1 -1.5708
41.35 5 1 -1.5708
41.4 5 1 -1.5708
41.4 5 1 -1.5708
41.45 5 1 -1.5708
41.45 5 1 -1.5708
41.5 5 1 -1.5708
41.55 5 1 -1.5708
41.55 5 1 -1.5708
41.6 5 1 -1.5708
41.65 5 1 -1.5708
41.7 5 1 -1.5708
41.7 5 1 -1.5708
41.75 5 1 -1.5708
41.75 5 1 -1.5708
41.8 5 1 -1.5708
41.8 5 1 -1.5708
41.85 5 1 -1.5708
41.85 5 1 -1.5708
41.9 5 1 -1.5708
41.9 5 1 -1.5708
41.95 5 1 -1.5708
41.95 5 1 -1.5708
42 5 1 -1.5708
42 5 1 -1.5708
42.05 5 1 -1.5708
42.05 5 1 -1.5708
42.1 5 1 -1.5708
42.15 5 1 -1.5708
42.15 5 1 -1.5708
42.2 5 1 -1.5708
42.25 5 1 -1.5708
42.25 5 1 -1.5708
42.3 5 1 -1.5708
42.3 5 1 -1.5708
42.35 5 1 -1.5708
42.35 5 1 -1.5708
42.4 5 1 -1.5708
42.4 5 1 -1.5708
42.45 5 1 -1.5708
42.45 5 1 -1.5708
42.5 5 1 -1.5708
42.5 5 1 -1.5708
42.55 5 1 -1.5708
42.6 5 1 -1.5708
42.65 5 1 -1.5708
42.65 5 1 -1.5708
42.7 5 1 -1.5708
42.7 5 1 -1.5708
42.75 5 1 -1.5708
42.75 5 1 -1.5708
42.8 5 1 -1.5708
42.8 5 1 -1.5708
42.85 5 1 -1.5708
42.9 5 1 -1.5708
42.9 5 1 -1.5708
42.95 5 1 -1.5708
42.95 5 1 -1.5708
43 5 1 -1.5708
43 5 1 -1.5708
43.05 5 1 -1.5708
43.05 5 1 -1.5708
43.1 5 1 -1.5708
43.1 5 1 -1.5708
43.15 5 1 -1.5708
43.15 5 1 -1.5708
43.2 5 1 -1.5708
43.25 5 1 -1.5708
43.25 5 1 -1.5708
43.3 5 1 -1.5708
43.3 5 1 -1.5708
43.35 5 1 -1.5708
43.35 5 1 -1.5708
43.4 5 1 -1.5708
43.45 5 1 -1.5708
43.5 5 1 -1.5708
43.5 5 1 -1.5708
43.55 5 1 -1.5708
43.55 5 1 -1.5708
43.6 5 1 -1.5708
43.65 5 1 -1.5708
43.65 5 1 -1.5708
43.7 5 1 -1.5708
43.7 5 1 -1.5708
43.75 5 1 -1.5708
43.8 5 1 -1.5708
43.8 5 1 -1.5708
43.85 5 1 -1.5708
43.85 5 1 -1.5708
43.9 5 1 -1.5708
43.95 5 1 -1.5708
43.95 5 1 -1.5708
44 5 1 -1.5708
44 5 1 -1.5708
44.05 5 1 -1.5708
44.05 5 1 -1.5708
44.1 5 1 -1.5708
44.1 5 1 -1.5708
44.15 5 1 -1.5708
44.15 5 1 -1.5708
44.2 5 1 -1.5708
44.2 5 1 -1.5708
44.25 5 1 -1.5708
44.25 5 1 -1.5708
44.3 5 1 -1.5708
44.3 5 1 -1.5708
44.35 5 1 -1.5708
44.35 5 1 -1.5708
44.4 5 1 -1.5708
44.4 5 1 -1.5708
44.45 5 1 -1.5708
44.45 5 1 -1.5708
44.5 5 1 -1.5708
44.5 5 1 -1.5708
44.55 5 1 -1.5708
44.55 5 1 -1.5708
44.6 5 1 -1.5708
44.6 5 1 -1.5708
44.65 5 1 -1.5708
44.65 5 1 -1.5708
44.7 5 1 -1.5708
44.7 5 1 -1.5708
44.75 5 1 -1.5708
44.75 5 1 -1.5708
44.8 5 1 -1.5708
44.8 5 1 -1.5708
44.85 5 1 -1.5708
44.85 5 1 -1.5708
44.9 5 1 -1.5708
44.9 5 1 -1.5708
44.95 5 1 -1.5708
44.95 5 1 -1.5708
45 5 1 -1.5708
45 5 1 -1.5708
45.05 5 1 -1.5708
45.05 5 1 -1.5708
45.1 5 1 -1.5708
45.1 5 1 -1.5708
45.15 5 1 -1.5708
45.15 5 1 -1.5708
45.2 5 1 -1.5708
45.2 5 1 -1.5708
45.25 5 1 -1.5708
45.25 5 1 -1.5708
45.3 5 1 -1.5708
45.3 5 1 -1.5708
45.35 5 1 -1.5708
45.4 5 1 -1.5708
45.4 5 1 -1.5708
45.45 5 1 -1.5708
45.45 5 1 -1.5708
45.5 5 1 -1.5708
45.5 5 1 -1.5708
45.55 5 1 -1.5708
45.55 5 1 -1.5708
45.6 5 1 -1.5708
45.6 5 1 -1.5708
45.65 5 1 -1.5708
45.65 5 1 -1.5708
45.7 5 1 -1.5708
45.75 5 1 -1.5708
45.75 5 1 -1.5708
45.8 5 1 -1.5708
45.8 5 1 -1.5708
45.85 5 1 -1.5708
45.85 5 1 -1.5708
45.9 5 1 -1.5708
45.9 5 1 -1.5708
45.95 5 1 -1.5708
45.95 5 1 -1.5708
46 5 1 -1.5708
46 5 1 -1.5708
46.05 5 1 -1.5708
46.05 5 1 -1.5708
46.1 5 1 -1.5708
46.1 5 1 -1.5708
46.15 5 1 -1.5708
46.15 5 1 -1.5708
46.2 5 1 -1.5708
46.2 5 1 -1.5708
46.25 5 1 -1.5708
46.3 5 1 -1.5708
46.35 5 1 -1.5708
46.35 5 1 -1.5708
46.4 5 1 -1.5708
46.4 5 1 -1.5708
46.45 5 1 -1.5708
46.5 5 1 -1.5708
46.5 5 1 -1.5708
46.55 5 1 -1.5708
46.55 5 1 -1.5708
46.6 5 1 -1.5708
46.65 5 1 -1.5708
46.65 5 1 -1.5708
46.7 5 1 -1.5708
46.7 5 1 -1.5708
46.75 5 1 -1.5708
46.75 5 1 -1.5708
46.8 5 1 -1.5708
46.8 5 1 -1.5708
46.85 5 1 -1.5708
46.85 5 1 -1.5708
46.9 5 1 -1.5708
46.9 5 1 -1.5708
46.95 5 1 -1.5708
46.95 5 1 -1.5708
47 5 1 -1.5708
47 5 1 -1.5708
47.05 5 1 -1.5708
47.05 5 1 -1.5708
47.1 5 1 -1.5708
47.1 5 1 -1.5708
47.15 5 1 -1.5708
47.15 5 1 -1.5708
47.2 5 1 -1.5708
47.2 5 1 -1.5708
47.25 5 1 -1.5708
47.25 5 1 -1.5708
47.3 5 1 -1.5708
47.3 5 1 -1.5708
47.35 5 1 -1.5708
47.35 5 1 -1.5708
47.4 5 1 -1.5708
47.4 5 1 -1.5708
47.45 5 1 -1.5708
47.45 5 1 -1.5708
47.5 5 1 -1.5708
47.5 5 1 -1.5708
47.55 5 1 -1.5708
47.55 5 1 -1.5708
47.6 5 1 -1.5708
47.65 5 1 -1.5708
47.65 5 1 -1.5708
47.7 5 1 -1.5708
47.75 5 1 -1.5708
47.75 5 1 -1.5708
47.8 5 1 -1.5708
47.8 5 1 -1.5708
47.85 5 1 -1.5708
47.85 5 1 -1.5708
47.9 5 1 -1.5708
47.9 5 1 -1.5708
47.95 5 1 -1.5708
47.95 5 1 -1.5708
48 5 1 -1.5708
48 5 1 -1.5708
48.05 5 1 -1.5708
48.05 5 1 -1.5708
48.1 5 1 -1.5708
48.1 5 1 -1.5708
48.15 5 1 -1.5708
48.2 5 1 -1.5708
48.25 5 1 -1.5708
48.3 5 1 -1.5708
48.35 5 1 -1.5708
48.35 5 1 -1.5708
48.4 5 1 -1.5708
48.4 5 1 -1.5708
48.45 5 1 -1.5708
48.45 5 1 -1.5708
48.5 5 1 -1.5708
48.5 5 1 -1.5708
48.55 5 1 -1.5708
48.55 5 1 -1.5708
48.6 5 1 -1.5708
48.6 5 1 -1.5708
48.65 5 1 -1.5708
48.65 5 1 -1.5708
48.7 5 1 -1.5708
48.7 5 1 -1.5708
48.75 5 1 -1.5708
48.75 5 1 -1.5708
48.8 5 1 -1.5708
48.8 5 1 -1.5708
48.85 5 1 -1.5708
48.85 5 1 -1.5708
48.9 5 1 -1.5708
48.9 5 1 -1.5708
48.95 5 1 -1.5708
49 5 1 -1.5708
49 5 1 -1.5708
49.05 5 1 -1.5708
49.05 5 1 -1.5708
49.1 5 1 -1.5708
49.1 5 1 -1.5708
49.15 5 1 -1.5708
49.15 5 1 -1.5708
49.2 5 1 -1.5708
49.2 5 1 -1.5708
49.25 5 1 -1.5708
49.25 5 1 -1.5708
49.3 5 1 -1.5708
49.3 5 1 -1.5708
49.35 5 1 -1.5708
49.4 5 1 -1.5708
49.4 5 1 -1.5708
49.45 5 1 -1.5708
49.5 5 1 -1.5708
49.5 5 1 -1.5708
49.55 5 1 -1.5708
49.55 5 1 -1.5708
49.6 5 1 -1.5708
49.6 5 1 -1.5708
49.65 5 1 -1.5708
49.65 5 1 -1.5708
49.7 5 1 -1.5708
49.7 5 1 -1.5708
49.75 5 1 -1.5708
49.75 5 1 -1.5708
49.8 5 1 -1.5708
49.85 5 1 -1.5708
49.9 5 1 -1.5708
49.9 5 1 -1.5708
49.95 5 1 -1.5708
49.95 5 1 -1.5708
50 5 1 -1.5708
50 5 1 -1.5708
50.05 5 1 -1.5708
50.05 5 1 -1.5708
50.1 5 1 -1.5708
50.15 5 1 -1.5708
50.15 5 1 -1.5708
50.2 5 1 -1.5708
50.2 5 1 -1.5708
50.25 5 1 -1.5708
50.25 5 1 -1.5708
50.3 5 1 -1.5708
50.3 5 1 -1.5708
50.35 5 1 -1.5708
50.35 5 1 -1.5708
50.4 5 1 -1.5708
50.4 5 1 -1.5708
50.45 5 1 -1.5708
50.45 5 1 -1.5708
50.5 5 1 -1.5708
50.5 5 1 -1.5708
50.55 5 1 -1.5708
50.55 5 1 -1.5708
50.6 5 1 -1.5708
50.6 5 1 -1.5708
50.65 5 1 -1.5708
50.65 5 1 -1.5708
50.7 5 1 -1.5708
50.7 5 1 -1.5708
50.75 5 1 -1.5708
50.75 5 1 -1.5708
50.8 5 1 -1.5708
50.85 5 1 -1.5708
50.85 5 1 -1.5708
50.9 5 1 -1.5708
50.9 5 1 -1.5708
50.95 5 1 -1.5708
50.95 5 1 -1.5708
51 5 1 -1.5708
51 5 1 -1.5708
51.05 5 1 -1.5708
51.05 5 1 -1.5708
51.1 5 1 -1.5708
51.1 5 1 -1.5708
51.15 5 1 -1.5708
51.15 5 1 -1.5708
51.2 5 1 -1.5708
51.2 5 1 -1.5708
51.25 5 1 -1.5708
51.25 5 1 -1.5708
51.3 5 1 -1.5708
51.3 5 1 -1.5708
51.35 5 1 -1.5708
51.35 5 1 -1.5708
51.4 5 1 -1.5708
51.4 5 1 -1.5708
51.45 5 1 -1.5708
51.45 5 1 -1.5708
51.5 5 1 -1.5708
51.55 5 1 -1.5708
51.55 5 1 -1.5708
51.6 5 1 -1.5708
51.6 5 1 -1.5708
51.65 5 1 -1.5708
51.65 5 1 -1.5708
51.7 5 1 -1.5708
51.7 5 1 -1.5708
51.75 5 1 -1.5708
51.75 5 1 -1.5708
51.8 5 1 -1.5708
51.8 5 1 -1.5708
51.85 5 1 -1.5708
51.9 5 1 -1.5708
51.9 5 1 -1.5708
51.95 5 1 -1.5708
51.95 5 1 -1.5708
52 5 1 -1.5708
52 5 1 -1.5708
52.05 5 1 -1.5708
52.05 5 1 -1.5708
52.1 5 1 -1.5708
52.15 5 1 -1.5708
52.15 5 1 -1.5708
52.2 5 1 -1.5708
52.2 5 1 -1.5708
52.25 5 1 -1.5708
52.25 5 1 -1.5708
52.3 5 1 -1.5708
52.35 5 1 -1.5708
52.35 5 1 -1.5708
52.4 5 1 -1.5708
52.4 5 1 -1.5708
52.45 5 1 -1.5708
52.45 5 1 -1.5708
52.5 5 1 -1.5708
52.5 5 1 -1.5708
52.55 5 1 -1.5708
52.6 5 1 -1.5708
52.6 5 1 -1.5708
52.65 5 1 -1.5708
52.65 5 1 -1.5708
52.7 5 1 -1.5708
52.7 5 1 -1.5708
52.75 5 1 -1.5708
52.8 5 1 -1.5708
52.8 5 1 -1.5708
52.85 5 1 -1.5708
52.85 5 1 -1.5708
52.9 5 1 -1.5708
52.9 5 1 -1.5708
52.95 5 1 -1.5708
52.95 5 1 -1.5708
53 5 1 -1.5708
53 5 1 -1.5708
53.05 5 1 -1.5708
53.05 5 1 -1.5708
53.1 5 1 -1.5708
53.1 5 1 -1.5708
53.15 5 1 -1.5708
53.15 5 1 -1.5708
53.2 5 1 -1.5708
53.2 5 1 -1.5708
53.25 5 1 -1.5708
53.25 5 1 -1.5708
53.3 5 1 -1.5708
53.35 5 1 -1.5708
53.35 5 1 -1.5708
53.4 5 1 -1.5708
53.45 5 1 -1.5708
53.5 5 1 -1.5708
53.5 5 1 -1.5708
53.55 5 1 -1.5708
53.6 5 1 -1.5708
53.6 5 1 -1.5708
53.65 5 1 -1.5708
53.7 5 1 -1.5708
53.7 5 1 -1.5708
53.75 5 1 -1.5708
53.75 5 1 -1.5708
53.8 5 1 -1.5708
53.8 5 1 -1.5708
53.85 5 1 -1.5708
53.85 5 1 -1.5708
53.9 5 1 -1.5708
53.95 5 1 -1.5708
53.95 5 1 -1.5708
54 5 1 -1.5708
54.05 5 1 -1.5708
54.05 5 1 -1.5708
54.1 5 1 -1.5708
54.15 5 1 -1.5708
54.15 5 1 -1.5708
54.2 5 1 -1.5708
54.2 5 1 -1.5708
54.25 5 1 -1.5708
54.25 5 1 -1.5708
54.3 5 1 -1.5708
54.35 5 1 -1.5708
54.35 5 1 -1.5708
54.4 5 1 -1.5708
54.4 5 1 -1.5708
54.45 5 1 -1.5708
54.45 5 1 -1.5708
54.5 5 1 -1.5708
54.55 5 1 -1.5708
54.55 5 1 -1.5708
54.6 5 1 -1.5708
54.6 5 1 -1.5708
54.65 5 1 -1.5708
54.65 5 1 -1.5708
54.7 5 1 -1.5708
54.75 5 1 -1.5708
54.75 5 1 -1.5708
54.8 5 1 -1.5708
54.85 5 1 -1.5708
54.85 5 1 -1.5708
54.9 5 1 -1.5708
54.95 5 1 -1.5708
54.95 5 1 -1.5708
55 5 1 -1.5708
55 5 1 -1.5708
55.05 5 1 -1.5708
55.05 5 1 -1.5708
55.1 5 1 -1.5708
55.1 5 1 -1.5708
55.15 5 1 -1.5708
55.15 5 1 -1.5708
55.2 5 1 -1.5708
55.2 5 1 -1.5708
55.25 5 1 -1.5708
55.25 5 1 -1.5708
55.3 5 1 -1.5708
55.35 5 1 -1.5708
55.35 5 1 -1.5708
55.4 5 1 -1.5708
55.4 5 1 -1.5708
55.45 5 1 -1.5708
55.45 5 1 -1.5708
55.5 5 1 -1.5708
55.5 5 1 -1.5708
55.55 5 1 -1.5708
55.55 5 1 -1.5708
55.6 5 1 -1.5708
55.6 5 1 -1.5708
55.65 5 1 -1.5708
55.65 5 1 -1.5708
55.7 5 1 -1.5708
55.7 5 1 -1.5708
55.75 5 1 -1.5708
55.75 5 1 -1.5708
55.8 5 1 -1.5708
55.85 5 1 -1.5708
55.9 5 1 -1.5708
55.9 5 1 -1.5708
55.95 5 1 -1.5708
55.95 5 1 -1.5708
56 5 1 -1.5708
56 5 1 -1.5708
56.05 5 1 -1.5708
56.05 5 1 -1.5708
56.1 5 1 -1.5708
56.15 5 1 -1.5708
56.15 5 1 -1.5708
56.2 5 1 -1.5708
56.2 5 1 -1.5708
56.25 5 1 -1.5708
56.25 5 1 -1.5708
56.3 5 1 -1.5708
56.3 5 1 -1.5708
56.35 5 1 -1.5708
56.35 5 1 -1.5708
56.4 5 1 -1.5708
56.4 5 1 -1.5708
56.45 5 1 -1.5708
56.45 5 1 -1.5708
56.5 5 1 -1.5708
56.55 5 1 -1.5708
56.55 5 1 -1.5708
56.6 5 1 -1.5708
56.6 5 1 -1.5708
56.65 5 1 -1.5708
56.7 5 1 -1.5708
56.7 5 1 -1.5708
56.75 5 1 -1.5708
56.75 5 1 -1.5708
56.8 5 1 -1.5708
56.8 5 1 -1.5708
56.85 5 1 -1.5708
56.9 5 1 -1.5708
56.95 5 1 -1.5708
57 5 1 -1.5708
57 5 1 -1.5708
57.05 5 1 -1.5708
57.05 5 1 -1.5708
57.1 5 1 -1.5708
57.1 5 1 -1.5708
57.15 5 1 -1.5708
57.15 5 1 -1.5708
57.2 5 1 -1.5708
57.2 5 1 -1.5708
57.25 5 1 -1.5708
57.25 5 1 -1.5708
57.3 5 1 -1.5708
57.3 5 1 -1.5708
57.35 5 1 -1.5708
57.4 5 1 -1.5708
57.45 5 1 -1.5708
57.45 5 1 -1.5708
57.5 5 1 -1.5708
57.5 5 1 -1.5708
57.55 5 1 -1.5708
57.6 5 1 -1.5708
57.65 5 1 -1.5708
57.65 5 1 -1.5708
57.7 5 1 -1.5708
57.7 5 1 -1.5708
57.75 5 1 -1.5708
57.75 5 1 -1.5708
57.8 5 1 -1.5708
57.8 5 1 -1.5708
57.85 5 1 -1.5708
57.85 5 1 -1.5708
57.9 5 1 -1.5708
57.9 5 1 -1.5708
57.95 5 1 -1.5708
57.95 5 1 -1.5708
58 5 1 -1.5708
58.05 5 1 -1.5708
58.05 5 1 -1.5708
58.1 5 1 -1.5708
58.1 5 1 -1.5708
58.15 5 1 -1.5708
58.15 5 1 -1.5708
58.2 5 1 -1.5708
58.2 5 1 -1.5708
58.25 5 1 -1.5708
58.25 5 1 -1.5708
58.3 5 1 -1.5708
58.35 5 1 -1.5708
58.35 5 1 -1.5708
58.4 5 1 -1.5708
58.4 5 1 -1.5708
58.45 5 1 -1.5708
58.45 5 1 -1.5708
58.5 5 1 -1.5708
58.5 5 1 -1.5708
58.55 5 1 -1.5708
58.55 5 1 -1.5708
58.6 5 1 -1.5708
58.6 5 1 -1.5708
58.65 5 1 -1.5708
58.65 5 1 -1.5708
58.7 5 1 -1.5708
58.7 5 1 -1.5708
58.75 5 1 -1.5708
58.75 5 1 -1.5708
58.8 5 1 -1.5708
58.8 5 1 -1.5708
58.85 5 1 -1.5708
58.85 5 1 -1.5708
58.9 5 1 -1.5708
58.9 5 1 -1.5708
58.95 5 1 -1.5708
58.95 5 1 -1.5708
59 5 1 -1.5708
59 5 1 -1.5708
59.05 5 1 -1.5708
59.1 5 1 -1.5708
59.1 5 1 -1.5708
59.15 5 1 -1.5708
59.15 5 1 -1.5708
59.2 5 1 -1.5708
59.2 5 1 -1.5708
59.25 5 1 -1.5708
59.25 5 1 -1.5708
59.3 5 1 -1.5708
59.3 5 1 -1.5708
59.35 5 1 -1.5708
59.35 5 1 -1.5708
59.4 5 1 -1.5708
59.45 5 1 -1.5708
59.45 5 1 -1.5708
59.5 5 1 -1.5708
59.5 5 1 -1.5708
59.55 5 1 -1.5708
59.6 5 1 -1.5708
59.6 5 1 -1.5708
59.65 5 1 -1.5708
59.7 5 1 -1.5708
59.7 5 1 -1.5708
59.75 5 1 -1.5708
59.75 5 1 -1.5708
59.8 5 1 -1.5708
59.8 5 1 -1.5708
59.85 5 1 -1.5708
59.85 5 1 -1.5708
59.9 5 1 -1.5708
59.9 5 1 -1.5708
59.95 5 1 -1.5708
60 5 1 -1.5708
60 5 1 -1.5708
60.05 5 1 -1.5708
60.1 5 1 -1.5708
60.15 5 1 -1.5708
60.15 5 1 -1.5708
60.2 5 1 -1.5708
60.25 5 1 -1.5708
60.25 5 1 -1.5708
60.3 5 1 -1.5708
60.3 5 1 -1.5708
60.35 5 1 -1.5708
60.35 5 1 -1.5708
60.4 5 1 -1.5708
60.4 5 1 -1.5708
60.45 5 1 -1.5708
60.45 5 1 -1.5708
60.5 5 1 -1.5708
60.5 5 1 -1.5708
60.55 5 1 -1.5708
60.55 5 1 -1.5708
60.6 5 1 -1.5708
60.6 5 1 -1.5708
60.65 5 1 -1.5708
60.65 5 1 -1.5708
60.7 5 1 -1.5708
60.75 5 1 -1.5708
60.75 5 1 -1.5708
60.8 5 1 -1.5708
60.8 5 1 -1.5708
60.85 5 1 -1.5708
60.9 5 1 -1.5708
60.9 5 1 -1.5708
60.95 5 1 -1.5708
60.95 5 1 -1.5708
61 5 1 -1.5708
61.05 5 1 -1.5708
61.05 5 1 -1.5708
61.1 5 1 -1.5708
61.1 5 1 -1.5708
61.15 5 1 -1.5708
61.15 5 1 -1.5708
61.2 5 1 -1.5708
61.25 5 1 -1.5708
61.25 5 1 -1.5708
61.3 5 1 -1.5708
61.3 5 1 -1.5708
61.35 5 1 -1.5708
61.4 5 1 -1.5708
61.4 5 1 -1.5708
61.45 5 1 -1.5708
61.45 5 1 -1.5708
61.5 5 1 -1.5708
61.5 5 1 -1.5708
61.55 5 1 -1.5708
61.55 5 1 -1.5708
61.6 5 1 -1.5708
61.6 5 1 -1.5708
61.65 5 1 -1.5708
61.65 5 1 -1.5708
61.7 5 1 -1.5708
61.7 5 1 -1.5708
61.75 5 1 -1.5708
61.75 5 1 -1.5708
61.8 5 1 -1.5708
61.8 5 1 -1.5708
61.85 5 1 -1.5708
61.85 5 1 -1.5708
61.9 5 1 -1.5708
61.9 5 1 -1.5708
61.95 5 1 -1.5708
61.95 5 1 -1.5708
62 5 1 -1.5708
62.05 5 1 -1.5708
62.1 5 1 -1.5708
62.1 5 1 -1.5708
62.15 5 1 -1.5708
62.2 5 1 -1.5708
62.2 5 1 -1.5708
62.25 5 1 -1.5708
62.3 5 1 -1.5708
62.3 5 1 -1.5708
62.35 5 1 -1.5708
62.35 5 1 -1.5708
62.4 5 1 -1.5708
62.4 5 1 -1.5708
62.45 5 1 -1.5708
62.45 5 1 -1.5708
62.5 5 1 -1.5708
62.5 5 1 -1.5708
62.55 5 1 -1.5708
62.55 5 1 -1.5708
62.6 5 1 -1.5708
62.6 5 1 -1.5708
62.65 5 1 -1.5708
62.65 5 1 -1.5708
62.7 5 1 -1.5708
62.7 5 1 -1.5708
62.75 5 1 -1.5708
62.75 5 1 -1.5708
62.8 5 1 -1.5708
62.8 5 1 -1.5708
62.85 5 1 -1.5708
62.9 5 1 -1.5708
62.9 5 1 -1.5708
62.95 5 1 -1.5708
62.95 5 1 -1.5708
63 5 1 -1.5708
63 5 1 -1.5708
63.05 5 1 -1.5708
63.05 5 1 -1.5708
63.1 5 1 -1.5708
63.1 5 1 -1.5708
63.15 5 1 -1.5708
63.15 5 1 -1.5708
63.2 5 1 -1.5708
63.2 5 1 -1.5708
63.25 5 1 -1.5708
63.25 5 1 -1.5708
63.3 5 1 -1.5708
63.35 5 1 -1.5708
63.35 5 1 -1.5708
63.4 5 1 -1.5708
63.4 5 1 -1.5708
63.45 5 1 -1.5708
63.5 5 1 -1.5708
63.55 5 1 -1.5708
63.55 5 1 -1.5708
63.6 5 1 -1.5708
63.6 5 1 -1.5708
63.65 5 1 -1.5708
63.65 5 1 -1.5708
63.7 5 1 -1.5708
63.75 5 1 -1.5708
63.75 5 1 -1.5708
63.8 5 1 -1.5708
63.85 5 1 -1.5708
63.85 5 1 -1.5708
63.9 5 1 -1.5708
63.9 5 1 -1.5708
63.95 5 1 -1.5708
63.95 5 1 -1.5708
64 5 1 -1.5708
64 5 1 -1.5708
64.05 5 1 -1.5708
64.05 5 1 -1.5708
64.1 5 1 -1.5708
64.1 5 1 -1.5708
64.15 5 1 -1.5708
64.15 5 1 -1.5708
64.2 5 1 -1.5708
64.2 5 1 -1.5708
64.25 5 1 -1.5708
64.25 5 1 -1.5708
64.3 5 1 -1.5708
64.3 5 1 -1.5708
64.35 5 1 -1.5708
64.35 5 1 -1.5708
64.4 5 1 -1.5708
64.4 5 1 -1.5708
64.45 5 1 -1.5708
64.5 5 1 -1.5708
64.5 5 1 -1.5708
64.55 5 1 -1.5708
64.55 5 1 -1.5708
64.6 5 1 -1.5708
64.6 5 1 -1.5708
64.65 5 1 -1.5708
64.65 5 1 -1.5708
64.7 5 1 -1.5708
64.7 5 1 -1.5708
64.75 5 1 -1.5708
64.75 5 1 -1.5708
64.8 5 1 -1.5708
64.8 5 1 -1.5708
64.85 5 1 -1.5708
64.85 5 1 -1.5708
64.9 5 1 -1.5708
64.9 5 1 -1.5708
64.95 5 1 -1.5708
64.95 5 1 -1.5708
65 5 1 -1.5708
65 5 1 -1.5708
65.05 5 1 -1.5708
65.05 5 1 -1.5708
65.1 5 1 -1.5708
65.1 5 1 -1.5708
65.15 5 1 -1.5708
65.15 5 1 -1.5708
65.2 5 1 -1.5708
65.2 5 1 -1.5708
65.25 5 1 -1.5708
65.25 5 1 -1.5708
65.3 5 1 -1.5708
65.35 5 1 -1.5708
65.35 5 1 -1.5708
65.4 5 1 -1.5708
65.4 5 1 -1.5708
65.45 5 1 -1.5708
65.45 5 1 -1.5708
65.5 5 1 -1.5708
65.5 5 1 -1.5708
65.55 5 1 -1.5708
65.55 5 1 -1.5708
65.6 5 1 -1.5708
65.6 5 1 -1.5708
65.65 5 1 -1.5708
65.7 5 1 -1.5708
65.7 5 1 -1.5708
65.75 5 1 -1.5708
65.75 5 1 -1.5708
65.8 5 1 -1.5708
65.8 5 1 -1.5708
65.85 5 1 -1.5708
65.9 5 1 -1.5708
65.9 5 1 -1.5708
65.95 5 1 -1.5708
65.95 5 1 -1.5708
66 5 1 -1.5708
66 5 1 -1.5708
66.05 5 1 -1.5708
66.05 5 1 -1.5708
66.1 5 1 -1.5708
66.1 5 1 -1.5708
66.15 5 1 -1.5708
66.15 5 1 -1.5708
66.2 5 1 -1.5708
66.2 5 1 -1.5708
66.25 5 1 -1.5708
66.25 5 1 -1.5708
66.3 5 1 -1.5708
66.3 5 1 -1.5708
66.35 5 1 -1.5708
66.35 5 1 -1.5708
66.4 5 1 -1.5708
66.4 5 1 -1.5708
66.45 5 1 -1.5708
66.45 5 1 -1.5708
66.5 5 1 -1.5708
66.5 5 1 -1.5708
66.55 5 1 -1.5708
66.55 5 1 -1.5708
66.6 5 1 -1.5708
66.65 5 1 -1.5708
66.65 5 1 -1.5708
66.7 5 1 -1.5708
66.7 5 1 -1.5708
66.75 5 1 -1.5708
66.8 5 1 -1.5708
66.8 5 1 -1.5708
66.85 5 1 -1.5708
66.9 5 1 -1.5708
66.9 5 1 -1.5708
66.95 5 1 -1.5708
66.95 5 1 -1.5708
67 5 1 -1.5708
67 5 1 -1.5708
67.05 5 1 -1.5708
67.05 5 1 -1.5708
67.1 5 1 -1.5708
67.1 5 1 -1.5708
67.15 5 1 -1.5708
67.15 5 1 -1.5708
67.2 5 1 -1.5708
67.25 5 1 -1.5708
67.25 5 1 -1.5708
67.3 5 1 -1.5708
67.3 5 1 -1.5708
67.35 5 1 -1.5708
67.35 5 1 -1.5708
67.4 5 1 -1.5708
67.4 5 1 -1.5708
67.45 5 1 -1.5708
67.45 5 1 -1.5708
67.5 5 1 -1.5708
67.5 5 1 -1.5708
67.55 5 1 -1.5708
67.55 5 1 -1.5708
67.6 5 1 -1.5708
67.65 5 1 -1.5708
67.7 5 1 -1.5708
67.7 5 1 -1.5708
67.75 5 1 -1.5708
67.75 5 1 -1.5708
67.8 5 1 -1.5708
67.85 5 1 -1.5708
67.85 5 1 -1.5708
67.9 5 1 -1.5708
67.9 5 1 -1.5708
67.95 5 1 -1.5708
68 5 1 -1.5708
68 5 1 -1.5708
68.05 5 1 -1.5708
68.1 5 1 -1.5708
68.1 5 1 -1.5708
68.15 5 1 -1.5708
68.15 5 1 -1.5708
68.2 5 1 -1.5708
68.25 5 1 -1.5708
68.25 5 1 -1.5708
68.3 5 1 -1.5708
68.35 5 1 -1.5708
68.35 5 1 -1.5708
68.4 5 1 -1.5708
68.4 5 1 -1.5708
68.45 5 1 -1.5708
68.45 5 1 -1.5708
68.5 5 1 -1.5708
68.5 5 1 -1.5708
68.55 5 1 -1.5708
68.6 5 1 -1.5708
68.6 5 1 -1.5708
68.65 5 1 -1.5708
68.65 5 1 -1.5708
68.7 5 1 -1.5708
68.7 5 1 -1.5708
68.75 5 1 -1.5708
68.75 5 1 -1.5708
68.8 5 1 -1.5708
68.8 5 1 -1.5708
68.85 5 1 -1.5708
68.9 5 1 -1.5708
68.95 5 1 -1.5708
69 5 1 -1.5708
69 5 1 -1.5708
69.05 5 1 -1.5708
69.05 5 1 -1.5708
69.1 5 1 -1.5708
69.1 5 1 -1.5708
69.15 5 1 -1.5708
69.15 5 1 -1.5708
69.2 5 1 -1.5708
69.25 5 1 -1.5708
69.25 5 1 -1.5708
69.3 5 1 -1.5708
69.3 5 1 -1.5708
69.35 5 1 -1.5708
69.4 5 1 -1.5708
69.45 5 1 -1.5708
69.45 5 1 -1.5708
69.5 5 1 -1.5708
69.5 5 1 -1.5708
69.55 5 1 -1.5708
69.55 5 1 -1.5708
69.6 5 1 -1.5708
69.6 5 1 -1.5708
69.65 5 1 -1.5708
69.65 5 1 -1.5708
69.7 5 1 -1.5708
69.7 5 1 -1.5708
69.75 5 1 -1.5708
69.75 5 1 -1.5708
69.8 5 1 -1.5708
69.8 5 1 -1.5708
69.85 5 1 -1.5708
69.85 5 1 -1.5708
69.9 5 1 -1.5708
69.9 5 1 -1.5708
69.95 5 1 -1.5708
69.95 5 1 -1.5708
70 5 1 -1.5708
70 5 1 -1.5708
70.05 5 1 -1.5708
70.05 5 1 -1.5708
70.1 5 1 -1.5708
70.15 5 1 -1.5708
70.15 5 1 -1.5708
70.2 5 1 -1.5708
70.2 5 1 -1.5708
70.25 5 1 -1.5708
70.25 5 1 -1.5708
70.3 5 1 -1.5708
70.35 5 1 -1.5708
70.35 5 1 -1.5708
70.4 5 1 -1.5708
70.45 5 1 -1.5708
70.45 5 1 -1.5708
70.5 5 1 -1.5708
70.5 5 1 -1.5708
70.55 5 1 -1.5708
70.55 5 1 -1.5708
70.6 5 1 -1.5708
70.6 5 1 -1.5708
70.65 5 1 -1.5708
70.65 5 1 -1.5708
70.7 5 1 -1.5708
70.75 5 1 -1.5708
70.75 5 1 -1.5708
70.8 5 1 -1.5708
70.8 5 1 -1.5708
70.85 5 1 -1.5708
70.85 5 1 -1.5708
70.9 5 1 -1.5708
70.95 5 1 -1.5708
71 5 1 -1.5708
71 5 1 -1.5708
71.05 5 1 -1.5708
71.05 5 1 -1.5708
71.1 5 1 -1.5708
71.15 5 1 -1.5708
71.15 5 1 -1.5708
71.2 5 1 -1.5708
71.25 5 1 -1.5708
71.3 5 1 -1.5708
71.3 5 1 -1.5708
71.35 5 1 -1.5708
71.35 5 1 -1.5708
71.4 5 1 -1.5708
71.4 5 1 -1.5708
71.45 5 1 -1.5708
71.5 5 1 -1.5708
71.5 5 1 -1.5708
71.55 5 1 -1.5708
71.6 5 1 -1.5708
71.6 5 1 -1.5708
71.65 5 1 -1.5708
71.65 5 1 -1.5708
71.7 5 1 -1.5708
71.7 5 1 -1.5708
71.75 5 1 -1.5708
71.75 5 1 -1.5708
71.8 5 1 -1.5708
71.8 5 1 -1.5708
71.85 5 1 -1.5708
71.85 5 1 -1.5708
71.9 5 1 -1.5708
71.9 5 1 -1.5708
71.95 5 1 -1.5708
71.95 5 1 -1.5708
72 5 1 -1.5708
72.05 5 1 -1.5708
72.1 5 1 -1.5708
72.1 5 1 -1.5708
72.15 5 1 -1.5708
72.15 5 1 -1.5708
72.2 5 1 -1.5708
72.2 5 1 -1.5708
72.25 5 1 -1.5708
72.25 5 1 -1.5708
72.3 5 1 -1.5708
72.35 5 1 -1.5708
72.4 5 1 -1.5708
72.4 5 1 -1.5708
72.45 5 1 -1.5708
72.45 5 1 -1.5708
72.5 5 1 -1.5708
72.55 5 1 -1.5708
72.55 5 1 -1.5708
72.6 5 1 -1.5708
72.6 5 1 -1.5708
72.65 5 1 -1.5708
72.65 5 1 -1.5708
72.7 5 1 -1.5708
72.7 5 1 -1.5708
72.75 5 1 -1.5708
72.8 5 1 -1.5708
72.8 5 1 -1.5708
72.85 5 1 -1.5708
72.85 5 1 -1.5708
72.9 5 1 -1.5708
72.95 5 1 -1.5708
72.95 5 1 -1.5708
73 5 1 -1.5708
73 5 1 -1.5708
73.05 5 1 -1.5708
73.05 5 1 -1.5708
73.1 5 1 -1.5708
73.1 5 1 -1.5708
73.15 5 1 -1.5708
73.15 5 1 -1.5708
73.2 5 1 -1.5708
73.2 5 1 -1.5708
73.25 5 1 -1.5708
73.3 5 1 -1.5708
73.3 5 1 -1.5708
73.35 5 1 -1.5708
73.35 5 1 -1.5708
73.4 5 1 -1.5708
73.4 5 1 -1.5708
73.45 5 1 -1.5708
73.5 5 1 -1.5708
73.55 5 1 -1.5708
73.55 5 1 -1.5708
73.6 5 1 -1.5708
73.6 5 1 -1.5708
73.65 5 1 -1.5708
73.65 5 1 -1.5708
73.7 5 1 -1.5708
73.75 5 1 -1.5708
73.75 5 1 -1.5708
73.8 5 1 -1.5708
73.85 5 1 -1.5708
73.85 5 1 -1.5708
73.9 5 1 -1.5708
73.95 5 1 -1.5708
73.95 5 1 -1.5708
74 5 1 -1.5708
74 5 1 -1.5708
74.05 5 1 -1.5708
74.05 5 1 -1.5708
74.1 5 1 -1.5708
74.1 5 1 -1.5708
74.15 5 1 -1.5708
74.2 5 1 -1.5708
74.25 5 1 -1.5708
74.25 5 1 -1.5708
74.3 5 1 -1.5708
74.35 5 1 -1.5708
74.35 5 1 -1.5708
74.4 5 1 -1.5708
74.45 5 1 -1.5708
74.5 5 1 -1.5708
74.55 5 1 -1.5708
74.6 5 1 -1.5708
74.6 5 1 -1.5708
74.65 5 1 -1.5708
74.65 5 1 -1.5708
74.7 5 1 -1.5708
74.7 5 1 -1.5708
74.75 5 1 -1.5708
74.75 5 1 -1.5708
74.8 5 1 -1.5708
74.8 5 1 -1.5708
74.85 5 1 -1.5708
74.85 5 1 -1.5708
74.9 5 1 -1.5708
74.9 5 1 -1.5708
74.95 5 1 -1.5708
75 5 1 -1.5708
75 5 1 -1.5708
75.05 5 1 -1.5708
75.05 5 1 -1.5708
75.1 5 1 -1.5708
75.1 5 1 -1.5708
75.15 5 1 -1.5708
75.15 5 1 -1.5708
75.2 5 1 -1.5708
75.2 5 1 -1.5708
75.25 5 1 -1.5708
75.25 5 1 -1.5708
75.3 5 1 -1.5708
75.35 5 1 -1.5708
75.35 5 1 -1.5708
75.4 5 1 -1.5708
75.45 5 1 -1.5708
75.45 5 1 -1.5708
75.5 5 1 -1.5708
75.5 5 1 -1.5708
75.55 5 1 -1.5708
75.55 5 1 -1.5708
75.6 5 1 -1.5708
75.6 5 1 -1.5708
75.65 5 1 -1.5708
75.7 5 1 -1.5708
75.75 5 1 -1.5708
75.75 5 1 -1.5708
75.8 5 1 -1.5708
75.85 5 1 -1.5708
75.85 5 1 -1.5708
75.9 5 1 -1.5708
75.9 5 1 -1.5708
75.95 5 1 -1.5708
75.95 5 1 -1.5708
76 5 1 -1.5708
76 5 1 -1.5708
76.05 5 1 -1.5708
76.05 5 1 -1.5708
76.1 5 1 -1.5708
76.15 5 1 -1.5708
76.15 5 1 -1.5708
76.2 5 1 -1.5708
76.2 5 1 -1.5708
76.25 5 1 -1.5708
76.25 5 1 -1.5708
76.3 5 1 -1.5708
76.3 5 1 -1.5708
76.35 5 1 -1.5708
76.35 5 1 -1.5708
76.4 5 1 -1.5708
76.45 5 1 -1.5708
76.45 5 1 -1.5708
76.5 5 1 -1.5708
76.5 5 1 -1.5708
76.55 5 1 -1.5708
76.55 5 1 -1.5708
76.6 5 1 -1.5708
76.6 5 1 -1.5708
76.65 5 1 -1.5708
76.7 5 1 -1.5708
76.75 5 1 -1.5708
76.75 5 1 -1.5708
76.8 5 1 -1.5708
76.8 5 1 -1.5708
76.85 5 1 -1.5708
76.85 5 1 -1.5708
76.9 5 1 -1.5708
76.9 5 1 -1.5708
76.95 5 1 -1.5708
76.95 5 1 -1.5708
77 5 1 -1.5708
77 5 1 -1.5708
77.05 5 1 -1.5708
77.05 5 1 -1.5708
77.1 5 1 -1.5708
77.15 5 1 -1.5708
77.15 5 1 -1.5708
77.2 5 1 -1.5708
77.2 5 1 -1.5708
77.25 5 1 -1.5708
77.25 5 1 -1.5708
77.3 5 1 -1.5708
77.3 5 1 -1.5708
77.35 5 1 -1.5708
77.35 5 1 -1.5708
77.4 5 1 -1.5708
77.4 5 1 -1.5708
77.45 5 1 -1.5708
77.45 5 1 -1.5708
77.5 5 1 -1.5708
77.5 5 1 -1.5708
77.55 5 1 -1.5708
77.55 5 1 -1.5708
77.6 5 1 -1.5708
77.6 5 1 -1.5708
77.65 5 1 -1.5708
77.7 5 1 -1.5708
77.7 5 1 -1.5708
77.75 5 1 -1.5708
77.75 5 1 -1.5708
77.8 5 1 -1.5708
77.85 5 1 -1.5708
77.85 5 1 -1.5708
77.9 5 1 -1.5708
77.9 5 1 -1.5708
77.95 5 1 -1.5708
77.95 5 1 -1.5708
78 5 1 -1.5708
78.05 5 1 -1.5708
78.05 5 1 -1.5708
78.1 5 1 -1.5708
78.1 5 1 -1.5708
78.15 5 1 -1.5708
78.15 5 1 -1.5708
78.2 5 1 -1.5708
78.25 5 1 -1.5708
78.25 5 1 -1.5708
78.3 5 1 -1.5708
78.3 5 1 -1.5708
78.35 5 1 -1.5708
78.35 5 1 -1.5708
78.4 5 1 -1.5708
78.4 5 1 -1.5708
78.45 5 1 -1.5708
78.45 5 1 -1.5708
78.5 5 1 -1.5708
78.5 5 1 -1.5708
78.55 5 1 -1.5708
78.55 5 1 -1.5708
78.6 5 1 -1.5708
78.6 5 1 -1.5708
78.65 5 1 -1.5708
78.65 5 1 -1.5708
78.7 5 1 -1.5708
78.7 5 1 -1.5708
78.75 5 1 -1.5708
78.75 5 1 -1.5708
78.8 5 1 -1.5708
78.8 5 1 -1.5708
78.85 5 1 -1.5708
78.85 5 1 -1.5708
78.9 5 1 -1.5708
78.9 5 1 -1.5708
78.95 5 1 -1.5708
78.95 5 1 -1.5708
79 5 1 -1.5708
79.05 5 1 -1.5708
79.05 5 1 -1.5708
79.1 5 1 -1.5708
79.1 5 1 -1.5708
79.15 5 1 -1.5708
79.2 5 1 -1.5708
79.2 5 1 -1.5708
79.25 5 1 -1.5708
79.25 5 1 -1.5708
79.3 5 1 -1.5708
79.3 5 1 -1.5708
79.35 5 1 -1.5708
79.35 5 1 -1.5708
79.4 5 1 -1.5708
79.4 5 1 -1.5708
79.45 5 1 -1.5708
79.45 5 1 -1.5708
79.5 5 1 -1.5708
79.5 5 1 -1.5708
79.55 5 1 -1.5708
79.55 5 1 -1.5708
79.6 5 1 -1.5708
79.6 5 1 -1.5708
79.65 5 1 -1.5708
79.65 5 1 -1.5708
79.7 5 1 -1.5708
79.7 5 1 -1.5708
79.75 5 1 -1.5708
79.75 5 1 -1.5708
79.8 5 1 -1.5708
79.8 5 1 -1.5708
79.85 5 1 -1.5708
79.85 5 1 -1.5708
79.9 5 1 -1.5708
79.95 5 1 -1.5708
80 5 1 -1.5708
80 5 1 -1.5708
80.05 5 1 -1.5708
80.05 5 1 -1.5708
80.1 5 1 -1.5708
80.1 5 1 -1.5708
80.15 5 1 -1.5708
80.2 5 1 -1.5708
80.2 5 1 -1.5708
80.25 5 1 -1.5708
80.3 5 1 -1.5708
80.35 5 1 -1.5708
80.35 5 1 -1.5708
80.4 5 1 -1.5708
80.4 5 1 -1.5708
80.45 5 1 -1.5708
80.45 5 1 -1.5708
80.5 5 1 -1.5708
80.5 5 1 -1.5708
80.55 5 1 -1.5708
80.55 5 1 -1.5708
80.6 5 1 -1.5708
80.6 5 1 -1.5708
80.65 5 1 -1.5708
80.65 5 1 -1.5708
80.7 5 1 -1.5708
80.7 5 1 -1.5708
80.75 5 1 -1.5708
80.75 5 1 -1.5708
80.8 5 1 -1.5708
80.8 5 1 -1.5708
80.85 5 1 -1.5708
80.85 5 1 -1.5708
80.9 5 1 -1.5708
80.9 5 1 -1.5708
80.95 5 1 -1.5708
81 5 1 -1.5708
81.05 5 1 -1.5708
81.05 5 1 -1.5708
81.1 5 1 -1.5708
81.1 5 1 -1.5708
81.15 5 1 -1.5708
81.15 5 1 -1.5708
81.2 5 1 -1.5708
81.2 5 1 -1.5708
81.25 5 1 -1.5708
81.25 5 1 -1.5708
81.3 5 1 -1.5708
81.3 5 1 -1.5708
81.35 5 1 -1.5708
81.35 5 1 -1.5708
81.4 5 1 -1.5708
81.4 5 1 -1.5708
81.45 5 1 -1.5708
81.45 5 1 -1.5708
81.5 5 1 -1.5708
81.5 5 1 -1.5708
81.55 5 1 -1.5708
81.6 5 1 -1.5708
81.6 5 1 -1.5708
81.65 5 1 -1.5708
81.7 5 1 -1.5708
81.75 5 1 -1.5708
81.75 5 1 -1.5708
81.8 5 1 -1.5708
81.8 5 1 -1.5708
81.85 5 1 -1.5708
81.85 5 1 -1.5708
81.9 5 1 -1.5708
81.9 5 1 -1.5708
81.95 5 1 -1.5708
81.95 5 1 -1.5708
82 5 1 -1.5708
82.05 5 1 -1.5708
82.05 5 1 -1.5708
82.1 5 1 -1.5708
82.1 5 1 -1.5708
82.15 5 1 -1.5708
82.15 5 1 -1.5708
82.2 5 1 -1.5708
82.2 5 1 -1.5708
82.25 5 1 -1.5708
82.3 5 1 -1.5708
82.3 5 1 -1.5708
82.35 5 1 -1.5708
82.35 5 1 -1.5708
82.4 5 1 -1.5708
82.4 5 1 -1.5708
82.45 5 1 -1.5708
82.45 5 1 -1.5708
82.5 5 1 -1.5708
82.5 5 1 -1.5708
82.55 5 1 -1.5708
82.55 5 1 -1.5708
82.6 5 1 -1.5708
82.65 5 1 -1.5708
82.65 5 1 -1.5708
82.7 5 1 -1.5708
82.7 5 1 -1.5708
82.75 5 1 -1.5708
82.75 5 1 -1.5708
82.8 5 1 -1.5708
82.8 5 1 -1.5708
82.85 5 1 -1.5708
82.85 5 1 -1.5708
82.9 5 1 -1.5708
82.9 5 1 -1.5708
82.95 5 1 -1.5708
82.95 5 1 -1.5708
83 5 1 -1.5708
83.05 5 1 -1.5708
83.05 5 1 -1.5708
83.1 5 1 -1.5708
83.1 5 1 -1.5708
83.15 5 1 -1.5708
83.15 5 1 -1.5708
83.2 5 1 -1.5708
83.2 5 1 -1.5708
83.25 5 1 -1.5708
83.25 5 1 -1.5708
83.3 5 1 -1.5708
83.3 5 1 -1.5708
83.35 5 1 -1.5708
83.35 5 1 -1.5708
83.4 5 1 -1.5708
83.45 5 1 -1.5708
83.45 5 1 -1.5708
83.5 5 1 -1.5708
83.5 5 1 -1.5708
83.55 5 1 -1.5708
83.55 5 1 -1.5708
83.6 5 1 -1.5708
83.6 5 1 -1.5708
83.65 5 1 -1.5708
83.65 5 1 -1.5708
83.7 5 1 -1.5708
83.7 5 1 -1.5708
83.75 5 1 -1.5708
83.75 5 1 -1.5708
83.8 5 1 -1.5708
83.8 5 1 -1.5708
83.85 5 1 -1.5708
83.85 5 1 -1.5708
83.9 5 1 -1.5708
83.9 5 1 -1.5708
83.95 5 1 -1.5708
84 5 1 -1.5708
84 5 1 -1.5708
84.05 5 1 -1.5708
84.05 5 1 -1.5708
84.1 5 1 -1.5708
84.1 5 1 -1.5708
84.15 5 1 -1.5708
84.2 5 1 -1.5708
84.25 5 1 -1.5708
84.25 5 1 -1.5708
84.3 5 1 -1.5708
84.3 5 1 -1.5708
84.35 5 1 -1.5708
84.35 5 1 -1.5708
84.4 5 1 -1.5708
84.4 5 1 -1.5708
84.45 5 1 -1.5708
84.45 5 1 -1.5708
84.5 5 1 -1.5708
84.5 5 1 -1.5708
84.55 5 1 -1.5708
84.55 5 1 -1.5708
84.6 5 1 -1.5708
84.6 5 1 -1.5708
84.65 5 1 -1.5708
84.65 5 1 -1.5708
84.7 5 1 -1.5708
84.7 5 1 -1.5708
84.75 5 1 -1.5708
84.75 5 1 -1.5708
84.8 5 1 -1.5708
84.85 5 1 -1.5708
84.85 5 1 -1.5708
84.9 5 1 -1.5708
84.9 5 1 -1.5708
84.95 5 1 -1.5708
84.95 5 1 -1.5708
85 5 1 -1.5708
85 5 1 -1.5708
85.05 5 1 -1.5708
85.05 5 1 -1.5708
85.1 5 1 -1.5708
85.1 5 1 -1.5708
85.15 5 1 -1.5708
85.15 5 1 -1.5708
85.2 5 1 -1.5708
85.2 5 1 -1.5708
85.25 5 1 -1.5708
85.25 5 1 -1.5708
85.3 5 1 -1.5708
85.3 5 1 -1.5708
85.35 5 1 -1.5708
85.35 5 1 -1.5708
85.4 5 1 -1.5708
85.4 5 1 -1.5708
85.45 5 1 -1.5708
85.45 5 1 -1.5708
85.5 5 1 -1.5708
85.5 5 1 -1.5708
85.55 5 1 -1.5708
85.55 5 1 -1.5708
85.6 5 1 -1.5708
85.6 5 1 -1.5708
85.65 5 1 -1.5708
85.65 5 1 -1.5708
85.7 5 1 -1.5708
85.7 5 1 -1.5708
85.75 5 1 -1.5708
85.75 5 1 -1.5708
85.8 5 1 -1.5708
85.85 5 1 -1.5708
85.9 5 1 -1.5708
85.9 5 1 -1.5708
85.95 5 1 -1.5708
85.95 5 1 -1.5708
86 5 1 -1.5708
86 5 1 -1.5708
86.05 5 1 -1.5708
86.05 5 1 -1.5708
86.1 5 1 -1.5708
86.1 5 1 -1.5708
86.15 5 1 -1.5708
86.15 5 1 -1.5708
86.2 5 1 -1.5708
86.25 5 1 -1.5708
86.25 5 1 -1.5708
86.3 5 1 -1.5708
86.3 5 1 -1.5708
86.35 5 1 -1.5708
86.35 5 1 -1.5708
86.4 5 1 -1.5708
86.4 5 1 -1.5708
86.45 5 1 -1.5708
86.5 5 1 -1.5708
86.5 5 1 -1.5708
86.55 5 1 -1.5708
86.55 5 1 -1.5708
86.6 5 1 -1.5708
86.6 5 1 -1.5708
86.65 5 1 -1.5708
86.65 5 1 -1.5708
86.7 5 1 -1.5708
86.7 5 1 -1.5708
86.75 5 1 -1.5708
86.8 5 1 -1.5708
86.8 5 1 -1.5708
86.85 5 1 -1.5708
86.85 5 1 -1.5708
86.9 5 1 -1.5708
86.9 5 1 -1.5708
86.95 5 1 -1.5708
87 5 1 -1.5708
87 5 1 -1.5708
87.05 5 1 -1.5708
87.05 5 1 -1.5708
87.1 5 1 -1.5708
87.1 5 1 -1.5708
87.15 5 1 -1.5708
87.15 5 1 -1.5708
87.2 5 1 -1.5708
87.25 5 1 -1.5708
87.3 5 1 -1.5708
87.3 5 1 -1.5708
87.35 5 1 -1.5708
87.35 5 1 -1.5708
87.4 5 1 -1.5708
87.45 5 1 -1.5708
87.5 5 1 -1.5708
87.5 5 1 -1.5708
87.55 5 1 -1.5708
87.55 5 1 -1.5708
87.6 5 1 -1.5708
87.6 5 1 -1.5708
87.65 5 1 -1.5708
87.65 5 1 -1.5708
87.7 5 1 -1.5708
87.7 5 1 -1.5708
87.75 5 1 -1.5708
87.75 5 1 -1.5708
87.8 5 1 -1.5708
87.8 5 1 -1.5708
87.85 5 1 -1.5708
87.9 5 1 -1.5708
87.9 5 1 -1.5708
87.95 5 1 -1.5708
87.95 5 1 -1.5708
88 5 1 -1.5708
88 5 1 -1.5708
88.05 5 1 -1.5708
88.1 5 1 -1.5708
88.1 5 1 -1.5708
88.15 5 1 -1.5708
88.2 5 1 -1.5708
88.25 5 1 -1.5708
88.3 5 1 -1.5708
88.35 5 1 -1.5708
88.35 5 1 -1.5708
88.4 5 1 -1.5708
88.45 5 1 -1.5708
88.45 5 1 -1.5708
88.5 5 1 -1.5708
88.5 5 1 -1.5708
88.55 5 1 -1.5708
88.6 5 1 -1.5708
88.6 5 1 -1.5708
88.65 5 1 -1.5708
88.65 5 1 -1.5708
88.7 5 1 -1.5708
88.7 5 1 -1.5708
88.75 5 1 -1.5708
88.75 5 1 -1.5708
88.8 5 1 -1.5708
88.8 5 1 -1.5708
88.85 5 1 -1.5708
88.85 5 1 -1.5708
88.9 5 1 -1.5708
88.9 5 1 -1.5708
88.95 5 1 -1.5708
88.95 5 1 -1.5708
89 5 1 -1.5708
89 5 1 -1.5708
89.05 5 1 -1.5708
89.05 5 1 -1.5708
89.1 5 1 -1.5708
89.1 5 1 -1.5708
89.15 5 1 -1.5708
89.2 5 1 -1.5708
89.2 5 1 -1.5708
89.25 5 1 -1.5708
89.3 5 1 -1.5708
89.3 5 1 -1.5708
89.35 5 1 -1.5708
89.35 5 1 -1.5708
89.4 5 1 -1.5708
89.4 5 1 -1.5708
89.45 5 1 -1.5708
89.45 5 1 -1.5708
89.5 5 1 -1.5708
89.5 5 1 -1.5708
89.55 5 1 -1.5708
89.55 5 1 -1.5708
89.6 5 1 -1.5708
89.6 5 1 -1.5708
89.65 5 1 -1.5708
89.65 5 1 -1.5708
89.7 5 1 -1.5708
89.7 5 1 -1.5708
89.75 5 1 -1.5708
89.75 5 1 -1.5708
89.8 5 1 -1.5708
89.8 5 1 -1.5708
89.85 5 1 -1.5708
89.85 5 1 -1.5708
89.9 5 1 -1.5708
89.9 5 1 -1.5708
89.95 5 1 -1.5708
89.95 5 1 -1.5708
90 5 1 -1.5708
90 5 1 -1.5708
90.05 5 1 -1.5708
90.05 5 1 -1.5708
90.1 5 1 -1.5708
90.1 5 1 -1.5708
90.15 5 1 -1.5708
90.15 5 1 -1.5708
90.2 5 1 -1.5708
90.2 5 1 -1.5708
90.25 5 1 -1.5708
90.25 5 1 -1.5708
90.3 5 1 -1.5708
90.3 5 1 -1.5708
90.35 5 1 -1.5708
90.35 5 1 -1.5708
90.4 5 1 -1.5708
90.45 5 1 -1.5708
90.45 5 1 -1.5708
90.5 5 1 -1.5708
90.5 5 1 -1.5708
90.55 5 1 -1.5708
90.6 5 1 -1.5708
90.65 5 1 -1.5708
90.65 5 1 -1.5708
90.7 5 1 -1.5708
90.7 5 1 -1.5708
90.75 5 1 -1.5708
90.75 5 1 -1.5708
90.8 5 1 -1.5708
90.8 5 1 -1.5708
90.85 5 1 -1.5708
90.85 5 1 -1.5708
90.9 5 1 -1.5708
90.9 5 1 -1.5708
90.95 5 1 -1.5708
91 5 1 -1.5708
91 5 1 -1.5708
91.05 5 1 -1.5708
91.1 5 1 -1.5708
91.1 5 1 -1.5708
91.15 5 1 -1.5708
91.15 5 1 -1.5708
91.2 5 1 -1.5708
91.2 5 1 -1.5708
91.25 5 1 -1.5708
91.25 5 1 -1.5708
91.3 5 1 -1.5708
91.3 5 1 -1.5708
91.35 5 1 -1.5708
91.4 5 1 -1.5708
91.4 5 1 -1.5708
91.45 5 1 -1.5708
91.45 5 1 -1.5708
91.5 5 1 -1.5708
91.5 5 1 -1.5708
91.55 5 1 -1.5708
91.55 5 1 -1.5708
91.6 5 1 -1.5708
91.6 5 1 -1.5708
91.65 5 1 -1.5708
91.65 5 1 -1.5708
91.7 5 1 -1.5708
91.7 5 1 -1.5708
91.75 5 1 -1.5708
91.75 5 1 -1.5708
91.8 5 1 -1.5708
91.8 5 1 -1.5708
91.85 5 1 -1.5708
91.85 5 1 -1.5708
91.9 5 1 -1.5708
91.9 5 1 -1.5708
91.95 5 1 -1.5708
92 5 1 -1.5708
92 5 1 -1.5708
92.05 5 1 -1.5708
92.05 5 1 -1.5708
92.1 5 1 -1.5708
92.15 5 1 -1.5708
92.2 5 1 -1.5708
92.25 5 1 -1.5708
92.25 5 1 -1.5708
92.3 5 1 -1.5708
92.3 5 1 -1.5708
92.35 5 1 -1.5708
92.35 5 1 -1.5708
92.4 5 1 -1.5708
92.4 5 1 -1.5708
92.45 5 1 -1.5708
92.45 5 1 -1.5708
92.5 5 1 -1.5708
92.55 5 1 -1.5708
92.55 5 1 -1.5708
92.6 5 1 -1.5708
92.6 5 1 -1.5708
92.65 5 1 -1.5708
92.65 5 1 -1.5708
92.7 5 1 -1.5708
92.75 5 1 -1.5708
92.75 5 1 -1.5708
92.8 5 1 -1.5708
92.8 5 1 -1.5708
92.85 5 1 -1.5708
92.9 5 1 -1.5708
92.95 5 1 -1.5708
92.95 5 1 -1.5708
93 5 1 -1.5708
93.05 5 1 -1.5708
93.05 5 1 -1.5708
93.1 5 1 -1.5708
93.1 5 1 -1.5708
93.15 5 1 -1.5708
93.15 5 1 -1.5708
93.2 5 1 -1.5708
93.2 5 1 -1.5708
93.25 5 1 -1.5708
93.25 5 1 -1.5708
93.3 5 1 -1.5708
93.3 5 1 -1.5708
93.35 5 1 -1.5708
93.35 5 1 -1.5708
93.4 5 1 -1.5708
93.4 5 1 -1.5708
93.45 5 1 -1.5708
93.45 5 1 -1.5708
93.5 5 1 -1.5708
93.5 5 1 -1.5708
93.55 5 1 -1.5708
93.55 5 1 -1.5708
93.6 5 1 -1.5708
93.6 5 1 -1.5708
93.65 5 1 -1.5708
93.7 5 1 -1.5708
93.75 5 1 -1.5708
93.8 5 1 -1.5708
93.8 5 1 -1.5708
93.85 5 1 -1.5708
93.85 5 1 -1.5708
93.9 5 1 -1.5708
93.9 5 1 -1.5708
93.95 5 1 -1.5708
93.95 5 1 -1.5708
94 5 1 -1.5708
94 5 1 -1.5708
94.05 5 1 -1.5708
94.05 5 1 -1.5708
94.1 5 1 -1.5708
94.1 5 1 -1.5708
94.15 5 1 -1.5708
94.2 5 1 -1.5708
94.2 5 1 -1.5708
94.25 5 1 -1.5708
94.25 5 1 -1.5708
94.3 5 1 -1.5708
94.35 5 1 -1.5708
94.35 5 1 -1.5708
94.4 5 1 -1.5708
94.45 5 1 -1.5708
94.45 5 1 -1.5708
94.5 5 1 -1.5708
94.5 5 1 -1.5708
94.55 5 1 -1.5708
94.6 5 1 -1.5708
94.65 5 1 -1.5708
94.65 5 1 -1.5708
94.7 5 1 -1.5708
94.7 5 1 -1.5708
94.75 5 1 -1.5708
94.75 5 1 -1.5708
94.8 5 1 -1.5708
94.8 5 1 -1.5708
94.85 5 1 -1.5708
94.85 5 1 -1.5708
94.9 5 1 -1.5708
94.95 5 1 -1.5708
94.95 5 1 -1.5708
95 5 1 -1.5708
95 5 1 -1.5708
95.05 5 1 -1.5708
95.05 5 1 -1.5708
95.1 5 1 -1.5708
95.1 5 1 -1.5708
95.15 5 1 -1.5708
95.15 5 1 -1.5708
95.2 5 1 -1.5708
95.2 5 1 -1.5708
95.25 5 1 -1.5708
95.25 5 1 -1.5708
95.3 5 1 -1.5708
95.3 5 1 -1.5708
95.35 5 1 -1.5708
95.4 5 1 -1.5708
95.4 5 1 -1.5708
95.45 5 1 -1.5708
95.45 5 1 -1.5708
95.5 5 1 -1.5708
95.55 5 1 -1.5708
95.55 5 1 -1.5708
95.6 5 1 -1.5708
95.6 5 1 -1.5708
95.65 5 1 -1.5708
95.65 5 1 -1.5708
95.7 5 1 -1.5708
95.7 5 1 -1.5708
95.75 5 1 -1.5708
95.8 5 1 -1.5708
95.8 5 1 -1.5708
95.85 5 1 -1.5708
95.85 5 1 -1.5708
95.9 5 1 -1.5708
95.9 5 1 -1.5708
95.95 5 1 -1.5708
95.95 5 1 -1.5708
96 5 1 -1.5708
96.05 5 1 -1.5708
96.1 5 1 -1.5708
96.1 5 1 -1.5708
96.15 5 1 -1.5708
96.2 5 1 -1.5708
96.2 5 1 -1.5708
96.25 5 1 -1.5708
96.3 5 1 -1.5708
96.3 5 1 -1.5708
96.35 5 1 -1.5708
96.4 5 1 -1.5708
96.4 5 1 -1.5708
96.45 5 1 -1.5708
96.45 5 1 -1.5708
96.5 5 1 -1.5708
96.5 5 1 -1.5708
96.55 5 1 -1.5708
96.55 5 1 -1.5708
96.6 5 1 -1.5708
96.6 5 1 -1.5708
96.65 5 1 -1.5708
96.65 5 1 -1.5708
96.7 5 1 -1.5708
96.7 5 1 -1.5708
96.75 5 1 -1.5708
96.75 5 1 -1.5708
96.8 5 1 -1.5708
96.85 5 1 -1.5708
96.9 5 1 -1.5708
96.9 5 1 -1.5708
96.95 5 1 -1.5708
96.95 5 1 -1.5708
97 5 1 -1.5708
97.05 5 1 -1.5708
97.05 5 1 -1.5708
97.1 5 1 -1.5708
97.1 5 1 -1.5708
97.15 5 1 -1.5708
97.15 5 1 -1.5708
97.2 5 1 -1.5708
97.25 5 1 -1.5708
97.3 5 1 -1.5708
97.3 5 1 -1.5708
97.35 5 1 -1.5708
97.35 5 1 -1.5708
97.4 5 1 -1.5708
97.4 5 1 -1.5708
97.45 5 1 -1.5708
97.45 5 1 -1.5708
97.5 5 1 -1.5708
97.5 5 1 -1.5708
97.55 5 1 -1.5708
97.55 5 1 -1.5708
97.6 5 1 -1.5708
97.65 5 1 -1.5708
97.65 5 1 -1.5708
97.7 5 1 -1.5708
97.7 5 1 -1.5708
97.75 5 1 -1.5708
97.75 5 1 -1.5708
97.8 5 1 -1.5708
97.85 5 1 -1.5708
97.85 5 1 -1.5708
97.9 5 1 -1.5708
97.9 5 1 -1.5708
97.95 5 1 -1.5708
97.95 5 1 -1.5708
98 5 1 -1.5708
98 5 1 -1.5708
98.05 5 1 -1.5708
98.1 5 1 -1.5708
98.1 5 1 -1.5708
98.15 5 1 -1.5708
98.2 5 1 -1.5708
98.25 5 1 -1.5708
98.3 5 1 -1.5708
98.3 5 1 -1.5708
98.35 5 1 -1.5708
98.35 5 1 -1.5708
98.4 5 1 -1.5708
98.4 5 1 -1.5708
98.45 5 1 -1.5708
98.45 5 1 -1.5708
98.5 5 1 -1.5708
98.55 5 1 -1.5708
98.6 5 1 -1.5708
98.6 5 1 -1.5708
98.65 5 1 -1.5708
98.65 5 1 -1.5708
98.7 5 1 -1.5708
98.75 5 1 -1.5708
98.75 5 1 -1.5708
98.8 5 1 -1.5708
98.8 5 1 -1.5708
98.85 5 1 -1.5708
98.85 5 1 -1.5708
98.9 5 1 -1.5708
98.9 5 1 -1.5708
98.95 5 1 -1.5708
98.95 5 1 -1.5708
99 5 1 -1.5708
99.05 5 1 -1.5708
99.05 5 1 -1.5708
99.1 5 1 -1.5708
99.1 5 1 -1.5708
99.15 5 1 -1.5708
99.15 5 1 -1.5708
99.2 5 1 -1.5708
99.2 5 1 -1.5708
99.25 5 1 -1.5708
99.3 5 1 -1.5708
99.3 5 1 -1.5708
99.35 5 1 -1.5708
99.35 5 1 -1.5708
99.4 5 1 -1.5708
99.4 5 1 -1.5708
99.45 5 1 -1.5708
99.5 5 1 -1.5708
99.55 5 1 -1.5708
99.55 5 1 -1.5708
99.6 5 1 -1.5708
99.6 5 1 -1.5708
99.65 5 1 -1.5708
99.65 5 1 -1.5708
99.7 5 1 -1.5708
99.7 5 1 -1.5708
99.75 5 1 -1.5708
99.8 5 1 -1.5708
99.8 5 1 -1.5708
99.85 5 1 -1.5708
99.85 5 1 -1.5708
99.9 5 1 -1.5708
99.95 5 1 -1.5708
99.95 5 1 -1.5708
100 5 1 -1.5708
100 5 1 -1.5708
100.05 5 1 -1.5708
100.05 5 1 -1.5708
100.1 5 1 -1.5708
100.1 5 1 -1.5708
100.15 5 1 -1.5708
100.15 5 1 -1.5708
100.2 5 1 -1.5708
100.2 5 1 -1.5708
100.25 5 1 -1.5708
100.25 5 1 -1.5708
100.3 5 1 -1.5708
100.3 5 1 -1.5708
100.35 5 1 -1.5708
100.4 5 1 -1.5708
100.4 5 1 -1.5708
100.45 5 1 -1.5708
100.45 5 1 -1.5708
100.5 5 1 -1.5708
100.5 5 1 -1.5708
100.55 5 1 -1.5708
100.55 5 1 -1.5708
100.6 5 1 -1.5708
100.6 5 1 -1.5708
100.65 5 1 -1.5708
100.7 5 1 -1.5708
100.75 5 1 -1.5708
100.75 5 1 -1.5708
100.8 5 1 -1.5708
100.8 5 1 -1.5708
100.85 5 1 -1.5708
100.85 5 1 -1.5708
100.9 5 1 -1.5708
100.9 5 1 -1.5708
100.95 5 1 -1.5708
100.95 5 1 -1.5708
101 5 1 -1.5708
101 5 1 -1.5708
101.05 5 1 -1.5708
101.05 5 1 -1.5708
101.1 5 1 -1.5708
101.1 5 1 -1.5708
101.15 5 1 -1.5708
101.15 5 1 -1.5708
101.2 5 1 -1.5708
101.2 5 1 -1.5708
101.25 5 1 -1.5708
101.25 5 1 -1.5708
101.3 5 1 -1.5708
101.3 5 1 -1.5708
101.35 5 1 -1.5708
101.35 5 1 -1.5708
101.4 5 1 -1.5708
101.4 5 1 -1.5708
101.45 5 1 -1.5708
101.45 5 1 -1.5708
101.5 5 1 -1.5708
101.5 5 1 -1.5708
101.55 5 1 -1.5708
101.55 5 1 -1.5708
101.6 5 1 -1.5708
101.6 5 1 -1.5708
101.65 5 1 -1.5708
101.65 5 1 -1.5708
101.7 5 1 -1.5708
101.7 5 1 -1.5708
101.75 5 1 -1.5708
101.8 5 1 -1.5708
101.8 5 1 -1.5708
101.85 5 1 -1.5708
101.85 5 1 -1.5708
101.9 5 1 -1.5708
101.9 5 1 -1.5708
101.95 5 1 -1.5708
102 5 1 -1.5708
102 5 1 -1.5708
102.05 5 1 -1.5708
102.05 5 1 -1.5708
102.1 5 1 -1.5708
102.1 5 1 -1.5708
102.15 5 1 -1.5708
102.2 5 1 -1.5708
102.2 5 1 -1.5708
102.25 5 1 -1.5708
102.25 5 1 -1.5708
102.3 5 1 -1.5708
102.3 5 1 -1.5708
102.35 5 1 -1.5708
102.35 5 1 -1.5708
102.4 5 1 -1.5708
102.4 5 1 -1.5708
102.45 5 1 -1.5708
102.45 5 1 -1.5708
102.5 5 1 -1.5708
102.5 5 1 -1.5708
102.55 5 1 -1.5708
102.55 5 1 -1.5708
102.6 5 1 -1.5708
102.6 5 1 -1.5708
102.65 5 1 -1.5708
102.65 5 1 -1.5708
102.7 5 1 -1.5708
102.7 5 1 -1.5708
102.75 5 1 -1.5708
102.75 5 1 -1.5708
102.8 5 1 -1.5708
102.8 5 1 -1.5708
102.85 5 1 -1.5708
102.9 5 1 -1.5708
102.95 5 1 -1.5708
102.95 5 1 -1.5708
103 5 1 -1.5708
103.05 5 1 -1.5708
103.05 5 1 -1.5708
103.1 5 1 -1.5708
103.15 5 1 -1.5708
103.15 5 1 -1.5708
103.2 5 1 -1.5708
103.2 5 1 -1.5708
103.25 5 1 -1.5708
103.25 5 1 -1.5708
103.3 5 1 -1.5708
103.3 5 1 -1.5708
103.35 5 1 -1.5708
103.35 5 1 -1.5708
103.4 5 1 -1.5708
103.4 5 1 -1.5708
103.45 5 1 -1.5708
103.45 5 1 -1.5708
103.5 5 1 -1.5708
103.5 5 1 -1.5708
103.55 5 1 -1.5708
103.55 5 1 -1.5708
103.6 5 1 -1.5708
103.6 5 1 -1.5708
103.65 5 1 -1.5708
103.65 5 1 -1.5708
103.7 5 1 -1.5708
103.7 5 1 -1.5708
103.75 5 1 -1.5708
103.8 5 1 -1.5708
103.8 5 1 -1.5708
103.85 5 1 -1.5708
103.85 5 1 -1.5708
103.9 5 1 -1.5708
103.9 5 1 -1.5708
103.95 5 1 -1.5708
103.95 5 1 -1.5708
104 5 1 -1.5708
104 5 1 -1.5708
104.05 5 1 -1.5708
104.05 5 1 -1.5708
104.1 5 1 -1.5708
104.1 5 1 -1.5708
104.15 5 1 -1.5708
104.2 5 1 -1.5708
104.2 5 1 -1.5708
104.25 5 1 -1.5708
104.3 5 1 -1.5708
104.3 5 1 -1.5708
104.35 5 1 -1.5708
104.35 5 1 -1.5708
104.4 5 1 -1.5708
104.4 5 1 -1.5708
104.45 5 1 -1.5708
104.45 5 1 -1.5708
104.5 5 1 -1.5708
104.5 5 1 -1.5708
104.55 5 1 -1.5708
104.55 5 1 -1.5708
104.6 5 1 -1.5708
104.6 5 1 -1.5708
104.65 5 1 -1.5708
104.65 5 1 -1.5708
104.7 5 1 -1.5708
104.7 5 1 -1.5708
104.75 5 1 -1.5708
104.75 5 1 -1.5708
104.8 5 1 -1.5708
104.8 5 1 -1.5708
104.85 5 1 -1.5708
104.85 5 1 -1.5708
104.9 5 1 -1.5708
104.9 5 1 -1.5708
104.95 5 1 -1.5708
104.95 5 1 -1.5708
105 5 1 -1.5708
105 5 1 -1.5708
105.05 5 1 -1.5708
105.05 5 1 -1.5708
105.1 5 1 -1.5708
105.1 5 1 -1.5708
105.15 5 1 -1.5708
105.2 5 1 -1.5708
105.2 5 1 -1.5708
105.25 5 1 -1.5708
105.25 5 1 -1.5708
105.3 5 1 -1.5708
105.3 5 1 -1.5708
105.35 5 1 -1.5708
105.35 5 1 -1.5708
105.4 5 1 -1.5708
105.4 5 1 -1.5708
105.45 5 1 -1.5708
105.45 5 1 -1.5708
105.5 5 1 -1.5708
105.5 5 1 -1.5708
105.55 5 1 -1.5708
105.55 5 1 -1.5708
105.6 5 1 -1.5708
105.6 5 1 -1.5708
105.65 5 1 -1.5708
105.65 5 1 -1.5708
105.7 5 1 -1.5708
105.7 5 1 -1.5708
105.75 5 1 -1.5708
105.75 5 1 -1.5708
105.8 5 1 -1.5708
105.8 5 1 -1.5708
105.85 5 1 -1.5708
105.85 5 1 -1.5708
105.9 5 1 -1.5708
105.9 5 1 -1.5708
105.95 5 1 -1.5708
105.95 5 1 -1.5708
106 5 1 -1.5708
106.05 5 1 -1.5708
106.1 5 1 -1.5708
106.1 5 1 -1.5708
106.15 5 1 -1.5708
106.2 5 1 -1.5708
106.25 5 1 -1.5708
106.25 5 1 -1.5708
106.3 5 1 -1.5708
106.35 5 1 -1.5708
106.35 5 1 -1.5708
106.4 5 1 -1.5708
106.45 5 1 -1.5708
106.45 5 1 -1.5708
106.5 5 1 -1.5708
106.5 5 1 -1.5708
106.55 5 1 -1.5708
106.55 5 1 -1.5708
106.6 5 1 -1.5708
106.6 5 1 -1.5708
106.65 5 1 -1.5708
106.65 5 1 -1.5708
106.7 5 1 -1.5708
106.7 5 1 -1.5708
106.75 5 1 -1.5708
106.75 5 1 -1.5708
106.8 5 1 -1.5708
106.8 5 1 -1.5708
106.85 5 1 -1.5708
106.85 5 1 -1.5708
106.9 5 1 -1.5708
106.9 5 1 -1.5708
106.95 5 1 -1.5708
106.95 5 1 -1.5708
107 5 1 -1.5708
107 5 1 -1.5708
107.05 5 1 -1.5708
107.05 5 1 -1.5708
107.1 5 1 -1.5708
107.1 5 1 -1.5708
107.15 5 1 -1.5708
107.2 5 1 -1.5708
107.2 5 1 -1.5708
107.25 5 1 -1.5708
107.25 5 1 -1.5708
107.3 5 1 -1.5708
107.3 5 1 -1.5708
107.35 5 1 -1.5708
107.4 5 1 -1.5708
107.4 5 1 -1.5708
107.45 5 1 -1.5708
107.45 5 1 -1.5708
107.5 5 1 -1.5708
107.5 5 1 -1.5708
107.55 5 1 -1.5708
107.55 5 1 -1.5708
107.6 5 1 -1.5708
107.6 5 1 -1.5708
107.65 5 1 -1.5708
107.65 5 1 -1.5708
107.7 5 1 -1.5708
107.7 5 1 -1.5708
107.75 5 1 -1.5708
107.75 5 1 -1.5708
107.8 5 1 -1.5708
107.8 5 1 -1.5708
107.85 5 1 -1.5708
107.85 5 1 -1.5708
107.9 5 1 -1.5708
107.9 5 1 -1.5708
107.95 5 1 -1.5708
107.95 5 1 -1.5708
108 5 1 -1.5708
108 5 1 -1.5708
108.05 5 1 -1.5708
108.1 5 1 -1.5708
108.15 5 1 -1.5708
108.15 5 1 -1.5708
108.2 5 1 -1.5708
108.2 5 1 -1.5708
108.25 5 1 -1.5708
108.25 5 1 -1.5708
108.3 5 1 -1.5708
108.3 5 1 -1.5708
108.35 5 1 -1.5708
108.35 5 1 -1.5708
108.4 5 1 -1.5708
108.4 5 1 -1.5708
108.45 5 1 -1.5708
108.5 5 1 -1.5708
108.5 5 1 -1.5708
108.55 5 1 -1.5708
108.55 5 1 -1.5708
108.6 5 1 -1.5708
108.6 5 1 -1.5708
108.65 5 1 -1.5708
108.65 5 1 -1.5708
108.7 5 1 -1.5708
108.75 5 1 -1.5708
108.75 5 1 -1.5708
108.8 5 1 -1.5708
108.85 5 1 -1.5708
108.9 5 1 -1.5708
108.9 5 1 -1.5708
108.95 5 1 -1.5708
108.95 5 1 -1.5708
109 5 1 -1.5708
109 5 1 -1.5708
109.05 5 1 -1.5708
109.05 5 1 -1.5708
109.1 5 1 -1.5708
109.1 5 1 -1.5708
109.15 5 1 -1.5708
109.2 5 1 -1.5708
109.2 5 1 -1.5708
109.25 5 1 -1.5708
109.25 5 1 -1.5708
109.3 5 1 -1.5708
109.3 5 1 -1.5708
109.35 5 1 -1.5708
109.35 5 1 -1.5708
109.4 5 1 -1.5708
109.45 5 1 -1.5708
109.45 5 1 -1.5708
109.5 5 1 -1.5708
109.5 5 1 -1.5708
109.55 5 1 -1.5708
109.55 5 1 -1.5708
109.6 5 1 -1.5708
109.6 5 1 -1.5708
109.65 5 1 -1.5708
109.65 5 1 -1.5708
109.7 5 1 -1.5708
109.7 5 1 -1.5708
109.75 5 1 -1.5708
109.75 5 1 -1.5708
109.8 5 1 -1.5708
109.8 5 1 -1.5708
109.85 5 1 -1.5708
109.85 5 1 -1.5708
109.9 5 1 -1.5708
109.95 5 1 -1.5708
109.95 5 1 -1.5708
110 5 1 -1.5708
110.05 5 1 -1.5708
110.1 5 1 -1.5708
110.1 5 1 -1.5708
110.15 5 1 -1.5708
110.15 5 1 -1.5708
110.2 5 1 -1.5708
110.2 5 1 -1.5708
110.25 5 1 -1.5708
110.25 5 1 -1.5708
110.3 5 1 -1.5708
110.3 5 1 -1.5708
110.35 5 1 -1.5708
110.35 5 1 -1.5708
110.4 5 1 -1.5708
110.4 5 1 -1.5708
110.45 5 1 -1.5708
110.45 5 1 -1.5708
110.5 5 1 -1.5708
110.5 5 1 -1.5708
110.55 5 1 -1.5708
110.55 5 1 -1.5708
110.6 5 1 -1.5708
110.65 5 1 -1.5708
110.65 5 1 -1.5708
110.7 5 1 -1.5708
110.75 5 1 -1.5708
110.75 5 1 -1.5708
110.8 5 1 -1.5708
110.85 5 1 -1.5708
110.85 5 1 -1.5708
110.9 5 1 -1.5708
110.95 5 1 -1.5708
110.95 5 1 -1.5708
111 5 1 -1.5708
111 5 1 -1.5708
111.05 5 1 -1.5708
111.05 5 1 -1.5708
111.1 5 1 -1.5708
111.1 5 1 -1.5708
111.15 5 1 -1.5708
111.15 5 1 -1.5708
111.2 5 1 -1.5708
111.2 5 1 -1.5708
111.25 5 1 -1.5708
111.25 5 1 -1.5708
111.3 5 1 -1.5708
111.3 5 1 -1.5708
111.35 5 1 -1.5708
111.4 5 1 -1.5708
111.4 5 1 -1.5708
111.45 5 1 -1.5708
111.5 5 1 -1.5708
111.5 5 1 -1.5708
111.55 5 1 -1.5708
111.55 5 1 -1.5708
111.6 5 1 -1.5708
111.6 5 1 -1.5708
111.65 5 1 -1.5708
111.65 5 1 -1.5708
111.7 5 1 -1.5708
111.75 5 1 -1.5708
111.75 5 1 -1.5708
111.8 5 1 -1.5708
111.8 5 1 -1.5708
111.85 5 1 -1.5708
111.9 5 1 -1.5708
111.9 5 1 -1.5708
111.95 5 1 -1.5708
111.95 5 1 -1.5708
112 5 1 -1.5708
112 5 1 -1.5708
112.05 5 1 -1.5708
112.05 5 1 -1.5708
112.1 5 1 -1.5708
112.1 5 1 -1.5708
112.15 5 1 -1.5708
112.15 5 1 -1.5708
112.2 5 1 -1.5708
112.2 5 1 -1.5708
112.25 5 1 -1.5708
112.25 5 1 -1.5708
112.3 5 1 -1.5708
112.3 5 1 -1.5708
112.35 5 1 -1.5708
112.35 5 1 -1.5708
112.4 5 1 -1.5708
112.4 5 1 -1.5708
112.45 5 1 -1.5708
112.45 5 1 -1.5708
112.5 5 1 -1.5708
112.5 5 1 -1.5708
112.55 5 1 -1.5708
112.55 5 1 -1.5708
112.6 5 1 -1.5708
112.6 5 1 -1.5708
112.65 5 1 -1.5708
112.65 5 1 -1.5708
112.7 5 1 -1.5708
112.7 5 1 -1.5708
112.75 5 1 -1.5708
112.75 5 1 -1.5708
112.8 5 1 -1.5708
112.85 5 1 -1.5708
112.9 5 1 -1.5708
112.9 5 1 -1.5708
112.95 5 1 -1.5708
113 5 1 -1.5708
113 5 1 -1.5708
113.05 5 1 -1.5708
113.05 5 1 -1.5708
113.1 5 1 -1.5708
113.1 5 1 -1.5708
113.15 5 1 -1.5708
113.2 5 1 -1.5708
113.25 5 1 -1.5708
113.25 5 1 -1.5708
113.3 5 1 -1.5708
113.3 5 1 -1.5708
113.35 5 1 -1.5708
113.35 5 1 -1.5708
113.4 5 1 -1.5708
113.4 5 1 -1.5708
113.45 5 1 -1.5708
113.45 5 1 -1.5708
113.5 5 1 -1.5708
113.5 5 1 -1.5708
113.55 5 1 -1.5708
113.55 5 1 -1.5708
113.6 5 1 -1.5708
113.6 5 1 -1.5708
113.65 5 1 -1.5708
113.7 5 1 -1.5708
113.7 5 1 -1.5708
113.75 5 1 -1.5708
113.75 5 1 -1.5708
113.8 5 1 -1.5708
113.8 5 1 -1.5708
113.85 5 1 -1.5708
113.9 5 1 -1.5708
113.95 5 1 -1.5708
114 5 1 -1.5708
114 5 1 -1.5708
