24.55 -0.00209273 0.000217105 0.000338365
24.6 -0.000225782 0.000201181 0.000417267
24.65 0.00560786 0.000193596 -0.000130459
24.7 0.0152354 0.000269302 -0.000485372
24.75 0.0286814 0.000356936 -0.000784427
24.8 0.0459432 0.000451639 -0.00113074
24.85 0.0663184 0.000419211 -0.00105332
24.9 0.0874806 0.000603799 0.00266753
24.95 0.109011 0.000901585 0.00847009
25 0.130618 0.00144853 0.0138657
25.05 0.152101 0.00183613 0.0189689
25.1 0.173128 0.00223589 0.0238708
25.15 0.193696 0.00283369 0.0285293
25.2 0.214171 0.00378878 0.031791
25.25 0.235267 0.00508033 0.033637
25.3 0.256038 0.00610421 0.0366918
25.35 0.276412 0.00701997 0.0412336
25.4 0.29669 0.00794538 0.0454427
25.45 0.316588 0.00903975 0.0495021
25.5 0.336377 0.0101015 0.0526992
25.55 0.355972 0.0111763 0.0555899
25.6 0.37526 0.0121862 0.0583297
25.65 0.394579 0.0133689 0.0603671
25.7 0.415478 0.0139422 0.0715213
25.75 0.438094 0.0143098 0.0960039
25.8 0.460987 0.0151059 0.126203
25.85 0.48386 0.0164399 0.155504
25.9 0.506556 0.0190401 0.183201
25.95 0.529071 0.0222894 0.209717
26 0.551406 0.0262207 0.236231
26.05 0.573598 0.030667 0.26236
26.1 0.595395 0.0356449 0.288073
26.15 0.616991 0.0411209 0.314149
26.2 0.638254 0.0471125 0.339951
26.25 0.659308 0.0536256 0.365839
26.3 0.680019 0.0606112 0.391208
26.35 0.700394 0.0680636 0.416892
26.4 0.72044 0.0760264 0.441568
26.45 0.74021 0.0844317 0.4658
26.5 0.759677 0.093317 0.490444
26.55 0.778778 0.102618 0.514919
26.6 0.79764 0.112346 0.538503
26.65 0.816196 0.122506 0.562394
26.7 0.834486 0.133064 0.585662
26.75 0.852255 0.143882 0.608933
26.8 0.869765 0.155062 0.632008
26.85 0.886916 0.16666 0.654793
26.9 0.903839 0.178657 0.677351
26.95 0.920389 0.190985 0.699123
27 0.936541 0.203568 0.72061
27.05 0.952295 0.216451 0.741918
27.1 0.967752 0.229567 0.764028
27.15 0.982899 0.243006 0.785414
27.2 0.997836 0.256924 0.806286
27.25 1.01241 0.271064 0.827211
27.3 1.02654 0.285321 0.848322
27.35 1.04028 0.299785 0.86893
27.4 1.05364 0.314484 0.889414
27.45 1.06668 0.329476 0.909722
27.5 1.0793 0.344612 0.929753
27.55 1.09156 0.359895 0.949531
27.6 1.10355 0.375377 0.969357
27.65 1.11517 0.391108 0.988692
27.7 1.1265 0.407069 1.0075
27.75 1.13747 0.423239 1.02624
27.8 1.14811 0.439651 1.04434
27.85 1.15848 0.456238 1.06231
27.9 1.16836 0.472715 1.08059
27.95 1.17789 0.489239 1.09872
28 1.18712 0.505935 1.11651
28.05 1.19606 0.522833 1.13386
28.1 1.20464 0.53979 1.15071
28.15 1.21291 0.556903 1.16758
28.2 1.22089 0.57408 1.18384
28.25 1.22861 0.591497 1.20027
28.3 1.236 0.608912 1.21666
28.35 1.24305 0.626363 1.23249
28.4 1.24978 0.643812 1.2483
28.45 1.25621 0.661384 1.26382
28.5 1.26239 0.679047 1.2788
28.55 1.26834 0.697033 1.29395
28.6 1.27398 0.714898 1.30887
28.65 1.27928 0.732686 1.32337
28.7 1.28432 0.750648 1.33773
28.75 1.28914 0.768688 1.3517
28.8 1.29367 0.786757 1.36574
28.85 1.29795 0.804886 1.37938
28.9 1.30192 0.822934 1.39294
28.95 1.3057 0.841214 1.40624
29 1.30921 0.85943 1.41927
29.05 1.31246 0.877761 1.4322
29.1 1.31552 0.896254 1.44525
29.15 1.31832 0.914689 1.45755
29.2 1.32086 0.933041 1.46978
29.25 1.32313 0.951478 1.48188
29.3 1.32521 0.96987 1.49366
29.35 1.3271 0.988317 1.50544
29.4 1.32871 1.00678 1.51697
29.45 1.33009 1.02514 1.52835
29.5 1.33127 1.04363 1.53964
29.55 1.33223 1.06211 1.55067
29.6 1.33299 1.08064 1.56147
29.65 1.33354 1.09917 1.572
29.7 1.33389 1.11773 1.58236
29.75 1.33403 1.13641 1.59241
29.8 1.33397 1.15528 1.60233
29.85 1.33376 1.17408 1.61196
29.9 1.33333 1.19287 1.62157
29.95 1.33271 1.21148 1.63088
30 1.33193 1.23017 1.64007
30.05 1.33098 1.2489 1.64925
30.1 1.32977 1.26773 1.65808
30.15 1.32844 1.28667 1.66687
30.2 1.32693 1.30546 1.67545
30.25 1.32527 1.3244 1.68392
30.3 1.32341 1.34324 1.69197
30.35 1.32139 1.36216 1.69997
30.4 1.31922 1.38105 1.70785
30.45 1.31688 1.39989 1.7154
30.5 1.3144 1.41886 1.72292
30.55 1.31179 1.43775 1.73021
30.6 1.30899 1.45664 1.7374
30.65 1.30607 1.47557 1.74454
30.7 1.303 1.49451 1.75145
30.75 1.29976 1.51349 1.75825
30.8 1.2964 1.5325 1.76489
30.85 1.29292 1.55144 1.7712
30.9 1.28933 1.5703 1.77755
30.95 1.28558 1.58918 1.7837
31 1.28168 1.60819 1.78959
31.05 1.27766 1.62719 1.79529
31.1 1.27352 1.6462 1.80092
31.15 1.26929 1.66516 1.80654
31.2 1.26492 1.68417 1.81186
31.25 1.26042 1.70322 1.81713
31.3 1.25584 1.72225 1.82239
31.35 1.25115 1.74124 1.82754
31.4 1.24634 1.76031 1.83246
31.45 1.24139 1.7794 1.83711
31.5 1.23632 1.79856 1.8417
31.55 1.23116 1.81778 1.8462
31.6 1.22591 1.83691 1.85055
31.65 1.22053 1.85614 1.85471
31.7 1.21511 1.87534 1.85868
31.75 1.20955 1.89461 1.86259
31.8 1.20391 1.91389 1.86634
31.85 1.19814 1.93324 1.86996
31.9 1.19231 1.95261 1.8735
31.95 1.18638 1.97202 1.87693
32 1.18037 1.99143 1.88027
32.05 1.17426 2.01091 1.88353
32.1 1.16806 2.0304 1.88661
32.15 1.16179 2.04994 1.88959
32.2 1.15546 2.06943 1.89249
32.25 1.14903 2.08905 1.89523
32.3 1.14254 2.10864 1.89788
32.35 1.13595 2.12833 1.90043
32.4 1.12932 2.14803 1.90282
32.45 1.1226 2.16777 1.9051
32.5 1.11582 2.1875 1.90734
32.55 1.10896 2.20733 1.9094
32.6 1.10204 2.22716 1.91135
32.65 1.09504 2.24715 1.91326
32.7 1.08798 2.26711 1.91507
32.75 1.08087 2.28712 1.91682
32.8 1.0737 2.30721 1.9184
32.85 1.06648 2.3273 1.91987
32.9 1.05919 2.34747 1.92129
32.95 1.05184 2.36774 1.92262
33 1.04446 2.38797 1.92388
33.05 1.03697 2.40823 1.92493
33.1 1.02946 2.4286 1.92584
33.15 1.02191 2.44906 1.92676
33.2 1.01431 2.46956 1.92755
33.25 1.00665 2.49015 1.92826
33.3 0.998972 2.51078 1.92892
33.35 0.991307 2.53145 1.92954
33.4 0.983564 2.55222 1.93002
33.45 0.975773 2.57305 1.93043
33.5 0.967945 2.59394 1.93084
33.55 0.960088 2.61487 1.93114
33.6 0.952158 2.63592 1.9313
33.65 0.944208 2.65704 1.9314
33.7 0.936263 2.67811 1.93145
33.75 0.928203 2.69947 1.93139
33.8 0.92015 2.72078 1.93126
33.85 0.912048 2.74222 1.93111
33.9 0.903913 2.7637 1.93083
33.95 0.895777 2.78527 1.93043
34 0.887636 2.80688 1.92995
34.05 0.879453 2.8286 1.92949
34.1 0.871257 2.85041 1.92892
34.15 0.863044 2.87228 1.92832
34.2 0.854818 2.89428 1.92756
34.25 0.846553 2.91636 1.92679
34.3 0.838304 2.9385 1.92591
34.35 0.830027 2.96076 1.92495
34.4 0.821741 2.98307 1.92396
34.45 0.813431 3.00549 1.92285
34.5 0.805129 3.02798 1.92164
34.55 0.796819 3.05057 1.92037
34.6 0.788488 3.07325 1.91892
34.65 0.780177 3.09604 1.91749
34.7 0.77186 3.11894 1.91602
34.75 0.76354 3.14191 1.91449
34.8 0.755209 3.16497 1.91292
34.85 0.746901 3.18815 1.91128
34.9 0.738572 3.21141 1.90958
34.95 0.730286 3.23478 1.90786
35 0.721993 3.25824 1.90606
35.05 0.713719 3.28184 1.90416
35.1 0.70545 3.30551 1.90214
35.15 0.697186 3.3293 1.90015
35.2 0.68893 3.35317 1.89811
35.25 0.680744 3.37717 1.89593
35.3 0.672542 3.40129 1.89373
35.35 0.664362 3.4255 1.89151
35.4 0.656188 3.44983 1.88929
35.45 0.648067 3.47426 1.88701
35.5 0.639923 3.49879 1.88458
35.55 0.631843 3.52345 1.88206
35.6 0.623773 3.54818 1.87949
35.65 0.615745 3.57309 1.87696
35.7 0.607771 3.59807 1.87434
35.75 0.59977 3.62318 1.87172
35.8 0.591823 3.64839 1.86908
35.85 0.583915 3.67373 1.86643
35.9 0.576041 3.69919 1.86366
35.95 0.568251 3.72475 1.86086
36 0.560461 3.75049 1.85804
36.05 0.552742 3.77631 1.85514
36.1 0.545054 3.80224 1.85214
36.15 0.537422 3.8283 1.84909
36.2 0.529834 3.85447 1.84602
36.25 0.522292 3.88079 1.8429
36.3 0.514834 3.90722 1.83974
36.35 0.507353 3.9338 1.83641
36.4 0.500008 3.96045 1.8331
36.45 0.492697 3.98726 1.8298
36.5 0.485437 4.01419 1.82646
36.55 0.478232 4.04125 1.82308
36.6 0.471097 4.06845 1.81958
36.65 0.464057 4.09576 1.81604
36.7 0.457077 4.12318 1.81246
36.75 0.450121 4.15074 1.8088
36.8 0.443301 4.17844 1.80513
36.85 0.436505 4.20629 1.80128
36.9 0.429812 4.23424 1.79746
36.95 0.423227 4.26236 1.79358
37 0.416705 4.29056 1.78972
37.05 0.410255 4.3189 1.78578
37.1 0.403854 4.3474 1.78185
37.15 0.397594 4.376 1.77786
37.2 0.391418 4.40476 1.77372
37.25 0.385351 4.43367 1.76969
37.3 0.379383 4.46269 1.76555
37.35 0.373508 4.49185 1.76132
37.4 0.367721 4.52115 1.75713
37.45 0.362054 4.55059 1.75275
37.5 0.356496 4.58011 1.74841
37.55 0.351044 4.60983 1.74414
37.6 0.345696 4.63965 1.7397
37.65 0.340457 4.66965 1.73527
37.7 0.335354 4.69971 1.73064
37.75 0.330341 4.72997 1.72601
37.8 0.325439 4.76024 1.7215
37.85 0.3207 4.79073 1.71689
37.9 0.316086 4.82141 1.71221
37.95 0.311562 4.85221 1.70752
38 0.307175 4.88328 1.70281
38.05 0.302923 4.91435 1.69803
38.1 0.298798 4.94554 1.69322
38.15 0.294808 4.97688 1.68835
38.2 0.290955 5.00831 1.68341
38.25 0.287234 5.03986 1.67861
38.3 0.283649 5.07166 1.67375
38.35 0.280196 5.10355 1.66858
38.4 0.276882 5.13558 1.66345
38.45 0.27375 5.16771 1.65834
38.5 0.270813 5.19993 1.65304
38.55 0.267977 5.23246 1.64789
38.6 0.265248 5.26503 1.64271
38.65 0.262752 5.29777 1.63731
38.7 0.260425 5.33061 1.63203
38.75 0.258242 5.36361 1.62663
38.8 0.256222 5.39676 1.62115
38.85 0.25437 5.43005 1.61581
38.9 0.25272 5.46344 1.61055
38.95 0.251219 5.49694 1.60515
39 0.249904 5.53058 1.59967
39.05 0.248783 5.56433 1.59425
39.1 0.24785 5.59825 1.5888
39.15 0.247074 5.63229 1.58327
39.2 0.246484 5.66644 1.57779
39.25 0.246087 5.70073 1.57214
39.3 0.245862 5.73512 1.56648
39.35 0.245848 5.76968 1.56074
39.4 0.246023 5.80435 1.55499
39.45 0.246443 5.8391 1.54926
39.5 0.247045 5.87397 1.54353
39.55 0.247849 5.909 1.53771
39.6 0.248838 5.94416 1.53191
39.65 0.250075 5.97943 1.52604
39.7 0.251532 6.01483 1.51999
39.75 0.253199 6.05029 1.51413
39.8 0.255036 6.08587 1.50816
39.85 0.257164 6.12161 1.50215
39.9 0.259466 6.15748 1.49619
39.95 0.261984 6.19343 1.49008
40 0.26473 6.22946 1.48399
40.05 0.267735 6.26563 1.47783
40.1 0.270945 6.30188 1.47163
40.15 0.274377 6.33826 1.46539
40.2 0.27811 6.3748 1.45921
40.25 0.282047 6.41139 1.45286
40.3 0.286202 6.44806 1.44654
40.35 0.290587 6.48482 1.44014
40.4 0.295265 6.52174 1.43375
40.45 0.300186 6.55872 1.42736
40.5 0.305377 6.59587 1.42078
40.55 0.310823 6.63301 1.41418
40.6 0.31651 6.67022 1.40764
40.65 0.322504 6.70759 1.40113
40.7 0.328774 6.74503 1.39468
40.75 0.335255 6.78249 1.38799
40.8 0.342007 6.82009 1.38123
40.85 0.349059 6.85774 1.37441
40.9 0.356352 6.8955 1.36757
40.95 0.363973 6.93332 1.36059
41 0.371881 6.97124 1.35374
41.05 0.380034 7.00925 1.34715
41.1 0.388505 7.04723 1.34021
41.15 0.397263 7.08529 1.33331
41.2 0.406303 7.12343 1.3263
41.25 0.415691 7.16161 1.31937
41.3 0.425329 7.19991 1.31236
41.35 0.435216 7.23816 1.30528
41.4 0.445472 7.27653 1.29833
41.45 0.455999 7.31496 1.29118
41.5 0.466886 7.35349 1.28407
41.55 0.47805 7.39199 1.27688
41.6 0.489516 7.43042 1.27
41.65 0.50139 7.46921 1.26299
41.7 0.513443 7.5079 1.25564
41.75 0.525833 7.54656 1.24823
41.8 0.538584 7.58525 1.24088
41.85 0.551639 7.624 1.23351
41.9 0.565015 7.66273 1.22606
41.95 0.578705 7.70144 1.21847
42 0.592784 7.74023 1.21091
42.05 0.607172 7.77901 1.20332
42.1 0.621896 7.81781 1.19576
42.15 0.636982 7.85666 1.1882
42.2 0.652382 7.89543 1.18056
42.25 0.668119 7.9342 1.1729
42.3 0.684215 7.97303 1.16517
42.35 0.700625 8.01179 1.15728
42.4 0.717391 8.05051 1.14952
42.45 0.73451 8.08926 1.14156
42.5 0.752001 8.12798 1.13382
42.55 0.769789 8.16661 1.12581
42.6 0.787941 8.20527 1.11793
42.65 0.806493 8.24391 1.10979
42.7 0.825424 8.28245 1.10178
42.75 0.844714 8.32096 1.0937
42.8 0.864373 8.35944 1.0855
42.85 0.88439 8.39788 1.07742
42.9 0.904792 8.43627 1.06936
42.95 0.925552 8.47453 1.06142
43 0.946699 8.51278 1.05318
43.05 0.968122 8.55094 1.04487
43.1 0.990009 8.589 1.03652
43.15 1.01226 8.62696 1.02822
43.2 1.03491 8.66486 1.02003
43.25 1.05786 8.70263 1.0118
43.3 1.0812 8.74036 1.00342
43.35 1.10493 8.77802 0.995072
43.4 1.12906 8.81554 0.986884
43.45 1.15357 8.85298 0.978438
43.5 1.17844 8.89031 0.969913
43.55 1.20373 8.92757 0.961273
43.6 1.22939 8.9647 0.95262
43.65 1.25541 9.00161 0.943991
43.7 1.28184 9.03842 0.935304
43.75 1.30859 9.07506 0.926602
43.8 1.33576 9.11159 0.917958
43.85 1.36332 9.14796 0.909232
43.9 1.39128 9.18415 0.900417
43.95 1.41961 9.22017 0.891606
44 1.44831 9.25609 0.882574
44.05 1.47738 9.29177 0.873739
44.1 1.5069 9.32731 0.864811
44.15 1.5368 9.36265 0.855966
44.2 1.56706 9.39779 0.846956
44.25 1.59771 9.43279 0.837839
44.3 1.62859 9.46754 0.828736
44.35 1.65999 9.50213 0.819695
44.4 1.69181 9.53648 0.810581
44.45 1.72402 9.57062 0.801551
44.5 1.75652 9.60445 0.79256
44.55 1.78946 9.63818 0.783328
44.6 1.82278 9.67163 0.773975
44.65 1.85649 9.70486 0.764737
44.7 1.89062 9.73791 0.755224
44.75 1.92514 9.77066 0.746064
44.8 1.95999 9.80321 0.736751
44.85 1.99526 9.83548 0.727479
44.9 2.03086 9.8674 0.718203
44.95 2.0669 9.89918 0.708901
45 2.10327 9.93063 0.699379
45.05 2.14001 9.9618 0.6898
45.1 2.17708 9.99268 0.680156
45.15 2.21453 10.0232 0.67026
45.2 2.25233 10.0535 0.660466
45.25 2.29058 10.0835 0.650527
45.3 2.32917 10.113 0.640647
45.35 2.36811 10.1425 0.631379
45.4 2.40742 10.1715 0.621804
45.45 2.44703 10.2002 0.612075
45.5 2.48705 10.2285 0.602325
45.55 2.52735 10.2565 0.592841
45.6 2.56802 10.2841 0.583391
45.65 2.60903 10.3114 0.573762
45.7 2.65039 10.3383 0.563793
45.75 2.69206 10.365 0.553368
45.8 2.73403 10.3912 0.543281
45.85 2.77633 10.4171 0.533112
45.9 2.81897 10.4426 0.522783
45.95 2.86194 10.4676 0.512705
46 2.90529 10.4922 0.502776
46.05 2.94892 10.5164 0.49259
46.1 2.99283 10.5402 0.482388
46.15 3.03707 10.5636 0.471896
46.2 3.08163 10.5867 0.461523
46.25 3.12646 10.6093 0.451332
46.3 3.17168 10.6313 0.441204
46.35 3.21708 10.653 0.43065
46.4 3.26285 10.6743 0.420203
46.45 3.30883 10.695 0.409817
46.5 3.35506 10.7154 0.399298
46.55 3.40151 10.7353 0.38839
46.6 3.44826 10.7547 0.377806
46.65 3.49532 10.7736 0.367501
46.7 3.54262 10.7921 0.356912
46.75 3.59012 10.8102 0.346298
46.8 3.63786 10.8276 0.335648
46.85 3.68592 10.8446 0.324828
46.9 3.7341 10.8611 0.314074
46.95 3.78259 10.877 0.30345
47 3.83132 10.8926 0.292847
47.05 3.8802 10.9076 0.282107
47.1 3.92925 10.922 0.271424
47.15 3.97849 10.936 0.260654
47.2 4.02792 10.9494 0.249797
47.25 4.0775 10.9623 0.238951
47.3 4.12737 10.9747 0.227972
47.35 4.17726 10.9865 0.21692
47.4 4.22739 10.9978 0.206005
47.45 4.27764 11.0085 0.194939
47.5 4.3281 11.0187 0.183962
47.55 4.37862 11.0284 0.172902
47.6 4.42933 11.0375 0.161863
47.65 4.48014 11.046 0.150582
47.7 4.53105 11.054 0.139388
47.75 4.58208 11.0615 0.128252
47.8 4.63319 11.0683 0.116977
47.85 4.68446 11.0745 0.105681
47.9 4.7358 11.0802 0.0944237
47.95 4.78724 11.0854 0.0830027
48 4.8387 11.0899 0.0716051
48.05 4.89024 11.0937 0.0601713
48.1 4.94182 11.0971 0.0488266
48.15 4.99347 11.0998 0.0373921
48.2 5.04517 11.102 0.0257319
48.25 5.0969 11.1036 0.0142698
48.3 5.14869 11.1045 0.00271392
48.35 5.20042 11.1048 -0.00900681
48.4 5.25231 11.1047 -0.0206077
48.45 5.30415 11.1039 -0.0321427
48.5 5.35603 11.1024 -0.0436897
48.55 5.40779 11.1003 -0.0551548
48.6 5.4596 11.0978 -0.0667664
48.65 5.51141 11.0945 -0.0784906
48.7 5.5631 11.0907 -0.0904755
48.75 5.61477 11.0862 -0.102556
48.8 5.66642 11.0811 -0.114083
48.85 5.718 11.0755 -0.125709
48.9 5.76952 11.0693 -0.137844
48.95 5.82084 11.0624 -0.149628
49 5.87208 11.0549 -0.161554
49.05 5.92322 11.0468 -0.173504
49.1 5.97424 11.0381 -0.185387
49.15 6.02525 11.0288 -0.197266
49.2 6.07599 11.0189 -0.209228
49.25 6.12672 11.0084 -0.221165
49.3 6.17731 10.9973 -0.233001
49.35 6.2276 10.9856 -0.245051
49.4 6.27778 10.9733 -0.256993
49.45 6.32782 10.9604 -0.268985
49.5 6.37762 10.9469 -0.280648
49.55 6.42728 10.9328 -0.292631
49.6 6.47682 10.9181 -0.304332
49.65 6.52604 10.9029 -0.316712
49.7 6.57499 10.8871 -0.328522
49.75 6.6238 10.8707 -0.340395
49.8 6.67227 10.8538 -0.352531
49.85 6.72045 10.8364 -0.364771
49.9 6.76848 10.8183 -0.377158
49.95 6.81617 10.7997 -0.38937
50 6.8636 10.7805 -0.401466
50.05 6.91073 10.7608 -0.413989
50.1 6.9576 10.7404 -0.42606
50.15 7.00425 10.7195 -0.438177
50.2 7.0505 10.6982 -0.450556
50.25 7.09637 10.6763 -0.462797
50.3 7.14205 10.6538 -0.47455
50.35 7.1873 10.6308 -0.487024
50.4 7.23229 10.6073 -0.499397
50.45 7.27691 10.5833 -0.511839
50.5 7.32112 10.5588 -0.524009
50.55 7.36496 10.5337 -0.536346
50.6 7.40852 10.508 -0.548062
50.65 7.45181 10.4819 -0.559672
50.7 7.49475 10.4553 -0.571602
50.75 7.53726 10.4282 -0.583424
50.8 7.57918 10.4009 -0.595749
50.85 7.62065 10.3732 -0.608239
50.9 7.66169 10.3449 -0.621
50.95 7.70229 10.3162 -0.633658
51 7.74246 10.287 -0.64621
51.05 7.78217 10.2575 -0.658536
51.1 7.82147 10.2275 -0.671035
51.15 7.8603 10.197 -0.683627
51.2 7.89873 10.1661 -0.696329
51.25 7.93664 10.1347 -0.709065
51.3 7.97409 10.103 -0.721605
51.35 8.01103 10.0708 -0.734272
51.4 8.04752 10.0382 -0.746934
51.45 8.08358 10.0053 -0.759565
51.5 8.11913 9.97193 -0.772545
51.55 8.15419 9.93822 -0.785485
51.6 8.18875 9.90409 -0.798142
51.65 8.2227 9.86963 -0.810905
51.7 8.25624 9.83477 -0.823539
51.75 8.2892 9.79959 -0.83628
51.8 8.32168 9.76412 -0.849111
51.85 8.3536 9.72826 -0.861984
51.9 8.38492 9.6921 -0.874658
51.95 8.41573 9.6556 -0.887425
52 8.44605 9.61894 -0.900206
52.05 8.47581 9.58186 -0.912934
52.1 8.50505 9.54453 -0.925561
52.15 8.53363 9.50697 -0.938237
52.2 8.56177 9.4691 -0.950876
52.25 8.58929 9.43099 -0.96359
52.3 8.61631 9.39263 -0.9763
52.35 8.6427 9.35406 -0.989047
52.4 8.66855 9.31522 -1.00183
52.45 8.69384 9.27619 -1.01456
52.5 8.71861 9.23693 -1.02726
52.55 8.74283 9.19747 -1.04004
52.6 8.76641 9.15787 -1.0529
52.65 8.78944 9.11803 -1.06562
52.7 8.81187 9.07804 -1.07818
52.75 8.83375 9.03788 -1.09084
52.8 8.85508 8.99757 -1.10353
52.85 8.87582 8.95711 -1.11613
52.9 8.89596 8.91652 -1.12879
52.95 8.91554 8.8758 -1.14147
53 8.93454 8.835 -1.15411
53.05 8.95298 8.79404 -1.16667
53.1 8.97086 8.75305 -1.17936
53.15 8.98813 8.71195 -1.19207
53.2 9.00485 8.67074 -1.20483
53.25 9.02096 8.62948 -1.21742
53.3 9.03654 8.58816 -1.22994
53.35 9.05152 8.54679 -1.24252
53.4 9.06596 8.50533 -1.25512
53.45 9.0798 8.46386 -1.26768
53.5 9.0931 8.42242 -1.28033
53.55 9.10582 8.3809 -1.29279
53.6 9.11796 8.33941 -1.30547
53.65 9.12952 8.29789 -1.31799
53.7 9.1406 8.25641 -1.33054
53.75 9.15107 8.21489 -1.34308
53.8 9.16095 8.17351 -1.35557
53.85 9.17029 8.13207 -1.36806
53.9 9.17914 8.09075 -1.38056
53.95 9.18742 8.0494 -1.39301
54 9.19527 8.00816 -1.40532
54.05 9.20239 7.96696 -1.41776
54.1 9.20905 7.92566 -1.43027
54.15 9.21517 7.88452 -1.44274
54.2 9.22078 7.84341 -1.45493
54.25 9.22587 7.80241 -1.46727
54.3 9.23043 7.76147 -1.47955
54.35 9.23448 7.7207 -1.49197
54.4 9.23798 7.68004 -1.5042
54.45 9.24103 7.63947 -1.51635
54.5 9.24352 7.59906 -1.52853
54.55 9.24555 7.5588 -1.54092
54.6 9.24716 7.51871 -1.55308
54.65 9.24823 7.47874 -1.56523
54.7 9.24879 7.43898 -1.57741
54.75 9.24883 7.39932 -1.58944
54.8 9.24839 7.35977 -1.60151
54.85 9.2475 7.32058 -1.61353
54.9 9.24616 7.28136 -1.62572
54.95 9.24433 7.24242 -1.63761
55 9.24204 7.20372 -1.64958
55.05 9.23928 7.16522 -1.66151
55.1 9.23609 7.12692 -1.67342
55.15 9.23251 7.08874 -1.68528
55.2 9.22849 7.05092 -1.69705
55.25 9.22404 7.0132 -1.70892
55.3 9.21915 6.97574 -1.7206
55.35 9.21382 6.93848 -1.73235
55.4 9.20814 6.9015 -1.74399
55.45 9.20209 6.86472 -1.75564
55.5 9.19559 6.82818 -1.76715
55.55 9.1887 6.79194 -1.77869
55.6 9.18139 6.75584 -1.79023
55.65 9.17375 6.72004 -1.8017
55.7 9.16573 6.68457 -1.81309
55.75 9.15736 6.64928 -1.82452
55.8 9.14863 6.61426 -1.8358
55.85 9.13954 6.57953 -1.84718
55.9 9.13011 6.54503 -1.85851
55.95 9.1203 6.51081 -1.86954
56 9.11017 6.47689 -1.88062
56.05 9.09971 6.44321 -1.89183
56.1 9.08898 6.40981 -1.903
56.15 9.07787 6.37671 -1.91416
56.2 9.06646 6.34391 -1.92521
56.25 9.05477 6.31141 -1.93627
56.3 9.04277 6.27922 -1.94729
56.35 9.03044 6.24728 -1.95811
56.4 9.01784 6.21563 -1.96872
56.45 9.00496 6.18429 -1.97951
56.5 8.9919 6.15327 -1.99003
56.55 8.97846 6.12243 -2.0004
56.6 8.96481 6.09191 -2.01096
56.65 8.95088 6.06166 -2.02135
56.7 8.93674 6.03172 -2.0316
56.75 8.92233 6.00207 -2.04201
56.8 8.90769 5.97268 -2.0523
56.85 8.89284 5.94362 -2.06243
56.9 8.87777 5.91487 -2.07271
56.95 8.86244 5.88639 -2.08275
57 8.84691 5.85817 -2.09273
57.05 8.8312 5.83028 -2.10269
57.1 8.81529 5.80266 -2.11274
57.15 8.79917 5.77535 -2.12258
57.2 8.78292 5.74837 -2.13259
57.25 8.76641 5.72162 -2.14215
57.3 8.74976 5.69522 -2.15179
57.35 8.73297 5.66911 -2.16161
57.4 8.71602 5.64327 -2.17129
57.45 8.6989 5.61784 -2.18086
57.5 8.68166 5.59269 -2.1903
57.55 8.66427 5.56779 -2.19972
57.6 8.64672 5.54319 -2.20907
57.65 8.62902 5.51891 -2.21837
57.7 8.61119 5.49489 -2.22758
57.75 8.59321 5.47111 -2.23678
57.8 8.57514 5.44762 -2.24586
57.85 8.55694 5.42445 -2.25492
57.9 8.53861 5.40156 -2.26383
57.95 8.52016 5.37895 -2.27269
58 8.50164 5.35663 -2.28146
58.05 8.48299 5.33458 -2.29013
58.1 8.46427 5.31279 -2.29883
58.15 8.44543 5.29127 -2.30739
58.2 8.42645 5.26999 -2.31587
58.25 8.40743 5.24897 -2.32427
58.3 8.38836 5.22828 -2.33261
58.35 8.36919 5.20783 -2.34089
58.4 8.34997 5.18762 -2.34907
58.45 8.33065 5.16766 -2.3572
58.5 8.31128 5.14798 -2.36525
58.55 8.29184 5.12856 -2.37326
58.6 8.27234 5.10934 -2.38124
58.65 8.25276 5.09039 -2.38905
58.7 8.23307 5.07162 -2.39681
58.75 8.21339 5.05313 -2.40441
58.8 8.19367 5.03487 -2.41218
58.85 8.17389 5.01686 -2.41981
58.9 8.15406 4.99912 -2.42731
58.95 8.13419 4.98156 -2.43468
59 8.11424 4.96426 -2.44185
59.05 8.09432 4.9472 -2.44904
59.1 8.07432 4.93033 -2.45615
59.15 8.0543 4.91365 -2.46322
59.2 8.03429 4.89726 -2.47024
59.25 8.01428 4.88107 -2.47715
59.3 7.99425 4.8651 -2.48395
59.35 7.97421 4.84939 -2.49057
59.4 7.95416 4.83379 -2.49729
59.45 7.93409 4.81842 -2.50392
59.5 7.91403 4.80332 -2.51037
59.55 7.89397 4.78839 -2.51675
59.6 7.87386 4.77366 -2.52319
59.65 7.8538 4.75914 -2.52955
59.7 7.83372 4.74481 -2.53574
59.75 7.81365 4.73064 -2.54189
59.8 7.79362 4.71672 -2.54798
59.85 7.77349 4.70297 -2.5537
59.9 7.75351 4.6894 -2.55964
59.95 7.73348 4.67604 -2.56557
60 7.71346 4.66283 -2.57127
60.05 7.69347 4.6498 -2.57689
60.1 7.67352 4.63699 -2.58236
60.15 7.65354 4.62429 -2.58785
60.2 7.63361 4.61173 -2.59326
60.25 7.61369 4.59936 -2.59858
60.3 7.59383 4.58714 -2.60381
60.35 7.574 4.57508 -2.60914
60.4 7.55416 4.56322 -2.61419
60.45 7.53435 4.55149 -2.61908
60.5 7.51457 4.5399 -2.62403
60.55 7.49482 4.52845 -2.62869
60.6 7.47513 4.51725 -2.63336
60.65 7.45542 4.50616 -2.63794
60.7 7.43577 4.49519 -2.64251
60.75 7.4162 4.48434 -2.64688
60.8 7.39662 4.47363 -2.65113
60.85 7.37711 4.46306 -2.65534
60.9 7.35764 4.45261 -2.65964
60.95 7.33821 4.44229 -2.6638
61 7.3188 4.43208 -2.66771
61.05 7.29945 4.42201 -2.67158
61.1 7.28016 4.41206 -2.67538
61.15 7.26087 4.40221 -2.67914
61.2 7.24167 4.39248 -2.68282
61.25 7.22248 4.38285 -2.68636
61.3 7.20335 4.37335 -2.6898
61.35 7.18428 4.36397 -2.69332
61.4 7.16525 4.35469 -2.69658
61.45 7.14624 4.34551 -2.69977
61.5 7.1273 4.33643 -2.70289
61.55 7.10841 4.32745 -2.70588
61.6 7.08957 4.31856 -2.70885
61.65 7.0708 4.30977 -2.71175
61.7 7.05208 4.30109 -2.71454
61.75 7.03341 4.29248 -2.71732
61.8 7.01478 4.28396 -2.72008
61.85 6.99621 4.27553 -2.7227
61.9 6.9777 4.26719 -2.72516
61.95 6.95924 4.25894 -2.72753
62 6.94081 4.25075 -2.72987
62.05 6.92246 4.24264 -2.73216
62.1 6.90416 4.23462 -2.73423
62.15 6.8859 4.22667 -2.73631
62.2 6.86772 4.21879 -2.73826
62.25 6.84957 4.21098 -2.74013
62.3 6.83152 4.20325 -2.74193
62.35 6.81349 4.19557 -2.74359
62.4 6.79554 4.18796 -2.74521
62.45 6.77762 4.18039 -2.74678
62.5 6.7598 4.17291 -2.7483
62.55 6.742 4.16546 -2.7497
62.6 6.72424 4.15808 -2.75101
62.65 6.70653 4.15074 -2.75223
62.7 6.68891 4.14346 -2.7534
62.75 6.67135 4.13623 -2.75449
62.8 6.65382 4.12905 -2.75548
62.85 6.63638 4.12193 -2.75639
62.9 6.61896 4.11483 -2.75719
62.95 6.60163 4.10779 -2.75794
63 6.58436 4.10079 -2.75865
63.05 6.56712 4.09382 -2.75925
63.1 6.54996 4.08691 -2.75975
63.15 6.53286 4.08003 -2.76017
63.2 6.51581 4.07318 -2.76051
63.25 6.49884 4.06637 -2.76076
63.3 6.48192 4.05959 -2.76096
63.35 6.46505 4.05283 -2.76107
63.4 6.44824 4.04611 -2.76108
63.45 6.43148 4.03941 -2.761
63.5 6.4148 4.03275 -2.76084
63.55 6.39816 4.02609 -2.76064
63.6 6.3816 4.01947 -2.76033
63.65 6.3651 4.01287 -2.75994
63.7 6.34866 4.00629 -2.75951
63.75 6.33227 3.99972 -2.75899
63.8 6.31594 3.99318 -2.75828
63.85 6.29967 3.98666 -2.75762
63.9 6.28348 3.98015 -2.75688
63.95 6.26733 3.97364 -2.75612
64 6.25125 3.96714 -2.75522
64.05 6.23524 3.96065 -2.75424
64.1 6.21928 3.95418 -2.75317
64.15 6.20338 3.94773 -2.75209
64.2 6.18756 3.94127 -2.75093
64.25 6.17178 3.93482 -2.74969
64.3 6.15607 3.92836 -2.74832
64.35 6.14042 3.92192 -2.74693
64.4 6.12484 3.91548 -2.74541
64.45 6.10932 3.90904 -2.74386
64.5 6.09383 3.9026 -2.74231
64.55 6.07843 3.89619 -2.74065
64.6 6.06311 3.88975 -2.73892
64.65 6.04782 3.88331 -2.73709
64.7 6.03261 3.87689 -2.73524
64.75 6.01746 3.87045 -2.73329
64.8 6.00239 3.86402 -2.73131
64.85 5.98736 3.85756 -2.72922
64.9 5.9724 3.85111 -2.72712
64.95 5.95746 3.84463 -2.72487
65 5.94262 3.83816 -2.72259
65.05 5.92784 3.83167 -2.72025
65.1 5.91312 3.82517 -2.71777
65.15 5.89845 3.81866 -2.71537
65.2 5.88387 3.81213 -2.7128
65.25 5.86933 3.80559 -2.71014
65.3 5.85484 3.79904 -2.70741
65.35 5.84043 3.79247 -2.70463
65.4 5.8261 3.7859 -2.7018
65.45 5.81181 3.77929 -2.69896
65.5 5.7976 3.77267 -2.69595
65.55 5.78345 3.76604 -2.6929
65.6 5.76936 3.75938 -2.68983
65.65 5.75535 3.75272 -2.68671
65.7 5.7414 3.74603 -2.68354
65.75 5.72752 3.73933 -2.68025
65.8 5.7137 3.73262 -2.67705
65.85 5.69995 3.72587 -2.67372
65.9 5.68625 3.7191 -2.67039
65.95 5.67263 3.7123 -2.66687
66 5.65908 3.70548 -2.66327
66.05 5.64559 3.69864 -2.65972
66.1 5.63216 3.69178 -2.65601
66.15 5.61883 3.68489 -2.65218
66.2 5.60554 3.67798 -2.6484
66.25 5.59234 3.67103 -2.64445
66.3 5.57922 3.66408 -2.64053
66.35 5.56613 3.65708 -2.6365
66.4 5.55313 3.65007 -2.63247
66.45 5.5402 3.64304 -2.62841
66.5 5.52736 3.63598 -2.62426
66.55 5.51457 3.62888 -2.62005
66.6 5.50186 3.62179 -2.61568
66.65 5.48924 3.61467 -2.61148
66.7 5.47669 3.6075 -2.60704
66.75 5.46418 3.60029 -2.60272
66.8 5.45176 3.59306 -2.5984
66.85 5.43946 3.58581 -2.594
66.9 5.42721 3.57854 -2.58953
66.95 5.41501 3.57124 -2.58501
67 5.40289 3.5639 -2.58032
67.05 5.39083 3.55652 -2.57559
67.1 5.37886 3.54912 -2.5709
67.15 5.36699 3.54172 -2.56624
67.2 5.3552 3.53426 -2.56153
67.25 5.34344 3.52679 -2.55661
67.3 5.33175 3.51927 -2.55162
67.35 5.32014 3.51173 -2.54658
67.4 5.30861 3.50416 -2.5415
67.45 5.29713 3.49656 -2.5365
67.5 5.28575 3.48891 -2.53156
67.55 5.27451 3.48126 -2.52655
67.6 5.26333 3.47359 -2.52133
67.65 5.25216 3.46588 -2.51605
67.7 5.24108 3.45814 -2.51065
67.75 5.23009 3.45038 -2.50532
67.8 5.21914 3.44253 -2.49998
67.85 5.20829 3.43468 -2.49435
67.9 5.19753 3.4268 -2.4888
67.95 5.18681 3.41891 -2.48312
68 5.17621 3.411 -2.47761
68.05 5.16567 3.40302 -2.47189
68.1 5.1552 3.39504 -2.46614
68.15 5.14481 3.38702 -2.46061
68.2 5.13455 3.37896 -2.45487
68.25 5.12435 3.37088 -2.44888
68.3 5.11417 3.36277 -2.44308
68.35 5.10414 3.3546 -2.43731
68.4 5.09416 3.3464 -2.43143
68.45 5.08427 3.3382 -2.42546
68.5 5.07449 3.32999 -2.41951
68.55 5.06477 3.32173 -2.41355
68.6 5.05512 3.31343 -2.40747
68.65 5.04556 3.30513 -2.4013
68.7 5.03607 3.29678 -2.39503
68.75 5.0267 3.28845 -2.38901
68.8 5.01743 3.28012 -2.38305
68.85 5.00823 3.2717 -2.37685
68.9 4.99909 3.26326 -2.37062
68.95 4.9901 3.25482 -2.36428
69 4.98108 3.24632 -2.35809
69.05 4.97217 3.2378 -2.35197
69.1 4.96334 3.22921 -2.34578
69.15 4.95457 3.22064 -2.33949
69.2 4.94588 3.21201 -2.33306
69.25 4.9373 3.2034 -2.32666
69.3 4.9288 3.19476 -2.32013
69.35 4.92038 3.18608 -2.31361
69.4 4.91206 3.17737 -2.30708
69.45 4.90383 3.16868 -2.30042
69.5 4.89569 3.15995 -2.2937
69.55 4.88762 3.15119 -2.28721
69.6 4.87966 3.14245 -2.28053
69.65 4.87179 3.13369 -2.27393
69.7 4.86397 3.12488 -2.26722
69.75 4.85622 3.11606 -2.26039
69.8 4.84859 3.10722 -2.25368
69.85 4.84105 3.09835 -2.24686
69.9 4.83355 3.08947 -2.23989
69.95 4.82619 3.08059 -2.233
70 4.81888 3.07167 -2.22627
70.05 4.81171 3.06274 -2.21946
70.1 4.80459 3.05379 -2.21268
70.15 4.79754 3.04483 -2.20576
70.2 4.79057 3.03586 -2.19891
70.25 4.78373 3.0269 -2.19193
70.3 4.77698 3.01792 -2.18494
70.35 4.7703 3.00893 -2.17796
70.4 4.7637 2.99992 -2.171
70.45 4.75717 2.99089 -2.16402
70.5 4.75075 2.98187 -2.15704
70.55 4.74444 2.97283 -2.15002
70.6 4.73822 2.96378 -2.14291
70.65 4.73201 2.9547 -2.13602
70.7 4.72592 2.94562 -2.12897
70.75 4.71998 2.9366 -2.12185
70.8 4.71409 2.92755 -2.1147
70.85 4.70828 2.91846 -2.10771
70.9 4.70256 2.9094 -2.10072
70.95 4.69693 2.90036 -2.09349
71 4.69137 2.89131 -2.08628
71.05 4.68591 2.88223 -2.07909
71.1 4.68056 2.87318 -2.07185
71.15 4.67528 2.86414 -2.06458
71.2 4.67006 2.85504 -2.05739
71.25 4.66494 2.84598 -2.0502
71.3 4.65992 2.83692 -2.04312
71.35 4.65497 2.8278 -2.03601
71.4 4.65009 2.81875 -2.02858
71.45 4.6453 2.80969 -2.02129
71.5 4.64062 2.80064 -2.01395
71.55 4.63602 2.79161 -2.0068
71.6 4.63148 2.78256 -1.99972
71.65 4.62701 2.77349 -1.99252
71.7 4.6226 2.7644 -1.98523
71.75 4.61832 2.75538 -1.97789
71.8 4.6141 2.74632 -1.97062
71.85 4.60997 2.73728 -1.96336
71.9 4.60593 2.72828 -1.95605
71.95 4.60199 2.7193 -1.94869
72 4.5981 2.71029 -1.94133
72.05 4.59429 2.7013 -1.93389
72.1 4.59058 2.69234 -1.92648
72.15 4.58694 2.68339 -1.9191
72.2 4.58336 2.67445 -1.9118
72.25 4.57987 2.6655 -1.9044
72.3 4.57647 2.65658 -1.89698
72.35 4.57314 2.64766 -1.88957
72.4 4.56989 2.63876 -1.88227
72.45 4.56673 2.62988 -1.87484
72.5 4.56365 2.62103 -1.86741
72.55 4.56065 2.6122 -1.85989
72.6 4.5577 2.60338 -1.85256
72.65 4.55484 2.59457 -1.84513
72.7 4.55207 2.58578 -1.83787
72.75 4.54937 2.57702 -1.83069
72.8 4.54677 2.56834 -1.82343
72.85 4.5442 2.55963 -1.81616
72.9 4.54174 2.55097 -1.80882
72.95 4.53934 2.54234 -1.8014
73 4.53698 2.53373 -1.79393
73.05 4.53474 2.52516 -1.78664
73.1 4.53255 2.51659 -1.77954
73.15 4.53043 2.50806 -1.77209
73.2 4.52834 2.49947 -1.76492
73.25 4.52634 2.49087 -1.75773
73.3 4.52441 2.48233 -1.7506
73.35 4.52258 2.4738 -1.74336
73.4 4.52079 2.46527 -1.73617
73.45 4.5191 2.45682 -1.72907
73.5 4.51747 2.44836 -1.7221
73.55 4.51587 2.43993 -1.71509
73.6 4.51436 2.43154 -1.70786
73.65 4.51291 2.42316 -1.70045
73.7 4.5115 2.41481 -1.69329
73.75 4.51019 2.40653 -1.68616
73.8 4.50893 2.39827 -1.67908
73.85 4.50774 2.39002 -1.67203
73.9 4.50661 2.38179 -1.66493
73.95 4.50557 2.37359 -1.65794
74 4.50458 2.36545 -1.65083
74.05 4.50363 2.35732 -1.64382
74.1 4.50275 2.34925 -1.63666
74.15 4.50193 2.34119 -1.62961
74.2 4.50119 2.33316 -1.62257
74.25 4.50053 2.32563 -1.61559
74.3 4.4999 2.31729 -1.60844
74.35 4.49933 2.30932 -1.6014
74.4 4.49882 2.30145 -1.5945
74.45 4.49831 2.29356 -1.5876
74.5 4.49791 2.28574 -1.58073
74.55 4.49756 2.27797 -1.57403
74.6 4.49728 2.27024 -1.56715
74.65 4.49702 2.26252 -1.56036
74.7 4.49681 2.25482 -1.55355
74.75 4.49664 2.24717 -1.54681
74.8 4.49657 2.23956 -1.54013
74.85 4.49654 2.23198 -1.53345
74.9 4.49657 2.22445 -1.52693
74.95 4.49663 2.21694 -1.52032
75 4.49676 2.20949 -1.51371
75.05 4.49692 2.20206 -1.50705
75.1 4.49709 2.19466 -1.50049
75.15 4.4973 2.18728 -1.49406
75.2 4.49757 2.17994 -1.4874
75.25 4.49793 2.17266 -1.48097
75.3 4.49832 2.16545 -1.47461
75.35 4.49876 2.15824 -1.46814
75.4 4.49921 2.15107 -1.46171
75.45 4.49972 2.14394 -1.45536
75.5 4.50026 2.13682 -1.44876
75.55 4.50081 2.12979 -1.44222
75.6 4.50144 2.1228 -1.43573
75.65 4.50208 2.11586 -1.42918
75.7 4.50279 2.10897 -1.42266
75.75 4.50353 2.10211 -1.41617
75.8 4.50431 2.0953 -1.40969
75.85 4.50513 2.08849 -1.40328
75.9 4.506 2.08179 -1.39693
75.95 4.50695 2.07515 -1.39094
76 4.50793 2.0685 -1.38475
76.05 4.50892 2.0619 -1.37874
76.1 4.50991 2.05535 -1.37289
76.15 4.51096 2.04878 -1.36718
76.2 4.51206 2.04228 -1.36124
76.25 4.51318 2.03584 -1.35522
76.3 4.51433 2.02943 -1.34934
76.35 4.51551 2.02304 -1.34352
76.4 4.51674 2.01672 -1.33768
76.45 4.51798 2.01044 -1.332
76.5 4.51927 2.00417 -1.32635
76.55 4.52058 1.99791 -1.32061
76.6 4.52191 1.9917 -1.3149
76.65 4.52327 1.98557 -1.30925
76.7 4.52466 1.97948 -1.30386
76.75 4.52609 1.9734 -1.29835
76.8 4.52753 1.96737 -1.29272
76.85 4.52897 1.9614 -1.28708
76.9 4.53045 1.95547 -1.28152
76.95 4.53197 1.94957 -1.27611
77 4.53351 1.94369 -1.27098
77.05 4.5351 1.93786 -1.26576
77.1 4.5367 1.9321 -1.26048
77.15 4.53831 1.92636 -1.25534
77.2 4.53996 1.92065 -1.25034
77.25 4.54162 1.91495 -1.24532
77.3 4.54332 1.90927 -1.24022
77.35 4.54503 1.90367 -1.23525
77.4 4.54674 1.89811 -1.2302
77.45 4.54849 1.8926 -1.22521
77.5 4.55026 1.88709 -1.22025
77.55 4.55203 1.88162 -1.21534
77.6 4.55381 1.87618 -1.21057
77.65 4.55562 1.8708 -1.20569
77.7 4.55747 1.86546 -1.20076
77.75 4.55931 1.86014 -1.19592
77.8 4.56118 1.85485 -1.19123
77.85 4.56307 1.84961 -1.18664
77.9 4.56497 1.8444 -1.18205
77.95 4.56688 1.83922 -1.1775
78 4.5688 1.83408 -1.1731
78.05 4.57073 1.82898 -1.16868
78.1 4.57269 1.82392 -1.1644
78.15 4.57463 1.81887 -1.1599
78.2 4.57659 1.81382 -1.1554
78.25 4.5786 1.80887 -1.15128
78.3 4.58064 1.80395 -1.14712
78.35 4.58266 1.79906 -1.14294
78.4 4.58468 1.7942 -1.13883
78.45 4.58674 1.78936 -1.13482
78.5 4.58879 1.78454 -1.13074
78.55 4.59085 1.77979 -1.12669
78.6 4.59292 1.77503 -1.12259
78.65 4.59501 1.77033 -1.11885
78.7 4.59711 1.76565 -1.11507
78.75 4.59921 1.76097 -1.11121
78.8 4.60132 1.75636 -1.10746
78.85 4.60343 1.75177 -1.10383
78.9 4.60555 1.74721 -1.10024
78.95 4.6077 1.74268 -1.0967
79 4.60981 1.73817 -1.09305
79.05 4.61194 1.73372 -1.08956
79.1 4.61408 1.72929 -1.08614
79.15 4.61623 1.72485 -1.08271
79.2 4.6184 1.72046 -1.07934
79.25 4.62056 1.71613 -1.07617
79.3 4.62272 1.71183 -1.07301
79.35 4.62489 1.70758 -1.06986
79.4 4.6271 1.70331 -1.06666
79.45 4.62927 1.69907 -1.06354
79.5 4.63146 1.69486 -1.06046
79.55 4.63367 1.69068 -1.0575
79.6 4.63586 1.68654 -1.05457
79.65 4.63804 1.6824 -1.05164
79.7 4.64023 1.67831 -1.04878
79.75 4.64244 1.67424 -1.04601
79.8 4.64464 1.67021 -1.04325
79.85 4.64685 1.66618 -1.04052
79.9 4.64904 1.66222 -1.03791
79.95 4.65125 1.65827 -1.03528
80 4.65345 1.65434 -1.0327
80.05 4.65566 1.65043 -1.03021
80.1 4.65787 1.64652 -1.02776
80.15 4.66008 1.64267 -1.0254
80.2 4.6623 1.63883 -1.02304
80.25 4.66451 1.63502 -1.02077
80.3 4.66672 1.63123 -1.01852
80.35 4.66893 1.62749 -1.01635
80.4 4.67113 1.62374 -1.0142
80.45 4.67334 1.62003 -1.01213
80.5 4.67553 1.61634 -1.01007
80.55 4.67773 1.61268 -1.00807
80.6 4.67993 1.60902 -1.00612
80.65 4.68214 1.6054 -1.00422
80.7 4.68434 1.60181 -1.00241
80.75 4.68654 1.59823 -1.00063
80.8 4.68873 1.59468 -0.998902
80.85 4.69092 1.59115 -0.99717
80.9 4.69311 1.58763 -0.995557
80.95 4.69529 1.58414 -0.993969
81 4.69746 1.58067 -0.99244
81.05 4.69964 1.57723 -0.990947
81.1 4.70182 1.5738 -0.989503
81.15 4.70399 1.57039 -0.988121
81.2 4.70615 1.567 -0.986765
81.25 4.70832 1.56363 -0.985546
81.3 4.71048 1.56028 -0.984317
81.35 4.71264 1.55697 -0.983142
81.4 4.71479 1.55367 -0.982001
81.45 4.71693 1.55038 -0.980923
81.5 4.71906 1.54711 -0.979883
81.55 4.7212 1.54386 -0.978939
81.6 4.72332 1.54062 -0.977972
81.65 4.72544 1.53741 -0.977078
81.7 4.72756 1.53421 -0.976268
81.75 4.72966 1.53103 -0.975471
81.8 4.73177 1.52787 -0.974729
81.85 4.73387 1.52472 -0.97401
81.9 4.73596 1.52159 -0.973371
81.95 4.73805 1.51849 -0.972781
82 4.74013 1.5154 -0.972253
82.05 4.7422 1.51232 -0.971759
82.1 4.74427 1.50926 -0.971304
82.15 4.74633 1.50622 -0.97091
82.2 4.74838 1.50319 -0.970554
82.25 4.75042 1.50018 -0.97025
82.3 4.75246 1.49719 -0.970003
82.35 4.7545 1.49421 -0.969788
82.4 4.75652 1.49124 -0.969621
82.45 4.75853 1.48829 -0.969492
82.5 4.76054 1.48536 -0.969416
82.55 4.76254 1.48244 -0.969388
82.6 4.76453 1.47953 -0.969421
82.65 4.76652 1.47664 -0.969518
82.7 4.7685 1.47376 -0.969663
82.75 4.77049 1.47086 -0.969863
82.8 4.77246 1.46802 -0.970071
82.85 4.77441 1.46518 -0.97034
82.9 4.77636 1.46236 -0.970649
82.95 4.7783 1.45956 -0.97103
83 4.78024 1.45674 -0.971468
83.05 4.78216 1.45396 -0.971934
83.1 4.78407 1.4512 -0.972451
83.15 4.78598 1.44843 -0.973018
83.2 4.78789 1.44568 -0.973613
83.25 4.78979 1.44294 -0.974266
83.3 4.79165 1.44027 -0.974977
83.35 4.79352 1.43755 -0.975689
83.4 4.79538 1.43485 -0.976473
83.45 4.79724 1.43218 -0.977265
83.5 4.79909 1.42951 -0.978161
83.55 4.80092 1.42686 -0.979096
83.6 4.80275 1.42421 -0.980054
83.65 4.80456 1.42157 -0.980993
83.7 4.80637 1.41895 -0.982022
83.75 4.80817 1.41634 -0.983087
83.8 4.80995 1.41375 -0.984217
83.85 4.81174 1.41115 -0.985362
83.9 4.8135 1.40857 -0.986589
83.95 4.81527 1.406 -0.987871
84 4.81702 1.40344 -0.989186
84.05 4.81878 1.4009 -0.990555
84.1 4.82052 1.39836 -0.991913
84.15 4.82225 1.39583 -0.993403
84.2 4.82397 1.39331 -0.994882
84.25 4.82568 1.39081 -0.996413
84.3 4.82738 1.38831 -0.997963
84.35 4.82905 1.38583 -0.999552
84.4 4.83072 1.38335 -1.0012
84.45 4.83239 1.38088 -1.00289
84.5 4.83406 1.37842 -1.00461
84.55 4.8357 1.37596 -1.00641
84.6 4.83734 1.37352 -1.00818
84.65 4.83896 1.37108 -1.01004
84.7 4.84058 1.36866 -1.01195
84.75 4.84219 1.36623 -1.01383
84.8 4.84379 1.36382 -1.01579
84.85 4.84537 1.36143 -1.01779
84.9 4.84694 1.35906 -1.01979
84.95 4.8485 1.35668 -1.0219
85 4.85007 1.35432 -1.02404
85.05 4.85162 1.35195 -1.02624
85.1 4.85316 1.34959 -1.02852
85.15 4.85469 1.34724 -1.03078
85.2 4.85621 1.3449 -1.03306
85.25 4.85773 1.34257 -1.03541
85.3 4.85922 1.34025 -1.03781
85.35 4.8607 1.33793 -1.04018
85.4 4.86217 1.33562 -1.04253
85.45 4.86364 1.33332 -1.04499
85.5 4.8651 1.33104 -1.04751
85.55 4.86654 1.32876 -1.05012
85.6 4.86798 1.3265 -1.05275
85.65 4.86941 1.32424 -1.05547
85.7 4.87081 1.32199 -1.05822
85.75 4.87221 1.31975 -1.06099
85.8 4.8736 1.31751 -1.06373
85.85 4.87499 1.31527 -1.06645
85.9 4.87636 1.31304 -1.06924
85.95 4.87771 1.31083 -1.07205
86 4.87906 1.30861 -1.07487
86.05 4.8804 1.30641 -1.07779
86.1 4.88173 1.30423 -1.08063
86.15 4.88304 1.30204 -1.08365
86.2 4.88435 1.29985 -1.08661
86.25 4.88565 1.29768 -1.08963
86.3 4.88693 1.29551 -1.09278
86.35 4.8882 1.29335 -1.09587
86.4 4.88945 1.29119 -1.09889
86.45 4.89072 1.28903 -1.10196
86.5 4.89196 1.28689 -1.10516
86.55 4.89318 1.28476 -1.1084
86.6 4.89439 1.28264 -1.11166
86.65 4.89559 1.2805 -1.11496
86.7 4.89678 1.27838 -1.11832
86.75 4.89797 1.27626 -1.1216
86.8 4.89915 1.27416 -1.12502
86.85 4.90031 1.27207 -1.12834
86.9 4.90145 1.26997 -1.13175
86.95 4.90257 1.26787 -1.13509
87 4.90371 1.26578 -1.13866
87.05 4.90483 1.26371 -1.14215
87.1 4.90594 1.26163 -1.14563
87.15 4.90705 1.25956 -1.14919
87.2 4.90815 1.25752 -1.15269
87.25 4.90925 1.25547 -1.15646
87.3 4.91033 1.25344 -1.16017
87.35 4.91139 1.2514 -1.16367
87.4 4.91244 1.24938 -1.16738
87.45 4.91349 1.24736 -1.17108
87.5 4.91452 1.24536 -1.17484
87.55 4.91555 1.24336 -1.17864
87.6 4.91656 1.24135 -1.18249
87.65 4.91755 1.23935 -1.18638
87.7 4.91853 1.23736 -1.19019
87.75 4.91949 1.2354 -1.19405
87.8 4.92045 1.23343 -1.19796
87.85 4.92143 1.23147 -1.20189
87.9 4.92237 1.22949 -1.20581
87.95 4.92331 1.22752 -1.20976
88 4.92424 1.22557 -1.21379
88.05 4.92514 1.22363 -1.21769
88.1 4.92602 1.22168 -1.22168
88.15 4.9269 1.21975 -1.22577
88.2 4.9278 1.21782 -1.22981
88.25 4.92867 1.21589 -1.23388
88.3 4.92952 1.21398 -1.23797
88.35 4.93038 1.21207 -1.24208
88.4 4.93123 1.21019 -1.24631
88.45 4.93208 1.2083 -1.25041
88.5 4.9329 1.2064 -1.25459
88.55 4.93369 1.20451 -1.25869
88.6 4.93448 1.20262 -1.26283
88.65 4.93528 1.20076 -1.26711
88.7 4.93607 1.1989 -1.27134
88.75 4.93685 1.19705 -1.27563
88.8 4.93759 1.19517 -1.27997
88.85 4.93834 1.19331 -1.28443
88.9 4.93908 1.19147 -1.28877
88.95 4.93981 1.18964 -1.29309
89 4.94052 1.18783 -1.29741
89.05 4.94122 1.18603 -1.30174
89.1 4.94192 1.18423 -1.30608
89.15 4.94258 1.18243 -1.31051
89.2 4.94324 1.18063 -1.31485
89.25 4.9439 1.17883 -1.31925
89.3 4.94455 1.17703 -1.32372
89.35 4.9452 1.17526 -1.32813
89.4 4.94582 1.17349 -1.33245
89.45 4.94644 1.17171 -1.3369
89.5 4.94708 1.16993 -1.34139
89.55 4.9477 1.16818 -1.34581
89.6 4.9483 1.16644 -1.35029
89.65 4.9489 1.16471 -1.35469
89.7 4.94948 1.16297 -1.35919
89.75 4.95007 1.16124 -1.36363
89.8 4.95063 1.15953 -1.36808
89.85 4.95122 1.1578 -1.37265
89.9 4.95178 1.1561 -1.37731
89.95 4.95231 1.1544 -1.38183
90 4.95283 1.15269 -1.38627
90.05 4.95336 1.15098 -1.39083
90.1 4.9539 1.14929 -1.3954
90.15 4.95441 1.14762 -1.3999
90.2 4.9549 1.14596 -1.4044
90.25 4.95536 1.14431 -1.40887
90.3 4.95583 1.14266 -1.41331
90.35 4.95629 1.141 -1.41777
90.4 4.95675 1.13937 -1.42236
90.45 4.95719 1.13772 -1.42697
90.5 4.95764 1.13609 -1.43152
90.55 4.95809 1.13448 -1.43604
90.6 4.95851 1.13284 -1.44053
90.65 4.95892 1.13122 -1.44508
90.7 4.95929 1.1296 -1.44965
90.75 4.95968 1.128 -1.45411
90.8 4.96008 1.12639 -1.45872
90.85 4.96049 1.1248 -1.46318
90.9 4.96085 1.12321 -1.46775
90.95 4.96121 1.12162 -1.47235
91 4.96155 1.12004 -1.47687
91.05 4.9619 1.11847 -1.48142
91.1 4.96224 1.11689 -1.48602
91.15 4.96259 1.11533 -1.49067
91.2 4.96292 1.1138 -1.49522
91.25 4.96325 1.11227 -1.49981
91.3 4.96354 1.11073 -1.50438
91.35 4.96384 1.10921 -1.50891
91.4 4.96414 1.1077 -1.51348
91.45 4.96444 1.1062 -1.5181
91.5 4.96469 1.10468 -1.52266
91.55 4.96496 1.10318 -1.52712
91.6 4.96522 1.10168 -1.53167
91.65 4.96548 1.1002 -1.53626
91.7 4.96574 1.09872 -1.54084
91.75 4.966 1.09724 -1.54535
91.8 4.96624 1.09577 -1.54987
91.85 4.96648 1.09431 -1.55438
91.9 4.9667 1.09284 -1.55904
91.95 4.9669 1.09139 -1.56357
92 4.96712 1.08996 -1.56815
92.05 4.96734 1.08852 -1.57269
92.1 4.96752 1.0871 -1.57717
92.15 4.96771 1.08567 -1.58158
92.2 4.9679 1.08424 -1.58602
92.25 4.96808 1.08283 -1.59051
92.3 4.96826 1.08142 -1.59493
92.35 4.96843 1.08002 -1.59943
92.4 4.96858 1.07863 -1.60385
92.45 4.96874 1.07724 -1.60836
92.5 4.96886 1.07586 -1.61272
92.55 4.969 1.07449 -1.61713
92.6 4.96913 1.07314 -1.62155
92.65 4.96925 1.07176 -1.62596
92.7 4.96937 1.0704 -1.63029
92.75 4.96949 1.06904 -1.63464
92.8 4.9696 1.0677 -1.63904
92.85 4.96969 1.06637 -1.64345
92.9 4.96978 1.06503 -1.6478
92.95 4.96986 1.06369 -1.65209
93 4.96993 1.06236 -1.65642
93.05 4.97002 1.06105 -1.66078
93.1 4.9701 1.05975 -1.66509
93.15 4.97015 1.05846 -1.66941
93.2 4.97023 1.05715 -1.67375
93.25 4.97028 1.05587 -1.67799
93.3 4.97032 1.05458 -1.68226
93.35 4.97037 1.05331 -1.68652
93.4 4.97042 1.05204 -1.69074
93.45 4.97045 1.05078 -1.69503
93.5 4.97048 1.04953 -1.6993
93.55 4.9705 1.04828 -1.7035
93.6 4.97053 1.04703 -1.70769
93.65 4.97053 1.04578 -1.71188
93.7 4.97054 1.04455 -1.71605
93.75 4.97054 1.04331 -1.72014
93.8 4.97056 1.04208 -1.72422
93.85 4.97057 1.04087 -1.72837
93.9 4.97056 1.03966 -1.73242
93.95 4.97054 1.03845 -1.73649
94 4.97054 1.03725 -1.74045
94.05 4.97051 1.03604 -1.74444
94.1 4.97047 1.03487 -1.74845
94.15 4.97044 1.0337 -1.75236
94.2 4.97041 1.03253 -1.75629
94.25 4.97038 1.03136 -1.76012
94.3 4.97033 1.03019 -1.76407
94.35 4.97029 1.02904 -1.76799
94.4 4.97023 1.0279 -1.77185
94.45 4.97016 1.02675 -1.77566
94.5 4.9701 1.0256 -1.77948
94.55 4.97003 1.02447 -1.78322
94.6 4.96995 1.02334 -1.78705
94.65 4.96986 1.02222 -1.79082
94.7 4.96981 1.02111 -1.79462
94.75 4.96973 1.01999 -1.79833
94.8 4.96966 1.01888 -1.80208
94.85 4.96957 1.01778 -1.80576
94.9 4.96947 1.01667 -1.8094
94.95 4.96937 1.01559 -1.81304
95 4.96926 1.01452 -1.81664
95.05 4.96913 1.01345 -1.82022
95.1 4.96903 1.01238 -1.82382
95.15 4.96892 1.01132 -1.82743
95.2 4.96882 1.01024 -1.83097
95.25 4.96869 1.0092 -1.83454
95.3 4.96857 1.00816 -1.83802
95.35 4.96843 1.00712 -1.84151
95.4 4.9683 1.00608 -1.84491
95.45 4.96816 1.00504 -1.84831
95.5 4.96804 1.00402 -1.85183
95.55 4.9679 1.003 -1.85527
95.6 4.96777 1.00199 -1.8586
95.65 4.96761 1.00098 -1.86188
95.7 4.96745 0.999976 -1.86518
95.75 4.9673 0.998986 -1.86847
95.8 4.96716 0.997998 -1.87172
95.85 4.967 0.997003 -1.87492
95.9 4.96685 0.996031 -1.8781
95.95 4.96669 0.995064 -1.88128
96 4.96654 0.994101 -1.88444
96.05 4.96637 0.993137 -1.88758
96.1 4.9662 0.992172 -1.89063
96.15 4.96603 0.991221 -1.89371
96.2 4.96585 0.990277 -1.89672
96.25 4.96567 0.989335 -1.89975
96.3 4.9655 0.988401 -1.90275
96.35 4.96532 0.987478 -1.90567
96.4 4.96514 0.98656 -1.90857
96.45 4.96495 0.985627 -1.91148
96.5 4.96476 0.984711 -1.91437
96.55 4.96456 0.983801 -1.91721
96.6 4.96437 0.982898 -1.92001
96.65 4.96416 0.982003 -1.9228
96.7 4.96395 0.981113 -1.92555
96.75 4.96376 0.980221 -1.92823
96.8 4.96356 0.979329 -1.93093
96.85 4.96335 0.978451 -1.93365
96.9 4.96314 0.977576 -1.93632
96.95 4.96293 0.976696 -1.93894
97 4.96272 0.975834 -1.94152
97.05 4.96251 0.974974 -1.94408
97.1 4.9623 0.974129 -1.94662
97.15 4.96207 0.973279 -1.9491
97.2 4.96186 0.972444 -1.95157
97.25 4.96163 0.971627 -1.954
97.3 4.96141 0.970801 -1.95642
97.35 4.96117 0.969968 -1.9588
97.4 4.96096 0.969137 -1.96113
97.45 4.96074 0.968322 -1.96346
97.5 4.9605 0.967518 -1.96571
97.55 4.96026 0.966711 -1.96796
97.6 4.96002 0.965906 -1.9702
97.65 4.95979 0.965107 -1.9724
97.7 4.95956 0.96431 -1.97458
97.75 4.95932 0.963514 -1.97669
97.8 4.95909 0.962732 -1.97883
97.85 4.95885 0.961947 -1.98091
97.9 4.95861 0.961168 -1.98297
97.95 4.95837 0.960393 -1.98499
98 4.95813 0.959622 -1.98699
98.05 4.95789 0.958858 -1.98894
98.1 4.95764 0.958098 -1.99083
98.15 4.95739 0.957342 -1.99272
98.2 4.95715 0.956599 -1.99455
98.25 4.9569 0.955854 -1.99635
98.3 4.95665 0.95511 -1.99811
98.35 4.9564 0.954364 -1.9999
98.4 4.95614 0.953641 -2.00165
98.45 4.95589 0.952918 -2.00335
98.5 4.95563 0.952191 -2.00506
98.55 4.95538 0.95147 -2.00672
98.6 4.95512 0.950753 -2.00831
98.65 4.95486 0.950045 -2.00985
98.7 4.9546 0.949342 -2.01137
98.75 4.95434 0.948637 -2.01287
98.8 4.95408 0.947934 -2.01432
98.85 4.95382 0.947241 -2.01574
98.9 4.95356 0.94655 -2.01714
98.95 4.95329 0.945861 -2.01848
99 4.95303 0.945182 -2.01985
99.05 4.95277 0.944502 -2.02117
99.1 4.9525 0.943829 -2.02244
99.15 4.95224 0.94316 -2.02366
99.2 4.95197 0.942496 -2.02485
99.25 4.9517 0.941833 -2.02604
99.3 4.95144 0.941171 -2.02719
99.35 4.95117 0.940515 -2.02829
99.4 4.9509 0.93986 -2.02935
99.45 4.95064 0.93921 -2.0304
99.5 4.95036 0.938561 -2.03141
99.55 4.95009 0.937918 -2.03239
99.6 4.94982 0.937274 -2.03336
99.65 4.94955 0.936642 -2.0343
99.7 4.94928 0.936012 -2.03517
99.75 4.94901 0.935381 -2.03602
99.8 4.94873 0.934757 -2.03687
99.85 4.94846 0.93414 -2.03766
99.9 4.94819 0.93352 -2.0384
99.95 4.94792 0.932905 -2.03915
100 4.94764 0.932296 -2.03985
100.05 4.94736 0.931688 -2.04052
100.1 4.94709 0.931087 -2.04116
100.15 4.94681 0.930486 -2.04175
100.2 4.94654 0.929886 -2.04236
100.25 4.94626 0.929293 -2.0429
100.3 4.94599 0.928714 -2.04339
100.35 4.94571 0.928124 -2.04388
100.4 4.94544 0.927544 -2.04433
100.45 4.94516 0.926964 -2.04473
100.5 4.94488 0.926388 -2.04513
100.55 4.94461 0.925817 -2.04548
100.6 4.94433 0.925248 -2.04582
100.65 4.94405 0.92468 -2.04611
100.7 4.94378 0.924118 -2.04638
100.75 4.94351 0.923559 -2.04661
100.8 4.94322 0.923001 -2.04684
100.85 4.94295 0.922452 -2.04703
100.9 4.94267 0.9219 -2.04715
100.95 4.9424 0.921363 -2.04727
101 4.94213 0.920821 -2.04734
101.05 4.94185 0.920281 -2.0474
101.1 4.94157 0.919746 -2.04741
101.15 4.9413 0.919214 -2.04741
101.2 4.94103 0.918688 -2.04735
101.25 4.94075 0.918165 -2.04729
101.3 4.94047 0.917639 -2.04718
101.35 4.9402 0.91712 -2.04704
101.4 4.93992 0.916598 -2.04685
101.45 4.93965 0.916086 -2.04666
101.5 4.93937 0.915566 -2.04646
101.55 4.9391 0.915064 -2.0462
101.6 4.93882 0.914551 -2.04594
101.65 4.93854 0.914041 -2.04562
101.7 4.93827 0.913535 -2.0453
101.75 4.93799 0.913033 -2.04491
101.8 4.93771 0.912535 -2.0445
101.85 4.93744 0.912032 -2.04411
101.9 4.93716 0.911537 -2.04364
101.95 4.93689 0.911038 -2.04317
102 4.93661 0.910548 -2.04264
102.05 4.93633 0.910056 -2.0421
102.1 4.93606 0.909573 -2.04154
102.15 4.93578 0.909088 -2.04093
102.2 4.93551 0.908603 -2.0403
102.25 4.93523 0.908125 -2.03963
102.3 4.93495 0.907647 -2.03894
102.35 4.93467 0.907174 -2.03823
102.4 4.93441 0.9067 -2.03746
102.45 4.93413 0.90623 -2.03668
102.5 4.93386 0.905763 -2.03589
102.55 4.93359 0.905301 -2.03502
102.6 4.93331 0.904842 -2.03417
102.65 4.93303 0.904376 -2.0333
102.7 4.93276 0.903918 -2.03237
102.75 4.93248 0.903462 -2.03141
102.8 4.93221 0.903008 -2.03044
102.85 4.93193 0.902541 -2.02947
102.9 4.93163 0.902038 -2.02843
102.95 4.93136 0.901591 -2.02738
103 4.93107 0.90113 -2.02636
103.05 4.93081 0.9007 -2.02523
103.1 4.93054 0.900272 -2.02408
103.15 4.93026 0.899814 -2.02295
103.2 4.92999 0.899371 -2.0218
103.25 4.92973 0.898947 -2.02058
103.3 4.92946 0.898518 -2.01934
103.35 4.92919 0.898078 -2.01812
103.4 4.92892 0.897647 -2.01684
103.45 4.92865 0.897227 -2.0155
103.5 4.92839 0.896808 -2.01418
103.55 4.92811 0.896366 -2.01283
103.6 4.92785 0.895957 -2.01148
103.65 4.92758 0.895532 -2.01008
103.7 4.92731 0.895106 -2.00861
103.75 4.92704 0.894671 -2.00718
103.8 4.92678 0.894259 -2.00568
103.85 4.92651 0.893837 -2.00422
103.9 4.92624 0.893424 -2.00273
103.95 4.92598 0.893016 -2.00115
104 4.92572 0.89262 -1.99956
104.05 4.92545 0.892212 -1.99796
104.1 4.92518 0.891805 -1.99636
104.15 4.92492 0.891397 -1.99474
104.2 4.92467 0.891 -1.99311
104.25 4.9244 0.890583 -1.99147
104.3 4.92415 0.890206 -1.98971
104.35 4.92389 0.889804 -1.98792
104.4 4.92362 0.88941 -1.98613
104.45 4.92336 0.889008 -1.98435
104.5 4.92309 0.888595 -1.98258
104.55 4.92285 0.888237 -1.98079
104.6 4.92258 0.887831 -1.97901
104.65 4.92232 0.887437 -1.9772
104.7 4.92204 0.887023 -1.97533
104.75 4.92179 0.88666 -1.97344
104.8 4.92155 0.8863 -1.97153
104.85 4.92128 0.885886 -1.96961
104.9 4.92103 0.885526 -1.96769
104.95 4.92077 0.885135 -1.96572
105 4.92052 0.884771 -1.96372
105.05 4.92027 0.884382 -1.96171
105.1 4.92001 0.884 -1.9597
105.15 4.91976 0.883618 -1.95764
105.2 4.91952 0.883261 -1.9556
105.25 4.91927 0.882884 -1.95356
105.3 4.91902 0.882514 -1.95146
105.35 4.91877 0.882145 -1.9493
105.4 4.91852 0.88178 -1.94713
105.45 4.91828 0.881414 -1.94496
105.5 4.91803 0.881042 -1.94278
105.55 4.91778 0.880657 -1.94056
105.6 4.91754 0.880321 -1.93838
105.65 4.91729 0.879953 -1.93615
105.7 4.91704 0.879589 -1.93389
105.75 4.91679 0.879231 -1.93165
105.8 4.91655 0.878874 -1.92941
105.85 4.91629 0.878519 -1.92713
105.9 4.91605 0.878138 -1.92481
105.95 4.9158 0.877784 -1.92241
106 4.91557 0.877448 -1.9201
106.05 4.91533 0.877117 -1.91776
106.1 4.9151 0.876758 -1.9154
106.15 4.91487 0.876405 -1.91303
106.2 4.91465 0.876096 -1.9106
106.25 4.91442 0.875787 -1.90817
106.3 4.91418 0.875439 -1.90572
106.35 4.91393 0.875096 -1.90326
106.4 4.9137 0.874764 -1.90077
106.45 4.91347 0.87443 -1.89829
106.5 4.91324 0.874101 -1.89573
106.55 4.91301 0.873762 -1.89321
106.6 4.91277 0.873423 -1.89071
106.65 4.91255 0.873084 -1.88825
106.7 4.91232 0.872748 -1.88578
106.75 4.9121 0.872412 -1.88327
106.8 4.91188 0.872085 -1.88076
106.85 4.91164 0.871756 -1.87819
106.9 4.91141 0.871434 -1.87561
106.95 4.9112 0.871109 -1.87306
107 4.91098 0.87078 -1.87046
107.05 4.91076 0.870459 -1.86787
107.1 4.91055 0.87014 -1.86532
107.15 4.91032 0.869819 -1.8627
107.2 4.9101 0.869495 -1.86002
107.25 4.90989 0.869177 -1.85734
107.3 4.90967 0.868856 -1.85463
107.35 4.90945 0.868532 -1.8519
107.4 4.90923 0.868164 -1.84927
107.45 4.90901 0.867837 -1.84661
107.5 4.9088 0.86754 -1.84393
107.55 4.9086 0.867224 -1.84123
107.6 4.90839 0.866923 -1.83852
107.65 4.90817 0.866594 -1.8358
107.7 4.90795 0.866295 -1.83304
107.75 4.90772 0.865953 -1.83027
107.8 4.90751 0.865669 -1.82747
107.85 4.9073 0.865331 -1.82469
107.9 4.90709 0.865026 -1.82197
107.95 4.9069 0.864763 -1.81929
108 4.9067 0.864471 -1.81659
108.05 4.90648 0.864151 -1.81387
108.1 4.90626 0.8638 -1.81109
108.15 4.90605 0.863483 -1.80828
108.2 4.90585 0.863183 -1.80544
108.25 4.90564 0.86287 -1.80263
108.3 4.90543 0.862572 -1.79975
108.35 4.90523 0.862296 -1.79697
108.4 4.90503 0.861992 -1.79415
108.45 4.90484 0.861713 -1.79132
108.5 4.90464 0.861417 -1.78849
108.55 4.90444 0.861107 -1.7856
108.6 4.90425 0.860823 -1.78275
108.65 4.90406 0.860529 -1.77984
108.7 4.90387 0.860236 -1.77703
108.75 4.90368 0.859913 -1.77419
108.8 4.90348 0.859609 -1.77134
108.85 4.90329 0.859312 -1.76852
108.9 4.90311 0.859023 -1.76568
108.95 4.90292 0.858713 -1.76281
109 4.90272 0.858417 -1.75992
109.05 4.90254 0.85813 -1.75709
109.1 4.90235 0.857854 -1.7542
109.15 4.90218 0.857568 -1.75133
109.2 4.902 0.857282 -1.74844
109.25 4.90181 0.856986 -1.74553
109.3 4.90162 0.856703 -1.74265
109.35 4.90144 0.856413 -1.73983
109.4 4.90126 0.856124 -1.73694
109.55 4.9007 0.85527 -1.72821
109.6 4.90054 0.854992 -1.72529
109.65 4.90037 0.854713 -1.72246
109.7 4.9002 0.854448 -1.71964
109.75 4.90002 0.854175 -1.71675
109.8 4.89985 0.853892 -1.71384
109.85 4.89969 0.853602 -1.71098
109.9 4.89951 0.85334 -1.70811
109.95 4.89934 0.853075 -1.70525
110 4.89918 0.852802 -1.70239
110.05 4.899 0.852512 -1.69953
110.1 4.89885 0.852269 -1.69664
110.15 4.89869 0.851965 -1.6938
110.2 4.89853 0.851729 -1.69095
110.25 4.89837 0.851466 -1.68811
110.3 4.89822 0.851196 -1.68531
110.35 4.89807 0.850905 -1.6825
110.4 4.89792 0.850654 -1.67964
110.45 4.89777 0.85036 -1.67678
110.5 4.89763 0.850101 -1.67395
110.55 4.89747 0.849832 -1.67115
110.6 4.89732 0.849576 -1.66827
110.65 4.89716 0.849318 -1.66536
110.7 4.89701 0.849056 -1.66249
110.75 4.89686 0.848803 -1.65964
110.8 4.89671 0.848536 -1.65687
110.85 4.89656 0.848274 -1.65405
110.9 4.89643 0.848019 -1.65124
110.95 4.89626 0.847756 -1.64843
111 4.89611 0.8475 -1.64566
111.05 4.89597 0.84723 -1.64293
111.1 4.89583 0.846997 -1.64019
111.15 4.89569 0.846741 -1.63746
111.2 4.89556 0.846493 -1.63472
111.25 4.89542 0.846212 -1.63192
111.3 4.89529 0.845971 -1.6292
111.35 4.89516 0.845712 -1.62655
111.4 4.89503 0.845459 -1.62382
111.45 4.8949 0.845198 -1.62107
111.5 4.89477 0.844947 -1.61834
111.55 4.89463 0.844696 -1.61565
111.6 4.89448 0.844461 -1.61298
111.65 4.89435 0.844202 -1.61024
111.7 4.89424 0.843955 -1.60753
111.75 4.89411 0.843698 -1.60483
111.8 4.89397 0.843466 -1.60214
111.85 4.89385 0.843203 -1.59944
111.9 4.89372 0.842956 -1.59682
111.95 4.89359 0.84272 -1.59417
112 4.89346 0.842475 -1.59151
112.05 4.89334 0.842218 -1.58887
112.1 4.89322 0.841951 -1.58626
112.15 4.8931 0.841714 -1.5837
112.2 4.893 0.841461 -1.58106
112.25 4.89287 0.841253 -1.57846
112.3 4.89276 0.841018 -1.57591
112.35 4.89264 0.840763 -1.57334
112.4 4.89254 0.840532 -1.57079
112.45 4.89242 0.840294 -1.56832
112.5 4.89232 0.840048 -1.5658
112.55 4.8922 0.83983 -1.56322
112.6 4.89208 0.839586 -1.56065
112.65 4.89198 0.839379 -1.55811
112.7 4.89188 0.839127 -1.55568
112.75 4.89178 0.838886 -1.55324
112.8 4.89169 0.838667 -1.55076
112.85 4.89159 0.838453 -1.54832
112.9 4.89149 0.83824 -1.54589
112.95 4.89138 0.838008 -1.54345
113 4.89128 0.837779 -1.54106
113.05 4.89118 0.837544 -1.53871
113.1 4.89108 0.837305 -1.53634
113.15 4.89096 0.837097 -1.53394
113.2 4.89085 0.836871 -1.53155
113.25 4.89076 0.836652 -1.5292
113.3 4.89066 0.836432 -1.52689
113.35 4.89056 0.836219 -1.52459
113.4 4.89047 0.836006 -1.52234
113.45 4.89038 0.835779 -1.52006
113.5 4.89029 0.835557 -1.51782
113.55 4.8902 0.835353 -1.51559
113.6 4.89012 0.835123 -1.51336
113.65 4.89004 0.834916 -1.51115
113.7 4.88996 0.834694 -1.50895
113.75 4.88988 0.834493 -1.50672
113.8 4.88978 0.834282 -1.50452
113.85 4.8897 0.834058 -1.50232
113.9 4.88962 0.833848 -1.50016
113.95 4.88954 0.833656 -1.49802
114 4.88945 0.83346 -1.49588
114.05 4.88937 0.833252 -1.49377
114.1 4.8893 0.833032 -1.49167
114.15 4.88922 0.832849 -1.4896
114.2 4.88915 0.832612 -1.48755
114.25 4.88908 0.832403 -1.48551
114.3 4.88901 0.832228 -1.48349
114.35 4.88893 0.832013 -1.48149
114.4 4.88886 0.831832 -1.47951
114.45 4.8888 0.831619 -1.47752
114.5 4.88873 0.831406 -1.47554
114.55 4.88866 0.831232 -1.47358
114.6 4.88859 0.831049 -1.47166
114.65 4.88852 0.830872 -1.46973
114.7 4.88847 0.830628 -1.46782
114.75 4.8884 0.830441 -1.46599
114.8 4.88834 0.830277 -1.46417
114.85 4.88827 0.830098 -1.46232
114.9 4.88821 0.829914 -1.46052
114.95 4.88815 0.829736 -1.45871
115 4.88809 0.829543 -1.45693
115.05 4.88803 0.829363 -1.4551
115.1 4.88797 0.82916 -1.45333
115.15 4.88791 0.828962 -1.45162
115.2 4.88786 0.828791 -1.44989
115.25 4.8878 0.828634 -1.44818
115.3 4.88775 0.828454 -1.44653
115.35 4.8877 0.828275 -1.44487
115.4 4.88765 0.828099 -1.44322
115.45 4.8876 0.827918 -1.44162
115.5 4.88756 0.827725 -1.44002
115.55 4.8875 0.827558 -1.43839
115.6 4.88746 0.827355 -1.43684
115.65 4.88741 0.827193 -1.43529
115.7 4.88736 0.827022 -1.43373
115.75 4.88732 0.826879 -1.43224
115.8 4.88727 0.826704 -1.43073
115.85 4.88722 0.826525 -1.42924
115.9 4.88718 0.826373 -1.42781
115.95 4.88714 0.826215 -1.42636
116 4.88711 0.825994 -1.42492
116.05 4.88706 0.825858 -1.42355
116.1 4.88703 0.825721 -1.42219
116.15 4.88699 0.825545 -1.4208
116.2 4.88695 0.825382 -1.4195
116.25 4.88692 0.825224 -1.41818
116.3 4.88688 0.825065 -1.41687
116.35 4.88685 0.82488 -1.41555
116.4 4.88682 0.824719 -1.4143
116.45 4.88679 0.82457 -1.41307
116.5 4.88675 0.824435 -1.41184
116.55 4.88673 0.824282 -1.41068
116.6 4.8867 0.824134 -1.40949
116.65 4.88667 0.823965 -1.40833
116.7 4.88664 0.82382 -1.40717
116.75 4.88661 0.823683 -1.40608
116.8 4.88659 0.823521 -1.405
116.85 4.88657 0.823362 -1.40389
116.9 4.88654 0.8232 -1.40278
116.95 4.88652 0.823057 -1.40178
117 4.88649 0.822941 -1.40078
117.05 4.88647 0.822783 -1.39976
117.1 4.88645 0.822652 -1.39876
117.15 4.88644 0.822506 -1.39785
117.2 4.88642 0.822345 -1.39694
117.25 4.8864 0.822237 -1.39603
117.3 4.88638 0.822089 -1.39513
117.35 4.88637 0.821926 -1.39432
117.4 4.88635 0.821804 -1.39346
117.45 4.88634 0.82167 -1.39259
117.5 4.88632 0.821543 -1.39173
117.55 4.88631 0.821402 -1.39089
117.6 4.8863 0.821242 -1.39012
117.65 4.88629 0.821122 -1.38935
117.7 4.88627 0.820996 -1.38858
117.75 4.88626 0.820846 -1.38781
117.8 4.88624 0.820724 -1.38705
117.85 4.88623 0.820605 -1.38637
117.9 4.88623 0.82047 -1.3857
117.95 4.88622 0.820344 -1.38505
118 4.88622 0.820216 -1.38438
118.05 4.88621 0.820067 -1.38374
118.1 4.88621 0.819936 -1.38318
118.15 4.88621 0.819809 -1.38263
118.2 4.88621 0.819675 -1.38213
118.25 4.88621 0.819563 -1.38164
118.3 4.88621 0.819446 -1.38115
118.35 4.88621 0.819323 -1.38065
118.4 4.88621 0.819206 -1.38027
118.45 4.88622 0.819106 -1.37991
118.5 4.88622 0.818995 -1.37954
118.55 4.88623 0.818869 -1.37917
118.6 4.88623 0.818761 -1.3788
118.65 4.88624 0.818651 -1.37843
118.7 4.88623 0.818554 -1.37805
118.75 4.88624 0.818442 -1.3778
118.8 4.88625 0.818353 -1.37756
118.85 4.88626 0.818246 -1.37731
118.9 4.88627 0.818093 -1.37706
118.95 4.88628 0.817996 -1.37682
119 4.88629 0.817885 -1.37658
119.05 4.8863 0.817785 -1.37633
119.1 4.8863 0.817684 -1.37608
119.15 4.88632 0.817568 -1.37585
119.2 4.88632 0.817476 -1.37572
119.25 4.88634 0.817377 -1.3756
119.3 4.88635 0.817283 -1.37556
119.35 4.88636 0.817174 -1.37553
119.4 4.88638 0.817098 -1.3755
119.45 4.88639 0.817007 -1.37548
119.5 4.88641 0.81688 -1.37546
119.55 4.88642 0.81682 -1.37545
119.6 4.88644 0.816725 -1.37544
119.65 4.88646 0.816622 -1.37542
119.7 4.88648 0.816514 -1.37541
119.75 4.8865 0.816432 -1.37554
119.8 4.88653 0.816327 -1.37567
119.85 4.88654 0.816262 -1.37581
119.9 4.88657 0.816182 -1.37602
119.95 4.88661 0.81607 -1.37626
120 4.88663 0.816015 -1.3765
120.05 4.88666 0.815914 -1.37674
120.1 4.88668 0.815837 -1.37697
120.15 4.88672 0.81573 -1.37721
120.2 4.88674 0.815666 -1.37745
120.25 4.88677 0.815569 -1.37769
120.3 4.88679 0.815498 -1.37793
120.35 4.88682 0.815416 -1.37826
120.4 4.88686 0.815329 -1.37861
120.45 4.88688 0.815264 -1.37895
120.5 4.88691 0.815165 -1.3793
120.55 4.88695 0.815088 -1.37964
120.6 4.88697 0.815019 -1.37999
120.65 4.88701 0.814898 -1.38033
120.7 4.88704 0.814827 -1.38068
120.75 4.88707 0.81474 -1.38102
120.8 4.88711 0.814657 -1.38147
120.85 4.88715 0.814587 -1.38194
120.9 4.88718 0.814517 -1.3824
120.95 4.88721 0.814439 -1.38285
121 4.88725 0.814362 -1.38331
121.05 4.88728 0.81429 -1.38378
121.1 4.88732 0.814198 -1.38424
121.15 4.88736 0.814131 -1.38481
121.2 4.88739 0.814057 -1.38538
121.25 4.88744 0.813992 -1.38597
121.3 4.88748 0.813928 -1.38655
121.35 4.88752 0.81385 -1.38712
121.4 4.88756 0.813788 -1.3877
121.45 4.8876 0.813708 -1.38829
121.5 4.88764 0.813641 -1.38901
121.55 4.88769 0.81358 -1.38974
121.6 4.88773 0.813511 -1.39045
121.65 4.88778 0.813444 -1.39118
121.7 4.88782 0.813376 -1.39189
121.75 4.88787 0.81331 -1.3926
121.8 4.88791 0.813271 -1.39344
121.85 4.88797 0.813202 -1.39428
121.9 4.88801 0.813153 -1.39509
121.95 4.88806 0.813098 -1.39591
122 4.8881 0.813055 -1.39675
122.05 4.88816 0.812973 -1.3976
122.1 4.88821 0.812952 -1.39858
122.15 4.88826 0.812893 -1.3996
122.2 4.88831 0.812842 -1.4006
122.25 4.88836 0.812792 -1.40159
122.3 4.88842 0.812718 -1.40257
122.35 4.88848 0.812675 -1.40372
122.4 4.88854 0.812608 -1.40486
122.45 4.88859 0.812576 -1.4058
122.5 4.88865 0.812518 -1.40676
122.55 4.88871 0.81244 -1.40771
122.6 4.88876 0.81241 -1.4088
122.65 4.88882 0.812381 -1.40992
122.7 4.88888 0.812326 -1.41103
122.75 4.88893 0.812281 -1.41212
122.8 4.88899 0.812222 -1.41322
122.85 4.88905 0.812183 -1.41449
122.9 4.88912 0.812152 -1.41574
122.95 4.88919 0.812084 -1.41704
123 4.88924 0.812055 -1.41811
123.05 4.8893 0.812018 -1.41929
123.1 4.88936 0.811975 -1.42051
123.15 4.88942 0.811915 -1.42171
123.2 4.88948 0.81187 -1.42289
123.25 4.88953 0.811838 -1.42408
123.3 4.8896 0.811802 -1.42543
123.35 4.88967 0.811767 -1.42681
123.4 4.88974 0.811722 -1.4282
123.45 4.8898 0.811663 -1.42936
123.5 4.88987 0.811625 -1.43068
123.55 4.88993 0.811575 -1.43204
123.6 4.89 0.81155 -1.43338
123.65 4.89006 0.811516 -1.43471
123.7 4.89013 0.811478 -1.43618
123.75 4.8902 0.811441 -1.43768
123.8 4.89027 0.811397 -1.43916
123.85 4.89034 0.811366 -1.44044
123.9 4.89039 0.811331 -1.44169
123.95 4.89046 0.811282 -1.44311
124 4.89052 0.811255 -1.44455
124.05 4.89058 0.811214 -1.44597
124.1 4.89065 0.811181 -1.44741
124.15 4.89072 0.811155 -1.44904
124.2 4.89079 0.811123 -1.45041
124.25 4.89086 0.811083 -1.45182
124.3 4.89092 0.811019 -1.45319
124.35 4.891 0.811002 -1.45475
124.4 4.89107 0.810976 -1.45633
124.45 4.89115 0.810925 -1.45793
124.5 4.89123 0.810883 -1.45951
124.55 4.8913 0.810854 -1.46102
124.6 4.89136 0.810821 -1.46255
124.65 4.89143 0.810778 -1.46406
124.7 4.8915 0.810738 -1.46556
124.75 4.89157 0.810737 -1.46723
124.8 4.89164 0.810712 -1.46888
124.85 4.89172 0.81066 -1.47031
124.9 4.89178 0.810641 -1.4719
124.95 4.89186 0.810604 -1.47354
125 4.89194 0.810565 -1.47514
125.05 4.89201 0.810533 -1.47678
125.1 4.89209 0.810511 -1.4786
125.15 4.89217 0.810468 -1.48018
125.2 4.89224 0.810467 -1.48176
125.25 4.89231 0.810434 -1.48332
125.3 4.89239 0.810421 -1.48503
125.35 4.89247 0.810368 -1.48681
125.4 4.89255 0.810356 -1.48857
125.45 4.89264 0.810326 -1.49029
125.5 4.89271 0.810316 -1.49201
125.55 4.89279 0.810289 -1.49371
125.6 4.89286 0.81024 -1.49542
125.65 4.89295 0.810227 -1.49726
125.7 4.89303 0.810202 -1.49891
125.75 4.89311 0.810175 -1.50054
125.8 4.89319 0.810158 -1.50218
125.85 4.89327 0.810129 -1.50405
125.9 4.89335 0.810089 -1.50591
125.95 4.89343 0.810064 -1.50753
126 4.89351 0.81006 -1.50932
126.05 4.89359 0.810048 -1.51109
126.1 4.89367 0.810018 -1.51285
126.15 4.89376 0.809999 -1.5146
126.2 4.89384 0.809995 -1.51633
126.25 4.89392 0.809942 -1.51807
126.3 4.89399 0.809912 -1.5198
126.35 4.89408 0.809897 -1.52169
126.4 4.89417 0.809884 -1.52358
126.45 4.89424 0.809857 -1.52524
126.5 4.89431 0.809792 -1.52688
126.55 4.8944 0.809815 -1.52874
126.6 4.89448 0.809778 -1.53059
126.65 4.89456 0.809778 -1.53245
126.7 4.89465 0.80976 -1.53423
126.75 4.89473 0.809722 -1.53602
126.8 4.89481 0.809704 -1.53782
126.85 4.89489 0.809691 -1.5396
126.9 4.89497 0.809651 -1.54159
126.95 4.89506 0.809605 -1.54337
127 4.89513 0.809621 -1.54512
127.05 4.89522 0.809594 -1.54701
127.1 4.89529 0.809576 -1.5489
127.15 4.89538 0.809569 -1.5508
127.2 4.89546 0.809538 -1.5525
127.25 4.89554 0.8095 -1.55436
127.3 4.89563 0.809477 -1.55619
127.35 4.8957 0.80947 -1.55802
127.4 4.89579 0.80945 -1.56007
127.45 4.89587 0.809426 -1.56189
127.5 4.89594 0.809395 -1.56371
127.55 4.89602 0.809364 -1.56552
127.6 4.89611 0.809354 -1.5675
127.65 4.8962 0.809333 -1.56924
127.7 4.89628 0.809309 -1.571
127.75 4.89637 0.809295 -1.5729
127.8 4.89645 0.809292 -1.5748
127.85 4.89653 0.809292 -1.57673
127.9 4.8966 0.809301 -1.57845
127.95 4.8967 0.809241 -1.58031
128 4.89678 0.809203 -1.58217
128.05 4.89686 0.809206 -1.58407
128.1 4.89695 0.80919 -1.58608
128.15 4.89704 0.809167 -1.58791
128.2 4.89711 0.809127 -1.58977
128.25 4.89719 0.809108 -1.59155
128.3 4.89728 0.809096 -1.5935
128.35 4.89737 0.809112 -1.59527
128.4 4.89746 0.80908 -1.59706
128.45 4.89754 0.809082 -1.59896
128.5 4.89763 0.80905 -1.60088
128.55 4.89771 0.809023 -1.60283
128.6 4.89779 0.809021 -1.60459
128.65 4.89787 0.809011 -1.60646
128.7 4.89796 0.80898 -1.60829
128.75 4.89803 0.808968 -1.61016
128.8 4.89813 0.808928 -1.61219
128.85 4.8982 0.808925 -1.61398
128.9 4.89829 0.808915 -1.61576
128.95 4.89837 0.808893 -1.61757
129 4.89846 0.80889 -1.61952
129.05 4.89854 0.808858 -1.62131
129.1 4.89862 0.808834 -1.6231
129.15 4.89869 0.808831 -1.62496
129.2 4.89876 0.808808 -1.62682
129.25 4.89884 0.808792 -1.62871
129.3 4.89891 0.80877 -1.63041
129.35 4.899 0.80872 -1.63223
129.4 4.89908 0.808709 -1.63405
129.45 4.89916 0.808713 -1.63584
129.5 4.89924 0.808684 -1.63767
129.55 4.89932 0.80867 -1.63942
129.6 4.8994 0.808662 -1.64117
129.65 4.89947 0.808635 -1.64294
129.7 4.89955 0.808612 -1.64484
129.75 4.89963 0.808593 -1.64656
129.8 4.89971 0.808572 -1.64828
129.85 4.89978 0.808543 -1.65
129.9 4.89986 0.808522 -1.65186
129.95 4.89994 0.808513 -1.65368
130 4.90001 0.808499 -1.65537
130.05 4.90009 0.808489 -1.65702
130.1 4.90017 0.808483 -1.65879
130.15 4.90024 0.808476 -1.66054
130.2 4.90031 0.808465 -1.66231
130.25 4.90039 0.808452 -1.66393
130.3 4.90047 0.808426 -1.66563
130.35 4.90054 0.808399 -1.66731
130.4 4.90061 0.808379 -1.66899
130.45 4.90068 0.808375 -1.67067
130.5 4.90075 0.808347 -1.67233
130.55 4.90082 0.808308 -1.674
130.6 4.9009 0.808297 -1.67568
130.65 4.90097 0.808275 -1.67735
130.7 4.90105 0.808282 -1.67905
130.75 4.90112 0.808272 -1.68064
130.8 4.90119 0.808232 -1.68222
130.85 4.90126 0.808205 -1.68382
130.9 4.90133 0.8082 -1.68549
130.95 4.90141 0.808198 -1.68714
131 4.90148 0.808173 -1.68869
131.05 4.90154 0.808162 -1.69024
131.1 4.90161 0.808132 -1.69184
131.15 4.90169 0.808116 -1.69346
131.2 4.90175 0.808082 -1.69507
131.25 4.90183 0.808064 -1.69668
131.3 4.90189 0.808038 -1.69821
131.35 4.90196 0.808007 -1.69975
131.4 4.90203 0.808012 -1.70129
131.45 4.90209 0.807999 -1.70283
131.5 4.90216 0.807962 -1.70443
131.55 4.90223 0.80795 -1.70595
131.6 4.90229 0.807919 -1.70746
131.65 4.90235 0.807913 -1.70895
131.7 4.90242 0.807897 -1.71046
131.75 4.90248 0.807854 -1.71197
131.8 4.90254 0.807827 -1.71349
131.85 4.90261 0.807829 -1.71496
131.9 4.90269 0.807816 -1.71642
131.95 4.90275 0.807789 -1.71787
132 4.90281 0.807766 -1.7193
132.05 4.90287 0.807733 -1.72077
132.1 4.90294 0.807742 -1.72221
132.15 4.903 0.807714 -1.72363
132.2 4.90306 0.807689 -1.72501
132.25 4.90311 0.807638 -1.7264
132.3 4.90318 0.807661 -1.72778
132.35 4.90323 0.807628 -1.72916
132.4 4.90329 0.807611 -1.73053
132.45 4.90335 0.807594 -1.73189
132.5 4.90341 0.807571 -1.73327
132.55 4.90346 0.807558 -1.73462
132.6 4.90352 0.807543 -1.73596
132.65 4.90358 0.807541 -1.73725
132.7 4.90363 0.807505 -1.73854
132.75 4.90368 0.807467 -1.73983
132.8 4.90374 0.80747 -1.74113
132.85 4.90379 0.807452 -1.74245
132.9 4.90385 0.807446 -1.7437
132.95 4.9039 0.807436 -1.74492
133 4.90395 0.807416 -1.74612
133.05 4.904 0.807384 -1.74735
133.1 4.90405 0.807379 -1.74862
133.15 4.90411 0.807341 -1.74985
133.2 4.90416 0.807343 -1.75102
133.25 4.90421 0.807317 -1.75218
133.3 4.90426 0.807285 -1.75334
133.35 4.90431 0.807284 -1.75451
133.4 4.90436 0.807267 -1.75568
133.45 4.90441 0.807245 -1.75678
133.5 4.90445 0.807213 -1.75788
133.55 4.90451 0.807225 -1.75899
133.6 4.90455 0.807183 -1.76009
133.65 4.9046 0.807166 -1.76118
133.7 4.90464 0.807145 -1.76233
133.75 4.90468 0.807117 -1.76332
133.8 4.90473 0.807103 -1.7643
133.85 4.90478 0.807108 -1.76534
133.9 4.90483 0.807091 -1.76642
133.95 4.90486 0.807054 -1.76749
134 4.90491 0.807047 -1.76856
134.05 4.90495 0.80701 -1.76949
134.1 4.90499 0.807 -1.7704
134.15 4.90503 0.806993 -1.77131
134.2 4.90507 0.80697 -1.77222
134.25 4.90511 0.80697 -1.77326
134.3 4.90515 0.806928 -1.77429
134.35 4.9052 0.806918 -1.77532
134.4 4.90523 0.806878 -1.77617
134.45 4.90527 0.806894 -1.77701
134.5 4.9053 0.806868 -1.77786
134.55 4.90534 0.806861 -1.77871
134.6 4.90537 0.806839 -1.77956
134.65 4.90541 0.806814 -1.78041
134.7 4.90544 0.806801 -1.78126
134.75 4.90548 0.806779 -1.78205
134.8 4.90551 0.806752 -1.78288
134.85 4.90554 0.806734 -1.7837
134.9 4.90557 0.806719 -1.78449
134.95 4.90561 0.806718 -1.78529
135 4.90564 0.806701 -1.78609
135.05 4.90567 0.806668 -1.78687
135.1 4.9057 0.806658 -1.78766
135.15 4.90573 0.806651 -1.78822
135.2 4.90574 0.806614 -1.78877
135.25 4.90576 0.806612 -1.78932
135.3 4.90579 0.806603 -1.78987
135.35 4.90581 0.806584 -1.79042
135.4 4.90584 0.806566 -1.79119
135.45 4.90586 0.80653 -1.79196
135.5 4.90591 0.806548 -1.79273
135.55 4.90593 0.806506 -1.79348
135.6 4.90596 0.806505 -1.79425
135.65 4.90598 0.806475 -1.79474
135.7 4.906 0.806488 -1.79522
135.75 4.90603 0.806471 -1.7957
135.8 4.90604 0.806416 -1.79619
135.85 4.90607 0.806423 -1.79667
135.9 4.90608 0.806413 -1.79716
135.95 4.9061 0.806385 -1.79765
136 4.90613 0.806392 -1.79814
136.05 4.90614 0.806371 -1.79862
136.1 4.90616 0.806354 -1.7991
136.15 4.90617 0.806307 -1.79959
136.2 4.90621 0.806311 -1.80029
136.25 4.90622 0.806301 -1.80071
136.3 4.90624 0.80627 -1.80112
136.35 4.90625 0.806268 -1.80155
136.4 4.90627 0.806254 -1.80196
136.45 4.90629 0.806253 -1.80238
136.5 4.90631 0.806222 -1.8028
136.55 4.90632 0.806214 -1.80322
136.6 4.90634 0.806204 -1.80361
136.65 4.90635 0.806198 -1.80402
136.7 4.90636 0.806162 -1.80445
136.75 4.90638 0.806152 -1.80486
136.8 4.90639 0.806126 -1.80526
136.85 4.9064 0.806088 -1.80568
136.9 4.90641 0.806108 -1.80574
136.95 4.9064 0.806078 -1.80574
137 4.90641 0.806091 -1.80576
137.05 4.90641 0.806085 -1.80578
137.1 4.9064 0.806051 -1.80578
137.15 4.90641 0.806071 -1.8058
137.2 4.90641 0.806047 -1.80581
137.25 4.9064 0.80602 -1.80582
137.3 4.90641 0.80602 -1.80582
137.35 4.9064 0.805986 -1.80583
137.4 4.9064 0.806001 -1.80584
137.45 4.9064 0.805978 -1.80585
137.5 4.90639 0.805945 -1.80586
137.55 4.90639 0.805933 -1.80587
137.6 4.90639 0.80593 -1.80588
137.65 4.90639 0.805937 -1.8059
137.7 4.90639 0.805916 -1.80591
137.75 4.90639 0.805912 -1.80592
137.8 4.90638 0.805888 -1.80594
137.85 4.90638 0.805882 -1.80596
137.9 4.90638 0.805875 -1.80597
137.95 4.90638 0.805873 -1.80599
138 4.90638 0.805848 -1.806
138.05 4.90638 0.805844 -1.80601
138.1 4.90638 0.805839 -1.80603
138.15 4.90638 0.805826 -1.80604
138.2 4.90637 0.80581 -1.80605
138.25 4.90637 0.805797 -1.80606
138.3 4.90637 0.80578 -1.80607
138.35 4.90636 0.805757 -1.80608
138.4 4.90637 0.805766 -1.80608
138.45 4.90637 0.805757 -1.8061
138.5 4.90637 0.805758 -1.80611
138.55 4.90636 0.805733 -1.80611
138.6 4.90636 0.805728 -1.80612
138.65 4.90636 0.805703 -1.80613
138.7 4.90636 0.805689 -1.80615
138.75 4.90636 0.805686 -1.80616
138.8 4.90636 0.805687 -1.80616
138.85 4.90636 0.805676 -1.80618
138.9 4.90635 0.805657 -1.80619
138.95 4.90635 0.805634 -1.80621
139 4.90635 0.80564 -1.80623
139.05 4.90635 0.805631 -1.80624
139.1 4.90635 0.805613 -1.80627
139.15 4.90635 0.805618 -1.80627
139.2 4.90635 0.805604 -1.80628
139.25 4.90634 0.805583 -1.80629
139.3 4.90634 0.805583 -1.80629
139.35 4.90634 0.80555 -1.8063
