4.55 0 0 0
4.6 0 0 0
4.65 0.00306305 0 -0.00370157
4.7 0.00918912 -2.26762e-05 -0.00370157
4.75 0.0196034 -6.12257e-05 2.60209e-18
4.8 0.0336935 -6.12257e-05 -0.00370157
4.85 0.0508464 -0.000124719 -0.00370157
4.9 0.0729003 -0.000206353 -0.00370157
4.95 0.0961793 -0.000292523 -0.00370157
5 0.120071 -0.00038096 0.00740315
5.05 0.144575 -0.000199552 0.0222094
5.1 0.169686 0.000358238 0.0333142
5.15 0.194176 0.00117443 0.0481205
5.2 0.218652 0.00235314 0.0555236
5.25 0.241284 0.00361103 0.0666283
5.3 0.265123 0.00520172 0.0777331
5.35 0.288332 0.00700946 0.0851362
5.4 0.311527 0.00898897 0.0925394
5.45 0.334706 0.0111401 0.0999425
5.5 0.35726 0.0134017 0.111047
5.55 0.379787 0.0159136 0.114749
5.6 0.401696 0.0184387 0.122152
5.65 0.423585 0.021126 0.129555
5.7 0.446062 0.0240543 0.133257
5.75 0.46792 0.0269845 0.14066
5.8 0.489757 0.0300764 0.148063
5.85 0.512175 0.0334202 0.159168
5.9 0.53395 0.0369157 0.173974
5.95 0.556878 0.0409453 0.18878
6 0.57854 0.0450839 0.203587
6.05 0.601339 0.0497906 0.218393
6.1 0.622869 0.0545688 0.233199
6.15 0.644326 0.0596653 0.248005
6.2 0.666299 0.0652293 0.25911
6.25 0.687617 0.07088 0.273917
6.3 0.708259 0.07668 0.285021
6.35 0.730011 0.0830533 0.296126
6.4 0.751105 0.089489 0.310932
6.45 0.771518 0.096049 0.322037
6.5 0.791857 0.102835 0.333142
6.55 0.81212 0.109847 0.35165
6.6 0.832249 0.117232 0.362754
6.65 0.852295 0.124841 0.373859
6.7 0.872256 0.132671 0.384964
6.75 0.89156 0.140493 0.39977
6.8 0.910746 0.1486 0.407173
6.85 0.929872 0.156848 0.421979
6.9 0.949433 0.16563 0.433084
6.95 0.967782 0.174114 0.444189
7 0.986037 0.182801 0.455294
7.05 1.00474 0.19196 0.4701
7.1 1.02331 0.201395 0.477503
7.15 1.04127 0.210686 0.488608
7.2 1.05912 0.220175 0.499713
7.25 1.07632 0.229569 0.514519
7.3 1.09339 0.239216 0.521922
7.35 1.11092 0.249295 0.533027
7.4 1.12833 0.259567 0.544131
7.45 1.14457 0.269399 0.555236
7.5 1.16175 0.280055 0.566341
7.55 1.1783 0.290574 0.573744
7.6 1.19425 0.300881 0.584849
7.65 1.21059 0.311704 0.592252
7.7 1.22635 0.322305 0.603357
7.75 1.24199 0.333081 0.614461
7.8 1.2575 0.34403 0.625566
7.85 1.27339 0.355509 0.632969
7.9 1.28871 0.366743 0.644074
7.95 1.30389 0.378146 0.655179
8 1.31847 0.389344 0.662582
8.05 1.33344 0.401026 0.673687
8.1 1.3478 0.412492 0.68109
8.15 1.36208 0.424063 0.688493
8.2 1.37627 0.435741 0.703299
8.25 1.39029 0.447627 0.710702
8.3 1.40422 0.459616 0.718105
8.35 1.41806 0.471708 0.725509
8.4 1.43135 0.483496 0.736613
8.45 1.44496 0.495842 0.744016
8.5 1.45758 0.507459 0.75142
8.55 1.47101 0.520006 0.758823
8.6 1.4839 0.53223 0.769927
8.65 1.49666 0.544596 0.773629
8.7 1.50937 0.55701 0.784734
8.75 1.52151 0.569131 0.792137
8.8 1.53398 0.581777 0.795839
8.85 1.54641 0.59447 0.806943
8.9 1.55828 0.606857 0.814346
8.95 1.57005 0.619332 0.82175
9 1.58173 0.631894 0.829153
9.05 1.59332 0.644542 0.836556
9.1 1.60481 0.657276 0.843959
9.15 1.61621 0.670094 0.851362
9.2 1.62751 0.682996 0.858765
9.25 1.63832 0.695518 0.862467
9.3 1.64948 0.708545 0.86987
9.35 1.66054 0.721654 0.877273
9.4 1.67112 0.734374 0.880975
9.45 1.68164 0.747132 0.892079
9.5 1.69203 0.760007 0.895781
9.55 1.70275 0.773398 0.903184
9.6 1.71299 0.786388 0.906886
9.65 1.7228 0.798932 0.914289
9.7 1.7329 0.812034 0.91799
9.75 1.74257 0.824687 0.925394
9.8 1.75252 0.837901 0.929095
9.85 1.76242 0.851151 0.9402
9.9 1.77181 0.864016 0.9402
9.95 1.7812 0.87688 0.947603
10 1.79086 0.890311 0.951305
10.05 1.80011 0.903279 0.958708
10.1 1.80961 0.916817 0.962409
10.15 1.81836 0.929384 0.966111
10.2 1.82742 0.942488 0.973514
10.25 1.83672 0.956165 0.977216
10.3 1.84529 0.96886 0.980917
10.35 1.85415 0.982096 0.98832
10.4 1.86257 0.994886 0.992022
10.45 1.87162 1.00873 0.995724
10.5 1.87995 1.02158 0.999425
10.55 1.88823 1.03447 1.00313
10.6 1.89647 1.04738 1.00683
10.65 1.90498 1.06084 1.01423
10.7 1.91307 1.07385 1.01793
10.75 1.92111 1.08688 1.02163
10.8 1.92943 1.10046 1.02163
10.85 1.93742 1.11353 1.02534
10.9 1.94537 1.12662 1.02904
10.95 1.95326 1.13974 1.03274
11 1.96111 1.15289 1.03644
11.05 1.96891 1.16607 1.04014
11.1 1.97666 1.17928 1.04384
11.15 1.98375 1.19146 1.04755
11.2 1.9914 1.20473 1.05125
11.25 1.99901 1.21802 1.05495
11.3 2.00626 1.23081 1.05495
11.35 2.01381 1.24413 1.05865
11.4 2.02132 1.25748 1.06235
11.45 2.02848 1.27033 1.06235
11.5 2.03593 1.28371 1.06605
11.55 2.04304 1.29657 1.06605
11.6 2.05015 1.30944 1.07346
11.65 2.05717 1.32237 1.07346
11.7 2.06418 1.33529 1.07346
11.75 2.07149 1.34875 1.07716
11.8 2.07845 1.36169 1.07716
11.85 2.08513 1.3741 1.08086
11.9 2.09205 1.38708 1.08086
11.95 2.09926 1.40059 1.08456
12 2.10613 1.41359 1.08456
12.05 2.11271 1.42604 1.08826
12.1 2.11953 1.43907 1.08826
12.15 2.12635 1.45209 1.08826
12.2 2.13289 1.46457 1.09196
12.25 2.13967 1.47762 1.09196
12.3 2.14644 1.49067 1.09196
12.35 2.15293 1.50318 1.09567
12.4 2.15966 1.51625 1.09567
12.45 2.16638 1.52933 1.09567
12.5 2.17283 1.54185 1.09937
12.55 2.17951 1.55495 1.09937
12.6 2.18591 1.56751 1.09567
12.65 2.19235 1.58004 1.09937
12.7 2.19903 1.59314 1.09937
12.75 2.20571 1.60623 1.09937
12.8 2.21183 1.61824 1.09937
12.85 2.21851 1.63134 1.09937
12.9 2.2249 1.64389 1.10307
12.95 2.23126 1.65647 1.09937
13 2.23793 1.66957 1.09937
13.05 2.24433 1.68212 1.10307
13.1 2.25069 1.6947 1.09937
13.15 2.25709 1.70725 1.10307
13.2 2.26344 1.71983 1.09937
13.25 2.27012 1.73293 1.09937
13.3 2.27624 1.74493 1.09937
13.35 2.28291 1.75803 1.09937
13.4 2.28903 1.77004 1.09937
13.45 2.29571 1.78314 1.09937
13.5 2.30211 1.79569 1.09567
13.55 2.30828 1.80768 1.09567
13.6 2.315 1.82075 1.09567
13.65 2.32117 1.83274 1.09567
13.7 2.32761 1.84527 1.09196
13.75 2.3341 1.85777 1.09567
13.8 2.34055 1.8703 1.09196
13.85 2.34704 1.88281 1.08826
13.9 2.3533 1.89474 1.08826
13.95 2.36012 1.90777 1.08826
14 2.36637 1.91971 1.08826
14.05 2.37291 1.93219 1.08456
14.1 2.37949 1.94464 1.08086
14.15 2.38584 1.95654 1.08086
14.2 2.39276 1.96951 1.08086
14.25 2.3991 1.9814 1.08086
14.3 2.40573 1.99383 1.07716
14.35 2.41211 2.0057 1.07716
14.4 2.41879 2.01811 1.07346
14.45 2.42551 2.03049 1.06976
14.5 2.43199 2.04231 1.06976
14.55 2.43875 2.05467 1.06605
14.6 2.44527 2.06647 1.06605
14.65 2.45209 2.0788 1.06235
14.7 2.45865 2.09058 1.06235
14.75 2.46551 2.10288 1.05865
14.8 2.47241 2.11517 1.05495
14.85 2.47906 2.12689 1.05495
14.9 2.48601 2.13915 1.05125
14.95 2.4927 2.15084 1.05125
15 2.4997 2.16308 1.04755
15.05 2.50674 2.17528 1.04384
15.1 2.51351 2.18693 1.04384
15.15 2.52029 2.19858 1.03644
15.2 2.52716 2.21018 1.03644
15.25 2.53433 2.2223 1.03274
15.3 2.54155 2.2344 1.02904
15.35 2.5485 2.24595 1.02904
15.4 2.55577 2.25802 1.02534
15.45 2.56276 2.26954 1.01793
15.5 2.56984 2.28101 1.01793
15.55 2.57724 2.293 1.01423
15.6 2.58436 2.30445 1.01423
15.65 2.5918 2.31641 1.01053
15.7 2.59896 2.32783 1.00313
15.75 2.60621 2.33919 1.00313
15.8 2.61378 2.35107 0.999425
15.85 2.62107 2.36241 0.992022
15.9 2.62844 2.37369 0.992022
15.95 2.63615 2.38549 0.98832
16 2.6439 2.39725 0.984619
16.05 2.65102 2.40797 0.980917
16.1 2.65886 2.41968 0.977216
16.15 2.66674 2.43136 0.973514
16.2 2.67397 2.442 0.969812
16.25 2.68194 2.45362 0.966111
16.3 2.68995 2.46521 0.962409
16.35 2.6973 2.47577 0.958708
16.4 2.7054 2.4873 0.955006
16.45 2.71318 2.4983 0.947603
16.5 2.72141 2.50974 0.943901
16.55 2.72931 2.52066 0.943901
16.6 2.73722 2.53157 0.936498
16.65 2.74557 2.54292 0.932797
16.7 2.75323 2.55325 0.929095
16.75 2.76167 2.56454 0.925394
16.8 2.77014 2.5758 0.921692
16.85 2.77829 2.58653 0.914289
16.9 2.78651 2.59721 0.914289
16.95 2.79474 2.60788 0.906886
17 2.80342 2.61898 0.903184
17.05 2.81177 2.62957 0.895781
17.1 2.82019 2.64009 0.895781
17.15 2.82861 2.65061 0.888378
17.2 2.8375 2.66154 0.884676
17.25 2.84603 2.67197 0.877273
17.3 2.85465 2.68234 0.877273
17.35 2.86327 2.6927 0.86987
17.4 2.87235 2.70347 0.866168
17.45 2.88108 2.71374 0.858765
17.5 2.88989 2.72394 0.858765
17.55 2.89869 2.73414 0.851362
17.6 2.90798 2.74474 0.847661
17.65 2.9169 2.75484 0.840257
17.7 2.92589 2.76488 0.832854
17.75 2.93496 2.77485 0.832854
17.8 2.94403 2.78483 0.825451
17.85 2.95358 2.79518 0.82175
17.9 2.96276 2.80505 0.814346
17.95 2.97243 2.8153 0.810645
18 2.98129 2.82462 0.806943
18.05 2.99062 2.83435 0.79954
18.1 3.00044 2.84446 0.795839
18.15 3.00987 2.85409 0.788435
18.2 3.01937 2.86364 0.781032
18.25 3.02937 2.87356 0.777331
18.3 3.03854 2.88259 0.773629
18.35 3.04862 2.89243 0.769927
18.4 3.0583 2.90181 0.762524
18.45 3.06805 2.91112 0.755121
18.5 3.07831 2.92078 0.75142
18.55 3.08815 2.92998 0.744016
18.6 3.09762 2.93869 0.740315
18.65 3.10802 2.9482 0.736613
18.7 3.11801 2.95725 0.72921
18.75 3.12806 2.96623 0.721807
18.8 3.13817 2.97514 0.714404
18.85 3.14882 2.98437 0.710702
18.9 3.15903 2.99316 0.703299
18.95 3.16884 3.00148 0.699598
19 3.17962 3.01055 0.695896
19.05 3.18997 3.01919 0.688493
19.1 3.20037 3.02776 0.68109
19.15 3.21085 3.03624 0.673687
19.2 3.22186 3.04503 0.669985
19.25 3.23242 3.0534 0.662582
19.3 3.24305 3.06169 0.655179
19.35 3.25325 3.06953 0.651477
19.4 3.26396 3.0777 0.644074
19.45 3.27523 3.08616 0.640372
19.5 3.28604 3.09422 0.632969
19.55 3.29691 3.10219 0.625566
19.6 3.30783 3.11008 0.618163
19.65 3.31931 3.11825 0.614461
19.7 3.33033 3.12602 0.607058
19.75 3.34089 3.13336 0.603357
19.8 3.35199 3.141 0.595953
19.85 3.36314 3.14857 0.58855
19.9 3.37435 3.15605 0.581147
19.95 3.38562 3.16345 0.573744
20 3.39745 3.1711 0.570042
20.05 3.4088 3.17837 0.562639
20.1 3.4202 3.18556 0.555236
20.15 3.43165 3.19266 0.547833
20.2 3.44316 3.19968 0.54043
20.25 3.45419 3.2063 0.536728
20.3 3.46577 3.21319 0.529325
20.35 3.4774 3.22 0.521922
20.4 3.48909 3.22672 0.514519
20.45 3.50135 3.23365 0.510817
20.5 3.51311 3.24024 0.503414
20.55 3.52491 3.24674 0.496011
20.6 3.53677 3.25316 0.488608
20.65 3.54813 3.2592 0.484906
20.7 3.56005 3.26548 0.477503
20.75 3.57202 3.27167 0.4701
20.8 3.58404 3.27778 0.462697
20.85 3.5961 3.28379 0.455294
20.9 3.6082 3.28972 0.447891
20.95 3.62035 3.29555 0.440487
21 3.63254 3.3013 0.433084
21.05 3.64422 3.3067 0.429383
21.1 3.65647 3.31231 0.421979
21.15 3.66877 3.31783 0.414576
21.2 3.6811 3.32326 0.407173
21.25 3.69348 3.3286 0.39977
21.3 3.70589 3.33384 0.392367
21.35 3.71835 3.339 0.384964
21.4 3.7297 3.3436 0.377561
21.45 3.74223 3.34857 0.370157
21.5 3.75479 3.35344 0.362754
21.55 3.76739 3.35822 0.355351
21.6 3.78003 3.36291 0.347948
21.65 3.7927 3.36751 0.340545
21.7 3.8054 3.37201 0.333142
21.75 3.81756 3.37622 0.32944
21.8 3.82973 3.38038 0.318335
21.85 3.84253 3.3846 0.310932
21.9 3.85537 3.38872 0.303529
21.95 3.86823 3.39275 0.296126
22 3.88053 3.3965 0.292424
22.05 3.89344 3.40039 0.285021
22.1 3.90578 3.404 0.273917
22.15 3.91876 3.40765 0.266513
22.2 3.93176 3.4112 0.25911
22.25 3.94419 3.4145 0.255409
22.3 3.95664 3.41775 0.244304
22.35 3.96972 3.42101 0.236901
22.4 3.98282 3.42417 0.229498
22.45 3.99535 3.4271 0.225796
22.5 4.00789 3.42998 0.214691
22.55 4.02105 3.43285 0.207288
22.6 4.03424 3.43562 0.199885
22.65 4.04625 3.43805 0.192482
22.7 4.05948 3.44063 0.185079
22.75 4.07273 3.44311 0.177676
22.8 4.08479 3.44528 0.170272
22.85 4.09807 3.44756 0.162869
22.9 4.11076 3.44965 0.151765
22.95 4.12348 3.45159 0.148063
23 4.13681 3.45358 0.14066
23.05 4.14955 3.45538 0.129555
23.1 4.16231 3.45705 0.125854
23.15 4.17507 3.45866 0.114749
23.2 4.18846 3.4602 0.107346
23.25 4.20064 3.46152 0.0999425
23.3 4.21405 3.46286 0.0925394
23.35 4.22686 3.46405 0.0814346
23.4 4.23968 3.4651 0.0777331
23.45 4.25251 3.4661 0.0666283
23.5 4.26534 3.46695 0.0629268
23.55 4.27818 3.46776 0.051822
23.6 4.29103 3.46843 0.0481205
23.65 4.30388 3.46905 0.0370157
23.7 4.31612 3.4695 0.0296126
23.75 4.3296 3.4699 0.0222094
23.8 4.34246 3.47019 0.0111047
23.85 4.35471 3.47032 0.00370157
23.9 4.36819 3.47037 -0.00370157
23.95 4.38044 3.47033 -0.0111047
24 4.39269 3.47019 -0.0185079
24.05 4.40616 3.46994 -0.025911
24.1 4.41841 3.46962 -0.0333142
24.15 4.43127 3.46919 -0.0444189
24.2 4.44351 3.46865 -0.051822
24.25 4.45697 3.46795 -0.0592252
24.3 4.4692 3.46723 -0.0666283
24.35 4.48143 3.46641 -0.0740315
24.4 4.49425 3.46546 -0.0851362
24.45 4.50707 3.46437 -0.0888378
24.5 4.51989 3.46322 -0.0999425
24.55 4.53208 3.462 -0.107346
24.6 4.54426 3.46069 -0.114749
24.65 4.55704 3.45922 -0.125854
24.7 4.5692 3.45768 -0.133257
24.75 4.58134 3.45605 -0.14066
24.8 4.59347 3.45433 -0.148063
24.85 4.60619 3.45243 -0.159168
24.9 4.61829 3.45049 -0.166571
24.95 4.63037 3.44846 -0.173974
25 4.64244 3.44634 -0.181377
25.05 4.6551 3.44402 -0.192482
25.1 4.66712 3.44168 -0.199885
25.15 4.67913 3.43924 -0.207288
25.2 4.69112 3.43672 -0.214691
25.25 4.70309 3.43411 -0.222094
25.3 4.71504 3.43141 -0.229498
25.35 4.72697 3.42863 -0.236901
25.4 4.73948 3.42561 -0.248005
25.45 4.75076 3.42275 -0.25911
25.5 4.7626 3.41961 -0.266513
25.55 4.77442 3.41638 -0.273917
25.6 4.78622 3.41307 -0.28132
25.65 4.79799 3.40967 -0.288723
25.7 4.80915 3.40635 -0.299828
25.75 4.82085 3.40273 -0.307231
25.8 4.83253 3.39903 -0.314634
25.85 4.8436 3.39543 -0.325739
25.9 4.85521 3.39151 -0.333142
25.95 4.86679 3.3875 -0.340545
26 4.87718 3.38382 -0.347948
26.05 4.8887 3.37964 -0.355351
26.1 4.90019 3.37538 -0.362754
26.15 4.91107 3.37125 -0.373859
26.2 4.92247 3.36677 -0.381262
26.25 4.93328 3.36244 -0.392367
26.3 4.94403 3.35799 -0.396068
26.35 4.95477 3.3535 -0.407173
26.4 4.96602 3.34865 -0.414576
26.45 4.97668 3.34396 -0.425681
26.5 4.98728 3.33915 -0.429383
26.55 4.99786 3.33431 -0.440487
26.6 5.00839 3.32934 -0.451592
26.65 5.01886 3.32426 -0.455294
26.7 5.02931 3.31915 -0.466398
26.75 5.03971 3.31391 -0.477503
26.8 5.05005 3.30856 -0.481205
26.85 5.06037 3.30318 -0.492309
26.9 5.07008 3.29796 -0.499713
26.95 5.0803 3.29239 -0.510817
27 5.09045 3.2867 -0.514519
27.05 5.10059 3.28097 -0.525624
27.1 5.11012 3.27543 -0.533027
27.15 5.12015 3.26952 -0.544131
27.2 5.12958 3.26381 -0.551535
27.25 5.1395 3.25771 -0.562639
27.3 5.14882 3.25183 -0.570042
27.35 5.15862 3.24555 -0.573744
27.4 5.1684 3.23923 -0.584849
27.45 5.17759 3.23314 -0.592252
27.5 5.18674 3.22699 -0.599655
27.55 5.19585 3.22076 -0.607058
27.6 5.2049 3.21447 -0.621865
27.65 5.21387 3.20805 -0.629268
27.7 5.22278 3.20156 -0.636671
27.75 5.23165 3.195 -0.644074
27.8 5.24095 3.18802 -0.655179
27.85 5.2497 3.1813 -0.662582
27.9 5.25839 3.17451 -0.669985
27.95 5.26656 3.16805 -0.68109
28 5.27512 3.1611 -0.688493
28.05 5.28364 3.1541 -0.695896
28.1 5.2921 3.14703 -0.703299
28.15 5.30004 3.14029 -0.714404
28.2 5.30837 3.13307 -0.721807
28.25 5.31665 3.12578 -0.72921
28.3 5.32442 3.11884 -0.740315
28.35 5.33256 3.11141 -0.747718
28.4 5.34019 3.10432 -0.758823
28.45 5.34775 3.09716 -0.762524
28.5 5.35572 3.08954 -0.769927
28.55 5.3632 3.08229 -0.781032
28.6 5.37103 3.07453 -0.788435
28.65 5.37837 3.06714 -0.79954
28.7 5.38521 3.06011 -0.806943
28.75 5.39283 3.05215 -0.814346
28.8 5.39998 3.04458 -0.825451
28.85 5.40705 3.03692 -0.829153
28.9 5.41408 3.02924 -0.840257
28.95 5.42103 3.02149 -0.851362
29 5.42749 3.01411 -0.858765
29.05 5.43469 3.00577 -0.866168
29.1 5.44104 2.9983 -0.873572
29.15 5.44773 2.99032 -0.884676
29.2 5.45394 2.98273 -0.892079
29.25 5.46048 2.97463 -0.903184
29.3 5.46693 2.96645 -0.906886
29.35 5.47297 2.95873 -0.914289
29.4 5.47932 2.95048 -0.925394
29.45 5.48522 2.94265 -0.932797
29.5 5.49106 2.93477 -0.9402
29.55 5.4972 2.92636 -0.951305
29.6 5.50289 2.91838 -0.958708
29.65 5.50852 2.91036 -0.966111
29.7 5.51409 2.9023 -0.973514
29.75 5.51995 2.89368 -0.984619
29.8 5.52537 2.88552 -0.992022
29.85 5.5304 2.87783 -1.00313
29.9 5.53567 2.86956 -1.01053
29.95 5.54088 2.86126 -1.01793
30 5.54602 2.85292 -1.02534
30.05 5.55111 2.84454 -1.03274
30.1 5.55582 2.83665 -1.04384
30.15 5.56075 2.82818 -1.05125
30.2 5.56561 2.81967 -1.05865
30.25 5.57012 2.81166 -1.06976
30.3 5.57482 2.80306 -1.07716
30.35 5.57918 2.79497 -1.08826
30.4 5.58344 2.78683 -1.09196
30.45 5.58796 2.77813 -1.09937
30.5 5.59213 2.76994 -1.11047
30.55 5.59649 2.76116 -1.11788
30.6 5.60024 2.75345 -1.12528
30.65 5.60446 2.7446 -1.13268
30.7 5.60836 2.73628 -1.14379
30.75 5.61191 2.72848 -1.15119
30.8 5.61591 2.71952 -1.15859
30.85 5.61959 2.7111 -1.1697
30.9 5.62294 2.70321 -1.1771
30.95 5.6267 2.69416 -1.1845
31 5.62993 2.68621 -1.19191
31.05 5.63333 2.67767 -1.20301
31.1 5.63641 2.66967 -1.21041
31.15 5.63965 2.66107 -1.21412
31.2 5.64286 2.65246 -1.22522
31.25 5.64576 2.64439 -1.23262
31.3 5.64861 2.6363 -1.24003
31.35 5.65159 2.62761 -1.25113
31.4 5.65429 2.61947 -1.25854
31.45 5.65692 2.61131 -1.26594
31.5 5.6595 2.60313 -1.27334
31.55 5.66201 2.59493 -1.28074
31.6 5.66464 2.58612 -1.29185
31.65 5.667 2.57788 -1.29925
31.7 5.6693 2.56961 -1.30666
31.75 5.67154 2.56133 -1.31406
31.8 5.67372 2.55304 -1.32146
31.85 5.67568 2.54532 -1.33257
31.9 5.67771 2.53699 -1.33997
31.95 5.67967 2.52864 -1.34737
32 5.68157 2.52027 -1.35478
32.05 5.68341 2.5119 -1.36218
32.1 5.68493 2.50471 -1.36958
32.15 5.68665 2.4963 -1.37699
32.2 5.6883 2.48789 -1.38439
32.25 5.68977 2.48006 -1.39549
32.3 5.69116 2.47222 -1.3992
32.35 5.69252 2.46437 -1.4103
32.4 5.69389 2.4559 -1.4177
32.45 5.69501 2.44864 -1.42511
32.5 5.69626 2.44015 -1.43251
32.55 5.69736 2.43227 -1.44361
32.6 5.69837 2.42437 -1.44732
32.65 5.69935 2.41646 -1.45842
32.7 5.70024 2.40855 -1.46212
32.75 5.70111 2.40063 -1.47323
32.8 5.70182 2.39332 -1.48063
32.85 5.70254 2.38538 -1.48433
32.9 5.70323 2.37745 -1.49544
32.95 5.70378 2.37012 -1.50284
33 5.70436 2.36156 -1.51024
33.05 5.70481 2.35422 -1.51765
33.1 5.7052 2.34688 -1.52505
33.15 5.70553 2.33954 -1.53245
33.2 5.70582 2.33219 -1.53985
33.25 5.70606 2.32423 -1.55096
33.3 5.70622 2.31627 -1.55466
33.35 5.70634 2.30892 -1.56206
33.4 5.7064 2.30157 -1.56947
33.45 5.70641 2.29422 -1.57687
33.5 5.70637 2.28687 -1.58427
33.55 5.70627 2.27952 -1.59168
33.6 5.70612 2.27217 -1.59908
33.65 5.70591 2.26482 -1.60648
33.7 5.70564 2.25747 -1.61389
33.75 5.70535 2.25074 -1.62499
33.8 5.70496 2.2434 -1.63239
33.85 5.70454 2.23667 -1.6361
33.9 5.70406 2.22934 -1.6435
33.95 5.70353 2.22201 -1.6509
34 5.70294 2.21468 -1.65831
34.05 5.7024 2.20858 -1.66571
34.1 5.70171 2.20126 -1.67311
34.15 5.70096 2.19394 -1.68051
34.2 5.70029 2.18786 -1.68792
34.25 5.69943 2.18055 -1.69532
34.3 5.69859 2.17387 -1.69902
34.35 5.69773 2.16718 -1.71013
34.4 5.69679 2.16051 -1.71383
34.45 5.69574 2.15323 -1.72123
34.5 5.69483 2.14718 -1.72864
34.55 5.69367 2.13992 -1.73604
34.6 5.69266 2.13388 -1.74344
34.65 5.6914 2.12663 -1.75084
34.7 5.6903 2.12061 -1.75825
34.75 5.68905 2.11399 -1.76195
34.8 5.68788 2.10797 -1.76935
34.85 5.68655 2.10136 -1.78046
34.9 5.68515 2.09477 -1.78416
34.95 5.68385 2.08879 -1.79156
35 5.68251 2.08281 -1.79897
35.05 5.68099 2.07624 -1.80267
35.1 5.67958 2.07028 -1.81007
35.15 5.67798 2.06374 -1.82117
35.2 5.67631 2.05721 -1.82488
35.25 5.67477 2.05128 -1.83228
35.3 5.67319 2.04536 -1.83968
35.35 5.67156 2.03945 -1.84709
35.4 5.66989 2.03356 -1.85449
35.45 5.66835 2.02827 -1.85819
35.5 5.66644 2.0218 -1.86189
35.55 5.66468 2.01594 -1.8693
35.6 5.66288 2.01008 -1.8767
35.65 5.66103 2.00424 -1.8841
35.7 5.65915 1.99841 -1.8915
35.75 5.65741 1.99318 -1.89521
35.8 5.65546 1.98737 -1.90261
35.85 5.65346 1.98158 -1.91001
35.9 5.65163 1.97638 -1.91371
35.95 5.64957 1.97061 -1.92112
36 5.64746 1.96486 -1.92852
36.05 5.64553 1.95969 -1.93222
36.1 5.64337 1.95396 -1.93962
36.15 5.6416 1.94939 -1.94703
36.2 5.63935 1.94369 -1.95443
36.25 5.63728 1.93858 -1.95813
36.3 5.63497 1.93291 -1.96554
36.35 5.63285 1.92782 -1.96924
36.4 5.63095 1.9233 -1.97664
36.45 5.62853 1.91767 -1.98404
36.5 5.62632 1.91262 -1.98775
36.55 5.62408 1.90758 -1.99145
36.6 5.62183 1.90255 -2.00255
36.65 5.61952 1.89754 -2.00625
36.7 5.6172 1.89254 -2.00995
36.75 5.61512 1.88811 -2.01736
36.8 5.61247 1.88258 -2.02476
36.85 5.61005 1.87763 -2.02846
36.9 5.60789 1.87323 -2.03587
36.95 5.60541 1.8683 -2.03957
37 5.6032 1.86393 -2.04697
37.05 5.60067 1.85903 -2.05067
37.1 5.59841 1.85468 -2.05808
37.15 5.59583 1.84981 -2.06178
37.2 5.59352 1.84549 -2.06918
37.25 5.59088 1.84065 -2.07288
37.3 5.58852 1.83635 -2.08028
37.35 5.58583 1.83154 -2.08399
37.4 5.58343 1.82727 -2.09139
37.45 5.58069 1.82249 -2.09509
37.5 5.57854 1.81877 -2.09879
37.55 5.57607 1.81454 -2.1062
37.6 5.57326 1.8098 -2.1099
37.65 5.57074 1.80559 -2.1173
37.7 5.56851 1.80193 -2.121
37.75 5.56563 1.79723 -2.1247
37.8 5.56305 1.79306 -2.13211
37.85 5.56044 1.78891 -2.13951
37.9 5.5578 1.78478 -2.13951
37.95 5.55516 1.78065 -2.14691
38 5.55283 1.77706 -2.15061
38.05 5.55014 1.77296 -2.15802
38.1 5.54743 1.76888 -2.15802
38.15 5.54471 1.7648 -2.16542
38.2 5.54231 1.76124 -2.16912
38.25 5.53955 1.7572 -2.17653
38.3 5.53711 1.75367 -2.18023
38.35 5.5343 1.74965 -2.18763
38.4 5.53147 1.74565 -2.18763
38.45 5.52899 1.74216 -2.19133
38.5 5.52614 1.73817 -2.19874
38.55 5.52362 1.7347 -2.20244
38.6 5.52109 1.73124 -2.20614
38.65 5.51818 1.72729 -2.21354
38.7 5.51561 1.72386 -2.21724
38.75 5.51302 1.72044 -2.22094
38.8 5.51043 1.71702 -2.22465
38.85 5.50745 1.71313 -2.23205
38.9 5.50481 1.70975 -2.23575
38.95 5.50217 1.70637 -2.23945
39 5.49951 1.70301 -2.24315
39.05 5.49684 1.69965 -2.24686
39.1 5.49416 1.69631 -2.25056
39.15 5.49146 1.69297 -2.25426
39.2 5.48875 1.68965 -2.25796
39.25 5.48603 1.68633 -2.26166
39.3 5.48369 1.6835 -2.26907
39.35 5.48093 1.68022 -2.27277
39.4 5.47816 1.67694 -2.27647
39.45 5.47538 1.67368 -2.28017
39.5 5.47259 1.67042 -2.28387
39.55 5.46978 1.66718 -2.28757
39.6 5.46697 1.66395 -2.29127
39.65 5.46495 1.66165 -2.29498
39.7 5.4621 1.65843 -2.29868
39.75 5.45925 1.65523 -2.30238
39.8 5.45639 1.65204 -2.30608
39.85 5.45433 1.64977 -2.30978
39.9 5.45144 1.6466 -2.31348
39.95 5.44854 1.64344 -2.31719
40 5.44563 1.64029 -2.32089
40.05 5.44354 1.63805 -2.32459
40.1 5.44061 1.63493 -2.32829
40.15 5.43808 1.63225 -2.32829
40.2 5.43556 1.62958 -2.33569
40.25 5.43259 1.62649 -2.3394
40.3 5.43003 1.62385 -2.3394
40.35 5.42748 1.62121 -2.3468
40.4 5.4249 1.61858 -2.3468
40.45 5.4219 1.61552 -2.3505
40.5 5.41975 1.61334 -2.3542
40.55 5.41672 1.61031 -2.3579
40.6 5.41455 1.60814 -2.3616
40.65 5.4115 1.60513 -2.36531
40.7 5.40888 1.60255 -2.36531
40.75 5.40669 1.60041 -2.36901
40.8 5.40362 1.59741 -2.37271
40.85 5.40142 1.59528 -2.37641
40.9 5.39877 1.59274 -2.37641
40.95 5.39612 1.59019 -2.38381
41 5.39345 1.58766 -2.38381
41.05 5.39122 1.58556 -2.38752
41.1 5.38855 1.58304 -2.38752
41.15 5.38587 1.58053 -2.39492
41.2 5.38317 1.57803 -2.39492
41.25 5.38092 1.57595 -2.39862
41.3 5.37821 1.57346 -2.39862
41.35 5.37596 1.57139 -2.40232
41.4 5.37324 1.56891 -2.40232
41.45 5.37053 1.56644 -2.40972
41.5 5.36779 1.56398 -2.40972
41.55 5.36551 1.56193 -2.41343
41.6 5.36277 1.55949 -2.41343
41.65 5.36048 1.55745 -2.41713
41.7 5.35819 1.55542 -2.42083
41.75 5.35543 1.55299 -2.42083
41.8 5.35313 1.55097 -2.42453
41.85 5.35082 1.54896 -2.42823
41.9 5.34804 1.54655 -2.42823
41.95 5.34572 1.54455 -2.43193
42 5.3434 1.54255 -2.42823
42.05 5.34108 1.54055 -2.43193
42.1 5.33876 1.53855 -2.43564
42.15 5.33596 1.53617 -2.43564
42.2 5.33363 1.53418 -2.43934
42.25 5.33129 1.5322 -2.44304
42.3 5.32848 1.52984 -2.44304
42.35 5.3266 1.52826 -2.44304
42.4 5.32426 1.52629 -2.44674
42.45 5.3219 1.52433 -2.45044
42.5 5.31907 1.52199 -2.45044
42.55 5.31718 1.52043 -2.45044
42.6 5.31482 1.51848 -2.45414
42.65 5.31198 1.51614 -2.45414
42.7 5.31009 1.51459 -2.45414
42.75 5.30772 1.51264 -2.45785
42.8 5.30535 1.51071 -2.46155
42.85 5.30296 1.50878 -2.45785
42.9 5.30059 1.50685 -2.46155
42.95 5.29868 1.50531 -2.46155
43 5.2963 1.50338 -2.46525
43.05 5.29391 1.50146 -2.46895
43.1 5.29152 1.49956 -2.46525
43.15 5.28913 1.49764 -2.46895
43.2 5.28721 1.49611 -2.46895
43.25 5.28482 1.4942 -2.47265
43.3 5.28289 1.49268 -2.47265
43.35 5.28001 1.4904 -2.47265
43.4 5.27809 1.48888 -2.47265
43.45 5.27617 1.48736 -2.47265
43.5 5.27376 1.48547 -2.47635
43.55 5.27184 1.48395 -2.47635
43.6 5.26943 1.48206 -2.48005
43.65 5.26749 1.48056 -2.48005
43.7 5.26507 1.47867 -2.47635
43.75 5.26266 1.47678 -2.48005
43.8 5.26073 1.47528 -2.48005
43.85 5.2588 1.47377 -2.48005
43.9 5.25638 1.47189 -2.48376
43.95 5.25444 1.47039 -2.48376
44 5.2525 1.4689 -2.48376
44.05 5.25056 1.4674 -2.48376
44.1 5.24814 1.46552 -2.48746
44.15 5.24571 1.46366 -2.48376
44.2 5.24377 1.46216 -2.48376
44.25 5.24183 1.46066 -2.48376
44.3 5.23989 1.45917 -2.48376
44.35 5.23747 1.45729 -2.48746
44.4 5.23552 1.4558 -2.48746
44.45 5.23358 1.45431 -2.48746
44.5 5.23163 1.45282 -2.48746
44.55 5.22969 1.45133 -2.48746
44.6 5.22774 1.44984 -2.48746
44.65 5.2258 1.44835 -2.48746
44.7 5.22386 1.44686 -2.48746
44.75 5.22191 1.44536 -2.48746
44.8 5.21997 1.44387 -2.48746
44.85 5.21802 1.44238 -2.48746
44.9 5.21608 1.44089 -2.48746
44.95 5.21413 1.4394 -2.48746
45 5.21219 1.43791 -2.48746
45.05 5.21024 1.43642 -2.48746
45.1 5.2083 1.43493 -2.48746
45.15 5.20635 1.43344 -2.48746
45.2 5.20441 1.43195 -2.48746
45.25 5.20246 1.43045 -2.48746
45.3 5.20052 1.42896 -2.48746
45.35 5.19858 1.42747 -2.48746
45.4 5.19663 1.42598 -2.48746
45.45 5.19469 1.42449 -2.48746
45.5 5.19274 1.423 -2.48746
45.55 5.19128 1.42188 -2.48376
45.6 5.18934 1.42038 -2.48376
45.65 5.18741 1.41888 -2.48376
45.7 5.18547 1.41739 -2.48376
45.75 5.18353 1.41589 -2.48376
45.8 5.18207 1.41476 -2.48005
45.85 5.18014 1.41326 -2.48005
45.9 5.17821 1.41175 -2.48005
45.95 5.17627 1.41025 -2.48005
46 5.17531 1.4095 -2.48005
46.05 5.17337 1.40799 -2.48005
46.1 5.17144 1.40648 -2.48005
46.15 5.16999 1.40536 -2.47635
46.2 5.16806 1.40384 -2.47635
46.25 5.16613 1.40233 -2.47635
46.3 5.16469 1.4012 -2.47265
46.35 5.16276 1.39968 -2.47265
46.4 5.16084 1.39816 -2.47265
46.45 5.1594 1.39702 -2.46895
46.5 5.15796 1.39587 -2.47265
46.55 5.15604 1.39435 -2.47265
46.6 5.1546 1.39321 -2.46895
46.65 5.15268 1.39169 -2.46895
46.7 5.15124 1.39054 -2.46525
46.75 5.14933 1.38901 -2.46525
46.8 5.1479 1.38786 -2.46155
46.85 5.14599 1.38632 -2.46155
46.9 5.14504 1.38555 -2.46155
46.95 5.14314 1.384 -2.46155
47 5.14171 1.38285 -2.45785
47.05 5.13981 1.3813 -2.45785
47.1 5.13838 1.38014 -2.45414
47.15 5.13649 1.37859 -2.45414
47.2 5.13554 1.37781 -2.45414
47.25 5.13365 1.37625 -2.45414
47.3 5.13223 1.37509 -2.45044
47.35 5.13034 1.37352 -2.45044
47.4 5.12892 1.37235 -2.44674
47.45 5.12751 1.37118 -2.44304
47.5 5.12611 1.36999 -2.44674
47.55 5.12469 1.36882 -2.44304
47.6 5.12329 1.36764 -2.43934
47.65 5.12142 1.36605 -2.43934
47.7 5.12001 1.36487 -2.43564
47.75 5.11908 1.36407 -2.43564
47.8 5.11722 1.36248 -2.43564
47.85 5.11582 1.36129 -2.43193
47.9 5.11442 1.36009 -2.42823
47.95 5.11257 1.35849 -2.42823
48 5.11164 1.35769 -2.42823
48.05 5.11025 1.35648 -2.42453
48.1 5.10841 1.35487 -2.42453
48.15 5.10702 1.35367 -2.42083
48.2 5.10564 1.35245 -2.41713
48.25 5.10472 1.35164 -2.41713
48.3 5.10335 1.35042 -2.41343
48.35 5.10152 1.34879 -2.41343
48.4 5.10015 1.34757 -2.40972
48.45 5.09923 1.34675 -2.40972
48.5 5.09787 1.34552 -2.40602
48.55 5.0965 1.34429 -2.40232
48.6 5.09469 1.34264 -2.40232
48.65 5.09379 1.34181 -2.40232
48.7 5.09243 1.34057 -2.39862
48.75 5.09108 1.33933 -2.39492
48.8 5.08973 1.33808 -2.39122
48.85 5.08883 1.33725 -2.39122
48.9 5.08749 1.33599 -2.38752
48.95 5.0857 1.33432 -2.38752
49 5.08481 1.33348 -2.38752
49.05 5.08347 1.33222 -2.38381
49.1 5.08213 1.33096 -2.38011
49.15 5.0808 1.32969 -2.37641
49.2 5.07992 1.32884 -2.37641
49.25 5.07859 1.32757 -2.37271
49.3 5.07727 1.32629 -2.36901
49.35 5.0764 1.32543 -2.36901
49.4 5.07508 1.32415 -2.36531
49.45 5.07377 1.32286 -2.3616
49.5 5.07246 1.32157 -2.3579
49.55 5.07159 1.3207 -2.3579
49.6 5.07029 1.31941 -2.3542
49.65 5.069 1.31811 -2.3505
49.7 5.06813 1.31723 -2.3505
49.75 5.06684 1.31593 -2.3468
49.8 5.06555 1.31462 -2.3431
49.85 5.0647 1.31374 -2.3431
49.9 5.06342 1.31242 -2.3394
49.95 5.06214 1.3111 -2.33569
50 5.06129 1.31022 -2.33569
50.05 5.06002 1.30889 -2.33199
50.1 5.05917 1.308 -2.32459
50.15 5.05834 1.30711 -2.32459
50.2 5.05708 1.30577 -2.32089
50.25 5.05582 1.30443 -2.31719
50.3 5.05499 1.30353 -2.31719
50.35 5.05374 1.30218 -2.31348
50.4 5.0525 1.30082 -2.30978
50.45 5.05168 1.29992 -2.30978
50.5 5.05085 1.29901 -2.30238
50.55 5.04962 1.29764 -2.29868
50.6 5.04881 1.29673 -2.29868
50.65 5.04759 1.29536 -2.29498
50.7 5.04677 1.29444 -2.29498
50.75 5.04596 1.29352 -2.28757
50.8 5.04475 1.29214 -2.28387
50.85 5.04395 1.29121 -2.28387
50.9 5.04275 1.28982 -2.28017
50.95 5.04155 1.28842 -2.27647
51 5.04116 1.28796 -2.27277
51.05 5.03997 1.28656 -2.26907
51.1 5.03918 1.28562 -2.26907
51.15 5.038 1.28421 -2.26536
51.2 5.03722 1.28327 -2.25796
51.25 5.03644 1.28232 -2.25796
51.3 5.03527 1.2809 -2.25426
51.35 5.0345 1.27995 -2.25426
51.4 5.03373 1.279 -2.24686
51.45 5.03258 1.27757 -2.24315
51.5 5.03181 1.27661 -2.24315
51.55 5.03105 1.27565 -2.23575
51.6 5.03029 1.27468 -2.23575
51.65 5.02916 1.27324 -2.23205
51.7 5.02878 1.27276 -2.22835
51.75 5.02766 1.2713 -2.22465
51.8 5.02654 1.26984 -2.22094
51.85 5.02617 1.26935 -2.21724
51.9 5.02506 1.26789 -2.21354
51.95 5.02433 1.26691 -2.21354
52 5.0236 1.26593 -2.20614
52.05 5.02287 1.26494 -2.20614
52.1 5.02214 1.26395 -2.19874
52.15 5.02106 1.26247 -2.19503
52.2 5.02035 1.26147 -2.19503
52.25 5.01963 1.26048 -2.18763
52.3 5.01892 1.25948 -2.18763
52.35 5.01821 1.25848 -2.18023
52.4 5.01751 1.25747 -2.18023
52.45 5.01646 1.25597 -2.17653
52.5 5.01611 1.25546 -2.17282
52.55 5.01507 1.25395 -2.16912
52.6 5.01472 1.25344 -2.16542
52.65 5.01369 1.25192 -2.16172
52.7 5.01335 1.25141 -2.15802
52.75 5.01234 1.24988 -2.15432
52.8 5.012 1.24937 -2.15061
52.85 5.01099 1.24783 -2.14691
52.9 5.01032 1.24681 -2.14691
52.95 5.00966 1.24578 -2.13951
53 5.009 1.24475 -2.13951
53.05 5.00834 1.24371 -2.13211
53.1 5.00768 1.24268 -2.13211
53.15 5.00703 1.24164 -2.1247
53.2 5.00671 1.24112 -2.121
53.25 5.00575 1.23955 -2.1173
53.3 5.00543 1.23903 -2.1136
53.35 5.00448 1.23745 -2.1099
53.4 5.00417 1.23693 -2.1062
53.45 5.00323 1.23535 -2.10249
53.5 5.00292 1.23482 -2.09879
53.55 5.00199 1.23323 -2.09509
53.6 5.00169 1.2327 -2.09139
53.65 5.00077 1.23111 -2.08769
53.7 5.00047 1.23058 -2.08399
53.75 4.99987 1.22951 -2.07658
53.8 4.99927 1.22844 -2.07658
53.85 4.99898 1.2279 -2.07288
53.9 4.99809 1.22629 -2.06918
53.95 4.9978 1.22575 -2.06548
54 4.99722 1.22467 -2.05808
54.05 4.99664 1.22359 -2.05808
54.1 4.99607 1.22251 -2.05067
54.15 4.99551 1.22142 -2.05067
54.2 4.99494 1.22033 -2.04327
54.25 4.99466 1.21979 -2.03957
54.3 4.99411 1.2187 -2.03957
54.35 4.99355 1.2176 -2.03216
54.4 4.99301 1.2165 -2.03216
54.45 4.99246 1.21541 -2.02476
54.5 4.99219 1.21486 -2.02106
54.55 4.99166 1.21375 -2.02106
54.6 4.99113 1.21265 -2.01366
54.65 4.99087 1.2121 -2.00995
54.7 4.99008 1.21043 -2.00625
54.75 4.98983 1.20988 -2.00255
54.8 4.98957 1.20932 -1.99885
54.85 4.98881 1.20765 -1.99515
54.9 4.98855 1.20709 -1.99145
54.95 4.98805 1.20597 -1.98404
55 4.98781 1.20541 -1.98034
55.05 4.98732 1.20429 -1.98034
55.1 4.98683 1.20316 -1.97294
55.15 4.98659 1.2026 -1.96924
55.2 4.98612 1.20147 -1.96924
55.25 4.98564 1.20034 -1.96183
55.3 4.98541 1.19978 -1.95813
55.35 4.98494 1.19864 -1.95073
55.4 4.98449 1.1975 -1.95073
55.45 4.98426 1.19693 -1.94703
55.5 4.98381 1.1958 -1.93962
55.55 4.98337 1.19465 -1.93962
55.6 4.98315 1.19408 -1.93592
55.65 4.98271 1.19294 -1.92852
55.7 4.9825 1.19236 -1.92482
55.75 4.98207 1.19121 -1.92482
55.8 4.98165 1.19006 -1.91742
55.85 4.98144 1.18949 -1.91371
55.9 4.98123 1.18891 -1.91001
55.95 4.98083 1.18776 -1.90261
56 4.98043 1.1866 -1.90261
56.05 4.98023 1.18602 -1.89891
56.1 4.98003 1.18544 -1.89521
56.15 4.97964 1.18428 -1.8878
56.2 4.97926 1.18311 -1.8878
56.25 4.97907 1.18253 -1.8841
56.3 4.97869 1.18137 -1.8767
56.35 4.97851 1.18078 -1.873
56.4 4.97832 1.1802 -1.8693
56.45 4.97796 1.17903 -1.86189
56.5 4.97761 1.17785 -1.86189
56.55 4.97744 1.17726 -1.85819
56.6 4.97726 1.17668 -1.85449
56.65 4.97692 1.1755 -1.84709
56.7 4.97675 1.17491 -1.84338
56.75 4.97642 1.17373 -1.84338
56.8 4.97626 1.17314 -1.83968
56.85 4.97593 1.17196 -1.83228
56.9 4.97577 1.17137 -1.82858
56.95 4.97562 1.17078 -1.82488
57 4.97546 1.17018 -1.82117
57.05 4.97501 1.1684 -1.81747
57.1 4.97486 1.16781 -1.81377
57.15 4.97471 1.16721 -1.81007
57.2 4.97457 1.16662 -1.80637
57.25 4.97428 1.16543 -1.79897
57.3 4.97414 1.16483 -1.79526
57.35 4.974 1.16423 -1.79156
57.4 4.97374 1.16304 -1.79156
57.45 4.97347 1.16184 -1.78416
57.5 4.97334 1.16124 -1.78046
57.55 4.97321 1.16064 -1.77676
57.6 4.97309 1.16004 -1.77305
57.65 4.97296 1.15944 -1.76935
57.7 4.97272 1.15824 -1.76195
57.75 4.9726 1.15764 -1.75825
57.8 4.97238 1.15644 -1.75825
57.85 4.97226 1.15584 -1.75455
57.9 4.97215 1.15523 -1.75084
57.95 4.97193 1.15403 -1.74344
58 4.97183 1.15343 -1.73974
58.05 4.97172 1.15282 -1.73604
58.1 4.97162 1.15222 -1.73234
58.15 4.97152 1.15161 -1.72864
58.2 4.97143 1.15101 -1.72493
58.25 4.97124 1.1498 -1.71753
58.3 4.97115 1.14919 -1.71383
58.35 4.97097 1.14798 -1.71383
58.4 4.97089 1.14737 -1.71013
58.45 4.9708 1.14677 -1.70643
58.5 4.97072 1.14616 -1.70272
58.55 4.97064 1.14555 -1.69902
58.6 4.97048 1.14434 -1.69162
58.65 4.97041 1.14373 -1.68792
58.7 4.97034 1.14312 -1.68422
58.75 4.97027 1.14251 -1.68051
58.8 4.9702 1.1419 -1.67681
58.85 4.97014 1.14129 -1.67311
58.9 4.97007 1.14068 -1.66941
58.95 4.97001 1.14007 -1.66571
59 4.9699 1.13885 -1.65831
59.05 4.96984 1.13824 -1.6546
59.1 4.96974 1.13702 -1.6546
59.15 4.96969 1.13641 -1.6509
59.2 4.96964 1.1358 -1.6472
59.25 4.96959 1.13519 -1.6435
59.3 4.96955 1.13458 -1.6398
59.35 4.96951 1.13397 -1.6361
59.4 4.96947 1.13336 -1.63239
59.45 4.96943 1.13275 -1.62869
59.5 4.96939 1.13213 -1.62499
59.55 4.96936 1.13152 -1.62129
59.6 4.9693 1.1303 -1.61389
59.65 4.96927 1.12969 -1.61018
59.7 4.96925 1.12907 -1.60648
59.75 4.96923 1.12846 -1.60278
59.8 4.96921 1.12785 -1.59908
59.85 4.96919 1.12724 -1.59538
59.9 4.96917 1.12663 -1.59168
59.95 4.96916 1.12601 -1.58798
60 4.96915 1.1254 -1.58427
60.05 4.96914 1.12479 -1.58057
60.1 4.96914 1.12418 -1.57687
60.15 4.96913 1.12356 -1.57317
60.2 4.96913 1.12295 -1.56947
60.25 4.96913 1.12234 -1.56577
60.3 4.96913 1.12172 -1.56206
60.35 4.96914 1.12111 -1.55836
60.4 4.96915 1.1205 -1.55466
60.45 4.96916 1.11989 -1.55096
60.5 4.96917 1.11927 -1.54726
60.55 4.96918 1.11866 -1.54356
60.6 4.9692 1.11805 -1.53985
60.65 4.96922 1.11744 -1.53615
60.7 4.96924 1.11683 -1.53245
60.75 4.96926 1.11621 -1.52875
60.8 4.96929 1.1156 -1.52505
60.85 4.96932 1.11499 -1.52135
60.9 4.96935 1.11438 -1.51765
60.95 4.96938 1.11377 -1.51394
61 4.96942 1.11315 -1.51024
61.05 4.96945 1.11254 -1.50654
61.1 4.96949 1.11193 -1.50284
61.15 4.96953 1.11132 -1.49914
61.2 4.96953 1.11132 -1.49914
61.25 4.96958 1.11071 -1.49544
61.3 4.96962 1.1101 -1.49173
61.35 4.96967 1.10949 -1.48803
61.4 4.96972 1.10888 -1.48433
61.45 4.96978 1.10827 -1.48063
61.5 4.96983 1.10766 -1.47693
61.55 4.96989 1.10705 -1.47323
61.6 4.96995 1.10644 -1.46953
61.65 4.97001 1.10583 -1.46582
61.7 4.97007 1.10522 -1.46212
61.75 4.97014 1.10461 -1.45842
61.8 4.97014 1.10461 -1.45842
61.85 4.97021 1.104 -1.45472
61.9 4.97028 1.10339 -1.45102
61.95 4.97035 1.10278 -1.44732
62 4.97043 1.10218 -1.44361
62.05 4.97051 1.10157 -1.43991
62.1 4.97059 1.10096 -1.43621
62.15 4.97067 1.10035 -1.43251
62.2 4.97075 1.09975 -1.42881
62.25 4.97075 1.09975 -1.42881
62.3 4.97084 1.09914 -1.42511
62.35 4.97093 1.09853 -1.4214
62.4 4.97102 1.09793 -1.4177
62.45 4.97111 1.09732 -1.414
62.5 4.97121 1.09672 -1.4103
62.55 4.97121 1.09672 -1.4103
62.6 4.97131 1.09611 -1.4066
62.65 4.97141 1.09551 -1.4029
62.7 4.97151 1.0949 -1.3992
62.75 4.97161 1.0943 -1.39549
62.8 4.97172 1.0937 -1.39179
62.85 4.97172 1.0937 -1.39179
62.9 4.97183 1.09309 -1.38809
62.95 4.97194 1.09249 -1.38439
63 4.97206 1.09189 -1.38069
63.05 4.97217 1.09129 -1.37699
63.1 4.97217 1.09129 -1.37699
63.15 4.97229 1.09069 -1.37328
63.2 4.97241 1.09009 -1.36958
63.25 4.97253 1.08949 -1.36588
63.3 4.97266 1.08889 -1.36218
63.35 4.97266 1.08889 -1.36218
63.4 4.97278 1.08829 -1.35848
63.45 4.97291 1.08769 -1.35478
63.5 4.97304 1.08709 -1.35107
63.55 4.97304 1.08709 -1.35107
63.6 4.97318 1.08649 -1.34737
63.65 4.97331 1.0859 -1.34367
63.7 4.97345 1.0853 -1.33997
63.75 4.97345 1.0853 -1.33997
63.8 4.97359 1.0847 -1.33627
63.85 4.97373 1.08411 -1.33257
63.9 4.97388 1.08351 -1.32887
63.95 4.97388 1.08351 -1.32887
64 4.97402 1.08292 -1.32516
64.05 4.97417 1.08232 -1.32146
64.1 4.97417 1.08232 -1.32146
64.15 4.97432 1.08173 -1.31776
64.2 4.97448 1.08113 -1.31406
64.25 4.97463 1.08054 -1.31036
64.3 4.97463 1.08054 -1.31036
64.35 4.97479 1.07995 -1.30666
64.4 4.97495 1.07936 -1.30295
64.45 4.97495 1.07936 -1.30295
64.5 4.97511 1.07877 -1.29925
64.55 4.97528 1.07818 -1.29555
64.6 4.97528 1.07818 -1.29555
64.65 4.97544 1.07759 -1.29185
64.7 4.97561 1.077 -1.28815
64.75 4.97561 1.077 -1.28815
64.8 4.97578 1.07641 -1.28445
64.85 4.97596 1.07582 -1.28074
64.9 4.97596 1.07582 -1.28074
64.95 4.97613 1.07524 -1.27704
65 4.97631 1.07465 -1.27334
65.05 4.97631 1.07465 -1.27334
65.1 4.97649 1.07406 -1.26964
65.15 4.97667 1.07348 -1.26594
65.2 4.97667 1.07348 -1.26594
65.25 4.97685 1.0729 -1.26224
65.3 4.97685 1.0729 -1.26224
65.35 4.97704 1.07231 -1.25854
65.4 4.97723 1.07173 -1.25483
65.45 4.97723 1.07173 -1.25483
65.5 4.97742 1.07115 -1.25113
65.55 4.97761 1.07056 -1.24743
65.6 4.97761 1.07056 -1.24743
65.65 4.97781 1.06998 -1.24373
65.7 4.97781 1.06998 -1.24373
65.75 4.978 1.0694 -1.24003
65.8 4.978 1.0694 -1.24003
65.85 4.9782 1.06882 -1.23633
65.9 4.9784 1.06825 -1.23262
65.95 4.9784 1.06825 -1.23262
66 4.97861 1.06767 -1.22892
66.05 4.97861 1.06767 -1.22892
66.1 4.97881 1.06709 -1.22522
66.15 4.97881 1.06709 -1.22522
66.2 4.97902 1.06651 -1.22152
66.25 4.97923 1.06594 -1.21782
66.3 4.97923 1.06594 -1.21782
66.35 4.97944 1.06536 -1.21412
66.4 4.97944 1.06536 -1.21412
66.45 4.97965 1.06479 -1.21041
66.5 4.97965 1.06479 -1.21041
66.55 4.97987 1.06422 -1.20671
66.6 4.97987 1.06422 -1.20671
66.65 4.98009 1.06364 -1.20301
66.7 4.98009 1.06364 -1.20301
66.75 4.98031 1.06307 -1.19931
66.8 4.98031 1.06307 -1.19931
66.85 4.98053 1.0625 -1.19561
66.9 4.98053 1.0625 -1.19561
66.95 4.98076 1.06193 -1.19191
67 4.98076 1.06193 -1.19191
67.05 4.98098 1.06136 -1.18821
67.1 4.98098 1.06136 -1.18821
67.15 4.98121 1.06079 -1.1845
67.2 4.98121 1.06079 -1.1845
67.25 4.98167 1.05966 -1.1845
67.3 4.98167 1.05966 -1.1845
67.35 4.9819 1.05909 -1.1808
67.4 4.9819 1.05909 -1.1808
67.45 4.98214 1.05852 -1.1771
67.5 4.98214 1.05852 -1.1771
67.55 4.98214 1.05852 -1.1771
67.6 4.98237 1.05796 -1.1734
67.65 4.98237 1.05796 -1.1734
67.7 4.98261 1.05739 -1.1697
67.75 4.98261 1.05739 -1.1697
67.8 4.98285 1.05683 -1.166
67.85 4.98285 1.05683 -1.166
67.9 4.98309 1.05627 -1.16229
67.95 4.98309 1.05627 -1.16229
68 4.98309 1.05627 -1.16229
68.05 4.98333 1.05571 -1.15859
68.1 4.98333 1.05571 -1.15859
68.15 4.98358 1.05514 -1.15489
68.2 4.98383 1.05458 -1.15859
68.25 4.98383 1.05458 -1.15859
68.3 4.98407 1.05402 -1.15489
68.35 4.98407 1.05402 -1.15489
68.4 4.98432 1.05346 -1.15119
68.45 4.98432 1.05346 -1.15119
68.5 4.98432 1.05346 -1.15119
68.55 4.98457 1.0529 -1.14749
68.6 4.98457 1.0529 -1.14749
68.65 4.98457 1.0529 -1.14749
68.7 4.98482 1.05234 -1.14379
68.75 4.98482 1.05234 -1.14379
68.8 4.98507 1.05179 -1.14008
68.85 4.98533 1.05123 -1.14379
68.9 4.98533 1.05123 -1.14379
68.95 4.98558 1.05067 -1.14008
69 4.98558 1.05067 -1.14008
69.05 4.98558 1.05067 -1.14008
69.1 4.98584 1.05012 -1.13638
69.15 4.98584 1.05012 -1.13638
69.2 4.98584 1.05012 -1.13638
69.25 4.9861 1.04956 -1.13268
69.3 4.9861 1.04956 -1.13268
69.35 4.9861 1.04956 -1.13268
69.4 4.98662 1.04845 -1.13268
69.45 4.98662 1.04845 -1.13268
69.5 4.98662 1.04845 -1.13268
69.55 4.98662 1.04845 -1.13268
69.6 4.98688 1.0479 -1.12898
69.65 4.98688 1.0479 -1.12898
69.7 4.98688 1.0479 -1.12898
69.75 4.98714 1.04734 -1.12528
69.8 4.98714 1.04734 -1.12528
69.85 4.9874 1.04679 -1.12898
69.9 4.98766 1.04623 -1.12528
69.95 4.98766 1.04623 -1.12528
70 4.98766 1.04623 -1.12528
70.05 4.98766 1.04623 -1.12528
70.1 4.98793 1.04568 -1.12158
70.15 4.98793 1.04568 -1.12158
70.2 4.98793 1.04568 -1.12158
70.25 4.98793 1.04568 -1.12158
70.3 4.98846 1.04458 -1.12158
70.35 4.98846 1.04458 -1.12158
70.4 4.98846 1.04458 -1.12158
70.45 4.98846 1.04458 -1.12158
70.5 4.98873 1.04403 -1.11788
70.55 4.98873 1.04403 -1.11788
70.6 4.98873 1.04403 -1.11788
70.65 4.98899 1.04348 -1.12158
70.7 4.98926 1.04292 -1.11788
70.75 4.98926 1.04292 -1.11788
70.8 4.98926 1.04292 -1.11788
70.85 4.98926 1.04292 -1.11788
70.9 4.98926 1.04292 -1.11788
70.95 4.98953 1.04237 -1.11417
71 4.9898 1.04182 -1.11788
71.05 4.9898 1.04182 -1.11788
71.1 4.9898 1.04182 -1.11788
71.15 4.9898 1.04182 -1.11788
71.2 4.99007 1.04127 -1.11417
71.25 4.99007 1.04127 -1.11417
71.3 4.99007 1.04127 -1.11417
71.35 4.99034 1.04072 -1.11788
71.4 4.99034 1.04072 -1.11788
71.45 4.9906 1.04017 -1.11417
71.5 4.9906 1.04017 -1.11417
71.55 4.9906 1.04017 -1.11417
71.6 4.9906 1.04017 -1.11417
71.65 4.99087 1.03962 -1.11788
71.7 4.99087 1.03962 -1.11788
71.75 4.99114 1.03907 -1.11417
71.8 4.99114 1.03907 -1.11417
71.85 4.99114 1.03907 -1.11417
71.9 4.99114 1.03907 -1.11417
71.95 4.99141 1.03852 -1.11788
72 4.99141 1.03852 -1.11788
72.05 4.99168 1.03797 -1.11417
72.1 4.99168 1.03797 -1.11417
72.15 4.99168 1.03797 -1.11417
72.2 4.99168 1.03797 -1.11417
72.25 4.99195 1.03742 -1.11788
72.3 4.99195 1.03742 -1.11788
72.35 4.99195 1.03742 -1.11788
72.4 4.99195 1.03742 -1.11788
72.45 4.99222 1.03687 -1.11417
72.5 4.99249 1.03632 -1.11788
72.55 4.99249 1.03632 -1.11788
72.6 4.99249 1.03632 -1.11788
72.65 4.99249 1.03632 -1.11788
72.7 4.99249 1.03632 -1.11788
72.75 4.99276 1.03577 -1.12158
72.8 4.99276 1.03577 -1.12158
72.85 4.99276 1.03577 -1.12158
72.9 4.99276 1.03577 -1.12158
72.95 4.99302 1.03522 -1.11788
73 4.99329 1.03467 -1.12158
73.05 4.99329 1.03467 -1.12158
73.1 4.99329 1.03467 -1.12158
73.15 4.99329 1.03467 -1.12158
73.2 4.99329 1.03467 -1.12158
73.25 4.99356 1.03411 -1.12528
73.3 4.99356 1.03411 -1.12528
73.35 4.99356 1.03411 -1.12528
73.4 4.99356 1.03411 -1.12528
73.45 4.99356 1.03411 -1.12528
73.5 4.99382 1.03356 -1.12898
73.55 4.99382 1.03356 -1.12898
73.6 4.99382 1.03356 -1.12898
73.65 4.99408 1.03301 -1.12528
73.7 4.99435 1.03245 -1.12898
73.75 4.99435 1.03245 -1.12898
73.8 4.99435 1.03245 -1.12898
73.85 4.99435 1.03245 -1.12898
73.9 4.99461 1.0319 -1.13268
73.95 4.99461 1.0319 -1.13268
74 4.99461 1.0319 -1.13268
74.05 4.99461 1.0319 -1.13268
74.1 4.99461 1.0319 -1.13268
74.15 4.99487 1.03135 -1.13638
74.2 4.99487 1.03135 -1.13638
74.25 4.99487 1.03135 -1.13638
74.3 4.99487 1.03135 -1.13638
74.35 4.99513 1.03079 -1.14008
74.4 4.99513 1.03079 -1.14008
74.45 4.99513 1.03079 -1.14008
74.5 4.99513 1.03079 -1.14008
74.55 4.99538 1.03023 -1.14379
74.6 4.99538 1.03023 -1.14379
74.65 4.99538 1.03023 -1.14379
74.7 4.99538 1.03023 -1.14379
74.75 4.99564 1.02968 -1.14749
74.8 4.99564 1.02968 -1.14749
74.85 4.99564 1.02968 -1.14749
74.9 4.99564 1.02968 -1.14749
74.95 4.99589 1.02912 -1.15119
75 4.99589 1.02912 -1.15119
75.05 4.99589 1.02912 -1.15119
75.1 4.99589 1.02912 -1.15119
75.15 4.99614 1.02856 -1.15489
75.2 4.99614 1.02856 -1.15489
75.25 4.99614 1.02856 -1.15489
75.3 4.99614 1.02856 -1.15489
75.35 4.99639 1.028 -1.15859
75.4 4.99639 1.028 -1.15859
75.45 4.99639 1.028 -1.15859
75.5 4.99663 1.02744 -1.16229
75.55 4.99663 1.02744 -1.16229
75.6 4.99639 1.028 -1.166
75.65 4.99639 1.028 -1.166
75.7 4.99663 1.02744 -1.1697
75.75 4.99663 1.02744 -1.1697
75.8 4.99663 1.02744 -1.1697
75.85 4.99663 1.02744 -1.1697
75.9 4.99687 1.02687 -1.1734
75.95 4.99687 1.02687 -1.1734
76 4.99687 1.02687 -1.1734
76.05 4.9971 1.02631 -1.1771
76.1 4.9971 1.02631 -1.1771
76.15 4.9971 1.02631 -1.1771
76.2 4.9971 1.02631 -1.1771
76.25 4.99734 1.02574 -1.1808
76.3 4.99734 1.02574 -1.1808
76.35 4.99734 1.02574 -1.1808
76.4 4.99757 1.02517 -1.1845
76.45 4.99734 1.02574 -1.18821
76.5 4.99734 1.02574 -1.18821
76.55 4.99734 1.02574 -1.18821
76.6 4.99757 1.02517 -1.19191
76.65 4.99757 1.02517 -1.19191
76.7 4.99757 1.02517 -1.19191
76.75 4.9978 1.0246 -1.19561
76.8 4.9978 1.0246 -1.19561
76.85 4.9978 1.0246 -1.19561
76.9 4.9978 1.0246 -1.19561
76.95 4.99802 1.02403 -1.19931
77 4.9978 1.02461 -1.20301
77.05 4.9978 1.02461 -1.20301
77.1 4.99802 1.02403 -1.20671
77.15 4.99802 1.02403 -1.20671
77.2 4.99802 1.02403 -1.20671
77.25 4.99824 1.02346 -1.21041
77.3 4.99824 1.02346 -1.21041
77.35 4.99824 1.02346 -1.21041
77.4 4.99845 1.02289 -1.21412
77.45 4.99824 1.02346 -1.21782
77.5 4.99824 1.02346 -1.21782
77.55 4.99824 1.02346 -1.21782
77.6 4.99845 1.02289 -1.22152
77.65 4.99845 1.02289 -1.22152
77.7 4.99845 1.02289 -1.22152
77.75 4.99866 1.02231 -1.22522
77.8 4.99866 1.02231 -1.22522
77.85 4.99845 1.02289 -1.22892
77.9 4.99866 1.02231 -1.23262
77.95 4.99866 1.02231 -1.23262
78 4.99866 1.02231 -1.23262
78.05 4.99886 1.02173 -1.23633
78.1 4.99886 1.02173 -1.23633
78.15 4.99886 1.02173 -1.23633
78.2 4.99906 1.02115 -1.24003
78.25 4.99886 1.02173 -1.24373
78.3 4.99886 1.02173 -1.24373
78.35 4.99886 1.02173 -1.24373
78.4 4.99906 1.02115 -1.24743
78.45 4.99906 1.02115 -1.24743
78.5 4.99906 1.02115 -1.24743
78.55 4.99906 1.02115 -1.25483
78.6 4.99906 1.02115 -1.25483
78.65 4.99906 1.02115 -1.25483
78.7 4.99925 1.02057 -1.25854
78.75 4.99925 1.02057 -1.25854
78.8 4.99925 1.02057 -1.25854
78.85 4.99944 1.01999 -1.26224
78.9 4.99925 1.02057 -1.26594
78.95 4.99925 1.02057 -1.26594
79 4.99944 1.01999 -1.26964
79.05 4.99944 1.01999 -1.26964
79.1 4.99944 1.01999 -1.26964
79.15 4.99962 1.0194 -1.27334
79.2 4.99944 1.01999 -1.27704
79.25 4.99944 1.01999 -1.27704
79.3 4.99962 1.0194 -1.28074
79.35 4.99962 1.0194 -1.28074
79.4 4.99962 1.0194 -1.28074
79.45 4.99979 1.01881 -1.28445
79.5 4.99962 1.0194 -1.28815
79.55 4.99962 1.0194 -1.28815
79.6 4.99979 1.01881 -1.29185
79.65 4.99979 1.01881 -1.29185
79.7 4.99979 1.01881 -1.29185
79.75 4.99979 1.01881 -1.29925
79.8 4.99979 1.01881 -1.29925
79.85 4.99979 1.01881 -1.29925
79.9 4.99995 1.01822 -1.30295
79.95 4.99995 1.01822 -1.30295
80 4.99995 1.01822 -1.30295
80.05 4.99995 1.01822 -1.31036
80.1 4.99995 1.01822 -1.31036
80.15 4.99995 1.01822 -1.31036
80.2 5.00011 1.01763 -1.31406
80.25 5.00011 1.01763 -1.31406
80.3 4.99996 1.01822 -1.31776
80.35 5.00011 1.01763 -1.32146
80.4 5.00011 1.01763 -1.32146
80.45 5.00011 1.01763 -1.32146
80.5 5.00026 1.01704 -1.32516
80.55 5.00011 1.01763 -1.32887
80.6 5.00011 1.01763 -1.32887
80.65 5.00026 1.01704 -1.33257
80.7 5.00026 1.01704 -1.33257
80.75 5.00026 1.01704 -1.33257
80.8 5.00026 1.01704 -1.33997
80.85 5.00026 1.01704 -1.33997
80.9 5.00026 1.01704 -1.33997
80.95 5.0004 1.01644 -1.34367
81 5.0004 1.01644 -1.34367
81.05 5.00026 1.01704 -1.34737
81.1 5.0004 1.01644 -1.35107
81.15 5.0004 1.01644 -1.35107
81.2 5.0004 1.01644 -1.35107
81.25 5.00053 1.01584 -1.35478
81.3 5.0004 1.01644 -1.35848
81.35 5.0004 1.01644 -1.35848
81.4 5.00053 1.01584 -1.36218
81.45 5.00053 1.01584 -1.36218
81.5 5.00053 1.01584 -1.36218
81.55 5.00053 1.01584 -1.36958
81.6 5.00053 1.01584 -1.36958
81.65 5.00053 1.01584 -1.36958
81.7 5.00065 1.01524 -1.37328
81.75 5.00065 1.01524 -1.37328
81.8 5.00053 1.01584 -1.37699
81.85 5.00065 1.01524 -1.38069
81.9 5.00065 1.01524 -1.38069
81.95 5.00065 1.01524 -1.38069
82 5.00065 1.01524 -1.38809
82.05 5.00065 1.01524 -1.38809
82.1 5.00065 1.01524 -1.38809
82.15 5.00076 1.01464 -1.39179
82.2 5.00076 1.01464 -1.39179
82.25 5.00065 1.01524 -1.39549
82.3 5.00076 1.01464 -1.3992
82.35 5.00076 1.01464 -1.3992
82.4 5.00076 1.01464 -1.3992
82.45 5.00086 1.01404 -1.4029
82.5 5.00076 1.01464 -1.4066
82.55 5.00086 1.01403 -1.4103
82.6 5.00086 1.01403 -1.4103
82.65 5.00086 1.01403 -1.4103
82.7 5.00086 1.01403 -1.4177
82.75 5.00086 1.01403 -1.4177
82.8 5.00086 1.01403 -1.4177
82.85 5.00095 1.01343 -1.4214
82.9 5.00086 1.01404 -1.42511
82.95 5.00086 1.01404 -1.42511
83 5.00095 1.01343 -1.42881
83.05 5.00095 1.01343 -1.42881
83.1 5.00095 1.01343 -1.42881
83.15 5.00095 1.01343 -1.43621
83.2 5.00095 1.01343 -1.43621
83.25 5.00095 1.01343 -1.43621
83.3 5.00103 1.01282 -1.43991
83.35 5.00095 1.01343 -1.44361
83.4 5.00095 1.01343 -1.44361
83.45 5.00103 1.01282 -1.44732
83.5 5.00103 1.01282 -1.44732
83.55 5.00103 1.01282 -1.44732
83.6 5.00103 1.01282 -1.45472
83.65 5.00103 1.01282 -1.45472
83.7 5.00103 1.01282 -1.45472
83.75 5.0011 1.01221 -1.45842
83.8 5.00103 1.01282 -1.46212
83.85 5.00103 1.01282 -1.46212
83.9 5.0011 1.01221 -1.46582
83.95 5.0011 1.01221 -1.46582
84 5.00104 1.01282 -1.46953
84.05 5.0011 1.01221 -1.47323
84.1 5.0011 1.01221 -1.47323
84.15 5.0011 1.01221 -1.47323
84.2 5.00116 1.0116 -1.47693
84.25 5.0011 1.01221 -1.48063
84.3 5.0011 1.01221 -1.48063
84.35 5.00116 1.0116 -1.48433
84.4 5.00116 1.0116 -1.48433
84.45 5.0011 1.01221 -1.48803
84.5 5.00115 1.0116 -1.49173
84.55 5.00115 1.0116 -1.49173
84.6 5.00115 1.0116 -1.49173
84.65 5.00115 1.0116 -1.49914
84.7 5.00115 1.0116 -1.49914
84.75 5.00115 1.0116 -1.49914
84.8 5.0012 1.01099 -1.50284
84.85 5.0012 1.01099 -1.50284
84.9 5.00116 1.0116 -1.50654
84.95 5.00116 1.0116 -1.50654
85 5.00119 1.01099 -1.51024
85.05 5.00119 1.01099 -1.51024
85.1 5.00116 1.0116 -1.51394
85.15 5.00119 1.01099 -1.51765
85.2 5.00119 1.01099 -1.51765
85.25 5.00119 1.01099 -1.51765
85.3 5.00119 1.01099 -1.52505
85.35 5.00119 1.01099 -1.52505
85.4 5.00119 1.01099 -1.52505
85.45 5.00122 1.01038 -1.52875
85.5 5.00122 1.01038 -1.52875
85.55 5.00119 1.01099 -1.53245
85.6 5.00122 1.01038 -1.53615
85.65 5.00122 1.01038 -1.53615
85.7 5.00122 1.01038 -1.53615
85.75 5.00122 1.01038 -1.54356
85.8 5.00122 1.01038 -1.54356
85.85 5.00122 1.01038 -1.54356
85.9 5.00122 1.01038 -1.54356
85.95 5.00123 1.00977 -1.54726
86 5.00122 1.01038 -1.55096
86.05 5.00122 1.01038 -1.55096
86.1 5.00123 1.00977 -1.55466
86.15 5.00123 1.00977 -1.55466
86.2 5.00122 1.01038 -1.55836
86.25 5.00123 1.00977 -1.56206
86.3 5.00123 1.00977 -1.56206
86.35 5.00123 1.00977 -1.56206
86.4 5.00123 1.00977 -1.56206
86.45 5.00123 1.00977 -1.56947
86.5 5.00123 1.00977 -1.56947
86.55 5.00123 1.00977 -1.56947
86.6 5.00123 1.00915 -1.57317
86.65 5.00123 1.00977 -1.57687
86.7 5.00123 1.00977 -1.57687
86.75 5.00123 1.00915 -1.58057
86.8 5.00123 1.00915 -1.58057
86.85 5.00123 1.00915 -1.58057
86.9 5.00123 1.00977 -1.58427
86.95 5.00123 1.00915 -1.58798
87 5.00123 1.00915 -1.58798
87.05 5.00123 1.00915 -1.58798
87.1 5.00123 1.00915 -1.59538
87.15 5.00123 1.00915 -1.59538
87.2 5.00123 1.00915 -1.59538
87.25 5.00123 1.00915 -1.59538
87.3 5.00121 1.00854 -1.59908
87.35 5.00123 1.00915 -1.60278
87.4 5.00123 1.00915 -1.60278
87.45 5.00121 1.00854 -1.60648
87.5 5.00121 1.00854 -1.60648
87.55 5.00121 1.00854 -1.60648
87.6 5.00123 1.00915 -1.61018
87.65 5.00121 1.00854 -1.61389
87.7 5.00121 1.00854 -1.61389
87.75 5.00121 1.00854 -1.61389
87.8 5.00121 1.00854 -1.61389
87.85 5.00121 1.00854 -1.62129
87.9 5.00121 1.00854 -1.62129
87.95 5.00121 1.00854 -1.62129
88 5.00118 1.00793 -1.62499
88.05 5.00118 1.00793 -1.62499
88.1 5.00121 1.00854 -1.62869
88.15 5.00121 1.00854 -1.62869
88.2 5.00117 1.00793 -1.63239
88.25 5.00117 1.00793 -1.63239
88.3 5.00117 1.00793 -1.63239
88.35 5.00121 1.00854 -1.6361
88.4 5.00117 1.00793 -1.6398
88.45 5.00117 1.00793 -1.6398
88.5 5.00117 1.00793 -1.6398
88.55 5.00117 1.00793 -1.6398
88.6 5.00117 1.00793 -1.6472
88.65 5.00117 1.00793 -1.6472
88.7 5.00117 1.00793 -1.6472
88.75 5.00117 1.00793 -1.6472
88.8 5.00112 1.00732 -1.6509
88.85 5.00117 1.00793 -1.6546
88.9 5.00117 1.00793 -1.6546
88.95 5.00117 1.00793 -1.6546
89 5.00112 1.00732 -1.65831
89.05 5.00112 1.00732 -1.65831
89.1 5.00112 1.00732 -1.65831
89.15 5.00118 1.00793 -1.66201
89.2 5.00112 1.00732 -1.66571
89.25 5.00112 1.00732 -1.66571
89.3 5.00112 1.00732 -1.66571
89.35 5.00112 1.00732 -1.66571
89.4 5.00112 1.00732 -1.67311
89.45 5.00112 1.00732 -1.67311
89.5 5.00112 1.00732 -1.67311
89.55 5.00112 1.00732 -1.67311
89.6 5.00106 1.00671 -1.67681
89.65 5.00106 1.00671 -1.67681
89.7 5.00112 1.00732 -1.68051
89.75 5.00112 1.00732 -1.68051
89.8 5.00106 1.00671 -1.68422
89.85 5.00106 1.00671 -1.68422
89.9 5.00106 1.00671 -1.68422
89.95 5.00106 1.00671 -1.68422
90 5.00112 1.00732 -1.68792
90.05 5.00105 1.00671 -1.69162
90.1 5.00105 1.00671 -1.69162
90.15 5.00105 1.00671 -1.69162
90.2 5.00105 1.00671 -1.69162
90.25 5.00098 1.0061 -1.69532
90.3 5.00106 1.00671 -1.69902
90.35 5.00106 1.00671 -1.69902
90.4 5.00106 1.00671 -1.69902
90.45 5.00106 1.00671 -1.69902
90.5 5.00098 1.0061 -1.70272
90.55 5.00098 1.0061 -1.70272
90.6 5.00106 1.00671 -1.70643
90.65 5.00106 1.00671 -1.70643
90.7 5.00106 1.00671 -1.70643
90.75 5.00097 1.0061 -1.71013
90.8 5.00097 1.0061 -1.71013
90.85 5.00097 1.0061 -1.71013
90.9 5.00106 1.00671 -1.71383
90.95 5.00106 1.00671 -1.71383
91 5.00097 1.0061 -1.71753
91.05 5.00097 1.0061 -1.71753
91.1 5.00097 1.0061 -1.71753
91.15 5.00097 1.0061 -1.71753
91.2 5.00097 1.0061 -1.71753
91.25 5.00097 1.0061 -1.72493
91.3 5.00097 1.0061 -1.72493
91.35 5.00097 1.0061 -1.72493
91.4 5.00097 1.0061 -1.72493
91.45 5.00097 1.0061 -1.72493
91.5 5.00088 1.0055 -1.72864
91.55 5.00088 1.0055 -1.72864
91.6 5.00097 1.0061 -1.73234
91.65 5.00097 1.0061 -1.73234
91.7 5.00097 1.0061 -1.73234
91.75 5.00088 1.0055 -1.73604
91.8 5.00088 1.0055 -1.73604
91.85 5.00088 1.0055 -1.73604
91.9 5.00088 1.0055 -1.73604
91.95 5.00088 1.0055 -1.73604
92 5.00098 1.0061 -1.73974
92.05 5.00087 1.0055 -1.74344
92.1 5.00087 1.0055 -1.74344
92.15 5.00087 1.0055 -1.74344
92.2 5.00087 1.0055 -1.74344
92.25 5.00087 1.0055 -1.74344
92.3 5.00087 1.0055 -1.74344
92.35 5.00077 1.0049 -1.74714
92.4 5.00088 1.0055 -1.75084
92.45 5.00088 1.0055 -1.75084
92.5 5.00088 1.0055 -1.75084
92.55 5.00088 1.0055 -1.75084
92.6 5.00088 1.0055 -1.75084
92.65 5.00077 1.0049 -1.75455
92.7 5.00077 1.0049 -1.75455
92.75 5.00077 1.0049 -1.75455
92.8 5.00077 1.0049 -1.75455
92.85 5.00088 1.0055 -1.75825
92.9 5.00088 1.0055 -1.75825
92.95 5.00088 1.0055 -1.75825
93 5.00076 1.0049 -1.76195
93.05 5.00076 1.0049 -1.76195
93.1 5.00076 1.0049 -1.76195
93.15 5.00076 1.0049 -1.76195
93.2 5.00076 1.0049 -1.76195
93.25 5.00076 1.0049 -1.76195
93.3 5.00088 1.0055 -1.76565
93.35 5.00076 1.0049 -1.76935
93.4 5.00076 1.0049 -1.76935
93.45 5.00076 1.0049 -1.76935
93.5 5.00076 1.0049 -1.76935
93.55 5.00076 1.0049 -1.76935
93.6 5.00076 1.0049 -1.76935
93.65 5.00076 1.0049 -1.76935
93.7 5.00076 1.0049 -1.76935
93.75 5.00064 1.0043 -1.77305
93.8 5.00064 1.0043 -1.77305
93.85 5.00076 1.0049 -1.77676
93.9 5.00076 1.0049 -1.77676
93.95 5.00076 1.0049 -1.77676
94 5.00076 1.0049 -1.77676
94.05 5.00076 1.0049 -1.77676
94.1 5.00076 1.0049 -1.77676
94.15 5.00064 1.0043 -1.78046
94.2 5.00064 1.0043 -1.78046
94.25 5.00064 1.0043 -1.78046
94.3 5.00064 1.0043 -1.78046
94.35 5.00064 1.0043 -1.78046
94.4 5.00064 1.0043 -1.78046
94.45 5.00064 1.0043 -1.78046
94.5 5.00077 1.0049 -1.78416
94.55 5.00077 1.0049 -1.78416
94.6 5.00064 1.0043 -1.78786
94.65 5.00064 1.0043 -1.78786
94.7 5.00064 1.0043 -1.78786
94.75 5.00064 1.0043 -1.78786
94.8 5.00064 1.0043 -1.78786
94.85 5.00064 1.0043 -1.78786
94.9 5.00064 1.0043 -1.78786
94.95 5.00064 1.0043 -1.78786
95 5.00064 1.0043 -1.78786
95.05 5.00064 1.0043 -1.78786
95.1 5.0005 1.0037 -1.79156
95.15 5.0005 1.0037 -1.79156
95.2 5.0005 1.0037 -1.79156
95.25 5.0005 1.0037 -1.79156
95.3 5.0005 1.0037 -1.79156
95.35 5.0005 1.0037 -1.79156
95.4 5.0005 1.0037 -1.79156
95.45 5.00064 1.0043 -1.79526
95.5 5.00064 1.0043 -1.79526
95.55 5.00064 1.0043 -1.79526
95.6 5.00064 1.0043 -1.79526
95.65 5.00064 1.0043 -1.79526
95.7 5.00064 1.0043 -1.79526
95.75 5.00064 1.0043 -1.79526
95.8 5.0005 1.0037 -1.79897
95.85 5.0005 1.0037 -1.79897
95.9 5.0005 1.0037 -1.79897
95.95 5.0005 1.0037 -1.79897
96 5.0005 1.0037 -1.79897
96.05 5.0005 1.0037 -1.79897
96.1 5.0005 1.0037 -1.79897
96.15 5.0005 1.0037 -1.79897
96.2 5.0005 1.0037 -1.79897
96.25 5.0005 1.0037 -1.79897
96.3 5.0005 1.0037 -1.79897
96.35 5.0005 1.0037 -1.79897
96.4 5.0005 1.0037 -1.79897
96.45 5.0005 1.0037 -1.79897
96.5 5.0005 1.0037 -1.79897
96.55 5.0005 1.0037 -1.79897
96.6 5.0005 1.0037 -1.79897
96.65 5.00036 1.0031 -1.80267
96.7 5.00036 1.0031 -1.80267
96.75 5.00036 1.0031 -1.80267
96.8 5.00036 1.0031 -1.80267
96.85 5.00036 1.0031 -1.80267
96.9 5.00036 1.0031 -1.80267
96.95 5.00036 1.0031 -1.80267
97 5.00036 1.0031 -1.80267
97.05 5.00036 1.0031 -1.80267
97.1 5.00036 1.0031 -1.80267
97.15 5.00036 1.0031 -1.80267
97.2 5.00036 1.0031 -1.80267
97.25 5.00036 1.0031 -1.80267
97.3 5.00036 1.0031 -1.80267
97.35 5.00036 1.0031 -1.80267
97.4 5.00036 1.0031 -1.80267
97.45 5.00036 1.0031 -1.80267
97.5 5.00036 1.0031 -1.80267
97.55 5.00036 1.0031 -1.80267
97.6 5.00036 1.0031 -1.80267
97.65 5.00036 1.0031 -1.80267
97.7 5.00036 1.0031 -1.80267
97.75 5.00036 1.0031 -1.80267
97.8 5.00036 1.0031 -1.80267
97.85 5.00036 1.0031 -1.80267
97.9 5.00036 1.0031 -1.80267
97.95 5.00036 1.0031 -1.80267
98 5.00036 1.0031 -1.80267
98.05 5.00036 1.0031 -1.80267
98.1 5.00036 1.0031 -1.80267
98.15 5.00036 1.0031 -1.80267
98.2 5.00036 1.0031 -1.80267
98.25 5.00036 1.0031 -1.80267
98.3 5.00036 1.0031 -1.80267
98.35 5.00036 1.0031 -1.80267
98.4 5.00036 1.0031 -1.80267
98.45 5.00036 1.0031 -1.80267
98.5 5.00036 1.0031 -1.80267
98.55 5.00036 1.0031 -1.80267
98.6 5.00036 1.0031 -1.80267
98.65 5.00036 1.0031 -1.80267
98.7 5.00036 1.0031 -1.80267
98.75 5.00036 1.0031 -1.80267
98.8 5.00036 1.0031 -1.80267
98.85 5.00036 1.0031 -1.80267
98.9 5.00036 1.0031 -1.80267
98.95 5.00036 1.0031 -1.80267
99 5.00036 1.0031 -1.80267
99.05 5.00036 1.0031 -1.80267
99.1 5.00036 1.0031 -1.80267
99.15 5.00036 1.0031 -1.80267
99.2 5.00036 1.0031 -1.80267
99.25 5.00036 1.0031 -1.80267
99.3 5.00036 1.0031 -1.80267
99.35 5.00036 1.0031 -1.80267
99.4 5.00036 1.0031 -1.80267
99.45 5.00036 1.0031 -1.80267
99.5 5.00036 1.0031 -1.80267
99.55 5.00036 1.0031 -1.80267
99.6 5.00036 1.0031 -1.80267
99.65 5.00036 1.0031 -1.80267
99.7 5.00036 1.0031 -1.80267
99.75 5.00036 1.0031 -1.80267
99.8 5.00036 1.0031 -1.80267
99.85 5.00036 1.0031 -1.80267
99.9 5.00036 1.0031 -1.80267
99.95 5.00036 1.0031 -1.80267
100 5.00036 1.0031 -1.80267
100.05 5.00022 1.00251 -1.80637
100.1 5.00037 1.0031 -1.80267
100.15 5.00037 1.0031 -1.80267
100.2 5.00037 1.0031 -1.80267
100.25 5.00023 1.00251 -1.80637
100.3 5.00023 1.00251 -1.79897
100.35 5.00023 1.00251 -1.79897
100.4 5.00023 1.00251 -1.79897
100.45 5.00023 1.00251 -1.79897
100.5 5.00023 1.00251 -1.79897
100.55 5.00023 1.00251 -1.79897
100.6 5.00023 1.00251 -1.79897
100.65 5.00023 1.00251 -1.79897
100.7 5.00023 1.00251 -1.79897
100.75 5.00023 1.00251 -1.79897
100.8 5.00023 1.00251 -1.79897
100.85 5.00023 1.00251 -1.79897
100.9 5.00023 1.00251 -1.79897
100.95 5.00023 1.00251 -1.79897
101 5.00023 1.00251 -1.79897
101.05 5.00023 1.00251 -1.79897
101.1 5.00023 1.00251 -1.79897
101.15 5.00009 1.00191 -1.79526
101.2 5.00009 1.00191 -1.79526
101.25 5.00009 1.00191 -1.79526
101.3 5.00022 1.00251 -1.79156
101.35 5.00022 1.00251 -1.79156
101.4 5.00022 1.00251 -1.79156
101.45 5.00022 1.00251 -1.79156
101.5 5.00022 1.00251 -1.79156
101.55 5.00022 1.00251 -1.79156
101.6 5.00022 1.00251 -1.79156
101.65 5.00022 1.00251 -1.79156
101.7 5.00022 1.00251 -1.79156
101.75 5.00022 1.00251 -1.79156
101.8 5.00022 1.00251 -1.79156
101.85 5.00009 1.00191 -1.78786
101.9 5.00009 1.00191 -1.78786
101.95 5.00009 1.00191 -1.78786
102 5.00009 1.00191 -1.78786
102.05 5.00009 1.00191 -1.78786
102.1 5.00022 1.00251 -1.78416
102.15 5.00022 1.00251 -1.78416
102.2 5.00022 1.00251 -1.78416
102.25 5.00022 1.00251 -1.78416
102.3 5.00022 1.00251 -1.78416
102.35 5.00022 1.00251 -1.78416
102.4 5.00022 1.00251 -1.78416
102.45 5.00009 1.00191 -1.78046
102.5 5.00009 1.00191 -1.78046
102.55 5.00009 1.00191 -1.78046
102.6 5.00009 1.00191 -1.78046
102.65 5.00009 1.00191 -1.78046
102.7 5.00009 1.00191 -1.78046
102.75 5.00009 1.00191 -1.78046
102.8 5.00022 1.00251 -1.77676
102.85 5.00022 1.00251 -1.77676
102.9 5.00022 1.00251 -1.77676
102.95 5.00009 1.00191 -1.77305
103 5.00009 1.00191 -1.77305
103.05 5.00009 1.00191 -1.77305
103.1 5.00009 1.00191 -1.77305
103.15 5.00009 1.00191 -1.77305
103.2 5.00009 1.00191 -1.77305
103.25 5.00009 1.00191 -1.77305
103.3 5.00009 1.00191 -1.77305
103.35 5.00009 1.00191 -1.77305
103.4 4.99997 1.00131 -1.76935
103.45 5.00009 1.00191 -1.76565
103.5 5.00009 1.00191 -1.76565
103.55 5.00009 1.00191 -1.76565
103.6 5.00009 1.00191 -1.76565
103.65 5.00009 1.00191 -1.76565
103.7 5.00009 1.00191 -1.76565
103.75 5.00009 1.00191 -1.76565
103.8 4.99997 1.00131 -1.76195
103.85 5.00009 1.00191 -1.75825
103.9 5.00009 1.00191 -1.75825
103.95 5.00009 1.00191 -1.75825
104 5.00009 1.00191 -1.75825
104.05 5.00009 1.00191 -1.75825
104.1 5.00009 1.00191 -1.75825
104.15 5.00009 1.00191 -1.75825
104.2 5.00009 1.00191 -1.75825
104.25 4.99997 1.00131 -1.75455
104.3 5.00009 1.00191 -1.75084
104.35 5.00009 1.00191 -1.75084
104.4 5.00009 1.00191 -1.75084
104.45 5.00009 1.00191 -1.75084
104.5 5.00009 1.00191 -1.75084
104.55 5.00009 1.00191 -1.75084
104.6 5.00009 1.00191 -1.75084
104.65 5.00009 1.00191 -1.75084
104.7 4.99998 1.00131 -1.74714
104.75 4.99998 1.00131 -1.74714
104.8 5.00008 1.00191 -1.74344
104.85 5.00008 1.00191 -1.74344
104.9 5.00008 1.00191 -1.74344
104.95 5.00008 1.00191 -1.74344
105 5.00008 1.00191 -1.74344
105.05 5.00008 1.00191 -1.74344
105.1 4.99998 1.00131 -1.73974
105.15 4.99998 1.00131 -1.73974
105.2 4.99998 1.00131 -1.73974
105.25 5.00008 1.00191 -1.73604
105.3 5.00008 1.00191 -1.73604
105.35 5.00008 1.00191 -1.73604
105.4 5.00008 1.00191 -1.73604
105.45 4.99998 1.00131 -1.73234
105.5 4.99998 1.00131 -1.73234
105.55 4.99998 1.00131 -1.73234
105.6 5.00008 1.00191 -1.72864
105.65 5.00008 1.00191 -1.72864
105.7 5.00008 1.00191 -1.72864
105.75 5.00008 1.00191 -1.72864
105.8 5.00008 1.00191 -1.72864
105.85 4.99998 1.00131 -1.72493
105.9 4.99998 1.00131 -1.72493
105.95 4.99998 1.00131 -1.72493
106 4.99998 1.00131 -1.72493
106.05 5.00008 1.00191 -1.72123
106.1 5.00008 1.00191 -1.72123
106.15 5.00008 1.00191 -1.72123
106.2 4.99999 1.0013 -1.71753
106.25 4.99999 1.0013 -1.71753
106.3 4.99999 1.0013 -1.71753
106.35 4.99999 1.0013 -1.71753
106.4 4.99999 1.0013 -1.71753
106.45 5.00008 1.00191 -1.71383
106.5 5.00008 1.00191 -1.71383
106.55 4.99999 1.0013 -1.71013
106.6 4.99999 1.0013 -1.71013
106.65 4.99999 1.0013 -1.71013
106.7 4.99999 1.0013 -1.71013
106.75 4.99999 1.0013 -1.71013
106.8 4.99999 1.0013 -1.71013
106.85 4.99999 1.0013 -1.70272
106.9 4.99999 1.0013 -1.70272
106.95 4.99999 1.0013 -1.70272
107 4.99999 1.0013 -1.70272
107.05 4.99999 1.0013 -1.70272
107.1 4.99999 1.0013 -1.70272
107.15 5.00007 1.00191 -1.69902
107.2 4.99999 1.0013 -1.69532
107.25 4.99999 1.0013 -1.69532
107.3 4.99999 1.0013 -1.69532
107.35 4.99999 1.0013 -1.69532
107.4 4.99999 1.0013 -1.69532
107.45 4.99999 1.0013 -1.69532
107.5 4.99999 1.0013 -1.69532
107.55 4.99999 1.0013 -1.68792
107.6 4.99999 1.0013 -1.68792
107.65 4.99999 1.0013 -1.68792
107.7 4.99999 1.0013 -1.68792
107.75 4.99999 1.0013 -1.68792
107.8 4.99999 1.0013 -1.68792
107.85 4.99999 1.0013 -1.68792
107.9 4.99992 1.0007 -1.68422
107.95 4.99999 1.0013 -1.68051
108 4.99999 1.0013 -1.68051
108.05 4.99999 1.0013 -1.68051
108.1 4.99999 1.0013 -1.68051
108.15 4.99999 1.0013 -1.68051
108.2 4.99992 1.0007 -1.67681
108.25 4.99999 1.0013 -1.67311
108.3 4.99999 1.0013 -1.67311
108.35 4.99999 1.0013 -1.67311
108.4 4.99999 1.0013 -1.67311
108.45 4.99999 1.0013 -1.67311
108.5 4.99992 1.0007 -1.66941
108.55 4.99998 1.0013 -1.66571
108.6 4.99998 1.0013 -1.66571
108.65 4.99998 1.0013 -1.66571
108.7 4.99998 1.0013 -1.66571
108.75 4.99998 1.0013 -1.66571
108.8 4.99998 1.0013 -1.66571
108.85 4.99993 1.0007 -1.66201
108.9 4.99998 1.00131 -1.65831
108.95 4.99998 1.00131 -1.65831
109 4.99998 1.00131 -1.65831
109.05 4.99998 1.00131 -1.65831
109.1 4.99998 1.00131 -1.65831
109.15 4.99993 1.00069 -1.6546
109.2 4.99998 1.00131 -1.6509
109.25 4.99998 1.00131 -1.6509
109.3 4.99998 1.00131 -1.6509
109.35 4.99998 1.00131 -1.6509
109.4 4.99998 1.00131 -1.6509
109.45 4.99998 1.00131 -1.6509
109.5 4.99993 1.00069 -1.6472
109.55 4.99993 1.00069 -1.6472
109.6 4.99998 1.00131 -1.6435
109.65 4.99998 1.00131 -1.6435
109.7 4.99998 1.00131 -1.6435
109.75 4.99998 1.00131 -1.6435
109.8 4.99993 1.00069 -1.6398
109.85 4.99993 1.00069 -1.6398
109.9 4.99997 1.00131 -1.6361
109.95 4.99997 1.00131 -1.6361
110 4.99997 1.00131 -1.6361
110.05 4.99997 1.00131 -1.6361
110.1 4.99993 1.00069 -1.63239
110.15 4.99993 1.00069 -1.63239
110.2 4.99997 1.00131 -1.62869
110.25 4.99997 1.00131 -1.62869
110.3 4.99997 1.00131 -1.62869
110.35 4.99997 1.00131 -1.62869
110.4 4.99997 1.00131 -1.62869
110.45 4.99994 1.00069 -1.62499
110.5 4.99994 1.00069 -1.62499
110.55 4.99997 1.00131 -1.62129
110.6 4.99997 1.00131 -1.62129
110.65 4.99997 1.00131 -1.62129
110.7 4.99997 1.00131 -1.62129
110.75 4.99997 1.00131 -1.62129
110.8 4.99994 1.00069 -1.61759
110.85 4.99994 1.00069 -1.61759
110.9 4.99994 1.00069 -1.61759
110.95 4.99997 1.00131 -1.61389
111 4.99997 1.00131 -1.61389
111.05 4.99997 1.00131 -1.61389
111.1 4.99994 1.00069 -1.61018
111.15 4.99994 1.00069 -1.61018
111.2 4.99994 1.00069 -1.61018
111.25 4.99997 1.00131 -1.60648
111.3 4.99997 1.00131 -1.60648
111.35 4.99997 1.00131 -1.60648
111.4 4.99997 1.00131 -1.60648
111.45 4.99994 1.00069 -1.60278
111.5 4.99994 1.00069 -1.60278
111.55 4.99994 1.00069 -1.60278
111.6 4.99996 1.00131 -1.59908
111.65 4.99996 1.00131 -1.59908
111.7 4.99996 1.00131 -1.59908
111.75 4.99996 1.00131 -1.59908
111.8 4.99996 1.00131 -1.59908
111.85 4.99995 1.00069 -1.59538
111.9 4.99995 1.00069 -1.59538
111.95 4.99995 1.00069 -1.59538
112 4.99995 1.00069 -1.59538
112.05 4.99996 1.00131 -1.59168
112.1 4.99996 1.00131 -1.59168
112.15 4.99996 1.00131 -1.59168
112.2 4.99995 1.00069 -1.58798
112.25 4.99995 1.00069 -1.58798
112.3 4.99995 1.00069 -1.58798
112.35 4.99995 1.00069 -1.58798
112.4 4.99996 1.00131 -1.58427
112.45 4.99996 1.00131 -1.58427
112.5 4.99996 1.00131 -1.58427
112.55 4.99996 1.00131 -1.58427
112.6 4.99995 1.00069 -1.58057
112.65 4.99995 1.00069 -1.58057
112.7 4.99995 1.00069 -1.58057
112.75 4.99995 1.00069 -1.58057
112.8 4.99995 1.00069 -1.58057
112.85 4.99996 1.00131 -1.57687
112.9 4.99996 1.00131 -1.57687
112.95 4.99995 1.00069 -1.57317
113 4.99995 1.00069 -1.57317
113.05 4.99995 1.00069 -1.57317
113.1 4.99995 1.00069 -1.57317
113.15 4.99995 1.00069 -1.57317
113.2 4.99995 1.00069 -1.57317
113.25 4.99995 1.00131 -1.56947
113.3 4.99995 1.00131 -1.56947
113.35 4.99996 1.00069 -1.56577
113.4 4.99996 1.00069 -1.56577
113.45 4.99996 1.00069 -1.56577
113.5 4.99996 1.00069 -1.56577
113.55 4.99996 1.00069 -1.56577
113.6 4.99996 1.00069 -1.56577
113.65 4.99996 1.00069 -1.56577
113.7 4.99995 1.00131 -1.56206
113.75 4.99995 1.00131 -1.56206
113.8 4.99996 1.00069 -1.55836
113.85 4.99996 1.00069 -1.55836
113.9 4.99996 1.00069 -1.55836
113.95 4.99996 1.00069 -1.55836
114 4.99996 1.00069 -1.55836
