4.5 5 1 -1.5708
4.5 5 1 -1.5708
4.55 5 1 -1.5708
4.55 5 1 -1.5708
4.6 5 1 -1.5708
4.65 5 1 -1.5708
4.65 5 1 -1.5708
4.7 5 1 -1.5708
4.75 5 1 -1.5708
4.8 5 1 -1.5708
4.8 5 1 -1.5708
4.85 5 1 -1.5708
4.9 5 1 -1.5708
4.95 5 1 -1.5708
4.95 5 1 -1.5708
5 5 1 -1.5708
5.05 5 1 -1.5708
5.1 5 1 -1.5708
5.15 5 1 -1.5708
5.15 5 1 -1.5708
5.2 5 1 -1.5708
5.2 5 1 -1.5708
5.25 5 1 -1.5708
5.3 5 1 -1.5708
5.3 5 1 -1.5708
5.35 5 1 -1.5708
5.35 5 1 -1.5708
5.4 5 1 -1.5708
5.45 5 1 -1.5708
5.5 5 1 -1.5708
5.55 5 1 -1.5708
5.6 5 1 -1.5708
5.6 5 1 -1.5708
5.65 5 1 -1.5708
5.7 5 1 -1.5708
5.7 5 1 -1.5708
5.75 5 1 -1.5708
5.75 5 1 -1.5708
5.8 5 1 -1.5708
5.8 5 1 -1.5708
5.85 5 1 -1.5708
5.85 5 1 -1.5708
5.9 5 1 -1.5708
5.9 5 1 -1.5708
5.95 5 1 -1.5708
5.95 5 1 -1.5708
6 5 1 -1.5708
6 5 1 -1.5708
6.05 5 1 -1.5708
6.05 5 1 -1.5708
6.1 5 1 -1.5708
6.1 5 1 -1.5708
6.15 5 1 -1.5708
6.15 5 1 -1.5708
6.2 5 1 -1.5708
6.2 5 1 -1.5708
6.25 5 1 -1.5708
6.25 5 1 -1.5708
6.3 5 1 -1.5708
6.3 5 1 -1.5708
6.35 5 1 -1.5708
6.35 5 1 -1.5708
6.4 5 1 -1.5708
6.4 5 1 -1.5708
6.45 5 1 -1.5708
6.45 5 1 -1.5708
6.5 5 1 -1.5708
6.55 5 1 -1.5708
6.6 5 1 -1.5708
6.6 5 1 -1.5708
6.65 5 1 -1.5708
6.7 5 1 -1.5708
6.75 5 1 -1.5708
6.75 5 1 -1.5708
6.8 5 1 -1.5708
6.85 5 1 -1.5708
6.85 5 1 -1.5708
6.9 5 1 -1.5708
6.95 5 1 -1.5708
6.95 5 1 -1.5708
7 5 1 -1.5708
7.05 5 1 -1.5708
7.05 5 1 -1.5708
7.1 5 1 -1.5708
7.1 5 1 -1.5708
7.15 5 1 -1.5708
7.15 5 1 -1.5708
7.2 5 1 -1.5708
7.2 5 1 -1.5708
7.25 5 1 -1.5708
7.25 5 1 -1.5708
7.3 5 1 -1.5708
7.3 5 1 -1.5708
7.35 5 1 -1.5708
7.4 5 1 -1.5708
7.45 5 1 -1.5708
7.5 5 1 -1.5708
7.5 5 1 -1.5708
7.55 5 1 -1.5708
7.55 5 1 -1.5708
7.6 5 1 -1.5708
7.6 5 1 -1.5708
7.65 5 1 -1.5708
7.7 5 1 -1.5708
7.7 5 1 -1.5708
7.75 5 1 -1.5708
7.75 5 1 -1.5708
7.8 5 1 -1.5708
7.8 5 1 -1.5708
7.85 5 1 -1.5708
7.85 5 1 -1.5708
7.9 5 1 -1.5708
7.9 5 1 -1.5708
7.95 5 1 -1.5708
8 5 1 -1.5708
8.05 5 1 -1.5708
8.05 5 1 -1.5708
8.1 5 1 -1.5708
8.15 5 1 -1.5708
8.2 5 1 -1.5708
8.25 5 1 -1.5708
8.25 5 1 -1.5708
8.3 5 1 -1.5708
8.3 5 1 -1.5708
8.35 5 1 -1.5708
8.4 5 1 -1.5708
8.4 5 1 -1.5708
8.45 5 1 -1.5708
8.45 5 1 -1.5708
8.5 5 1 -1.5708
8.55 5 1 -1.5708
8.6 5 1 -1.5708
8.65 5 1 -1.5708
8.65 5 1 -1.5708
8.7 5 1 -1.5708
8.7 5 1 -1.5708
8.75 5 1 -1.5708
8.75 5 1 -1.5708
8.8 5 1 -1.5708
8.8 5 1 -1.5708
8.85 5 1 -1.5708
8.85 5 1 -1.5708
8.9 5 1 -1.5708
8.95 5 1 -1.5708
9 5 1 -1.5708
9 5 1 -1.5708
9.05 5 1 -1.5708
9.05 5 1 -1.5708
9.1 5 1 -1.5708
9.15 5 1 -1.5708
9.15 5 1 -1.5708
9.2 5 1 -1.5708
9.2 5 1 -1.5708
9.25 5 1 -1.5708
9.3 5 1 -1.5708
9.3 5 1 -1.5708
9.35 5 1 -1.5708
9.35 5 1 -1.5708
9.4 5 1 -1.5708
9.45 5 1 -1.5708
9.45 5 1 -1.5708
9.5 5 1 -1.5708
9.5 5 1 -1.5708
9.55 5 1 -1.5708
9.55 5 1 -1.5708
9.6 5 1 -1.5708
9.6 5 1 -1.5708
9.65 5 1 -1.5708
9.65 5 1 -1.5708
9.7 5 1 -1.5708
9.7 5 1 -1.5708
9.75 5 1 -1.5708
9.75 5 1 -1.5708
9.8 5 1 -1.5708
9.8 5 1 -1.5708
9.85 5 1 -1.5708
9.9 5 1 -1.5708
9.9 5 1 -1.5708
9.95 5 1 -1.5708
9.95 5 1 -1.5708
10 5 1 -1.5708
10 5 1 -1.5708
10.05 5 1 -1.5708
10.05 5 1 -1.5708
10.1 5 1 -1.5708
10.15 5 1 -1.5708
10.15 5 1 -1.5708
10.2 5 1 -1.5708
10.2 5 1 -1.5708
10.25 5 1 -1.5708
10.25 5 1 -1.5708
10.3 5 1 -1.5708
10.3 5 1 -1.5708
10.35 5 1 -1.5708
10.35 5 1 -1.5708
10.4 5 1 -1.5708
10.4 5 1 -1.5708
10.45 5 1 -1.5708
10.45 5 1 -1.5708
10.5 5 1 -1.5708
10.5 5 1 -1.5708
10.55 5 1 -1.5708
10.55 5 1 -1.5708
10.6 5 1 -1.5708
10.6 5 1 -1.5708
10.65 5 1 -1.5708
10.65 5 1 -1.5708
10.7 5 1 -1.5708
10.75 5 1 -1.5708
10.75 5 1 -1.5708
10.8 5 1 -1.5708
10.8 5 1 -1.5708
10.85 5 1 -1.5708
10.85 5 1 -1.5708
10.9 5 1 -1.5708
10.95 5 1 -1.5708
10.95 5 1 -1.5708
11 5 1 -1.5708
11 5 1 -1.5708
11.05 5 1 -1.5708
11.05 5 1 -1.5708
11.1 5 1 -1.5708
11.1 5 1 -1.5708
11.15 5 1 -1.5708
11.15 5 1 -1.5708
11.2 5 1 -1.5708
11.2 5 1 -1.5708
11.25 5 1 -1.5708
11.25 5 1 -1.5708
11.3 5 1 -1.5708
11.3 5 1 -1.5708
11.35 5 1 -1.5708
11.35 5 1 -1.5708
11.4 5 1 -1.5708
11.45 5 1 -1.5708
11.5 5 1 -1.5708
11.5 5 1 -1.5708
11.55 5 1 -1.5708
11.55 5 1 -1.5708
11.6 5 1 -1.5708
11.6 5 1 -1.5708
11.65 5 1 -1.5708
11.65 5 1 -1.5708
11.7 5 1 -1.5708
11.7 5 1 -1.5708
11.75 5 1 -1.5708
11.8 5 1 -1.5708
11.8 5 1 -1.5708
11.85 5 1 -1.5708
11.85 5 1 -1.5708
11.9 5 1 -1.5708
11.95 5 1 -1.5708
12 5 1 -1.5708
12 5 1 -1.5708
12.05 5 1 -1.5708
12.05 5 1 -1.5708
12.1 5 1 -1.5708
12.15 5 1 -1.5708
12.15 5 1 -1.5708
12.2 5 1 -1.5708
12.25 5 1 -1.5708
12.25 5 1 -1.5708
12.3 5 1 -1.5708
12.35 5 1 -1.5708
12.4 5 1 -1.5708
12.4 5 1 -1.5708
12.45 5 1 -1.5708
12.45 5 1 -1.5708
12.5 5 1 -1.5708
12.5 5 1 -1.5708
12.55 5 1 -1.5708
12.55 5 1 -1.5708
12.6 5 1 -1.5708
12.65 5 1 -1.5708
12.65 5 1 -1.5708
12.7 5 1 -1.5708
12.7 5 1 -1.5708
12.75 5 1 -1.5708
12.75 5 1 -1.5708
12.8 5 1 -1.5708
12.8 5 1 -1.5708
12.85 5 1 -1.5708
12.85 5 1 -1.5708
12.9 5 1 -1.5708
12.95 5 1 -1.5708
13 5 1 -1.5708
13 5 1 -1.5708
13.05 5 1 -1.5708
13.1 5 1 -1.5708
13.15 5 1 -1.5708
13.2 5 1 -1.5708
13.2 5 1 -1.5708
13.25 5 1 -1.5708
13.25 5 1 -1.5708
13.3 5 1 -1.5708
13.35 5 1 -1.5708
13.35 5 1 -1.5708
13.4 5 1 -1.5708
13.4 5 1 -1.5708
13.45 5 1 -1.5708
13.45 5 1 -1.5708
13.5 5 1 -1.5708
13.5 5 1 -1.5708
13.55 5 1 -1.5708
13.6 5 1 -1.5708
13.65 5 1 -1.5708
13.65 5 1 -1.5708
13.7 5 1 -1.5708
13.7 5 1 -1.5708
13.75 5 1 -1.5708
13.75 5 1 -1.5708
13.8 5 1 -1.5708
13.85 5 1 -1.5708
13.85 5 1 -1.5708
13.9 5 1 -1.5708
13.9 5 1 -1.5708
13.95 5 1 -1.5708
13.95 5 1 -1.5708
14 5 1 -1.5708
14 5 1 -1.5708
14.05 5 1 -1.5708
14.05 5 1 -1.5708
14.1 5 1 -1.5708
14.15 5 1 -1.5708
14.15 5 1 -1.5708
14.2 5 1 -1.5708
14.2 5 1 -1.5708
14.25 5 1 -1.5708
14.25 5 1 -1.5708
14.3 5 1 -1.5708
14.35 5 1 -1.5708
14.4 5 1 -1.5708
14.45 5 1 -1.5708
14.45 5 1 -1.5708
14.5 5 1 -1.5708
14.5 5 1 -1.5708
14.55 5 1 -1.5708
14.6 5 1 -1.5708
14.6 5 1 -1.5708
14.65 5 1 -1.5708
14.65 5 1 -1.5708
14.7 5 1 -1.5708
14.7 5 1 -1.5708
14.75 5 1 -1.5708
14.8 5 1 -1.5708
14.85 5 1 -1.5708
14.85 5 1 -1.5708
14.9 5 1 -1.5708
14.9 5 1 -1.5708
14.95 5 1 -1.5708
15 5 1 -1.5708
15 5 1 -1.5708
15.05 5 1 -1.5708
15.05 5 1 -1.5708
15.1 5 1 -1.5708
15.1 5 1 -1.5708
15.15 5 1 -1.5708
15.15 5 1 -1.5708
15.2 5 1 -1.5708
15.25 5 1 -1.5708
15.3 5 1 -1.5708
15.35 5 1 -1.5708
15.35 5 1 -1.5708
15.4 5 1 -1.5708
15.4 5 1 -1.5708
15.45 5 1 -1.5708
15.45 5 1 -1.5708
15.5 5 1 -1.5708
15.55 5 1 -1.5708
15.55 5 1 -1.5708
15.6 5 1 -1.5708
15.6 5 1 -1.5708
15.65 5 1 -1.5708
15.65 5 1 -1.5708
15.7 5 1 -1.5708
15.7 5 1 -1.5708
15.75 5 1 -1.5708
15.75 5 1 -1.5708
15.8 5 1 -1.5708
15.8 5 1 -1.5708
15.85 5 1 -1.5708
15.9 5 1 -1.5708
15.9 5 1 -1.5708
15.95 5 1 -1.5708
15.95 5 1 -1.5708
16 5 1 -1.5708
16.05 5 1 -1.5708
16.05 5 1 -1.5708
16.1 5 1 -1.5708
16.15 5 1 -1.5708
16.2 5 1 -1.5708
16.2 5 1 -1.5708
16.25 5 1 -1.5708
16.25 5 1 -1.5708
16.3 5 1 -1.5708
16.35 5 1 -1.5708
16.4 5 1 -1.5708
16.4 5 1 -1.5708
16.45 5 1 -1.5708
16.45 5 1 -1.5708
16.5 5 1 -1.5708
16.55 5 1 -1.5708
16.55 5 1 -1.5708
16.6 5 1 -1.5708
16.6 5 1 -1.5708
16.65 5 1 -1.5708
16.65 5 1 -1.5708
16.7 5 1 -1.5708
16.7 5 1 -1.5708
16.75 5 1 -1.5708
16.75 5 1 -1.5708
16.8 5 1 -1.5708
16.85 5 1 -1.5708
16.85 5 1 -1.5708
16.9 5 1 -1.5708
16.95 5 1 -1.5708
17 5 1 -1.5708
17 5 1 -1.5708
17.05 5 1 -1.5708
17.05 5 1 -1.5708
17.1 5 1 -1.5708
17.1 5 1 -1.5708
17.15 5 1 -1.5708
17.15 5 1 -1.5708
17.2 5 1 -1.5708
17.25 5 1 -1.5708
17.25 5 1 -1.5708
17.3 5 1 -1.5708
17.3 5 1 -1.5708
17.35 5 1 -1.5708
17.4 5 1 -1.5708
17.45 5 1 -1.5708
17.45 5 1 -1.5708
17.5 5 1 -1.5708
17.55 5 1 -1.5708
17.55 5 1 -1.5708
17.6 5 1 -1.5708
17.65 5 1 -1.5708
17.65 5 1 -1.5708
17.7 5 1 -1.5708
17.75 5 1 -1.5708
17.75 5 1 -1.5708
17.8 5 1 -1.5708
17.85 5 1 -1.5708
17.9 5 1 -1.5708
17.9 5 1 -1.5708
17.95 5 1 -1.5708
17.95 5 1 -1.5708
18 5 1 -1.5708
18 5 1 -1.5708
18.05 5 1 -1.5708
18.05 5 1 -1.5708
18.1 5 1 -1.5708
18.15 5 1 -1.5708
18.15 5 1 -1.5708
18.2 5 1 -1.5708
18.2 5 1 -1.5708
18.25 5 1 -1.5708
18.25 5 1 -1.5708
18.3 5 1 -1.5708
18.3 5 1 -1.5708
18.35 5 1 -1.5708
18.35 5 1 -1.5708
18.4 5 1 -1.5708
18.4 5 1 -1.5708
18.45 5 1 -1.5708
18.5 5 1 -1.5708
18.5 5 1 -1.5708
18.55 5 1 -1.5708
18.55 5 1 -1.5708
18.6 5 1 -1.5708
18.6 5 1 -1.5708
18.65 5 1 -1.5708
18.65 5 1 -1.5708
18.7 5 1 -1.5708
18.7 5 1 -1.5708
18.75 5 1 -1.5708
18.8 5 1 -1.5708
18.85 5 1 -1.5708
18.9 5 1 -1.5708
18.95 5 1 -1.5708
19 5 1 -1.5708
19 5 1 -1.5708
19.05 5 1 -1.5708
19.1 5 1 -1.5708
19.1 5 1 -1.5708
19.15 5 1 -1.5708
19.2 5 1 -1.5708
19.2 5 1 -1.5708
19.25 5 1 -1.5708
19.25 5 1 -1.5708
19.3 5 1 -1.5708
19.35 5 1 -1.5708
19.35 5 1 -1.5708
19.4 5 1 -1.5708
19.45 5 1 -1.5708
19.45 5 1 -1.5708
19.5 5 1 -1.5708
19.5 5 1 -1.5708
19.55 5 1 -1.5708
19.55 5 1 -1.5708
19.6 5 1 -1.5708
19.6 5 1 -1.5708
19.65 5 1 -1.5708
19.7 5 1 -1.5708
19.7 5 1 -1.5708
19.75 5 1 -1.5708
19.75 5 1 -1.5708
19.8 5 1 -1.5708
19.85 5 1 -1.5708
19.85 5 1 -1.5708
19.9 5 1 -1.5708
19.95 5 1 -1.5708
19.95 5 1 -1.5708
20 5 1 -1.5708
20 5 1 -1.5708
20.05 5 1 -1.5708
20.05 5 1 -1.5708
20.1 5 1 -1.5708
20.1 5 1 -1.5708
20.15 5 1 -1.5708
20.15 5 1 -1.5708
20.2 5 1 -1.5708
20.25 5 1 -1.5708
20.25 5 1 -1.5708
20.3 5 1 -1.5708
20.35 5 1 -1.5708
20.4 5 1 -1.5708
20.4 5 1 -1.5708
20.45 5 1 -1.5708
20.45 5 1 -1.5708
20.5 5 1 -1.5708
20.5 5 1 -1.5708
20.55 5 1 -1.5708
20.55 5 1 -1.5708
20.6 5 1 -1.5708
20.6 5 1 -1.5708
20.65 5 1 -1.5708
20.65 5 1 -1.5708
20.7 5 1 -1.5708
20.7 5 1 -1.5708
20.75 5 1 -1.5708
20.75 5 1 -1.5708
20.8 5 1 -1.5708
20.8 5 1 -1.5708
20.85 5 1 -1.5708
20.85 5 1 -1.5708
20.9 5 1 -1.5708
20.9 5 1 -1.5708
20.95 5 1 -1.5708
20.95 5 1 -1.5708
21 5 1 -1.5708
21 5 1 -1.5708
21.05 5 1 -1.5708
21.05 5 1 -1.5708
21.1 5 1 -1.5708
21.1 5 1 -1.5708
21.15 5 1 -1.5708
21.2 5 1 -1.5708
21.25 5 1 -1.5708
21.25 5 1 -1.5708
21.3 5 1 -1.5708
21.3 5 1 -1.5708
21.35 5 1 -1.5708
21.35 5 1 -1.5708
21.4 5 1 -1.5708
21.45 5 1 -1.5708
21.5 5 1 -1.5708
21.5 5 1 -1.5708
21.55 5 1 -1.5708
21.55 5 1 -1.5708
21.6 5 1 -1.5708
21.65 5 1 -1.5708
21.65 5 1 -1.5708
21.7 5 1 -1.5708
21.7 5 1 -1.5708
21.75 5 1 -1.5708
21.75 5 1 -1.5708
21.8 5 1 -1.5708
21.8 5 1 -1.5708
21.85 5 1 -1.5708
21.85 5 1 -1.5708
21.9 5 1 -1.5708
21.9 5 1 -1.5708
21.95 5 1 -1.5708
22 5 1 -1.5708
22 5 1 -1.5708
22.05 5 1 -1.5708
22.05 5 1 -1.5708
22.1 5 1 -1.5708
22.15 5 1 -1.5708
22.15 5 1 -1.5708
22.2 5 1 -1.5708
22.25 5 1 -1.5708
22.25 5 1 -1.5708
22.3 5 1 -1.5708
22.35 5 1 -1.5708
22.35 5 1 -1.5708
22.4 5 1 -1.5708
22.4 5 1 -1.5708
22.45 5 1 -1.5708
22.45 5 1 -1.5708
22.5 5 1 -1.5708
22.5 5 1 -1.5708
22.55 5 1 -1.5708
22.55 5 1 -1.5708
22.6 5 1 -1.5708
22.6 5 1 -1.5708
22.65 5 1 -1.5708
22.65 5 1 -1.5708
22.7 5 1 -1.5708
22.75 5 1 -1.5708
22.75 5 1 -1.5708
22.8 5 1 -1.5708
22.8 5 1 -1.5708
22.85 5 1 -1.5708
22.9 5 1 -1.5708
22.95 5 1 -1.5708
22.95 5 1 -1.5708
23 5 1 -1.5708
23 5 1 -1.5708
23.05 5 1 -1.5708
23.05 5 1 -1.5708
23.1 5 1 -1.5708
23.1 5 1 -1.5708
23.15 5 1 -1.5708
23.15 5 1 -1.5708
23.2 5 1 -1.5708
23.2 5 1 -1.5708
23.25 5 1 -1.5708
23.25 5 1 -1.5708
23.3 5 1 -1.5708
23.35 5 1 -1.5708
23.35 5 1 -1.5708
23.4 5 1 -1.5708
23.45 5 1 -1.5708
23.45 5 1 -1.5708
23.5 5 1 -1.5708
23.5 5 1 -1.5708
23.55 5 1 -1.5708
23.55 5 1 -1.5708
23.6 5 1 -1.5708
23.6 5 1 -1.5708
23.65 5 1 -1.5708
23.65 5 1 -1.5708
23.7 5 1 -1.5708
23.75 5 1 -1.5708
23.8 5 1 -1.5708
23.8 5 1 -1.5708
23.85 5 1 -1.5708
23.85 5 1 -1.5708
23.9 5 1 -1.5708
23.95 5 1 -1.5708
23.95 5 1 -1.5708
24 5 1 -1.5708
24 5 1 -1.5708
24.05 5 1 -1.5708
24.05 5 1 -1.5708
24.1 5 1 -1.5708
24.15 5 1 -1.5708
24.2 5 1 -1.5708
24.25 5 1 -1.5708
24.25 5 1 -1.5708
24.3 5 1 -1.5708
24.35 5 1 -1.5708
24.35 5 1 -1.5708
24.4 5 1 -1.5708
24.45 5 1 -1.5708
24.5 5 1 -1.5708
24.55 5 1 -1.5708
24.6 5 1 -1.5708
24.65 5 1 -1.5708
24.7 5 1 -1.5708
24.7 5 1 -1.5708
24.75 5 1 -1.5708
24.75 5 1 -1.5708
24.8 5 1 -1.5708
24.8 5 1 -1.5708
24.85 5 1 -1.5708
24.9 5 1 -1.5708
24.9 5 1 -1.5708
24.95 5 1 -1.5708
24.95 5 1 -1.5708
25 5 1 -1.5708
25 5 1 -1.5708
25.05 5 1 -1.5708
25.05 5 1 -1.5708
25.1 5 1 -1.5708
25.1 5 1 -1.5708
25.15 5 1 -1.5708
25.2 5 1 -1.5708
25.25 5 1 -1.5708
25.25 5 1 -1.5708
25.3 5 1 -1.5708
25.35 5 1 -1.5708
25.4 5 1 -1.5708
25.4 5 1 -1.5708
25.45 5 1 -1.5708
25.45 5 1 -1.5708
25.5 5 1 -1.5708
25.5 5 1 -1.5708
25.55 5 1 -1.5708
25.55 5 1 -1.5708
25.6 5 1 -1.5708
25.65 5 1 -1.5708
25.65 5 1 -1.5708
25.7 5 1 -1.5708
25.7 5 1 -1.5708
25.75 5 1 -1.5708
25.8 5 1 -1.5708
25.8 5 1 -1.5708
25.85 5 1 -1.5708
25.9 5 1 -1.5708
25.9 5 1 -1.5708
25.95 5 1 -1.5708
26 5 1 -1.5708
26 5 1 -1.5708
26.05 5 1 -1.5708
26.1 5 1 -1.5708
26.1 5 1 -1.5708
26.15 5 1 -1.5708
26.15 5 1 -1.5708
26.2 5 1 -1.5708
26.2 5 1 -1.5708
26.25 5 1 -1.5708
26.3 5 1 -1.5708
26.35 5 1 -1.5708
26.35 5 1 -1.5708
26.4 5 1 -1.5708
26.45 5 1 -1.5708
26.45 5 1 -1.5708
26.5 5 1 -1.5708
26.5 5 1 -1.5708
26.55 5 1 -1.5708
26.55 5 1 -1.5708
26.6 5 1 -1.5708
26.6 5 1 -1.5708
26.65 5 1 -1.5708
26.7 5 1 -1.5708
26.7 5 1 -1.5708
26.75 5 1 -1.5708
26.75 5 1 -1.5708
26.8 5 1 -1.5708
26.8 5 1 -1.5708
26.85 5 1 -1.5708
26.85 5 1 -1.5708
26.9 5 1 -1.5708
26.95 5 1 -1.5708
26.95 5 1 -1.5708
27 5 1 -1.5708
27.05 5 1 -1.5708
27.05 5 1 -1.5708
27.1 5 1 -1.5708
27.15 5 1 -1.5708
27.2 5 1 -1.5708
27.25 5 1 -1.5708
27.25 5 1 -1.5708
27.3 5 1 -1.5708
27.3 5 1 -1.5708
27.35 5 1 -1.5708
27.4 5 1 -1.5708
27.4 5 1 -1.5708
27.45 5 1 -1.5708
27.45 5 1 -1.5708
27.5 5 1 -1.5708
27.5 5 1 -1.5708
27.55 5 1 -1.5708
27.6 5 1 -1.5708
27.6 5 1 -1.5708
27.65 5 1 -1.5708
27.7 5 1 -1.5708
27.7 5 1 -1.5708
27.75 5 1 -1.5708
27.75 5 1 -1.5708
27.8 5 1 -1.5708
27.8 5 1 -1.5708
27.85 5 1 -1.5708
27.85 5 1 -1.5708
27.9 5 1 -1.5708
27.9 5 1 -1.5708
27.95 5 1 -1.5708
28 5 1 -1.5708
28.05 5 1 -1.5708
28.05 5 1 -1.5708
28.1 5 1 -1.5708
28.15 5 1 -1.5708
28.2 5 1 -1.5708
28.25 5 1 -1.5708
28.3 5 1 -1.5708
28.3 5 1 -1.5708
28.35 5 1 -1.5708
28.35 5 1 -1.5708
28.4 5 1 -1.5708
28.4 5 1 -1.5708
28.45 5 1 -1.5708
28.45 5 1 -1.5708
28.5 5 1 -1.5708
28.5 5 1 -1.5708
28.55 5 1 -1.5708
28.6 5 1 -1.5708
28.6 5 1 -1.5708
28.65 5 1 -1.5708
28.65 5 1 -1.5708
28.7 5 1 -1.5708
28.7 5 1 -1.5708
28.75 5 1 -1.5708
28.75 5 1 -1.5708
28.8 5 1 -1.5708
28.85 5 1 -1.5708
28.85 5 1 -1.5708
28.9 5 1 -1.5708
28.95 5 1 -1.5708
28.95 5 1 -1.5708
29 5 1 -1.5708
29 5 1 -1.5708
29.05 5 1 -1.5708
29.05 5 1 -1.5708
29.1 5 1 -1.5708
29.1 5 1 -1.5708
29.15 5 1 -1.5708
29.2 5 1 -1.5708
29.25 5 1 -1.5708
29.3 5 1 -1.5708
29.3 5 1 -1.5708
29.35 5 1 -1.5708
29.35 5 1 -1.5708
29.4 5 1 -1.5708
29.45 5 1 -1.5708
29.45 5 1 -1.5708
29.5 5 1 -1.5708
29.5 5 1 -1.5708
29.55 5 1 -1.5708
29.55 5 1 -1.5708
29.6 5 1 -1.5708
29.6 5 1 -1.5708
29.65 5 1 -1.5708
29.65 5 1 -1.5708
29.7 5 1 -1.5708
29.75 5 1 -1.5708
29.75 5 1 -1.5708
29.8 5 1 -1.5708
29.85 5 1 -1.5708
29.9 5 1 -1.5708
29.9 5 1 -1.5708
29.95 5 1 -1.5708
29.95 5 1 -1.5708
30 5 1 -1.5708
30 5 1 -1.5708
30.05 5 1 -1.5708
30.05 5 1 -1.5708
30.1 5 1 -1.5708
30.1 5 1 -1.5708
30.15 5 1 -1.5708
30.2 5 1 -1.5708
30.25 5 1 -1.5708
30.25 5 1 -1.5708
30.3 5 1 -1.5708
30.35 5 1 -1.5708
30.35 5 1 -1.5708
30.4 5 1 -1.5708
30.4 5 1 -1.5708
30.45 5 1 -1.5708
30.45 5 1 -1.5708
30.5 5 1 -1.5708
30.55 5 1 -1.5708
30.55 5 1 -1.5708
30.6 5 1 -1.5708
30.6 5 1 -1.5708
30.65 5 1 -1.5708
30.7 5 1 -1.5708
30.75 5 1 -1.5708
30.75 5 1 -1.5708
30.8 5 1 -1.5708
30.85 5 1 -1.5708
30.9 5 1 -1.5708
30.9 5 1 -1.5708
30.95 5 1 -1.5708
31 5 1 -1.5708
31 5 1 -1.5708
31.05 5 1 -1.5708
31.1 5 1 -1.5708
31.1 5 1 -1.5708
31.15 5 1 -1.5708
31.2 5 1 -1.5708
31.25 5 1 -1.5708
31.3 5 1 -1.5708
31.3 5 1 -1.5708
31.35 5 1 -1.5708
31.35 5 1 -1.5708
31.4 5 1 -1.5708
31.4 5 1 -1.5708
31.45 5 1 -1.5708
31.45 5 1 -1.5708
31.5 5 1 -1.5708
31.55 5 1 -1.5708
31.55 5 1 -1.5708
31.6 5 1 -1.5708
31.6 5 1 -1.5708
31.65 5 1 -1.5708
31.7 5 1 -1.5708
31.7 5 1 -1.5708
31.75 5 1 -1.5708
31.75 5 1 -1.5708
31.8 5 1 -1.5708
31.8 5 1 -1.5708
31.85 5 1 -1.5708
31.85 5 1 -1.5708
31.9 5 1 -1.5708
31.95 5 1 -1.5708
32 5 1 -1.5708
32 5 1 -1.5708
32.05 5 1 -1.5708
32.05 5 1 -1.5708
32.1 5 1 -1.5708
32.1 5 1 -1.5708
32.15 5 1 -1.5708
32.15 5 1 -1.5708
32.2 5 1 -1.5708
32.25 5 1 -1.5708
32.25 5 1 -1.5708
32.3 5 1 -1.5708
32.3 5 1 -1.5708
32.35 5 1 -1.5708
32.35 5 1 -1.5708
32.4 5 1 -1.5708
32.4 5 1 -1.5708
32.45 5 1 -1.5708
32.45 5 1 -1.5708
32.5 5 1 -1.5708
32.55 5 1 -1.5708
32.55 5 1 -1.5708
32.6 5 1 -1.5708
32.65 5 1 -1.5708
32.65 5 1 -1.5708
32.7 5 1 -1.5708
32.7 5 1 -1.5708
32.75 5 1 -1.5708
32.75 5 1 -1.5708
32.8 5 1 -1.5708
32.85 5 1 -1.5708
32.85 5 1 -1.5708
32.9 5 1 -1.5708
32.9 5 1 -1.5708
32.95 5 1 -1.5708
33 5 1 -1.5708
33 5 1 -1.5708
33.05 5 1 -1.5708
33.05 5 1 -1.5708
33.1 5 1 -1.5708
33.15 5 1 -1.5708
33.15 5 1 -1.5708
33.2 5 1 -1.5708
33.2 5 1 -1.5708
33.25 5 1 -1.5708
33.25 5 1 -1.5708
33.3 5 1 -1.5708
33.35 5 1 -1.5708
33.35 5 1 -1.5708
33.4 5 1 -1.5708
33.4 5 1 -1.5708
33.45 5 1 -1.5708
33.45 5 1 -1.5708
33.5 5 1 -1.5708
33.5 5 1 -1.5708
33.55 5 1 -1.5708
33.6 5 1 -1.5708
33.65 5 1 -1.5708
33.65 5 1 -1.5708
33.7 5 1 -1.5708
33.7 5 1 -1.5708
33.75 5 1 -1.5708
33.75 5 1 -1.5708
33.8 5 1 -1.5708
33.8 5 1 -1.5708
33.85 5 1 -1.5708
33.9 5 1 -1.5708
33.9 5 1 -1.5708
33.95 5 1 -1.5708
33.95 5 1 -1.5708
34 5 1 -1.5708
34 5 1 -1.5708
34.05 5 1 -1.5708
34.1 5 1 -1.5708
34.1 5 1 -1.5708
34.15 5 1 -1.5708
34.15 5 1 -1.5708
34.2 5 1 -1.5708
34.2 5 1 -1.5708
34.25 5 1 -1.5708
34.3 5 1 -1.5708
34.3 5 1 -1.5708
34.35 5 1 -1.5708
34.4 5 1 -1.5708
34.4 5 1 -1.5708
34.45 5 1 -1.5708
34.45 5 1 -1.5708
34.5 5 1 -1.5708
34.55 5 1 -1.5708
34.55 5 1 -1.5708
34.6 5 1 -1.5708
34.6 5 1 -1.5708
34.65 5 1 -1.5708
34.65 5 1 -1.5708
34.7 5 1 -1.5708
34.7 5 1 -1.5708
34.75 5 1 -1.5708
34.75 5 1 -1.5708
34.8 5 1 -1.5708
34.85 5 1 -1.5708
34.9 5 1 -1.5708
34.95 5 1 -1.5708
35 5 1 -1.5708
35 5 1 -1.5708
35.05 5 1 -1.5708
35.05 5 1 -1.5708
35.1 5 1 -1.5708
35.1 5 1 -1.5708
35.15 5 1 -1.5708
35.2 5 1 -1.5708
35.2 5 1 -1.5708
35.25 5 1 -1.5708
35.3 5 1 -1.5708
35.3 5 1 -1.5708
35.35 5 1 -1.5708
35.4 5 1 -1.5708
35.45 5 1 -1.5708
35.5 5 1 -1.5708
35.55 5 1 -1.5708
35.55 5 1 -1.5708
35.6 5 1 -1.5708
35.65 5 1 -1.5708
35.65 5 1 -1.5708
35.7 5 1 -1.5708
35.75 5 1 -1.5708
35.75 5 1 -1.5708
35.8 5 1 -1.5708
35.85 5 1 -1.5708
35.9 5 1 -1.5708
35.95 5 1 -1.5708
35.95 5 1 -1.5708
36 5 1 -1.5708
36.05 5 1 -1.5708
36.05 5 1 -1.5708
36.1 5 1 -1.5708
36.15 5 1 -1.5708
36.15 5 1 -1.5708
36.2 5 1 -1.5708
36.2 5 1 -1.5708
36.25 5 1 -1.5708
36.3 5 1 -1.5708
36.35 5 1 -1.5708
36.35 5 1 -1.5708
36.4 5 1 -1.5708
36.45 5 1 -1.5708
36.45 5 1 -1.5708
36.5 5 1 -1.5708
36.5 5 1 -1.5708
36.55 5 1 -1.5708
36.55 5 1 -1.5708
36.6 5 1 -1.5708
36.6 5 1 -1.5708
36.65 5 1 -1.5708
36.65 5 1 -1.5708
36.7 5 1 -1.5708
36.7 5 1 -1.5708
36.75 5 1 -1.5708
36.75 5 1 -1.5708
36.8 5 1 -1.5708
36.85 5 1 -1.5708
36.9 5 1 -1.5708
36.95 5 1 -1.5708
36.95 5 1 -1.5708
37 5 1 -1.5708
37 5 1 -1.5708
37.05 5 1 -1.5708
37.05 5 1 -1.5708
37.1 5 1 -1.5708
37.1 5 1 -1.5708
37.15 5 1 -1.5708
37.2 5 1 -1.5708
37.25 5 1 -1.5708
37.3 5 1 -1.5708
37.3 5 1 -1.5708
37.35 5 1 -1.5708
37.4 5 1 -1.5708
37.4 5 1 -1.5708
37.45 5 1 -1.5708
37.5 5 1 -1.5708
37.5 5 1 -1.5708
37.55 5 1 -1.5708
37.6 5 1 -1.5708
37.6 5 1 -1.5708
37.65 5 1 -1.5708
37.65 5 1 -1.5708
37.7 5 1 -1.5708
37.7 5 1 -1.5708
37.75 5 1 -1.5708
37.8 5 1 -1.5708
37.8 5 1 -1.5708
37.85 5 1 -1.5708
37.85 5 1 -1.5708
37.9 5 1 -1.5708
37.95 5 1 -1.5708
37.95 5 1 -1.5708
38 5 1 -1.5708
38 5 1 -1.5708
38.05 5 1 -1.5708
38.05 5 1 -1.5708
38.1 5 1 -1.5708
38.1 5 1 -1.5708
38.15 5 1 -1.5708
38.15 5 1 -1.5708
38.2 5 1 -1.5708
38.25 5 1 -1.5708
38.3 5 1 -1.5708
38.3 5 1 -1.5708
38.35 5 1 -1.5708
38.35 5 1 -1.5708
38.4 5 1 -1.5708
38.4 5 1 -1.5708
38.45 5 1 -1.5708
38.45 5 1 -1.5708
38.5 5 1 -1.5708
38.55 5 1 -1.5708
38.55 5 1 -1.5708
38.6 5 1 -1.5708
38.65 5 1 -1.5708
38.7 5 1 -1.5708
38.75 5 1 -1.5708
38.8 5 1 -1.5708
38.8 5 1 -1.5708
38.85 5 1 -1.5708
38.85 5 1 -1.5708
38.9 5 1 -1.5708
38.95 5 1 -1.5708
38.95 5 1 -1.5708
39 5 1 -1.5708
39.05 5 1 -1.5708
39.05 5 1 -1.5708
39.1 5 1 -1.5708
39.1 5 1 -1.5708
39.15 5 1 -1.5708
39.15 5 1 -1.5708
39.2 5 1 -1.5708
39.2 5 1 -1.5708
39.25 5 1 -1.5708
39.3 5 1 -1.5708
39.35 5 1 -1.5708
39.35 5 1 -1.5708
39.4 5 1 -1.5708
39.4 5 1 -1.5708
39.45 5 1 -1.5708
39.45 5 1 -1.5708
39.5 5 1 -1.5708
39.5 5 1 -1.5708
39.55 5 1 -1.5708
39.55 5 1 -1.5708
39.6 5 1 -1.5708
39.6 5 1 -1.5708
39.65 5 1 -1.5708
39.65 5 1 -1.5708
39.7 5 1 -1.5708
39.7 5 1 -1.5708
39.75 5 1 -1.5708
39.75 5 1 -1.5708
39.8 5 1 -1.5708
39.8 5 1 -1.5708
39.85 5 1 -1.5708
39.85 5 1 -1.5708
39.9 5 1 -1.5708
39.95 5 1 -1.5708
39.95 5 1 -1.5708
40 5 1 -1.5708
40 5 1 -1.5708
40.05 5 1 -1.5708
40.05 5 1 -1.5708
40.1 5 1 -1.5708
40.1 5 1 -1.5708
40.15 5 1 -1.5708
40.15 5 1 -1.5708
40.2 5 1 -1.5708
40.2 5 1 -1.5708
40.25 5 1 -1.5708
40.25 5 1 -1.5708
40.3 5 1 -1.5708
40.3 5 1 -1.5708
40.35 5 1 -1.5708
40.4 5 1 -1.5708
40.4 5 1 -1.5708
40.45 5 1 -1.5708
40.45 5 1 -1.5708
40.5 5 1 -1.5708
40.5 5 1 -1.5708
40.55 5 1 -1.5708
40.6 5 1 -1.5708
40.65 5 1 -1.5708
40.65 5 1 -1.5708
40.7 5 1 -1.5708
40.75 5 1 -1.5708
40.8 5 1 -1.5708
40.8 5 1 -1.5708
40.85 5 1 -1.5708
40.85 5 1 -1.5708
40.9 5 1 -1.5708
40.9 5 1 -1.5708
40.95 5 1 -1.5708
40.95 5 1 -1.5708
41 5 1 -1.5708
41.05 5 1 -1.5708
41.1 5 1 -1.5708
41.15 5 1 -1.5708
41.2 5 1 -1.5708
41.2 5 1 -1.5708
41.25 5 1 -1.5708
41.3 5 1 -1.5708
41.35 5 1 -1.5708
41.4 5 1 -1.5708
41.4 5 1 -1.5708
41.45 5 1 -1.5708
41.45 5 1 -1.5708
41.5 5 1 -1.5708
41.5 5 1 -1.5708
41.55 5 1 -1.5708
41.6 5 1 -1.5708
41.65 5 1 -1.5708
41.65 5 1 -1.5708
41.7 5 1 -1.5708
41.7 5 1 -1.5708
41.75 5 1 -1.5708
41.8 5 1 -1.5708
41.85 5 1 -1.5708
41.85 5 1 -1.5708
41.9 5 1 -1.5708
41.95 5 1 -1.5708
41.95 5 1 -1.5708
42 5 1 -1.5708
42 5 1 -1.5708
42.05 5 1 -1.5708
42.1 5 1 -1.5708
42.1 5 1 -1.5708
42.15 5 1 -1.5708
42.2 5 1 -1.5708
42.25 5 1 -1.5708
42.3 5 1 -1.5708
42.35 5 1 -1.5708
42.35 5 1 -1.5708
42.4 5 1 -1.5708
42.4 5 1 -1.5708
42.45 5 1 -1.5708
42.45 5 1 -1.5708
42.5 5 1 -1.5708
42.5 5 1 -1.5708
42.55 5 1 -1.5708
42.6 5 1 -1.5708
42.6 5 1 -1.5708
42.65 5 1 -1.5708
42.65 5 1 -1.5708
42.7 5 1 -1.5708
42.75 5 1 -1.5708
42.75 5 1 -1.5708
42.8 5 1 -1.5708
42.8 5 1 -1.5708
42.85 5 1 -1.5708
42.85 5 1 -1.5708
42.9 5 1 -1.5708
42.9 5 1 -1.5708
42.95 5 1 -1.5708
43 5 1 -1.5708
43.05 5 1 -1.5708
43.05 5 1 -1.5708
43.1 5 1 -1.5708
43.15 5 1 -1.5708
43.15 5 1 -1.5708
43.2 5 1 -1.5708
43.2 5 1 -1.5708
43.25 5 1 -1.5708
43.25 5 1 -1.5708
43.3 5 1 -1.5708
43.3 5 1 -1.5708
43.35 5 1 -1.5708
43.35 5 1 -1.5708
43.4 5 1 -1.5708
43.45 5 1 -1.5708
43.45 5 1 -1.5708
43.5 5 1 -1.5708
43.55 5 1 -1.5708
43.55 5 1 -1.5708
43.6 5 1 -1.5708
43.6 5 1 -1.5708
43.65 5 1 -1.5708
43.65 5 1 -1.5708
43.7 5 1 -1.5708
43.7 5 1 -1.5708
43.75 5 1 -1.5708
43.8 5 1 -1.5708
43.8 5 1 -1.5708
43.85 5 1 -1.5708
43.85 5 1 -1.5708
43.9 5 1 -1.5708
43.9 5 1 -1.5708
43.95 5 1 -1.5708
44 5 1 -1.5708
44 5 1 -1.5708
44.05 5 1 -1.5708
44.05 5 1 -1.5708
44.1 5 1 -1.5708
44.1 5 1 -1.5708
44.15 5 1 -1.5708
44.2 5 1 -1.5708
44.25 5 1 -1.5708
44.25 5 1 -1.5708
44.3 5 1 -1.5708
44.3 5 1 -1.5708
44.35 5 1 -1.5708
44.35 5 1 -1.5708
44.4 5 1 -1.5708
44.45 5 1 -1.5708
44.5 5 1 -1.5708
44.55 5 1 -1.5708
44.55 5 1 -1.5708
44.6 5 1 -1.5708
44.6 5 1 -1.5708
44.65 5 1 -1.5708
44.65 5 1 -1.5708
44.7 5 1 -1.5708
44.7 5 1 -1.5708
44.75 5 1 -1.5708
44.75 5 1 -1.5708
44.8 5 1 -1.5708
44.8 5 1 -1.5708
44.85 5 1 -1.5708
44.85 5 1 -1.5708
44.9 5 1 -1.5708
44.9 5 1 -1.5708
44.95 5 1 -1.5708
44.95 5 1 -1.5708
45 5 1 -1.5708
45.05 5 1 -1.5708
45.1 5 1 -1.5708
45.1 5 1 -1.5708
45.15 5 1 -1.5708
45.15 5 1 -1.5708
45.2 5 1 -1.5708
45.2 5 1 -1.5708
45.25 5 1 -1.5708
45.3 5 1 -1.5708
45.35 5 1 -1.5708
45.35 5 1 -1.5708
45.4 5 1 -1.5708
45.4 5 1 -1.5708
45.45 5 1 -1.5708
45.45 5 1 -1.5708
45.5 5 1 -1.5708
45.5 5 1 -1.5708
45.55 5 1 -1.5708
45.6 5 1 -1.5708
45.6 5 1 -1.5708
45.65 5 1 -1.5708
45.7 5 1 -1.5708
45.75 5 1 -1.5708
45.75 5 1 -1.5708
45.8 5 1 -1.5708
45.8 5 1 -1.5708
45.85 5 1 -1.5708
45.85 5 1 -1.5708
45.9 5 1 -1.5708
45.95 5 1 -1.5708
46 5 1 -1.5708
46 5 1 -1.5708
46.05 5 1 -1.5708
46.05 5 1 -1.5708
46.1 5 1 -1.5708
46.15 5 1 -1.5708
46.15 5 1 -1.5708
46.2 5 1 -1.5708
46.2 5 1 -1.5708
46.25 5 1 -1.5708
46.25 5 1 -1.5708
46.3 5 1 -1.5708
46.35 5 1 -1.5708
46.35 5 1 -1.5708
46.4 5 1 -1.5708
46.45 5 1 -1.5708
46.45 5 1 -1.5708
46.5 5 1 -1.5708
46.55 5 1 -1.5708
46.55 5 1 -1.5708
46.6 5 1 -1.5708
46.6 5 1 -1.5708
46.65 5 1 -1.5708
46.65 5 1 -1.5708
46.7 5 1 -1.5708
46.7 5 1 -1.5708
46.75 5 1 -1.5708
46.75 5 1 -1.5708
46.8 5 1 -1.5708
46.8 5 1 -1.5708
46.85 5 1 -1.5708
46.85 5 1 -1.5708
46.9 5 1 -1.5708
46.9 5 1 -1.5708
46.95 5 1 -1.5708
46.95 5 1 -1.5708
47 5 1 -1.5708
47 5 1 -1.5708
47.05 5 1 -1.5708
47.05 5 1 -1.5708
47.1 5 1 -1.5708
47.15 5 1 -1.5708
47.15 5 1 -1.5708
47.2 5 1 -1.5708
47.2 5 1 -1.5708
47.25 5 1 -1.5708
47.25 5 1 -1.5708
47.3 5 1 -1.5708
47.3 5 1 -1.5708
47.35 5 1 -1.5708
47.35 5 1 -1.5708
47.4 5 1 -1.5708
47.4 5 1 -1.5708
47.45 5 1 -1.5708
47.45 5 1 -1.5708
47.5 5 1 -1.5708
47.5 5 1 -1.5708
47.55 5 1 -1.5708
47.6 5 1 -1.5708
47.6 5 1 -1.5708
47.65 5 1 -1.5708
47.65 5 1 -1.5708
47.7 5 1 -1.5708
47.75 5 1 -1.5708
47.8 5 1 -1.5708
47.85 5 1 -1.5708
47.85 5 1 -1.5708
47.9 5 1 -1.5708
47.9 5 1 -1.5708
47.95 5 1 -1.5708
47.95 5 1 -1.5708
48 5 1 -1.5708
48 5 1 -1.5708
48.05 5 1 -1.5708
48.1 5 1 -1.5708
48.1 5 1 -1.5708
48.15 5 1 -1.5708
48.15 5 1 -1.5708
48.2 5 1 -1.5708
48.25 5 1 -1.5708
48.25 5 1 -1.5708
48.3 5 1 -1.5708
48.35 5 1 -1.5708
48.4 5 1 -1.5708
48.4 5 1 -1.5708
48.45 5 1 -1.5708
48.45 5 1 -1.5708
48.5 5 1 -1.5708
48.55 5 1 -1.5708
48.55 5 1 -1.5708
48.6 5 1 -1.5708
48.65 5 1 -1.5708
48.65 5 1 -1.5708
48.7 5 1 -1.5708
48.7 5 1 -1.5708
48.75 5 1 -1.5708
48.75 5 1 -1.5708
48.8 5 1 -1.5708
48.85 5 1 -1.5708
48.9 5 1 -1.5708
48.9 5 1 -1.5708
48.95 5 1 -1.5708
48.95 5 1 -1.5708
49 5 1 -1.5708
49 5 1 -1.5708
49.05 5 1 -1.5708
49.05 5 1 -1.5708
49.1 5 1 -1.5708
49.15 5 1 -1.5708
49.15 5 1 -1.5708
49.2 5 1 -1.5708
49.2 5 1 -1.5708
49.25 5 1 -1.5708
49.25 5 1 -1.5708
49.3 5 1 -1.5708
49.3 5 1 -1.5708
49.35 5 1 -1.5708
49.4 5 1 -1.5708
49.4 5 1 -1.5708
49.45 5 1 -1.5708
49.45 5 1 -1.5708
49.5 5 1 -1.5708
49.5 5 1 -1.5708
49.55 5 1 -1.5708
49.55 5 1 -1.5708
49.6 5 1 -1.5708
49.6 5 1 -1.5708
49.65 5 1 -1.5708
49.65 5 1 -1.5708
49.7 5 1 -1.5708
49.7 5 1 -1.5708
49.75 5 1 -1.5708
49.8 5 1 -1.5708
49.8 5 1 -1.5708
49.85 5 1 -1.5708
49.85 5 1 -1.5708
49.9 5 1 -1.5708
49.9 5 1 -1.5708
49.95 5 1 -1.5708
49.95 5 1 -1.5708
50 5 1 -1.5708
50.05 5 1 -1.5708
50.05 5 1 -1.5708
50.1 5 1 -1.5708
50.1 5 1 -1.5708
50.15 5 1 -1.5708
50.2 5 1 -1.5708
50.2 5 1 -1.5708
50.25 5 1 -1.5708
50.25 5 1 -1.5708
50.3 5 1 -1.5708
50.3 5 1 -1.5708
50.35 5 1 -1.5708
50.35 5 1 -1.5708
50.4 5 1 -1.5708
50.4 5 1 -1.5708
50.45 5 1 -1.5708
50.5 5 1 -1.5708
50.5 5 1 -1.5708
50.55 5 1 -1.5708
50.6 5 1 -1.5708
50.6 5 1 -1.5708
50.65 5 1 -1.5708
50.65 5 1 -1.5708
50.7 5 1 -1.5708
50.75 5 1 -1.5708
50.75 5 1 -1.5708
50.8 5 1 -1.5708
50.85 5 1 -1.5708
50.9 5 1 -1.5708
50.95 5 1 -1.5708
51 5 1 -1.5708
51.05 5 1 -1.5708
51.05 5 1 -1.5708
51.1 5 1 -1.5708
51.15 5 1 -1.5708
51.2 5 1 -1.5708
51.2 5 1 -1.5708
51.25 5 1 -1.5708
51.25 5 1 -1.5708
51.3 5 1 -1.5708
51.3 5 1 -1.5708
51.35 5 1 -1.5708
51.35 5 1 -1.5708
51.4 5 1 -1.5708
51.4 5 1 -1.5708
51.45 5 1 -1.5708
51.45 5 1 -1.5708
51.5 5 1 -1.5708
51.55 5 1 -1.5708
51.55 5 1 -1.5708
51.6 5 1 -1.5708
51.65 5 1 -1.5708
51.65 5 1 -1.5708
51.7 5 1 -1.5708
51.7 5 1 -1.5708
51.75 5 1 -1.5708
51.75 5 1 -1.5708
51.8 5 1 -1.5708
51.8 5 1 -1.5708
51.85 5 1 -1.5708
51.85 5 1 -1.5708
51.9 5 1 -1.5708
51.9 5 1 -1.5708
51.95 5 1 -1.5708
52 5 1 -1.5708
52.05 5 1 -1.5708
52.05 5 1 -1.5708
52.1 5 1 -1.5708
52.1 5 1 -1.5708
52.15 5 1 -1.5708
52.15 5 1 -1.5708
52.2 5 1 -1.5708
52.25 5 1 -1.5708
52.25 5 1 -1.5708
52.3 5 1 -1.5708
52.35 5 1 -1.5708
52.4 5 1 -1.5708
52.45 5 1 -1.5708
52.5 5 1 -1.5708
52.55 5 1 -1.5708
52.55 5 1 -1.5708
52.6 5 1 -1.5708
52.65 5 1 -1.5708
52.7 5 1 -1.5708
52.7 5 1 -1.5708
52.75 5 1 -1.5708
52.8 5 1 -1.5708
52.85 5 1 -1.5708
52.85 5 1 -1.5708
52.9 5 1 -1.5708
52.9 5 1 -1.5708
