4.4 0 0 0
4.45 0.00306305 0 0.00370157
4.5 0.00980172 2.49438e-05 0
4.55 0.0196035 2.49438e-05 0
4.6 0.0330809 2.49438e-05 0
4.65 0.0514592 2.49438e-05 0
4.7 0.072288 2.49438e-05 0
4.75 0.097405 2.49438e-05 0.00370157
4.8 0.126198 0.000131522 0.00740315
4.85 0.158665 0.000371888 0.0185079
4.9 0.193578 0.00101812 0.0370157
4.95 0.229697 0.00235572 0.0629268
5 0.263935 0.00451307 0.0851362
5.05 0.298728 0.00748233 0.111047
5.1 0.332823 0.0112841 0.14066
5.15 0.36679 0.0160937 0.162869
5.2 0.399433 0.0214578 0.185079
5.25 0.431949 0.0275455 0.214691
5.3 0.464271 0.0345933 0.236901
5.35 0.496428 0.0423571 0.25911
5.4 0.528404 0.0508331 0.28132
5.45 0.560185 0.0600172 0.303529
5.5 0.592338 0.0700878 0.314634
5.55 0.624378 0.0805149 0.325739
5.6 0.655719 0.0911011 0.333142
5.65 0.686402 0.101719 0.344246
5.7 0.717543 0.112883 0.35165
5.75 0.748024 0.124067 0.362754
5.8 0.778379 0.135588 0.373859
5.85 0.808035 0.147222 0.381262
5.9 0.837603 0.159076 0.388665
5.95 0.866516 0.170915 0.39977
6 0.89586 0.183314 0.407173
6.05 0.923986 0.195444 0.414576
6.1 0.952022 0.207782 0.421979
6.15 0.980525 0.220578 0.433084
6.2 1.00833 0.233433 0.440487
6.25 1.03548 0.246232 0.451592
6.3 1.06249 0.259332 0.462697
6.35 1.08935 0.272731 0.473802
6.4 1.11606 0.286427 0.484906
6.45 1.14153 0.299848 0.496011
6.5 1.16686 0.313551 0.507116
6.55 1.19149 0.327237 0.521922
6.6 1.21645 0.341591 0.533027
6.65 1.24125 0.356222 0.536728
6.7 1.26547 0.370631 0.544131
6.75 1.28958 0.385219 0.551535
6.8 1.3141 0.400307 0.555236
6.85 1.33753 0.414839 0.566341
6.9 1.36079 0.42963 0.570042
6.95 1.38451 0.444838 0.577446
7 1.4071 0.459552 0.584849
7.05 1.43008 0.474771 0.58855
7.1 1.4525 0.489736 0.595953
7.15 1.47481 0.504865 0.603357
7.2 1.49701 0.52016 0.61076
7.25 1.51859 0.535267 0.614461
7.3 1.54011 0.550454 0.618163
7.35 1.56108 0.565365 0.625566
7.4 1.58243 0.58079 0.629268
7.45 1.60323 0.595933 0.636671
7.5 1.62442 0.611594 0.640372
7.55 1.64456 0.626601 0.644074
7.6 1.66464 0.641683 0.647776
7.65 1.68467 0.656839 0.651477
7.7 1.70416 0.671698 0.65888
7.75 1.72402 0.687075 0.662582
7.8 1.74382 0.702526 0.666283
7.85 1.76308 0.717671 0.673687
7.9 1.78223 0.732959 0.673687
7.95 1.8009 0.747864 0.677388
8 1.81952 0.762839 0.68109
8.05 1.83808 0.777882 0.684791
8.1 1.85659 0.792994 0.688493
8.15 1.87504 0.808174 0.692194
8.2 1.89296 0.823032 0.692194
8.25 1.91135 0.83828 0.695896
8.3 1.92875 0.852811 0.699598
8.35 1.94656 0.867801 0.699598
8.4 1.9639 0.882396 0.703299
8.45 1.98119 0.897055 0.707001
8.5 1.99889 0.912176 0.707001
8.55 2.01566 0.926502 0.707001
8.6 2.03289 0.941225 0.710702
8.65 2.0496 0.955612 0.710702
8.7 2.06632 0.969999 0.710702
8.75 2.08303 0.984387 0.718105
8.8 2.09964 0.998897 0.718105
8.85 2.11625 1.01341 0.718105
8.9 2.13194 1.02711 0.718105
8.95 2.14854 1.04162 0.718105
9 2.16469 1.05573 0.721807
9.05 2.18032 1.06949 0.721807
9.1 2.19642 1.08366 0.718105
9.15 2.2121 1.09736 0.718105
9.2 2.22825 1.11147 0.721807
9.25 2.24388 1.12523 0.721807
9.3 2.25906 1.13859 0.718105
9.35 2.27428 1.15189 0.721807
9.4 2.28992 1.16566 0.721807
9.45 2.30509 1.17901 0.718105
9.5 2.32032 1.19232 0.721807
9.55 2.33549 1.20567 0.718105
9.6 2.35071 1.21897 0.721807
9.65 2.36589 1.23233 0.718105
9.7 2.38065 1.24523 0.718105
9.75 2.39541 1.25813 0.718105
9.8 2.41064 1.27143 0.714404
9.85 2.42498 1.28387 0.710702
9.9 2.43984 1.29666 0.710702
9.95 2.4547 1.30945 0.710702
10 2.46909 1.32184 0.707001
10.05 2.48307 1.33378 0.707001
10.1 2.49797 1.34651 0.707001
10.15 2.51241 1.35885 0.703299
10.2 2.52689 1.37113 0.699598
10.25 2.54096 1.38296 0.699598
10.3 2.55549 1.39519 0.695896
10.35 2.56959 1.40697 0.695896
10.4 2.58417 1.41915 0.692194
10.45 2.59784 1.43049 0.688493
10.5 2.61203 1.44216 0.688493
10.55 2.62575 1.45345 0.684791
10.6 2.64046 1.46546 0.68109
10.65 2.65426 1.47665 0.677388
10.7 2.66811 1.48778 0.673687
10.75 2.68247 1.49925 0.673687
10.8 2.69636 1.51033 0.669985
10.85 2.71028 1.52136 0.666283
10.9 2.72377 1.53197 0.666283
10.95 2.73773 1.54295 0.662582
11 2.75126 1.5535 0.655179
11.05 2.76486 1.56395 0.655179
11.1 2.77894 1.57477 0.651477
11.15 2.79258 1.58518 0.644074
11.2 2.8063 1.59548 0.644074
11.25 2.82002 1.60577 0.636671
11.3 2.83332 1.61561 0.632969
11.35 2.84715 1.62576 0.632969
11.4 2.86098 1.6359 0.625566
11.45 2.87438 1.64559 0.621865
11.5 2.88783 1.65522 0.618163
11.55 2.90131 1.66481 0.614461
11.6 2.91482 1.67434 0.61076
11.65 2.92837 1.68383 0.607058
11.7 2.94146 1.69292 0.599655
11.75 2.95511 1.70225 0.595953
11.8 2.9688 1.71154 0.592252
11.85 2.98201 1.72043 0.584849
11.9 2.9953 1.72922 0.584849
11.95 3.00858 1.73801 0.577446
12 3.02192 1.74671 0.570042
12.05 3.03533 1.7553 0.570042
12.1 3.04874 1.7639 0.562639
12.15 3.06169 1.77207 0.558938
12.2 3.0752 1.78052 0.551535
12.25 3.08824 1.78854 0.547833
12.3 3.10184 1.79684 0.54043
12.35 3.11497 1.80472 0.536728
12.4 3.12813 1.81255 0.533027
12.45 3.14132 1.82033 0.529325
12.5 3.15454 1.82806 0.51822
12.55 3.16785 1.83565 0.514519
12.6 3.18065 1.84289 0.507116
12.65 3.19404 1.85032 0.503414
12.7 3.20691 1.85742 0.496011
12.75 3.22038 1.8647 0.492309
12.8 3.23334 1.87165 0.484906
12.85 3.24581 1.87822 0.481205
12.9 3.25938 1.88531 0.477503
12.95 3.27244 1.89207 0.4701
13 3.28555 1.89873 0.462697
13.05 3.29816 1.90502 0.458995
13.1 3.31134 1.91153 0.451592
13.15 3.32457 1.91795 0.444189
13.2 3.33729 1.924 0.440487
13.25 3.35003 1.93001 0.429383
13.3 3.36284 1.93588 0.425681
13.35 3.37568 1.94169 0.421979
13.4 3.38909 1.94772 0.414576
13.45 3.40143 1.95314 0.407173
13.5 3.41436 1.95872 0.403472
13.55 3.42732 1.96426 0.392367
13.6 3.44034 1.96964 0.388665
13.65 3.45281 1.97475 0.381262
13.7 3.46532 1.97977 0.373859
13.75 3.47787 1.98469 0.366456
13.8 3.49102 1.98974 0.362754
13.85 3.50363 1.99452 0.355351
13.9 3.51626 1.99921 0.347948
13.95 3.52893 2.0038 0.340545
14 3.54163 2.0083 0.333142
14.05 3.55379 2.01251 0.32944
14.1 3.56654 2.01687 0.322037
14.15 3.57933 2.02114 0.314634
14.2 3.59098 2.02493 0.307231
14.25 3.60383 2.029 0.299828
14.3 3.6167 2.03299 0.292424
14.35 3.62843 2.03652 0.285021
14.4 3.64137 2.04031 0.277618
14.45 3.65315 2.04367 0.270215
14.5 3.66555 2.0471 0.266513
14.55 3.67796 2.05049 0.255409
14.6 3.69041 2.05374 0.251707
14.65 3.70227 2.05679 0.244304
14.7 3.71476 2.0599 0.233199
14.75 3.72668 2.06273 0.225796
14.8 3.73921 2.06561 0.222094
14.85 3.75117 2.06831 0.214691
14.9 3.76314 2.07092 0.207288
14.95 3.77513 2.07344 0.199885
15 3.78713 2.07588 0.192482
15.05 3.79916 2.07822 0.185079
15.1 3.8112 2.08047 0.177676
15.15 3.82266 2.08253 0.166571
15.2 3.83414 2.08446 0.162869
15.25 3.84623 2.08645 0.155466
15.3 3.85833 2.08835 0.148063
15.35 3.86985 2.09006 0.136958
15.4 3.88138 2.09165 0.133257
15.45 3.89291 2.0932 0.122152
15.5 3.90447 2.09462 0.11845
15.55 3.91602 2.09599 0.107346
15.6 3.9276 2.09724 0.103644
15.65 3.93917 2.09844 0.0925394
15.7 3.95015 2.09946 0.0851362
15.75 3.96175 2.10045 0.0814346
15.8 3.97335 2.1014 0.0703299
15.85 3.98435 2.10217 0.0629268
15.9 3.99536 2.10287 0.0555236
15.95 4.00637 2.10348 0.0481205
16 4.01799 2.10404 0.0370157
16.05 4.02901 2.10445 0.0296126
16.1 4.04003 2.10477 0.0222094
16.15 4.05106 2.10502 0.0148063
16.2 4.06208 2.10518 0.00740315
16.25 4.07311 2.10526 -6.245e-17
16.3 4.08414 2.10526 -0.00740315
16.35 4.09394 2.10519 -0.0148063
16.4 4.10497 2.10503 -0.0222094
16.45 4.11599 2.10478 -0.0296126
16.5 4.1264 2.10447 -0.0407173
16.55 4.1368 2.10405 -0.0444189
16.6 4.14721 2.10359 -0.0555236
16.65 4.15822 2.10298 -0.0629268
16.7 4.168 2.10236 -0.0703299
16.75 4.179 2.10158 -0.0777331
16.8 4.18877 2.10082 -0.0851362
16.85 4.19915 2.09994 -0.0962409
16.9 4.20891 2.099 -0.103644
16.95 4.21926 2.09792 -0.107346
17 4.22962 2.0968 -0.11845
17.05 4.23935 2.09564 -0.125854
17.1 4.24908 2.09441 -0.133257
17.15 4.2594 2.09303 -0.144361
17.2 4.2691 2.09162 -0.151765
17.25 4.27879 2.09014 -0.159168
17.3 4.28847 2.08858 -0.166571
17.35 4.29813 2.08696 -0.173974
17.4 4.30779 2.08526 -0.181377
17.45 4.31682 2.08361 -0.192482
17.5 4.32644 2.08173 -0.199885
17.55 4.33605 2.07978 -0.207288
17.6 4.34564 2.07777 -0.214691
17.65 4.35402 2.07594 -0.222094
17.7 4.36358 2.07378 -0.229498
17.75 4.37253 2.07169 -0.240602
17.8 4.38205 2.06935 -0.248005
17.85 4.39037 2.06725 -0.255409
17.9 4.39985 2.06477 -0.262812
17.95 4.40813 2.06254 -0.270215
18 4.41699 2.06009 -0.28132
18.05 4.42582 2.05754 -0.285021
18.1 4.43463 2.05496 -0.296126
18.15 4.44284 2.05245 -0.303529
18.2 4.45161 2.04971 -0.314634
18.25 4.46034 2.04686 -0.318335
18.3 4.46849 2.04418 -0.325739
18.35 4.4772 2.04124 -0.336843
18.4 4.48529 2.0384 -0.344246
18.45 4.49336 2.03551 -0.35165
18.5 4.50142 2.03256 -0.359053
18.55 4.50944 2.02954 -0.366456
18.6 4.51745 2.02647 -0.373859
18.65 4.52544 2.02334 -0.381262
18.7 4.53283 2.02037 -0.392367
18.75 4.54075 2.01709 -0.39977
18.8 4.54865 2.01376 -0.407173
18.85 4.55653 2.01036 -0.414576
18.9 4.56382 2.00715 -0.425681
18.95 4.57163 2.00361 -0.433084
19 4.57886 2.00027 -0.436786
19.05 4.58607 1.9969 -0.447891
19.1 4.5938 1.99318 -0.455294
19.15 4.60096 1.98968 -0.466398
19.2 4.60807 1.9861 -0.4701
19.25 4.61517 1.98249 -0.481205
19.3 4.62169 1.97909 -0.488608
19.35 4.62926 1.97507 -0.496011
19.4 4.63573 1.97157 -0.503414
19.45 4.6427 1.96772 -0.514519
19.5 4.64963 1.96381 -0.51822
19.55 4.65602 1.96016 -0.525624
19.6 4.66291 1.95617 -0.536728
19.65 4.66923 1.95241 -0.544131
19.7 4.67552 1.9486 -0.551535
19.75 4.68178 1.94475 -0.558938
19.8 4.68853 1.94053 -0.570042
19.85 4.69472 1.93656 -0.577446
19.9 4.70088 1.93255 -0.584849
19.95 4.70701 1.92849 -0.592252
20 4.71311 1.92439 -0.599655
20.05 4.71918 1.92024 -0.607058
20.1 4.72521 1.91604 -0.614461
20.15 4.73122 1.91181 -0.621865
20.2 4.7362 1.90824 -0.629268
20.25 4.74214 1.90391 -0.636671
20.3 4.74805 1.89954 -0.644074
20.35 4.75344 1.89549 -0.655179
20.4 4.75927 1.89101 -0.662582
20.45 4.76458 1.88687 -0.666283
20.5 4.76988 1.8827 -0.677388
20.55 4.77561 1.8781 -0.684791
20.6 4.78035 1.87422 -0.692194
20.65 4.78601 1.86953 -0.699598
20.7 4.7907 1.86559 -0.707001
20.75 4.79629 1.86081 -0.714404
20.8 4.80092 1.8568 -0.721807
20.85 4.80598 1.85234 -0.732912
20.9 4.81099 1.84784 -0.736613
20.95 4.81552 1.84372 -0.744016
21 4.82048 1.83916 -0.755121
21.05 4.82539 1.83454 -0.758823
21.1 4.82983 1.83032 -0.766226
21.15 4.83425 1.82607 -0.773629
21.2 4.83863 1.82179 -0.781032
21.25 4.84342 1.81705 -0.792137
21.3 4.84772 1.81269 -0.79954
21.35 4.85199 1.8083 -0.806943
21.4 4.85623 1.80387 -0.814346
21.45 4.86043 1.79942 -0.82175
21.5 4.8646 1.79493 -0.829153
21.55 4.86874 1.79041 -0.836556
21.6 4.87285 1.78587 -0.843959
21.65 4.87651 1.78175 -0.847661
21.7 4.88056 1.77715 -0.855064
21.75 4.88458 1.77253 -0.862467
21.8 4.88857 1.76788 -0.86987
21.85 4.89173 1.76413 -0.877273
21.9 4.89564 1.75942 -0.884676
21.95 4.89953 1.75468 -0.892079
22 4.90299 1.75039 -0.895781
22.05 4.90643 1.74608 -0.906886
22.1 4.91021 1.74126 -0.914289
22.15 4.9132 1.73738 -0.921692
22.2 4.9169 1.7325 -0.929095
22.25 4.9202 1.72808 -0.932797
22.3 4.92349 1.72365 -0.943901
22.35 4.92672 1.71919 -0.947603
22.4 4.92958 1.71521 -0.955006
22.45 4.93312 1.71021 -0.962409
22.5 4.93592 1.70618 -0.969812
22.55 4.93869 1.70214 -0.977216
22.6 4.94212 1.69706 -0.984619
22.65 4.94483 1.69298 -0.992022
22.7 4.94751 1.68888 -0.999425
22.75 4.95049 1.68424 -1.00313
22.8 4.95313 1.68011 -1.01053
22.85 4.95573 1.67596 -1.01793
22.9 4.9583 1.67179 -1.02534
22.95 4.96116 1.66707 -1.02904
23 4.96369 1.66287 -1.03644
23.05 4.96619 1.65866 -1.04384
23.1 4.96865 1.65442 -1.05125
23.15 4.97109 1.65017 -1.05865
23.2 4.97349 1.64589 -1.06605
23.25 4.97586 1.6416 -1.07346
23.3 4.9782 1.6373 -1.08086
23.35 4.9805 1.63297 -1.08826
23.4 4.98249 1.62917 -1.09196
23.45 4.98475 1.62482 -1.09937
23.5 4.98698 1.62046 -1.10677
23.55 4.98917 1.61608 -1.11417
23.6 4.99106 1.61223 -1.11788
23.65 4.9932 1.60782 -1.12528
23.7 4.99505 1.60395 -1.12898
23.75 4.99715 1.59952 -1.13638
23.8 4.99895 1.59563 -1.14749
23.85 5.00071 1.59172 -1.15119
23.9 5.00246 1.5878 -1.15489
23.95 5.00444 1.58332 -1.16229
24 5.0059 1.57995 -1.1697
24.05 5.00781 1.57544 -1.1771
24.1 5.00946 1.57148 -1.1808
24.15 5.01086 1.56808 -1.18821
24.2 5.01269 1.56353 -1.19561
24.25 5.01426 1.55954 -1.19931
24.3 5.01559 1.55611 -1.20671
24.35 5.01734 1.55153 -1.21412
24.4 5.01862 1.54809 -1.22152
24.45 5.02009 1.54406 -1.22522
24.5 5.02154 1.54003 -1.22892
24.55 5.02277 1.53656 -1.23633
24.6 5.02418 1.53251 -1.24003
24.65 5.02538 1.52904 -1.24743
24.7 5.02654 1.52555 -1.25483
24.75 5.02788 1.52148 -1.25854
24.8 5.029 1.51798 -1.26594
24.85 5.03029 1.51389 -1.26964
24.9 5.03138 1.51038 -1.27704
24.95 5.03245 1.50686 -1.28445
25 5.03366 1.50274 -1.28815
25.05 5.03468 1.49921 -1.29555
25.1 5.03568 1.49568 -1.30295
25.15 5.03682 1.49154 -1.30666
25.2 5.03762 1.48859 -1.31036
25.25 5.03856 1.48503 -1.31776
25.3 5.03948 1.48148 -1.32516
25.35 5.04038 1.47791 -1.33257
25.4 5.04124 1.47434 -1.33257
25.45 5.04211 1.47077 -1.33997
25.5 5.04281 1.46778 -1.34367
25.55 5.04364 1.4642 -1.35107
25.6 5.04444 1.46062 -1.35848
25.65 5.04509 1.45762 -1.36218
25.7 5.04585 1.45403 -1.36958
25.75 5.04658 1.45042 -1.36958
25.8 5.04732 1.44682 -1.37699
25.85 5.04791 1.44382 -1.38069
25.9 5.0486 1.44021 -1.38809
25.95 5.04916 1.4372 -1.39179
26 5.0497 1.43418 -1.39549
26.05 5.05034 1.43056 -1.4029
26.1 5.05086 1.42754 -1.4066
26.15 5.05146 1.42392 -1.414
26.2 5.05184 1.4215 -1.4214
26.25 5.0523 1.41847 -1.42511
26.3 5.05274 1.41544 -1.42881
26.35 5.05326 1.4118 -1.43621
26.4 5.05367 1.40876 -1.43991
26.45 5.05407 1.40572 -1.44361
26.5 5.05446 1.40269 -1.44732
26.55 5.05484 1.39965 -1.45102
26.6 5.05513 1.39721 -1.45842
26.65 5.05554 1.39356 -1.46582
26.7 5.05586 1.39052 -1.46953
26.75 5.05617 1.38747 -1.47323
26.8 5.05647 1.38442 -1.47693
26.85 5.0567 1.38198 -1.48433
26.9 5.05697 1.37893 -1.48803
26.95 5.05722 1.37588 -1.49173
27 5.05741 1.37343 -1.49914
27.05 5.05759 1.37099 -1.49914
27.1 5.05781 1.36793 -1.50284
27.15 5.05797 1.36549 -1.51024
27.2 5.05816 1.36243 -1.51394
27.25 5.05833 1.35937 -1.51765
27.3 5.05846 1.35693 -1.52505
27.35 5.0586 1.35387 -1.52875
27.4 5.05871 1.35142 -1.52875
27.45 5.05881 1.34897 -1.53615
27.5 5.05892 1.34591 -1.53985
27.55 5.05899 1.34346 -1.54726
27.6 5.05905 1.34101 -1.54726
27.65 5.05912 1.33795 -1.55096
27.7 5.05917 1.3355 -1.55836
27.75 5.0592 1.33305 -1.55836
27.8 5.05923 1.3306 -1.56577
27.85 5.05925 1.32753 -1.56947
27.9 5.05925 1.3257 -1.57317
27.95 5.05924 1.32263 -1.57687
28 5.05923 1.3208 -1.58057
28.05 5.0592 1.31773 -1.58427
28.1 5.05918 1.31589 -1.58798
28.15 5.05913 1.31344 -1.59538
28.2 5.05907 1.31099 -1.59538
28.25 5.05901 1.30855 -1.60278
28.3 5.05893 1.3061 -1.60278
28.35 5.05886 1.30365 -1.61018
28.4 5.05878 1.30181 -1.61389
28.45 5.05868 1.29936 -1.61389
28.5 5.05857 1.29691 -1.62129
28.55 5.05845 1.29447 -1.62129
28.6 5.05836 1.29263 -1.62499
28.65 5.05822 1.29018 -1.63239
28.7 5.05807 1.28774 -1.63239
28.75 5.05796 1.2859 -1.6361
28.8 5.0578 1.28346 -1.6435
28.85 5.05762 1.28101 -1.6435
28.9 5.05749 1.27918 -1.6472
28.95 5.05735 1.27735 -1.6509
29 5.0572 1.27552 -1.6546
29.05 5.05694 1.27247 -1.65831
29.1 5.05678 1.27063 -1.66201
29.15 5.05662 1.2688 -1.66571
29.2 5.05644 1.26697 -1.66941
29.25 5.0562 1.26454 -1.66941
29.3 5.05602 1.26271 -1.67311
29.35 5.05583 1.26088 -1.67681
29.4 5.05564 1.25905 -1.68051
29.45 5.05544 1.25722 -1.68422
29.5 5.05516 1.25479 -1.68422
29.55 5.05495 1.25296 -1.68792
29.6 5.05474 1.25114 -1.69162
29.65 5.05451 1.24931 -1.69532
29.7 5.05429 1.24749 -1.69902
29.75 5.05405 1.24567 -1.70272
29.8 5.05373 1.24324 -1.70272
29.85 5.05349 1.24142 -1.70643
29.9 5.05324 1.2396 -1.71013
29.95 5.05298 1.23778 -1.71383
30 5.05272 1.23596 -1.71753
30.05 5.05245 1.23414 -1.72123
30.1 5.05227 1.23293 -1.72123
30.15 5.05199 1.23111 -1.72493
30.2 5.05171 1.22929 -1.72864
30.25 5.05133 1.22687 -1.72864
30.3 5.05104 1.22506 -1.73234
30.35 5.05084 1.22385 -1.73234
30.4 5.05054 1.22204 -1.73604
30.45 5.05024 1.22022 -1.73974
30.5 5.04993 1.21841 -1.74344
30.55 5.04972 1.2172 -1.74344
30.6 5.04941 1.21539 -1.74714
30.65 5.04908 1.21358 -1.75084
30.7 5.04887 1.21238 -1.75084
30.75 5.04854 1.21057 -1.75455
30.8 5.0482 1.20876 -1.75825
30.85 5.04797 1.20756 -1.75825
30.9 5.04763 1.20576 -1.76195
30.95 5.0474 1.20455 -1.76195
31 5.04705 1.20275 -1.76565
31.05 5.04669 1.20094 -1.76935
31.1 5.04645 1.19974 -1.76935
31.15 5.04609 1.19794 -1.77305
31.2 5.04584 1.19674 -1.77305
31.25 5.04547 1.19494 -1.77676
31.3 5.04522 1.19374 -1.77676
31.35 5.04485 1.19194 -1.78046
31.4 5.04459 1.19074 -1.78046
31.45 5.04434 1.18955 -1.78786
31.5 5.04407 1.18835 -1.78786
31.55 5.04368 1.18656 -1.79156
31.6 5.04341 1.18536 -1.79156
31.65 5.04314 1.18416 -1.79156
31.7 5.04274 1.18237 -1.79526
31.75 5.04246 1.18118 -1.79526
31.8 5.04206 1.17938 -1.79897
31.85 5.04178 1.17819 -1.79897
31.9 5.0415 1.177 -1.79897
31.95 5.04109 1.17521 -1.80267
32 5.04094 1.17461 -1.80637
32.05 5.04066 1.17342 -1.80637
32.1 5.04023 1.17163 -1.81007
32.15 5.03994 1.17044 -1.81007
32.2 5.03965 1.16925 -1.81007
32.25 5.03921 1.16747 -1.81377
32.3 5.03892 1.16628 -1.81377
32.35 5.03877 1.16568 -1.81747
32.4 5.03847 1.16449 -1.81747
32.45 5.03802 1.16271 -1.82117
32.5 5.03772 1.16153 -1.82117
32.55 5.03742 1.16034 -1.82117
32.6 5.03711 1.15915 -1.82117
32.65 5.03696 1.15856 -1.82488
32.7 5.03665 1.15737 -1.82488
32.75 5.03619 1.15559 -1.82858
32.8 5.03588 1.15441 -1.82858
32.85 5.03557 1.15322 -1.82858
32.9 5.03541 1.15263 -1.83228
32.95 5.03509 1.15145 -1.83228
33 5.03478 1.15026 -1.83228
33.05 5.03446 1.14908 -1.83228
33.1 5.03414 1.1479 -1.83968
33.15 5.03382 1.14672 -1.83968
33.2 5.03349 1.14553 -1.83968
33.25 5.03317 1.14435 -1.83968
33.3 5.03284 1.14317 -1.83968
33.35 5.03268 1.14258 -1.84338
33.4 5.03235 1.1414 -1.84338
33.45 5.03202 1.14022 -1.84338
33.5 5.03169 1.13904 -1.84338
33.55 5.03152 1.13845 -1.84709
33.6 5.03119 1.13727 -1.84709
33.65 5.03086 1.13609 -1.84709
33.7 5.03052 1.13492 -1.84709
33.75 5.03035 1.13433 -1.85079
33.8 5.03002 1.13315 -1.85079
33.85 5.02968 1.13197 -1.85079
33.9 5.02951 1.13138 -1.85449
33.95 5.02934 1.13079 -1.85079
34 5.029 1.12962 -1.85079
34.05 5.02866 1.12844 -1.85079
34.1 5.02849 1.12785 -1.85449
34.15 5.02815 1.12667 -1.85449
34.2 5.0278 1.1255 -1.85449
34.25 5.02763 1.12491 -1.85819
34.3 5.02729 1.12373 -1.85819
34.35 5.02694 1.12256 -1.85819
34.4 5.02676 1.12197 -1.85449
34.45 5.02659 1.12138 -1.85819
34.5 5.02625 1.12021 -1.85819
34.55 5.0259 1.11903 -1.85819
34.6 5.02572 1.11845 -1.86189
34.65 5.02537 1.11727 -1.86189
34.7 5.0252 1.11669 -1.85819
34.75 5.02502 1.1161 -1.86189
34.8 5.02467 1.11493 -1.86189
34.85 5.02432 1.11375 -1.86189
34.9 5.02432 1.11375 -1.86189
34.95 5.02397 1.11258 -1.86189
35 5.02362 1.1114 -1.86189
35.05 5.02344 1.11082 -1.86559
35.1 5.02326 1.11023 -1.86189
35.15 5.02291 1.10906 -1.86189
35.2 5.02274 1.10847 -1.86559
35.25 5.02238 1.1073 -1.86559
35.3 5.02238 1.1073 -1.86559
35.35 5.02202 1.10613 -1.86559
35.4 5.02167 1.10495 -1.86559
35.45 5.02167 1.10495 -1.86559
35.5 5.02131 1.10378 -1.86559
35.55 5.02096 1.10261 -1.86559
35.6 5.02096 1.10261 -1.86559
35.65 5.0206 1.10144 -1.86559
35.7 5.02024 1.10026 -1.86559
35.75 5.02024 1.10026 -1.86559
35.8 5.01989 1.09909 -1.86559
35.85 5.01971 1.09851 -1.8693
35.9 5.01953 1.09792 -1.86559
35.95 5.01917 1.09675 -1.86559
36 5.01917 1.09675 -1.86559
36.05 5.01882 1.09558 -1.86559
36.1 5.01864 1.09499 -1.8693
36.15 5.01846 1.0944 -1.86559
36.2 5.0181 1.09323 -1.86559
36.25 5.0181 1.09323 -1.86559
36.3 5.01775 1.09206 -1.86559
36.35 5.01775 1.09206 -1.86559
36.4 5.01739 1.09089 -1.86559
36.45 5.01721 1.0903 -1.86189
36.5 5.01704 1.08971 -1.86559
36.55 5.01668 1.08854 -1.86559
36.6 5.01668 1.08854 -1.86559
36.65 5.01633 1.08737 -1.86559
36.7 5.01615 1.08678 -1.86189
36.75 5.01597 1.0862 -1.86559
36.8 5.01579 1.08561 -1.86189
36.85 5.01562 1.08502 -1.86559
36.9 5.01544 1.08444 -1.86189
36.95 5.01526 1.08385 -1.86559
37 5.01509 1.08326 -1.86189
37.05 5.01491 1.08268 -1.86559
37.1 5.01473 1.08209 -1.86189
37.15 5.01456 1.0815 -1.85819
37.2 5.01438 1.08092 -1.86189
37.25 5.01421 1.08033 -1.85819
37.3 5.01403 1.07974 -1.86189
37.35 5.01386 1.07915 -1.85819
37.4 5.01368 1.07857 -1.86189
37.45 5.01351 1.07798 -1.85819
37.5 5.01333 1.07739 -1.86189
37.55 5.01316 1.07681 -1.85819
37.6 5.01299 1.07622 -1.85449
37.65 5.01281 1.07563 -1.85819
37.7 5.01264 1.07504 -1.85449
37.75 5.01247 1.07446 -1.85819
37.8 5.01229 1.07387 -1.85449
37.85 5.01229 1.07387 -1.85449
37.9 5.01195 1.07269 -1.85449
37.95 5.01195 1.07269 -1.85449
38 5.01178 1.0721 -1.85079
38.05 5.01161 1.07151 -1.85449
38.1 5.01144 1.07093 -1.85079
38.15 5.01127 1.07034 -1.85449
38.2 5.0111 1.06975 -1.85079
38.25 5.0111 1.06975 -1.85079
38.3 5.01076 1.06857 -1.85079
38.35 5.01076 1.06857 -1.85079
38.4 5.01059 1.06798 -1.84709
38.45 5.01026 1.0668 -1.84709
38.5 5.01026 1.0668 -1.84709
38.55 5.01009 1.06622 -1.84338
38.6 5.01009 1.06622 -1.84338
38.65 5.00976 1.06504 -1.84338
38.7 5.00976 1.06504 -1.84338
38.75 5.00959 1.06445 -1.83968
38.8 5.00943 1.06385 -1.84338
38.85 5.00927 1.06326 -1.83968
38.9 5.00927 1.06326 -1.83968
38.95 5.00894 1.06208 -1.83968
39 5.00894 1.06208 -1.83968
39.05 5.00878 1.06149 -1.83598
39.1 5.00878 1.06149 -1.83598
39.15 5.00862 1.0609 -1.83968
39.2 5.00846 1.06031 -1.83598
39.25 5.00846 1.06031 -1.83598
39.3 5.0083 1.05972 -1.83228
39.35 5.00814 1.05913 -1.83598
39.4 5.00798 1.05854 -1.83228
39.45 5.00798 1.05854 -1.83228
39.5 5.00782 1.05794 -1.82858
39.55 5.00766 1.05735 -1.83228
39.6 5.0075 1.05676 -1.82858
39.65 5.0075 1.05676 -1.82858
39.7 5.00735 1.05617 -1.82488
39.75 5.00719 1.05558 -1.82858
39.8 5.00704 1.05498 -1.82488
39.85 5.00704 1.05498 -1.82488
39.9 5.00688 1.05439 -1.82117
39.95 5.00688 1.05439 -1.82117
40 5.00658 1.0532 -1.82117
40.05 5.00658 1.0532 -1.82117
40.1 5.00658 1.0532 -1.82117
40.15 5.00643 1.05261 -1.81747
40.2 5.00643 1.05261 -1.81747
40.25 5.00613 1.05142 -1.81747
40.3 5.00613 1.05142 -1.81747
40.35 5.00598 1.05083 -1.81377
40.4 5.00598 1.05083 -1.81377
40.45 5.00583 1.05023 -1.81007
40.5 5.00583 1.05023 -1.81007
40.55 5.00554 1.04904 -1.81007
40.6 5.00554 1.04904 -1.81007
40.65 5.00554 1.04904 -1.81007
40.7 5.0054 1.04845 -1.80637
40.75 5.0054 1.04845 -1.80637
40.8 5.00525 1.04785 -1.80267
40.85 5.00511 1.04726 -1.80637
40.9 5.00497 1.04666 -1.80267
40.95 5.00497 1.04666 -1.80267
41 5.00497 1.04666 -1.80267
41.05 5.00483 1.04606 -1.79897
41.1 5.00483 1.04606 -1.79897
41.15 5.00469 1.04547 -1.79526
41.2 5.00455 1.04487 -1.79897
41.25 5.00441 1.04427 -1.79526
41.3 5.00441 1.04427 -1.79526
41.35 5.00441 1.04427 -1.79526
41.4 5.00428 1.04368 -1.79156
41.45 5.00428 1.04368 -1.79156
41.5 5.00414 1.04308 -1.78786
41.55 5.00414 1.04308 -1.78786
41.6 5.00388 1.04188 -1.78786
41.65 5.00388 1.04188 -1.78786
41.7 5.00388 1.04188 -1.78786
41.75 5.00375 1.04128 -1.78416
41.8 5.00375 1.04128 -1.78416
41.85 5.00362 1.04068 -1.78046
41.9 5.00362 1.04068 -1.78046
41.95 5.00362 1.04068 -1.78046
42 5.00349 1.04009 -1.77676
42.05 5.00349 1.04009 -1.77676
42.1 5.00337 1.03949 -1.77305
42.15 5.00324 1.03889 -1.77676
42.2 5.00324 1.03889 -1.77676
42.25 5.00312 1.03829 -1.77305
42.3 5.00312 1.03829 -1.77305
42.35 5.00299 1.03769 -1.76935
42.4 5.00299 1.03769 -1.76935
42.45 5.00299 1.03769 -1.76935
42.5 5.00287 1.03709 -1.76565
42.55 5.00287 1.03709 -1.76565
42.6 5.00276 1.03648 -1.76195
42.65 5.00276 1.03648 -1.76195
42.7 5.00276 1.03648 -1.76195
42.75 5.00264 1.03588 -1.75825
42.8 5.00264 1.03588 -1.75825
42.85 5.00264 1.03588 -1.75825
42.9 5.00241 1.03468 -1.75825
42.95 5.00241 1.03468 -1.75825
43 5.0023 1.03408 -1.75455
43.05 5.0023 1.03408 -1.75455
43.1 5.0023 1.03408 -1.75455
43.15 5.00218 1.03347 -1.75084
43.2 5.00218 1.03347 -1.75084
43.25 5.00218 1.03347 -1.75084
43.3 5.00207 1.03287 -1.74714
43.35 5.00207 1.03287 -1.74714
43.4 5.00197 1.03227 -1.74344
43.45 5.00197 1.03227 -1.74344
43.5 5.00197 1.03227 -1.74344
43.55 5.00186 1.03167 -1.73974
43.6 5.00186 1.03167 -1.73974
43.65 5.00186 1.03167 -1.73974
43.7 5.00176 1.03106 -1.73604
43.75 5.00176 1.03106 -1.73604
43.8 5.00176 1.03106 -1.73604
43.85 5.00166 1.03046 -1.73234
43.9 5.00166 1.03046 -1.73234
43.95 5.00166 1.03046 -1.73234
44 5.00156 1.02985 -1.72864
44.05 5.00156 1.02985 -1.72864
44.1 5.00146 1.02925 -1.72493
44.15 5.00146 1.02925 -1.72493
44.2 5.00146 1.02925 -1.72493
44.25 5.00137 1.02864 -1.72123
44.3 5.00137 1.02864 -1.72123
44.35 5.00137 1.02864 -1.72123
44.4 5.00128 1.02804 -1.71753
44.45 5.00128 1.02804 -1.71753
44.5 5.00128 1.02804 -1.71753
44.55 5.00119 1.02743 -1.71383
44.6 5.00119 1.02743 -1.71383
44.65 5.00119 1.02743 -1.71383
44.7 5.00119 1.02743 -1.71383
44.75 5.0011 1.02682 -1.71013
44.8 5.0011 1.02682 -1.71013
44.85 5.00102 1.02622 -1.71383
44.9 5.00102 1.02622 -1.70643
44.95 5.00102 1.02622 -1.70643
45 5.00102 1.02622 -1.70643
45.05 5.00093 1.02561 -1.70272
45.1 5.00093 1.02561 -1.70272
45.15 5.00093 1.02561 -1.70272
45.2 5.00085 1.025 -1.69902
45.25 5.00085 1.025 -1.69902
45.3 5.00085 1.025 -1.69902
45.35 5.00077 1.0244 -1.69532
45.4 5.00077 1.0244 -1.69532
45.45 5.00077 1.0244 -1.69532
45.5 5.0007 1.02379 -1.69162
45.55 5.0007 1.02379 -1.69162
45.6 5.0007 1.02379 -1.69162
45.65 5.0007 1.02379 -1.69162
45.7 5.00062 1.02318 -1.68792
45.75 5.00062 1.02318 -1.68792
45.8 5.00062 1.02318 -1.68792
45.85 5.00055 1.02257 -1.68422
45.9 5.00055 1.02257 -1.68422
45.95 5.00055 1.02257 -1.68422
46 5.00055 1.02257 -1.68422
46.05 5.00048 1.02196 -1.68051
46.1 5.00048 1.02196 -1.68051
46.15 5.00048 1.02196 -1.68051
46.2 5.00042 1.02135 -1.67681
46.25 5.00042 1.02135 -1.67681
46.3 5.00042 1.02135 -1.67681
46.35 5.00042 1.02135 -1.67681
46.4 5.00035 1.02074 -1.67311
46.45 5.00035 1.02074 -1.67311
46.5 5.00035 1.02074 -1.67311
46.55 5.00029 1.02014 -1.66941
46.6 5.00029 1.02014 -1.66941
46.65 5.00029 1.02014 -1.66941
46.7 5.00029 1.02014 -1.66941
46.75 5.00023 1.01953 -1.66571
46.8 5.00023 1.01953 -1.66571
46.85 5.00023 1.01953 -1.66571
46.9 5.00017 1.01892 -1.66201
46.95 5.00017 1.01892 -1.66201
47 5.00017 1.01892 -1.66201
47.05 5.00017 1.01892 -1.66201
47.1 5.00011 1.01831 -1.65831
47.15 5.00011 1.01831 -1.65831
47.2 5.00011 1.01831 -1.65831
47.25 5.00017 1.01892 -1.6546
47.3 5.00012 1.01831 -1.6509
47.35 5.00012 1.01831 -1.6509
47.4 5.00012 1.01831 -1.6509
47.45 5.00012 1.01831 -1.6509
47.5 5.00007 1.01769 -1.6472
47.55 5.00007 1.01769 -1.6472
47.6 5.00007 1.01769 -1.6472
47.65 5.00007 1.01769 -1.6472
47.7 5.00002 1.01708 -1.6435
47.75 5.00002 1.01708 -1.6435
47.8 5.00002 1.01708 -1.6435
47.85 5.00002 1.01708 -1.6435
47.9 4.99998 1.01647 -1.6398
47.95 4.99998 1.01647 -1.6398
48 4.99998 1.01647 -1.6398
48.05 4.99998 1.01647 -1.6398
48.1 4.99993 1.01586 -1.6361
48.15 4.99993 1.01586 -1.6361
48.2 4.99993 1.01586 -1.6361
48.25 4.99993 1.01586 -1.6361
48.3 4.99989 1.01525 -1.63239
48.35 4.99989 1.01525 -1.63239
48.4 4.99989 1.01525 -1.63239
48.45 4.99993 1.01586 -1.62869
48.5 4.9999 1.01525 -1.62499
48.55 4.9999 1.01525 -1.62499
48.6 4.9999 1.01525 -1.62499
48.65 4.9999 1.01525 -1.62499
48.7 4.9999 1.01525 -1.62499
48.75 4.99986 1.01464 -1.62129
48.8 4.99986 1.01464 -1.62129
48.85 4.99986 1.01464 -1.62129
48.9 4.99986 1.01464 -1.62129
48.95 4.99983 1.01403 -1.61759
49 4.99983 1.01403 -1.61759
49.05 4.99983 1.01403 -1.61759
49.1 4.99983 1.01403 -1.61759
49.15 4.99983 1.01403 -1.61759
49.2 4.9998 1.01341 -1.61389
49.25 4.9998 1.01341 -1.61389
49.3 4.9998 1.01341 -1.61389
49.35 4.9998 1.01341 -1.61389
49.4 4.99978 1.0128 -1.61018
49.45 4.99978 1.0128 -1.61018
49.5 4.99978 1.0128 -1.61018
49.55 4.99978 1.0128 -1.61018
49.6 4.9998 1.01341 -1.60648
49.65 4.99978 1.0128 -1.60278
49.7 4.99978 1.0128 -1.60278
49.75 4.99978 1.0128 -1.60278
49.8 4.99978 1.0128 -1.60278
49.85 4.99978 1.0128 -1.60278
49.9 4.99976 1.01219 -1.59908
49.95 4.99976 1.01219 -1.59908
50 4.99976 1.01219 -1.59908
50.05 4.99976 1.01219 -1.59908
50.1 4.99976 1.01219 -1.59908
50.15 4.99976 1.01219 -1.59908
50.2 4.99974 1.01158 -1.59538
50.25 4.99974 1.01158 -1.59538
50.3 4.99974 1.01158 -1.59538
50.35 4.99974 1.01158 -1.59538
50.4 4.99974 1.01158 -1.59538
50.45 4.99973 1.01097 -1.59168
50.5 4.99973 1.01097 -1.59168
50.55 4.99973 1.01097 -1.59168
50.6 4.99973 1.01097 -1.59168
50.65 4.99973 1.01097 -1.59168
50.7 4.99973 1.01097 -1.58427
50.75 4.99973 1.01097 -1.58427
50.8 4.99973 1.01097 -1.58427
50.85 4.99973 1.01097 -1.58427
50.9 4.99973 1.01097 -1.58427
50.95 4.99973 1.01097 -1.58427
51 4.99972 1.01035 -1.58057
51.05 4.99972 1.01035 -1.58057
51.1 4.99972 1.01035 -1.58057
51.15 4.99972 1.01035 -1.58057
51.2 4.99972 1.01035 -1.58057
51.25 4.99972 1.01035 -1.58057
51.3 4.99971 1.00974 -1.57687
51.35 4.99971 1.00974 -1.57687
51.4 4.99971 1.00974 -1.57687
51.45 4.99971 1.00974 -1.57687
51.5 4.99971 1.00974 -1.57687
51.55 4.99971 1.00974 -1.57687
51.6 4.99971 1.00913 -1.57317
51.65 4.99971 1.00913 -1.57317
51.7 4.99971 1.00913 -1.57317
51.75 4.99971 1.00913 -1.57317
51.8 4.99971 1.00913 -1.57317
51.85 4.99971 1.00913 -1.57317
51.9 4.99971 1.00974 -1.56947
51.95 4.99971 1.00913 -1.56577
52 4.99971 1.00913 -1.56577
52.05 4.99971 1.00913 -1.56577
52.1 4.99971 1.00913 -1.56577
52.15 4.99971 1.00913 -1.56577
52.2 4.99971 1.00913 -1.56577
52.25 4.99971 1.00913 -1.56577
52.3 4.99971 1.00852 -1.56206
52.35 4.99971 1.00852 -1.56206
52.4 4.99971 1.00852 -1.56206
52.45 4.99971 1.00852 -1.56206
52.5 4.99971 1.00852 -1.56206
52.55 4.99971 1.00852 -1.56206
52.6 4.99971 1.00852 -1.56206
52.65 4.99972 1.0079 -1.55836
52.7 4.99972 1.0079 -1.55836
52.75 4.99972 1.0079 -1.55836
52.8 4.99972 1.0079 -1.55836
52.85 4.99972 1.0079 -1.55836
52.9 4.99972 1.0079 -1.55836
