4.4 -0.000642496 7.58227e-05 8.37369e-05
4.45 0.00124296 0.000131605 0.000205427
4.5 0.00701418 0.000131385 0.000436048
4.55 0.0166357 0.000125626 0.000475618
4.6 0.0300947 0.000239749 0.000655089
4.65 0.0472394 0.000253501 0.000739999
4.7 0.0682836 0.000142857 0.000591952
4.75 0.0930173 -3.18291e-05 0.00147013
4.8 0.121358 -0.00029869 0.00478652
4.85 0.153089 -0.00101244 0.0144247
4.9 0.187518 -0.00193214 0.0350132
4.95 0.222477 -0.00190603 0.0601693
5 0.257192 -0.000879131 0.0872698
5.05 0.291302 0.00109967 0.11423
5.1 0.324868 0.00411886 0.140927
5.15 0.358 0.00778941 0.167775
5.2 0.390797 0.0123578 0.194581
5.25 0.423043 0.0178347 0.220713
5.3 0.454841 0.0241898 0.245959
5.35 0.486301 0.031326 0.269886
5.4 0.517663 0.0394441 0.291665
5.45 0.548929 0.0485814 0.309402
5.5 0.580437 0.0586143 0.322299
5.55 0.612013 0.0690622 0.331735
5.6 0.643284 0.0796449 0.340449
5.65 0.674191 0.09041 0.349411
5.7 0.704695 0.101381 0.358359
5.75 0.734808 0.112693 0.366323
5.8 0.764488 0.1242 0.373829
5.85 0.793967 0.135796 0.381528
5.9 0.82312 0.147525 0.389396
5.95 0.851951 0.159294 0.396695
6 0.880634 0.171155 0.404013
6.05 0.909047 0.183169 0.412131
6.1 0.937242 0.195336 0.420667
6.15 0.965131 0.207653 0.42842
6.2 0.992718 0.219953 0.437756
6.25 1.02049 0.231946 0.450216
6.3 1.04785 0.244359 0.462701
6.35 1.07443 0.256796 0.475338
6.4 1.1004 0.269474 0.488614
6.45 1.12598 0.28236 0.50209
6.5 1.15116 0.295333 0.516077
6.55 1.17581 0.30857 0.53022
6.6 1.20031 0.322928 0.540742
6.65 1.22484 0.338095 0.546155
6.7 1.24893 0.353306 0.550232
6.75 1.27266 0.368524 0.553557
6.8 1.29651 0.383379 0.558891
6.85 1.3204 0.397904 0.566799
6.9 1.34395 0.412544 0.574416
6.95 1.36719 0.427348 0.581234
7 1.39015 0.442238 0.587752
7.05 1.41289 0.457185 0.594278
7.1 1.43541 0.47214 0.600522
7.15 1.45768 0.487174 0.606517
7.2 1.47972 0.502236 0.612316
7.25 1.50148 0.517343 0.618173
7.3 1.52307 0.532457 0.623668
7.35 1.54438 0.547584 0.629138
7.4 1.56546 0.562745 0.634382
7.45 1.58635 0.577914 0.639361
7.5 1.60702 0.593073 0.644297
7.55 1.62747 0.608266 0.649117
7.6 1.64777 0.62346 0.653831
7.65 1.66778 0.638627 0.658268
7.7 1.68766 0.65383 0.662776
7.75 1.70736 0.669021 0.666899
7.8 1.72683 0.684181 0.670972
7.85 1.74608 0.699305 0.674767
7.9 1.76517 0.714441 0.678416
7.95 1.78412 0.729568 0.682011
8 1.80289 0.744661 0.685391
8.05 1.82147 0.759726 0.688715
8.1 1.83985 0.774728 0.691858
8.15 1.8581 0.78974 0.694825
8.2 1.8762 0.804717 0.697528
8.25 1.89415 0.819648 0.700248
8.3 1.91194 0.834532 0.702788
8.35 1.92958 0.849381 0.705141
8.4 1.94712 0.86416 0.707345
8.45 1.96448 0.878919 0.709492
8.5 1.98173 0.893632 0.71146
8.55 1.99884 0.908281 0.713408
8.6 2.01582 0.922857 0.715133
8.65 2.03269 0.937428 0.716707
8.7 2.04939 0.951937 0.718126
8.75 2.06597 0.966365 0.719439
8.8 2.08244 0.980752 0.720562
8.85 2.09883 0.995106 0.721563
8.9 2.11506 1.00937 0.722452
8.95 2.13123 1.02359 0.72325
9 2.14727 1.03771 0.723956
9.05 2.16321 1.05179 0.724501
9.1 2.17907 1.06582 0.724887
9.15 2.19482 1.07974 0.725208
9.2 2.21049 1.09361 0.725525
9.25 2.22607 1.10744 0.72564
9.3 2.24154 1.12114 0.725612
9.35 2.25693 1.13483 0.72542
9.4 2.27223 1.14842 0.72509
9.45 2.28748 1.16193 0.724669
9.5 2.30261 1.17538 0.724195
9.55 2.3177 1.18874 0.723505
9.6 2.33268 1.20203 0.7228
9.65 2.3476 1.21527 0.721916
9.7 2.36245 1.22839 0.72098
9.75 2.37728 1.24147 0.719922
9.8 2.39198 1.25441 0.718759
9.85 2.40665 1.26731 0.717588
9.9 2.42125 1.28013 0.716286
9.95 2.43581 1.29285 0.714859
10 2.45031 1.30548 0.71332
10.05 2.46474 1.31802 0.711696
10.1 2.47911 1.33048 0.709954
10.15 2.49344 1.3429 0.708053
10.2 2.50771 1.35521 0.706148
10.25 2.52192 1.36739 0.704183
10.3 2.53608 1.37952 0.702097
10.35 2.55018 1.39156 0.699963
10.4 2.56424 1.40349 0.69775
10.45 2.57829 1.4154 0.695329
10.5 2.59227 1.42722 0.692811
10.55 2.60623 1.43893 0.690178
10.6 2.62014 1.45054 0.687493
10.65 2.63397 1.46203 0.684701
10.7 2.64781 1.47347 0.681737
10.75 2.66169 1.48489 0.678815
10.8 2.67548 1.49615 0.675848
10.85 2.6892 1.5073 0.672537
10.9 2.70292 1.51837 0.669338
10.95 2.7166 1.52934 0.665936
11 2.73026 1.54023 0.662394
11.05 2.74388 1.55102 0.658891
11.1 2.75748 1.56172 0.655173
11.15 2.77103 1.57233 0.651364
11.2 2.78455 1.58283 0.647576
11.25 2.79808 1.59324 0.643765
11.3 2.81154 1.60354 0.639866
11.35 2.825 1.61377 0.635935
11.4 2.83842 1.62387 0.631856
11.45 2.85182 1.63387 0.627735
11.5 2.8652 1.6438 0.623578
11.55 2.87859 1.65362 0.619277
11.6 2.89195 1.66335 0.614925
11.65 2.90529 1.67295 0.610643
11.7 2.91858 1.68248 0.60609
11.75 2.93186 1.69191 0.60159
11.8 2.94515 1.70126 0.597012
11.85 2.9584 1.71048 0.59223
11.9 2.9716 1.71958 0.587566
11.95 2.98481 1.7286 0.582768
12 2.998 1.7375 0.57791
12.05 3.01117 1.7463 0.572987
12.1 3.02436 1.75504 0.567877
12.15 3.03751 1.76367 0.562667
12.2 3.05062 1.77219 0.55742
12.25 3.06373 1.7806 0.552067
12.3 3.07686 1.78893 0.546664
12.35 3.08997 1.79717 0.541463
12.4 3.10307 1.80527 0.536133
12.45 3.11614 1.81328 0.530857
12.5 3.12918 1.82117 0.525168
12.55 3.14221 1.82897 0.51949
12.6 3.15522 1.83667 0.513687
12.65 3.16824 1.84425 0.507806
12.7 3.18124 1.85172 0.502081
12.75 3.19423 1.85911 0.496282
12.8 3.20721 1.8664 0.490438
12.85 3.22016 1.87355 0.484742
12.9 3.2331 1.88061 0.478843
12.95 3.24603 1.88758 0.47287
13 3.25891 1.89443 0.466718
13.05 3.27179 1.90117 0.460614
13.1 3.28462 1.90779 0.454392
13.15 3.29745 1.91432 0.447957
13.2 3.31025 1.92072 0.44181
13.25 3.32307 1.92706 0.435438
13.3 3.33583 1.93326 0.429232
13.35 3.34855 1.93938 0.42302
13.4 3.3613 1.94539 0.416313
13.45 3.37402 1.95126 0.409847
13.5 3.38672 1.95706 0.403417
13.55 3.39944 1.96276 0.397035
13.6 3.41212 1.9683 0.390602
13.65 3.42477 1.97378 0.38397
13.7 3.43737 1.97911 0.377224
13.75 3.44996 1.98438 0.370596
13.8 3.46256 1.98955 0.363959
13.85 3.4751 1.99461 0.357208
13.9 3.48761 1.99954 0.350477
13.95 3.50015 2.00437 0.343707
14 3.51258 2.00908 0.336877
14.05 3.52507 2.01372 0.329956
14.1 3.53752 2.01825 0.322885
14.15 3.54996 2.02271 0.315679
14.2 3.56231 2.02702 0.308701
14.25 3.57468 2.03122 0.301649
14.3 3.58702 2.03534 0.29473
14.35 3.59934 2.03936 0.287759
14.4 3.61162 2.04327 0.280818
14.45 3.62382 2.04706 0.273773
14.5 3.63608 2.0508 0.266503
14.55 3.64825 2.05441 0.259468
14.6 3.66042 2.05791 0.25215
14.65 3.67254 2.06135 0.24476
14.7 3.68467 2.06468 0.237214
14.75 3.69672 2.0679 0.2299
14.8 3.70872 2.07095 0.222456
14.85 3.72072 2.07396 0.215185
14.9 3.73268 2.07684 0.207781
14.95 3.7446 2.07964 0.200368
15 3.75644 2.08233 0.193003
15.05 3.7683 2.08494 0.185512
15.1 3.78013 2.08747 0.177966
15.15 3.79193 2.08989 0.170418
15.2 3.80366 2.09221 0.162928
15.25 3.81537 2.09447 0.155216
15.3 3.82703 2.09658 0.147683
15.35 3.83862 2.09863 0.140096
15.4 3.85021 2.10055 0.132449
15.45 3.86179 2.10242 0.124802
15.5 3.87331 2.10416 0.117213
15.55 3.8848 2.10582 0.109546
15.6 3.89623 2.10734 0.101865
15.65 3.90763 2.10879 0.0941916
15.7 3.91899 2.11017 0.086601
15.75 3.93027 2.11144 0.0789118
15.8 3.94156 2.11264 0.0711054
15.85 3.9528 2.11375 0.0633133
15.9 3.96396 2.11477 0.0553259
15.95 3.97506 2.1157 0.0476158
16 3.98614 2.11653 0.0397811
16.05 3.99719 2.11724 0.0319843
16.1 4.00819 2.1179 0.0238875
16.15 4.01914 2.11847 0.0162601
16.2 4.03006 2.11893 0.0086365
16.25 4.04092 2.11933 0.000685516
16.3 4.05171 2.11967 -0.00739682
16.35 4.0625 2.11994 -0.0150327
16.4 4.07324 2.12011 -0.0230088
16.45 4.0839 2.12017 -0.0309479
16.5 4.09448 2.12019 -0.0391232
16.55 4.10501 2.12007 -0.0470992
16.6 4.11547 2.11989 -0.0552288
16.65 4.12594 2.1196 -0.0632107
16.7 4.13627 2.11926 -0.0712013
16.75 4.14659 2.11884 -0.0791451
16.8 4.15686 2.11837 -0.0871504
16.85 4.16705 2.1178 -0.0952905
16.9 4.17721 2.11712 -0.103187
16.95 4.18731 2.1164 -0.111539
17 4.19731 2.11561 -0.119298
17.05 4.20731 2.11472 -0.127121
17.1 4.21723 2.1138 -0.135123
17.15 4.2271 2.11278 -0.143129
17.2 4.23694 2.11163 -0.151206
17.25 4.24663 2.11051 -0.159413
17.3 4.25632 2.10926 -0.167378
17.35 4.26595 2.10792 -0.175237
17.4 4.2755 2.10653 -0.183383
17.45 4.28501 2.10506 -0.191418
17.5 4.29447 2.10354 -0.199395
17.55 4.30383 2.10198 -0.207554
17.6 4.31319 2.10032 -0.215305
17.65 4.32247 2.09859 -0.223291
17.7 4.3316 2.09686 -0.231168
17.75 4.34079 2.09501 -0.239043
17.8 4.34982 2.09313 -0.247259
17.85 4.35881 2.0912 -0.255194
17.9 4.36776 2.0892 -0.263258
17.95 4.37664 2.08715 -0.271392
18 4.38549 2.08503 -0.279639
18.05 4.39427 2.08286 -0.2878
18.1 4.40297 2.08063 -0.296067
18.15 4.41159 2.07837 -0.30431
18.2 4.42015 2.07605 -0.312236
18.25 4.42868 2.07363 -0.320481
18.3 4.43714 2.07119 -0.328534
18.35 4.4455 2.06868 -0.336609
18.4 4.45382 2.06609 -0.344429
18.45 4.4621 2.06348 -0.352465
18.5 4.47027 2.06082 -0.360744
18.55 4.47837 2.05811 -0.368861
18.6 4.48644 2.05533 -0.376877
18.65 4.49441 2.05254 -0.384894
18.7 4.50233 2.04969 -0.393162
18.75 4.51017 2.0468 -0.401111
18.8 4.51795 2.04387 -0.409465
18.85 4.52567 2.04092 -0.41758
18.9 4.53334 2.03791 -0.425554
18.95 4.54091 2.03483 -0.433443
19 4.54847 2.03169 -0.441794
19.05 4.5559 2.02853 -0.449858
19.1 4.56328 2.0253 -0.457823
19.15 4.57056 2.02205 -0.465652
19.2 4.57779 2.01876 -0.473443
19.25 4.58495 2.01547 -0.48138
19.3 4.59205 2.01211 -0.489234
19.35 4.5991 2.00875 -0.497072
19.4 4.60607 2.00536 -0.504881
19.45 4.61301 2.00191 -0.512866
19.5 4.61989 1.99842 -0.520849
19.55 4.62672 1.99487 -0.528546
19.6 4.63345 1.99132 -0.536488
19.65 4.64011 1.98773 -0.544645
19.7 4.64671 1.98416 -0.552411
19.75 4.65326 1.98051 -0.560043
19.8 4.65969 1.97685 -0.567796
19.85 4.66609 1.97315 -0.575623
19.9 4.67242 1.96944 -0.583367
19.95 4.6787 1.96569 -0.591253
20 4.6849 1.96192 -0.599255
20.05 4.69107 1.9581 -0.607062
20.1 4.69717 1.95426 -0.614857
20.15 4.70316 1.9504 -0.622347
20.2 4.70914 1.9465 -0.630155
20.25 4.71507 1.94257 -0.637875
20.3 4.72086 1.93864 -0.645582
20.35 4.72662 1.9347 -0.653512
20.4 4.73232 1.93073 -0.661026
20.45 4.73795 1.92679 -0.668661
20.5 4.74352 1.92282 -0.676551
20.55 4.74901 1.91881 -0.684053
20.6 4.75442 1.91481 -0.691749
20.65 4.75978 1.91079 -0.699405
20.7 4.76509 1.90676 -0.70722
20.75 4.77033 1.90274 -0.714942
20.8 4.77554 1.89867 -0.722753
20.85 4.78067 1.89459 -0.730386
20.9 4.78572 1.89048 -0.738038
20.95 4.79074 1.88635 -0.745637
21 4.79569 1.88224 -0.753273
21.05 4.80057 1.87811 -0.760877
21.1 4.80541 1.87398 -0.768595
21.15 4.81014 1.86984 -0.776178
21.2 4.81485 1.86568 -0.783663
21.25 4.81942 1.86156 -0.791112
21.3 4.82392 1.85745 -0.798386
21.35 4.8284 1.85334 -0.805846
21.4 4.83285 1.84916 -0.81317
21.45 4.83723 1.845 -0.820623
21.5 4.84156 1.84082 -0.827993
21.55 4.84584 1.83662 -0.835485
21.6 4.85008 1.83244 -0.843101
21.65 4.85428 1.82824 -0.850631
21.7 4.85841 1.82405 -0.858062
21.75 4.86247 1.81983 -0.865174
21.8 4.86647 1.81561 -0.872546
21.85 4.87042 1.8114 -0.879652
21.9 4.8743 1.80716 -0.886947
21.95 4.87815 1.80292 -0.894179
22 4.8819 1.79871 -0.901329
22.05 4.88561 1.79446 -0.908364
22.1 4.88932 1.79021 -0.915063
22.15 4.89294 1.78599 -0.922084
22.2 4.89653 1.78176 -0.929315
22.25 4.90006 1.77753 -0.936595
22.3 4.90355 1.7733 -0.943698
22.35 4.90696 1.76908 -0.950872
22.4 4.91037 1.76484 -0.957847
22.45 4.9137 1.76065 -0.964987
22.5 4.91699 1.7565 -0.971974
22.55 4.92017 1.75229 -0.97895
22.6 4.92336 1.7481 -0.986004
22.65 4.92645 1.74392 -0.992998
22.7 4.92949 1.73974 -0.999835
22.75 4.93251 1.73557 -1.00646
22.8 4.93549 1.73142 -1.01334
22.85 4.93843 1.72726 -1.02014
22.9 4.9413 1.72312 -1.02668
22.95 4.94413 1.71899 -1.03334
23 4.9469 1.71489 -1.04006
23.05 4.94966 1.71074 -1.04677
23.1 4.95236 1.70662 -1.05364
23.15 4.95502 1.70255 -1.06064
23.2 4.95763 1.69845 -1.06749
23.25 4.96022 1.69433 -1.07421
23.3 4.96274 1.69027 -1.08085
23.35 4.96523 1.68618 -1.0874
23.4 4.96768 1.68214 -1.09397
23.45 4.97007 1.6781 -1.10051
23.5 4.9724 1.67413 -1.10695
23.55 4.97471 1.67011 -1.11329
23.6 4.97698 1.66608 -1.11981
23.65 4.97921 1.6621 -1.12621
23.7 4.98141 1.65815 -1.13279
23.75 4.98354 1.65422 -1.13925
23.8 4.98563 1.65028 -1.14567
23.85 4.98768 1.64637 -1.15191
23.9 4.9897 1.64244 -1.15819
23.95 4.99172 1.63851 -1.16433
24 4.99369 1.63465 -1.1708
24.05 4.99568 1.6308 -1.17706
24.1 4.99755 1.62694 -1.18326
24.15 4.99939 1.6231 -1.18937
24.2 5.00119 1.61928 -1.19545
24.25 5.00296 1.61547 -1.20155
24.3 5.00472 1.61169 -1.20764
24.35 5.00643 1.60795 -1.21381
24.4 5.00812 1.60417 -1.21992
24.45 5.00975 1.60041 -1.22603
24.5 5.01135 1.59668 -1.23218
24.55 5.01294 1.59298 -1.2384
24.6 5.0145 1.5893 -1.24429
24.65 5.016 1.5856 -1.25027
24.7 5.01748 1.58197 -1.25612
24.75 5.01894 1.57835 -1.26213
24.8 5.02034 1.5747 -1.26821
24.85 5.02172 1.57108 -1.27414
24.9 5.02306 1.56751 -1.28006
24.95 5.02442 1.56394 -1.28601
25 5.02572 1.56037 -1.29172
25.05 5.02702 1.55681 -1.29761
25.1 5.02824 1.5533 -1.30337
25.15 5.02944 1.54981 -1.30909
25.2 5.03062 1.54636 -1.31484
25.25 5.03179 1.5429 -1.32061
25.3 5.03291 1.53949 -1.32627
25.35 5.03402 1.53606 -1.33169
25.4 5.03512 1.53263 -1.33743
25.45 5.03615 1.52924 -1.34303
25.5 5.03718 1.52588 -1.34841
25.55 5.03817 1.52253 -1.354
25.6 5.03914 1.51921 -1.35937
25.65 5.04005 1.51592 -1.36475
25.7 5.04096 1.5126 -1.3702
25.75 5.04187 1.50934 -1.3754
25.8 5.04275 1.50609 -1.38072
25.85 5.0436 1.50284 -1.38607
25.9 5.04442 1.49961 -1.39131
25.95 5.04522 1.49642 -1.39667
26 5.04602 1.49324 -1.40197
26.05 5.0468 1.4901 -1.40722
26.1 5.04756 1.48699 -1.41252
26.15 5.04829 1.48388 -1.41777
26.2 5.04899 1.48078 -1.42301
26.25 5.04965 1.47772 -1.42799
26.3 5.0503 1.47467 -1.43312
26.35 5.05096 1.47166 -1.43816
26.4 5.05159 1.46865 -1.4432
26.45 5.05219 1.46566 -1.44814
26.5 5.05278 1.46269 -1.45307
26.55 5.05332 1.45973 -1.45797
26.6 5.05386 1.45679 -1.4629
26.65 5.0544 1.45389 -1.46773
26.7 5.05492 1.45101 -1.47239
26.75 5.05539 1.44814 -1.47713
26.8 5.05586 1.44529 -1.48186
26.85 5.05633 1.44245 -1.48658
26.9 5.05676 1.43962 -1.49121
26.95 5.05717 1.43684 -1.49578
27 5.05758 1.43406 -1.50043
27.05 5.05795 1.43131 -1.50496
27.1 5.05831 1.42856 -1.50945
27.15 5.05865 1.42584 -1.51402
27.2 5.05898 1.42313 -1.51848
27.25 5.0593 1.42045 -1.52291
27.3 5.05963 1.41778 -1.52737
27.35 5.05993 1.41515 -1.5317
27.4 5.06022 1.41252 -1.536
27.45 5.0605 1.40992 -1.54038
27.5 5.06078 1.40732 -1.54475
27.55 5.06103 1.40474 -1.54904
27.6 5.06126 1.40216 -1.55322
27.65 5.06148 1.39962 -1.55743
27.7 5.06171 1.39711 -1.56156
27.75 5.06193 1.39462 -1.56573
27.8 5.06213 1.39212 -1.56989
27.85 5.06231 1.38964 -1.57401
27.9 5.06249 1.3872 -1.57813
27.95 5.06264 1.38477 -1.58205
28 5.06279 1.38236 -1.58604
28.05 5.06292 1.37995 -1.59004
28.1 5.06303 1.37758 -1.594
28.15 5.06313 1.37521 -1.59793
28.2 5.06323 1.37287 -1.60179
28.25 5.06333 1.37053 -1.60566
28.3 5.0634 1.36821 -1.60942
28.35 5.06347 1.36592 -1.61323
28.4 5.06354 1.36363 -1.61703
28.45 5.06358 1.36136 -1.62071
28.5 5.06361 1.35913 -1.62434
28.55 5.06365 1.35689 -1.62796
28.6 5.0637 1.35468 -1.63172
28.65 5.06374 1.35248 -1.63533
28.7 5.06376 1.3503 -1.63886
28.75 5.06378 1.34813 -1.64247
28.8 5.06378 1.34597 -1.64596
28.85 5.06376 1.34385 -1.64942
28.9 5.06374 1.34174 -1.6529
28.95 5.06373 1.33964 -1.65631
29 5.06369 1.33755 -1.65968
29.05 5.06366 1.33547 -1.66303
29.1 5.06362 1.33341 -1.66634
29.15 5.06357 1.33138 -1.66971
29.2 5.06352 1.32935 -1.67296
29.25 5.06345 1.32734 -1.67619
29.3 5.06338 1.32534 -1.67945
29.35 5.06331 1.32336 -1.68266
29.4 5.06323 1.3214 -1.6858
29.45 5.06314 1.31944 -1.68891
29.5 5.06305 1.3175 -1.69199
29.55 5.06294 1.31554 -1.695
29.6 5.06283 1.31369 -1.69799
29.65 5.06273 1.31179 -1.70099
29.7 5.06262 1.3099 -1.704
29.75 5.0625 1.30804 -1.70694
29.8 5.06237 1.30618 -1.70986
29.85 5.06225 1.30436 -1.71276
29.9 5.06211 1.30254 -1.71568
29.95 5.06198 1.30073 -1.71855
30 5.06183 1.29892 -1.72132
30.05 5.06168 1.29714 -1.72407
30.1 5.06154 1.29538 -1.72673
30.15 5.06139 1.29363 -1.72944
30.2 5.06124 1.29189 -1.73216
30.25 5.06107 1.29017 -1.73483
30.3 5.06091 1.28846 -1.73748
30.35 5.06073 1.28677 -1.74009
30.4 5.06056 1.28508 -1.74271
30.45 5.06039 1.28341 -1.74533
30.5 5.06021 1.28175 -1.74783
30.55 5.06003 1.2801 -1.75035
30.6 5.05985 1.27847 -1.75288
30.65 5.05965 1.27684 -1.75533
30.7 5.05947 1.27523 -1.75769
30.75 5.05927 1.27364 -1.76011
30.8 5.05907 1.27206 -1.76242
30.85 5.05886 1.2705 -1.76475
30.9 5.05866 1.26894 -1.76708
30.95 5.05844 1.26739 -1.76938
31 5.05823 1.26587 -1.77171
31.05 5.05802 1.26434 -1.77397
31.1 5.05781 1.26284 -1.77614
31.15 5.05759 1.26133 -1.7783
31.2 5.05737 1.25985 -1.78045
31.25 5.05716 1.25837 -1.78256
31.3 5.05693 1.25691 -1.78463
31.35 5.05671 1.25545 -1.78668
31.4 5.05647 1.25401 -1.78874
31.45 5.05625 1.25259 -1.7908
31.5 5.05602 1.25116 -1.79269
31.55 5.05578 1.24975 -1.7946
31.6 5.05555 1.24835 -1.79646
31.65 5.05532 1.24697 -1.79835
31.7 5.05509 1.24559 -1.80021
31.75 5.05486 1.24423 -1.80204
31.8 5.05462 1.24288 -1.80386
31.85 5.05438 1.24153 -1.80559
31.9 5.05413 1.2402 -1.80734
31.95 5.0539 1.23888 -1.80912
32 5.05366 1.23758 -1.81085
32.05 5.05342 1.23627 -1.8125
32.1 5.05317 1.23497 -1.81416
32.15 5.05292 1.23369 -1.81577
32.2 5.05268 1.23242 -1.81735
32.25 5.05244 1.23116 -1.81892
32.3 5.05219 1.22991 -1.82047
32.35 5.05195 1.22868 -1.82199
32.4 5.0517 1.22745 -1.82347
32.45 5.05145 1.22623 -1.82494
32.5 5.0512 1.22501 -1.82637
32.55 5.05095 1.22381 -1.82778
32.6 5.05071 1.22263 -1.82917
32.65 5.05046 1.22144 -1.83058
32.7 5.05021 1.22027 -1.83195
32.75 5.04997 1.2191 -1.83328
32.8 5.04972 1.21795 -1.83457
32.85 5.04947 1.21681 -1.83585
32.9 5.04922 1.21568 -1.83711
32.95 5.04896 1.21455 -1.83834
33 5.04871 1.21342 -1.83952
33.05 5.04846 1.21231 -1.84071
33.1 5.04821 1.2112 -1.8419
33.15 5.04795 1.21011 -1.84295
33.2 5.04769 1.20903 -1.84402
33.25 5.04744 1.20795 -1.84509
33.3 5.04719 1.20689 -1.84615
33.35 5.04694 1.20582 -1.84717
33.4 5.04668 1.20478 -1.84818
33.45 5.04643 1.20374 -1.84916
33.5 5.04618 1.2027 -1.85012
33.55 5.04592 1.20168 -1.85108
33.6 5.04567 1.20066 -1.85198
33.65 5.04542 1.19964 -1.85286
33.7 5.04517 1.19865 -1.85372
33.75 5.04492 1.19764 -1.85457
33.8 5.04467 1.19666 -1.85537
33.85 5.04441 1.19568 -1.85615
33.9 5.04417 1.19471 -1.85692
33.95 5.04392 1.19374 -1.85765
34 5.04367 1.19277 -1.85841
34.05 5.04342 1.19183 -1.85918
34.1 5.04318 1.19088 -1.85993
34.15 5.04293 1.18995 -1.86061
34.2 5.04268 1.18902 -1.86126
34.25 5.04243 1.1881 -1.86191
34.3 5.04219 1.18718 -1.86252
34.35 5.04194 1.18627 -1.86309
34.4 5.0417 1.18537 -1.86365
34.45 5.04145 1.18448 -1.86426
34.5 5.04121 1.18359 -1.8648
34.55 5.04097 1.18271 -1.86532
34.6 5.04073 1.18184 -1.86584
34.65 5.04048 1.18097 -1.86629
34.7 5.04024 1.18012 -1.86671
34.75 5.04001 1.17926 -1.86719
34.8 5.03976 1.17841 -1.86759
34.85 5.03953 1.17757 -1.86799
34.9 5.03929 1.17675 -1.86835
34.95 5.03905 1.17592 -1.86873
35 5.03882 1.1751 -1.86909
35.05 5.03858 1.17429 -1.86943
35.1 5.03835 1.17348 -1.86971
35.15 5.03812 1.17269 -1.87002
35.2 5.03789 1.17189 -1.87032
35.25 5.03766 1.1711 -1.87055
35.3 5.03743 1.17033 -1.87077
35.35 5.0372 1.16955 -1.87098
35.4 5.03697 1.16878 -1.87117
35.45 5.03675 1.16802 -1.87135
35.5 5.03652 1.16726 -1.87151
35.55 5.03629 1.1665 -1.87166
35.6 5.03607 1.16577 -1.87178
35.65 5.03584 1.16503 -1.87188
35.7 5.03562 1.16429 -1.87197
35.75 5.0354 1.16357 -1.87204
35.8 5.03517 1.16285 -1.87209
35.85 5.03496 1.16214 -1.87213
35.9 5.03474 1.16143 -1.87212
35.95 5.03452 1.16072 -1.87212
36 5.0343 1.16002 -1.87211
36.05 5.03409 1.15932 -1.87208
36.1 5.03387 1.15863 -1.87204
36.15 5.03365 1.15795 -1.87195
36.2 5.03344 1.15728 -1.87187
36.25 5.03322 1.1566 -1.87177
36.3 5.03301 1.15593 -1.87166
36.35 5.0328 1.15527 -1.87152
36.4 5.03259 1.15461 -1.87139
36.45 5.03238 1.15395 -1.87123
36.5 5.03217 1.1533 -1.87109
36.55 5.03196 1.15266 -1.87091
36.6 5.03176 1.15202 -1.8707
36.65 5.03155 1.15139 -1.87046
36.7 5.03134 1.15076 -1.87021
36.75 5.03114 1.15014 -1.86998
36.8 5.03093 1.14952 -1.8697
36.85 5.03073 1.1489 -1.86945
36.9 5.03053 1.14828 -1.86912
36.95 5.03033 1.14768 -1.86882
37 5.03013 1.14707 -1.86846
37.05 5.02993 1.14647 -1.86813
37.1 5.02973 1.14587 -1.86773
37.15 5.02953 1.14528 -1.86737
37.2 5.02934 1.1447 -1.86704
37.25 5.02913 1.14411 -1.86663
37.3 5.02894 1.14353 -1.86624
37.35 5.02875 1.14295 -1.8658
37.4 5.02856 1.14238 -1.86539
37.45 5.02836 1.14182 -1.86493
37.5 5.02817 1.14125 -1.86447
37.55 5.02798 1.14069 -1.86395
37.6 5.02779 1.14013 -1.86346
37.65 5.0276 1.13958 -1.86301
37.7 5.02741 1.13904 -1.86247
37.75 5.02721 1.13844 -1.86196
37.8 5.02702 1.1379 -1.86139
37.85 5.02683 1.13737 -1.86085
37.9 5.02665 1.13683 -1.86032
37.95 5.02646 1.13628 -1.85974
38 5.02629 1.13578 -1.85916
38.05 5.02611 1.13526 -1.8586
38.1 5.02592 1.13474 -1.85798
38.15 5.02574 1.13422 -1.85738
38.2 5.02556 1.13371 -1.85669
38.25 5.02538 1.13319 -1.85605
38.3 5.0252 1.13269 -1.8554
38.35 5.02501 1.13219 -1.8547
38.4 5.02483 1.13169 -1.85401
38.45 5.02467 1.13122 -1.85335
38.5 5.02451 1.13077 -1.85264
38.55 5.02434 1.1303 -1.85192
38.6 5.02417 1.12982 -1.85123
38.65 5.024 1.12934 -1.85054
38.7 5.02383 1.12887 -1.84981
38.75 5.02367 1.12841 -1.84908
38.8 5.0235 1.12794 -1.84837
38.85 5.02333 1.12748 -1.84759
38.9 5.02316 1.12702 -1.84684
38.95 5.023 1.12657 -1.84608
39 5.02284 1.12612 -1.84526
39.05 5.02268 1.12567 -1.84445
39.1 5.02251 1.12523 -1.84365
39.15 5.02234 1.12479 -1.84288
39.2 5.02218 1.12435 -1.84203
39.25 5.02203 1.12392 -1.8412
39.3 5.02187 1.12349 -1.84033
39.35 5.02171 1.12304 -1.8395
39.4 5.02155 1.12262 -1.8386
39.45 5.02139 1.12219 -1.83775
39.5 5.02123 1.12178 -1.83688
39.55 5.02108 1.12135 -1.83602
39.6 5.02093 1.12094 -1.83507
39.65 5.02078 1.12053 -1.83415
39.7 5.02063 1.12012 -1.83325
39.75 5.02048 1.11972 -1.83235
39.8 5.02034 1.11932 -1.83137
39.85 5.02019 1.11891 -1.83041
39.9 5.02004 1.11851 -1.82945
39.95 5.01989 1.11812 -1.8285
40 5.01974 1.11773 -1.82757
40.05 5.0196 1.11734 -1.82659
40.1 5.01946 1.11695 -1.82559
40.15 5.01931 1.11657 -1.82461
40.2 5.01917 1.11618 -1.82365
40.25 5.01902 1.1158 -1.82271
40.3 5.01888 1.11543 -1.82167
40.35 5.01874 1.11506 -1.82064
40.4 5.0186 1.11469 -1.81962
40.45 5.01846 1.11433 -1.81861
40.5 5.01832 1.11396 -1.81764
40.55 5.01818 1.11359 -1.81665
40.6 5.01805 1.11323 -1.8156
40.65 5.01792 1.11288 -1.81454
40.7 5.01778 1.11252 -1.81349
40.75 5.01764 1.11216 -1.81245
40.8 5.0175 1.11181 -1.81142
40.85 5.01737 1.11147 -1.8104
40.9 5.01723 1.11113 -1.8093
40.95 5.0171 1.11079 -1.8082
41 5.01697 1.11045 -1.80711
41.05 5.01684 1.11011 -1.80602
41.1 5.01671 1.10977 -1.80497
41.15 5.01658 1.10943 -1.8039
41.2 5.01645 1.10911 -1.80286
41.25 5.01632 1.10878 -1.80173
41.3 5.01619 1.10846 -1.80057
41.35 5.01606 1.10814 -1.79942
41.4 5.01593 1.10781 -1.7983
41.45 5.01581 1.10749 -1.7972
41.5 5.01569 1.10717 -1.79608
41.55 5.01556 1.10686 -1.79499
41.6 5.01544 1.10654 -1.79389
41.65 5.01532 1.10623 -1.79272
41.7 5.0152 1.10593 -1.79154
41.75 5.01508 1.10562 -1.79036
41.8 5.01495 1.10531 -1.78921
41.85 5.01483 1.10502 -1.78804
41.9 5.01472 1.10473 -1.7869
41.95 5.0146 1.10443 -1.78575
42 5.01448 1.10413 -1.78462
42.05 5.01437 1.10384 -1.78348
42.1 5.01426 1.10354 -1.78235
42.15 5.01415 1.10325 -1.78124
42.2 5.01403 1.10296 -1.78004
42.25 5.01391 1.10268 -1.7788
42.3 5.0138 1.1024 -1.7776
42.35 5.01368 1.10211 -1.7764
42.4 5.01357 1.10183 -1.77521
42.45 5.01346 1.10155 -1.77401
42.5 5.01335 1.10128 -1.77284
42.55 5.01324 1.101 -1.77164
42.6 5.01313 1.10073 -1.77044
42.65 5.01302 1.10046 -1.76925
42.7 5.01292 1.1002 -1.7681
42.75 5.01281 1.09992 -1.76694
42.8 5.0127 1.09966 -1.76578
42.85 5.0126 1.09939 -1.76463
42.9 5.0125 1.09912 -1.76347
42.95 5.01239 1.09886 -1.76221
43 5.01228 1.09861 -1.76096
43.05 5.01218 1.09836 -1.75973
43.1 5.01207 1.0981 -1.7585
43.15 5.01197 1.09785 -1.75724
43.2 5.01187 1.0976 -1.75601
43.25 5.01177 1.09735 -1.75481
43.3 5.01167 1.0971 -1.75357
43.35 5.01158 1.09686 -1.75236
43.4 5.01148 1.09661 -1.75114
43.45 5.01137 1.09636 -1.74992
43.5 5.01126 1.09604 -1.74869
43.55 5.01116 1.09581 -1.74748
43.6 5.01107 1.09559 -1.74627
43.65 5.01097 1.09538 -1.74506
43.7 5.01087 1.09516 -1.74383
43.75 5.01077 1.09492 -1.74264
43.8 5.01067 1.09464 -1.74144
43.85 5.01057 1.09443 -1.74021
43.9 5.01048 1.09422 -1.739
43.95 5.01038 1.09398 -1.73779
44 5.01028 1.09374 -1.73658
44.05 5.01019 1.09351 -1.73537
44.1 5.0101 1.0933 -1.73417
44.15 5.01001 1.09308 -1.73299
44.2 5.00991 1.09284 -1.73181
44.25 5.00983 1.09262 -1.73063
44.3 5.00973 1.09239 -1.72943
44.35 5.00965 1.09217 -1.72825
44.4 5.00956 1.09198 -1.72708
44.45 5.00949 1.0918 -1.72593
44.5 5.00941 1.09163 -1.72475
44.55 5.00933 1.0914 -1.72358
44.6 5.00925 1.09119 -1.72241
44.65 5.00916 1.09098 -1.72125
44.7 5.00907 1.09078 -1.7201
44.75 5.00899 1.09056 -1.71894
44.8 5.00891 1.09036 -1.71778
44.85 5.00883 1.09017 -1.71662
44.9 5.00874 1.08997 -1.71534
44.95 5.00866 1.08977 -1.71417
45 5.00857 1.08958 -1.713
45.05 5.00849 1.08939 -1.71183
45.1 5.00841 1.08919 -1.71066
45.15 5.00834 1.089 -1.70949
45.2 5.00826 1.0888 -1.70832
45.25 5.00817 1.08861 -1.70715
45.3 5.00809 1.08842 -1.70599
45.35 5.00802 1.08823 -1.70484
45.4 5.00795 1.08805 -1.70368
45.45 5.00787 1.08787 -1.70251
45.5 5.0078 1.08768 -1.70136
45.55 5.00772 1.0875 -1.7002
45.6 5.00765 1.08732 -1.69904
45.65 5.00757 1.08714 -1.69789
45.7 5.00749 1.08695 -1.69675
45.75 5.00742 1.08678 -1.69561
45.8 5.00734 1.08661 -1.69446
45.85 5.00727 1.08643 -1.69333
45.9 5.0072 1.08626 -1.69218
45.95 5.00713 1.08609 -1.69104
46 5.00705 1.08592 -1.6899
46.05 5.00698 1.08574 -1.68876
46.1 5.00691 1.08558 -1.6876
46.15 5.00684 1.08541 -1.68644
46.2 5.00677 1.08524 -1.68528
46.25 5.0067 1.08508 -1.68411
46.3 5.00663 1.08492 -1.68295
46.35 5.00655 1.08476 -1.68178
46.4 5.00648 1.08459 -1.68063
46.45 5.00641 1.08442 -1.67947
46.5 5.00634 1.08427 -1.67833
46.55 5.00628 1.08411 -1.67718
46.6 5.00621 1.08396 -1.67602
46.65 5.00614 1.0838 -1.67485
46.7 5.00607 1.08364 -1.67371
46.75 5.00601 1.08349 -1.67258
46.8 5.00594 1.08334 -1.67141
46.85 5.00587 1.08319 -1.67024
46.9 5.00579 1.08303 -1.66908
46.95 5.00572 1.08289 -1.66791
47 5.00566 1.08274 -1.66674
47.05 5.00559 1.08259 -1.6656
47.1 5.00552 1.08245 -1.6644
47.15 5.00545 1.08231 -1.66323
47.2 5.00539 1.08217 -1.66206
47.25 5.00532 1.08202 -1.66086
47.3 5.00526 1.08188 -1.65979
47.35 5.00521 1.08175 -1.65875
47.4 5.00515 1.0816 -1.65769
47.45 5.00509 1.08147 -1.65663
47.5 5.00503 1.08132 -1.65557
47.55 5.00497 1.08118 -1.65448
47.6 5.00492 1.08105 -1.65342
47.65 5.00486 1.08091 -1.65236
47.7 5.0048 1.08077 -1.65128
47.75 5.00474 1.08064 -1.65022
47.8 5.00469 1.08051 -1.64918
47.85 5.00462 1.08038 -1.64811
47.9 5.00456 1.08024 -1.64705
47.95 5.00451 1.08012 -1.646
48 5.00445 1.07999 -1.64497
48.05 5.00439 1.07986 -1.64391
48.1 5.00434 1.07974 -1.64285
48.15 5.00428 1.07961 -1.64179
48.2 5.00422 1.07949 -1.64074
48.25 5.00417 1.07936 -1.63969
48.3 5.00411 1.07924 -1.63864
48.35 5.00405 1.07913 -1.63756
48.4 5.004 1.079 -1.63649
48.45 5.00394 1.07888 -1.63543
48.5 5.00389 1.07876 -1.63446
48.55 5.00384 1.07864 -1.63349
48.6 5.00379 1.07852 -1.63255
48.65 5.00374 1.0784 -1.63158
48.7 5.00369 1.07828 -1.63062
48.75 5.00363 1.07817 -1.62964
48.8 5.00359 1.07805 -1.62868
48.85 5.00354 1.07793 -1.62771
48.9 5.00349 1.07782 -1.62674
48.95 5.00344 1.0777 -1.62578
49 5.00339 1.07759 -1.6248
49.05 5.00334 1.07748 -1.62382
49.1 5.00329 1.07737 -1.62284
49.15 5.00324 1.07725 -1.62184
49.2 5.00319 1.07714 -1.62086
49.25 5.00315 1.07704 -1.61988
49.3 5.0031 1.07693 -1.6189
49.35 5.00305 1.07682 -1.61794
49.4 5.00301 1.07672 -1.61695
49.45 5.00295 1.07655 -1.61594
49.5 5.0029 1.07643 -1.61493
49.55 5.00286 1.07632 -1.61395
49.6 5.00281 1.07623 -1.61297
49.65 5.00276 1.07615 -1.61208
49.7 5.00272 1.07604 -1.61121
49.75 5.00268 1.07593 -1.61033
49.8 5.00264 1.07581 -1.60947
49.85 5.0026 1.07574 -1.6086
49.9 5.00255 1.07562 -1.60772
49.95 5.00251 1.07552 -1.60684
50 5.00247 1.07542 -1.60597
50.05 5.00242 1.07534 -1.60511
50.1 5.00238 1.07523 -1.60424
50.15 5.00234 1.07514 -1.6034
50.2 5.0023 1.07505 -1.60256
50.25 5.00226 1.07495 -1.60169
50.3 5.00221 1.07484 -1.60081
50.35 5.00217 1.07476 -1.59995
50.4 5.00213 1.07466 -1.59908
50.45 5.00209 1.07456 -1.59821
50.5 5.00205 1.07446 -1.59733
50.55 5.002 1.07437 -1.59645
50.6 5.00196 1.07427 -1.59559
50.65 5.00192 1.07417 -1.59472
50.7 5.00188 1.07408 -1.59384
50.75 5.00184 1.074 -1.59308
50.8 5.00181 1.07392 -1.59231
50.85 5.00177 1.07383 -1.59154
50.9 5.00173 1.07374 -1.59078
50.95 5.0017 1.07366 -1.59001
51 5.00166 1.07359 -1.58924
51.05 5.00163 1.07352 -1.58849
51.1 5.00159 1.07343 -1.58773
51.15 5.00155 1.07341 -1.58697
51.2 5.00152 1.07333 -1.58622
51.25 5.00149 1.07323 -1.58546
51.3 5.00145 1.07315 -1.58471
51.35 5.00141 1.07307 -1.58396
51.4 5.00138 1.07299 -1.58321
51.45 5.00134 1.07285 -1.58246
51.5 5.00131 1.07277 -1.58169
51.55 5.00128 1.07269 -1.58094
51.6 5.00124 1.07261 -1.58019
51.65 5.00121 1.07251 -1.57943
51.7 5.00118 1.07246 -1.57869
51.75 5.00114 1.07239 -1.57794
51.8 5.00111 1.07232 -1.57722
51.85 5.00108 1.07224 -1.57649
51.9 5.00105 1.07214 -1.57574
51.95 5.00102 1.07208 -1.57508
52 5.00098 1.072 -1.57444
52.05 5.00096 1.07193 -1.5738
52.1 5.00093 1.07184 -1.57317
52.15 5.0009 1.07178 -1.57253
52.2 5.00087 1.07172 -1.5719
52.25 5.00084 1.07164 -1.57128
52.3 5.00081 1.07155 -1.57064
52.35 5.00078 1.07149 -1.57004
52.4 5.00076 1.07143 -1.56943
52.45 5.00073 1.07135 -1.56881
52.5 5.0007 1.07129 -1.56819
52.55 5.00068 1.07123 -1.56757
52.6 5.00065 1.07115 -1.56694
52.65 5.00062 1.07108 -1.56632
52.7 5.00059 1.07102 -1.56572
52.75 5.00057 1.07096 -1.56512
52.8 5.00054 1.07089 -1.56451
52.85 5.00051 1.07083 -1.56389
52.9 5.00049 1.07076 -1.56328
