2.4 -0.0702602 -1.0014
2.4 -0.0702602 -1.0014
2.45 -0.01447 -1.0002
2.45 -0.01447 -1.0002
2.5 -0.01447 -1.0002
2.5 -0.01447 -1.0002
2.55 -0.01447 -1.0002
2.6 0.00227948 -0.985807
2.65 0.00227948 -0.985807
2.65 0.00227948 -0.985807
2.7 0.0145715 -0.974594
2.75 0.0145715 -0.974594
2.8 0.00548103 -0.960586
2.85 0.0300806 -0.955472
2.9 0.0300806 -0.955472
2.95 0.0456789 -0.943367
2.95 0.0456789 -0.943367
3 0.0456789 -0.943367
3 0.0456789 -0.943367
3.05 0.0394756 -0.929446
3.05 0.0394756 -0.929446
3.1 0.0746778 -0.92465
3.1 0.0746778 -0.92465
3.15 0.0746778 -0.92465
3.15 0.0732846 -0.917948
3.2 0.0942251 -0.912432
3.2 0.0942251 -0.912432
3.25 0.0942251 -0.912432
3.25 0.0942251 -0.912432
3.3 0.0942251 -0.912432
3.3 0.0942251 -0.912432
3.35 0.120948 -0.891867
3.35 0.120948 -0.891867
3.4 0.120948 -0.891867
3.4 0.120948 -0.891867
3.45 0.137618 -0.877885
3.45 0.137618 -0.877885
3.5 0.137618 -0.877885
3.5 0.137618 -0.877885
3.55 0.137618 -0.877885
3.55 0.134166 -0.865531
3.6 0.163527 -0.856656
3.6 0.163527 -0.856656
3.65 0.162729 -0.850639
3.7 0.178359 -0.842389
3.7 0.178359 -0.842389
3.75 0.178359 -0.842389
3.75 0.178359 -0.842389
3.8 0.178359 -0.842389
3.8 0.180356 -0.830291
3.85 0.203785 -0.819332
3.85 0.203785 -0.819332
3.9 0.205569 -0.813326
3.9 0.205569 -0.813326
3.95 0.222481 -0.803519
4 0.222481 -0.803519
4.05 0.23934 -0.787169
4.05 0.23934 -0.787169
4.1 0.23934 -0.787169
4.1 0.23934 -0.787169
4.15 0.23934 -0.787169
4.15 0.23934 -0.787169
4.2 0.265901 -0.761181
4.2 0.265901 -0.761181
4.25 0.265901 -0.761181
4.25 0.265901 -0.761181
4.3 0.285346 -0.743171
4.35 0.285346 -0.743171
4.35 0.285346 -0.743171
4.4 0.285346 -0.743171
4.4 0.295898 -0.730697
4.45 0.309628 -0.716951
4.45 0.309628 -0.716951
4.5 0.309628 -0.716951
4.5 0.309628 -0.716951
4.55 0.327233 -0.698221
4.55 0.327233 -0.698221
4.6 0.327233 -0.698221
4.6 0.327233 -0.698221
4.65 0.340813 -0.684854
4.65 0.340813 -0.684854
4.7 0.351083 -0.670695
4.7 0.351083 -0.670695
4.75 0.351083 -0.670695
4.75 0.351083 -0.670695
4.8 0.364227 -0.651819
4.8 0.364227 -0.651819
4.85 0.364227 -0.651819
4.85 0.364227 -0.651819
4.9 0.3772 -0.638815
4.95 0.384352 -0.623509
4.95 0.384352 -0.623509
5 0.384352 -0.623509
5 0.384352 -0.623509
5.05 0.395784 -0.604951
5.05 0.395784 -0.604951
5.1 0.395784 -0.604951
5.1 0.395784 -0.604951
5.15 0.395784 -0.604951
5.15 0.408 -0.59235
5.2 0.411616 -0.575873
5.25 0.411616 -0.575873
5.3 0.422159 -0.558965
5.35 0.422159 -0.558965
5.4 0.422159 -0.558965
5.45 0.435333 -0.53186
5.5 0.435333 -0.53186
5.5 0.435333 -0.53186
5.55 0.441989 -0.514716
5.55 0.441989 -0.514716
5.6 0.441989 -0.514716
5.6 0.441989 -0.514716
5.65 0.441989 -0.514716
5.7 0.452054 -0.488808
5.7 0.452054 -0.488808
5.75 0.452054 -0.488808
5.8 0.457231 -0.47169
5.85 0.457231 -0.47169
5.9 0.465238 -0.462293
5.9 0.465238 -0.462293
5.95 0.464714 -0.44652
6 0.464714 -0.44652
6 0.464714 -0.44652
6.05 0.465733 -0.431008
6.05 0.465733 -0.431008
6.1 0.465733 -0.431008
6.15 0.465733 -0.431008
6.15 0.465733 -0.431008
6.2 0.472327 -0.40787
6.2 0.472327 -0.40787
6.25 0.472327 -0.40787
6.25 0.472327 -0.40787
6.3 0.471327 -0.392824
6.3 0.471327 -0.392824
6.35 0.471327 -0.392824
6.35 0.471327 -0.392824
6.4 0.471327 -0.392824
6.4 0.477045 -0.385688
6.45 0.471452 -0.371391
6.45 0.471452 -0.371391
6.5 0.471452 -0.371391
6.5 0.471452 -0.371391
6.55 0.474292 -0.358202
6.55 0.474292 -0.358202
6.6 0.474292 -0.358202
6.65 0.47999 -0.351015
6.7 0.472896 -0.339732
6.7 0.472896 -0.339732
6.75 0.472896 -0.339732
6.75 0.472896 -0.339732
6.8 0.464756 -0.326618
6.8 0.464756 -0.326618
6.85 0.464756 -0.326618
6.85 0.464756 -0.326618
6.9 0.469567 -0.32061
6.9 0.469567 -0.32061
6.95 0.460742 -0.307121
7 0.460742 -0.307121
7.05 0.456576 -0.295693
7.05 0.456576 -0.295693
7.1 0.456576 -0.295693
7.15 0.456576 -0.295693
7.2 0.450763 -0.278222
7.2 0.450763 -0.278222
7.25 0.450763 -0.278222
7.25 0.450763 -0.278222
7.3 0.4476 -0.266741
7.3 0.4476 -0.266741
7.35 0.4476 -0.266741
7.4 0.451257 -0.262421
7.45 0.440473 -0.250353
7.5 0.440473 -0.250353
7.5 0.440473 -0.250353
7.55 0.434913 -0.240003
7.6 0.434913 -0.240003
7.65 0.434913 -0.240003
7.65 0.434913 -0.240003
7.7 0.427855 -0.224822
7.75 0.427855 -0.224822
7.8 0.422634 -0.215539
7.8 0.422634 -0.215539
7.85 0.422634 -0.215539
7.9 0.426237 -0.21119
7.95 0.413237 -0.201757
8 0.413237 -0.201757
8 0.413237 -0.201757
8.05 0.406475 -0.192562
8.1 0.408052 -0.190849
8.15 0.408052 -0.190849
8.15 0.408052 -0.190849
8.2 0.39526 -0.17973
8.2 0.39526 -0.17973
8.25 0.396853 -0.178004
8.3 0.388314 -0.171034
8.35 0.388314 -0.171034
8.4 0.389753 -0.169537
8.45 0.379452 -0.159194
8.5 0.380773 -0.157876
8.55 0.371345 -0.152292
8.6 0.371345 -0.152292
8.65 0.3724 -0.151508
8.7 0.362274 -0.142284
8.75 0.362274 -0.142284
8.75 0.362274 -0.142284
8.8 0.355096 -0.135804
8.85 0.356273 -0.134668
8.9 0.356273 -0.134668
8.95 0.356273 -0.134668
9 0.345133 -0.126687
9 0.345133 -0.126687
9.05 0.345133 -0.126687
9.05 0.339175 -0.120772
9.1 0.339175 -0.120772
9.15 0.339175 -0.120772
9.2 0.339175 -0.120772
9.2 0.339175 -0.120772
9.25 0.330747 -0.112253
9.3 0.330747 -0.112253
9.35 0.32321 -0.106751
9.4 0.32321 -0.106751
9.4 0.32321 -0.106751
9.45 0.32321 -0.106751
9.45 0.32321 -0.106751
9.5 0.314077 -0.0997565
9.5 0.314077 -0.0997565
9.55 0.314077 -0.0997565
9.55 0.314077 -0.0997565
9.6 0.307202 -0.0935011
9.65 0.307202 -0.0935011
9.7 0.307202 -0.0935011
9.75 0.298199 -0.0870732
9.75 0.298199 -0.0870732
9.8 0.290936 -0.0830199
9.85 0.291707 -0.0822798
9.85 0.291707 -0.0822798
9.9 0.291707 -0.0822798
9.95 0.281388 -0.0766357
9.95 0.281388 -0.0766357
10 0.281388 -0.0766357
10.05 0.275495 -0.0730159
10.05 0.275495 -0.0730159
10.1 0.275495 -0.0730159
10.1 0.275495 -0.0730159
10.15 0.276152 -0.0724411
10.2 0.266001 -0.0673477
10.25 0.266001 -0.0673477
10.3 0.26028 -0.0638897
10.35 0.26028 -0.0638897
10.35 0.26028 -0.0638897
10.4 0.260878 -0.063243
10.45 0.252944 -0.0593129
10.5 0.252944 -0.0593129
10.5 0.252944 -0.0593129
10.55 0.246709 -0.0564124
10.55 0.246709 -0.0564124
10.6 0.246709 -0.0564124
10.65 0.247264 -0.0558556
10.7 0.23951 -0.0519695
10.75 0.240081 -0.0513631
10.75 0.240081 -0.0513631
10.8 0.233289 -0.049018
10.8 0.233289 -0.049018
10.85 0.233289 -0.049018
10.9 0.23386 -0.0484159
10.9 0.23386 -0.0484159
10.95 0.226522 -0.0451571
10.95 0.226522 -0.0451571
11 0.226522 -0.0451571
11.05 0.220434 -0.0424069
11.1 0.220434 -0.0424069
11.15 0.220871 -0.0418856
11.15 0.220871 -0.0418856
11.2 0.213244 -0.0394563
11.2 0.213244 -0.0394563
11.25 0.213244 -0.0394563
11.3 0.208488 -0.0375057
11.35 0.208488 -0.0375057
11.4 0.208828 -0.0372007
11.45 0.208828 -0.0372007
11.5 0.201032 -0.0336955
11.55 0.201032 -0.0336955
11.6 0.196247 -0.0326325
11.6 0.196247 -0.0326325
11.65 0.196247 -0.0326325
11.7 0.196247 -0.0326325
11.75 0.19023 -0.0298402
11.8 0.19023 -0.0298402
11.85 0.184515 -0.0275897
11.9 0.184515 -0.0275897
11.95 0.179019 -0.025711
12 0.179019 -0.025711
12 0.179019 -0.025711
12.05 0.174395 -0.0240109
12.1 0.174395 -0.0240109
12.1 0.174395 -0.0240109
12.15 0.174656 -0.0236426
12.15 0.174656 -0.0236426
12.2 0.168191 -0.0220451
12.25 0.168191 -0.0220451
12.25 0.168191 -0.0220451
12.3 0.163865 -0.0202473
12.35 0.163865 -0.0202473
12.4 0.164082 -0.0199727
12.4 0.164082 -0.0199727
12.45 0.158854 -0.0187102
12.45 0.158854 -0.0187102
12.5 0.158854 -0.0187102
12.5 0.158854 -0.0187102
12.55 0.154517 -0.0183099
12.6 0.154649 -0.018214
12.65 0.154649 -0.018214
12.65 0.154649 -0.018214
12.7 0.148645 -0.0167913
12.75 0.148857 -0.0166152
12.8 0.144673 -0.0154606
12.85 0.144673 -0.0154606
12.9 0.144885 -0.0152845
12.9 0.144885 -0.0152845
12.95 0.138992 -0.013993
13 0.138992 -0.013993
13 0.138992 -0.013993
13.05 0.137275 -0.0129077
13.1 0.137371 -0.0128688
13.15 0.137371 -0.0128688
13.15 0.137371 -0.0128688
13.2 0.132028 -0.0118823
13.25 0.132028 -0.0118823
13.3 0.132159 -0.0118615
13.35 0.127963 -0.0116745
13.35 0.127963 -0.0116745
13.4 0.127963 -0.0116745
13.45 0.123847 -0.0105356
13.5 0.123847 -0.0105356
13.6 0.121073 -0.00909635
13.65 0.12114 -0.00900595
13.65 0.12114 -0.00900595
13.75 0.115676 -0.00914575
13.75 0.115676 -0.00914575
13.8 0.115676 -0.00914575
13.85 0.113316 -0.00818083
13.85 0.113316 -0.00818083
13.9 0.113316 -0.00818083
13.95 0.113316 -0.00818083
13.95 0.113316 -0.00818083
14 0.109355 -0.00695336
14 0.109355 -0.00695336
14.05 0.109355 -0.00695336
14.05 0.109355 -0.00695336
14.1 0.105585 -0.00683736
14.1 0.105585 -0.00683736
14.15 0.105585 -0.00683736
14.15 0.105585 -0.00683736
14.2 0.105585 -0.00683736
14.2 0.105585 -0.00683736
14.25 0.102705 -0.00637351
14.25 0.102705 -0.00637351
14.3 0.102705 -0.00637351
14.3 0.102705 -0.00637351
14.35 0.100218 -0.00632512
14.35 0.100218 -0.00632512
14.4 0.100218 -0.00632512
14.4 0.100218 -0.00632512
14.45 0.100218 -0.00632512
14.45 0.100218 -0.00632512
14.5 0.0966026 -0.00555384
14.5 0.0966026 -0.00555384
14.55 0.0966026 -0.00555384
14.55 0.0966026 -0.00555384
14.6 0.0940264 -0.00539799
14.65 0.0940264 -0.00539799
14.7 0.0904795 -0.00469944
14.75 0.0904795 -0.00469944
14.75 0.0904795 -0.00469944
14.8 0.090551 -0.00465446
14.8 0.090551 -0.00465446
14.9 0.0880565 -0.00351824
14.9 0.0880565 -0.00351824
14.95 0.0880565 -0.00351824
14.95 0.0880565 -0.00351824
15 0.0844812 -0.00366483
15 0.0844812 -0.00366483
15.05 0.0820642 -0.00372524
15.05 0.0820642 -0.00372524
15.1 0.0820642 -0.00372524
15.15 0.0820995 -0.00367399
15.2 0.0820995 -0.00367399
15.2 0.0820995 -0.00367399
15.25 -0.00799317 -0.998892
15.25 -0.00799317 -0.998892
15.3 -0.00799317 -0.998892
15.3 -0.00799317 -0.998892
15.35 -0.00904471 -0.996821
15.35 -0.00904471 -0.996821
15.4 -0.00904471 -0.996821
15.4 -0.00904471 -0.996821
15.45 -0.00904471 -0.996821
15.45 -0.00904471 -0.996821
15.5 0.00307621 -0.985024
15.5 0.00307621 -0.985024
15.55 0.00307621 -0.985024
15.55 0.00307621 -0.985024
15.6 0.0133428 -0.974027
15.6 0.0133428 -0.974027
15.65 0.0133428 -0.974027
15.7 0.0359156 -0.956335
15.75 0.0401818 -0.949546
15.8 0.0507179 -0.943921
15.8 0.0507179 -0.943921
15.85 0.0507179 -0.943921
15.85 0.0507179 -0.943921
15.9 0.0558732 -0.937015
15.9 0.0558732 -0.937015
15.95 0.0776381 -0.925098
15.95 0.0776381 -0.925098
16 0.0776381 -0.925098
16.05 0.0821765 -0.917971
16.05 0.0821765 -0.917971
16.1 0.0821765 -0.917971
16.15 0.10412 -0.902223
16.15 0.10412 -0.902223
16.2 0.124435 -0.888542
16.2 0.124435 -0.888542
16.25 0.124435 -0.888542
16.25 0.124435 -0.888542
16.3 0.130658 -0.880975
16.3 0.130658 -0.880975
16.35 0.130658 -0.880975
16.35 0.130658 -0.880975
16.4 0.155918 -0.867104
16.45 0.174795 -0.853257
16.5 0.174795 -0.853257
16.55 0.18033 -0.845429
16.55 0.18033 -0.845429
16.6 0.18033 -0.845429
16.6 0.18033 -0.845429
16.65 0.202855 -0.829506
16.7 0.202855 -0.829506
16.75 0.222469 -0.812999
16.8 0.222469 -0.812999
16.85 0.222469 -0.812999
16.9 0.252473 -0.787284
16.95 0.252473 -0.787284
16.95 0.252473 -0.787284
17 0.272274 -0.770255
17 0.272274 -0.770255
17.05 0.272274 -0.770255
17.1 0.272274 -0.770255
17.1 0.272274 -0.770255
17.15 0.300222 -0.742772
17.2 0.300222 -0.742772
17.25 0.317665 -0.724828
17.25 0.317665 -0.724828
17.3 0.317665 -0.724828
17.3 0.317665 -0.724828
17.35 0.317665 -0.724828
17.35 0.345617 -0.694879
17.4 0.345617 -0.694879
17.4 0.345617 -0.694879
17.45 0.345617 -0.694879
17.45 0.345617 -0.694879
17.5 0.361041 -0.676354
17.5 0.361041 -0.676354
17.55 0.361041 -0.676354
17.55 0.361041 -0.676354
17.6 0.361041 -0.676354
17.6 0.361041 -0.676354
17.65 0.385875 -0.645934
17.7 0.385875 -0.645934
17.7 0.385875 -0.645934
17.75 0.397977 -0.627327
17.8 0.397977 -0.627327
17.8 0.397977 -0.627327
17.85 0.397977 -0.627327
17.9 0.4176 -0.597384
17.95 0.43 -0.576855
17.95 0.43 -0.576855
18 0.43 -0.576855
18 0.440029 -0.564301
18.05 0.440029 -0.564301
18.05 0.440029 -0.564301
18.1 0.440029 -0.564301
18.1 0.440029 -0.564301
18.15 0.442682 -0.549378
18.15 0.442682 -0.549378
18.2 0.451993 -0.529606
18.25 0.451993 -0.529606
18.3 0.460358 -0.517322
18.3 0.460358 -0.517322
18.35 0.463053 -0.501318
18.4 0.470178 -0.489455
18.45 0.46831 -0.485003
18.5 0.474777 -0.473356
18.5 0.474777 -0.473356
18.55 0.474777 -0.473356
18.55 0.474777 -0.473356
18.6 0.477136 -0.45814
18.6 0.477136 -0.45814
18.65 0.477136 -0.45814
18.65 0.482659 -0.446698
18.7 0.480896 -0.440834
18.7 0.480896 -0.440834
18.75 0.485926 -0.429469
18.75 0.485926 -0.429469
18.8 0.485926 -0.429469
18.85 0.48451 -0.41557
18.85 0.48451 -0.41557
18.9 0.488855 -0.404398
18.9 0.488855 -0.404398
18.95 0.488855 -0.404398
18.95 0.488855 -0.404398
19 0.486353 -0.400284
19 0.486353 -0.400284
19.05 0.486353 -0.400284
19.05 0.486353 -0.400284
19.1 0.488593 -0.374927
19.1 0.488593 -0.374927
19.15 0.488593 -0.374927
19.15 0.492085 -0.363767
19.2 0.488509 -0.361011
19.25 0.488509 -0.361011
19.25 0.49112 -0.350627
19.3 0.49112 -0.350627
19.3 0.49112 -0.350627
19.35 0.49112 -0.350627
19.4 0.486099 -0.340498
19.4 0.486099 -0.340498
19.45 0.48571 -0.325794
19.5 0.48571 -0.325794
19.55 0.487407 -0.315784
19.6 0.478667 -0.305668
19.65 0.478667 -0.305668
19.7 0.477184 -0.292837
19.75 0.477184 -0.292837
19.75 0.477184 -0.292837
19.8 0.478131 -0.283212
19.8 0.478131 -0.283212
19.85 0.471595 -0.274312
19.9 0.471595 -0.274312
19.95 0.472101 -0.265057
19.95 0.472101 -0.265057
20 0.468635 -0.263505
20.05 0.468635 -0.263505
20.05 0.468635 -0.263505
20.1 0.468635 -0.263505
20.1 0.468635 -0.263505
20.15 0.462472 -0.245136
20.15 0.462472 -0.245136
20.2 0.456561 -0.233473
20.2 0.456561 -0.233473
20.25 0.456561 -0.233473
20.25 0.456561 -0.233473
20.3 0.456032 -0.224698
20.3 0.456032 -0.224698
20.35 0.449128 -0.217926
20.35 0.449128 -0.217926
20.4 0.449128 -0.217926
20.45 0.448112 -0.209782
20.45 0.448112 -0.209782
20.5 0.443295 -0.208919
20.5 0.443295 -0.208919
20.55 0.443295 -0.208919
20.6 0.433975 -0.193626
20.65 0.433975 -0.193626
20.7 0.426265 -0.184937
20.7 0.426265 -0.184937
20.75 0.42474 -0.177053
20.8 0.42474 -0.177053
20.8 0.42474 -0.177053
20.85 0.42474 -0.177053
20.9 0.416752 -0.172394
20.9 0.416752 -0.172394
20.95 0.410944 -0.163335
20.95 0.410944 -0.163335
21 0.410944 -0.163335
21.05 0.408919 -0.156439
21.05 0.408919 -0.156439
21.1 0.399306 -0.152179
21.15 0.397055 -0.145778
21.2 0.393019 -0.144649
21.25 0.390709 -0.138468
21.3 0.390709 -0.138468
21.35 0.382381 -0.13412
21.4 0.382381 -0.13412
21.45 0.379894 -0.128299
21.5 0.374364 -0.127929
21.55 0.374364 -0.127929
21.6 0.374364 -0.127929
21.65 0.364613 -0.11717
21.7 0.35785 -0.110741
21.75 0.35785 -0.110741
21.8 0.355217 -0.105604
21.8 0.355217 -0.105604
21.85 0.347167 -0.102999
21.9 0.347167 -0.102999
21.9 0.344467 -0.0984444
21.95 0.344467 -0.0984444
21.95 0.344467 -0.0984444
22 0.340106 -0.0977637
22 0.340106 -0.0977637
22.05 0.340106 -0.0977637
22.1 0.330312 -0.0891753
22.1 0.330312 -0.0891753
22.15 0.330312 -0.0891753
22.2 0.323032 -0.0847551
22.2 0.323032 -0.0847551
22.25 0.323032 -0.0847551
22.25 0.320317 -0.0804004
22.3 0.320317 -0.0804004
22.35 0.313134 -0.077995
22.35 0.313134 -0.077995
22.4 0.313134 -0.077995
22.45 0.307367 -0.0733667
22.45 0.307367 -0.0733667
22.5 0.307367 -0.0733667
22.55 0.304632 -0.069947
22.6 0.297805 -0.0671315
22.6 0.297805 -0.0671315
22.65 0.295075 -0.0636216
22.7 0.290885 -0.0637566
22.75 0.290885 -0.0637566
22.8 0.288194 -0.060519
22.85 0.281519 -0.0578172
22.85 0.281519 -0.0578172
22.9 0.278839 -0.0549746
22.9 0.278839 -0.0549746
22.95 0.274866 -0.0547968
22.95 0.274866 -0.0547968
23 0.274866 -0.0547968
23 0.274866 -0.0547968
23.05 0.272222 -0.0521257
23.05 0.272222 -0.0521257
23.1 0.266826 -0.0501993
23.1 0.266826 -0.0501993
23.15 0.266826 -0.0501993
23.15 0.264221 -0.0475095
23.2 0.264221 -0.0475095
23.25 0.261396 -0.0475176
23.25 0.261396 -0.0475176
23.3 0.261396 -0.0475176
23.3 0.261396 -0.0475176
23.35 0.251767 -0.0422069
23.35 0.251767 -0.0422069
23.4 0.251767 -0.0422069
23.4 0.249149 -0.0398546
23.45 0.2462 -0.0398113
23.5 0.243589 -0.0378458
23.55 0.243589 -0.0378458
23.55 0.243589 -0.0378458
23.6 0.237272 -0.0364162
23.65 0.237272 -0.0364162
23.7 0.233221 -0.0348481
23.75 0.233221 -0.0348481
23.8 0.230817 -0.0328149
23.8 0.230817 -0.0328149
23.85 0.225 -0.030784
23.85 0.225 -0.030784
23.9 0.225 -0.030784
23.95 0.220192 -0.0289485
24 0.220192 -0.0289485
24 0.220192 -0.0289485
24.05 0.217859 -0.0273397
24.05 0.217859 -0.0273397
24.1 0.211688 -0.0260657
24.15 0.211688 -0.0260657
24.15 0.211688 -0.0260657
24.2 0.207109 -0.0244805
24.2 0.207109 -0.0244805
24.25 0.207109 -0.0244805
24.3 0.204841 -0.0227742
24.3 0.204841 -0.0227742
24.35 0.204841 -0.0227742
24.4 0.200197 -0.0210658
24.4 0.200197 -0.0210658
24.45 0.195774 -0.019432
24.5 0.195774 -0.019432
24.55 0.193566 -0.0180616
24.55 0.193566 -0.0180616
24.6 0.187981 -0.0173783
24.65 0.187981 -0.0173783
24.65 0.185819 -0.0162336
24.7 0.184393 -0.0159496
24.7 0.184393 -0.0159496
24.75 0.184393 -0.0159496
24.75 0.182308 -0.0146828
24.8 0.182308 -0.0146828
24.8 0.182308 -0.0146828
24.85 0.177867 -0.0141738
24.85 0.177867 -0.0141738
24.9 0.175801 -0.0130754
24.95 0.173779 -0.0128818
25 0.171812 -0.01195
25.05 0.171812 -0.01195
25.1 0.171812 -0.01195
25.15 0.167313 -0.0114033
25.2 0.16276 -0.0108181
25.25 0.16276 -0.0108181
25.25 0.16276 -0.0108181
25.3 0.160852 -0.00995518
25.35 0.156703 -0.00977142
25.35 0.156703 -0.00977142
25.4 0.156703 -0.00977142
25.45 0.153594 -0.00834235
25.45 0.153594 -0.00834235
25.5 0.153594 -0.00834235
25.5 0.153594 -0.00834235
25.55 0.153594 -0.00834235
25.55 0.153594 -0.00834235
25.6 0.153594 -0.00834235
25.65 0.147937 -0.00711178
25.65 0.147937 -0.00711178
25.75 0.144823 -0.00602188
25.75 0.144823 -0.00602188
25.8 0.144823 -0.00602188
25.8 0.144823 -0.00602188
25.85 0.144823 -0.00602188
25.85 0.144823 -0.00602188
25.9 0.139256 -0.00507815
25.95 0.139256 -0.00507815
26 0.13526 -0.00499155
26.05 0.13526 -0.00499155
26.1 0.13526 -0.00499155
26.15 0.130481 -0.00390587
26.2 0.130481 -0.00390587
26.25 0.1269 -0.00296194
26.3 0.1269 -0.00296194
26.4 0.122365 -0.00174084
26.45 0.118599 -0.00177121
26.45 0.118599 -0.00177121
26.5 0.118599 -0.00177121
26.5 0.118599 -0.00177121
26.55 0.118599 -0.00177121
26.55 0.118599 -0.00177121
26.6 0.118599 -0.00177121
26.65 0.115328 -0.00127346
26.7 0.112553 -0.000529685
26.75 0.112933 -0.00140994
26.75 0.112933 -0.00140994
26.8 0.112933 -0.00140994
26.8 0.112933 -0.00140994
26.85 0.112933 -0.00140994
26.85 0.112933 -0.00140994
26.9 0.108953 -0.000632922
26.95 0.108953 -0.000632922
27 0.105626 9.74695e-05
27.05 0.105626 9.74695e-05
27.05 0.105626 9.74695e-05
27.1 0.105626 9.74695e-05
27.1 0.105626 9.74695e-05
27.15 0.101155 0.000234793
27.15 0.101155 0.000234793
27.2 0.101155 0.000234793
27.2 0.101155 0.000234793
27.25 0.0991254 0.000821027
27.25 0.0991254 0.000821027
27.3 0.0991254 0.000821027
27.3 0.0991254 0.000821027
27.35 0.0991254 0.000821027
27.35 0.0991254 0.000821027
27.4 0.094884 0.000816496
27.4 0.094884 0.000816496
27.45 0.094884 0.000816496
27.45 0.094884 0.000816496
27.5 0.0929592 0.001363
27.5 0.0929592 0.001363
27.55 0.0929592 0.001363
27.6 0.0929592 0.001363
27.6 0.0929592 0.001363
27.65 0.0888725 0.00132286
27.65 0.0888725 0.00132286
27.7 0.0888725 0.00132286
27.7 0.0888725 0.00132286
27.75 0.0869704 0.00188801
27.8 0.0869704 0.00188801
27.85 0.0869704 0.00188801
27.85 0.0869704 0.00188801
27.9 0.0832211 0.00159455
27.9 0.0832211 0.00159455
27.95 0.0832211 0.00159455
28 0.0811131 0.00227072
28.05 0.0811131 0.00227072
28.1 0.0784634 0.00225488
28.1 0.0784634 0.00225488
28.15 0.0784634 0.00225488
28.2 0.077487 0.00249161
28.25 0.0765492 0.00313331
28.3 0.0765492 0.00313331
28.35 0.0765492 0.00313331
28.4 -0.0121587 -0.993668
28.45 -0.0121587 -0.993668
28.5 -0.0102838 -0.991527
28.55 -0.0102838 -0.991527
28.55 -0.0102838 -0.991527
28.6 -0.0102838 -0.991527
28.65 -0.0056537 -0.978473
28.7 -0.0056537 -0.978473
28.7 -0.0056537 -0.978473
28.75 0.00295338 -0.968558
28.75 0.00295338 -0.968558
28.8 0.00295338 -0.968558
28.8 0.00295338 -0.968558
28.85 0.00731885 -0.951437
28.9 0.00731885 -0.951437
28.95 0.00594684 -0.939939
29 0.00594684 -0.939939
29.05 -0.00332324 -0.932834
29.1 0.000191066 -0.923368
29.1 0.000191066 -0.923368
29.15 0.000191066 -0.923368
29.2 -0.00439872 -0.912853
29.2 -0.00439872 -0.912853
29.25 -0.00439872 -0.912853
29.25 -0.0136893 -0.905611
29.3 -0.0136893 -0.905611
29.3 -0.0136893 -0.905611
29.35 -0.0189423 -0.895332
29.35 -0.0189423 -0.895332
29.4 -0.0189423 -0.895332
29.4 -0.0189423 -0.895332
29.45 -0.0258169 -0.885337
29.5 -0.0258169 -0.885337
29.5 -0.0258169 -0.885337
29.55 -0.0258169 -0.885337
29.6 -0.0418258 -0.867342
29.6 -0.0418258 -0.867342
29.65 -0.0531118 -0.859432
29.7 -0.0525646 -0.856655
29.75 -0.0650594 -0.84852
29.8 -0.0650594 -0.84852
29.85 -0.0707846 -0.837913
29.9 -0.0707846 -0.837913
29.95 -0.0843032 -0.825901
30 -0.0843032 -0.825901
30.05 -0.0982237 -0.816824
30.05 -0.0982237 -0.816824
30.1 -0.107508 -0.807359
30.15 -0.107508 -0.807359
30.15 -0.121918 -0.797637
30.2 -0.120376 -0.795161
30.25 -0.134279 -0.785148
30.3 -0.134279 -0.785148
30.3 -0.134279 -0.785148
30.35 -0.147019 -0.773921
30.4 -0.162406 -0.763002
30.45 -0.162406 -0.763002
30.45 -0.162406 -0.763002
30.5 -0.165122 -0.758839
30.5 -0.165122 -0.758839
30.55 -0.165122 -0.758839
30.55 -0.165122 -0.758839
30.6 -0.165122 -0.758839
30.65 -0.192908 -0.735553
30.7 -0.192908 -0.735553
30.7 -0.192908 -0.735553
30.75 -0.210037 -0.71952
30.8 -0.210037 -0.71952
30.85 -0.237021 -0.693294
30.9 -0.237021 -0.693294
30.9 -0.237021 -0.693294
30.95 -0.237021 -0.693294
30.95 -0.237021 -0.693294
31 -0.257649 -0.67542
31 -0.257649 -0.67542
31.05 -0.257649 -0.67542
31.05 -0.257649 -0.67542
31.1 -0.257649 -0.67542
31.1 -0.257649 -0.67542
31.15 -0.285911 -0.646196
31.15 -0.285911 -0.646196
31.2 -0.306285 -0.624845
31.2 -0.306285 -0.624845
31.25 -0.306285 -0.624845
31.3 -0.325003 -0.606382
31.35 -0.325003 -0.606382
31.35 -0.325003 -0.606382
31.4 -0.336639 -0.592604
31.4 -0.336639 -0.592604
31.45 -0.336639 -0.592604
31.45 -0.336639 -0.592604
31.5 -0.359352 -0.567412
31.5 -0.359352 -0.567412
31.55 -0.359352 -0.567412
31.55 -0.359352 -0.567412
31.6 -0.359352 -0.567412
31.6 -0.359352 -0.567412
31.65 -0.391737 -0.525987
31.65 -0.391737 -0.525987
31.7 -0.391737 -0.525987
31.7 -0.391737 -0.525987
31.75 -0.41367 -0.497132
31.75 -0.41367 -0.497132
31.8 -0.41367 -0.497132
31.8 -0.41367 -0.497132
31.85 -0.41367 -0.497132
31.85 -0.41367 -0.497132
31.9 -0.447635 -0.446073
31.9 -0.447635 -0.446073
31.95 -0.469356 -0.408223
31.95 -0.469356 -0.408223
32 -0.469356 -0.408223
32.05 -0.482646 -0.38477
32.1 -0.482646 -0.38477
32.1 -0.482646 -0.38477
32.15 -0.50003 -0.344133
32.15 -0.50003 -0.344133
32.2 -0.50003 -0.344133
32.2 -0.520163 -0.297436
32.25 -0.520163 -0.297436
32.25 -0.520163 -0.297436
32.3 -0.520163 -0.297436
32.35 -0.520163 -0.297436
32.35 -0.539249 -0.227395
32.4 -0.539249 -0.227395
32.45 -0.539249 -0.227395
32.5 -0.54603 -0.182494
32.5 -0.54603 -0.182494
32.55 -0.54603 -0.182494
32.55 -0.54603 -0.182494
32.6 -0.548943 -0.118861
32.65 -0.548943 -0.118861
32.65 -0.551418 -0.0996946
32.7 -0.545351 -0.0792942
32.75 -0.545351 -0.0792942
32.75 -0.545351 -0.0792942
32.8 -0.545351 -0.0792942
32.8 -0.546978 -0.0459303
32.85 -0.534464 -0.0268995
32.9 -0.534464 -0.0268995
32.9 -0.534307 -0.0109021
32.95 -0.525249 0.00126129
32.95 -0.525249 0.00126129
33 -0.525249 0.00126129
33 -0.525249 0.00126129
33.05 -0.525249 0.00126129
33.05 -0.525249 0.00126129
33.1 -0.510643 0.0460217
33.1 -0.510643 0.0460217
33.15 -0.510643 0.0460217
33.15 -0.509047 0.0615434
33.2 -0.494868 0.0760716
33.25 -0.494868 0.0760716
33.3 -0.494868 0.0760716
33.35 -0.474754 0.118241
33.4 -0.474754 0.118241
33.4 -0.474754 0.118241
33.45 -0.456923 0.144202
33.5 -0.456923 0.144202
33.5 -0.456923 0.144202
33.55 -0.44899 0.171213
33.55 -0.44899 0.171213
33.6 -0.427159 0.182479
33.6 -0.427159 0.182479
33.65 -0.427159 0.182479
33.65 -0.421976 0.195809
33.7 -0.405437 0.20595
33.7 -0.405437 0.20595
33.75 -0.405437 0.20595
33.75 -0.405437 0.20595
33.8 -0.39353 0.230315
33.85 -0.389019 0.230359
33.9 -0.382743 0.241533
33.95 -0.37573 0.245972
33.95 -0.37573 0.245972
34 -0.37573 0.245972
34.05 -0.37573 0.245972
34.05 -0.361646 0.267262
34.1 -0.361646 0.267262
34.1 -0.361646 0.267262
34.15 -0.346633 0.286838
34.15 -0.346633 0.286838
34.2 -0.346633 0.286838
34.2 -0.346633 0.286838
34.25 -0.346633 0.286838
34.25 -0.346633 0.286838
34.3 -0.331244 0.304261
34.3 -0.331244 0.304261
34.35 -0.331244 0.304261
34.35 -0.331244 0.304261
34.4 -0.315083 0.320179
34.4 -0.315083 0.320179
34.45 -0.306536 0.327648
34.45 -0.306536 0.327648
34.5 -0.306536 0.327648
34.5 -0.306536 0.327648
34.55 -0.306536 0.327648
34.55 -0.281346 0.346977
34.6 -0.281346 0.346977
34.6 -0.281346 0.346977
34.65 -0.281346 0.346977
34.65 -0.263422 0.358201
34.7 -0.185708 0.342163
34.7 -0.185708 0.342163
34.75 -0.185708 0.342163
34.75 -0.185708 0.342163
34.8 -0.185708 0.342163
34.85 -0.168125 0.346615
34.9 -0.162 0.339037
34.9 -0.162 0.339037
34.95 -0.144798 0.338048
34.95 -0.144798 0.338048
35 -0.144798 0.338048
35.05 -0.144798 0.338048
35.05 -0.128393 0.339168
35.1 -0.121349 0.335444
35.15 -0.121349 0.335444
35.15 -0.121349 0.335444
35.2 -0.113488 0.335123
35.2 -0.104728 0.332704
35.25 -0.104728 0.332704
35.3 -0.0894879 0.330717
35.35 -0.0823039 0.32786
35.35 -0.0823039 0.32786
35.4 -0.0823039 0.32786
35.4 -0.0752951 0.326125
35.45 -0.0706816 0.323227
35.45 -0.0706816 0.323227
35.5 -0.0706816 0.323227
35.5 -0.0706816 0.323227
35.55 -0.0575634 0.318874
35.6 -0.0498443 0.315887
35.6 -0.0498443 0.315887
35.65 -0.0498443 0.315887
35.65 -0.0498443 0.315887
35.7 -0.0369433 0.310315
35.7 -0.0369433 0.310315
35.75 -0.0369433 0.310315
35.75 -0.0369433 0.310315
35.8 -0.0369433 0.310315
35.8 -0.0369433 0.310315
35.85 -0.0194037 0.301064
35.85 -0.0194037 0.301064
35.9 -0.0142049 0.297531
35.9 -0.0142049 0.297531
35.95 -0.00948882 0.294602
35.95 -0.00948882 0.294602
36 -0.00948882 0.294602
36 -0.00948882 0.294602
36.05 -0.00948882 0.294602
36.05 -0.00948882 0.294602
36.1 0.0189606 0.267929
36.1 0.0189606 0.267929
36.2 0.0284387 0.259308
36.25 0.0284387 0.259308
36.3 0.0284387 0.259308
36.35 0.0406105 0.247814
36.4 0.0406105 0.247814
36.45 0.0473228 0.240681
36.5 0.0473228 0.240681
36.55 0.0473228 0.240681
36.6 0.057461 0.229673
36.65 0.057461 0.229673
36.7 0.0632479 0.222531
36.75 0.0632479 0.222531
36.8 0.0632479 0.222531
36.85 0.0719097 0.211444
36.9 0.0719097 0.211444
36.95 0.0771362 0.204583
37 0.0771362 0.204583
37.05 0.0771362 0.204583
37.05 0.0771362 0.204583
37.1 0.0829601 0.193557
37.1 0.0829601 0.193557
37.15 0.0829601 0.193557
37.2 0.0854564 0.187154
37.2 0.0854564 0.187154
37.25 0.0854564 0.187154
37.25 0.0854564 0.187154
37.3 0.0854564 0.187154
37.3 0.0854564 0.187154
37.35 0.0902018 0.176812
37.4 0.0902018 0.176812
37.4 0.0902018 0.176812
37.45 0.0922121 0.170771
37.45 0.0922121 0.170771
37.5 0.0922121 0.170771
37.5 0.0922121 0.170771
37.55 0.0922121 0.170771
37.55 0.0922121 0.170771
37.6 0.0959264 0.160758
37.65 0.0959264 0.160758
37.7 0.0973245 0.154843
37.7 0.0973245 0.154843
37.75 0.0973245 0.154843
37.75 0.0973245 0.154843
37.8 0.0973245 0.154843
37.85 0.0992483 0.146048
37.85 0.0992483 0.146048
37.9 0.0992483 0.146048
37.95 0.10014 0.140438
38 0.10014 0.140438
38 0.10014 0.140438
38.05 0.10014 0.140438
38.05 0.10014 0.140438
38.1 0.10137 0.131936
38.15 0.10137 0.131936
38.2 0.102474 0.126508
38.2 0.102474 0.126508
38.25 0.102474 0.126508
38.25 0.102474 0.126508
38.3 0.102474 0.126508
38.3 0.102302 0.12105
38.35 0.101959 0.119173
38.4 0.101959 0.119173
38.45 0.102595 0.113978
38.45 0.102595 0.113978
38.5 0.102595 0.113978
38.5 0.102595 0.113978
38.55 0.10219 0.108919
38.6 0.10219 0.108919
38.65 0.102198 0.106818
38.65 0.102198 0.106818
38.7 0.102516 0.101932
38.75 0.102516 0.101932
38.8 0.102516 0.101932
38.85 0.101771 0.0976076
38.9 0.101761 0.0950993
38.95 0.101221 0.0909501
39 0.101221 0.0909501
39 0.101221 0.0909501
39.05 0.101221 0.0909501
39.05 0.100463 0.0871176
39.1 0.0991538 0.0855713
39.1 0.0991538 0.0855713
39.15 0.0991538 0.0855713
39.2 0.0987464 0.0837494
39.25 0.0983091 0.0818773
39.3 0.0983091 0.0818773
39.3 0.0983091 0.0818773
39.35 0.0983091 0.0818773
39.35 0.0983091 0.0818773
39.4 0.0968248 0.0757818
39.4 0.0968248 0.0757818
39.45 0.0968248 0.0757818
39.45 0.0968248 0.0757818
39.5 0.0958519 0.07212
39.55 0.0958519 0.07212
39.55 0.0958519 0.07212
39.6 0.094336 0.0677908
39.65 0.094336 0.0677908
39.65 0.094336 0.0677908
39.7 0.0933227 0.0645805
39.75 0.0933227 0.0645805
39.75 0.0933227 0.0645805
39.8 0.092379 0.0618945
39.85 0.0909996 0.0597567
39.85 0.0909996 0.0597567
39.9 0.0905992 0.0585802
39.9 0.0905992 0.0585802
39.95 0.0891101 0.0575447
40 0.0891101 0.0575447
40 0.0891101 0.0575447
40.05 0.0881766 0.0553814
40.05 0.0881766 0.0553814
40.1 0.0881766 0.0553814
40.1 0.0881766 0.0553814
40.15 0.0875418 0.0536152
40.15 0.0875418 0.0536152
40.2 0.0858263 0.0515886
40.2 0.0858263 0.0515886
40.25 0.0858263 0.0515886
40.25 0.0858263 0.0515886
40.3 0.0850013 0.0496091
40.35 0.0834622 0.0469348
40.4 0.0834622 0.0469348
40.4 0.0834622 0.0469348
40.45 0.0826358 0.0450498
40.45 0.0826358 0.0450498
40.5 0.0826358 0.0450498
40.5 0.0826358 0.0450498
40.55 0.0826358 0.0450498
40.55 0.0826358 0.0450498
40.6 0.0804833 0.0427338
40.65 0.0804833 0.0427338
40.65 0.0804833 0.0427338
40.7 0.0801194 0.0419489
40.7 0.0801194 0.0419489
40.75 0.077816 0.0403585
40.75 0.077816 0.0403585
40.8 0.077816 0.0403585
40.8 0.077816 0.0403585
40.85 0.0770629 0.0388193
40.85 0.0770629 0.0388193
40.9 0.0764974 0.0382903
40.9 0.0764974 0.0382903
40.95 0.0750907 0.0361217
41 0.0750907 0.0361217
41 0.0750907 0.0361217
41.05 0.0750907 0.0361217
41.05 0.0744667 0.0347542
41.1 0.072067 0.0331287
41.1 0.072067 0.0331287
41.15 0.072067 0.0331287
41.15 0.0717712 0.0325262
41.2 0.0711644 0.0317688
41.2 0.0711644 0.0317688
41.25 0.0711644 0.0317688
41.3 0.0711644 0.0317688
41.3 0.0705618 0.0305705
41.35 0.0693516 0.0291701
41.4 0.0693516 0.0291701
41.4 0.0690701 0.0286439
41.45 0.0678445 0.0270413
41.45 0.0678445 0.0270413
41.5 0.0678445 0.0270413
41.5 0.0678445 0.0270413
41.55 0.0678445 0.0270413
41.55 0.0672966 0.0261951
41.6 0.0654605 0.0257269
41.6 0.0654605 0.0257269
41.65 0.0654605 0.0257269
41.65 0.0651872 0.0253074
41.7 0.0651872 0.0253074
41.7 0.0651872 0.0253074
41.75 0.0646611 0.0248026
41.75 0.0646611 0.0248026
41.8 0.0646611 0.0248026
41.8 0.0646611 0.0248026
41.85 0.0646611 0.0248026
41.9 0.0617364 0.0231685
41.9 0.0617364 0.0231685
41.95 0.0607231 0.0220245
41.95 0.0607231 0.0220245
42 0.0607231 0.0220245
42.05 0.0607231 0.0220245
42.05 0.0607231 0.0220245
42.1 0.0584645 0.0212413
42.15 0.0584645 0.0212413
42.2 0.0579516 0.0194976
42.25 0.0579516 0.0194976
42.3 0.0579516 0.0194976
42.35 0.0549546 0.0175722
42.35 0.0549546 0.0175722
42.4 0.0549546 0.0175722
42.4 0.0547382 0.0172761
42.45 0.0540516 0.017012
42.5 0.0540516 0.017012
42.5 0.0540516 0.017012
42.55 0.0540516 0.017012
42.55 0.0540516 0.017012
42.6 0.0540516 0.017012
42.6 0.0540516 0.017012
42.65 0.0520544 0.0162629
42.7 0.0520544 0.0162629
42.75 0.0514954 0.014832
42.8 0.0514954 0.014832
42.8 0.0514954 0.014832
42.85 0.0498239 0.0130386
42.85 0.0498239 0.0130386
42.9 0.0498239 0.0130386
42.9 0.049679 0.0128255
42.95 0.0478022 0.012554
42.95 0.0478022 0.012554
43 0.0478022 0.012554
43 0.0478022 0.012554
43.05 0.0478022 0.012554
43.05 0.0478022 0.012554
43.1 0.0467934 0.0119681
43.15 0.0466095 0.0117206
43.2 0.0461683 0.0116854
43.25 0.0461683 0.0116854
43.25 0.0461683 0.0116854
43.3 0.0461683 0.0116854
43.3 0.0461683 0.0116854
43.35 0.0444251 0.0102052
43.35 0.0444251 0.0102052
43.4 0.0444251 0.0102052
43.4 0.0443567 0.0100757
43.45 0.0443567 0.0100757
43.45 0.0443567 0.0100757
43.5 0.0425915 0.0100511
43.5 0.0425915 0.0100511
43.55 0.0425915 0.0100511
43.6 0.0416056 0.00981583
43.6 0.0416056 0.00981583
43.65 0.0416056 0.00981583
43.7 0.0398428 0.00993248
43.75 0.0398428 0.00993248
43.8 0.0395449 0.0095696
43.8 0.0395449 0.0095696
43.85 0.0395449 0.0095696
43.85 0.0391535 0.00838302
43.9 0.0391535 0.00838302
43.9 0.0391535 0.00838302
43.95 0.0391535 0.00838302
43.95 0.0391535 0.00838302
44 0.0387287 0.0079452
44.05 0.0387287 0.0079452
44.05 0.0387287 0.0079452
44.1 0.0387287 0.0079452
44.15 0.0369332 0.00797486
44.15 0.0369332 0.00797486
44.2 0.0352748 0.00719125
44.2 0.0352748 0.00719125
44.25 0.0352748 0.00719125
44.25 0.0352748 0.00719125
44.3 0.0352748 0.00719125
44.3 0.0352748 0.00719125
44.35 0.0336087 0.00575855
44.35 0.0336087 0.00575855
44.4 0.0336087 0.00575855
44.4 0.0335323 0.00566038
44.45 0.0326657 0.00670702
44.5 0.0326657 0.00670702
44.55 0.0326657 0.00670702
44.6 0.0321646 0.00532151
44.6 0.0321646 0.00532151
44.65 0.0321646 0.00532151
44.7 0.0318164 0.00499661
44.7 0.0318164 0.00499661
44.75 0.0318164 0.00499661
44.75 0.0318164 0.00499661
44.8 0.0318164 0.00499661
44.8 0.0318164 0.00499661
44.85 0.0301864 0.00397716
44.9 0.0301864 0.00397716
44.95 0.029456 0.00504255
45 0.029456 0.00504255
45.05 0.029456 0.00504255
45.1 0.0290753 0.00363683
45.15 0.0290753 0.00363683
45.2 0.0274723 0.0039958
45.25 0.0274723 0.0039958
45.3 0.0274723 0.0039958
45.35 0.0268159 0.00389464
45.4 0.0267378 0.00381267
45.4 0.0267378 0.00381267
45.45 0.0264208 0.00382881
45.45 0.0264208 0.00382881
45.5 0.0264208 0.00382881
45.55 0.0264208 0.00382881
45.6 0.0248738 0.0029365
45.6 0.0248738 0.0029365
45.65 0.0248738 0.0029365
45.7 0.0244569 0.00258241
45.75 0.0244569 0.00258241
45.8 0.0244569 0.00258241
45.8 0.0244569 0.00258241
45.85 0.0240076 0.00254707
45.9 0.0240076 0.00254707
45.95 0.022462 0.00308038
45.95 0.022462 0.00308038
46 0.022462 0.00308038
46.05 0.022462 0.00308038
46.1 0.0223793 0.00303817
46.15 0.0218951 0.00309074
46.2 0.0218951 0.00309074
46.2 0.0218951 0.00309074
46.25 0.0217124 0.00189666
46.3 0.0217124 0.00189666
46.35 0.0211868 0.00264896
46.4 0.0211868 0.00264896
46.45 0.0198059 0.00210841
46.45 0.0198059 0.00210841
46.5 0.0198059 0.00210841
46.5 0.0198059 0.00210841
46.55 0.0198044 0.00212263
46.55 0.0198044 0.00212263
46.6 0.0193431 0.00195368
46.6 0.0193431 0.00195368
46.65 0.0193431 0.00195368
46.65 0.0193431 0.00195368
46.7 0.0190277 0.00207322
46.7 0.0190277 0.00207322
46.75 0.0190277 0.00207322
46.75 0.0190277 0.00207322
46.8 0.0190277 0.00207322
46.8 0.0190268 0.0020861
46.85 0.0190268 0.0020861
46.85 0.0190268 0.0020861
46.9 0.018664 0.00196973
46.9 0.018664 0.00196973
46.95 0.0184295 0.00195497
46.95 0.0184295 0.00195497
47 0.0184295 0.00195497
47 0.0184295 0.00195497
47.05 0.0184295 0.00195497
47.05 0.0184295 0.00195497
47.1 0.0184289 0.00196632
47.1 0.0184289 0.00196632
47.15 0.0169748 0.00111233
47.2 0.0169748 0.00111233
47.2 0.0169748 0.00111233
47.25 0.103335 -0.995411
47.3 0.103335 -0.995411
47.35 0.103335 -0.995411
47.4 0.103196 -0.988629
47.45 0.105424 -0.978975
47.45 0.105424 -0.978975
47.5 0.105424 -0.978975
47.55 0.110801 -0.96547
47.6 0.110801 -0.96547
47.6 0.110801 -0.96547
47.65 0.116648 -0.962408
47.7 0.116648 -0.962408
47.7 0.116648 -0.962408
47.75 0.130658 -0.949378
47.75 0.130658 -0.949378
47.8 0.130658 -0.949378
47.85 0.149863 -0.927664
47.85 0.149863 -0.927664
47.9 0.149863 -0.927664
47.95 0.16378 -0.913451
47.95 0.16378 -0.913451
48 0.16378 -0.913451
48 0.16378 -0.913451
48.05 0.172837 -0.897382
48.05 0.172837 -0.897382
48.1 0.189518 -0.891766
48.1 0.189518 -0.891766
48.15 0.189518 -0.891766
48.2 0.194023 -0.883583
48.2 0.194023 -0.883583
48.25 0.20678 -0.878071
48.3 0.20678 -0.878071
48.3 0.20678 -0.878071
48.35 0.234747 -0.85226
48.35 0.234747 -0.85226
48.4 0.234747 -0.85226
48.4 0.234747 -0.85226
48.45 0.242387 -0.843249
48.5 0.253053 -0.836224
48.55 0.253053 -0.836224
48.55 0.253053 -0.836224
48.6 0.282325 -0.810262
48.6 0.282325 -0.810262
48.7 0.299478 -0.792908
48.75 0.299478 -0.792908
48.75 0.299478 -0.792908
48.8 0.299478 -0.792908
48.8 0.299478 -0.792908
48.85 0.322113 -0.771669
48.9 0.329201 -0.765336
48.9 0.329201 -0.765336
