2.4 0 -4
2.4 0 -4
2.45 0 -4
2.45 0 -4
2.5 0 -4
2.5 0 -4
2.55 0 -4
2.6 0 -4
2.65 0 -4
2.65 0 -4
2.7 0 -4
2.75 0 -4
2.8 0 -4
2.85 0 -4
2.9 0 -4
2.95 0 -4
2.95 0 -4
3 0 -4
3 0 -4
3.05 0 -4
3.05 0 -4
3.1 0 -4
3.1 0 -4
3.15 0 -4
3.15 0 -4
3.2 0 -4
3.2 0 -4
3.25 0 -4
3.25 0 -4
3.3 0 -4
3.3 0 -4
3.35 0 -4
3.35 0 -4
3.4 0 -4
3.4 0 -4
3.45 0 -4
3.45 0 -4
3.5 0 -4
3.5 0 -4
3.55 0 -4
3.55 0 -4
3.6 0 -4
3.6 0 -4
3.65 0 -4
3.7 0 -4
3.7 0 -4
3.75 0 -4
3.75 0 -4
3.8 0 -4
3.8 0 -4
3.85 0 -4
3.85 0 -4
3.9 0 -4
3.9 0 -4
3.95 0 -4
4 0 -4
4 0 -4
4.05 0 -4
4.05 0 -4
4.1 0 -4
4.1 0 -4
4.15 0 -4
4.15 0 -4
4.2 0 -4
4.2 0 -4
4.25 0 -4
4.25 0 -4
4.3 0 -4
4.3 0 -4
4.35 0 -4
4.35 0 -4
4.4 0 -4
4.4 0 -4
4.45 0 -4
4.45 0 -4
4.5 0 -4
4.5 0 -4
4.55 0 -4
4.55 0 -4
4.6 0 -4
4.6 0 -4
4.65 0 -4
4.65 0 -4
4.7 0 -4
4.7 0 -4
4.75 0 -4
4.75 0 -4
4.8 0 -4
4.8 0 -4
4.85 0 -4
4.85 0 -4
4.9 0 -4
4.95 0 -4
4.95 0 -4
5 0 -4
5 0 -4
5.05 0 -4
5.05 0 -4
5.1 0 -4
5.1 0 -4
5.15 0 -4
5.15 0 -4
5.2 0 -4
5.25 0 -4
5.3 0 -4
5.35 0 -4
5.4 0 -4
5.45 0 -4
5.5 0 -4
5.5 0 -4
5.55 0 -4
5.6 0 -4
5.6 0 -4
5.65 0 -4
5.7 0 -4
5.75 0 -4
5.75 0 -4
5.8 0 -4
5.8 0 -4
5.85 0 -4
5.9 0 -4
5.9 0 -4
5.95 0 -4
6 0 -4
6.05 0 -4
6.1 0 -4
6.15 0 -4
6.15 0 -4
6.2 0 -4
6.2 0 -4
6.25 0 -4
6.25 0 -4
6.3 0 -4
6.35 0 -4
6.35 0 -4
6.4 0 -4
6.45 0 -4
6.45 0 -4
6.5 0 -4
6.5 0 -4
6.55 0 -4
6.6 0 -4
6.65 0 -4
6.7 0 -4
6.7 0 -4
6.75 0 -4
6.75 0 -4
6.8 0 -4
6.85 0 -4
6.85 0 -4
6.9 0 -4
6.95 0 -4
7 0 -4
7 0 -4
7.05 0 -4
7.05 0 -4
7.1 0 -4
7.15 0 -4
7.2 0 -4
7.2 0 -4
7.25 0 -4
7.25 0 -4
7.3 0 -4
7.3 0 -4
7.35 0 -4
7.4 0 -4
7.45 0 -4
7.45 0 -4
7.5 0 -4
7.55 0 -4
7.55 0 -4
7.6 0 -4
7.6 0 -4
7.65 0 -4
7.65 0 -4
7.7 0 -4
7.75 0 -4
7.8 0 -4
7.8 0 -4
7.85 0 -4
7.9 0 -4
7.95 0 -4
8 0 -4
8 0 -4
8.05 0 -4
8.1 0 -4
8.15 0 -4
8.15 0 -4
8.2 0 -4
8.2 0 -4
8.25 0 -4
8.3 0 -4
8.35 0 -4
8.4 0 -4
8.45 0 -4
8.5 0 -4
8.55 0 -4
8.55 0 -4
8.6 0 -4
8.65 0 -4
8.7 0 -4
8.75 0 -4
8.75 0 -4
8.8 0 -4
8.85 0 -4
8.9 0 -4
8.95 0 -4
8.95 0 -4
9 0 -4
9 0 -4
9.05 0 -4
9.1 0 -4
9.15 0 -4
9.15 0 -4
9.2 0 -4
9.2 0 -4
9.25 0 -4
9.3 0 -4
9.3 0 -4
9.35 0 -4
9.4 0 -4
9.4 0 -4
9.45 0 -4
9.45 0 -4
9.5 0 -4
9.55 0 -4
9.55 0 -4
9.6 0 -4
9.65 0 -4
9.65 0 -4
9.7 0 -4
9.75 0 -4
9.75 0 -4
9.8 0 -4
9.85 0 -4
9.9 0 -4
9.95 0 -4
9.95 0 -4
10 0 -4
10.05 0 -4
10.05 0 -4
10.1 0 -4
10.1 0 -4
10.15 0 -4
10.2 0 -4
10.2 0 -4
10.25 0 -4
10.3 0 -4
10.35 0 -4
10.35 0 -4
10.4 0 -4
10.4 0 -4
10.45 0 -4
10.5 0 -4
10.5 0 -4
10.55 0 -4
10.55 0 -4
10.6 0 -4
10.65 0 -4
10.7 0 -4
10.75 0 -4
10.75 0 -4
10.8 0 -4
10.8 0 -4
10.85 0 -4
10.9 0 -4
10.9 0 -4
10.95 0 -4
10.95 0 -4
11 0 -4
11.05 0 -4
11.05 0 -4
11.1 0 -4
11.15 0 -4
11.15 0 -4
11.2 0 -4
11.2 0 -4
11.25 0 -4
11.3 0 -4
11.3 0 -4
11.35 0 -4
11.35 0 -4
11.4 0 -4
11.45 0 -4
11.5 0 -4
11.55 0 -4
11.6 0 -4
11.6 0 -4
11.65 0 -4
11.7 0 -4
11.75 0 -4
11.8 0 -4
11.8 0 -4
11.85 0 -4
11.9 0 -4
11.9 0 -4
11.95 0 -4
12 0 -4
12 0 -4
12.05 0 -4
12.1 0 -4
12.1 0 -4
12.15 0 -4
12.15 0 -4
12.2 0 -4
12.25 0 -4
12.25 0 -4
12.3 0 -4
12.3 0 -4
12.35 0 -4
12.4 0 -4
12.4 0 -4
12.45 0 -4
12.45 0 -4
12.5 0 -4
12.55 0 -4
12.6 0 -4
12.65 0 -4
12.65 0 -4
12.7 0 -4
12.75 0 -4
12.8 0 -4
12.85 0 -4
12.9 0 -4
12.9 0 -4
12.95 0 -4
13 0 -4
13 0 -4
13.05 0 -4
13.05 0 -4
13.1 0 -4
13.1 0 -4
13.15 0 -4
13.15 0 -4
13.2 0 -4
13.25 0 -4
13.3 0 -4
13.35 0 -4
13.35 0 -4
13.4 0 -4
13.45 0 -4
13.5 0 -4
13.6 0 -4
13.65 0 -4
13.65 0 -4
13.75 0 -4
13.75 0 -4
13.8 0 -4
13.85 0 -4
13.85 0 -4
13.9 0 -4
13.95 0 -4
13.95 0 -4
14 0 -4
14 0 -4
14.05 0 -4
14.05 0 -4
14.1 0 -4
14.1 0 -4
14.15 0 -4
14.15 0 -4
14.2 0 -4
14.2 0 -4
14.25 0 -4
14.25 0 -4
14.3 0 -4
14.3 0 -4
14.35 0 -4
14.35 0 -4
14.4 0 -4
14.4 0 -4
14.45 0 -4
14.45 0 -4
14.5 0 -4
14.5 0 -4
14.55 0 -4
14.55 0 -4
14.6 0 -4
14.65 0 -4
14.7 0 -4
14.75 0 -4
14.75 0 -4
14.8 0 -4
14.8 0 -4
14.85 0 -4
14.9 0 -4
14.95 0 -4
14.95 0 -4
15 0 -4
15 0 -4
15.05 0 -4
15.05 0 -4
15.1 0 -4
15.15 0 -4
15.15 0 -4
15.2 0 -4
15.2 0 -4
15.25 -4 -4
15.25 -4 -4
15.3 -4 -4
15.3 -4 -4
15.35 -4 -4
15.35 -4 -4
15.4 -4 -4
15.4 -4 -4
15.45 -4 -4
15.45 -4 -4
15.5 -4 -4
15.5 -4 -4
15.55 -4 -4
15.55 -4 -4
15.6 -4 -4
15.6 -4 -4
15.65 -4 -4
15.7 -4 -4
15.75 -4 -4
15.75 -4 -4
15.8 -4 -4
15.8 -4 -4
15.85 -4 -4
15.85 -4 -4
15.9 -4 -4
15.9 -4 -4
15.95 -4 -4
15.95 -4 -4
16 -4 -4
16.05 -4 -4
16.05 -4 -4
16.1 -4 -4
16.15 -4 -4
16.15 -4 -4
16.2 -4 -4
16.2 -4 -4
16.25 -4 -4
16.25 -4 -4
16.3 -4 -4
16.3 -4 -4
16.35 -4 -4
16.35 -4 -4
16.4 -4 -4
16.45 -4 -4
16.5 -4 -4
16.55 -4 -4
16.55 -4 -4
16.6 -4 -4
16.6 -4 -4
16.65 -4 -4
16.7 -4 -4
16.75 -4 -4
16.75 -4 -4
16.8 -4 -4
16.85 -4 -4
16.9 -4 -4
16.95 -4 -4
16.95 -4 -4
17 -4 -4
17 -4 -4
17.05 -4 -4
17.1 -4 -4
17.1 -4 -4
17.15 -4 -4
17.15 -4 -4
17.2 -4 -4
17.2 -4 -4
17.25 -4 -4
17.25 -4 -4
17.3 -4 -4
17.3 -4 -4
17.35 -4 -4
17.35 -4 -4
17.4 -4 -4
17.4 -4 -4
17.45 -4 -4
17.45 -4 -4
17.5 -4 -4
17.5 -4 -4
17.55 -4 -4
17.55 -4 -4
17.6 -4 -4
17.6 -4 -4
17.65 -4 -4
17.7 -4 -4
17.7 -4 -4
17.75 -4 -4
17.8 -4 -4
17.8 -4 -4
17.85 -4 -4
17.9 -4 -4
17.95 -4 -4
17.95 -4 -4
18 -4 -4
18 -4 -4
18.05 -4 -4
18.05 -4 -4
18.1 -4 -4
18.1 -4 -4
18.15 -4 -4
18.15 -4 -4
18.2 -4 -4
18.25 -4 -4
18.3 -4 -4
18.3 -4 -4
18.35 -4 -4
18.4 -4 -4
18.45 -4 -4
18.45 -4 -4
18.5 -4 -4
18.5 -4 -4
18.55 -4 -4
18.55 -4 -4
18.6 -4 -4
18.6 -4 -4
18.65 -4 -4
18.65 -4 -4
18.7 -4 -4
18.7 -4 -4
18.75 -4 -4
18.75 -4 -4
18.8 -4 -4
18.85 -4 -4
18.85 -4 -4
18.9 -4 -4
18.9 -4 -4
18.95 -4 -4
18.95 -4 -4
19 -4 -4
19 -4 -4
19.05 -4 -4
19.05 -4 -4
19.1 -4 -4
19.1 -4 -4
19.15 -4 -4
19.15 -4 -4
19.2 -4 -4
19.25 -4 -4
19.25 -4 -4
19.3 -4 -4
19.3 -4 -4
19.35 -4 -4
19.4 -4 -4
19.4 -4 -4
19.45 -4 -4
19.5 -4 -4
19.55 -4 -4
19.6 -4 -4
19.65 -4 -4
19.7 -4 -4
19.75 -4 -4
19.75 -4 -4
19.8 -4 -4
19.8 -4 -4
19.85 -4 -4
19.9 -4 -4
19.95 -4 -4
19.95 -4 -4
20 -4 -4
20.05 -4 -4
20.05 -4 -4
20.1 -4 -4
20.1 -4 -4
20.15 -4 -4
20.2 -4 -4
20.2 -4 -4
20.25 -4 -4
20.3 -4 -4
20.3 -4 -4
20.35 -4 -4
20.4 -4 -4
20.45 -4 -4
20.45 -4 -4
20.5 -4 -4
20.5 -4 -4
20.55 -4 -4
20.6 -4 -4
20.65 -4 -4
20.7 -4 -4
20.7 -4 -4
20.75 -4 -4
20.8 -4 -4
20.8 -4 -4
20.85 -4 -4
20.9 -4 -4
20.9 -4 -4
20.95 -4 -4
20.95 -4 -4
21 -4 -4
21.05 -4 -4
21.05 -4 -4
21.1 -4 -4
21.15 -4 -4
21.2 -4 -4
21.25 -4 -4
21.3 -4 -4
21.35 -4 -4
21.4 -4 -4
21.45 -4 -4
21.5 -4 -4
21.55 -4 -4
21.6 -4 -4
21.65 -4 -4
21.7 -4 -4
21.75 -4 -4
21.8 -4 -4
21.8 -4 -4
21.85 -4 -4
21.9 -4 -4
21.9 -4 -4
21.95 -4 -4
21.95 -4 -4
22 -4 -4
22 -4 -4
22.05 -4 -4
22.1 -4 -4
22.1 -4 -4
22.15 -4 -4
22.2 -4 -4
22.2 -4 -4
22.25 -4 -4
22.25 -4 -4
22.3 -4 -4
22.35 -4 -4
22.35 -4 -4
22.4 -4 -4
22.45 -4 -4
22.5 -4 -4
22.55 -4 -4
22.6 -4 -4
22.65 -4 -4
22.7 -4 -4
22.75 -4 -4
22.8 -4 -4
22.85 -4 -4
22.85 -4 -4
22.9 -4 -4
22.9 -4 -4
22.95 -4 -4
22.95 -4 -4
23 -4 -4
23 -4 -4
23.05 -4 -4
23.05 -4 -4
23.1 -4 -4
23.1 -4 -4
23.15 -4 -4
23.15 -4 -4
23.2 -4 -4
23.25 -4 -4
23.25 -4 -4
23.3 -4 -4
23.3 -4 -4
23.35 -4 -4
23.35 -4 -4
23.4 -4 -4
23.4 -4 -4
23.45 -4 -4
23.5 -4 -4
23.55 -4 -4
23.55 -4 -4
23.6 -4 -4
23.65 -4 -4
23.7 -4 -4
23.75 -4 -4
23.8 -4 -4
23.8 -4 -4
23.85 -4 -4
23.85 -4 -4
23.9 -4 -4
23.95 -4 -4
24 -4 -4
24 -4 -4
24.05 -4 -4
24.05 -4 -4
24.1 -4 -4
24.15 -4 -4
24.15 -4 -4
24.2 -4 -4
24.2 -4 -4
24.25 -4 -4
24.3 -4 -4
24.3 -4 -4
24.35 -4 -4
24.4 -4 -4
24.45 -4 -4
24.5 -4 -4
24.55 -4 -4
24.55 -4 -4
24.6 -4 -4
24.65 -4 -4
24.65 -4 -4
24.7 -4 -4
24.7 -4 -4
24.75 -4 -4
24.75 -4 -4
24.8 -4 -4
24.8 -4 -4
24.85 -4 -4
24.85 -4 -4
24.9 -4 -4
24.95 -4 -4
25 -4 -4
25.05 -4 -4
25.05 -4 -4
25.1 -4 -4
25.15 -4 -4
25.2 -4 -4
25.2 -4 -4
25.25 -4 -4
25.25 -4 -4
25.3 -4 -4
25.3 -4 -4
25.35 -4 -4
25.35 -4 -4
25.4 -4 -4
25.45 -4 -4
25.45 -4 -4
25.5 -4 -4
25.5 -4 -4
25.55 -4 -4
25.55 -4 -4
25.6 -4 -4
25.65 -4 -4
25.75 -4 -4
25.75 -4 -4
25.8 -4 -4
25.8 -4 -4
25.85 -4 -4
25.9 -4 -4
25.95 -4 -4
26 -4 -4
26.05 -4 -4
26.1 -4 -4
26.15 -4 -4
26.2 -4 -4
26.25 -4 -4
26.3 -4 -4
26.4 -4 -4
26.45 -4 -4
26.45 -4 -4
26.5 -4 -4
26.5 -4 -4
26.55 -4 -4
26.55 -4 -4
26.6 -4 -4
26.65 -4 -4
26.7 -4 -4
26.75 -4 -4
26.75 -4 -4
26.8 -4 -4
26.8 -4 -4
26.85 -4 -4
26.85 -4 -4
26.9 -4 -4
26.95 -4 -4
27 -4 -4
27.05 -4 -4
27.05 -4 -4
27.1 -4 -4
27.1 -4 -4
27.15 -4 -4
27.15 -4 -4
27.2 -4 -4
27.2 -4 -4
27.25 -4 -4
27.25 -4 -4
27.3 -4 -4
27.3 -4 -4
27.35 -4 -4
27.35 -4 -4
27.4 -4 -4
27.4 -4 -4
27.45 -4 -4
27.45 -4 -4
27.5 -4 -4
27.5 -4 -4
27.55 -4 -4
27.6 -4 -4
27.6 -4 -4
27.65 -4 -4
27.65 -4 -4
27.7 -4 -4
27.7 -4 -4
27.75 -4 -4
27.8 -4 -4
27.85 -4 -4
27.85 -4 -4
27.9 -4 -4
27.95 -4 -4
28 -4 -4
28.05 -4 -4
28.1 -4 -4
28.1 -4 -4
28.15 -4 -4
28.2 -4 -4
28.25 -4 -4
28.3 -4 -4
28.35 -4 -4
28.4 -4 0
28.45 -4 0
28.5 -4 0
28.55 -4 0
28.55 -4 0
28.6 -4 0
28.65 -4 0
28.7 -4 0
28.7 -4 0
28.75 -4 0
28.75 -4 0
28.8 -4 0
28.8 -4 0
28.85 -4 0
28.9 -4 0
28.95 -4 0
29 -4 0
29.05 -4 0
29.05 -4 0
29.1 -4 0
29.1 -4 0
29.15 -4 0
29.2 -4 0
29.2 -4 0
29.25 -4 0
29.25 -4 0
29.3 -4 0
29.3 -4 0
29.35 -4 0
29.35 -4 0
29.4 -4 0
29.4 -4 0
29.45 -4 0
29.45 -4 0
29.5 -4 0
29.5 -4 0
29.55 -4 0
29.6 -4 0
29.6 -4 0
29.65 -4 0
29.7 -4 0
29.75 -4 0
29.8 -4 0
29.85 -4 0
29.9 -4 0
29.95 -4 0
29.95 -4 0
30 -4 0
30.05 -4 0
30.05 -4 0
30.1 -4 0
30.15 -4 0
30.15 -4 0
30.2 -4 0
30.25 -4 0
30.3 -4 0
30.3 -4 0
30.35 -4 0
30.4 -4 0
30.4 -4 0
30.45 -4 0
30.45 -4 0
30.5 -4 0
30.5 -4 0
30.55 -4 0
30.55 -4 0
30.6 -4 0
30.65 -4 0
30.7 -4 0
30.7 -4 0
30.75 -4 0
30.8 -4 0
30.85 -4 0
30.85 -4 0
30.9 -4 0
30.9 -4 0
30.95 -4 0
30.95 -4 0
31 -4 0
31 -4 0
31.05 -4 0
31.05 -4 0
31.1 -4 0
31.1 -4 0
31.15 -4 0
31.15 -4 0
31.2 -4 0
31.2 -4 0
31.25 -4 0
31.3 -4 0
31.35 -4 0
31.35 -4 0
31.4 -4 0
31.45 -4 0
31.45 -4 0
31.5 -4 0
31.5 -4 0
31.55 -4 0
31.55 -4 0
31.6 -4 0
31.6 -4 0
31.65 -4 0
31.65 -4 0
31.7 -4 0
31.7 -4 0
31.75 -4 0
31.75 -4 0
31.8 -4 0
31.8 -4 0
31.85 -4 0
31.85 -4 0
31.9 -4 0
31.9 -4 0
31.95 -4 0
31.95 -4 0
32 -4 0
32.05 -4 0
32.05 -4 0
32.1 -4 0
32.1 -4 0
32.15 -4 0
32.15 -4 0
32.2 -4 0
32.2 -4 0
32.25 -4 0
32.25 -4 0
32.3 -4 0
32.35 -4 0
32.35 -4 0
32.4 -4 0
32.45 -4 0
32.5 -4 0
32.5 -4 0
32.55 -4 0
32.55 -4 0
32.6 -4 0
32.65 -4 0
32.65 -4 0
32.7 -4 0
32.75 -4 0
32.75 -4 0
32.8 -4 0
32.8 -4 0
32.85 -4 0
32.9 -4 0
32.9 -4 0
32.95 -4 0
32.95 -4 0
33 -4 0
33 -4 0
33.05 -4 0
33.05 -4 0
33.1 -4 0
33.1 -4 0
33.15 -4 0
33.15 -4 0
33.2 -4 0
33.25 -4 0
33.3 -4 0
33.35 -4 0
33.4 -4 0
33.4 -4 0
33.45 -4 0
33.5 -4 0
33.5 -4 0
33.55 -4 0
33.55 -4 0
33.6 -4 0
33.6 -4 0
33.65 -4 0
33.65 -4 0
33.7 -4 0
33.7 -4 0
33.75 -4 0
33.75 -4 0
33.8 -4 0
33.85 -4 0
33.9 -4 0
33.95 -4 0
33.95 -4 0
34 -4 0
34 -4 0
34.05 -4 0
34.05 -4 0
34.1 -4 0
34.1 -4 0
34.15 -4 0
34.15 -4 0
34.2 -4 0
34.2 -4 0
34.25 -4 0
34.25 -4 0
34.3 -4 0
34.3 -4 0
34.35 -4 0
34.35 -4 0
34.4 -4 0
34.4 -4 0
34.45 -4 0
34.45 -4 0
34.5 -4 0
34.5 -4 0
34.55 -4 0
34.55 -4 0
34.6 -4 0
34.6 -4 0
34.65 -4 0
34.65 -4 0
34.7 -4 0
34.7 -4 0
34.75 -4 0
34.75 -4 0
34.8 -4 0
34.85 -4 0
34.9 -4 0
34.9 -4 0
34.95 -4 0
35 -4 0
35.05 -4 0
35.05 -4 0
35.1 -4 0
35.15 -4 0
35.2 -4 0
35.2 -4 0
35.25 -4 0
35.3 -4 0
35.3 -4 0
35.35 -4 0
35.35 -4 0
35.4 -4 0
35.4 -4 0
35.45 -4 0
35.45 -4 0
35.5 -4 0
35.5 -4 0
35.55 -4 0
35.6 -4 0
35.6 -4 0
35.65 -4 0
35.65 -4 0
35.7 -4 0
35.7 -4 0
35.75 -4 0
35.75 -4 0
35.8 -4 0
35.8 -4 0
35.85 -4 0
35.85 -4 0
35.9 -4 0
35.9 -4 0
35.95 -4 0
35.95 -4 0
36 -4 0
36 -4 0
36.05 -4 0
36.1 -4 0
36.1 -4 0
36.2 -4 0
36.25 -4 0
36.3 -4 0
36.35 -4 0
36.4 -4 0
36.45 -4 0
36.5 -4 0
36.5 -4 0
36.55 -4 0
36.6 -4 0
36.65 -4 0
36.7 -4 0
36.75 -4 0
36.8 -4 0
36.85 -4 0
36.9 -4 0
36.95 -4 0
37 -4 0
37.05 -4 0
37.05 -4 0
37.1 -4 0
37.1 -4 0
37.15 -4 0
37.2 -4 0
37.2 -4 0
37.25 -4 0
37.25 -4 0
37.3 -4 0
37.3 -4 0
37.35 -4 0
37.4 -4 0
37.4 -4 0
37.45 -4 0
37.45 -4 0
37.5 -4 0
37.5 -4 0
37.55 -4 0
37.55 -4 0
37.6 -4 0
37.65 -4 0
37.7 -4 0
37.7 -4 0
37.75 -4 0
37.75 -4 0
37.8 -4 0
37.85 -4 0
37.85 -4 0
37.9 -4 0
37.95 -4 0
38 -4 0
38 -4 0
38.05 -4 0
38.05 -4 0
38.1 -4 0
38.15 -4 0
38.15 -4 0
38.2 -4 0
38.2 -4 0
38.25 -4 0
38.25 -4 0
38.3 -4 0
38.3 -4 0
38.35 -4 0
38.35 -4 0
38.4 -4 0
38.4 -4 0
38.45 -4 0
38.45 -4 0
38.5 -4 0
38.55 -4 0
38.55 -4 0
38.6 -4 0
38.65 -4 0
38.65 -4 0
38.7 -4 0
38.7 -4 0
38.75 -4 0
38.8 -4 0
38.85 -4 0
38.85 -4 0
38.9 -4 0
38.95 -4 0
38.95 -4 0
39 -4 0
39 -4 0
39.05 -4 0
39.05 -4 0
39.1 -4 0
39.1 -4 0
39.15 -4 0
39.2 -4 0
39.25 -4 0
39.25 -4 0
39.3 -4 0
39.3 -4 0
39.35 -4 0
39.35 -4 0
39.4 -4 0
39.4 -4 0
39.45 -4 0
39.45 -4 0
39.5 -4 0
39.5 -4 0
39.55 -4 0
39.55 -4 0
39.6 -4 0
39.65 -4 0
39.7 -4 0
39.75 -4 0
39.75 -4 0
39.8 -4 0
39.85 -4 0
39.85 -4 0
39.9 -4 0
39.9 -4 0
39.95 -4 0
40 -4 0
40 -4 0
40.05 -4 0
40.05 -4 0
40.1 -4 0
40.1 -4 0
40.15 -4 0
40.15 -4 0
40.2 -4 0
40.2 -4 0
40.25 -4 0
40.25 -4 0
40.3 -4 0
40.35 -4 0
40.4 -4 0
40.4 -4 0
40.45 -4 0
40.45 -4 0
40.5 -4 0
40.5 -4 0
40.55 -4 0
40.55 -4 0
40.6 -4 0
40.65 -4 0
40.65 -4 0
40.7 -4 0
40.7 -4 0
40.75 -4 0
40.75 -4 0
40.8 -4 0
40.8 -4 0
40.85 -4 0
40.85 -4 0
40.9 -4 0
40.9 -4 0
40.95 -4 0
41 -4 0
41 -4 0
41.05 -4 0
41.05 -4 0
41.1 -4 0
41.1 -4 0
41.15 -4 0
41.15 -4 0
41.2 -4 0
41.2 -4 0
41.25 -4 0
41.25 -4 0
41.3 -4 0
41.3 -4 0
41.35 -4 0
41.4 -4 0
41.4 -4 0
41.45 -4 0
41.45 -4 0
41.5 -4 0
41.5 -4 0
41.55 -4 0
41.55 -4 0
41.6 -4 0
41.6 -4 0
41.65 -4 0
41.65 -4 0
41.7 -4 0
41.7 -4 0
41.75 -4 0
41.75 -4 0
41.8 -4 0
41.8 -4 0
41.85 -4 0
41.9 -4 0
41.9 -4 0
41.95 -4 0
41.95 -4 0
42 -4 0
42.05 -4 0
42.1 -4 0
42.15 -4 0
42.2 -4 0
42.25 -4 0
42.3 -4 0
42.35 -4 0
42.35 -4 0
42.4 -4 0
42.4 -4 0
42.45 -4 0
42.5 -4 0
42.5 -4 0
42.55 -4 0
42.55 -4 0
42.6 -4 0
42.65 -4 0
42.7 -4 0
42.75 -4 0
42.8 -4 0
42.8 -4 0
42.85 -4 0
42.85 -4 0
42.9 -4 0
42.9 -4 0
42.95 -4 0
42.95 -4 0
43 -4 0
43 -4 0
43.05 -4 0
43.05 -4 0
43.1 -4 0
43.15 -4 0
43.2 -4 0
43.25 -4 0
43.25 -4 0
43.3 -4 0
43.3 -4 0
43.35 -4 0
43.35 -4 0
43.4 -4 0
43.4 -4 0
43.45 -4 0
43.45 -4 0
43.5 -4 0
43.5 -4 0
43.55 -4 0
43.6 -4 0
43.6 -4 0
43.65 -4 0
43.7 -4 0
43.75 -4 0
43.8 -4 0
43.8 -4 0
43.85 -4 0
43.85 -4 0
43.9 -4 0
43.9 -4 0
43.95 -4 0
44 -4 0
44.05 -4 0
44.05 -4 0
44.1 -4 0
44.15 -4 0
44.15 -4 0
44.2 -4 0
44.2 -4 0
44.25 -4 0
44.25 -4 0
44.3 -4 0
44.3 -4 0
44.35 -4 0
44.35 -4 0
44.4 -4 0
44.4 -4 0
44.45 -4 0
44.5 -4 0
44.5 -4 0
44.55 -4 0
44.6 -4 0
44.6 -4 0
44.65 -4 0
44.7 -4 0
44.7 -4 0
44.75 -4 0
44.75 -4 0
44.8 -4 0
44.8 -4 0
44.85 -4 0
44.85 -4 0
44.9 -4 0
44.9 -4 0
44.95 -4 0
45 -4 0
45.05 -4 0
45.1 -4 0
45.15 -4 0
45.15 -4 0
45.2 -4 0
45.25 -4 0
45.3 -4 0
45.35 -4 0
45.4 -4 0
45.4 -4 0
45.45 -4 0
45.45 -4 0
45.5 -4 0
45.55 -4 0
45.6 -4 0
45.6 -4 0
45.65 -4 0
45.7 -4 0
45.75 -4 0
45.8 -4 0
45.8 -4 0
45.85 -4 0
45.9 -4 0
45.95 -4 0
45.95 -4 0
46 -4 0
46 -4 0
46.05 -4 0
46.1 -4 0
46.1 -4 0
46.15 -4 0
46.15 -4 0
46.2 -4 0
46.25 -4 0
46.25 -4 0
46.3 -4 0
46.35 -4 0
46.35 -4 0
46.4 -4 0
46.45 -4 0
46.45 -4 0
46.5 -4 0
46.5 -4 0
46.55 -4 0
46.55 -4 0
46.6 -4 0
46.6 -4 0
46.65 -4 0
46.65 -4 0
46.7 -4 0
46.7 -4 0
46.75 -4 0
46.75 -4 0
46.8 -4 0
46.8 -4 0
46.85 -4 0
46.85 -4 0
46.9 -4 0
46.9 -4 0
46.95 -4 0
46.95 -4 0
47 -4 0
47 -4 0
47.05 -4 0
47.05 -4 0
47.1 -4 0
47.1 -4 0
47.15 -4 0
47.15 -4 0
47.2 -4 0
47.2 -4 0
47.25 0 0
47.25 0 0
47.3 0 0
47.35 0 0
47.4 0 0
47.45 0 0
47.45 0 0
47.5 0 0
47.55 0 0
47.6 0 0
47.6 0 0
47.65 0 0
47.7 0 0
47.7 0 0
47.75 0 0
47.75 0 0
47.8 0 0
47.85 0 0
47.85 0 0
47.9 0 0
47.95 0 0
47.95 0 0
48 0 0
48 0 0
48.05 0 0
48.05 0 0
48.1 0 0
48.1 0 0
48.15 0 0
48.2 0 0
48.2 0 0
48.25 0 0
48.3 0 0
48.3 0 0
48.35 0 0
48.35 0 0
48.4 0 0
48.4 0 0
48.45 0 0
48.5 0 0
48.55 0 0
48.55 0 0
48.6 0 0
48.6 0 0
48.7 0 0
48.75 0 0
48.75 0 0
48.8 0 0
48.8 0 0
48.85 0 0
48.9 0 0
48.9 0 0
