2.45 0.000471239 -0.00675442
2.5 0.00128942 -0.021361
2.55 0.00202432 -0.0411494
2.6 0.00319628 -0.0643867
2.65 0.00434479 -0.0896627
2.7 0.00593839 -0.116499
2.75 0.00721167 -0.144122
2.8 0.00892354 -0.172675
2.85 0.0107635 -0.20122
2.9 0.0130158 -0.230377
2.95 0.0149341 -0.259699
3 0.0175722 -0.288988
3.05 0.0197154 -0.318609
3.1 0.02225 -0.347894
3.15 0.0245628 -0.377187
3.2 0.0272456 -0.406774
3.25 0.0298292 -0.436207
3.3 0.0324837 -0.465949
3.35 0.0353845 -0.495831
3.4 0.0381858 -0.525559
3.45 0.0409205 -0.555447
3.5 0.0438685 -0.585161
3.55 0.0472099 -0.614845
3.6 0.0499779 -0.644568
3.65 0.0531158 -0.673947
3.7 0.0561116 -0.703178
3.75 0.05941 -0.732071
3.8 0.0629613 -0.760315
3.85 0.0661613 -0.788587
3.9 0.0695887 -0.816531
3.95 0.0727421 -0.843709
4 0.0765674 -0.871007
4.05 0.0800728 -0.897863
4.1 0.0835409 -0.924261
4.15 0.087177 -0.950346
4.2 0.090614 -0.976459
4.25 0.0941674 -1.00196
4.3 0.0978317 -1.02716
4.35 0.101766 -1.0519
4.4 0.105944 -1.07621
4.45 0.109936 -1.10023
4.5 0.114175 -1.12382
4.55 0.118213 -1.14682
4.6 0.122651 -1.16988
4.65 0.126732 -1.19218
4.7 0.131539 -1.21426
4.75 0.135987 -1.23591
4.8 0.140682 -1.25747
4.85 0.145811 -1.27852
4.9 0.150561 -1.29944
4.95 0.155601 -1.32
5 0.160947 -1.33989
5.05 0.166198 -1.36001
5.1 0.171661 -1.3793
5.15 0.177465 -1.39906
5.2 0.183196 -1.41795
5.25 0.189498 -1.43689
5.3 0.195636 -1.45559
5.35 0.202266 -1.47416
5.4 0.208986 -1.49287
5.45 0.215094 -1.51139
5.5 0.222428 -1.52935
5.55 0.229345 -1.54699
5.6 0.236749 -1.56457
5.65 0.244148 -1.58211
5.7 0.251341 -1.59974
5.75 0.259223 -1.6167
5.8 0.267013 -1.63396
5.85 0.275514 -1.65107
5.9 0.283627 -1.66788
5.95 0.292071 -1.68477
6 0.301036 -1.70165
6.05 0.309922 -1.71883
6.1 0.319071 -1.7354
6.15 0.327861 -1.75215
6.2 0.336704 -1.76889
6.25 0.346089 -1.78565
6.3 0.355639 -1.80212
6.35 0.365162 -1.81838
6.4 0.374607 -1.83495
6.45 0.384451 -1.85115
6.5 0.39422 -1.86765
6.55 0.404196 -1.88386
6.6 0.414019 -1.90017
6.65 0.423927 -1.91648
6.7 0.434038 -1.93253
6.75 0.444362 -1.94901
6.8 0.454484 -1.96537
6.85 0.464613 -1.98153
6.9 0.474519 -1.99827
6.95 0.484591 -2.01454
7 0.494592 -2.0311
7.05 0.504822 -2.04741
7.1 0.514704 -2.06387
7.15 0.524731 -2.08055
7.2 0.534562 -2.09711
7.25 0.544527 -2.11391
7.3 0.554689 -2.13026
7.35 0.56483 -2.14711
7.4 0.574523 -2.16366
7.45 0.584631 -2.18062
7.5 0.594507 -2.19722
7.55 0.604573 -2.21429
7.6 0.614201 -2.23104
7.65 0.624193 -2.248
7.7 0.633807 -2.26485
7.75 0.643555 -2.28195
7.8 0.653179 -2.29911
7.85 0.6629 -2.31632
7.9 0.672474 -2.33337
7.95 0.681954 -2.35071
8 0.691538 -2.36808
8.05 0.700765 -2.38532
8.1 0.710326 -2.40257
8.15 0.719509 -2.41946
8.2 0.728601 -2.43663
8.25 0.737601 -2.45385
8.3 0.746654 -2.47044
8.35 0.755621 -2.48731
8.4 0.763996 -2.5036
8.45 0.772742 -2.52013
8.5 0.781362 -2.53649
8.55 0.789881 -2.55268
8.6 0.798281 -2.56847
8.65 0.806618 -2.5843
8.7 0.814641 -2.60019
8.75 0.822791 -2.61589
8.8 0.83085 -2.63141
8.85 0.838589 -2.64676
8.9 0.846688 -2.66169
8.95 0.854276 -2.67712
9 0.862227 -2.69213
9.05 0.869661 -2.70741
9.1 0.877233 -2.72184
9.15 0.884733 -2.73653
9.2 0.891947 -2.75103
9.25 0.899096 -2.76556
9.3 0.90661 -2.78013
9.35 0.91363 -2.79407
9.4 0.920575 -2.80826
9.45 0.927685 -2.82226
9.5 0.934519 -2.83607
9.55 0.941068 -2.8499
9.6 0.948025 -2.86333
9.65 0.954696 -2.87701
9.7 0.961334 -2.89004
9.75 0.967888 -2.90356
9.8 0.974421 -2.91665
9.85 0.980703 -2.92931
9.9 0.98695 -2.94178
9.95 0.993135 -2.95449
10 0.999303 -2.96678
10.05 1.00542 -2.9791
10.1 1.01151 -2.99122
10.15 1.01713 -3.0031
10.2 1.02315 -3.01504
10.25 1.02891 -3.02699
10.3 1.03447 -3.03826
10.35 1.04041 -3.04983
10.4 1.04588 -3.06115
10.45 1.05153 -3.07251
10.5 1.05693 -3.08387
10.55 1.06212 -3.09478
10.6 1.0675 -3.10573
10.65 1.07289 -3.11626
10.7 1.07818 -3.12725
10.75 1.08307 -3.13776
10.8 1.08861 -3.14815
10.85 1.09342 -3.15868
10.9 1.09849 -3.16883
10.95 1.10349 -3.17921
11 1.10834 -3.18891
11.05 1.11312 -3.19885
11.1 1.11791 -3.20858
11.15 1.12263 -3.21855
11.2 1.12741 -3.22809
11.25 1.13196 -3.23738
11.3 1.13645 -3.24692
11.35 1.141 -3.25602
11.4 1.14547 -3.26536
11.45 1.14974 -3.27445
11.5 1.15421 -3.2836
11.55 1.15865 -3.29275
11.6 1.16293 -3.30144
11.65 1.16718 -3.31014
11.7 1.1712 -3.31881
11.75 1.1754 -3.32754
11.8 1.17942 -3.33601
11.85 1.18341 -3.34449
11.9 1.18742 -3.35276
11.95 1.19146 -3.36083
12 1.19525 -3.36887
12.05 1.19908 -3.37669
12.1 1.20289 -3.38452
12.15 1.20668 -3.39237
12.2 1.21049 -3.4
12.25 1.21407 -3.40759
12.3 1.21747 -3.41493
12.35 1.22107 -3.42233
12.4 1.22448 -3.42946
12.45 1.22804 -3.43687
12.5 1.23142 -3.44403
12.55 1.23479 -3.45119
12.6 1.23824 -3.45792
12.65 1.24141 -3.46482
12.7 1.24483 -3.47157
12.75 1.24781 -3.47822
12.8 1.25121 -3.48498
12.85 1.25416 -3.49164
12.9 1.25721 -3.49788
12.95 1.26041 -3.50439
13 1.26343 -3.51064
13.05 1.26622 -3.51684
13.1 1.26928 -3.52288
13.15 1.27205 -3.52909
13.2 1.27508 -3.53514
13.25 1.27789 -3.54114
13.3 1.28074 -3.54694
13.35 1.28358 -3.55273
13.4 1.2862 -3.55848
13.45 1.28903 -3.56429
13.5 1.29147 -3.56977
13.55 1.29406 -3.57553
13.6 1.29675 -3.58087
13.65 1.29944 -3.5862
13.7 1.30206 -3.59176
13.75 1.30451 -3.59705
13.8 1.30718 -3.6024
13.85 1.3094 -3.60764
13.9 1.31189 -3.61273
13.95 1.31422 -3.61754
14 1.31664 -3.62285
14.05 1.3189 -3.62788
14.1 1.32121 -3.63271
14.15 1.32357 -3.63733
14.2 1.32587 -3.64216
14.25 1.328 -3.64672
14.3 1.33028 -3.65156
14.35 1.33241 -3.65612
14.4 1.33459 -3.66048
14.45 1.33649 -3.66499
14.5 1.33881 -3.66963
14.55 1.34098 -3.67399
14.6 1.34265 -3.67844
14.65 1.34487 -3.6826
14.7 1.34681 -3.6869
14.75 1.34859 -3.69094
14.8 1.35058 -3.69504
14.85 1.35242 -3.69886
14.9 1.3544 -3.70296
14.95 1.35617 -3.70701
15 1.358 -3.71084
15.05 1.35982 -3.71467
15.1 1.36164 -3.7185
15.15 1.36331 -3.72206
15.2 1.36512 -3.7259
15.25 1.36699 -3.72953
15.3 1.36235 -3.73527
15.35 1.35044 -3.74406
15.4 1.33361 -3.75528
15.45 1.31382 -3.76726
15.5 1.29201 -3.78078
15.55 1.26879 -3.79465
15.6 1.24481 -3.80909
15.65 1.22062 -3.82378
15.7 1.19587 -3.83907
15.75 1.17104 -3.85421
15.8 1.1462 -3.86965
15.85 1.12149 -3.88498
15.9 1.09649 -3.90073
15.95 1.07153 -3.91658
16 1.0464 -3.93241
16.05 1.02153 -3.94838
16.1 0.996569 -3.96483
16.15 0.971394 -3.98058
16.2 0.946574 -3.99693
16.25 0.921631 -4.01307
16.3 0.896385 -4.02962
16.35 0.871453 -4.04607
16.4 0.846566 -4.06259
16.45 0.821493 -4.0791
16.5 0.79662 -4.09594
16.55 0.772321 -4.11251
16.6 0.748029 -4.12908
16.65 0.723961 -4.14572
16.7 0.700361 -4.16222
16.75 0.676858 -4.17828
16.8 0.6539 -4.19464
16.85 0.631428 -4.21061
16.9 0.608863 -4.22644
16.95 0.58672 -4.24207
17 0.565653 -4.2574
17.05 0.544698 -4.27265
17.1 0.524261 -4.28791
17.15 0.503757 -4.30278
17.2 0.483709 -4.31789
17.25 0.464359 -4.33237
17.3 0.445223 -4.34702
17.35 0.426582 -4.36169
17.4 0.40871 -4.37625
17.45 0.391662 -4.39048
17.5 0.374094 -4.40487
17.55 0.357074 -4.41909
17.6 0.34029 -4.43326
17.65 0.323354 -4.44725
17.7 0.307367 -4.46127
17.75 0.291816 -4.47535
17.8 0.276703 -4.48951
17.85 0.261709 -4.50337
17.9 0.246246 -4.51715
17.95 0.232302 -4.53132
18 0.218878 -4.54592
18.05 0.206359 -4.56067
18.1 0.193262 -4.57556
18.15 0.180408 -4.59002
18.2 0.167662 -4.60475
18.25 0.155809 -4.61969
18.3 0.143776 -4.63448
18.35 0.132073 -4.64918
18.4 0.120816 -4.6644
18.45 0.110134 -4.67998
18.5 0.099079 -4.6953
18.55 0.0882841 -4.71106
18.6 0.0776154 -4.72664
18.65 0.0670108 -4.74255
18.7 0.0566007 -4.75861
18.75 0.0463808 -4.77482
18.8 0.0363056 -4.79089
18.85 0.0262399 -4.80699
18.9 0.0165217 -4.8234
18.95 0.00677525 -4.83953
19 -0.00294594 -4.85602
19.05 -0.0125484 -4.87206
19.1 -0.0229212 -4.88836
19.15 -0.0323216 -4.90497
19.2 -0.0417359 -4.92162
19.25 -0.0509805 -4.93849
19.3 -0.0603837 -4.95527
19.35 -0.0699231 -4.97228
19.4 -0.0794821 -4.98904
19.45 -0.0890343 -5.00555
19.5 -0.0985883 -5.02244
19.55 -0.107985 -5.03956
19.6 -0.117373 -5.05645
19.65 -0.126931 -5.07356
19.7 -0.136785 -5.09043
19.75 -0.146179 -5.10755
19.8 -0.15604 -5.12457
19.85 -0.165594 -5.14169
19.9 -0.175269 -5.15842
19.95 -0.185142 -5.17568
20 -0.194818 -5.19258
20.05 -0.204843 -5.20985
20.1 -0.214799 -5.22659
20.15 -0.22511 -5.24369
20.2 -0.235071 -5.26061
20.25 -0.245396 -5.27789
20.3 -0.255637 -5.29465
20.35 -0.265791 -5.31199
20.4 -0.276206 -5.32908
20.45 -0.286616 -5.34627
20.5 -0.297116 -5.36306
20.55 -0.307787 -5.38009
20.6 -0.318543 -5.39672
20.65 -0.329349 -5.41377
20.7 -0.340277 -5.43075
20.75 -0.351141 -5.44752
20.8 -0.362132 -5.46421
20.85 -0.373117 -5.48102
20.9 -0.384135 -5.49745
20.95 -0.395141 -5.514
21 -0.405991 -5.53005
21.05 -0.416828 -5.54623
21.1 -0.427774 -5.56234
21.15 -0.438429 -5.57816
21.2 -0.448982 -5.59381
21.25 -0.459439 -5.60929
21.3 -0.469791 -5.62459
21.35 -0.480044 -5.63973
21.4 -0.490581 -5.65491
21.45 -0.50091 -5.66963
21.5 -0.511222 -5.68449
21.55 -0.521417 -5.69919
21.6 -0.531498 -5.71373
21.65 -0.54177 -5.72801
21.7 -0.552014 -5.74243
21.75 -0.561936 -5.75661
21.8 -0.571629 -5.77034
21.85 -0.581495 -5.78432
21.9 -0.591134 -5.79786
21.95 -0.600336 -5.81136
22 -0.609808 -5.82491
22.05 -0.61924 -5.83812
22.1 -0.628743 -5.85128
22.15 -0.638102 -5.86431
22.2 -0.647204 -5.87691
22.25 -0.65648 -5.88976
22.3 -0.665415 -5.90239
22.35 -0.674286 -5.91469
22.4 -0.682922 -5.92707
22.45 -0.691986 -5.93908
22.5 -0.700407 -5.95101
22.55 -0.709083 -5.96299
22.6 -0.717606 -5.97484
22.65 -0.726256 -5.98646
22.7 -0.734463 -5.99809
22.75 -0.742873 -6.00926
22.8 -0.750757 -6.02067
22.85 -0.75918 -6.03199
22.9 -0.767102 -6.04284
22.95 -0.774988 -6.05387
23 -0.782572 -6.06451
23.05 -0.790405 -6.07519
23.1 -0.79828 -6.08585
23.15 -0.80613 -6.09598
23.2 -0.813454 -6.10636
23.25 -0.821026 -6.11679
23.3 -0.828498 -6.1269
23.35 -0.836068 -6.13679
23.4 -0.843396 -6.14678
23.45 -0.850613 -6.15648
23.5 -0.857587 -6.16629
23.55 -0.86444 -6.17581
23.6 -0.871391 -6.1851
23.65 -0.878308 -6.19457
23.7 -0.885322 -6.2038
23.75 -0.892 -6.21268
23.8 -0.898648 -6.22174
23.85 -0.905538 -6.23085
23.9 -0.911872 -6.23954
23.95 -0.918605 -6.24854
24 -0.924841 -6.25692
24.05 -0.931313 -6.26534
24.1 -0.937698 -6.27417
24.15 -0.944009 -6.28249
24.2 -0.949912 -6.29068
24.25 -0.956107 -6.2987
24.3 -0.962116 -6.30663
24.35 -0.968089 -6.31478
24.4 -0.974137 -6.32269
24.45 -0.980209 -6.33058
24.5 -0.985868 -6.33835
24.55 -0.991551 -6.3461
24.6 -0.997087 -6.35358
24.65 -1.00265 -6.36103
24.7 -1.00806 -6.36821
24.75 -1.01348 -6.37538
24.8 -1.01893 -6.38253
24.85 -1.02413 -6.38983
24.9 -1.02939 -6.39691
24.95 -1.03472 -6.40375
25 -1.03963 -6.41049
25.05 -1.04477 -6.41727
25.1 -1.04967 -6.4242
25.15 -1.05463 -6.4309
25.2 -1.05965 -6.43737
25.25 -1.06447 -6.44379
25.3 -1.06956 -6.45003
25.35 -1.07414 -6.4566
25.4 -1.07865 -6.46247
25.45 -1.08352 -6.46884
25.5 -1.08802 -6.47491
25.55 -1.09256 -6.48074
25.6 -1.09708 -6.48679
25.65 -1.10183 -6.49286
25.7 -1.10615 -6.49885
25.75 -1.11057 -6.50439
25.8 -1.11495 -6.51014
25.85 -1.11914 -6.51584
25.9 -1.12355 -6.52157
25.95 -1.12761 -6.52678
26 -1.13182 -6.53246
26.05 -1.1359 -6.53765
26.1 -1.13995 -6.54306
26.15 -1.14406 -6.54823
26.2 -1.14795 -6.55337
26.25 -1.15185 -6.5585
26.3 -1.15576 -6.56362
26.4 -1.16319 -6.57355
26.45 -1.16694 -6.5784
26.5 -1.1707 -6.58324
26.55 -1.17406 -6.58779
26.65 -1.18117 -6.59738
26.7 -1.18481 -6.60172
26.75 -1.18819 -6.60625
26.8 -1.19137 -6.61074
26.85 -1.19477 -6.61526
26.9 -1.19821 -6.61955
26.95 -1.20166 -6.62384
27 -1.20489 -6.62809
27.05 -1.20791 -6.6323
27.1 -1.21118 -6.63632
27.15 -1.21419 -6.64075
27.2 -1.2175 -6.64454
27.25 -1.22057 -6.64852
27.3 -1.22343 -6.65247
27.35 -1.22648 -6.65666
27.4 -1.22938 -6.66038
27.45 -1.23225 -6.66432
27.5 -1.23518 -6.66781
27.55 -1.23809 -6.67151
27.6 -1.24056 -6.67516
27.65 -1.24346 -6.67908
27.7 -1.24621 -6.68231
27.75 -1.24894 -6.68576
27.8 -1.25144 -6.68939
27.85 -1.25396 -6.69281
27.9 -1.25671 -6.69624
27.95 -1.25923 -6.69965
28 -1.26179 -6.70284
28.05 -1.26435 -6.70602
28.1 -1.26667 -6.70939
28.15 -1.26926 -6.71235
28.2 -1.2714 -6.71547
28.25 -1.27375 -6.71862
28.3 -1.27611 -6.72176
28.35 -1.27849 -6.72468
28.4 -1.28066 -6.72758
28.45 -1.28731 -6.72578
28.5 -1.29989 -6.71833
28.55 -1.31643 -6.7073
28.6 -1.3355 -6.69391
28.65 -1.35613 -6.67921
28.7 -1.37778 -6.66404
28.75 -1.3995 -6.64898
28.8 -1.42177 -6.63411
28.85 -1.44391 -6.61937
28.9 -1.46661 -6.60487
28.95 -1.4892 -6.59076
29 -1.5119 -6.57685
29.05 -1.53458 -6.56268
29.1 -1.55733 -6.54917
29.15 -1.58047 -6.53571
29.2 -1.60326 -6.52261
29.25 -1.62625 -6.50955
29.3 -1.64914 -6.49667
29.35 -1.67214 -6.48428
29.4 -1.69516 -6.47165
29.45 -1.71829 -6.45954
29.5 -1.7414 -6.44743
29.55 -1.76467 -6.43563
29.6 -1.78788 -6.42406
29.65 -1.81123 -6.4128
29.7 -1.83445 -6.40128
29.75 -1.85755 -6.39024
29.8 -1.88097 -6.37912
29.85 -1.90426 -6.3685
29.9 -1.92789 -6.35784
29.95 -1.9512 -6.34761
30 -1.97476 -6.33755
30.05 -1.99838 -6.32761
30.1 -2.02216 -6.31806
30.15 -2.04582 -6.30855
30.2 -2.06926 -6.29929
30.25 -2.093 -6.28979
30.3 -2.11661 -6.28083
30.35 -2.14065 -6.272
30.4 -2.16424 -6.26379
30.45 -2.18781 -6.25516
30.5 -2.21175 -6.24719
30.55 -2.23587 -6.23977
30.6 -2.26012 -6.23259
30.65 -2.28452 -6.22599
30.7 -2.30839 -6.21937
30.75 -2.3329 -6.21348
30.8 -2.35722 -6.2079
30.85 -2.38184 -6.20285
30.9 -2.4063 -6.19783
30.95 -2.43106 -6.19342
31 -2.45594 -6.18978
31.05 -2.48082 -6.1864
31.1 -2.50561 -6.18398
31.15 -2.53071 -6.18192
31.2 -2.55489 -6.18002
31.25 -2.57893 -6.17779
31.3 -2.60243 -6.17623
31.35 -2.62547 -6.17452
31.4 -2.64856 -6.17365
31.45 -2.67141 -6.173
31.5 -2.6941 -6.17279
31.55 -2.71658 -6.17279
31.6 -2.73886 -6.17302
31.65 -2.7609 -6.17415
31.7 -2.7826 -6.17482
31.75 -2.80411 -6.17548
31.8 -2.82522 -6.17591
31.85 -2.84649 -6.17697
31.9 -2.86725 -6.1787
31.95 -2.88769 -6.17931
32 -2.90815 -6.17897
32.05 -2.92823 -6.1788
32.1 -2.94839 -6.17862
32.15 -2.96837 -6.17904
32.2 -2.98794 -6.17891
32.25 -3.00783 -6.17738
32.3 -3.0279 -6.17625
32.35 -3.04778 -6.1759
32.4 -3.0682 -6.17443
32.45 -3.08883 -6.17334
32.5 -3.1091 -6.17284
32.55 -3.13049 -6.17197
32.6 -3.1516 -6.17197
32.65 -3.17359 -6.17173
32.7 -3.19627 -6.17161
32.75 -3.21907 -6.17205
32.8 -3.24184 -6.17317
32.85 -3.26483 -6.1743
32.9 -3.28742 -6.17549
32.95 -3.31007 -6.1759
33 -3.33222 -6.17648
33.05 -3.35404 -6.17736
33.1 -3.37615 -6.17886
33.15 -3.39812 -6.17987
33.2 -3.42016 -6.18057
33.25 -3.44211 -6.18109
33.3 -3.46365 -6.18171
33.35 -3.48511 -6.18325
33.4 -3.50666 -6.18399
33.45 -3.52784 -6.18482
33.5 -3.54884 -6.18504
33.55 -3.56971 -6.18568
33.6 -3.59018 -6.1861
33.65 -3.61086 -6.18602
33.7 -3.63087 -6.1861
33.75 -3.65089 -6.18556
33.8 -3.67077 -6.18587
33.85 -3.69003 -6.18554
33.9 -3.70986 -6.18537
33.95 -3.72888 -6.18525
34 -3.74833 -6.18554
34.05 -3.76793 -6.1861
34.1 -3.78711 -6.18613
34.15 -3.80624 -6.18643
34.2 -3.82525 -6.18635
34.25 -3.84402 -6.18653
34.3 -3.863 -6.18716
34.35 -3.88123 -6.18716
34.4 -3.90013 -6.18758
34.45 -3.91857 -6.18779
34.5 -3.93724 -6.18754
34.55 -3.95614 -6.18753
34.6 -3.97468 -6.1868
34.65 -3.99344 -6.18654
34.7 -4.01211 -6.18557
34.75 -4.03017 -6.18315
34.8 -4.047 -6.18071
34.85 -4.06348 -6.17834
34.9 -4.08032 -6.17597
34.95 -4.09677 -6.17387
35 -4.11316 -6.17164
35.05 -4.12917 -6.16966
35.1 -4.1452 -6.16731
35.15 -4.16127 -6.16528
35.2 -4.17703 -6.16322
35.25 -4.19298 -6.16108
35.3 -4.20877 -6.15916
35.35 -4.22427 -6.15719
35.4 -4.23969 -6.15522
35.45 -4.25483 -6.15316
35.5 -4.27001 -6.15138
35.55 -4.28512 -6.14959
35.6 -4.30037 -6.14788
35.65 -4.31506 -6.14612
35.7 -4.32978 -6.14462
35.75 -4.34426 -6.14295
35.8 -4.35907 -6.14148
35.85 -4.37323 -6.14008
35.9 -4.38747 -6.13843
35.95 -4.40137 -6.13676
36 -4.4153 -6.13533
36.05 -4.42903 -6.13368
36.1 -4.44282 -6.13256
36.15 -4.45552 -6.13021
36.2 -4.46829 -6.12839
36.25 -4.48043 -6.12651
36.3 -4.49273 -6.12435
36.35 -4.50492 -6.12256
36.4 -4.51664 -6.1205
36.45 -4.52856 -6.11847
36.5 -4.54003 -6.11646
36.55 -4.55154 -6.11464
36.6 -4.56323 -6.11284
36.65 -4.57434 -6.11088
36.7 -4.58532 -6.10892
36.75 -4.59637 -6.10681
36.8 -4.6071 -6.10515
36.85 -4.6182 -6.10336
36.9 -4.6286 -6.10118
36.95 -4.63899 -6.09946
37 -4.64932 -6.0974
37.05 -4.6595 -6.09561
37.1 -4.66976 -6.09365
37.15 -4.67973 -6.09177
37.2 -4.68961 -6.08986
37.25 -4.69921 -6.088
37.3 -4.70895 -6.08646
37.35 -4.71848 -6.08467
37.4 -4.72812 -6.0827
37.45 -4.73728 -6.08089
37.5 -4.74637 -6.07899
37.55 -4.75558 -6.07741
37.6 -4.7645 -6.07585
37.65 -4.77355 -6.07411
37.7 -4.78233 -6.07237
37.75 -4.79103 -6.07054
37.8 -4.79955 -6.06891
37.85 -4.80829 -6.06728
37.9 -4.81647 -6.06552
37.95 -4.82487 -6.06378
38 -4.83288 -6.06229
38.05 -4.84132 -6.06073
38.1 -4.84929 -6.05922
38.15 -4.85719 -6.05758
38.2 -4.86512 -6.05603
38.25 -4.87299 -6.05436
38.3 -4.88066 -6.05284
38.35 -4.88823 -6.05097
38.4 -4.89544 -6.04953
38.45 -4.9031 -6.04803
38.5 -4.91023 -6.0463
38.55 -4.91749 -6.04507
38.6 -4.92465 -6.04349
38.65 -4.93182 -6.04197
38.7 -4.93875 -6.04036
38.75 -4.94574 -6.03904
38.8 -4.95269 -6.03756
38.85 -4.95939 -6.03598
38.9 -4.96616 -6.03467
38.95 -4.97267 -6.03325
39 -4.97916 -6.03167
39.05 -4.98566 -6.03015
39.1 -4.99196 -6.02872
39.15 -4.99827 -6.02734
39.2 -5.00437 -6.02605
39.25 -5.0107 -6.02479
39.3 -5.01658 -6.02341
39.35 -5.02293 -6.02225
39.4 -5.02883 -6.02097
39.45 -5.03474 -6.01973
39.5 -5.04065 -6.01855
39.55 -5.04634 -6.01721
39.6 -5.05226 -6.01589
39.65 -5.05776 -6.01488
39.7 -5.06324 -6.01346
39.75 -5.06853 -6.01231
39.8 -5.07425 -6.01097
39.85 -5.07954 -6.00968
39.9 -5.08462 -6.00844
39.95 -5.08993 -6.00722
40 -5.0948 -6.00605
40.05 -5.09991 -6.00492
40.1 -5.10502 -6.00359
40.15 -5.10991 -6.00274
40.2 -5.11504 -6.00171
40.25 -5.11973 -6.00048
40.3 -5.12442 -5.9995
40.35 -5.12913 -5.99833
40.4 -5.13385 -5.99719
40.45 -5.13857 -5.99608
40.5 -5.14307 -5.99521
40.55 -5.14736 -5.99413
40.6 -5.1521 -5.9931
40.65 -5.15641 -5.99208
40.7 -5.16074 -5.99086
40.75 -5.16504 -5.9901
40.8 -5.16936 -5.98915
40.85 -5.17369 -5.98823
40.9 -5.17782 -5.98708
40.95 -5.18192 -5.9864
41 -5.18604 -5.98553
41.05 -5.18995 -5.98465
41.1 -5.19389 -5.98357
41.15 -5.19758 -5.9827
41.2 -5.2015 -5.98188
41.25 -5.20521 -5.98105
41.3 -5.20891 -5.98024
41.35 -5.21288 -5.97926
41.4 -5.21638 -5.97845
41.45 -5.22013 -5.97748
41.5 -5.22364 -5.97671
41.55 -5.22718 -5.97573
41.6 -5.23047 -5.97495
41.65 -5.23403 -5.97401
41.7 -5.23729 -5.97349
41.75 -5.24063 -5.97253
41.8 -5.24416 -5.97186
41.85 -5.24729 -5.9709
41.9 -5.25083 -5.97026
41.95 -5.25392 -5.96954
42 -5.25724 -5.96889
42.05 -5.2604 -5.96798
42.1 -5.26324 -5.96747
42.15 -5.26635 -5.96681
42.2 -5.2693 -5.96589
42.25 -5.27236 -5.96547
42.3 -5.27526 -5.96479
42.35 -5.27817 -5.96413
42.4 -5.28108 -5.96347
42.45 -5.28382 -5.96256
42.5 -5.28674 -5.96192
42.55 -5.28917 -5.96141
42.6 -5.29208 -5.9608
42.65 -5.295 -5.9602
42.7 -5.2975 -5.95949
42.75 -5.30015 -5.95907
42.8 -5.30286 -5.95844
42.85 -5.3053 -5.95798
42.9 -5.3078 -5.95731
42.95 -5.31031 -5.95665
43 -5.31254 -5.95615
43.05 -5.31505 -5.9555
43.1 -5.31735 -5.9548
43.15 -5.31979 -5.95439
43.2 -5.3221 -5.9537
43.25 -5.32455 -5.9533
43.3 -5.32686 -5.95263
43.35 -5.3291 -5.95218
43.4 -5.3312 -5.95146
43.45 -5.33344 -5.95102
43.5 -5.33569 -5.95059
43.55 -5.33779 -5.94988
43.6 -5.34004 -5.94946
43.65 -5.34187 -5.94891
43.7 -5.34412 -5.9485
43.75 -5.34596 -5.94796
43.8 -5.34821 -5.94757
43.85 -5.35004 -5.94703
43.9 -5.35202 -5.94679
43.95 -5.35406 -5.94634
44 -5.3559 -5.94582
44.05 -5.35795 -5.94538
44.1 -5.35979 -5.94487
44.15 -5.36163 -5.94436
44.2 -5.3634 -5.94407
44.25 -5.36517 -5.94378
44.3 -5.36702 -5.94329
44.35 -5.36858 -5.94293
44.4 -5.37043 -5.94245
44.45 -5.37199 -5.9421
44.5 -5.37384 -5.94162
44.55 -5.37532 -5.94149
44.6 -5.37689 -5.94115
44.65 -5.37866 -5.94089
44.7 -5.3801 -5.94027
44.75 -5.38167 -5.93994
44.8 -5.38324 -5.93962
44.85 -5.38489 -5.93909
44.9 -5.38626 -5.93868
44.95 -5.38783 -5.93837
45 -5.38911 -5.93817
45.05 -5.39047 -5.93778
45.1 -5.39205 -5.93747
45.15 -5.39341 -5.93708
45.2 -5.39499 -5.93678
45.25 -5.39615 -5.93631
45.3 -5.39764 -5.93622
45.35 -5.39881 -5.93575
45.4 -5.40038 -5.93546
45.45 -5.40155 -5.935
45.5 -5.40292 -5.93463
45.55 -5.40412 -5.93466
45.6 -5.40529 -5.93421
45.65 -5.40667 -5.93384
45.7 -5.40795 -5.93368
45.75 -5.40903 -5.93344
45.8 -5.41021 -5.93299
45.85 -5.41149 -5.93284
45.9 -5.41267 -5.93239
45.95 -5.41385 -5.93195
46 -5.41484 -5.93191
46.05 -5.41592 -5.93168
46.1 -5.4171 -5.93124
46.15 -5.41809 -5.93121
46.2 -5.41918 -5.93097
46.25 -5.42036 -5.93054
46.3 -5.42115 -5.93042
46.35 -5.42244 -5.93029
46.4 -5.42362 -5.92986
46.45 -5.42441 -5.92974
46.5 -5.4255 -5.92952
46.55 -5.42639 -5.9292
46.6 -5.42738 -5.92918
46.65 -5.42827 -5.92887
46.7 -5.42946 -5.92845
46.75 -5.43025 -5.92834
46.8 -5.43114 -5.92803
46.85 -5.43213 -5.92802
46.9 -5.43302 -5.92771
46.95 -5.43392 -5.9274
47 -5.43491 -5.92739
47.05 -5.4358 -5.92709
47.1 -5.4366 -5.92698
47.15 -5.43769 -5.92678
47.2 -5.43828 -5.92658
47.25 -5.43908 -5.92648
47.3 -5.43777 -5.92012
47.35 -5.43379 -5.90671
47.4 -5.42859 -5.88791
47.45 -5.42221 -5.86621
47.5 -5.41544 -5.84198
47.55 -5.40792 -5.81652
47.6 -5.40074 -5.78964
47.65 -5.39317 -5.76272
47.7 -5.38581 -5.73507
47.75 -5.37866 -5.70721
47.8 -5.37134 -5.67891
47.85 -5.36392 -5.65048
47.9 -5.35694 -5.62143
47.95 -5.35016 -5.59266
48 -5.3432 -5.56346
48.05 -5.33633 -5.53423
48.1 -5.32944 -5.50518
48.15 -5.32307 -5.47583
48.2 -5.31665 -5.44714
48.25 -5.31049 -5.41806
48.3 -5.30418 -5.38936
48.35 -5.29837 -5.36068
48.4 -5.29233 -5.33239
48.45 -5.28701 -5.30504
48.5 -5.2817 -5.27753
48.55 -5.27628 -5.25052
48.6 -5.2711 -5.22377
48.65 -5.26607 -5.19745
48.7 -5.26173 -5.1719
48.75 -5.25743 -5.14648
48.8 -5.25313 -5.12121
48.85 -5.24894 -5.09637
48.9 -5.24488 -5.07146
48.95 -5.2413 -5.04768
