2.4 0.000119209 0.000212192
2.45 -0.00848296 -0.111675
2.5 -0.0218249 -0.246012
2.55 -0.0271154 -0.3369
2.6 -0.0344468 -0.385409
2.65 -0.0374769 -0.424333
2.7 -0.0420238 -0.438199
2.75 -0.0442077 -0.455354
2.8 -0.0478627 -0.456756
2.85 -0.048473 -0.465727
2.9 -0.0539349 -0.462583
2.95 -0.0564386 -0.46542
3 -0.0590326 -0.464006
3.05 -0.0596477 -0.465599
3.1 -0.0617339 -0.465031
3.15 -0.0611041 -0.465499
3.2 -0.0618507 -0.46649
3.25 -0.061226 -0.468586
3.3 -0.0626446 -0.469478
3.35 -0.0615622 -0.470124
3.4 -0.0626872 -0.471571
3.45 -0.0611378 -0.471425
3.5 -0.0619985 -0.473454
3.55 -0.0610973 -0.473109
3.6 -0.0617887 -0.475011
3.65 -0.0586866 -0.47344
3.7 -0.0506259 -0.470891
3.75 -0.0447704 -0.470076
3.8 -0.038891 -0.467637
3.85 -0.0344659 -0.468739
3.9 -0.0290608 -0.464059
3.95 -0.0180675 -0.461653
4 -0.0151373 -0.458491
4.05 -0.00681405 -0.45755
4.1 -0.00506412 -0.453639
4.15 0.00656595 -0.450371
4.2 0.00357622 -0.449541
4.25 0.0162624 -0.445245
4.3 0.0257753 -0.435451
4.35 0.0345279 -0.432949
4.4 0.0398514 -0.426234
4.45 0.0475719 -0.425165
4.5 0.0563595 -0.416597
4.55 0.0656006 -0.414434
4.6 0.0714496 -0.406761
4.65 0.0815841 -0.403913
4.7 0.0849227 -0.39726
4.75 0.100407 -0.390447
4.8 0.100386 -0.385591
4.85 0.115004 -0.379481
4.9 0.115025 -0.375067
4.95 0.12817 -0.36936
5 0.135741 -0.358885
5.05 0.140249 -0.358509
5.1 0.149644 -0.347905
5.15 0.152168 -0.344459
5.2 0.161453 -0.337565
5.25 0.172824 -0.327049
5.3 0.169741 -0.325021
5.35 0.183512 -0.314366
5.4 0.181803 -0.312098
5.45 0.184928 -0.313353
5.5 0.200798 -0.298706
5.55 0.205809 -0.29684
5.6 0.212961 -0.287058
5.65 0.217096 -0.28659
5.7 0.212885 -0.285122
5.75 0.231608 -0.273694
5.8 0.230078 -0.269124
5.85 0.240516 -0.260984
5.9 0.240814 -0.259596
5.95 0.246649 -0.25077
6 0.25582 -0.244876
6.05 0.253385 -0.240604
6.1 0.262431 -0.235101
6.15 0.263511 -0.233187
6.2 0.264386 -0.234915
6.25 0.280064 -0.221259
6.3 0.280926 -0.220296
6.35 0.287922 -0.213288
6.4 0.288159 -0.212797
6.45 0.294208 -0.207332
6.5 0.297897 -0.203828
6.55 0.299058 -0.201554
6.6 0.305206 -0.197912
6.65 0.3064 -0.194098
6.7 0.311124 -0.191573
6.75 0.314099 -0.185999
6.8 0.31404 -0.188488
6.85 0.316115 -0.184044
6.9 0.316385 -0.186393
6.95 0.320733 -0.180391
7 0.323344 -0.179619
7.05 0.323836 -0.176951
7.1 0.327117 -0.176874
7.15 0.327033 -0.173683
7.2 0.326864 -0.175797
7.25 0.331538 -0.170438
7.3 0.333058 -0.170926
7.35 0.335655 -0.166536
7.4 0.337125 -0.167066
7.45 0.339155 -0.162891
7.5 0.341474 -0.16273
7.55 0.340327 -0.161077
7.6 0.343253 -0.161334
7.65 0.342783 -0.159411
7.7 0.343854 -0.160605
7.75 0.345532 -0.156815
7.8 0.347425 -0.157308
7.85 0.347542 -0.154391
7.9 0.349248 -0.155553
7.95 0.350976 -0.151607
8 0.351461 -0.152904
8.05 0.34922 -0.151219
8.1 0.350476 -0.15099
8.15 0.348681 -0.146153
8.2 0.349229 -0.146102
8.25 0.3468 -0.144572
8.3 0.34309 -0.138762
8.35 0.34114 -0.137105
8.4 0.337801 -0.134172
8.45 0.337855 -0.132112
8.5 0.337554 -0.13107
8.55 0.332559 -0.124082
8.6 0.330511 -0.124001
8.65 0.325909 -0.120251
8.7 0.327188 -0.120301
8.75 0.32483 -0.118153
8.8 0.320591 -0.113952
8.85 0.318309 -0.112142
8.9 0.31647 -0.108785
8.95 0.315999 -0.10792
9 0.316797 -0.108723
9.05 0.312632 -0.106556
9.1 0.306801 -0.101432
9.15 0.303492 -0.0980512
9.2 0.304188 -0.0988647
9.25 0.303627 -0.0981948
9.3 0.301858 -0.0963518
9.35 0.297483 -0.0918123
9.4 0.295486 -0.0911417
9.45 0.291821 -0.0879142
9.5 0.292455 -0.0886056
9.55 0.288309 -0.0858042
9.6 0.285367 -0.0832269
9.65 0.282249 -0.0805248
9.7 0.279852 -0.0781319
9.75 0.279595 -0.0780151
9.8 0.275992 -0.0760934
9.85 0.269193 -0.0718973
9.9 0.267619 -0.0698434
9.95 0.267302 -0.0694559
10 0.262569 -0.067992
10.05 0.258941 -0.0651834
10.1 0.256456 -0.0643609
10.15 0.254177 -0.0623665
10.2 0.255195 -0.0626014
10.25 0.24939 -0.0600408
10.3 0.246808 -0.0585054
10.35 0.243324 -0.0565265
10.4 0.242046 -0.055767
10.45 0.241922 -0.0546501
10.5 0.23801 -0.0535844
10.55 0.235447 -0.0515388
10.6 0.232123 -0.0509261
10.65 0.230187 -0.049475
10.7 0.230993 -0.0496124
10.75 0.226082 -0.0471638
10.8 0.22473 -0.0458931
10.85 0.220417 -0.0443719
10.9 0.218812 -0.0439579
10.95 0.219187 -0.043032
11 0.214659 -0.0417851
11.05 0.213043 -0.0402044
11.1 0.209009 -0.0394439
11.15 0.207871 -0.0379235
11.2 0.2078 -0.038278
11.25 0.203444 -0.0363158
11.3 0.201132 -0.0363349
11.35 0.198728 -0.0344419
11.4 0.196918 -0.0347763
11.45 0.197901 -0.0336241
11.5 0.197176 -0.0345086
11.55 0.192851 -0.0314402
11.6 0.190226 -0.0315522
11.65 0.188048 -0.0299411
11.7 0.186052 -0.030539
11.75 0.187103 -0.0296592
11.8 0.181779 -0.0287055
11.85 0.181827 -0.0271343
11.9 0.176726 -0.026534
11.95 0.176818 -0.0251126
12 0.171809 -0.0248217
12.05 0.171959 -0.0234436
12.1 0.16755 -0.0232577
12.15 0.167835 -0.0219635
12.2 0.167028 -0.0224924
12.25 0.163226 -0.0207877
12.3 0.161309 -0.0210761
12.35 0.159037 -0.019176
12.4 0.157452 -0.0194457
12.45 0.158541 -0.018506
12.5 0.153531 -0.0182461
12.55 0.153794 -0.0173688
12.6 0.149469 -0.0177168
12.65 0.149951 -0.0169995
12.7 0.14909 -0.0175643
12.75 0.145118 -0.0158763
12.8 0.143749 -0.0160551
12.85 0.141205 -0.014553
12.9 0.139947 -0.0149086
12.95 0.140917 -0.0142669
13 0.135426 -0.0137329
13.05 0.135452 -0.0129819
13.1 0.133385 -0.0126409
13.15 0.133931 -0.0119092
13.2 0.13328 -0.0124264
13.25 0.129556 -0.0110864
13.3 0.128369 -0.0114751
13.35 0.129041 -0.0109577
13.4 0.125176 -0.0112917
13.45 0.125122 -0.0107717
13.5 0.121388 -0.010302
13.6 0.118699 -0.00895499
13.65 0.118701 -0.00836626
13.75 0.118765 -0.00827788
13.85 0.113642 -0.00839709
13.9 0.111269 -0.00805869
13.95 0.111441 -0.00748633
14 0.111122 -0.00796317
14.05 0.10817 -0.0065112
14.1 0.107336 -0.00677346
14.15 0.104539 -0.00628721
14.2 0.103736 -0.00665664
14.25 0.104203 -0.00626325
14.3 0.101122 -0.00623941
14.35 0.101459 -0.00583648
14.4 0.0987163 -0.00616323
14.45 0.0990768 -0.00578403
14.5 0.0985952 -0.00616073
14.55 0.0960656 -0.0052452
14.6 0.0952145 -0.0054264
14.7 0.0927469 -0.00527858
14.75 0.09016 -0.00442266
14.8 0.0893709 -0.00458956
14.9 0.0871767 -0.00351913
14.95 0.0875637 -0.00322819
15 0.0870439 -0.00343084
15.05 0.0842711 -0.00342846
15.1 0.0814482 -0.0036335
15.15 0.0817502 -0.00344521
15.2 0.0813505 -0.00359058
15.25 0.0817892 -0.0033927
15.3 0.044 -0.117442
15.35 0.0144385 -0.250215
15.4 -0.00740068 -0.330577
15.45 -0.0203895 -0.389253
15.5 -0.0303578 -0.415357
15.55 -0.036168 -0.440706
15.6 -0.0407647 -0.447369
15.65 -0.0437792 -0.459707
15.7 -0.0491403 -0.456753
15.75 -0.0521396 -0.461965
15.8 -0.0556301 -0.457707
15.85 -0.0566624 -0.46119
15.9 -0.0579391 -0.459008
15.95 -0.0591992 -0.461472
16 -0.0610231 -0.459459
16.05 -0.0616799 -0.461664
16.1 -0.0626241 -0.460683
16.15 -0.0628839 -0.461843
16.2 -0.063983 -0.461985
16.25 -0.0632821 -0.463629
16.3 -0.0643622 -0.464542
16.35 -0.0634609 -0.465247
16.4 -0.0642072 -0.466626
16.45 -0.0631033 -0.467082
16.5 -0.0615273 -0.467329
16.55 -0.052999 -0.462954
16.6 -0.0521649 -0.465127
16.65 -0.0466116 -0.463493
16.7 -0.0427785 -0.463883
16.75 -0.0320202 -0.46005
16.8 -0.0278406 -0.458753
16.85 -0.015187 -0.456082
16.9 -0.0150779 -0.45634
16.95 -0.00317812 -0.453173
17 0.00853544 -0.443217
17.05 0.0167229 -0.442566
17.1 0.0242823 -0.43513
17.15 0.0270537 -0.438094
17.2 0.0358906 -0.428834
17.25 0.0504525 -0.423373
17.3 0.0546606 -0.416671
17.35 0.0656279 -0.414035
17.4 0.0788819 -0.400444
17.45 0.0908639 -0.396193
17.5 0.0871099 -0.39451
17.55 0.101434 -0.389167
17.6 0.102308 -0.383745
17.65 0.104581 -0.385553
17.7 0.123691 -0.368799
17.75 0.130841 -0.366152
17.8 0.140235 -0.355263
17.85 0.14469 -0.353762
17.9 0.141518 -0.353108
17.95 0.164193 -0.335104
18 0.176702 -0.319352
18.05 0.19026 -0.308757
18.1 0.187581 -0.306161
18.15 0.190644 -0.307267
18.2 0.196748 -0.30138
18.25 0.212158 -0.289812
18.3 0.211056 -0.287342
18.35 0.223055 -0.280884
18.4 0.229186 -0.271496
18.45 0.239317 -0.262877
18.5 0.239753 -0.26045
18.55 0.245863 -0.251059
18.6 0.246861 -0.250899
18.65 0.25227 -0.241312
18.7 0.261801 -0.236744
18.75 0.26364 -0.230998
18.8 0.272511 -0.227133
18.85 0.273776 -0.225353
18.9 0.280303 -0.222679
18.95 0.289066 -0.214491
19 0.288461 -0.213109
19.05 0.29016 -0.211633
19.1 0.29021 -0.211363
19.15 0.302574 -0.197857
19.2 0.310547 -0.193165
19.25 0.311267 -0.188892
19.3 0.31638 -0.18689
19.35 0.31773 -0.181747
19.4 0.317041 -0.185056
19.45 0.319431 -0.180546
19.5 0.325514 -0.177176
19.55 0.326039 -0.173276
19.6 0.331676 -0.17177
19.65 0.332409 -0.168252
19.7 0.332502 -0.169788
19.75 0.336027 -0.164318
19.8 0.337942 -0.164509
19.85 0.341261 -0.160216
19.9 0.343677 -0.15888
19.95 0.343279 -0.15747
20 0.347933 -0.155916
20.05 0.347113 -0.153985
20.1 0.347659 -0.155555
20.15 0.347353 -0.154817
20.2 0.351979 -0.151092
20.25 0.354885 -0.147426
20.3 0.355782 -0.147121
20.35 0.357688 -0.143527
20.4 0.359392 -0.143242
20.45 0.358929 -0.143046
20.5 0.361949 -0.140939
20.55 0.360811 -0.141342
20.6 0.36127 -0.142516
20.65 0.362452 -0.13972
20.7 0.363599 -0.139422
20.75 0.363332 -0.138612
20.8 0.364788 -0.1351
20.85 0.36342 -0.132861
20.9 0.363103 -0.131862
20.95 0.361334 -0.132856
21 0.359743 -0.128903
21.05 0.355259 -0.12439
21.1 0.357071 -0.122707
21.15 0.35239 -0.120422
21.2 0.349311 -0.115402
21.25 0.345638 -0.113017
21.3 0.345285 -0.110368
21.35 0.342802 -0.107448
21.4 0.341154 -0.107967
21.45 0.336909 -0.104907
21.5 0.337789 -0.103368
21.55 0.333135 -0.101659
21.6 0.33178 -0.100968
21.65 0.331049 -0.100679
21.7 0.329518 -0.0980236
21.75 0.322471 -0.0911465
21.8 0.319657 -0.0878396
21.85 0.319316 -0.0864105
21.9 0.314665 -0.0841822
21.95 0.310979 -0.0811797
22 0.309932 -0.0788034
22.05 0.307617 -0.0797499
22.1 0.306442 -0.0787241
22.15 0.302648 -0.0765145
22.2 0.299263 -0.072461
22.25 0.295601 -0.0715339
22.3 0.292864 -0.0673496
22.35 0.290711 -0.0658426
22.4 0.288367 -0.0657855
22.45 0.28504 -0.0644264
22.5 0.283618 -0.0628052
22.55 0.280461 -0.060843
22.6 0.280536 -0.0594746
22.65 0.275101 -0.0573573
22.7 0.272795 -0.0545871
22.75 0.268492 -0.0538286
22.8 0.268316 -0.0538906
22.85 0.266055 -0.0522292
22.9 0.262508 -0.0502594
22.95 0.258275 -0.0475635
23 0.256054 -0.0471075
23.05 0.254072 -0.046707
23.1 0.253729 -0.0455894
23.15 0.249042 -0.0438983
23.2 0.247087 -0.0419536
23.25 0.245296 -0.0408799
23.3 0.244447 -0.0414331
23.35 0.24296 -0.0411168
23.4 0.237879 -0.0386149
23.45 0.23343 -0.0358311
23.5 0.231222 -0.0352222
23.55 0.228733 -0.0340467
23.6 0.228223 -0.0335209
23.65 0.224143 -0.0329428
23.7 0.22263 -0.0325029
23.75 0.220183 -0.0316434
23.8 0.219029 -0.0313025
23.85 0.217786 -0.0299233
23.9 0.213149 -0.0286274
23.95 0.212226 -0.027687
24 0.208596 -0.0271039
24.05 0.208112 -0.0261502
24.1 0.205927 -0.0257057
24.15 0.202125 -0.0242166
24.2 0.199807 -0.0243921
24.25 0.197778 -0.0228266
24.3 0.19574 -0.0230412
24.35 0.195339 -0.0212856
24.4 0.193768 -0.0214866
24.45 0.191687 -0.0197526
24.5 0.186608 -0.0187972
24.55 0.186902 -0.0178817
24.6 0.184284 -0.0175162
24.65 0.181075 -0.0161555
24.7 0.177475 -0.015814
24.75 0.177117 -0.0147417
24.8 0.174415 -0.0144293
24.85 0.175019 -0.0135181
24.9 0.17088 -0.0137546
24.95 0.169636 -0.0122521
25 0.166879 -0.0124814
25.05 0.166047 -0.0111892
25.1 0.164827 -0.0115511
25.15 0.165718 -0.0110247
25.2 0.161301 -0.0112007
25.25 0.158203 -0.0102283
25.3 0.1566 -0.0105335
25.35 0.156113 -0.00941496
25.4 0.151532 -0.00957983
25.45 0.152036 -0.00910741
25.5 0.148568 -0.00840441
25.55 0.149147 -0.00774636
25.6 0.148198 -0.00817044
25.65 0.149157 -0.00775113
25.7 0.143673 -0.00721441
25.75 0.143874 -0.00655425
25.8 0.140545 -0.00613224
25.85 0.140952 -0.00551452
25.9 0.140171 -0.00593197
25.95 0.136379 -0.00473491
26.05 0.132455 -0.00456342
26.1 0.13138 -0.00496378
26.15 0.131991 -0.00454673
26.2 0.127582 -0.00407212
26.25 0.127515 -0.00352867
26.3 0.124158 -0.0031305
26.4 0.123746 -0.00308997
26.45 0.120477 -0.00165461
26.5 0.119562 -0.00185018
26.55 0.116865 -0.00153546
26.65 0.116412 -0.00153546
26.7 0.11328 -0.0012493
26.75 0.111095 -0.000429179
26.8 0.110735 -0.00129465
26.85 0.111098 -0.00118493
26.9 0.110752 -0.00138525
26.95 0.107801 -0.000488765
27 0.106978 -0.000579384
27.05 0.104562 0.000197873
27.1 0.103796 0.000128726
27.15 0.104264 0.000281321
27.2 0.0997592 0.000257469
27.25 0.09998 0.000424375
27.3 0.097703 0.000798698
27.35 0.0980474 0.000972709
27.4 0.0975958 0.000846382
27.45 0.0944593 0.000953637
27.5 0.093595 0.000827309
27.55 0.0924578 0.00143767
27.6 0.0917581 0.00136132
27.65 0.0922432 0.00143767
27.7 0.0880412 0.00132318
27.75 0.0883617 0.00143767
27.8 0.0861324 0.00181915
27.85 0.0865273 0.00198597
27.9 0.0860299 0.00187875
27.95 0.0831013 0.00166888
28 0.0824583 0.00158311
28.05 0.0810063 0.00229361
28.1 0.0804501 0.00223869
28.15 0.0783885 0.00228169
28.2 0.0779134 0.00221961
28.25 0.0773895 0.0025058
28.3 0.0761449 0.00302557
28.35 0.0764233 0.00316373
28.4 0.0760877 0.00309709
28.45 0.0428166 -0.113516
28.5 0.0121905 -0.245763
28.55 -0.00630871 -0.33542
28.6 -0.0203725 -0.382424
28.65 -0.0278073 -0.421187
28.7 -0.0253362 -0.430863
28.75 -0.0172738 -0.443003
28.8 -0.0152996 -0.441641
28.85 -0.0101446 -0.449073
28.9 -0.00979208 -0.445251
28.95 -0.00483271 -0.449912
29 -0.00509039 -0.445835
29.05 -0.0026561 -0.451183
29.1 -0.00499245 -0.447175
29.15 -0.00513807 -0.45145
29.2 -0.00538583 -0.444981
29.25 -0.00429168 -0.450406
29.3 -0.00767489 -0.443225
29.35 -0.0100945 -0.447313
29.4 -0.0122955 -0.442402
29.45 -0.0128982 -0.445797
29.5 -0.0160554 -0.440826
29.55 -0.0176505 -0.443098
29.6 -0.0192686 -0.439417
29.65 -0.019689 -0.442283
29.7 -0.0320714 -0.433457
29.75 -0.0350052 -0.436377
29.8 -0.0397331 -0.431399
29.85 -0.0436964 -0.434427
29.9 -0.0470145 -0.429773
29.95 -0.0470247 -0.432186
30 -0.0529393 -0.427024
30.05 -0.0564775 -0.42916
30.1 -0.0631176 -0.425142
30.15 -0.0710737 -0.424971
30.2 -0.0814301 -0.419857
30.25 -0.0844921 -0.421606
30.3 -0.0912037 -0.417616
30.35 -0.0935009 -0.418853
30.4 -0.102145 -0.415495
30.45 -0.109947 -0.41168
30.5 -0.119178 -0.4115
30.55 -0.118048 -0.41196
30.6 -0.122001 -0.411588
30.65 -0.118224 -0.412824
30.7 -0.136315 -0.402689
30.75 -0.141225 -0.40196
30.8 -0.156179 -0.395774
30.85 -0.157875 -0.39538
30.9 -0.178781 -0.383165
30.95 -0.179909 -0.384433
31 -0.185164 -0.386261
31.05 -0.193763 -0.377612
31.1 -0.200408 -0.376955
31.15 -0.196603 -0.37861
31.2 -0.218143 -0.362057
31.25 -0.228842 -0.346903
31.3 -0.232967 -0.344481
31.35 -0.239634 -0.336022
31.4 -0.242349 -0.333915
31.45 -0.245513 -0.327954
31.5 -0.247175 -0.326928
31.55 -0.259542 -0.312487
31.6 -0.259491 -0.311493
31.65 -0.256261 -0.31103
31.7 -0.277296 -0.293503
31.75 -0.276949 -0.287654
31.8 -0.288338 -0.277841
31.85 -0.287071 -0.272717
31.9 -0.286102 -0.273482
31.95 -0.296886 -0.25875
32 -0.312731 -0.238417
32.05 -0.314739 -0.227941
32.1 -0.316501 -0.221215
32.15 -0.316906 -0.21541
32.2 -0.323789 -0.201142
32.25 -0.338941 -0.179434
32.35 -0.346237 -0.1614
32.4 -0.359967 -0.14418
32.45 -0.371668 -0.13215
32.5 -0.372518 -0.128333
32.55 -0.380868 -0.116236
32.6 -0.386933 -0.110757
32.65 -0.395066 -0.0954951
32.7 -0.406789 -0.0862802
32.75 -0.413138 -0.0828803
32.8 -0.415441 -0.0831544
32.85 -0.415842 -0.0694809
32.9 -0.413933 -0.0526157
32.95 -0.416405 -0.0404697
33 -0.413307 -0.0304774
33.05 -0.414467 -0.0244167
33.1 -0.412801 -0.0255731
33.15 -0.406892 -0.00719496
33.2 -0.404557 0.0142673
33.25 -0.399743 0.0224976
33.3 -0.399181 0.0292879
33.4 -0.383699 0.0536481
33.5 -0.370392 0.0733006
33.55 -0.368175 0.0764168
33.6 -0.358837 0.0924936
33.65 -0.348356 0.107201
33.7 -0.340405 0.119471
33.75 -0.331836 0.132308
33.8 -0.326913 0.133941
33.85 -0.315759 0.148284
33.9 -0.309956 0.151618
33.95 -0.303984 0.160408
34 -0.299003 0.165942
34.05 -0.29674 0.168445
34.1 -0.276706 0.176916
34.15 -0.27245 0.177618
34.2 -0.254711 0.188463
34.25 -0.250684 0.191384
34.3 -0.248028 0.185702
34.35 -0.234886 0.204001
34.4 -0.233221 0.201366
34.45 -0.220395 0.219031
34.5 -0.214764 0.226549
34.55 -0.211678 0.23061
34.6 -0.202285 0.249144
34.65 -0.196235 0.256911
34.7 -0.19023 0.266511
34.75 -0.165746 0.290598
34.8 -0.147416 0.283954
34.85 -0.142243 0.283475
34.9 -0.138918 0.289372
34.95 -0.128028 0.287801
35 -0.123994 0.289209
35.05 -0.113961 0.286553
35.1 -0.110637 0.290728
35.15 -0.0992714 0.288531
35.2 -0.0990167 0.28635
35.25 -0.0905622 0.287691
35.3 -0.0856889 0.285689
35.35 -0.0783455 0.286187
35.4 -0.0707201 0.285411
35.45 -0.0647745 0.283125
35.5 -0.0605497 0.282439
35.55 -0.0589999 0.280356
35.6 -0.0530251 0.280776
35.65 -0.045764 0.276445
35.7 -0.0421339 0.276588
35.75 -0.0379711 0.273219
35.8 -0.0319461 0.272823
35.85 -0.0337844 0.271596
35.9 -0.0224886 0.269431
35.95 -0.0172736 0.263993
36 -0.0114967 0.263039
36.05 -0.0121786 0.261244
36.1 -0.0105931 0.262393
36.2 0.014179 0.241529
36.25 0.0196556 0.236474
36.3 0.0222305 0.234896
36.35 0.021284 0.235022
36.4 0.0315218 0.227788
36.45 0.0323825 0.225631
36.5 0.0383979 0.221108
36.55 0.0386364 0.219754
36.6 0.0392491 0.219871
36.65 0.0469203 0.212509
36.7 0.04855 0.210534
36.75 0.0530752 0.205889
36.8 0.0538596 0.204457
36.85 0.053595 0.204621
36.9 0.0615631 0.196807
36.95 0.0619731 0.195113
37 0.0669395 0.190151
37.05 0.0672279 0.189164
37.1 0.067135 0.189057
37.15 0.0737956 0.181573
37.2 0.0730001 0.179384
37.25 0.0766003 0.175312
37.3 0.0755465 0.173695
37.35 0.0765073 0.174263
37.4 0.0805162 0.166506
37.45 0.081364 0.165122
37.5 0.0826491 0.160487
37.55 0.0834216 0.1598
37.6 0.0824274 0.159323
37.65 0.0876135 0.152388
37.7 0.0862922 0.150387
37.75 0.0890758 0.146487
37.8 0.0879731 0.145109
37.85 0.0886597 0.145418
37.9 0.0908784 0.139075
37.95 0.0908305 0.137579
38 0.0919368 0.133497
38.05 0.0918677 0.132591
38.1 0.0915553 0.13231
38.15 0.0940468 0.126206
38.2 0.0932183 0.1248
38.25 0.0950566 0.120851
38.3 0.0945213 0.119826
38.35 0.0954416 0.116073
38.4 0.0948216 0.113185
38.45 0.0948432 0.113546
38.5 0.096201 0.108563
38.55 0.0957683 0.108887
38.6 0.0962618 0.103852
38.65 0.0959159 0.104311
38.7 0.0960699 0.10142
38.75 0.0973168 0.0983968
38.8 0.0964871 0.0965228
38.85 0.0968805 0.0978532
38.9 0.0966872 0.0930491
38.95 0.0969663 0.0918355
39 0.0965944 0.0867332
39.05 0.0965133 0.087768
39.1 0.0961557 0.0831712
39.15 0.0952448 0.0830933
39.2 0.0945416 0.0812686
39.25 0.0949278 0.0813687
39.3 0.0941696 0.0780022
39.35 0.0944295 0.0794375
39.4 0.0939956 0.0778103
39.45 0.0940457 0.0744163
39.5 0.0928202 0.0720464
39.55 0.0930754 0.0707923
39.6 0.092062 0.068575
39.65 0.0918881 0.0667579
39.7 0.0908055 0.0644837
39.75 0.0909319 0.0636683
39.8 0.0899591 0.0614319
39.85 0.0900807 0.0611219
39.9 0.0881165 0.0570691
39.95 0.0883545 0.0578937
40 0.0863232 0.0549563
40.05 0.0868763 0.0568589
40.1 0.0855459 0.0529536
40.15 0.0860758 0.0548138
40.2 0.0849498 0.0512274
40.25 0.0842513 0.0514753
40.3 0.0832117 0.049196
40.35 0.0834919 0.0495537
40.4 0.081378 0.0450774
40.45 0.0819326 0.0469024
40.5 0.0805712 0.0432307
40.55 0.0812841 0.0451428
40.6 0.0803507 0.043059
40.65 0.0794183 0.0429604
40.7 0.0783765 0.040918
40.75 0.078938 0.0421387
40.8 0.0760412 0.038858
40.85 0.0766718 0.0405318
40.9 0.0752785 0.0373341
40.95 0.0754845 0.0385147
41 0.0735199 0.0348144
41.05 0.0740909 0.0363689
41.1 0.0728952 0.0334506
41.15 0.0713961 0.0335244
41.2 0.0703405 0.0312858
41.25 0.0704871 0.0321631
41.3 0.0697397 0.030518
41.35 0.0699114 0.0309806
41.4 0.0681693 0.0281412
41.45 0.0684558 0.0290494
41.5 0.0667642 0.0260881
41.55 0.0672291 0.0274662
41.6 0.0662063 0.0252298
41.65 0.0649842 0.0261386
41.7 0.0641344 0.0243667
41.75 0.064653 0.0257114
41.8 0.0636552 0.0239042
41.85 0.0641403 0.0252203
41.9 0.0636145 0.0238547
41.95 0.0614307 0.0236181
42 0.0599084 0.0212863
42.05 0.0603053 0.0224451
42.1 0.0598368 0.0212148
42.15 0.0582326 0.0216757
42.2 0.0576481 0.0204805
42.25 0.0576481 0.0199655
42.3 0.0571927 0.0187877
42.35 0.0576052 0.0199273
42.4 0.0544443 0.0171222
42.45 0.0544938 0.0177243
42.5 0.0534543 0.0164559
42.55 0.0537952 0.0174573
42.6 0.0534257 0.0164225
42.65 0.0537911 0.0174655
42.75 0.0518473 0.0167086
42.8 0.051039 0.0144055
42.85 0.0513132 0.0152972
42.9 0.0494879 0.0127212
42.95 0.0495751 0.0133326
43 0.0474961 0.0122358
43.05 0.0477083 0.0130608
43.1 0.0474317 0.0121786
43.15 0.0467224 0.0124351
43.2 0.0462849 0.0113966
43.25 0.0460989 0.0121595
43.3 0.0458438 0.0113441
43.35 0.0460846 0.0121643
43.4 0.0442979 0.0100511
43.45 0.0443108 0.0105573
43.5 0.0441176 0.00980868
43.55 0.0425631 0.0104906
43.6 0.0423772 0.00981822
43.65 0.0415681 0.0102514
43.7 0.0414163 0.00961318
43.75 0.0398523 0.0103427
43.8 0.0396854 0.00977054
43.85 0.0395161 0.00999942
43.9 0.0390625 0.00826308
43.95 0.0391346 0.00882638
44 0.0390559 0.00824463
44.05 0.0387198 0.00837338
44.1 0.0386435 0.00781547
44.15 0.0387049 0.00837751
44.2 0.0368791 0.0078727
44.25 0.0352984 0.00759136
44.3 0.0352102 0.00708113
44.35 0.035277 0.00760566
44.4 0.0335959 0.00569785
44.45 0.0335269 0.00606546
44.5 0.0326233 0.0066186
44.55 0.0326925 0.00711451
44.6 0.0326162 0.0066186
44.65 0.0321774 0.00572646
44.7 0.0321441 0.00525482
44.75 0.0318389 0.00539311
44.8 0.0317912 0.00493057
44.85 0.0318318 0.00539311
44.9 0.0302034 0.00395273
44.95 0.030189 0.00436312
45 0.0294428 0.00498302
45.05 0.0294881 0.00543125
45.1 0.0294428 0.00496871
45.15 0.0291044 0.00402902
45.2 0.0290756 0.00359063
45.25 0.0275354 0.00434882
45.3 0.0274734 0.00395304
45.35 0.0275068 0.00437266
45.4 0.0268348 0.00386214
45.45 0.0267844 0.00418192
45.5 0.0264363 0.00380521
45.55 0.026472 0.00420576
45.6 0.0264291 0.00378137
45.65 0.0249418 0.00329474
45.7 0.0249032 0.00292782
45.75 0.0245122 0.00292305
45.8 0.0245003 0.00257019
45.85 0.024505 0.00293736
45.9 0.0240478 0.00254615
45.95 0.024052 0.00290398
46 0.0225309 0.00308518
46.05 0.022519 0.00341897
46.1 0.0225071 0.00308995
46.15 0.0224434 0.00337103
46.2 0.0219468 0.00309949
46.25 0.0219491 0.00342374
46.3 0.021787 0.00192645
46.35 0.0217608 0.0022364
46.4 0.0212323 0.00265582
46.45 0.0212458 0.00297551
46.5 0.0199059 0.0021458
46.55 0.0198796 0.00244621
46.6 0.0198677 0.00214103
46.65 0.0194252 0.0022696
46.7 0.01941 0.00198367
46.75 0.0191048 0.00239852
46.8 0.0191048 0.00209811
46.85 0.0191072 0.00240806
46.9 0.0191009 0.00211702
46.95 0.0187519 0.00228408
47 0.0185039 0.00200274
47.05 0.0185135 0.00226978
47.1 0.0185087 0.00199321
47.15 0.0185192 0.00227914
47.2 0.0170949 0.00120641
47.25 0.0170567 0.0014353
47.3 0.00639446 -0.117213
47.35 -0.00568164 -0.252804
47.4 -0.0182666 -0.33614
47.45 -0.0276618 -0.391518
47.5 -0.033434 -0.42184
47.55 -0.0390393 -0.44388
47.6 -0.0421412 -0.453927
47.65 -0.0460121 -0.46237
47.7 -0.04644 -0.465019
47.75 -0.0506338 -0.468185
47.8 -0.0528011 -0.468132
47.85 -0.0574002 -0.467763
47.9 -0.0580753 -0.469027
47.95 -0.0615297 -0.467548
48 -0.0610862 -0.47034
48.05 -0.0634609 -0.467913
48.1 -0.061792 -0.471957
48.15 -0.0633607 -0.468576
48.2 -0.0571666 -0.470257
48.25 -0.0580392 -0.467255
48.3 -0.0517806 -0.469253
48.35 -0.0486978 -0.464904
48.4 -0.0416016 -0.466085
48.45 -0.0290685 -0.459156
48.5 -0.0239854 -0.461554
48.55 -0.0171712 -0.458431
48.6 -0.00970625 -0.456595
48.7 0.0122906 -0.443084
48.75 0.0162746 -0.441048
48.8 0.0260929 -0.434916
48.85 0.0253228 -0.436439
48.9 0.0353648 -0.429883
