2.35 0.276604 0.00592835
2.45 0.0503451 0.000883035
2.55 0.0516763 -0.0387755
2.6 0.00472802 -0.0567631
2.65 0.00542461 -0.0819639
2.7 -0.00610059 -0.101191
2.8 -0.00498112 -0.157598
2.85 -0.0130911 -0.176241
2.9 -0.0126544 -0.204627
2.95 -0.0195917 -0.222163
3.05 -0.0205865 -0.278919
3.1 -0.0315968 -0.289492
3.15 -0.0329287 -0.316674
3.2 -0.0434876 -0.331122
3.3 -0.0470378 -0.385138
3.35 -0.0604228 -0.400385
3.4 -0.0630006 -0.426509
3.45 -0.0712239 -0.446289
3.55 -0.0767943 -0.497372
3.6 -0.0896191 -0.512656
3.65 -0.0934793 -0.537006
3.7 -0.105605 -0.557362
3.8 -0.112889 -0.603259
3.85 -0.125153 -0.625142
3.9 -0.12954 -0.64689
3.95 -0.134721 -0.667719
4.05 -0.146539 -0.712264
4.15 -0.154985 -0.750077
4.2 -0.161909 -0.778916
4.3 -0.173839 -0.820474
4.4 -0.181311 -0.851871
4.45 -0.187826 -0.881836
4.55 -0.19742 -0.921927
4.65 -0.204548 -0.946966
4.7 -0.211252 -0.979267
4.8 -0.215324 -1.02106
4.9 -0.220671 -1.04075
4.95 -0.224775 -1.07882
5.05 -0.228896 -1.1174
5.15 -0.23166 -1.13228
5.2 -0.238959 -1.17869
5.3 -0.234328 -1.20793
5.4 -0.234908 -1.21851
5.45 -0.235476 -1.26088
5.55 -0.239106 -1.29678
5.65 -0.237758 -1.30375
5.7 -0.236752 -1.34736
5.8 -0.233503 -1.38269
5.9 -0.230492 -1.38668
5.95 -0.232257 -1.43261
6.05 -0.229597 -1.47214
6.2 -0.224314 -1.51386
6.3 -0.219409 -1.55557
6.4 -0.214118 -1.55554
6.45 -0.208892 -1.60845
6.55 -0.196698 -1.63072
6.65 -0.190792 -1.62908
6.7 -0.181855 -1.678
6.8 -0.183755 -1.73525
6.9 -0.177928 -1.73265
6.95 -0.176232 -1.79214
7.05 -0.169789 -1.83078
7.15 -0.163713 -1.82732
7.2 -0.15954 -1.88717
7.3 -0.152869 -1.9214
7.4 -0.147383 -1.91716
7.45 -0.146868 -1.97873
7.55 -0.140545 -2.01801
7.65 -0.134776 -2.01319
7.7 -0.13269 -2.07125
7.8 -0.129029 -2.1067
7.9 -0.124102 -2.1013
7.95 -0.121462 -2.16458
8.05 -0.114847 -2.20455
8.1 -0.112605 -2.20161
8.2 -0.113072 -2.26687
8.25 -0.11126 -2.26378
8.3 -0.110598 -2.30636
8.35 -0.108669 -2.30336
8.45 -0.105784 -2.35743
8.5 -0.103996 -2.35446
8.55 -0.10014 -2.39769
8.6 -0.0983166 -2.39485
8.7 -0.0967333 -2.44615
8.75 -0.0951048 -2.44327
8.8 -0.0947835 -2.48224
8.85 -0.093362 -2.47936
8.95 -0.086513 -2.53195
9.05 -0.0871557 -2.5625
9.2 -0.083804 -2.60541
9.3 -0.0803157 -2.64084
9.45 -0.0758833 -2.68403
9.55 -0.0748275 -2.71772
9.7 -0.0704184 -2.75939
9.8 -0.068791 -2.79176
9.85 -0.0677123 -2.78954
9.95 -0.0663059 -2.83534
10 -0.0651991 -2.83326
10.05 -0.0632118 -2.86173
10.1 -0.0621169 -2.85971
10.2 -0.0615939 -2.90415
10.25 -0.0607341 -2.9021
10.3 -0.0593313 -2.92962
10.35 -0.0581731 -2.92784
10.45 -0.0560972 -2.9623
10.5 -0.0553742 -2.96038
10.55 -0.0556553 -2.98922
10.6 -0.054774 -2.9875
10.7 -0.0535939 -3.02113
10.75 -0.0530184 -3.01938
10.8 -0.052632 -3.04792
10.85 -0.0521264 -3.04615
10.95 -0.0512591 -3.07751
11 -0.0504182 -3.07615
11.05 -0.0504381 -3.10351
11.1 -0.0496623 -3.10214
11.2 -0.0454679 -3.13374
11.25 -0.0447668 -3.13246
11.3 -0.0456292 -3.15389
11.35 -0.0448478 -3.15272
11.45 -0.0461661 -3.18596
11.55 -0.041009 -3.20529
11.7 -0.0413025 -3.23088
11.8 -0.0409029 -3.25486
11.95 -0.0378715 -3.27757
12 -0.0373997 -3.27658
12.05 -0.0385589 -3.2969
12.1 -0.0379931 -3.29603
12.2 -0.0375271 -3.32252
12.25 -0.0370709 -3.32164
12.3 -0.0381648 -3.34066
12.35 -0.0376235 -3.3399
12.45 -0.0352225 -3.36116
12.5 -0.0348043 -3.3604
12.55 -0.0318246 -3.37842
12.6 -0.031175 -3.37791
12.7 -0.0301222 -3.4024
12.75 -0.0298807 -3.40162
12.8 -0.0306455 -3.41882
12.85 -0.030431 -3.41804
12.95 -0.0293532 -3.44199
13 -0.0289216 -3.44147
13.05 -0.0300303 -3.4493
13.1 -0.0294988 -3.4489
13.2 -0.0282466 -3.47051
13.25 -0.0279279 -3.46997
13.3 -0.0250726 -3.48664
13.45 -0.0246621 -3.50344
13.5 -0.0244844 -3.5029
13.55 -0.0278805 -3.51515
13.6 -0.0274038 -3.51488
13.7 -0.0226925 -3.53641
13.8 -0.0240624 -3.54619
13.95 -0.0247466 -3.5624
14.05 -0.0220149 -3.57735
14.2 -0.0199105 -3.58887
14.3 -0.0181209 -3.59874
14.45 -0.0180884 -3.61337
14.55 -0.0168884 -3.62365
14.7 -0.0167435 -3.63798
14.75 -0.0166253 -3.6377
14.8 -0.0196873 -3.64804
14.95 -0.0165615 -3.66216
15.05 -0.0147014 -3.67173
15.1 -0.0144762 -3.67159
15.2 -0.0169696 -3.68212
15.3 -0.0247715 -3.68808
15.45 -0.0725335 -3.68453
15.55 -0.115953 -3.68907
15.7 -0.185284 -3.68094
15.75 -0.214263 -3.65325
15.8 -0.232317 -3.68141
15.85 -0.261329 -3.65326
15.95 -0.30096 -3.67374
16 -0.330643 -3.64417
16.1 -0.383425 -3.65659
16.2 -0.428119 -3.6514
16.25 -0.457827 -3.6205
16.35 -0.494516 -3.63882
16.45 -0.536365 -3.62469
16.5 -0.566368 -3.59201
16.6 -0.606278 -3.61229
16.7 -0.652047 -3.6018
16.85 -0.719729 -3.57957
16.95 -0.76025 -3.5724
17.1 -0.825786 -3.5597
17.2 -0.865812 -3.55565
17.35 -0.929693 -3.54158
17.45 -0.967912 -3.54029
17.6 -1.0277 -3.52723
17.7 -1.06524 -3.53312
17.85 -1.12356 -3.52438
17.95 -1.16107 -3.52771
18 -1.18089 -3.50444
18.1 -1.21665 -3.53365
18.2 -1.2549 -3.53001
18.25 -1.27385 -3.50913
18.35 -1.3103 -3.53382
18.4 -1.32904 -3.51406
18.45 -1.34217 -3.54328
18.5 -1.36084 -3.52407
18.6 -1.3928 -3.5491
18.65 -1.41158 -3.53088
18.7 -1.42812 -3.55845
18.75 -1.44687 -3.54104
18.85 -1.48321 -3.56994
18.9 -1.50176 -3.55379
18.95 -1.51606 -3.57774
19.1 -1.57168 -3.58534
19.15 -1.59017 -3.57069
19.2 -1.60351 -3.59955
19.25 -1.62209 -3.58556
19.35 -1.6573 -3.616
19.45 -1.6912 -3.62271
19.5 -1.71003 -3.60939
19.6 -1.75928 -3.62577
19.65 -1.77822 -3.61312
19.7 -1.78979 -3.63902
19.75 -1.80865 -3.62706
19.85 -1.84551 -3.6528
19.9 -1.86427 -3.64109
19.95 -1.87578 -3.66452
20.1 -1.93203 -3.67281
20.2 -1.97338 -3.68357
20.25 -1.99299 -3.6726
20.35 -2.02613 -3.69806
20.4 -2.04567 -3.68757
20.45 -2.06141 -3.70947
20.6 -2.12057 -3.71549
20.65 -2.14034 -3.7055
20.7 -2.16089 -3.73144
20.75 -2.1805 -3.72171
20.85 -2.21454 -3.74204
20.95 -2.24921 -3.74782
21 -2.2683 -3.73881
21.1 -2.30727 -3.76266
21.15 -2.32605 -3.75433
21.2 -2.34097 -3.76797
21.25 -2.35937 -3.7601
21.35 -2.39441 -3.77787
21.4 -2.41265 -3.77025
21.45 -2.4318 -3.78792
21.6 -2.48237 -3.79134
21.7 -2.51561 -3.79574
21.75 -2.53269 -3.78948
21.85 -2.56458 -3.80582
21.9 -2.58099 -3.8
21.95 -2.59698 -3.81238
22.1 -2.64446 -3.81172
22.15 -2.66031 -3.80657
22.2 -2.6762 -3.82088
22.25 -2.69187 -3.81596
22.35 -2.72072 -3.82792
22.4 -2.7356 -3.82384
22.45 -2.74694 -3.83398
22.5 -2.76136 -3.83012
22.6 -2.78938 -3.8403
22.65 -2.80373 -3.83626
22.7 -2.81892 -3.84538
22.75 -2.83279 -3.84156
22.85 -2.86021 -3.85033
22.9 -2.8735 -3.84714
22.95 -2.88827 -3.85537
23 -2.90118 -3.85258
23.1 -2.92312 -3.85934
23.15 -2.93584 -3.85617
23.2 -2.94582 -3.86555
23.35 -2.98751 -3.86752
23.4 -2.99978 -3.86517
23.45 -3.01041 -3.87391
23.5 -3.0223 -3.87196
23.6 -3.04739 -3.87949
23.65 -3.059 -3.87755
23.7 -3.06392 -3.88398
23.75 -3.07494 -3.88205
23.85 -3.09884 -3.88571
23.95 -3.11845 -3.89029
24 -3.1288 -3.88876
24.1 -3.15331 -3.89521
24.15 -3.16368 -3.89368
24.2 -3.1722 -3.89686
24.25 -3.18226 -3.89534
24.35 -3.20108 -3.89958
24.45 -3.2194 -3.90028
24.5 -3.22891 -3.89934
24.6 -3.25087 -3.90501
24.65 -3.26009 -3.90407
24.7 -3.26539 -3.90818
24.75 -3.27431 -3.90725
24.85 -3.29182 -3.91121
24.9 -3.30056 -3.91047
24.95 -3.30852 -3.91228
25 -3.31677 -3.91172
25.1 -3.33419 -3.9183
25.2 -3.35214 -3.92252
25.25 -3.3601 -3.92197
25.35 -3.37632 -3.9262
25.45 -3.38928 -3.92519
25.6 -3.41205 -3.92731
25.7 -3.42451 -3.92949
25.85 -3.44672 -3.93237
25.95 -3.46234 -3.93643
26.1 -3.48156 -3.9378
26.2 -3.49603 -3.93825
26.35 -3.51437 -3.93849
26.45 -3.52905 -3.94243
26.6 -3.54194 -3.94509
26.7 -3.55323 -3.94438
26.7 -3.55123 -3.94802
26.85 -3.56721 -3.94871
26.95 -3.58055 -3.94924
27.1 -3.59816 -3.95265
27.2 -3.60641 -3.9519
27.35 -3.62305 -3.95562
27.45 -3.63087 -3.95492
27.6 -3.6469 -3.95849
27.7 -3.65463 -3.95761
27.85 -3.66929 -3.96147
27.95 -3.67783 -3.96055
28.1 -3.68829 -3.96227
28.15 -3.69222 -3.9621
28.2 -3.69613 -3.96031
28.35 -3.71019 -3.96439
28.45 -3.71123 -3.95579
28.6 -3.71818 -3.9038
28.7 -3.72184 -3.86425
28.85 -3.71943 -3.7955
28.95 -3.72392 -3.74968
29 -3.72774 -3.72141
29.1 -3.7257 -3.68327
29.15 -3.72956 -3.65466
29.2 -3.72712 -3.64125
29.25 -3.73078 -3.61284
29.35 -3.7351 -3.57232
29.4 -3.73868 -3.54371
29.45 -3.73477 -3.53291
29.6 -3.74097 -3.46373
29.65 -3.74493 -3.43483
29.7 -3.74441 -3.42354
29.75 -3.74803 -3.3947
29.85 -3.74614 -3.354
29.9 -3.7498 -3.32428
29.95 -3.74696 -3.31111
30 -3.75072 -3.28138
30.1 -3.75494 -3.24871
30.15 -3.75865 -3.21857
30.2 -3.75151 -3.20727
30.25 -3.7548 -3.17674
30.35 -3.75438 -3.14146
30.4 -3.75817 -3.11099
30.45 -3.75998 -3.0971
30.6 -3.7604 -3.03226
30.7 -3.76039 -2.98861
30.85 -3.76178 -2.92107
30.95 -3.76275 -2.88182
31.1 -3.76209 -2.81646
31.2 -3.76304 -2.7734
31.25 -3.7679 -2.74214
31.35 -3.76085 -2.71568
31.45 -3.76223 -2.67599
31.6 -3.7619 -2.61251
31.7 -3.76232 -2.57599
31.85 -3.76181 -2.51655
31.95 -3.76186 -2.47676
32 -3.76413 -2.4577
32.1 -3.76209 -2.41634
32.2 -3.76648 -2.38539
32.35 -3.76954 -2.32956
32.45 -3.77001 -2.29136
32.6 -3.7742 -2.23528
32.65 -3.77631 -2.23024
32.7 -3.78118 -2.19346
32.8 -3.787 -2.18526
32.85 -3.79344 -2.13057
32.9 -3.79715 -2.12803
32.95 -3.79455 -2.09093
33.1 -3.80074 -2.04115
33.15 -3.80421 -2.04165
33.2 -3.80905 -1.9936
33.35 -3.81661 -1.94842
33.45 -3.82382 -1.90844
33.55 -3.82897 -1.91448
33.6 -3.834 -1.85058
33.65 -3.83664 -1.85359
33.7 -3.8428 -1.81218
33.8 -3.84775 -1.81752
33.85 -3.82731 -1.80017
33.9 -3.82963 -1.80229
33.95 -3.81132 -1.78639
34.05 -3.81633 -1.78934
34.15 -3.82122 -1.79079
34.25 -3.82542 -1.79061
34.35 -3.82919 -1.78871
34.4 -3.83202 -1.78686
34.55 -3.83655 -1.77935
34.65 -3.83988 -1.77131
34.7 -3.84637 -1.54965
34.8 -3.84915 -1.53355
34.85 -3.83183 -1.49357
34.95 -3.82851 -1.46098
35.05 -3.83178 -1.44084
35.1 -3.82648 -1.41628
35.15 -3.82844 -1.40484
35.2 -3.82686 -1.38441
35.3 -3.83035 -1.3599
35.35 -3.82973 -1.34137
35.4 -3.83168 -1.32819
35.45 -3.83056 -1.31257
35.55 -3.83391 -1.28543
35.6 -3.83594 -1.26862
35.65 -3.83789 -1.25442
35.7 -3.84071 -1.23984
35.8 -3.84475 -1.21003
35.85 -3.8484 -1.19719
35.9 -3.85037 -1.18205
35.95 -3.8532 -1.16985
36.05 -3.85639 -1.13976
36.1 -3.95043 -1.07325
36.2 -3.96348 -1.04281
36.3 -3.96425 -1.01468
36.35 -3.96788 -1.00397
36.4 -3.96846 -0.990131
36.45 -3.96932 -0.980678
36.55 -3.97046 -0.953199
36.6 -3.9741 -0.946654
36.65 -3.97464 -0.933105
36.7 -3.97559 -0.925055
36.8 -3.97678 -0.898681
36.85 -3.98008 -0.893129
36.9 -3.98028 -0.880237
36.95 -3.9858 -0.874452
37.05 -3.98654 -0.849173
37.1 -3.98618 -0.842233
37.15 -3.9866 -0.829778
37.2 -3.98476 -0.822822
37.3 -3.98584 -0.798516
37.35 -3.98725 -0.793865
37.4 -3.98749 -0.781972
37.45 -3.98598 -0.776179
37.55 -3.98676 -0.753499
37.6 -3.98797 -0.748715
37.65 -3.98831 -0.737688
37.7 -3.98674 -0.731437
37.8 -3.9872 -0.710998
37.85 -3.98739 -0.706206
37.9 -3.98753 -0.696573
37.95 -3.98594 -0.689794
38.05 -3.98657 -0.670013
38.1 -3.98672 -0.665396
38.15 -3.98695 -0.656344
38.2 -3.99015 -0.651143
38.3 -3.99053 -0.633886
38.35 -3.98635 -0.6272
38.4 -3.98661 -0.619215
38.45 -3.98908 -0.61331
38.55 -3.9899 -0.597325
38.6 -3.99027 -0.591253
38.7 -3.99296 -0.578224
38.8 -3.99317 -0.564009
38.85 -3.9944 -0.557095
38.95 -3.99706 -0.544309
39.05 -3.99695 -0.53189
39.1 -3.99277 -0.523842
39.15 -3.99289 -0.517867
39.2 -3.99415 -0.511726
39.35 -3.99524 -0.491797
39.45 -3.99732 -0.479807
39.6 -3.99571 -0.46465
39.7 -3.99702 -0.453946
39.8 -3.99698 -0.444778
39.85 -3.99778 -0.435458
39.9 -3.99776 -0.431547
39.95 -3.995 -0.424273
40.05 -3.9951 -0.416475
40.1 -3.99647 -0.410607
40.2 -3.99423 -0.400509
40.3 -3.99447 -0.393637
40.35 -3.99876 -0.383014
40.4 -3.99875 -0.379808
40.45 -3.99947 -0.376471
40.55 -3.99931 -0.370932
40.6 -3.99615 -0.364479
40.65 -3.99616 -0.361727
40.7 -3.99562 -0.350609
40.8 -3.99574 -0.345126
40.85 -3.99464 -0.342139
40.95 -3.99707 -0.333295
41.05 -3.99712 -0.328697
41.1 -3.99738 -0.317256
41.15 -3.9974 -0.31518
41.2 -3.99728 -0.311722
41.3 -3.99739 -0.307587
41.35 -3.99954 -0.300946
41.4 -3.99957 -0.299096
41.45 -4.00257 -0.292129
41.55 -4.00229 -0.288851
41.6 -3.99984 -0.281338
41.65 -3.99975 -0.279709
41.7 -3.99888 -0.277017
41.85 -3.99774 -0.263753
41.95 -3.99772 -0.258366
42.05 -3.99741 -0.255961
42.1 -3.99407 -0.248744
42.15 -3.99416 -0.247351
42.2 -3.99852 -0.24457
42.3 -3.99854 -0.24219
42.35 -3.99955 -0.230782
42.4 -3.99959 -0.229599
42.45 -3.99927 -0.226661
42.6 -3.99671 -0.218118
42.7 -4.00017 -0.214355
42.85 -4.00347 -0.205978
42.9 -4.0034 -0.205203
42.95 -4.00156 -0.197687
43.05 -4.00146 -0.196145
43.1 -4.00052 -0.193198
43.15 -4.00069 -0.192241
43.2 -3.99986 -0.190497
43.3 -3.99962 -0.189352
43.35 -4.00233 -0.182314
43.4 -4.00211 -0.181934
43.45 -3.99973 -0.175045
43.6 -3.99871 -0.170986
43.65 -3.9986 -0.17061
43.7 -3.99528 -0.164181
43.8 -3.99557 -0.162685
43.85 -3.99977 -0.160163
43.95 -4.00026 -0.158141
44.1 -3.99741 -0.151115
44.2 -3.99872 -0.143996
44.35 -4.00196 -0.13638
44.4 -4.00192 -0.136013
44.45 -3.99679 -0.13335
44.55 -3.99722 -0.132255
44.6 -4.0011 -0.130403
44.65 -4.00127 -0.129858
44.7 -4.00143 -0.128817
44.8 -4.00153 -0.128093
44.85 -4.00401 -0.121723
44.9 -4.00394 -0.121542
44.95 -3.99867 -0.119531
45.05 -3.99853 -0.119171
45.1 -4.00329 -0.117162
45.15 -4.00323 -0.116982
45.2 -4.00058 -0.111044
45.3 -4.00109 -0.109971
45.35 -3.99996 -0.108389
45.4 -4.00004 -0.108033
45.45 -3.99937 -0.106785
45.55 -4 -0.105722
45.6 -4.00176 -0.100171
45.65 -4.00172 -0.0999938
45.7 -4.00241 -0.0983421
45.8 -4.00209 -0.0983421
45.85 -4.00175 -0.0965532
45.9 -4.0016 -0.0965532
45.95 -3.9986 -0.090678
46.05 -3.99865 -0.0903283
46.1 -3.99777 -0.0884205
46.2 -4.0024 -0.0871473
46.35 -3.99875 -0.0853978
46.4 -3.99861 -0.0853978
46.45 -4.00003 -0.0796711
46.55 -3.99983 -0.0796711
46.6 -4.00001 -0.0777661
46.7 -3.99939 -0.0765589
46.8 -3.9992 -0.0765589
46.85 -3.99923 -0.0750667
46.95 -3.9992 -0.0741273
47.05 -3.99902 -0.0741273
47.1 -4.00181 -0.0680209
47.2 -4.00248 -0.0668008
47.35 -3.97529 -0.0752418
47.45 -3.93766 -0.0833438
47.55 -3.88468 -0.140806
47.6 -3.87667 -0.093648
47.7 -3.83178 -0.108033
47.85 -3.75656 -0.128834
47.95 -3.70967 -0.133326
48.05 -3.64996 -0.201193
48.1 -3.64363 -0.150313
48.15 -3.61381 -0.184914
48.2 -3.60477 -0.160834
48.35 -3.53081 -0.191434
48.4 -3.5023 -0.225829
48.45 -3.48899 -0.199606
48.6 -3.4247 -0.226115
48.7 -3.38278 -0.225995
48.8 -3.33225 -0.289468
48.85 -3.32326 -0.248441
