1.4 0.000407504 0.0003019
2.4 0.000659036 0.000513377
2.45 0.000248717 -0.00507146
2.5 -0.000822142 -0.0173739
2.55 -0.0021822 -0.0342185
2.6 -0.00395294 -0.0534845
2.65 -0.00595614 -0.0746896
2.7 -0.00827107 -0.0965779
2.75 -0.0108186 -0.11931
2.8 -0.0136651 -0.142096
2.85 -0.0166967 -0.165311
2.9 -0.0201369 -0.188341
2.95 -0.0238773 -0.211482
3 -0.0279171 -0.234518
3.05 -0.0321848 -0.257597
3.1 -0.0367484 -0.280604
3.15 -0.0414895 -0.303595
3.2 -0.0464792 -0.326589
3.25 -0.0516604 -0.349642
3.3 -0.0571225 -0.372685
3.35 -0.0627458 -0.395716
3.4 -0.0686383 -0.41876
3.45 -0.0746613 -0.441753
3.5 -0.0809403 -0.464788
3.55 -0.087374 -0.487755
3.6 -0.0940515 -0.510756
3.65 -0.100759 -0.533647
3.7 -0.10724 -0.556423
3.75 -0.113633 -0.579151
3.8 -0.119921 -0.601756
3.85 -0.126219 -0.624396
3.9 -0.132417 -0.646804
3.95 -0.138278 -0.669148
4 -0.144193 -0.691309
4.05 -0.149938 -0.713456
4.1 -0.155797 -0.73537
4.15 -0.16131 -0.757206
4.2 -0.167207 -0.778896
4.25 -0.172694 -0.800487
4.3 -0.177838 -0.821682
4.35 -0.182786 -0.842827
4.4 -0.187633 -0.863676
4.45 -0.192358 -0.884538
4.5 -0.196781 -0.905087
4.55 -0.200993 -0.92564
4.6 -0.205044 -0.945888
4.65 -0.208831 -0.96614
4.7 -0.212584 -0.986102
4.75 -0.215748 -1.00601
4.8 -0.219063 -1.02565
4.85 -0.221837 -1.04529
4.9 -0.224761 -1.06468
4.95 -0.227214 -1.08408
5 -0.229334 -1.10314
5.05 -0.231487 -1.12227
5.1 -0.23321 -1.14113
5.15 -0.234977 -1.15987
5.2 -0.236399 -1.17853
5.25 -0.237293 -1.197
5.3 -0.238489 -1.2153
5.35 -0.239041 -1.23349
5.4 -0.239821 -1.25153
5.45 -0.240719 -1.2697
5.5 -0.240766 -1.2877
5.55 -0.240764 -1.30576
5.6 -0.240395 -1.32363
5.65 -0.240049 -1.3416
5.7 -0.240032 -1.35939
5.75 -0.23913 -1.3773
5.8 -0.238352 -1.39498
5.85 -0.237108 -1.41268
5.9 -0.236007 -1.43035
5.95 -0.23459 -1.44788
6 -0.232829 -1.4655
6.05 -0.231205 -1.4829
6.1 -0.22925 -1.50041
6.15 -0.227375 -1.5179
6.2 -0.225711 -1.53551
6.25 -0.223193 -1.55317
6.3 -0.220785 -1.57086
6.35 -0.218059 -1.58857
6.4 -0.215476 -1.60629
6.45 -0.212659 -1.62406
6.5 -0.209754 -1.64188
6.55 -0.206895 -1.65968
6.6 -0.203857 -1.67761
6.65 -0.200804 -1.69549
6.7 -0.197657 -1.71349
6.75 -0.194365 -1.73144
6.8 -0.191321 -1.7495
6.85 -0.188199 -1.76752
6.9 -0.185311 -1.78565
6.95 -0.182212 -1.80379
7 -0.17915 -1.82202
7.05 -0.176123 -1.84023
7.1 -0.173139 -1.85858
7.15 -0.17018 -1.87685
7.2 -0.167457 -1.89521
7.25 -0.164529 -1.91362
7.3 -0.161719 -1.93212
7.35 -0.1588 -1.95063
7.4 -0.156 -1.96923
7.45 -0.153111 -1.98782
7.5 -0.150287 -2.00652
7.55 -0.147563 -2.02515
7.6 -0.144902 -2.04393
7.65 -0.142309 -2.06265
7.7 -0.139869 -2.08147
7.75 -0.137358 -2.10027
7.8 -0.134946 -2.11919
7.85 -0.132536 -2.13805
7.9 -0.130258 -2.15703
7.95 -0.127893 -2.176
8 -0.125693 -2.19504
8.05 -0.123601 -2.21395
8.1 -0.121586 -2.23293
8.15 -0.119522 -2.25172
8.2 -0.117553 -2.27054
8.25 -0.115689 -2.28923
8.3 -0.113765 -2.30764
8.35 -0.11192 -2.32593
8.4 -0.110125 -2.34401
8.45 -0.10834 -2.36206
8.5 -0.106617 -2.38009
8.55 -0.104791 -2.39774
8.6 -0.103101 -2.41531
8.65 -0.101437 -2.4326
8.7 -0.099839 -2.44996
8.75 -0.0982865 -2.46717
8.8 -0.0967209 -2.48411
8.85 -0.0952083 -2.50091
8.9 -0.0936648 -2.51758
8.95 -0.0921749 -2.5342
9 -0.0907878 -2.55089
9.05 -0.0894679 -2.56736
9.1 -0.0881068 -2.58346
9.15 -0.0867318 -2.59934
9.2 -0.0854558 -2.61528
9.25 -0.0842357 -2.63119
9.3 -0.0830383 -2.64699
9.35 -0.081785 -2.66251
9.4 -0.0806073 -2.67792
9.45 -0.079416 -2.69311
9.5 -0.078313 -2.70835
9.55 -0.0772212 -2.72335
9.6 -0.0761254 -2.73818
9.65 -0.0750212 -2.75281
9.7 -0.0739073 -2.7673
9.75 -0.0728529 -2.78177
9.8 -0.0718284 -2.79605
9.85 -0.0707769 -2.80994
9.9 -0.0697097 -2.82373
9.95 -0.0686839 -2.8375
10 -0.0677182 -2.85103
10.05 -0.0667295 -2.86434
10.1 -0.0657916 -2.87753
10.15 -0.0648442 -2.89058
10.2 -0.0639417 -2.90369
10.25 -0.0630533 -2.91648
10.3 -0.0621774 -2.92913
10.35 -0.0613043 -2.94159
10.4 -0.0604584 -2.95398
10.45 -0.0596051 -2.96636
10.5 -0.0587997 -2.97853
10.55 -0.0579744 -2.99055
10.6 -0.057207 -3.00241
10.65 -0.0564368 -3.01415
10.7 -0.0557024 -3.02594
10.75 -0.0549554 -3.03747
10.8 -0.054203 -3.04891
10.85 -0.0534706 -3.06013
10.9 -0.0527753 -3.07127
10.95 -0.0520661 -3.08241
11 -0.0513889 -3.09333
11.05 -0.0506895 -3.10414
11.1 -0.050036 -3.11476
11.15 -0.0493552 -3.1253
11.2 -0.0487242 -3.13585
11.25 -0.0480812 -3.14616
11.3 -0.0474963 -3.15636
11.35 -0.046877 -3.16643
11.4 -0.0463233 -3.17641
11.45 -0.0457311 -3.18643
11.5 -0.0452182 -3.19643
11.55 -0.0446317 -3.20618
11.6 -0.044106 -3.21581
11.65 -0.0435515 -3.22531
11.7 -0.0430726 -3.23472
11.75 -0.0425649 -3.24418
11.8 -0.0420904 -3.25337
11.85 -0.0415626 -3.26255
11.9 -0.04108 -3.27147
11.95 -0.0405494 -3.28039
12 -0.0400758 -3.28905
12.05 -0.0395543 -3.29771
12.1 -0.0390864 -3.30616
12.15 -0.0385723 -3.31461
12.2 -0.0381115 -3.32302
12.25 -0.0376217 -3.33123
12.3 -0.0371824 -3.33936
12.35 -0.0366887 -3.34735
12.4 -0.0362403 -3.35527
12.45 -0.0357535 -3.36324
12.5 -0.0353148 -3.37095
12.55 -0.0348471 -3.37868
12.6 -0.0344493 -3.38619
12.65 -0.0340277 -3.39373
12.7 -0.0336564 -3.40122
12.75 -0.0332498 -3.40851
12.8 -0.0328776 -3.41573
12.85 -0.0324661 -3.42282
12.9 -0.0320957 -3.42985
12.95 -0.0316997 -3.43692
13 -0.0313333 -3.44371
13.05 -0.0309423 -3.45051
13.1 -0.0305625 -3.4572
13.15 -0.0301546 -3.46391
13.2 -0.0297892 -3.47059
13.25 -0.0293964 -3.47708
13.3 -0.0290424 -3.48351
13.35 -0.0286697 -3.48998
13.4 -0.0283515 -3.49625
13.45 -0.0280188 -3.50252
13.5 -0.0276989 -3.50861
13.55 -0.0273605 -3.51468
13.6 -0.0270115 -3.52062
13.65 -0.0266431 -3.52656
13.7 -0.026305 -3.53249
13.75 -0.0259507 -3.53843
13.8 -0.0256692 -3.54413
13.85 -0.0253716 -3.54982
13.9 -0.0250808 -3.55539
13.95 -0.0247689 -3.56096
14 -0.0244911 -3.56653
14.05 -0.0241674 -3.57194
14.1 -0.0238694 -3.5773
14.15 -0.0235715 -3.58253
14.2 -0.0233038 -3.58772
14.25 -0.0230213 -3.59294
14.3 -0.0227621 -3.59799
14.35 -0.022488 -3.60307
14.4 -0.0222517 -3.60801
14.45 -0.0220011 -3.61296
14.5 -0.0217783 -3.6179
14.55 -0.0215299 -3.6227
14.6 -0.021301 -3.62747
14.65 -0.0210682 -3.63214
14.7 -0.0208564 -3.63678
14.75 -0.0206209 -3.64129
14.8 -0.0204031 -3.64576
14.85 -0.0201741 -3.65026
14.9 -0.0199243 -3.65461
14.95 -0.0196632 -3.65898
15 -0.0194196 -3.66333
15.05 -0.0191941 -3.66754
15.1 -0.0189967 -3.67162
15.15 -0.0187931 -3.6757
15.2 -0.0186028 -3.67977
15.25 -0.0184052 -3.68386
15.3 -0.0240593 -3.68657
15.35 -0.0364593 -3.68838
15.4 -0.0529593 -3.68942
15.45 -0.0724402 -3.68999
15.5 -0.0932632 -3.6901
15.55 -0.115372 -3.6899
15.6 -0.137827 -3.68939
15.65 -0.160903 -3.68862
15.7 -0.183843 -3.68744
15.75 -0.20704 -3.68595
15.8 -0.23002 -3.68411
15.85 -0.253159 -3.68202
15.9 -0.27617 -3.67966
15.95 -0.299283 -3.67702
16 -0.32227 -3.67408
16.05 -0.345336 -3.67087
16.1 -0.368321 -3.66739
16.15 -0.391325 -3.66366
16.2 -0.414297 -3.65964
16.25 -0.437308 -3.65542
16.3 -0.460317 -3.6509
16.35 -0.483318 -3.64619
16.4 -0.506335 -3.6412
16.45 -0.529329 -3.63604
16.5 -0.55229 -3.63073
16.55 -0.575024 -3.62563
16.6 -0.597817 -3.62032
16.65 -0.620505 -3.61505
16.7 -0.643181 -3.60973
16.75 -0.665688 -3.60472
16.8 -0.688104 -3.59966
16.85 -0.710436 -3.59498
16.9 -0.732725 -3.59004
16.95 -0.754914 -3.58545
17 -0.776679 -3.58126
17.05 -0.798447 -3.5772
17.1 -0.81989 -3.57332
17.15 -0.841457 -3.56926
17.2 -0.86264 -3.56548
17.25 -0.883704 -3.56219
17.3 -0.904461 -3.55894
17.35 -0.925209 -3.55596
17.4 -0.945473 -3.55355
17.45 -0.965694 -3.5515
17.5 -0.985744 -3.54904
17.55 -1.00576 -3.54707
17.6 -1.0255 -3.54497
17.65 -1.04534 -3.54268
17.7 -1.06475 -3.54132
17.75 -1.08415 -3.54008
17.8 -1.10323 -3.53924
17.85 -1.12232 -3.53837
17.9 -1.1413 -3.53712
17.95 -1.15995 -3.53704
18 -1.17819 -3.53763
18.05 -1.19629 -3.53882
18.1 -1.21422 -3.53974
18.15 -1.23228 -3.54052
18.2 -1.25025 -3.54149
18.25 -1.26813 -3.54319
18.3 -1.28589 -3.54468
18.35 -1.30372 -3.54663
18.4 -1.32134 -3.54887
18.45 -1.33891 -3.55156
18.5 -1.35643 -3.55412
18.55 -1.37376 -3.55699
18.6 -1.39115 -3.55969
18.65 -1.40835 -3.56269
18.7 -1.42568 -3.56601
18.75 -1.44288 -3.56937
18.8 -1.46024 -3.573
18.85 -1.47761 -3.57654
18.9 -1.49513 -3.58022
18.95 -1.51266 -3.5843
19 -1.53016 -3.58822
19.05 -1.5477 -3.59205
19.1 -1.56528 -3.5957
19.15 -1.58282 -3.60008
19.2 -1.6005 -3.60473
19.25 -1.61811 -3.60937
19.3 -1.63586 -3.61409
19.35 -1.65353 -3.61887
19.4 -1.67133 -3.62334
19.45 -1.68911 -3.62788
19.5 -1.70703 -3.63258
19.55 -1.72489 -3.63727
19.6 -1.74294 -3.64205
19.65 -1.76095 -3.64682
19.7 -1.77905 -3.65137
19.75 -1.79715 -3.65608
19.8 -1.81537 -3.66069
19.85 -1.83362 -3.66541
19.9 -1.85196 -3.6701
19.95 -1.87028 -3.67468
20 -1.88877 -3.67931
20.05 -1.90721 -3.68384
20.1 -1.92576 -3.68818
20.15 -1.9443 -3.69238
20.2 -1.96295 -3.69672
20.25 -1.98165 -3.70115
20.3 -2.00041 -3.70547
20.35 -2.01918 -3.70985
20.4 -2.03803 -3.71415
20.45 -2.0569 -3.71831
20.5 -2.07586 -3.72251
20.55 -2.09482 -3.72652
20.6 -2.11385 -3.73036
20.65 -2.13289 -3.73421
20.7 -2.15199 -3.73797
20.75 -2.17109 -3.74163
20.8 -2.19018 -3.74535
20.85 -2.20918 -3.74901
20.9 -2.22816 -3.75258
20.95 -2.24711 -3.75595
21 -2.26592 -3.75932
21.05 -2.28444 -3.76267
21.1 -2.30302 -3.76602
21.15 -2.32136 -3.76925
21.2 -2.33946 -3.77252
21.25 -2.35736 -3.7757
21.3 -2.3752 -3.77889
21.35 -2.39288 -3.78205
21.4 -2.41052 -3.78506
21.45 -2.42792 -3.78801
21.5 -2.44533 -3.79095
21.55 -2.46252 -3.79377
21.6 -2.47964 -3.7965
21.65 -2.49674 -3.79913
21.7 -2.51373 -3.80176
21.75 -2.53026 -3.80447
21.8 -2.54661 -3.80718
21.85 -2.56294 -3.80987
21.9 -2.57901 -3.81249
21.95 -2.59487 -3.81509
22 -2.61064 -3.8177
22.05 -2.62634 -3.82015
22.1 -2.64198 -3.82254
22.15 -2.65741 -3.82489
22.2 -2.67262 -3.82729
22.25 -2.68765 -3.82959
22.3 -2.70249 -3.83197
22.35 -2.7172 -3.83431
22.4 -2.73182 -3.83655
22.45 -2.74627 -3.83872
22.5 -2.76063 -3.84089
22.55 -2.77482 -3.84302
22.6 -2.789 -3.84516
22.65 -2.8029 -3.84725
22.7 -2.81664 -3.84937
22.75 -2.83019 -3.85139
22.8 -2.84373 -3.85336
22.85 -2.85714 -3.85531
22.9 -2.87037 -3.85724
22.95 -2.88335 -3.85918
23 -2.89623 -3.86106
23.05 -2.90902 -3.86287
23.1 -2.92179 -3.86468
23.15 -2.93431 -3.86645
23.2 -2.94671 -3.86824
23.25 -2.95902 -3.87
23.3 -2.9713 -3.87168
23.35 -2.98351 -3.8733
23.4 -2.99545 -3.87493
23.45 -3.00714 -3.87659
23.5 -3.01873 -3.8782
23.55 -3.03018 -3.87979
23.6 -3.04161 -3.88136
23.65 -3.05283 -3.88286
23.7 -3.06399 -3.88432
23.75 -3.07502 -3.88576
23.8 -3.08599 -3.88716
23.85 -3.09689 -3.88857
23.9 -3.10755 -3.88995
23.95 -3.11817 -3.89133
24 -3.1286 -3.89266
24.05 -3.139 -3.89399
24.1 -3.1493 -3.89529
24.15 -3.15939 -3.89658
24.2 -3.16938 -3.8978
24.25 -3.17926 -3.89905
24.3 -3.18904 -3.90023
24.35 -3.19879 -3.90147
24.4 -3.20847 -3.90265
24.45 -3.21802 -3.90386
24.5 -3.22733 -3.90503
24.55 -3.23664 -3.90623
24.6 -3.24582 -3.90739
24.65 -3.25484 -3.90856
24.7 -3.26367 -3.90968
24.75 -3.27249 -3.91082
24.8 -3.28117 -3.91193
24.85 -3.28987 -3.91307
24.9 -3.29837 -3.91414
24.95 -3.30681 -3.91524
25 -3.31511 -3.91629
25.05 -3.32336 -3.91737
25.1 -3.33156 -3.9184
25.15 -3.33979 -3.91944
25.2 -3.34782 -3.92042
25.25 -3.35569 -3.92139
25.3 -3.36348 -3.92232
25.35 -3.37124 -3.92328
25.4 -3.37878 -3.92417
25.45 -3.38634 -3.92508
25.5 -3.39373 -3.92597
25.55 -3.40114 -3.92688
25.6 -3.40851 -3.92775
25.65 -3.41592 -3.92864
25.7 -3.42307 -3.92948
25.75 -3.43022 -3.93035
25.8 -3.4372 -3.93119
25.85 -3.4442 -3.93206
25.9 -3.45116 -3.93288
25.95 -3.45794 -3.93372
26 -3.46464 -3.93452
26.05 -3.47122 -3.93532
26.1 -3.47775 -3.93607
26.15 -3.48431 -3.93683
26.2 -3.49065 -3.93758
26.25 -3.49699 -3.93833
26.3 -3.50315 -3.93908
26.35 -3.50931 -3.93983
26.4 -3.51546 -3.94055
26.45 -3.52144 -3.94131
26.5 -3.52737 -3.94204
26.55 -3.53317 -3.94276
26.6 -3.53894 -3.94345
26.65 -3.54472 -3.94414
26.7 -3.55034 -3.94482
26.75 -3.55585 -3.94552
26.8 -3.56135 -3.94616
26.85 -3.56687 -3.94681
26.9 -3.57237 -3.94743
26.95 -3.57772 -3.94807
27 -3.58303 -3.94869
27.05 -3.58822 -3.94933
27.1 -3.59338 -3.94995
27.15 -3.59855 -3.95058
27.2 -3.6035 -3.95117
27.25 -3.60847 -3.95176
27.3 -3.61332 -3.95236
27.35 -3.61818 -3.95295
27.4 -3.62303 -3.95354
27.45 -3.62772 -3.9541
27.5 -3.63237 -3.95464
27.55 -3.63695 -3.95521
27.6 -3.64151 -3.95576
27.65 -3.64609 -3.95631
27.7 -3.65046 -3.95683
27.75 -3.65485 -3.95735
27.8 -3.65913 -3.95787
27.85 -3.66342 -3.95839
27.9 -3.66769 -3.95891
27.95 -3.67182 -3.95939
28 -3.67592 -3.95986
28.05 -3.67994 -3.96036
28.1 -3.68393 -3.96084
28.15 -3.68782 -3.96132
28.2 -3.69169 -3.96178
28.25 -3.69554 -3.96225
28.3 -3.69932 -3.96274
28.35 -3.70311 -3.96323
28.4 -3.70689 -3.96372
28.45 -3.7095 -3.95825
28.5 -3.71114 -3.94605
28.55 -3.71221 -3.92931
28.6 -3.71271 -3.91017
28.65 -3.71291 -3.88907
28.7 -3.71318 -3.86749
28.75 -3.71381 -3.84533
28.8 -3.7145 -3.82325
28.85 -3.71544 -3.8008
28.9 -3.7164 -3.77856
28.95 -3.71762 -3.75609
29 -3.71886 -3.73384
29.05 -3.72027 -3.71132
29.1 -3.72162 -3.689
29.15 -3.72304 -3.66647
29.2 -3.72449 -3.64427
29.25 -3.7261 -3.6218
29.3 -3.7276 -3.59969
29.35 -3.72909 -3.57737
29.4 -3.73056 -3.55529
29.45 -3.73212 -3.53304
29.5 -3.73363 -3.51104
29.55 -3.73519 -3.48892
29.6 -3.73679 -3.46699
29.65 -3.73851 -3.44492
29.7 -3.73972 -3.42322
29.75 -3.74095 -3.40137
29.8 -3.74209 -3.37974
29.85 -3.74323 -3.35794
29.9 -3.74435 -3.33635
29.95 -3.74566 -3.31465
30 -3.74685 -3.29317
30.05 -3.74807 -3.27156
30.1 -3.74915 -3.2501
30.15 -3.75004 -3.22857
30.2 -3.75061 -3.2072
30.25 -3.75129 -3.18571
30.3 -3.75185 -3.16434
30.35 -3.75256 -3.1429
30.4 -3.75309 -3.12151
30.45 -3.75346 -3.10021
30.5 -3.75369 -3.07879
30.55 -3.75427 -3.05737
30.6 -3.75495 -3.03591
30.65 -3.75614 -3.01448
30.7 -3.75661 -2.99322
30.75 -3.75717 -2.97193
30.8 -3.75723 -2.95066
30.85 -3.75755 -2.92937
30.9 -3.757 -2.90824
30.95 -3.75679 -2.88702
31 -3.75675 -2.8656
31.05 -3.7565 -2.84438
31.1 -3.75633 -2.82303
31.15 -3.75677 -2.80171
31.2 -3.75626 -2.78058
31.25 -3.75533 -2.75982
31.3 -3.7546 -2.73904
31.35 -3.75381 -2.71842
31.4 -3.75331 -2.6978
31.45 -3.753 -2.67731
31.5 -3.75308 -2.65682
31.55 -3.75274 -2.63652
31.6 -3.7529 -2.61624
31.65 -3.75371 -2.59611
31.7 -3.75369 -2.57592
31.75 -3.75407 -2.55596
31.8 -3.75431 -2.53594
31.85 -3.75504 -2.51616
31.9 -3.75648 -2.49642
31.95 -3.75768 -2.47676
32 -3.75828 -2.45711
32.05 -3.75912 -2.4377
32.1 -3.7604 -2.41844
32.15 -3.76218 -2.39936
32.2 -3.76395 -2.38038
32.25 -3.76519 -2.36125
32.3 -3.76635 -2.3421
32.35 -3.76817 -2.32308
32.4 -3.76975 -2.30376
32.45 -3.77135 -2.2841
32.5 -3.7735 -2.26452
32.55 -3.77574 -2.24473
32.6 -3.77841 -2.22479
32.65 -3.781 -2.20463
32.7 -3.78377 -2.18402
32.75 -3.78703 -2.16321
32.8 -3.79094 -2.14239
32.85 -3.7948 -2.12167
32.9 -3.79841 -2.10112
32.95 -3.802 -2.08051
33 -3.80567 -2.06012
33.05 -3.80966 -2.03974
33.1 -3.81429 -2.01959
33.15 -3.81855 -1.99969
33.2 -3.82234 -1.97981
33.25 -3.82626 -1.96018
33.3 -3.83045 -1.94061
33.35 -3.83529 -1.92124
33.4 -3.83926 -1.90228
33.45 -3.84364 -1.88348
33.5 -3.8476 -1.86503
33.55 -3.85195 -1.84673
33.6 -3.85594 -1.82864
33.65 -3.85959 -1.81079
33.7 -3.86308 -1.79309
33.75 -3.86635 -1.77553
33.8 -3.86995 -1.75824
33.85 -3.87317 -1.74109
33.9 -3.87661 -1.72419
33.95 -3.88004 -1.70735
34 -3.88359 -1.69062
34.05 -3.88748 -1.67401
34.1 -3.89086 -1.65794
34.15 -3.89453 -1.6421
34.2 -3.89765 -1.62657
34.25 -3.90097 -1.61115
34.3 -3.90481 -1.59614
34.35 -3.90801 -1.58092
34.4 -3.91165 -1.56595
34.45 -3.91468 -1.55071
34.5 -3.9177 -1.5354
34.55 -3.92091 -1.52008
34.6 -3.92367 -1.50427
34.65 -3.9264 -1.48834
34.7 -3.92906 -1.47219
34.75 -3.93053 -1.45552
34.8 -3.93168 -1.43957
34.85 -3.93296 -1.42376
34.9 -3.93435 -1.40777
34.95 -3.93559 -1.39207
35 -3.93697 -1.3764
35.05 -3.93823 -1.36103
35.1 -3.9396 -1.34554
35.15 -3.94076 -1.33033
35.2 -3.94224 -1.31525
35.25 -3.9436 -1.30023
35.3 -3.94503 -1.28539
35.35 -3.94639 -1.27061
35.4 -3.94766 -1.25596
35.45 -3.94893 -1.2415
35.5 -3.95026 -1.22712
35.55 -3.95179 -1.21287
35.6 -3.95329 -1.19867
35.65 -3.9547 -1.18473
35.7 -3.95618 -1.17082
35.75 -3.95771 -1.15711
35.8 -3.95918 -1.14345
35.85 -3.96099 -1.12989
35.9 -3.96247 -1.11645
35.95 -3.9639 -1.1033
36 -3.96527 -1.09021
36.05 -3.96689 -1.07723
36.1 -3.96866 -1.06422
36.15 -3.9696 -1.05195
36.2 -3.97044 -1.03988
36.25 -3.97118 -1.02804
36.3 -3.97197 -1.01627
36.35 -3.97301 -1.00452
36.4 -3.97367 -0.993038
36.45 -3.97446 -0.981668
36.5 -3.97508 -0.970464
36.55 -3.97585 -0.959335
36.6 -3.97677 -0.948205
36.65 -3.97739 -0.937341
36.7 -3.97808 -0.926561
36.75 -3.97865 -0.915945
36.8 -3.97932 -0.905395
36.85 -3.98016 -0.894852
36.9 -3.98065 -0.884553
36.95 -3.98124 -0.874334
37 -3.98166 -0.864264
37.05 -3.9822 -0.85424
37.1 -3.98287 -0.844232
37.15 -3.98323 -0.834438
37.2 -3.98372 -0.824767
37.25 -3.98409 -0.815209
37.3 -3.9846 -0.805752
37.35 -3.98521 -0.796256
37.4 -3.98559 -0.787015
37.45 -3.98602 -0.777822
37.5 -3.9864 -0.768804
37.55 -3.98685 -0.759802
37.6 -3.98744 -0.750852
37.65 -3.98774 -0.742068
37.7 -3.98816 -0.733409
37.75 -3.98845 -0.724842
37.8 -3.98886 -0.716367
37.85 -3.98936 -0.707866
37.9 -3.98968 -0.699565
37.95 -3.99006 -0.69133
38 -3.99037 -0.683232
38.05 -3.99075 -0.675175
38.1 -3.99122 -0.667145
38.15 -3.9915 -0.659279
38.2 -3.99185 -0.651499
38.25 -3.99209 -0.643814
38.3 -3.9924 -0.63619
38.35 -3.99264 -0.62868
38.4 -3.99288 -0.621301
38.45 -3.99321 -0.613911
38.5 -3.99339 -0.606661
38.55 -3.99368 -0.599416
38.6 -3.99385 -0.592338
38.65 -3.99411 -0.585257
38.7 -3.99434 -0.578276
38.75 -3.99449 -0.571358
38.8 -3.99466 -0.564536
38.85 -3.99493 -0.557657
38.9 -3.9951 -0.550949
38.95 -3.99527 -0.544274
39 -3.99533 -0.537783
39.05 -3.99548 -0.531262
39.1 -3.99554 -0.524906
39.15 -3.99567 -0.518587
39.2 -3.99581 -0.512356
39.25 -3.99599 -0.506107
39.3 -3.99612 -0.499994
39.35 -3.99636 -0.493829
39.4 -3.99659 -0.487732
39.45 -3.99673 -0.481737
39.5 -3.99687 -0.475864
39.55 -3.99699 -0.470019
39.6 -3.9971 -0.46428
39.65 -3.99719 -0.458601
39.7 -3.99725 -0.453033
39.75 -3.99733 -0.447484
39.8 -3.99737 -0.442037
39.85 -3.99744 -0.436595
39.9 -3.99744 -0.431346
39.95 -3.9975 -0.426064
40 -3.99752 -0.420948
40.05 -3.99765 -0.415758
40.1 -3.99769 -0.410727
40.15 -3.99782 -0.405626
40.2 -3.99786 -0.400666
40.25 -3.99796 -0.395731
40.3 -3.99803 -0.390898
40.35 -3.99813 -0.386045
40.4 -3.99812 -0.381393
40.45 -3.9982 -0.376674
40.5 -3.99819 -0.372102
40.55 -3.99827 -0.367454
40.6 -3.99831 -0.362896
40.65 -3.9984 -0.358382
40.7 -3.99844 -0.353961
40.75 -3.99855 -0.349489
40.8 -3.99861 -0.345219
40.85 -3.99875 -0.340885
40.9 -3.9988 -0.336684
40.95 -3.99892 -0.332449
41 -3.99895 -0.328382
41.05 -3.99905 -0.324256
41.1 -3.99907 -0.320246
41.15 -3.99914 -0.316303
41.2 -3.99915 -0.312454
41.25 -3.99922 -0.308581
41.3 -3.99925 -0.304775
41.35 -3.99931 -0.300952
41.4 -3.9993 -0.297264
41.45 -3.99934 -0.293546
41.5 -3.9993 -0.289962
41.55 -3.99933 -0.286331
41.6 -3.99929 -0.282789
41.65 -3.99933 -0.279287
41.7 -3.99932 -0.275857
41.75 -3.99938 -0.272378
41.8 -3.99938 -0.268979
41.85 -3.99946 -0.265534
41.9 -3.9995 -0.262136
41.95 -3.99958 -0.258847
42 -3.99958 -0.255668
42.05 -3.99965 -0.252451
42.1 -3.99969 -0.249277
42.15 -3.99978 -0.246172
42.2 -3.99984 -0.243113
42.25 -3.99988 -0.240063
42.3 -3.99989 -0.237054
42.35 -3.99996 -0.234007
42.4 -3.99996 -0.231153
42.45 -3.99999 -0.228288
42.5 -3.99999 -0.225491
42.55 -4.00005 -0.222664
42.6 -4.00007 -0.219869
42.65 -4.00014 -0.217043
42.7 -4.00018 -0.214345
42.75 -4.00027 -0.211623
42.8 -4.00027 -0.208971
42.85 -4.00031 -0.206294
42.9 -4.00027 -0.20374
42.95 -4.00026 -0.201173
43 -4.00023 -0.198721
43.05 -4.00025 -0.196248
43.1 -4.00024 -0.193799
43.15 -4.00026 -0.191382
43.2 -4.00024 -0.188999
43.25 -4.00027 -0.186615
43.3 -4.00027 -0.184254
43.35 -4.00031 -0.181871
43.4 -4.00028 -0.1796
43.45 -4.00028 -0.177322
43.5 -4.00026 -0.175063
43.55 -4.00029 -0.172871
43.6 -4.00029 -0.170696
43.65 -4.00034 -0.168556
43.7 -4.00035 -0.16643
43.75 -4.00043 -0.164373
43.8 -4.00049 -0.16233
43.85 -4.00056 -0.160293
43.9 -4.00056 -0.158297
43.95 -4.0006 -0.156291
44 -4.00061 -0.154295
44.05 -4.00063 -0.152315
44.1 -4.00063 -0.150344
44.15 -4.00067 -0.148364
44.2 -4.0007 -0.146479
44.25 -4.00074 -0.144674
44.3 -4.00076 -0.142878
44.35 -4.00081 -0.141074
44.4 -4.00079 -0.139371
44.45 -4.00078 -0.137667
44.5 -4.00082 -0.136003
44.55 -4.00088 -0.134331
44.6 -4.00093 -0.132668
44.65 -4.00093 -0.131034
44.7 -4.00092 -0.129405
44.75 -4.00092 -0.127791
44.8 -4.0009 -0.126182
44.85 -4.00091 -0.124568
44.9 -4.00087 -0.123046
44.95 -4.00084 -0.121521
45 -4.00086 -0.120028
45.05 -4.0009 -0.118529
45.1 -4.00092 -0.117036
45.15 -4.0009 -0.115567
45.2 -4.00086 -0.114103
45.25 -4.00088 -0.112709
45.3 -4.00088 -0.111321
45.35 -4.0009 -0.109929
45.4 -4.0009 -0.108573
45.45 -4.00092 -0.107218
45.5 -4.00093 -0.105883
45.55 -4.00096 -0.104543
45.6 -4.00097 -0.103208
45.65 -4.00097 -0.10195
45.7 -4.00095 -0.100697
45.75 -4.00094 -0.0994625
45.8 -4.00091 -0.0982311
45.85 -4.0009 -0.0969971
45.9 -4.00088 -0.0957882
45.95 -4.00087 -0.0945769
46 -4.00089 -0.09344
46.05 -4.00093 -0.0923018
46.1 -4.00095 -0.0911661
46.15 -4.00099 -0.0900318
46.2 -4.00102 -0.088924
46.25 -4.00106 -0.0878142
46.3 -4.00104 -0.0867209
46.35 -4.00103 -0.0856272
46.4 -4.00104 -0.0845573
46.45 -4.00108 -0.0834851
46.5 -4.00108 -0.0824841
46.55 -4.0011 -0.081483
46.6 -4.0011 -0.0804839
46.65 -4.00111 -0.079506
46.7 -4.00112 -0.0785304
46.75 -4.00114 -0.077568
46.8 -4.00115 -0.0766072
46.85 -4.00118 -0.0756446
46.9 -4.00119 -0.0746836
46.95 -4.00122 -0.0737395
47 -4.00123 -0.072809
47.05 -4.00126 -0.0718767
47.1 -4.00128 -0.0709461
47.15 -4.00131 -0.0700136
47.2 -4.00129 -0.0691569
47.25 -4.00129 -0.0683011
47.3 -3.99542 -0.0684857
47.35 -3.98285 -0.0698433
47.4 -3.96618 -0.0721778
47.45 -3.9468 -0.0752367
47.5 -3.92593 -0.0787522
47.55 -3.90401 -0.0827088
47.6 -3.88161 -0.086944
47.65 -3.85883 -0.0915157
47.7 -3.83595 -0.0962334
47.75 -3.81295 -0.101303
47.8 -3.79 -0.106616
47.85 -3.76714 -0.112306
47.9 -3.74425 -0.1182
47.95 -3.72151 -0.124427
48 -3.69868 -0.130835
48.05 -3.67604 -0.137527
48.1 -3.65324 -0.14436
48.15 -3.63068 -0.151432
48.2 -3.60805 -0.158412
48.25 -3.58563 -0.165608
48.3 -3.56313 -0.172723
48.35 -3.54087 -0.179854
48.4 -3.51855 -0.186872
48.45 -3.4965 -0.193428
48.5 -3.47435 -0.200012
48.55 -3.45234 -0.206473
48.6 -3.4304 -0.212801
48.65 -3.40866 -0.218991
48.7 -3.38721 -0.224582
48.75 -3.36588 -0.230212
48.8 -3.34475 -0.235539
48.85 -3.32364 -0.241183
48.9 -3.30273 -0.246497
