2.65 0 0 0
2.7 0 0 0
2.75 0.00245044 0 0
2.8 0.00490088 0 0
2.85 0.00857655 0 0
2.9 0.0134774 0 0
2.95 0.0196035 0 0
3 0.0269549 0 0
3.05 0.0355314 0 0
3.1 0.0453332 0 0
3.15 0.055135 0 0
3.2 0.0661619 0 0
3.25 0.0771889 0 0
3.3 0.0894411 0 0
3.35 0.102919 0 0
3.4 0.116396 0 0
3.45 0.129873 0 0
3.5 0.144576 0 0
3.55 0.159279 0 0
3.6 0.174594 0 -0.00370157
3.65 0.190522 -5.89581e-05 -0.00370157
3.7 0.205837 -0.000115649 -0.00740315
3.75 0.221152 -0.000229029 -0.0185079
3.8 0.237077 -0.000523803 -0.025911
3.85 0.253612 -0.000952336 -0.0296126
3.9 0.270757 -0.00146021 -0.0370157
3.95 0.287287 -0.00207233 -0.0407173
4 0.304425 -0.00277056 -0.0481205
4.05 0.320335 -0.00353672 -0.0555236
4.1 0.33685 -0.00445464 -0.0666283
4.15 0.353354 -0.00555589 -0.0777331
4.2 0.370455 -0.00688791 -0.0851362
4.25 0.388767 -0.00845068 -0.0851362
4.3 0.40891 -0.0101697 -0.0740315
4.35 0.42907 -0.011665 -0.0703299
4.4 0.449237 -0.0130856 -0.0592252
4.45 0.468806 -0.014246 -0.051822
4.5 0.488995 -0.0152931 -0.0481205
4.55 0.509188 -0.0162656 -0.0370157
4.6 0.52939 -0.0170137 -0.0333142
4.65 0.549595 -0.0176871 -0.0296126
4.7 0.569802 -0.0182856 -0.025911
4.75 0.590011 -0.0188094 -0.0222094
4.8 0.610223 -0.0192584 -0.0185079
4.85 0.630435 -0.0196325 -0.0148063
4.9 0.650649 -0.0199318 -0.0111047
4.95 0.670252 -0.0201495 -0.0111047
5 0.690466 -0.020374 -0.00740315
5.05 0.710682 -0.0205237 -0.0111047
5.1 0.730284 -0.0207413 -0.0111047
5.15 0.750499 -0.0209658 -0.0148063
5.2 0.770713 -0.0212651 -0.0185079
5.25 0.790313 -0.0216279 -0.0185079
5.3 0.809914 -0.0219907 -0.025911
5.35 0.830123 -0.0225145 -0.0296126
5.4 0.849718 -0.0230949 -0.0370157
5.45 0.869308 -0.0238204 -0.0444189
5.5 0.888892 -0.0246909 -0.051822
5.55 0.908469 -0.0257063 -0.0592252
5.6 0.928039 -0.0268667 -0.0666283
5.65 0.947599 -0.0281719 -0.0740315
5.7 0.966538 -0.0295765 -0.0851362
5.75 0.98607 -0.0312435 -0.0925394
5.8 1.00498 -0.0329984 -0.103644
5.85 1.02448 -0.0350265 -0.111047
5.9 1.04335 -0.0371311 -0.122152
5.95 1.0622 -0.0394451 -0.133257
6 1.08102 -0.0419683 -0.144361
6.05 1.09982 -0.0447003 -0.155466
6.1 1.11858 -0.0476409 -0.166571
6.15 1.13731 -0.0507896 -0.177676
6.2 1.1554 -0.0540378 -0.185079
6.25 1.17346 -0.0574199 -0.199885
6.3 1.19207 -0.0611907 -0.21099
6.35 1.20945 -0.0649113 -0.222094
6.4 1.22797 -0.0690945 -0.233199
6.45 1.24525 -0.0732 -0.244304
6.5 1.26309 -0.0776453 -0.25911
6.55 1.28026 -0.0821973 -0.270215
6.6 1.29856 -0.0872667 -0.28132
6.65 1.31563 -0.0921989 -0.292424
6.7 1.33264 -0.0973203 -0.303529
6.75 1.34959 -0.10263 -0.314634
6.8 1.36591 -0.107939 -0.32944
6.85 1.38272 -0.113686 -0.340545
6.9 1.39946 -0.11962 -0.35165
6.95 1.41614 -0.125739 -0.362754
7 1.43218 -0.131826 -0.377561
7.05 1.44869 -0.138375 -0.388665
7.1 1.46456 -0.144876 -0.396068
7.15 1.48039 -0.151493 -0.410875
7.2 1.49612 -0.158344 -0.425681
7.25 1.51174 -0.165427 -0.433084
7.3 1.52731 -0.172626 -0.447891
7.35 1.54277 -0.180055 -0.462697
7.4 1.55757 -0.187438 -0.473802
7.45 1.57283 -0.195264 -0.488608
7.5 1.58744 -0.203028 -0.499713
7.55 1.60249 -0.211247 -0.514519
7.6 1.61689 -0.219387 -0.525624
7.65 1.6312 -0.227687 -0.544131
7.7 1.64535 -0.236249 -0.555236
7.75 1.65993 -0.245291 -0.570042
7.8 1.67334 -0.253887 -0.584849
7.85 1.68764 -0.263357 -0.599655
7.9 1.70129 -0.272692 -0.61076
7.95 1.71484 -0.282177 -0.629268
8 1.72772 -0.291552 -0.644074
8.05 1.74144 -0.301851 -0.65888
8.1 1.75403 -0.311603 -0.673687
8.15 1.76744 -0.322304 -0.688493
8.2 1.77974 -0.332425 -0.703299
8.25 1.79235 -0.343122 -0.721807
8.3 1.80431 -0.353646 -0.736613
8.35 1.81656 -0.364758 -0.755121
8.4 1.82905 -0.376514 -0.769927
8.45 1.84049 -0.387601 -0.784734
8.5 1.85219 -0.399289 -0.803242
8.55 1.86368 -0.411192 -0.82175
8.6 1.87494 -0.423305 -0.840257
8.65 1.88598 -0.435625 -0.851362
8.7 1.89688 -0.448066 -0.86987
8.75 1.90754 -0.460707 -0.888378
8.8 1.91797 -0.473543 -0.906886
8.85 1.92854 -0.487053 -0.921692
8.9 1.93854 -0.50023 -0.9402
8.95 1.94793 -0.513094 -0.955006
9 1.95784 -0.527097 -0.969812
9.05 1.96719 -0.540739 -0.98832
9.1 1.97663 -0.555063 -1.00313
9.15 1.98552 -0.56901 -1.02163
9.2 1.99448 -0.583641 -1.03644
9.25 2.0029 -0.597875 -1.05495
9.3 2.01136 -0.612796 -1.06976
9.35 2.0196 -0.627841 -1.08456
9.4 2.02762 -0.643006 -1.09937
9.45 2.03569 -0.658834 -1.11788
9.5 2.04319 -0.674257 -1.13268
9.55 2.05047 -0.68979 -1.14749
9.6 2.05751 -0.70543 -1.16229
9.65 2.06457 -0.721733 -1.1734
9.7 2.07121 -0.73755 -1.18821
9.75 2.07784 -0.754031 -1.19931
9.8 2.08407 -0.770014 -1.21412
9.85 2.09027 -0.786662 -1.22522
9.9 2.09629 -0.803377 -1.23633
9.95 2.10232 -0.820737 -1.25113
10 2.10791 -0.837603 -1.26224
10.05 2.1133 -0.854529 -1.27334
10.1 2.11851 -0.871515 -1.28445
10.15 2.12353 -0.888557 -1.29555
10.2 2.12869 -0.906833 -1.30666
10.25 2.13333 -0.923983 -1.31776
10.3 2.13793 -0.941776 -1.32516
10.35 2.14255 -0.960197 -1.33627
10.4 2.14667 -0.977476 -1.34737
10.45 2.15088 -0.995995 -1.35848
10.5 2.15488 -1.01456 -1.36218
10.55 2.15882 -1.03314 -1.37328
10.6 2.16242 -1.05116 -1.38069
10.65 2.16601 -1.06981 -1.39179
10.7 2.16939 -1.0885 -1.39549
10.75 2.17271 -1.1072 -1.4066
10.8 2.17591 -1.12654 -1.414
10.85 2.17887 -1.14529 -1.4177
10.9 2.18186 -1.16467 -1.42511
10.95 2.18471 -1.18406 -1.43251
11 2.18741 -1.20348 -1.43991
11.05 2.18989 -1.22231 -1.44361
11.1 2.19238 -1.24175 -1.45102
11.15 2.19479 -1.26183 -1.45472
11.2 2.19706 -1.2813 -1.46212
11.25 2.19926 -1.30139 -1.46582
11.3 2.20137 -1.3215 -1.47693
11.35 2.20327 -1.34163 -1.48063
11.4 2.20509 -1.36176 -1.48433
11.45 2.20684 -1.3819 -1.48803
11.5 2.20846 -1.40144 -1.49544
11.55 2.21007 -1.42282 -1.49914
11.6 2.21152 -1.44298 -1.50284
11.65 2.21289 -1.46315 -1.50654
11.7 2.21423 -1.48394 -1.51394
11.75 2.21538 -1.50412 -1.51765
11.8 2.21652 -1.52553 -1.52135
11.85 2.21752 -1.54572 -1.52505
11.9 2.2185 -1.56714 -1.52875
11.95 2.21937 -1.58795 -1.52875
12 2.22025 -1.60876 -1.53615
12.05 2.22099 -1.63019 -1.53985
12.1 2.22163 -1.65101 -1.53985
12.15 2.2223 -1.67244 -1.54356
12.2 2.22288 -1.69387 -1.54726
12.25 2.22339 -1.71531 -1.55096
12.3 2.22381 -1.73675 -1.55466
12.35 2.22415 -1.75757 -1.55466
12.4 2.22449 -1.77901 -1.55836
12.45 2.22476 -1.80045 -1.56206
12.5 2.22495 -1.8225 -1.56206
12.55 2.22514 -1.84394 -1.56577
12.6 2.22525 -1.86539 -1.56947
12.65 2.22528 -1.88744 -1.56947
12.7 2.22531 -1.90888 -1.57317
12.75 2.22525 -1.93094 -1.57317
12.8 2.2252 -1.95238 -1.57687
12.85 2.22507 -1.97443 -1.57687
12.9 2.22493 -1.99648 -1.57687
12.95 2.2248 -2.01792 -1.58057
13 2.22459 -2.03998 -1.58057
13.05 2.22437 -2.06203 -1.58057
13.1 2.22416 -2.08408 -1.58057
13.15 2.22395 -2.10552 -1.58427
13.2 2.22365 -2.12758 -1.58427
13.25 2.22335 -2.14963 -1.58427
13.3 2.22306 -2.17168 -1.58427
13.35 2.22276 -2.19373 -1.58427
13.4 2.22247 -2.21517 -1.58057
13.45 2.22225 -2.23722 -1.58057
13.5 2.22204 -2.25928 -1.58057
13.55 2.22182 -2.28133 -1.58057
13.6 2.22161 -2.30338 -1.58057
13.65 2.22139 -2.32544 -1.58057
13.7 2.22118 -2.34688 -1.58427
13.75 2.22089 -2.36832 -1.58057
13.8 2.22068 -2.39037 -1.58057
13.85 2.22046 -2.41242 -1.58057
13.9 2.22025 -2.43447 -1.58057
13.95 2.22004 -2.45591 -1.57687
14 2.2199 -2.47797 -1.57687
14.05 2.21977 -2.49941 -1.57317
14.1 2.21972 -2.52146 -1.57317
14.15 2.21967 -2.5429 -1.56947
14.2 2.2197 -2.56496 -1.56947
14.25 2.21973 -2.5864 -1.56577
14.3 2.21983 -2.60784 -1.56206
14.35 2.22002 -2.62928 -1.55836
14.4 2.2203 -2.65133 -1.55836
14.45 2.22056 -2.67216 -1.55836
14.5 2.22082 -2.6936 -1.55466
14.55 2.22117 -2.71504 -1.55096
14.6 2.22159 -2.73648 -1.54726
14.65 2.22208 -2.7573 -1.54726
14.7 2.22259 -2.77873 -1.54356
14.75 2.22316 -2.79956 -1.53615
14.8 2.22388 -2.82037 -1.53615
14.85 2.22462 -2.8418 -1.53245
14.9 2.22539 -2.862 -1.52875
14.95 2.2263 -2.88342 -1.52505
15 2.22722 -2.90362 -1.52135
15.05 2.22825 -2.92442 -1.51394
15.1 2.22943 -2.94522 -1.51394
15.15 2.23062 -2.96601 -1.50654
15.2 2.23191 -2.98619 -1.50284
15.25 2.23329 -3.00636 -1.49914
15.3 2.23473 -3.02652 -1.49544
15.35 2.23626 -3.04668 -1.48433
15.4 2.238 -3.06682 -1.48063
15.45 2.23982 -3.08695 -1.47693
15.5 2.24166 -3.10647 -1.46953
15.55 2.2437 -3.12658 -1.46582
15.6 2.24576 -3.14608 -1.45842
15.65 2.24796 -3.16556 -1.45102
15.7 2.25037 -3.18563 -1.44732
15.75 2.25271 -3.20448 -1.44361
15.8 2.2552 -3.22392 -1.43621
15.85 2.25783 -3.24335 -1.42881
15.9 2.26043 -3.26154 -1.4214
15.95 2.26335 -3.28093 -1.414
16 2.26641 -3.30029 -1.4066
16.05 2.26941 -3.31842 -1.3992
16.1 2.27276 -3.33774 -1.39179
16.15 2.27603 -3.35582 -1.38439
16.2 2.27955 -3.37448 -1.37328
16.25 2.28316 -3.3925 -1.36588
16.3 2.2869 -3.4105 -1.35848
16.35 2.2909 -3.42906 -1.34737
16.4 2.29497 -3.44698 -1.33997
16.45 2.29918 -3.46488 -1.33257
16.5 2.30337 -3.48214 -1.32146
16.55 2.3079 -3.49995 -1.31406
16.6 2.31241 -3.51713 -1.30295
16.65 2.31712 -3.53427 -1.29185
16.7 2.32218 -3.55193 -1.28445
16.75 2.32719 -3.56898 -1.27334
16.8 2.3324 -3.58596 -1.26224
16.85 2.33761 -3.6023 -1.24743
16.9 2.34326 -3.61915 -1.23633
16.95 2.34909 -3.63593 -1.22522
17 2.35511 -3.65265 -1.21412
17.05 2.3611 -3.66872 -1.19931
17.1 2.36754 -3.68527 -1.18821
17.15 2.37372 -3.70062 -1.1771
17.2 2.3803 -3.71646 -1.16229
17.25 2.38736 -3.73276 -1.15119
17.3 2.39434 -3.74843 -1.13638
17.35 2.40131 -3.76343 -1.12528
17.4 2.4087 -3.77891 -1.11047
17.45 2.41632 -3.79428 -1.09567
17.5 2.42388 -3.80899 -1.08456
17.55 2.43161 -3.82361 -1.06605
17.6 2.43991 -3.83862 -1.05125
17.65 2.44812 -3.85298 -1.04014
17.7 2.45649 -3.86725 -1.02163
17.75 2.46545 -3.88188 -1.00683
17.8 2.47396 -3.89534 -0.992022
17.85 2.48334 -3.9097 -0.977216
17.9 2.49259 -3.92341 -0.958708
17.95 2.50175 -3.93645 -0.943901
18 2.51181 -3.95034 -0.929095
18.05 2.52171 -3.96359 -0.910587
18.1 2.53148 -3.97617 -0.895781
18.15 2.5422 -3.98956 -0.880975
18.2 2.55272 -4.00232 -0.862467
18.25 2.56348 -4.01488 -0.843959
18.3 2.57407 -4.02678 -0.829153
18.35 2.58524 -4.03898 -0.810645
18.4 2.59664 -4.05097 -0.792137
18.45 2.60825 -4.06274 -0.781032
18.5 2.62 -4.07439 -0.762524
18.55 2.63196 -4.08581 -0.744016
18.6 2.64413 -4.09701 -0.725509
18.65 2.65651 -4.10799 -0.707001
18.7 2.66908 -4.11873 -0.695896
18.75 2.68178 -4.12934 -0.677388
18.8 2.69467 -4.1397 -0.65888
18.85 2.70774 -4.14983 -0.640372
18.9 2.7215 -4.16008 -0.625566
18.95 2.73491 -4.16976 -0.607058
19 2.74849 -4.1792 -0.595953
19.05 2.76218 -4.18848 -0.577446
19.1 2.77655 -4.19785 -0.562639
19.15 2.79054 -4.20667 -0.544131
19.2 2.80522 -4.21555 -0.529325
19.25 2.82002 -4.22421 -0.514519
19.3 2.83496 -4.23265 -0.499713
19.35 2.85001 -4.24087 -0.484906
19.4 2.86465 -4.24858 -0.466398
19.45 2.88051 -4.25657 -0.455294
19.5 2.89592 -4.26411 -0.440487
19.55 2.91144 -4.27143 -0.425681
19.6 2.92706 -4.27851 -0.410875
19.65 2.94278 -4.28536 -0.396068
19.7 2.95917 -4.29221 -0.384964
19.75 2.97507 -4.29866 -0.370157
19.8 2.99163 -4.30508 -0.359053
19.85 3.00827 -4.31133 -0.347948
19.9 3.02554 -4.31759 -0.333142
19.95 3.04233 -4.3234 -0.322037
20 3.05919 -4.32902 -0.310932
20.05 3.0761 -4.33446 -0.299828
20.1 3.09307 -4.33971 -0.288723
20.15 3.11069 -4.34494 -0.273917
20.2 3.12838 -4.34991 -0.266513
20.25 3.14552 -4.35459 -0.255409
20.3 3.1639 -4.35939 -0.244304
20.35 3.18173 -4.36383 -0.236901
20.4 3.199 -4.368 -0.225796
20.45 3.21751 -4.37226 -0.214691
20.5 3.23546 -4.37617 -0.207288
20.55 3.25465 -4.38021 -0.199885
20.6 3.27266 -4.38385 -0.192482
20.65 3.2913 -4.38749 -0.181377
20.7 3.30998 -4.39091 -0.177676
20.75 3.32867 -4.39427 -0.166571
20.8 3.348 -4.39752 -0.159168
20.85 3.36675 -4.40053 -0.155466
20.9 3.38612 -4.40356 -0.148063
20.95 3.40551 -4.40646 -0.14066
21 3.42492 -4.40921 -0.133257
21.05 3.44435 -4.41181 -0.125854
21.1 3.4638 -4.41427 -0.11845
21.15 3.48327 -4.41659 -0.111047
21.2 3.50336 -4.41883 -0.107346
21.25 3.52285 -4.42093 -0.0999425
21.3 3.54296 -4.42294 -0.0962409
21.35 3.56248 -4.42483 -0.0888378
21.4 3.58261 -4.42662 -0.0851362
21.45 3.60275 -4.42834 -0.0814346
21.5 3.62351 -4.43004 -0.0740315
21.55 3.64368 -4.43153 -0.0703299
21.6 3.66384 -4.43295 -0.0666283
21.65 3.68462 -4.43434 -0.0592252
21.7 3.70542 -4.43557 -0.0592252
21.75 3.7256 -4.43677 -0.0555236
21.8 3.74701 -4.43796 -0.051822
21.85 3.76781 -4.43904 -0.0444189
21.9 3.78861 -4.43996 -0.0444189
21.95 3.80942 -4.44089 -0.0370157
22 3.83024 -4.44166 -0.0370157
22.05 3.85166 -4.44245 -0.0333142
22.1 3.87309 -4.44316 -0.0296126
22.15 3.89391 -4.44378 -0.0222094
22.2 3.91474 -4.44424 -0.0222094
22.25 3.93617 -4.44472 -0.0185079
22.3 3.95822 -4.44513 -0.0185079
22.35 3.97966 -4.44553 -0.0148063
22.4 4.0011 -4.44584 -0.0111047
22.45 4.02193 -4.44607 -0.0111047
22.5 4.04337 -4.44631 -0.00740315
22.55 4.06542 -4.44648 -0.00740315
22.6 4.08686 -4.44663 -0.00370157
22.65 4.10585 -4.4467 6.73506e-16
22.7 4.12117 -4.4467 0.00370157
22.75 4.13342 -4.44666 0.00370157
22.8 4.14138 -4.44663 0.00740315
22.85 4.14506 -4.4466 0.00740315
22.9 4.14567 -4.4466 0.0111047
22.95 4.14567 -4.4466 0.0111047
23 4.14567 -4.4466 0.0111047
23.05 4.14567 -4.4466 0.0111047
23.1 4.14567 -4.4466 0.0111047
23.15 4.14567 -4.4466 0.0111047
23.2 4.14567 -4.4466 0.0111047
23.25 4.14567 -4.4466 0.0111047
23.3 4.14567 -4.4466 0.0111047
23.35 4.14567 -4.4466 0.0111047
23.4 4.14567 -4.4466 0.0111047
23.45 4.14567 -4.4466 0.0111047
23.5 4.14567 -4.4466 0.0111047
23.55 4.14567 -4.4466 0.0111047
23.6 4.14567 -4.4466 0.0111047
23.65 4.14567 -4.4466 0.0111047
23.7 4.14567 -4.4466 0.0111047
23.75 4.14567 -4.4466 0.0111047
23.8 4.14567 -4.4466 0.0111047
23.85 4.14567 -4.4466 0.0111047
23.9 4.14567 -4.4466 0.0111047
23.95 4.14567 -4.4466 0.0111047
24 4.14567 -4.4466 0.0111047
24.05 4.14567 -4.4466 0.0111047
24.1 4.14567 -4.4466 0.0111047
24.15 4.14567 -4.4466 0.0111047
24.2 4.14567 -4.4466 0.0111047
24.25 4.14567 -4.4466 0.0111047
24.3 4.14567 -4.4466 0.0111047
24.35 4.14567 -4.4466 0.0111047
24.4 4.14567 -4.4466 0.0111047
24.45 4.14567 -4.4466 0.0111047
24.5 4.14567 -4.4466 0.0111047
24.55 4.14567 -4.4466 0.0111047
24.6 4.14567 -4.4466 0.0111047
24.65 4.14567 -4.4466 0.0111047
24.7 4.14567 -4.4466 0.0111047
24.75 4.14567 -4.4466 0.0111047
24.8 4.14567 -4.4466 0.0111047
24.85 4.14567 -4.4466 0.0111047
24.9 4.14567 -4.4466 0.0111047
24.95 4.14567 -4.4466 0.0111047
25 4.14567 -4.4466 0.0111047
25.05 4.14567 -4.4466 0.0111047
25.1 4.14567 -4.4466 0.0111047
25.15 4.14567 -4.4466 0.0111047
25.2 4.14567 -4.4466 0.0111047
25.25 4.14567 -4.4466 0.0111047
25.3 4.14567 -4.4466 0.0111047
25.35 4.14567 -4.4466 0.0111047
25.4 4.14567 -4.4466 0.0111047
25.45 4.14567 -4.4466 0.0111047
25.5 4.14567 -4.4466 0.0111047
25.55 4.14567 -4.4466 0.0111047
25.6 4.14567 -4.4466 0.0111047
25.65 4.14567 -4.4466 0.0111047
25.7 4.14567 -4.4466 0.0111047
25.75 4.14567 -4.4466 0.0111047
25.8 4.14567 -4.4466 0.0111047
25.85 4.14567 -4.4466 0.0111047
25.9 4.14567 -4.4466 0.0111047
25.95 4.14567 -4.4466 0.0111047
26 4.14567 -4.4466 0.0111047
26.05 4.14567 -4.4466 0.0111047
26.1 4.14567 -4.4466 0.0111047
26.15 4.14567 -4.4466 0.0111047
26.2 4.14567 -4.4466 0.0111047
26.25 4.14567 -4.4466 0.0111047
26.3 4.14567 -4.4466 0.0111047
26.35 4.14567 -4.4466 0.0111047
26.4 4.14567 -4.4466 0.0111047
26.45 4.14567 -4.4466 0.0111047
26.5 4.14567 -4.4466 0.0111047
26.55 4.14567 -4.4466 0.0111047
26.6 4.14567 -4.4466 0.0111047
26.65 4.14567 -4.4466 0.0111047
26.7 4.14567 -4.4466 0.0111047
26.75 4.14567 -4.4466 0.0111047
26.8 4.14567 -4.4466 0.0111047
26.85 4.14567 -4.4466 0.0111047
26.9 4.14567 -4.4466 0.0111047
26.95 4.14567 -4.4466 0.0111047
27 4.14567 -4.4466 0.0111047
27.05 4.14567 -4.4466 0.0111047
27.1 4.14567 -4.4466 0.0111047
27.15 4.14567 -4.4466 0.0111047
27.2 4.14567 -4.4466 0.0111047
27.25 4.14567 -4.4466 0.0111047
27.3 4.14567 -4.4466 0.0111047
27.35 4.14567 -4.4466 0.0111047
27.4 4.14567 -4.4466 0.0111047
27.45 4.14567 -4.4466 0.0111047
27.5 4.14567 -4.4466 0.0111047
27.55 4.14567 -4.4466 0.0111047
27.6 4.14567 -4.4466 0.0111047
27.65 4.14567 -4.4466 0.0111047
27.7 4.14567 -4.4466 0.0111047
27.75 4.14567 -4.4466 0.0111047
27.8 4.14567 -4.4466 0.0111047
27.85 4.14567 -4.4466 0.0111047
27.9 4.14567 -4.4466 0.0111047
27.95 4.14567 -4.4466 0.0111047
28 4.14567 -4.4466 0.0111047
28.05 4.14567 -4.4466 0.0111047
28.1 4.14567 -4.4466 0.0111047
28.15 4.14567 -4.4466 0.0111047
28.2 4.14567 -4.4466 0.0111047
28.25 4.14567 -4.4466 0.0111047
28.3 4.14567 -4.4466 0.0111047
28.35 4.14567 -4.4466 0.0111047
28.4 4.14567 -4.4466 0.0111047
28.45 4.14567 -4.4466 0.0111047
28.5 4.14567 -4.4466 0.0111047
28.55 4.14567 -4.4466 0.0111047
28.6 4.14567 -4.4466 0.0111047
28.65 4.14567 -4.4466 0.0111047
28.7 4.14567 -4.4466 0.0111047
28.75 4.14567 -4.4466 0.0111047
28.8 4.14567 -4.4466 0.0111047
28.85 4.14567 -4.4466 0.0111047
28.9 4.14567 -4.4466 0.0111047
28.95 4.14567 -4.4466 0.0111047
29 4.14567 -4.4466 0.0111047
29.05 4.14567 -4.4466 0.0111047
29.1 4.14567 -4.4466 0.0111047
29.15 4.14567 -4.4466 0.0111047
29.2 4.14567 -4.4466 0.0111047
29.25 4.14567 -4.4466 0.0111047
29.3 4.14567 -4.4466 0.0111047
29.35 4.14567 -4.4466 0.0111047
29.4 4.14567 -4.4466 0.0111047
29.45 4.14567 -4.4466 0.0111047
29.5 4.14567 -4.4466 0.0111047
29.55 4.14567 -4.4466 0.0111047
29.6 4.14567 -4.4466 0.0111047
29.65 4.14567 -4.4466 0.0111047
29.7 4.14567 -4.4466 0.0111047
29.75 4.14567 -4.4466 0.0111047
29.8 4.14567 -4.4466 0.0111047
29.85 4.14567 -4.4466 0.0111047
29.9 4.14567 -4.4466 0.0111047
29.95 4.14567 -4.4466 0.0111047
30 4.14567 -4.4466 0.0111047
30.05 4.14567 -4.4466 0.0111047
30.1 4.14567 -4.4466 0.0111047
30.15 4.14567 -4.4466 0.0111047
30.2 4.14567 -4.4466 0.0111047
30.25 4.14567 -4.4466 0.0111047
30.3 4.14567 -4.4466 0.0111047
30.35 4.14567 -4.4466 0.0111047
30.4 4.14567 -4.4466 0.0111047
30.45 4.14567 -4.4466 0.0111047
30.5 4.14567 -4.4466 0.0111047
30.55 4.14567 -4.4466 0.0111047
30.6 4.14567 -4.4466 0.0111047
30.65 4.14567 -4.4466 0.0111047
30.7 4.14567 -4.4466 0.0111047
30.75 4.14567 -4.4466 0.0111047
30.8 4.14567 -4.4466 0.0111047
30.85 4.14567 -4.4466 0.0111047
30.9 4.14567 -4.4466 0.0111047
30.95 4.14567 -4.4466 0.0111047
31 4.14567 -4.4466 0.0111047
31.05 4.14567 -4.4466 0.0111047
31.1 4.14567 -4.4466 0.0111047
31.15 4.14567 -4.4466 0.0111047
31.2 4.14567 -4.4466 0.0111047
31.25 4.14567 -4.4466 0.0111047
31.3 4.14567 -4.4466 0.0111047
31.35 4.14567 -4.4466 0.0111047
31.4 4.14567 -4.4466 0.0111047
31.45 4.14567 -4.4466 0.0111047
31.5 4.14567 -4.4466 0.0111047
