3 0.00245044 0 0
3.05 0.00735133 0 0
3.1 0.01409 0 -0.00370157
3.15 0.0232791 -3.40143e-05 -2.60209e-18
3.2 0.0343061 -3.40143e-05 -2.60209e-18
3.25 0.0477836 -3.40143e-05 -2.60209e-18
3.3 0.0624862 -3.40143e-05 -2.60209e-18
3.35 0.0784141 -3.40143e-05 -2.60209e-18
3.4 0.0955672 -3.40143e-05 -2.60209e-18
3.45 0.115171 -3.40143e-05 -2.60209e-18
3.5 0.134774 -3.40143e-05 -2.60209e-18
3.55 0.156216 -3.40143e-05 0.00370157
3.6 0.178269 4.762e-05 0.00370157
3.65 0.200323 0.000129254 0.0111047
3.7 0.222988 0.000380955 0.0222094
3.75 0.245649 0.000884326 0.0333142
3.8 0.268303 0.00163931 0.0444189
3.85 0.292172 0.0027002 0.0629268
3.9 0.314793 0.0041256 0.0814346
3.95 0.338606 0.00606907 0.0999425
4 0.362379 0.0084529 0.125854
4.05 0.386082 0.0114518 0.144361
4.1 0.409725 0.0148889 0.170272
4.15 0.433271 0.0189374 0.196183
4.2 0.457306 0.023714 0.218393
4.25 0.481826 0.0291559 0.236901
4.3 0.505646 0.0349069 0.25911
4.35 0.532293 0.0419702 0.270215
4.4 0.561222 0.0499831 0.25911
4.45 0.592014 0.0581452 0.244304
4.5 0.625302 0.0664433 0.207288
4.55 0.659473 0.0736298 0.173974
4.6 0.693865 0.0796742 0.133257
4.65 0.729081 0.084395 0.0962409
4.7 0.763229 0.0876915 0.0592252
4.75 0.798086 0.0897584 0.0185079
4.8 0.832999 0.0904046 -0.0148063
4.85 0.866689 0.0899058 -0.0481205
4.9 0.900955 0.0882556 -0.0777331
4.95 0.934547 0.0856391 -0.111047
5 0.968033 0.0819052 -0.136958
5.05 1.0002 0.0774723 -0.162869
5.1 1.03284 0.0721082 -0.185079
5.15 1.06475 0.0661332 -0.203587
5.2 1.09655 0.0595687 -0.222094
5.25 1.12763 0.0525517 -0.236901
5.3 1.158 0.0452192 -0.248005
5.35 1.18828 0.03755 -0.25911
5.4 1.21908 0.0293879 -0.266513
5.45 1.24862 0.0213207 -0.273917
5.5 1.27752 0.0132007 -0.277618
5.55 1.30698 0.00480596 -0.277618
5.6 1.33526 -0.00325302 -0.277618
5.65 1.36413 -0.0114799 -0.273917
5.7 1.39185 -0.0192684 -0.270215
5.75 1.4196 -0.0269543 -0.266513
5.8 1.44796 -0.0346988 -0.25911
5.85 1.4758 -0.0420761 -0.255409
5.9 1.50306 -0.0491955 -0.248005
5.95 1.52979 -0.0559625 -0.236901
6 1.55718 -0.0625761 -0.229498
6.05 1.58343 -0.0687081 -0.222094
6.1 1.60972 -0.0746455 -0.214691
6.15 1.63546 -0.0802576 -0.203587
6.2 1.66185 -0.0857074 -0.196183
6.25 1.68709 -0.0907228 -0.18878
6.3 1.71297 -0.0956662 -0.185079
6.35 1.73826 -0.100401 -0.177676
6.4 1.76298 -0.10484 -0.173974
6.45 1.78771 -0.109188 -0.170272
6.5 1.81126 -0.113237 -0.166571
6.55 1.83603 -0.117401 -0.162869
6.6 1.85961 -0.121275 -0.166571
6.65 1.88317 -0.125236 -0.170272
6.7 1.90611 -0.129181 -0.170272
6.75 1.92966 -0.13323 -0.173974
6.8 1.95138 -0.137047 -0.181377
6.85 1.97427 -0.141246 -0.18878
6.9 1.99654 -0.1455 -0.199885
6.95 2.01815 -0.149879 -0.207288
7 2.03974 -0.154418 -0.222094
7.05 2.06065 -0.159141 -0.233199
7.1 2.08151 -0.164096 -0.251707
7.15 2.10228 -0.169436 -0.262812
7.2 2.12239 -0.174847 -0.285021
7.25 2.14238 -0.180704 -0.299828
7.3 2.16228 -0.186855 -0.322037
7.35 2.18204 -0.193448 -0.344246
7.4 2.20107 -0.20027 -0.362754
7.45 2.21997 -0.207444 -0.388665
7.5 2.23811 -0.214873 -0.410875
7.55 2.25664 -0.222947 -0.436786
7.6 2.27385 -0.230981 -0.462697
7.65 2.29139 -0.239732 -0.492309
7.7 2.30867 -0.248997 -0.521922
7.75 2.32513 -0.258465 -0.547833
7.8 2.34186 -0.268676 -0.577446
7.85 2.35726 -0.278708 -0.607058
7.9 2.37336 -0.289891 -0.636671
7.95 2.38814 -0.300817 -0.666283
8 2.40307 -0.312555 -0.699598
8.05 2.41713 -0.324389 -0.72921
8.1 2.43129 -0.337042 -0.762524
8.15 2.44414 -0.349314 -0.795839
8.2 2.45743 -0.362882 -0.829153
8.25 2.46984 -0.376433 -0.866168
8.3 2.48135 -0.389968 -0.899483
8.35 2.49316 -0.404838 -0.932797
8.4 2.50411 -0.419601 -0.969812
8.45 2.5145 -0.434759 -1.00683
8.5 2.52432 -0.450292 -1.04384
8.55 2.53357 -0.466177 -1.07346
8.6 2.54234 -0.482329 -1.11047
8.65 2.5505 -0.498794 -1.14749
8.7 2.55805 -0.51555 -1.1845
8.75 2.5652 -0.533142 -1.21782
8.8 2.57156 -0.550387 -1.25483
8.85 2.57746 -0.568438 -1.28815
8.9 2.58258 -0.586087 -1.32516
8.95 2.5872 -0.604508 -1.35848
9 2.59133 -0.623671 -1.39549
9.05 2.59465 -0.642371 -1.42881
9.1 2.59733 -0.661171 -1.46212
9.15 2.59939 -0.68005 -1.49544
9.2 2.60087 -0.699597 -1.52505
9.25 2.60177 -0.71918 -1.55466
9.3 2.60207 -0.738169 -1.58798
9.35 2.60171 -0.758995 -1.61759
9.4 2.6008 -0.778577 -1.6472
9.45 2.59925 -0.798734 -1.67311
9.5 2.59719 -0.818844 -1.69902
9.55 2.5946 -0.838894 -1.72493
9.6 2.5915 -0.858871 -1.75084
9.65 2.58777 -0.879363 -1.77305
9.7 2.58359 -0.899767 -1.79526
9.75 2.57895 -0.920073 -1.81747
9.8 2.57356 -0.94146 -1.83968
9.85 2.56787 -0.962131 -1.85819
9.9 2.56179 -0.982693 -1.8767
9.95 2.55515 -1.00372 -1.8915
10 2.5482 -1.02465 -1.90631
10.05 2.54094 -1.04548 -1.92112
10.1 2.53316 -1.06677 -1.93962
10.15 2.52498 -1.08791 -1.95073
10.2 2.51658 -1.10896 -1.96183
10.25 2.50771 -1.13048 -1.97664
10.3 2.49827 -1.15243 -1.98775
10.35 2.48885 -1.17372 -1.99515
10.4 2.47901 -1.19549 -2.00625
10.45 2.46867 -1.21771 -2.01366
10.5 2.45817 -1.23985 -2.02106
10.55 2.44751 -1.26191 -2.02846
10.6 2.43668 -1.28389 -2.03587
10.65 2.42514 -1.30689 -2.04327
10.7 2.41371 -1.32925 -2.04697
10.75 2.40192 -1.35212 -2.05437
10.8 2.38995 -1.3749 -2.06178
10.85 2.37753 -1.39813 -2.06548
10.9 2.36503 -1.42132 -2.07658
10.95 2.35197 -1.4449 -2.07658
11 2.33891 -1.46848 -2.08399
11.05 2.32597 -1.49142 -2.08769
11.1 2.31235 -1.51539 -2.09139
11.15 2.29833 -1.53984 -2.09879
11.2 2.28445 -1.56365 -2.10249
11.25 2.26985 -1.58847 -2.1062
11.3 2.25547 -1.61271 -2.1136
11.35 2.24092 -1.63684 -2.1136
11.4 2.22573 -1.66201 -2.121
11.45 2.21067 -1.68656 -2.1247
11.5 2.19488 -1.71209 -2.12841
11.55 2.17965 -1.73652 -2.13211
11.6 2.16367 -1.76193 -2.13581
11.65 2.14759 -1.78728 -2.13951
11.7 2.13143 -1.81258 -2.14321
11.75 2.11451 -1.83884 -2.14691
11.8 2.09782 -1.86452 -2.15432
11.85 2.08094 -1.89009 -2.15432
11.9 2.06373 -1.91616 -2.15802
11.95 2.04642 -1.94217 -2.16172
12 2.02901 -1.96811 -2.16542
12.05 2.01117 -1.9945 -2.17282
12.1 1.99347 -2.02025 -2.17653
12.15 1.97499 -2.04694 -2.18023
12.2 1.9564 -2.07357 -2.18393
12.25 1.93772 -2.10012 -2.18763
12.3 1.91894 -2.12661 -2.19133
12.35 1.90006 -2.15302 -2.19503
12.4 1.88072 -2.17986 -2.19503
12.45 1.86175 -2.20621 -2.19874
12.5 1.84195 -2.23348 -2.20244
12.55 1.82242 -2.26017 -2.20244
12.6 1.80252 -2.28737 -2.20614
12.65 1.78289 -2.31399 -2.20614
12.7 1.7629 -2.34111 -2.20984
12.75 1.7428 -2.36816 -2.21354
12.8 1.7226 -2.39513 -2.21724
12.85 1.70231 -2.42202 -2.21354
12.9 1.68211 -2.44899 -2.21724
12.95 1.66108 -2.47686 -2.22094
13 1.64031 -2.50417 -2.22094
13.05 1.61992 -2.53099 -2.22465
13.1 1.59905 -2.55822 -2.22465
13.15 1.57819 -2.58545 -2.22465
13.2 1.55732 -2.61268 -2.22465
13.25 1.53645 -2.63991 -2.22465
13.3 1.51559 -2.66714 -2.22465
13.35 1.49397 -2.69535 -2.22465
13.4 1.47311 -2.72258 -2.22465
13.45 1.45224 -2.74981 -2.22465
13.5 1.43137 -2.77704 -2.22465
13.55 1.40976 -2.80524 -2.22465
13.6 1.3889 -2.83247 -2.22465
13.65 1.36803 -2.8597 -2.22465
13.7 1.34716 -2.88693 -2.22465
13.75 1.32592 -2.91465 -2.22094
13.8 1.30516 -2.94196 -2.22094
13.85 1.28439 -2.96927 -2.22094
13.9 1.26325 -2.99706 -2.22465
13.95 1.24276 -3.0238 -2.22094
14 1.22162 -3.0516 -2.21724
14.05 1.20096 -3.07898 -2.21724
14.1 1.1803 -3.10637 -2.21724
14.15 1.15963 -3.13375 -2.21724
14.2 1.13934 -3.16065 -2.21354
14.25 1.11877 -3.18811 -2.21354
14.3 1.09747 -3.21655 -2.21354
14.35 1.07654 -3.2445 -2.20984
14.4 1.05681 -3.27105 -2.20984
14.45 1.03672 -3.2981 -2.20614
14.5 1.01709 -3.32472 -2.20614
14.55 0.997455 -3.35135 -2.20614
14.6 0.977823 -3.37798 -2.19874
14.65 0.958388 -3.40475 -2.19874
14.7 0.939314 -3.43102 -2.19503
14.75 0.919979 -3.45786 -2.19503
14.8 0.901002 -3.48421 -2.19133
14.85 0.882122 -3.51062 -2.18763
14.9 0.863695 -3.53661 -2.18763
14.95 0.844914 -3.56309 -2.18393
15 0.826935 -3.58865 -2.18023
15.05 0.80835 -3.61527 -2.17653
15.1 0.790562 -3.64095 -2.17282
15.15 0.772868 -3.6667 -2.16912
15.2 0.75527 -3.69252 -2.16542
15.25 0.738111 -3.71789 -2.16542
15.3 0.720609 -3.74377 -2.16172
15.35 0.703885 -3.7687 -2.15802
15.4 0.686914 -3.7942 -2.15061
15.45 0.670468 -3.81931 -2.14691
15.5 0.654115 -3.84448 -2.14321
15.55 0.637856 -3.86972 -2.13951
15.6 0.622349 -3.89398 -2.13581
15.65 0.606605 -3.91881 -2.12841
15.7 0.591369 -3.94324 -2.1247
15.75 0.576224 -3.96773 -2.121
15.8 0.561489 -3.99175 -2.1136
15.85 0.546617 -4.01641 -2.1099
15.9 0.53215 -4.04059 -2.10249
15.95 0.518173 -4.06435 -2.09879
16 0.504593 -4.08764 -2.09139
16.05 0.491186 -4.11102 -2.08399
16.1 0.477953 -4.1345 -2.07658
16.15 0.464893 -4.15808 -2.06918
16.2 0.452301 -4.18122 -2.06548
16.25 0.439795 -4.2044 -2.05437
16.3 0.427832 -4.22718 -2.04697
16.35 0.416038 -4.25005 -2.03957
16.4 0.404414 -4.27301 -2.03216
16.45 0.393505 -4.29495 -2.02476
16.5 0.38249 -4.31752 -2.01366
16.55 0.372252 -4.33911 -2.00255
16.6 0.361998 -4.36136 -1.99515
16.65 0.352161 -4.38314 -1.98404
16.7 0.342812 -4.40446 -1.97664
16.75 0.33338 -4.42641 -1.96554
16.8 0.324663 -4.44733 -1.95443
16.85 0.316179 -4.46835 -1.94333
16.9 0.307706 -4.49003 -1.92852
16.95 0.299984 -4.51069 -1.92112
17 0.292415 -4.5314 -1.90631
17.05 0.285154 -4.55223 -1.8915
17.1 0.278395 -4.57258 -1.8804
17.15 0.271862 -4.593 -1.86189
17.2 0.265884 -4.61295 -1.84709
17.25 0.260202 -4.63299 -1.83228
17.3 0.254818 -4.65311 -1.81747
17.35 0.249881 -4.67271 -1.79897
17.4 0.245308 -4.69241 -1.78046
17.45 0.241228 -4.71158 -1.76565
17.5 0.237314 -4.73141 -1.74714
17.55 0.233875 -4.75071 -1.72493
17.6 0.230959 -4.76948 -1.70643
17.65 0.228309 -4.7889 -1.68422
17.7 0.226159 -4.80777 -1.66571
17.75 0.224302 -4.82729 -1.6435
17.8 0.222967 -4.84562 -1.62129
17.85 0.222008 -4.86458 -1.59538
17.9 0.221571 -4.88234 -1.56947
17.95 0.221597 -4.90134 -1.54356
18 0.22208 -4.91909 -1.51765
18.05 0.223089 -4.93806 -1.49173
18.1 0.224541 -4.95638 -1.46212
18.15 0.226534 -4.97465 -1.43251
18.2 0.228983 -4.99225 -1.3992
18.25 0.232121 -5.01035 -1.36958
18.3 0.235672 -5.02776 -1.33627
18.35 0.239943 -5.04564 -1.30666
18.4 0.244581 -5.06279 -1.27334
18.45 0.249968 -5.08036 -1.23633
18.5 0.256001 -5.09772 -1.20671
18.55 0.262545 -5.11489 -1.1697
18.6 0.269481 -5.13125 -1.13638
18.65 0.277216 -5.14792 -1.09937
18.7 0.285563 -5.16429 -1.06235
18.75 0.29451 -5.18034 -1.02534
18.8 0.304363 -5.19658 -0.992022
18.85 0.314416 -5.21197 -0.955006
18.9 0.325031 -5.22697 -0.91799
18.95 0.336938 -5.24254 -0.880975
19 0.348634 -5.25672 -0.843959
19.05 0.361254 -5.27091 -0.810645
19.1 0.374762 -5.28512 -0.773629
19.15 0.388347 -5.29839 -0.740315
19.2 0.40282 -5.31161 -0.703299
19.25 0.417772 -5.32429 -0.673687
19.3 0.433571 -5.3369 -0.640372
19.35 0.449291 -5.34861 -0.61076
19.4 0.465852 -5.36021 -0.577446
19.45 0.482277 -5.37091 -0.547833
19.5 0.500057 -5.38176 -0.51822
19.55 0.517619 -5.39177 -0.492309
19.6 0.535975 -5.40161 -0.462697
19.65 0.554613 -5.41091 -0.440487
19.7 0.573454 -5.41979 -0.418278
19.75 0.593047 -5.4285 -0.392367
19.8 0.612293 -5.43647 -0.370157
19.85 0.632282 -5.44422 -0.35165
19.9 0.652986 -5.45182 -0.32944
19.95 0.673854 -5.45895 -0.314634
20 0.694825 -5.46578 -0.299828
20.05 0.716481 -5.47247 -0.28132
20.1 0.737668 -5.4786 -0.266513
20.15 0.759534 -5.48457 -0.255409
20.2 0.782058 -5.49045 -0.240602
20.25 0.804072 -5.49585 -0.229498
20.3 0.827337 -5.50128 -0.218393
20.35 0.850662 -5.50646 -0.207288
20.4 0.874042 -5.51138 -0.196183
20.45 0.897475 -5.51603 -0.192482
20.5 0.921527 -5.52072 -0.185079
20.55 0.945613 -5.52523 -0.177676
20.6 0.970335 -5.52967 -0.166571
20.65 0.995104 -5.53383 -0.162869
20.7 1.02049 -5.53801 -0.155466
20.75 1.04531 -5.5419 -0.151765
20.8 1.07135 -5.54588 -0.148063
20.85 1.0968 -5.54967 -0.14066
20.9 1.12288 -5.55337 -0.136958
20.95 1.15019 -5.55713 -0.133257
21 1.1763 -5.56063 -0.129555
21.05 1.20363 -5.56419 -0.125854
21.1 1.23037 -5.56758 -0.11845
21.15 1.25775 -5.57083 -0.114749
21.2 1.28574 -5.57406 -0.114749
21.25 1.31374 -5.57729 -0.107346
21.3 1.34176 -5.58031 -0.107346
21.35 1.37038 -5.58339 -0.103644
21.4 1.39902 -5.58637 -0.0999425
21.45 1.42828 -5.5893 -0.0925394
21.5 1.45695 -5.59196 -0.0888378
21.55 1.48685 -5.59463 -0.0851362
21.6 1.51676 -5.59718 -0.0814346
21.65 1.54668 -5.59962 -0.0777331
21.7 1.5766 -5.60195 -0.0740315
21.75 1.60654 -5.60417 -0.0703299
21.8 1.6377 -5.60637 -0.0666283
21.85 1.66827 -5.60841 -0.0592252
21.9 1.69946 -5.61026 -0.0555236
21.95 1.73065 -5.61199 -0.051822
22 1.76185 -5.61361 -0.0481205
22.05 1.79367 -5.61514 -0.0481205
22.1 1.82549 -5.61667 -0.0407173
22.15 1.85793 -5.618 -0.0370157
22.2 1.88976 -5.61917 -0.0370157
22.25 1.92221 -5.62038 -0.0333142
22.3 1.95466 -5.62146 -0.0296126
22.35 1.98773 -5.62244 -0.0222094
22.4 2.02019 -5.62316 -0.0185079
22.45 2.05326 -5.62377 -0.0185079
22.5 2.08634 -5.62438 -0.0111047
22.55 2.11942 -5.62475 -0.0111047
22.6 2.15311 -5.62512 -0.00740315
22.65 2.18619 -5.62537 -0.00740315
22.7 2.21988 -5.62562 -0.00370157
22.75 2.25357 -5.62574 3.21791e-16
22.8 2.28788 -5.62574 3.21791e-16
22.85 2.32157 -5.62574 0.00370157
22.9 2.35282 -5.62563 0.00740315
22.95 2.37977 -5.62543 0.00740315
23 2.40244 -5.62526 0.0111047
23.05 2.42265 -5.62504 0.0148063
23.1 2.43858 -5.6248 0.0148063
23.15 2.45083 -5.62462 0.0222094
23.2 2.45879 -5.62444 0.025911
23.25 2.46308 -5.62433 0.0296126
23.3 2.4643 -5.62429 0.0296126
23.35 2.4643 -5.62429 0.0296126
23.4 2.4643 -5.62429 0.0296126
23.45 2.4643 -5.62429 0.0296126
23.5 2.4643 -5.62429 0.0296126
23.55 2.4643 -5.62429 0.0296126
23.6 2.4643 -5.62429 0.0296126
23.65 2.4643 -5.62429 0.0296126
23.7 2.4643 -5.62429 0.0296126
23.75 2.4643 -5.62429 0.0296126
23.8 2.4643 -5.62429 0.0296126
23.85 2.4643 -5.62429 0.0296126
23.9 2.4643 -5.62429 0.0296126
23.95 2.4643 -5.62429 0.0296126
24 2.4643 -5.62429 0.0296126
24.05 2.4643 -5.62429 0.0296126
24.1 2.4643 -5.62429 0.0296126
24.15 2.4643 -5.62429 0.0296126
24.2 2.4643 -5.62429 0.0296126
24.25 2.4643 -5.62429 0.0296126
24.3 2.4643 -5.62429 0.0296126
24.35 2.4643 -5.62429 0.0296126
24.4 2.4643 -5.62429 0.0296126
24.45 2.4643 -5.62429 0.0296126
24.5 2.4643 -5.62429 0.0296126
24.55 2.4643 -5.62429 0.0296126
24.6 2.4643 -5.62429 0.0296126
24.65 2.4643 -5.62429 0.0296126
24.7 2.4643 -5.62429 0.0296126
24.75 2.4643 -5.62429 0.0296126
24.8 2.4643 -5.62429 0.0296126
24.85 2.4643 -5.62429 0.0296126
24.9 2.4643 -5.62429 0.0296126
24.95 2.4643 -5.62429 0.0296126
25 2.4643 -5.62429 0.0296126
25.05 2.4643 -5.62429 0.0296126
25.1 2.4643 -5.62429 0.0296126
25.15 2.4643 -5.62429 0.0296126
25.2 2.4643 -5.62429 0.0296126
25.25 2.4643 -5.62429 0.0296126
25.3 2.4643 -5.62429 0.0296126
25.35 2.4643 -5.62429 0.0296126
25.4 2.4643 -5.62429 0.0296126
25.45 2.4643 -5.62429 0.0296126
25.5 2.4643 -5.62429 0.0296126
25.55 2.4643 -5.62429 0.0296126
25.6 2.4643 -5.62429 0.0296126
25.65 2.4643 -5.62429 0.0296126
25.7 2.4643 -5.62429 0.0296126
25.75 2.4643 -5.62429 0.0296126
25.8 2.4643 -5.62429 0.0296126
25.85 2.4643 -5.62429 0.0296126
25.9 2.4643 -5.62429 0.0296126
25.95 2.4643 -5.62429 0.0296126
26 2.4643 -5.62429 0.0296126
26.05 2.4643 -5.62429 0.0296126
26.1 2.4643 -5.62429 0.0296126
26.15 2.4643 -5.62429 0.0296126
26.2 2.4643 -5.62429 0.0296126
26.25 2.4643 -5.62429 0.0296126
26.3 2.4643 -5.62429 0.0296126
26.35 2.4643 -5.62429 0.0296126
26.4 2.4643 -5.62429 0.0296126
26.45 2.4643 -5.62429 0.0296126
26.5 2.4643 -5.62429 0.0296126
