52.4 0 0 0
52.45 0 0 0
52.5 0.00122522 0 0
52.55 0.00428827 0 -0.00370157
52.6 0.00918912 -1.81409e-05 -0.00370157
52.65 0.0147026 -3.85495e-05 0
52.7 0.0220539 -3.85495e-05 0
52.75 0.0306305 -3.85495e-05 0
52.8 0.039207 -3.85495e-05 0
52.85 0.050234 -3.85495e-05 0
52.9 0.061261 -3.85495e-05 0
52.95 0.0735132 -3.85495e-05 0
53 0.0857654 -3.85495e-05 0
53.05 0.0992428 -3.85495e-05 0
53.1 0.113333 -3.85495e-05 -0.00370157
53.15 0.128035 -9.29724e-05 -0.00370157
53.2 0.143351 -0.000149663 0
53.25 0.159278 -0.000149663 0
53.3 0.175206 -0.000149663 0
53.35 0.192359 -0.000149663 0
53.4 0.2089 -0.000149663 -0.00370157
53.45 0.226666 -0.000215424 0
53.5 0.243819 -0.000215424 0
53.55 0.262197 -0.000215424 0
53.6 0.279963 -0.000215424 -0.00370157
53.65 0.298341 -0.000283452 -0.00370157
53.7 0.317944 -0.000356016 -0.00370157
53.75 0.336322 -0.000424045 -0.00370157
53.8 0.355313 -0.000494341 -0.00740315
53.85 0.374916 -0.000639467 -0.00740315
53.9 0.393907 -0.000780059 -0.0111047
53.95 0.413509 -0.000997746 -0.0111047
54 0.433111 -0.00121543 -0.0111047
54.05 0.453326 -0.00143992 -0.0148063
54.1 0.472928 -0.00173017 -0.0148063
54.15 0.493142 -0.00202948 -0.0185079
54.2 0.512742 -0.00239228 -0.0185079
54.25 0.532954 -0.00276642 -0.0222094
54.3 0.553166 -0.00321537 -0.025911
54.35 0.572762 -0.00372326 -0.0333142
54.4 0.592967 -0.00439662 -0.0296126
54.45 0.612562 -0.00497705 -0.0370157
54.5 0.632765 -0.00572519 -0.0407173
54.55 0.652964 -0.00654811 -0.0444189
54.6 0.67316 -0.0074458 -0.0481205
54.65 0.693353 -0.00841823 -0.051822
54.7 0.713542 -0.00946541 -0.0555236
54.75 0.733727 -0.0105873 -0.0592252
54.8 0.753908 -0.0117839 -0.0629268
54.85 0.773472 -0.0130167 -0.0703299
54.9 0.793639 -0.0144373 -0.0740315
54.95 0.812578 -0.015842 -0.0777331
55 0.832733 -0.0174118 -0.0814346
55.05 0.852271 -0.0190065 -0.0888378
55.1 0.872408 -0.0208001 -0.0925394
55.15 0.891927 -0.0226116 -0.0999425
55.2 0.911433 -0.0245676 -0.107346
55.25 0.930924 -0.0266679 -0.114749
55.3 0.94979 -0.0288423 -0.11845
55.35 0.969256 -0.0311589 -0.125854
55.4 0.988704 -0.0336196 -0.133257
55.45 1.00753 -0.0361427 -0.136958
55.5 1.02695 -0.0388192 -0.144361
55.55 1.04574 -0.0415513 -0.155466
55.6 1.0645 -0.0444918 -0.159168
55.65 1.08325 -0.0475018 -0.170272
55.7 1.10197 -0.0507199 -0.173974
55.75 1.12067 -0.0540071 -0.185079
55.8 1.13874 -0.0573892 -0.192482
55.85 1.15678 -0.0609049 -0.199885
55.9 1.17539 -0.0646757 -0.21099
55.95 1.19336 -0.0685246 -0.218393
56 1.2113 -0.0725065 -0.225796
56.05 1.22921 -0.076621 -0.233199
56.1 1.2471 -0.0808681 -0.248005
56.15 1.26491 -0.0853794 -0.255409
56.2 1.2821 -0.0898678 -0.266513
56.25 1.29983 -0.0947081 -0.273917
56.3 1.31693 -0.0995138 -0.285021
56.35 1.33398 -0.104509 -0.296126
56.4 1.35097 -0.109693 -0.307231
56.45 1.36791 -0.115066 -0.318335
56.5 1.3842 -0.120435 -0.325739
56.55 1.40103 -0.12612 -0.336843
56.6 1.41722 -0.131789 -0.35165
56.65 1.4339 -0.137909 -0.362754
56.7 1.44994 -0.143995 -0.377561
56.75 1.46588 -0.150319 -0.384964
56.8 1.48178 -0.15676 -0.39977
56.85 1.49758 -0.163436 -0.414576
56.9 1.51272 -0.170099 -0.425681
56.95 1.5289 -0.177435 -0.436786
57 1.54389 -0.184432 -0.455294
57.05 1.55874 -0.191706 -0.466398
57.1 1.57406 -0.199419 -0.481205
57.15 1.58927 -0.207358 -0.496011
57.2 1.60382 -0.21523 -0.507116
57.25 1.61827 -0.223263 -0.525624
57.3 1.63258 -0.231562 -0.536728
57.35 1.64732 -0.240333 -0.551535
57.4 1.66089 -0.248679 -0.566341
57.45 1.67485 -0.257554 -0.584849
57.5 1.68915 -0.267024 -0.599655
57.55 1.7023 -0.276013 -0.614461
57.6 1.71581 -0.285549 -0.632969
57.65 1.72915 -0.295333 -0.644074
57.7 1.74238 -0.305265 -0.662582
57.75 1.75493 -0.315063 -0.677388
57.8 1.76782 -0.32543 -0.695896
57.85 1.78052 -0.336034 -0.714404
57.9 1.79255 -0.346469 -0.72921
57.95 1.80488 -0.35749 -0.747718
58 1.81656 -0.36832 -0.762524
58.05 1.82852 -0.379745 -0.781032
58.1 1.84071 -0.391821 -0.795839
58.15 1.85185 -0.403201 -0.810645
58.2 1.86325 -0.415189 -0.829153
58.25 1.87442 -0.427385 -0.847661
58.3 1.88496 -0.439327 -0.862467
58.35 1.89572 -0.451888 -0.880975
58.4 1.90586 -0.464174 -0.895781
58.45 1.91619 -0.477087 -0.914289
58.5 1.92666 -0.490675 -0.929095
58.55 1.93656 -0.503925 -0.947603
58.6 1.94586 -0.516859 -0.962409
58.65 1.95531 -0.530431 -0.980917
58.7 1.96485 -0.544686 -0.995724
58.75 1.97385 -0.558566 -1.01423
58.8 1.98259 -0.57261 -1.02534
58.85 1.99149 -0.587274 -1.04014
58.9 1.99986 -0.60154 -1.05865
58.95 2.00826 -0.616492 -1.07346
59 2.01616 -0.631029 -1.08456
59.05 2.02417 -0.646194 -1.09937
59.1 2.03168 -0.66093 -1.11788
59.15 2.03946 -0.676904 -1.12898
59.2 2.04679 -0.69241 -1.14379
59.25 2.0539 -0.708023 -1.15859
59.3 2.06077 -0.72374 -1.1734
59.35 2.06741 -0.739556 -1.18821
59.4 2.07404 -0.756037 -1.19931
59.45 2.08049 -0.772591 -1.21041
59.5 2.08654 -0.788642 -1.22522
59.55 2.09255 -0.805358 -1.23633
59.6 2.09839 -0.822139 -1.24743
59.65 2.10403 -0.838984 -1.25854
59.7 2.10949 -0.85589 -1.26964
59.75 2.11476 -0.872857 -1.28074
59.8 2.11984 -0.88988 -1.29185
59.85 2.1249 -0.907548 -1.29925
59.9 2.12967 -0.924663 -1.31036
59.95 2.13456 -0.943013 -1.32146
60 2.13909 -0.960823 -1.32887
60.05 2.14335 -0.978072 -1.33997
60.1 2.14769 -0.996559 -1.35107
60.15 2.1517 -1.0145 -1.35848
60.2 2.15557 -1.03246 -1.36588
60.25 2.15956 -1.05165 -1.37328
60.3 2.16317 -1.06968 -1.38069
60.35 2.16675 -1.08832 -1.39179
60.4 2.17025 -1.10761 -1.3992
60.45 2.17338 -1.12572 -1.4066
60.5 2.17659 -1.14506 -1.414
60.55 2.17965 -1.16443 -1.4214
60.6 2.18248 -1.18321 -1.42511
60.65 2.18532 -1.2026 -1.43251
60.7 2.18802 -1.22202 -1.43991
60.75 2.19058 -1.24145 -1.44732
60.8 2.193 -1.26091 -1.45472
60.85 2.19534 -1.28099 -1.45842
60.9 2.19754 -1.30047 -1.46582
60.95 2.19965 -1.32057 -1.46953
61 2.2017 -1.34069 -1.47323
61.05 2.20367 -1.36081 -1.48433
61.1 2.20541 -1.38095 -1.48803
61.15 2.20709 -1.40109 -1.49173
61.2 2.20868 -1.42125 -1.49544
61.25 2.21025 -1.44202 -1.50284
61.3 2.21162 -1.46218 -1.50654
61.35 2.213 -1.48358 -1.51024
61.4 2.21422 -1.50376 -1.51394
61.45 2.21541 -1.52456 -1.52135
61.5 2.21644 -1.54536 -1.52135
61.55 2.21747 -1.56616 -1.52875
61.6 2.21834 -1.58697 -1.52875
61.65 2.21924 -1.6084 -1.53245
61.7 2.22004 -1.62921 -1.53985
61.75 2.22069 -1.65003 -1.53985
61.8 2.22135 -1.67146 -1.54356
61.85 2.22193 -1.69289 -1.54726
61.9 2.22244 -1.71433 -1.55096
61.95 2.22286 -1.73576 -1.55466
62 2.22321 -1.7572 -1.55836
62.05 2.22347 -1.77864 -1.55466
62.1 2.22382 -1.80008 -1.55836
62.15 2.22409 -1.82152 -1.56206
62.2 2.22428 -1.84357 -1.56206
62.25 2.22447 -1.86502 -1.56577
62.3 2.22458 -1.88646 -1.56947
62.35 2.2246 -1.90851 -1.56947
62.4 2.22463 -1.93056 -1.56947
62.45 2.22466 -1.95201 -1.57317
62.5 2.22461 -1.97406 -1.57317
62.55 2.22456 -1.99611 -1.58057
62.6 2.22434 -2.01817 -1.58057
62.65 2.22413 -2.04022 -1.58057
62.7 2.22391 -2.06227 -1.58057
62.75 2.2237 -2.08433 -1.58057
62.8 2.22349 -2.10515 -1.58057
62.85 2.22327 -2.12782 -1.58427
62.9 2.22297 -2.14987 -1.58427
62.95 2.22268 -2.17131 -1.58057
63 2.22247 -2.19336 -1.58057
63.05 2.22225 -2.21542 -1.58057
63.1 2.22204 -2.23747 -1.58057
63.15 2.22182 -2.25952 -1.58057
63.2 2.22161 -2.28157 -1.58057
63.25 2.22139 -2.30363 -1.58057
63.3 2.22117 -2.32568 -1.58057
63.35 2.22096 -2.34773 -1.58057
63.4 2.22074 -2.36979 -1.58057
63.45 2.22053 -2.39123 -1.57687
63.5 2.2204 -2.41328 -1.57687
63.55 2.22027 -2.43533 -1.57687
63.6 2.22013 -2.45739 -1.57687
63.65 2.22 -2.47883 -1.57317
63.7 2.21995 -2.50088 -1.57317
63.75 2.2199 -2.52294 -1.56577
63.8 2.22 -2.54438 -1.56947
63.85 2.22003 -2.56582 -1.56577
63.9 2.22014 -2.58787 -1.56577
63.95 2.22025 -2.60931 -1.56206
64 2.22044 -2.63075 -1.55836
64.05 2.22071 -2.65281 -1.55836
64.1 2.22098 -2.67425 -1.55466
64.15 2.22133 -2.69568 -1.55096
64.2 2.22175 -2.71712 -1.54726
64.25 2.22224 -2.73794 -1.54726
64.3 2.22275 -2.75938 -1.54356
64.35 2.22333 -2.78081 -1.53985
64.4 2.22397 -2.80163 -1.53245
64.45 2.22477 -2.82245 -1.53245
64.5 2.2256 -2.84387 -1.52875
64.55 2.22647 -2.86468 -1.52135
64.6 2.2275 -2.88548 -1.52135
64.65 2.22853 -2.90629 -1.51394
64.7 2.22971 -2.92708 -1.51394
64.75 2.23086 -2.94727 -1.51024
64.8 2.23212 -2.96806 -1.50284
64.85 2.2335 -2.98823 -1.49914
64.9 2.23494 -3.00839 -1.49544
64.95 2.23651 -3.02916 -1.48803
65 2.23818 -3.04931 -1.48433
65.05 2.23993 -3.06945 -1.48063
65.1 2.24175 -3.08958 -1.47693
65.15 2.24359 -3.1091 -1.46953
65.2 2.24563 -3.12921 -1.46582
65.25 2.24768 -3.14871 -1.45842
65.3 2.24988 -3.16819 -1.45102
65.35 2.2523 -3.18826 -1.44732
65.4 2.25471 -3.20771 -1.43991
65.45 2.25727 -3.22715 -1.43251
65.5 2.25997 -3.24657 -1.42511
65.55 2.26264 -3.26475 -1.4177
65.6 2.26563 -3.28412 -1.4103
65.65 2.26867 -3.30287 -1.4066
65.7 2.27177 -3.32161 -1.39549
65.75 2.27508 -3.34031 -1.38439
65.8 2.2786 -3.35897 -1.38069
65.85 2.28219 -3.37762 -1.36958
65.9 2.28586 -3.39562 -1.36218
65.95 2.28967 -3.4136 -1.35478
66 2.29374 -3.43215 -1.34367
66.05 2.29788 -3.45006 -1.33627
66.1 2.30201 -3.46734 -1.32516
66.15 2.30648 -3.48517 -1.31776
66.2 2.31092 -3.50237 -1.30666
66.25 2.31572 -3.52011 -1.29925
66.3 2.32049 -3.53722 -1.28815
66.35 2.32561 -3.55487 -1.27334
66.4 2.33064 -3.57127 -1.26594
66.45 2.33597 -3.58822 -1.25483
66.5 2.34149 -3.6051 -1.24373
66.55 2.3472 -3.62193 -1.23262
66.6 2.35309 -3.63869 -1.22152
66.65 2.35896 -3.6548 -1.20671
66.7 2.36529 -3.6714 -1.19561
66.75 2.37158 -3.68736 -1.1808
66.8 2.3781 -3.70323 -1.1734
66.85 2.38474 -3.71905 -1.15859
66.9 2.39161 -3.73476 -1.14379
66.95 2.39846 -3.74982 -1.13268
67 2.40574 -3.76535 -1.11788
67.05 2.41324 -3.78077 -1.10307
67.1 2.4207 -3.79554 -1.09196
67.15 2.42832 -3.81022 -1.07346
67.2 2.4365 -3.82529 -1.05865
67.25 2.44461 -3.83971 -1.04755
67.3 2.45287 -3.85404 -1.02904
67.35 2.4614 -3.86821 -1.01793
67.4 2.47041 -3.88281 -1.00313
67.45 2.47897 -3.89624 -0.98832
67.5 2.48807 -3.91005 -0.969812
67.55 2.49743 -3.92369 -0.958708
67.6 2.50693 -3.93723 -0.9402
67.65 2.51668 -3.95059 -0.921692
67.7 2.52631 -3.96328 -0.906886
67.75 2.5365 -3.97631 -0.888378
67.8 2.54693 -3.98914 -0.877273
67.85 2.55751 -4.00186 -0.858765
67.9 2.56792 -4.01392 -0.843959
67.95 2.57891 -4.02628 -0.825451
68 2.59012 -4.03844 -0.806943
68.05 2.60114 -4.04994 -0.792137
68.1 2.61276 -4.06171 -0.773629
68.15 2.62459 -4.07327 -0.755121
68.2 2.63619 -4.08419 -0.740315
68.25 2.6484 -4.09534 -0.721807
68.3 2.66082 -4.10627 -0.710702
68.35 2.67335 -4.11706 -0.692194
68.4 2.68609 -4.12762 -0.673687
68.45 2.69853 -4.13756 -0.65888
68.5 2.71161 -4.14768 -0.640372
68.55 2.72537 -4.15793 -0.625566
68.6 2.73878 -4.16762 -0.607058
68.65 2.75186 -4.1767 -0.592252
68.7 2.76609 -4.18628 -0.577446
68.75 2.77995 -4.19531 -0.558938
68.8 2.79449 -4.2044 -0.544131
68.85 2.80812 -4.21265 -0.529325
68.9 2.82292 -4.22131 -0.514519
68.95 2.83732 -4.22945 -0.496011
69 2.85241 -4.23761 -0.481205
69.05 2.86761 -4.24555 -0.466398
69.1 2.88293 -4.25327 -0.451592
69.15 2.89782 -4.26049 -0.440487
69.2 2.91333 -4.2678 -0.425681
69.25 2.92951 -4.27514 -0.414576
69.3 2.94521 -4.28204 -0.39977
69.35 2.96101 -4.28872 -0.384964
69.4 2.97748 -4.29539 -0.373859
69.45 2.99345 -4.30166 -0.359053
69.5 3.01008 -4.3079 -0.347948
69.55 3.02678 -4.31396 -0.336843
69.6 3.04355 -4.31983 -0.325739
69.65 3.06038 -4.32551 -0.314634
69.7 3.07727 -4.33101 -0.303529
69.75 3.09423 -4.33632 -0.292424
69.8 3.11183 -4.34162 -0.277618
69.85 3.12891 -4.34649 -0.266513
69.9 3.14664 -4.35133 -0.25911
69.95 3.16441 -4.35604 -0.251707
70 3.18161 -4.36046 -0.240602
70.05 3.20006 -4.36499 -0.229498
70.1 3.21795 -4.36917 -0.222094
70.15 3.23648 -4.37335 -0.21099
70.2 3.25445 -4.3772 -0.203587
70.25 3.27245 -4.38092 -0.196183
70.3 3.29167 -4.38474 -0.18878
70.35 3.30972 -4.38819 -0.181377
70.4 3.3284 -4.39161 -0.170272
70.45 3.34772 -4.39493 -0.162869
70.5 3.36646 -4.39801 -0.159168
70.55 3.38582 -4.40112 -0.151765
70.6 3.4052 -4.40408 -0.144361
70.65 3.42399 -4.40682 -0.133257
70.7 3.44403 -4.4095 -0.129555
70.75 3.46286 -4.41196 -0.125854
70.8 3.48231 -4.41442 -0.11845
70.85 3.50177 -4.41673 -0.111047
70.9 3.52247 -4.41904 -0.103644
70.95 3.54258 -4.42113 -0.0999425
71 3.56209 -4.42309 -0.0925394
71.05 3.58222 -4.42496 -0.0888378
71.1 3.60235 -4.42675 -0.0851362
71.15 3.6225 -4.42847 -0.0814346
71.2 3.64326 -4.43016 -0.0740315
71.25 3.66342 -4.43166 -0.0703299
71.3 3.68358 -4.43308 -0.0666283
71.35 3.70437 -4.43447 -0.0592252
71.4 3.72455 -4.43566 -0.0555236
71.45 3.74596 -4.43685 -0.051822
71.5 3.76676 -4.43793 -0.0444189
71.55 3.78756 -4.43886 -0.0444189
71.6 3.80898 -4.43981 -0.0407173
71.65 3.82918 -4.44063 -0.0370157
71.7 3.85061 -4.44143 -0.0333142
71.75 3.87204 -4.44214 -0.0296126
71.8 3.89347 -4.44277 -0.025911
71.85 3.91429 -4.44331 -0.025911
71.9 3.93573 -4.44387 -0.0222094
71.95 3.95716 -4.44435 -0.0185079
72 3.9786 -4.44474 -0.0148063
72.05 4.00004 -4.44506 -0.0111047
72.1 4.02148 -4.4453 -0.00740315
72.15 4.04353 -4.44546 -0.00740315
72.2 4.06498 -4.44562 -0.00370157
72.25 4.08703 -4.4457 -0.00370157
72.3 4.10847 -4.44578 4.03323e-16
72.35 4.12807 -4.44578 4.03323e-16
72.4 4.14278 -4.44578 4.03323e-16
72.45 4.15442 -4.44578 0.00370157
72.5 4.16177 -4.44575 0.00370157
72.55 4.16606 -4.44574 0.00740315
72.6 4.16667 -4.44573 0.00370157
72.65 4.16667 -4.44573 0.00370157
72.7 4.16667 -4.44573 0.00370157
72.75 4.16667 -4.44573 0.00370157
72.8 4.16667 -4.44573 0.00370157
72.85 4.16667 -4.44573 0.00370157
72.9 4.16667 -4.44573 0.00370157
72.95 4.16667 -4.44573 0.00370157
73 4.16667 -4.44573 0.00370157
73.05 4.16667 -4.44573 0.00370157
73.1 4.16667 -4.44573 0.00370157
73.15 4.16667 -4.44573 0.00370157
73.2 4.16667 -4.44573 0.00370157
73.25 4.16667 -4.44573 0.00370157
73.3 4.16667 -4.44573 0.00370157
73.35 4.16667 -4.44573 0.00370157
73.4 4.16667 -4.44573 0.00370157
73.45 4.16667 -4.44573 0.00370157
73.5 4.16667 -4.44573 0.00370157
73.55 4.16667 -4.44573 0.00370157
73.6 4.16667 -4.44573 0.00370157
73.65 4.16667 -4.44573 0.00370157
73.7 4.16667 -4.44573 0.00370157
73.75 4.16667 -4.44573 0.00370157
73.8 4.16667 -4.44573 0.00370157
73.85 4.16667 -4.44573 0.00370157
73.9 4.16667 -4.44573 0.00370157
73.95 4.16667 -4.44573 0.00370157
74 4.16667 -4.44573 0.00370157
74.05 4.16667 -4.44573 0.00370157
74.1 4.16667 -4.44573 0.00370157
74.15 4.16667 -4.44573 0.00370157
74.2 4.16667 -4.44573 0.00370157
74.25 4.16667 -4.44573 0.00370157
74.3 4.16667 -4.44573 0.00370157
74.35 4.16667 -4.44573 0.00370157
74.4 4.16667 -4.44573 0.00370157
74.45 4.16667 -4.44573 0.00370157
74.5 4.16667 -4.44573 0.00370157
74.55 4.16667 -4.44573 0.00370157
74.6 4.16667 -4.44573 0.00370157
74.65 4.16667 -4.44573 0.00370157
74.7 4.16667 -4.44573 0.00370157
74.75 4.16667 -4.44573 0.00370157
74.8 4.16667 -4.44573 0.00370157
74.85 4.16667 -4.44573 0.00370157
74.9 4.16667 -4.44573 0.00370157
74.95 4.16667 -4.44573 0.00370157
75 4.16667 -4.44573 0.00370157
75.05 4.16667 -4.44573 0.00370157
75.1 4.16667 -4.44573 0.00370157
75.15 4.16667 -4.44573 0.00370157
75.2 4.16667 -4.44573 0.00370157
75.25 4.16667 -4.44573 0.00370157
75.3 4.16667 -4.44573 0.00370157
75.35 4.16667 -4.44573 0.00370157
75.4 4.16667 -4.44573 0.00370157
75.45 4.16667 -4.44573 0.00370157
75.5 4.16667 -4.44573 0.00370157
75.55 4.16667 -4.44573 0.00370157
75.6 4.16667 -4.44573 0.00370157
75.65 4.16667 -4.44573 0.00370157
75.7 4.16667 -4.44573 0.00370157
75.75 4.16667 -4.44573 0.00370157
75.8 4.16667 -4.44573 0.00370157
75.85 4.16667 -4.44573 0.00370157
75.9 4.16667 -4.44573 0.00370157
75.95 4.16667 -4.44573 0.00370157
76 4.16667 -4.44573 0.00370157
76.05 4.16667 -4.44573 0.00370157
76.1 4.16667 -4.44573 0.00370157
76.15 4.16667 -4.44573 0.00370157
76.2 4.16667 -4.44573 0.00370157
76.25 4.16667 -4.44573 0.00370157
76.3 4.16667 -4.44573 0.00370157
76.35 4.16667 -4.44573 0.00370157
76.4 4.16667 -4.44573 0.00370157
76.45 4.16667 -4.44573 0.00370157
76.5 4.16667 -4.44573 0.00370157
76.55 4.16667 -4.44573 0.00370157
76.6 4.16667 -4.44573 0.00370157
76.65 4.16667 -4.44573 0.00370157
76.7 4.16667 -4.44573 0.00370157
76.75 4.16667 -4.44573 0.00370157
76.8 4.16667 -4.44573 0.00370157
76.85 4.16667 -4.44573 0.00370157
76.9 4.16667 -4.44573 0.00370157
76.95 4.16667 -4.44573 0.00370157
77 4.16667 -4.44573 0.00370157
77.05 4.16667 -4.44573 0.00370157
77.1 4.16667 -4.44573 0.00370157
77.15 4.16667 -4.44573 0.00370157
77.2 4.16667 -4.44573 0.00370157
77.25 4.16667 -4.44573 0.00370157
77.3 4.16667 -4.44573 0.00370157
77.35 4.16667 -4.44573 0.00370157
77.4 4.16667 -4.44573 0.00370157
77.45 4.16667 -4.44573 0.00370157
77.5 4.16667 -4.44573 0.00370157
77.55 4.16667 -4.44573 0.00370157
77.6 4.16667 -4.44573 0.00370157
77.65 4.16667 -4.44573 0.00370157
77.7 4.16667 -4.44573 0.00370157
77.75 4.16667 -4.44573 0.00370157
77.8 4.16667 -4.44573 0.00370157
77.85 4.16667 -4.44573 0.00370157
77.9 4.16667 -4.44573 0.00370157
77.95 4.16667 -4.44573 0.00370157
78 4.16667 -4.44573 0.00370157
78.05 4.16667 -4.44573 0.00370157
78.1 4.16667 -4.44573 0.00370157
78.15 4.16667 -4.44573 0.00370157
78.2 4.16667 -4.44573 0.00370157
78.25 4.16667 -4.44573 0.00370157
78.3 4.16667 -4.44573 0.00370157
78.35 4.16667 -4.44573 0.00370157
78.4 4.16667 -4.44573 0.00370157
78.45 4.16667 -4.44573 0.00370157
78.5 4.16667 -4.44573 0.00370157
78.55 4.16667 -4.44573 0.00370157
78.6 4.16667 -4.44573 0.00370157
78.65 4.16667 -4.44573 0.00370157
78.7 4.16667 -4.44573 0.00370157
78.75 4.16667 -4.44573 0.00370157
78.8 4.16667 -4.44573 0.00370157
78.85 4.16667 -4.44573 0.00370157
78.9 4.16667 -4.44573 0.00370157
78.95 4.16667 -4.44573 0.00370157
79 4.16667 -4.44573 0.00370157
79.05 4.16667 -4.44573 0.00370157
79.1 4.16667 -4.44573 0.00370157
79.15 4.16667 -4.44573 0.00370157
79.2 4.16667 -4.44573 0.00370157
79.25 4.16667 -4.44573 0.00370157
79.3 4.16667 -4.44573 0.00370157
79.35 4.16667 -4.44573 0.00370157
79.4 4.16667 -4.44573 0.00370157
79.45 4.16667 -4.44573 0.00370157
79.5 4.16667 -4.44573 0.00370157
79.55 4.16667 -4.44573 0.00370157
79.6 4.16667 -4.44573 0.00370157
79.65 4.16667 -4.44573 0.00370157
79.7 4.16667 -4.44573 0.00370157
79.75 4.16667 -4.44573 0.00370157
79.8 4.16667 -4.44573 0.00370157
