3 0.0702388 -4.62191e-06 -0.000197454
3 0.0702388 -4.62191e-06 -0.000197454
3.05 0.105331 -2.07958e-05 -0.000494004
3.05 0.105331 -2.07958e-05 -0.000494004
3.1 0.140422 -3.69698e-05 -0.000790555
3.1 0.140422 -3.69698e-05 -0.000790555
3.15 0.175459 -8.08561e-05 -0.00128605
3.15 0.175459 -8.08561e-05 -0.00128605
3.2 0.210495 -0.000124742 -0.00178154
3.25 0.245448 -0.000210163 -0.00247783
3.3 0.280401 -0.000295583 -0.00317413
3.3 0.280401 -0.000295583 -0.00317413
3.35 0.315244 -0.000436319 -0.00407387
3.35 0.315244 -0.000436319 -0.00407387
3.4 0.350087 -0.000577055 -0.00497361
3.4 0.350087 -0.000577055 -0.00497361
3.45 0.384791 -0.000786833 -0.00608021
3.5 0.419496 -0.00099661 -0.00718681
3.5 0.419496 -0.00099661 -0.00718681
3.55 0.454035 -0.00128909 -0.00850452
3.55 0.454035 -0.00128909 -0.00850452
3.6 0.488574 -0.00158156 -0.00982222
3.6 0.488574 -0.00158156 -0.00982222
3.65 0.52292 -0.00197032 -0.0113561
3.65 0.52292 -0.00197032 -0.0113561
3.7 0.557267 -0.00235907 -0.01289
3.7 0.557267 -0.00235907 -0.01289
3.75 0.591394 -0.00285759 -0.0146461
3.75 0.591394 -0.00285759 -0.0146461
3.8 0.625521 -0.0033561 -0.0164021
3.8 0.625521 -0.0033561 -0.0164021
3.85 0.659402 -0.00397774 -0.0183872
3.9 0.693283 -0.00459939 -0.0203724
3.9 0.693283 -0.00459939 -0.0203724
3.95 0.726891 -0.00535741 -0.0225945
3.95 0.726891 -0.00535741 -0.0225945
4 0.760499 -0.00611544 -0.0248165
4 0.760499 -0.00611544 -0.0248165
4.05 0.793808 -0.00702297 -0.0272846
4.1 0.827117 -0.00793049 -0.0297526
4.1 0.827117 -0.00793049 -0.0297526
4.15 0.860101 -0.0090005 -0.0324766
4.15 0.860101 -0.0090005 -0.0324766
4.2 0.893085 -0.0100705 -0.0352006
4.2 0.893085 -0.0100705 -0.0352006
4.25 0.925718 -0.0113158 -0.038192
4.25 0.925718 -0.0113158 -0.038192
4.3 0.958352 -0.0125611 -0.0411833
4.35 0.99061 -0.0139942 -0.0444545
4.35 0.99061 -0.0139942 -0.0444545
4.4 1.02287 -0.0154274 -0.0477257
4.45 1.05472 -0.017061 -0.0512908
4.45 1.05472 -0.017061 -0.0512908
4.5 1.08658 -0.0186946 -0.0548559
4.5 1.08658 -0.0186946 -0.0548559
4.55 1.11801 -0.0205407 -0.0587305
4.6 1.14944 -0.0223869 -0.062605
4.6 1.14944 -0.0223869 -0.062605
4.65 1.18043 -0.0244578 -0.0668061
4.65 1.18043 -0.0244578 -0.0668061
4.7 1.21141 -0.0265286 -0.0710072
4.7 1.21141 -0.0265286 -0.0710072
4.75 1.24192 -0.0288359 -0.0755539
4.75 1.24192 -0.0288359 -0.0755539
4.8 1.27243 -0.0311433 -0.0801005
4.8 1.27243 -0.0311433 -0.0801005
4.85 1.30244 -0.0336987 -0.0850136
4.85 1.30244 -0.0336987 -0.0850136
4.9 1.33245 -0.0362541 -0.0899267
4.9 1.33245 -0.0362541 -0.0899267
4.95 1.36195 -0.0390689 -0.0952293
4.95 1.36195 -0.0390689 -0.0952293
5 1.39144 -0.0418837 -0.100532
5.05 1.4204 -0.044969 -0.106249
5.05 1.4204 -0.044969 -0.106249
5.1 1.44935 -0.0480543 -0.111967
5.1 1.44935 -0.0480543 -0.111967
5.15 1.47774 -0.051421 -0.118127
5.2 1.50613 -0.0547876 -0.124287
5.25 1.53394 -0.0584461 -0.13092
5.25 1.53394 -0.0584461 -0.13092
5.3 1.56175 -0.0621047 -0.137553
5.3 1.56175 -0.0621047 -0.137553
5.35 1.58895 -0.0660653 -0.144692
5.4 1.61615 -0.0700259 -0.151832
5.45 1.64273 -0.0742986 -0.159515
5.45 1.64273 -0.0742986 -0.159515
5.5 1.66931 -0.0785714 -0.167197
5.55 1.69524 -0.0831658 -0.175463
5.55 1.69524 -0.0831658 -0.175463
5.6 1.72118 -0.0877602 -0.183729
5.6 1.72118 -0.0877602 -0.183729
5.65 1.74645 -0.0926858 -0.192621
5.7 1.77173 -0.0976112 -0.201513
5.7 1.77173 -0.0976112 -0.201513
5.75 1.79632 -0.102877 -0.211079
5.75 1.79632 -0.102877 -0.211079
5.8 1.82091 -0.108142 -0.220644
5.8 1.82091 -0.108142 -0.220644
5.85 1.84481 -0.113757 -0.230934
5.85 1.84481 -0.113757 -0.230934
5.9 1.8687 -0.119371 -0.241224
5.95 1.89188 -0.125342 -0.252293
5.95 1.89188 -0.125342 -0.252293
6 1.91507 -0.131314 -0.263363
6.05 1.93752 -0.13765 -0.27527
6.05 1.93752 -0.13765 -0.27527
6.1 1.95997 -0.143986 -0.287177
6.1 1.95997 -0.143986 -0.287177
6.15 1.98167 -0.150695 -0.299984
6.15 1.98167 -0.150695 -0.299984
6.2 2.00338 -0.157404 -0.31279
6.2 2.00338 -0.157404 -0.31279
6.25 2.02433 -0.164493 -0.326562
6.25 2.02433 -0.164493 -0.326562
6.3 2.04527 -0.171582 -0.340334
6.3 2.04527 -0.171582 -0.340334
6.35 2.06545 -0.179058 -0.355138
6.35 2.06545 -0.179058 -0.355138
6.4 2.08562 -0.186534 -0.369942
6.4 2.08562 -0.186534 -0.369942
6.45 2.105 -0.194402 -0.385846
6.45 2.105 -0.194402 -0.385846
6.5 2.12439 -0.202271 -0.40175
6.5 2.12439 -0.202271 -0.40175
6.55 2.14298 -0.21054 -0.418823
6.55 2.14298 -0.21054 -0.418823
6.6 2.16157 -0.218808 -0.435896
6.6 2.16157 -0.218808 -0.435896
6.65 2.17934 -0.227481 -0.454201
6.7 2.19712 -0.236154 -0.472506
6.75 2.21408 -0.245238 -0.492103
6.75 2.21408 -0.245238 -0.492103
6.8 2.23103 -0.254322 -0.5117
6.8 2.23103 -0.254322 -0.5117
6.85 2.24716 -0.263821 -0.532637
6.85 2.24716 -0.263821 -0.532637
6.9 2.26329 -0.27332 -0.553574
6.9 2.26329 -0.27332 -0.553574
6.95 2.27857 -0.283238 -0.575886
6.95 2.27857 -0.283238 -0.575886
7 2.29386 -0.293157 -0.598198
7 2.29386 -0.293157 -0.598198
7.05 2.3083 -0.303499 -0.621899
7.1 2.32274 -0.313842 -0.645599
7.1 2.32274 -0.313842 -0.645599
7.15 2.33632 -0.324612 -0.670678
7.15 2.33632 -0.324612 -0.670678
7.2 2.34991 -0.335382 -0.695757
7.2 2.34991 -0.335382 -0.695757
7.25 2.36263 -0.346582 -0.722172
7.3 2.37535 -0.357783 -0.748586
7.35 2.38721 -0.369417 -0.776257
7.35 2.38721 -0.369417 -0.776257
7.4 2.39906 -0.381051 -0.803928
7.45 2.41005 -0.393121 -0.832735
7.5 2.42103 -0.405192 -0.861543
7.55 2.43114 -0.4177 -0.891326
7.55 2.43114 -0.4177 -0.891326
7.6 2.44125 -0.430207 -0.921108
7.6 2.44125 -0.430207 -0.921108
7.65 2.45048 -0.443155 -0.951665
7.65 2.45048 -0.443155 -0.951665
7.7 2.45971 -0.456102 -0.982221
7.7 2.45971 -0.456102 -0.982221
7.75 2.46806 -0.46949 -1.01332
7.75 2.46806 -0.46949 -1.01332
7.8 2.4764 -0.482878 -1.04441
7.85 2.48387 -0.496707 -1.07578
7.9 2.49134 -0.510536 -1.10715
7.9 2.49134 -0.510536 -1.10715
7.95 2.49792 -0.524806 -1.13852
7.95 2.49792 -0.524806 -1.13852
8 2.5045 -0.539076 -1.16989
8.05 2.5102 -0.553788 -1.20098
8.05 2.5102 -0.553788 -1.20098
8.1 2.51591 -0.568499 -1.23208
8.1 2.51591 -0.568499 -1.23208
8.15 2.52073 -0.583651 -1.26263
8.2 2.52555 -0.598803 -1.29319
8.2 2.52555 -0.598803 -1.29319
8.25 2.52949 -0.614394 -1.32297
8.25 2.52949 -0.614394 -1.32297
8.3 2.53343 -0.629986 -1.35275
8.35 2.53649 -0.646015 -1.38156
8.35 2.53649 -0.646015 -1.38156
8.4 2.53956 -0.662044 -1.41037
8.4 2.53956 -0.662044 -1.41037
8.45 2.54175 -0.678509 -1.43804
8.5 2.54395 -0.694974 -1.46571
8.55 2.54527 -0.711873 -1.49213
8.55 2.54527 -0.711873 -1.49213
8.6 2.5466 -0.728771 -1.51854
8.65 2.54707 -0.7461 -1.54362
8.7 2.54753 -0.76343 -1.5687
8.75 2.54714 -0.781187 -1.5924
8.75 2.54714 -0.781187 -1.5924
8.8 2.54675 -0.798944 -1.6161
8.85 2.54552 -0.817124 -1.63841
8.85 2.54552 -0.817124 -1.63841
8.9 2.54428 -0.835305 -1.66072
8.9 2.54428 -0.835305 -1.66072
8.95 2.5422 -0.853905 -1.68166
8.95 2.5422 -0.853905 -1.68166
9 2.54013 -0.872505 -1.7026
9 2.54013 -0.872505 -1.7026
9.05 2.53722 -0.891521 -1.72219
9.05 2.53722 -0.891521 -1.72219
9.1 2.53431 -0.910537 -1.74179
9.1 2.53431 -0.910537 -1.74179
9.15 2.53058 -0.929962 -1.7601
9.15 2.53058 -0.929962 -1.7601
9.2 2.52686 -0.949389 -1.7784
9.2 2.52686 -0.949389 -1.7784
9.25 2.52232 -0.96922 -1.79547
9.25 2.52232 -0.96922 -1.79547
9.3 2.51778 -0.989051 -1.81255
9.35 2.51244 -1.00928 -1.82845
9.35 2.51244 -1.00928 -1.82845
9.4 2.50711 -1.02951 -1.84436
9.4 2.50711 -1.02951 -1.84436
9.45 2.50098 -1.05013 -1.85916
9.45 2.50098 -1.05013 -1.85916
9.5 2.49486 -1.07076 -1.87396
9.5 2.49486 -1.07076 -1.87396
9.55 2.48796 -1.09177 -1.88774
9.55 2.48796 -1.09177 -1.88774
9.6 2.48107 -1.11278 -1.90151
9.6 2.48107 -1.11278 -1.90151
9.65 2.47341 -1.13417 -1.91431
9.65 2.47341 -1.13417 -1.91431
9.7 2.46575 -1.15556 -1.92712
9.75 2.45735 -1.17732 -1.93903
9.75 2.45735 -1.17732 -1.93903
9.8 2.44895 -1.19909 -1.95093
9.85 2.43982 -1.22121 -1.962
9.85 2.43982 -1.22121 -1.962
9.9 2.43069 -1.24334 -1.97307
9.9 2.43069 -1.24334 -1.97307
9.95 2.42084 -1.26583 -1.98336
9.95 2.42084 -1.26583 -1.98336
10 2.411 -1.28831 -1.99365
10 2.411 -1.28831 -1.99365
10.05 2.40045 -1.31114 -2.00322
10.05 2.40045 -1.31114 -2.00322
10.1 2.38991 -1.33398 -2.01278
10.1 2.38991 -1.33398 -2.01278
10.15 2.37869 -1.35715 -2.02168
10.2 2.36746 -1.38033 -2.03057
10.25 2.35558 -1.40383 -2.03883
10.3 2.34369 -1.42734 -2.0471
10.3 2.34369 -1.42734 -2.0471
10.35 2.33116 -1.45116 -2.05478
10.4 2.31863 -1.47499 -2.06247
10.4 2.31863 -1.47499 -2.06247
10.45 2.30548 -1.49913 -2.0696
10.45 2.30548 -1.49913 -2.0696
10.5 2.29233 -1.52327 -2.07674
10.5 2.29233 -1.52327 -2.07674
10.55 2.27857 -1.54771 -2.08338
10.55 2.27857 -1.54771 -2.08338
10.6 2.26481 -1.57215 -2.09001
10.6 2.26481 -1.57215 -2.09001
10.65 2.25047 -1.59688 -2.09617
10.65 2.25047 -1.59688 -2.09617
10.7 2.23613 -1.62161 -2.10233
10.7 2.23613 -1.62161 -2.10233
10.75 2.22123 -1.64663 -2.10805
10.8 2.20632 -1.67164 -2.11377
10.85 2.19088 -1.69693 -2.11907
10.85 2.19088 -1.69693 -2.11907
10.9 2.17543 -1.72221 -2.12437
10.9 2.17543 -1.72221 -2.12437
10.95 2.15947 -1.74775 -2.12928
10.95 2.15947 -1.74775 -2.12928
11 2.14351 -1.7733 -2.1342
11 2.14351 -1.7733 -2.1342
11.05 2.12705 -1.79909 -2.13874
11.05 2.12705 -1.79909 -2.13874
11.1 2.11059 -1.82488 -2.14329
11.1 2.11059 -1.82488 -2.14329
11.15 2.09365 -1.85091 -2.14749
11.15 2.09365 -1.85091 -2.14749
11.2 2.07672 -1.87694 -2.15169
11.2 2.07672 -1.87694 -2.15169
11.25 2.05934 -1.90319 -2.15557
11.3 2.04196 -1.92944 -2.15944
11.35 2.02415 -1.95591 -2.16301
11.35 2.02415 -1.95591 -2.16301
11.4 2.00634 -1.98238 -2.16657
11.4 2.00634 -1.98238 -2.16657
11.45 1.98813 -2.00904 -2.16984
11.5 1.96993 -2.03571 -2.17311
11.55 1.95134 -2.06256 -2.17611
11.55 1.95134 -2.06256 -2.17611
11.6 1.93276 -2.08942 -2.1791
11.6 1.93276 -2.08942 -2.1791
11.65 1.91382 -2.11644 -2.18182
11.65 1.91382 -2.11644 -2.18182
11.7 1.89489 -2.14347 -2.18454
11.7 1.89489 -2.14347 -2.18454
11.75 1.87563 -2.17067 -2.18701
11.75 1.87563 -2.17067 -2.18701
11.8 1.85637 -2.19786 -2.18948
11.8 1.85637 -2.19786 -2.18948
11.85 1.83681 -2.2252 -2.1917
11.85 1.83681 -2.2252 -2.1917
11.9 1.81725 -2.25254 -2.19393
11.9 1.81725 -2.25254 -2.19393
11.95 1.79742 -2.28002 -2.19591
11.95 1.79742 -2.28002 -2.19591
12 1.77759 -2.3075 -2.1979
12 1.77759 -2.3075 -2.1979
12.05 1.75751 -2.3351 -2.19965
12.05 1.75751 -2.3351 -2.19965
12.1 1.73744 -2.3627 -2.20141
12.1 1.73744 -2.3627 -2.20141
12.15 1.71714 -2.39041 -2.20294
12.15 1.71714 -2.39041 -2.20294
12.2 1.69684 -2.41812 -2.20448
12.25 1.67635 -2.44592 -2.20579
12.25 1.67635 -2.44592 -2.20579
12.3 1.65586 -2.47373 -2.20711
12.3 1.65586 -2.47373 -2.20711
12.35 1.63521 -2.50162 -2.20822
12.35 1.63521 -2.50162 -2.20822
12.4 1.61455 -2.52951 -2.20932
12.4 1.61455 -2.52951 -2.20932
12.45 1.59376 -2.55747 -2.21022
12.45 1.59376 -2.55747 -2.21022
12.5 1.57297 -2.58543 -2.21112
12.5 1.57297 -2.58543 -2.21112
12.55 1.55206 -2.61344 -2.21182
12.55 1.55206 -2.61344 -2.21182
12.6 1.53116 -2.64146 -2.21252
12.65 1.51017 -2.66951 -2.21301
12.65 1.51017 -2.66951 -2.21301
12.7 1.48919 -2.69757 -2.21351
12.7 1.48919 -2.69757 -2.21351
12.75 1.46814 -2.72565 -2.2138
12.75 1.46814 -2.72565 -2.2138
12.8 1.4471 -2.75373 -2.2141
12.85 1.42603 -2.78183 -2.2142
12.85 1.42603 -2.78183 -2.2142
12.9 1.40496 -2.80993 -2.2143
12.9 1.40496 -2.80993 -2.2143
12.95 1.38389 -2.83802 -2.2142
12.95 1.38389 -2.83802 -2.2142
13 1.36282 -2.86612 -2.2141
13 1.36282 -2.86612 -2.2141
13.05 1.34178 -2.8942 -2.2138
13.05 1.34178 -2.8942 -2.2138
13.1 1.32074 -2.92229 -2.21351
13.1 1.32074 -2.92229 -2.21351
13.15 1.29975 -2.95034 -2.21301
13.15 1.29975 -2.95034 -2.21301
13.2 1.27877 -2.9784 -2.21252
13.2 1.27877 -2.9784 -2.21252
13.25 1.25786 -3.00641 -2.21182
13.25 1.25786 -3.00641 -2.21182
13.3 1.23696 -3.03442 -2.21112
13.35 1.21617 -3.06238 -2.21022
13.35 1.21617 -3.06238 -2.21022
13.4 1.19537 -3.09034 -2.20932
13.4 1.19537 -3.09034 -2.20932
13.45 1.17472 -3.11823 -2.20822
13.5 1.15406 -3.14612 -2.20711
13.5 1.15406 -3.14612 -2.20711
13.55 1.13357 -3.17393 -2.20579
13.55 1.13357 -3.17393 -2.20579
13.6 1.11308 -3.20173 -2.20448
13.6 1.11308 -3.20173 -2.20448
13.65 1.09279 -3.22944 -2.20294
13.65 1.09279 -3.22944 -2.20294
13.7 1.07249 -3.25715 -2.20141
13.7 1.07249 -3.25715 -2.20141
13.75 1.05241 -3.28476 -2.19965
13.75 1.05241 -3.28476 -2.19965
13.8 1.03234 -3.31236 -2.1979
13.8 1.03234 -3.31236 -2.1979
13.85 1.0125 -3.33983 -2.19591
13.85 1.0125 -3.33983 -2.19591
13.9 0.992673 -3.36731 -2.19393
13.9 0.992673 -3.36731 -2.19393
13.95 0.973115 -3.39465 -2.1917
13.95 0.973115 -3.39465 -2.1917
14 0.953556 -3.42199 -2.18948
14 0.953556 -3.42199 -2.18948
14.05 0.934297 -3.44919 -2.18701
14.05 0.934297 -3.44919 -2.18701
14.1 0.915037 -3.47638 -2.18454
14.1 0.915037 -3.47638 -2.18454
14.15 0.896103 -3.50341 -2.18182
14.15 0.896103 -3.50341 -2.18182
14.2 0.877168 -3.53044 -2.1791
14.2 0.877168 -3.53044 -2.1791
14.25 0.858585 -3.55729 -2.17611
14.3 0.840001 -3.58414 -2.17311
14.3 0.840001 -3.58414 -2.17311
14.35 0.821792 -3.61081 -2.16984
14.35 0.821792 -3.61081 -2.16984
14.4 0.803585 -3.63748 -2.16657
14.4 0.803585 -3.63748 -2.16657
14.45 0.785777 -3.66394 -2.16301
14.5 0.76797 -3.69041 -2.15944
14.5 0.76797 -3.69041 -2.15944
14.55 0.750588 -3.71666 -2.15557
14.55 0.750588 -3.71666 -2.15557
14.6 0.733206 -3.74291 -2.15169
14.65 0.716273 -3.76894 -2.14749
14.7 0.69934 -3.79497 -2.14329
14.7 0.69934 -3.79497 -2.14329
14.75 0.68288 -3.82076 -2.13874
14.8 0.666421 -3.84655 -2.1342
14.8 0.666421 -3.84655 -2.1342
14.85 0.650457 -3.8721 -2.12928
14.85 0.650457 -3.8721 -2.12928
14.9 0.634493 -3.89764 -2.12437
14.9 0.634493 -3.89764 -2.12437
14.95 0.619049 -3.92293 -2.11907
14.95 0.619049 -3.92293 -2.11907
15 0.603604 -3.94821 -2.11377
15 0.603604 -3.94821 -2.11377
15.05 0.5887 -3.97323 -2.10805
15.05 0.5887 -3.97323 -2.10805
15.1 0.573796 -3.99824 -2.10233
15.1 0.573796 -3.99824 -2.10233
15.15 0.559455 -4.02297 -2.09617
15.15 0.559455 -4.02297 -2.09617
15.2 0.545114 -4.0477 -2.09001
15.25 0.531356 -4.07214 -2.08338
15.3 0.517599 -4.09659 -2.07674
15.3 0.517599 -4.09659 -2.07674
15.35 0.504446 -4.12072 -2.0696
15.35 0.504446 -4.12072 -2.0696
15.4 0.491293 -4.14486 -2.06247
15.4 0.491293 -4.14486 -2.06247
15.45 0.478764 -4.16869 -2.05478
15.45 0.478764 -4.16869 -2.05478
15.5 0.466235 -4.19252 -2.0471
15.5 0.466235 -4.19252 -2.0471
15.55 0.454349 -4.21602 -2.03883
15.55 0.454349 -4.21602 -2.03883
15.6 0.442463 -4.23953 -2.03057
15.6 0.442463 -4.23953 -2.03057
15.65 0.43124 -4.2627 -2.02168
15.65 0.43124 -4.2627 -2.02168
15.7 0.420017 -4.28587 -2.01278
15.7 0.420017 -4.28587 -2.01278
15.75 0.409473 -4.30871 -2.00322
15.75 0.409473 -4.30871 -2.00322
15.8 0.39893 -4.33154 -1.99365
15.8 0.39893 -4.33154 -1.99365
15.85 0.389084 -4.35403 -1.98336
15.85 0.389084 -4.35403 -1.98336
15.9 0.379238 -4.37651 -1.97307
15.9 0.379238 -4.37651 -1.97307
15.95 0.370107 -4.39864 -1.962
15.95 0.370107 -4.39864 -1.962
16 0.360975 -4.42077 -1.95093
16 0.360975 -4.42077 -1.95093
16.05 0.352573 -4.44253 -1.93903
16.1 0.344171 -4.46429 -1.92712
16.1 0.344171 -4.46429 -1.92712
16.15 0.336515 -4.48568 -1.91431
16.15 0.336515 -4.48568 -1.91431
16.2 0.328858 -4.50707 -1.90151
16.2 0.328858 -4.50707 -1.90151
16.25 0.321962 -4.52808 -1.88774
16.25 0.321962 -4.52808 -1.88774
16.3 0.315065 -4.54909 -1.87396
16.35 0.308942 -4.56972 -1.85916
16.35 0.308942 -4.56972 -1.85916
16.4 0.302819 -4.59034 -1.84436
16.4 0.302819 -4.59034 -1.84436
16.45 0.297482 -4.61057 -1.82845
16.45 0.297482 -4.61057 -1.82845
16.5 0.292146 -4.6308 -1.81255
16.55 0.287608 -4.65063 -1.79547
16.55 0.287608 -4.65063 -1.79547
16.6 0.28307 -4.67046 -1.7784
16.6 0.28307 -4.67046 -1.7784
16.65 0.279342 -4.68989 -1.7601
16.65 0.279342 -4.68989 -1.7601
16.7 0.275614 -4.70932 -1.74179
16.7 0.275614 -4.70932 -1.74179
16.75 0.272707 -4.72833 -1.72219
16.75 0.272707 -4.72833 -1.72219
16.8 0.2698 -4.74735 -1.7026
16.85 0.267723 -4.76595 -1.68166
16.85 0.267723 -4.76595 -1.68166
16.9 0.265647 -4.78455 -1.66072
16.9 0.265647 -4.78455 -1.66072
16.95 0.264409 -4.80273 -1.63841
17 0.263172 -4.82091 -1.6161
17.05 0.262783 -4.83866 -1.5924
17.05 0.262783 -4.83866 -1.5924
17.1 0.262393 -4.85642 -1.5687
17.1 0.262393 -4.85642 -1.5687
17.15 0.262859 -4.87375 -1.54362
17.15 0.262859 -4.87375 -1.54362
17.2 0.263324 -4.89108 -1.51854
17.2 0.263324 -4.89108 -1.51854
17.25 0.264651 -4.90798 -1.49213
17.25 0.264651 -4.90798 -1.49213
17.3 0.265978 -4.92488 -1.46571
17.3 0.265978 -4.92488 -1.46571
17.35 0.268172 -4.94134 -1.43804
17.4 0.270366 -4.95781 -1.41037
17.45 0.273431 -4.97384 -1.38156
17.5 0.276497 -4.98987 -1.35275
17.5 0.276497 -4.98987 -1.35275
17.55 0.280439 -5.00546 -1.32297
17.55 0.280439 -5.00546 -1.32297
17.6 0.28438 -5.02105 -1.29319
17.6 0.28438 -5.02105 -1.29319
17.65 0.2892 -5.0362 -1.26263
17.65 0.2892 -5.0362 -1.26263
17.7 0.294021 -5.05135 -1.23208
17.7 0.294021 -5.05135 -1.23208
17.75 0.299722 -5.06606 -1.20098
17.75 0.299722 -5.06606 -1.20098
17.8 0.305423 -5.08078 -1.16989
17.8 0.305423 -5.08078 -1.16989
17.85 0.312007 -5.09505 -1.13852
17.85 0.312007 -5.09505 -1.13852
17.9 0.31859 -5.10932 -1.10715
17.9 0.31859 -5.10932 -1.10715
17.95 0.326056 -5.12315 -1.07578
17.95 0.326056 -5.12315 -1.07578
18 0.333522 -5.13697 -1.04441
18.05 0.341871 -5.15036 -1.01332
18.05 0.341871 -5.15036 -1.01332
18.1 0.350219 -5.16375 -0.982221
18.1 0.350219 -5.16375 -0.982221
18.15 0.359448 -5.1767 -0.951665
18.15 0.359448 -5.1767 -0.951665
18.2 0.368678 -5.18964 -0.921108
18.2 0.368678 -5.18964 -0.921108
18.25 0.378786 -5.20215 -0.891326
18.25 0.378786 -5.20215 -0.891326
18.3 0.388894 -5.21466 -0.861543
18.3 0.388894 -5.21466 -0.861543
18.35 0.399878 -5.22673 -0.832735
18.35 0.399878 -5.22673 -0.832735
18.4 0.410862 -5.2388 -0.803928
18.4 0.410862 -5.2388 -0.803928
18.45 0.422718 -5.25043 -0.776257
18.45 0.422718 -5.25043 -0.776257
18.5 0.434573 -5.26207 -0.748586
18.5 0.434573 -5.26207 -0.748586
18.55 0.447296 -5.27327 -0.722172
18.55 0.447296 -5.27327 -0.722172
18.6 0.460019 -5.28447 -0.695757
18.6 0.460019 -5.28447 -0.695757
18.65 0.473603 -5.29524 -0.670679
18.65 0.473603 -5.29524 -0.670679
18.7 0.487187 -5.30601 -0.645599
18.7 0.487187 -5.30601 -0.645599
18.75 0.501626 -5.31635 -0.621899
18.75 0.501626 -5.31635 -0.621899
18.8 0.516065 -5.32669 -0.598198
18.8 0.516065 -5.32669 -0.598198
18.85 0.531352 -5.33661 -0.575886
18.85 0.531352 -5.33661 -0.575886
18.9 0.546639 -5.34653 -0.553575
18.9 0.546639 -5.34653 -0.553575
18.95 0.562766 -5.35603 -0.532637
18.95 0.562766 -5.35603 -0.532637
19 0.578892 -5.36553 -0.5117
19 0.578892 -5.36553 -0.5117
19.05 0.595848 -5.37461 -0.492104
19.05 0.595848 -5.37461 -0.492104
19.1 0.612805 -5.3837 -0.472506
19.1 0.612805 -5.3837 -0.472506
19.15 0.630583 -5.39237 -0.454201
19.15 0.630583 -5.39237 -0.454201
19.2 0.64836 -5.40104 -0.435895
19.2 0.64836 -5.40104 -0.435895
19.25 0.666948 -5.40931 -0.418823
19.3 0.685535 -5.41758 -0.401751
19.3 0.685535 -5.41758 -0.401751
19.35 0.704922 -5.42545 -0.385846
19.35 0.704922 -5.42545 -0.385846
19.4 0.724308 -5.43332 -0.369942
19.4 0.724308 -5.43332 -0.369942
19.45 0.744481 -5.44079 -0.355138
19.45 0.744481 -5.44079 -0.355138
19.5 0.764653 -5.44827 -0.340334
19.5 0.764653 -5.44827 -0.340334
19.55 0.785599 -5.45536 -0.326562
19.55 0.785599 -5.45536 -0.326562
19.6 0.806546 -5.46245 -0.31279
19.6 0.806546 -5.46245 -0.31279
19.65 0.828252 -5.46916 -0.299984
19.7 0.849958 -5.47587 -0.287177
19.7 0.849958 -5.47587 -0.287177
19.75 0.872409 -5.4822 -0.27527
19.75 0.872409 -5.4822 -0.27527
19.8 0.89486 -5.48854 -0.263363
19.8 0.89486 -5.48854 -0.263363
19.85 0.918042 -5.49451 -0.252293
19.85 0.918042 -5.49451 -0.252293
19.9 0.941223 -5.50048 -0.241224
19.9 0.941223 -5.50048 -0.241224
19.95 0.965119 -5.5061 -0.230934
19.95 0.965119 -5.5061 -0.230934
20 0.989014 -5.51171 -0.220644
20 0.989014 -5.51171 -0.220644
20.05 1.01361 -5.51697 -0.211079
20.05 1.01361 -5.51697 -0.211079
20.1 1.0382 -5.52224 -0.201513
20.1 1.0382 -5.52224 -0.201513
20.15 1.06347 -5.52717 -0.192621
20.2 1.08875 -5.53209 -0.183729
20.2 1.08875 -5.53209 -0.183729
20.25 1.11468 -5.53669 -0.175463
20.25 1.11468 -5.53669 -0.175463
20.3 1.14062 -5.54128 -0.167198
20.3 1.14062 -5.54128 -0.167198
20.35 1.1672 -5.54555 -0.159515
20.35 1.1672 -5.54555 -0.159515
20.4 1.19377 -5.54983 -0.151832
20.4 1.19377 -5.54983 -0.151832
20.45 1.22098 -5.55379 -0.144692
20.45 1.22098 -5.55379 -0.144692
20.5 1.24818 -5.55775 -0.137553
20.5 1.24818 -5.55775 -0.137553
20.55 1.27599 -5.56141 -0.13092
20.6 1.30379 -5.56506 -0.124287
20.65 1.33218 -5.56843 -0.118127
20.65 1.33218 -5.56843 -0.118127
20.7 1.36058 -5.5718 -0.111967
20.7 1.36058 -5.5718 -0.111967
20.75 1.38953 -5.57488 -0.106249
20.75 1.38953 -5.57488 -0.106249
20.8 1.41848 -5.57797 -0.100532
20.8 1.41848 -5.57797 -0.100532
20.85 1.44798 -5.58078 -0.0952293
20.85 1.44798 -5.58078 -0.0952293
20.9 1.47747 -5.5836 -0.0899268
20.9 1.47747 -5.5836 -0.0899268
20.95 1.50748 -5.58615 -0.0850136
21 1.5375 -5.58871 -0.0801005
21.05 1.56801 -5.59102 -0.0755539
21.05 1.56801 -5.59102 -0.0755539
21.1 1.59852 -5.59332 -0.0710072
21.1 1.59852 -5.59332 -0.0710072
21.15 1.6295 -5.59539 -0.0668061
21.15 1.6295 -5.59539 -0.0668061
21.2 1.66048 -5.59746 -0.0626049
21.2 1.66048 -5.59746 -0.0626049
21.25 1.69191 -5.59931 -0.0587305
21.3 1.72334 -5.60116 -0.054856
21.35 1.7552 -5.60279 -0.0512908
21.35 1.7552 -5.60279 -0.0512908
21.4 1.78706 -5.60442 -0.0477258
21.4 1.78706 -5.60442 -0.0477258
21.45 1.81932 -5.60586 -0.0444545
21.45 1.81932 -5.60586 -0.0444545
21.5 1.85157 -5.60729 -0.0411833
21.5 1.85157 -5.60729 -0.0411833
21.55 1.88421 -5.60854 -0.038192
21.55 1.88421 -5.60854 -0.038192
21.6 1.91684 -5.60978 -0.0352006
21.6 1.91684 -5.60978 -0.0352006
21.65 1.94982 -5.61085 -0.0324766
21.65 1.94982 -5.61085 -0.0324766
21.7 1.98281 -5.61192 -0.0297525
21.7 1.98281 -5.61192 -0.0297525
21.75 2.01612 -5.61283 -0.0272846
21.75 2.01612 -5.61283 -0.0272846
21.8 2.04943 -5.61374 -0.0248166
21.85 2.08304 -5.61449 -0.0225944
21.85 2.08304 -5.61449 -0.0225944
21.9 2.11664 -5.61525 -0.0203724
21.9 2.11664 -5.61525 -0.0203724
21.95 2.15052 -5.61587 -0.0183872
21.95 2.15052 -5.61587 -0.0183872
22 2.1844 -5.6165 -0.0164021
22.05 2.21853 -5.61699 -0.0146461
22.05 2.21853 -5.61699 -0.0146461
22.1 2.25266 -5.61749 -0.01289
22.15 2.28701 -5.61788 -0.0113561
22.15 2.28701 -5.61788 -0.0113561
22.2 2.32135 -5.61827 -0.00982221
22.25 2.35589 -5.61856 -0.00850452
22.25 2.35589 -5.61856 -0.00850452
22.3 2.39043 -5.61886 -0.00718684
22.35 2.42513 -5.61906 -0.00608021
22.35 2.42513 -5.61906 -0.00608021
22.4 2.45984 -5.61927 -0.00497362
22.4 2.45984 -5.61927 -0.00497362
22.45 2.49468 -5.61942 -0.00407386
22.45 2.49468 -5.61942 -0.00407386
22.5 2.52952 -5.61956 -0.00317413
22.5 2.52952 -5.61956 -0.00317413
22.55 2.56448 -5.61964 -0.00247785
22.55 2.56448 -5.61964 -0.00247785
22.6 2.59943 -5.61973 -0.00178153
22.65 2.63447 -5.61977 -0.00128605
22.65 2.63447 -5.61977 -0.00128605
22.7 2.6695 -5.61981 -0.000790552
22.7 2.6695 -5.61981 -0.000790552
22.75 2.7046 -5.61983 -0.000494006
22.75 2.7046 -5.61983 -0.000494006
22.8 2.73969 -5.61985 -0.000197459
22.8 2.73969 -5.61985 -0.000197459
