3 0.00129755 0.000117603 0.000240143
3.05 0.00573173 0.000155237 0.000250253
3.1 0.0125903 0.000105291 0.000223472
3.15 0.0215719 5.89202e-06 0.000232585
3.2 0.0325969 -1.75074e-05 0.00037581
3.25 0.0454544 -3.24679e-05 0.000475029
3.3 0.0600552 -5.07798e-05 0.000535968
3.35 0.0761614 -8.96811e-05 0.000638521
3.4 0.0937114 -0.0001936 0.000950251
3.45 0.112683 -0.000321841 0.00140188
3.5 0.1328 -0.000560231 0.00223917
3.55 0.153743 -0.00096541 0.00423428
3.6 0.175395 -0.0015118 0.00876442
3.65 0.197292 -0.00210632 0.0164804
3.7 0.219531 -0.00237088 0.0278193
3.75 0.241808 -0.00241975 0.0412582
3.8 0.26438 -0.00229951 0.057391
3.85 0.287485 -0.00199612 0.0765861
3.9 0.31064 -0.00122334 0.0966192
3.95 0.333846 7.53122e-05 0.117986
4 0.357099 0.00181522 0.140926
4.05 0.380334 0.00431894 0.16457
4.1 0.403764 0.00731444 0.188765
4.15 0.427202 0.0109982 0.212564
4.2 0.45088 0.0153821 0.23574
4.25 0.474675 0.0203557 0.257754
4.3 0.498685 0.0260032 0.278734
4.35 0.524629 0.0338247 0.287508
4.4 0.552922 0.0426974 0.28147
4.45 0.583117 0.0523439 0.261993
4.5 0.615018 0.0622666 0.230565
4.55 0.648674 0.0710445 0.193517
4.6 0.682636 0.0786738 0.155102
4.65 0.716706 0.0851488 0.116273
4.7 0.750918 0.0903019 0.078257
4.75 0.785006 0.0940401 0.041461
4.8 0.818978 0.0964134 0.00627333
4.85 0.852792 0.0976003 -0.0278003
4.9 0.886556 0.0976091 -0.0598775
4.95 0.919905 0.0964902 -0.0901862
5 0.952907 0.0943116 -0.118428
5.05 0.985761 0.0911778 -0.144065
5.1 1.01816 0.087124 -0.166366
5.15 1.05015 0.0823301 -0.186479
5.2 1.08184 0.0768735 -0.204289
5.25 1.1131 0.0708448 -0.219944
5.3 1.14393 0.0643355 -0.232597
5.35 1.17442 0.0574112 -0.243147
5.4 1.20456 0.0502102 -0.251338
5.45 1.23432 0.0427331 -0.257051
5.5 1.26378 0.0351227 -0.260758
5.55 1.29298 0.0273894 -0.26256
5.6 1.32181 0.0196493 -0.262237
5.65 1.35038 0.0118791 -0.260096
5.7 1.3787 0.00422313 -0.256657
5.75 1.40679 -0.00325291 -0.251998
5.8 1.43466 -0.0106674 -0.24617
5.85 1.46222 -0.0178422 -0.239609
5.9 1.48947 -0.0247954 -0.232118
5.95 1.51642 -0.031428 -0.223947
6 1.5433 -0.0378021 -0.215772
6.05 1.56983 -0.0438709 -0.207315
6.1 1.59614 -0.0496917 -0.198739
6.15 1.62218 -0.0551875 -0.190261
6.2 1.64806 -0.0604555 -0.182571
6.25 1.67369 -0.0653745 -0.175509
6.3 1.69911 -0.0700747 -0.168981
6.35 1.72433 -0.0745742 -0.163099
6.4 1.7493 -0.0788607 -0.158227
6.45 1.77395 -0.0829261 -0.154435
6.5 1.79832 -0.0867937 -0.1517
6.55 1.82246 -0.0905103 -0.150533
6.6 1.84629 -0.0941217 -0.150806
6.65 1.8698 -0.0976097 -0.152572
6.7 1.89299 -0.101085 -0.15549
6.75 1.91602 -0.104594 -0.159972
6.8 1.93866 -0.108022 -0.166178
6.85 1.96106 -0.111544 -0.173555
6.9 1.98323 -0.115152 -0.182381
6.95 2.00505 -0.118809 -0.192761
7 2.02655 -0.122615 -0.204791
7.05 2.04781 -0.126529 -0.218058
7.1 2.06881 -0.130618 -0.233243
7.15 2.08964 -0.134951 -0.249354
7.2 2.11013 -0.139539 -0.266815
7.25 2.13031 -0.144394 -0.285518
7.3 2.15024 -0.149493 -0.305634
7.35 2.16985 -0.154915 -0.326467
7.4 2.18917 -0.160692 -0.348658
7.45 2.20827 -0.16678 -0.371486
7.5 2.22691 -0.173136 -0.395536
7.55 2.24544 -0.179877 -0.421395
7.6 2.26347 -0.186968 -0.448049
7.65 2.28125 -0.194475 -0.474725
7.7 2.29868 -0.202352 -0.50223
7.75 2.31592 -0.210706 -0.530701
7.8 2.33285 -0.219527 -0.559241
7.85 2.34924 -0.228517 -0.588887
7.9 2.36534 -0.237975 -0.619131
7.95 2.38098 -0.24778 -0.648661
8 2.39617 -0.257937 -0.679489
8.05 2.41107 -0.268536 -0.710425
8.1 2.42552 -0.279525 -0.742311
8.15 2.43955 -0.290873 -0.774418
8.2 2.45334 -0.302763 -0.806215
8.25 2.4668 -0.315207 -0.837026
8.3 2.47963 -0.327678 -0.870234
8.35 2.49205 -0.340473 -0.904175
8.4 2.50408 -0.35372 -0.938257
8.45 2.51565 -0.367334 -0.97293
8.5 2.52678 -0.38144 -1.00712
8.55 2.53737 -0.39587 -1.04147
8.6 2.54751 -0.410773 -1.07613
8.65 2.55711 -0.426002 -1.11098
8.7 2.56629 -0.441626 -1.14588
8.75 2.57488 -0.457709 -1.17942
8.8 2.58297 -0.474087 -1.21368
8.85 2.59047 -0.490591 -1.24808
8.9 2.59744 -0.507531 -1.28237
8.95 2.60386 -0.524805 -1.31625
9 2.60965 -0.542456 -1.34977
9.05 2.61484 -0.560293 -1.38271
9.1 2.61941 -0.578583 -1.41444
9.15 2.62337 -0.596968 -1.44599
9.2 2.62682 -0.615629 -1.47686
9.25 2.62966 -0.634601 -1.50689
9.3 2.63192 -0.653689 -1.53634
9.35 2.6336 -0.672988 -1.56509
9.4 2.6347 -0.692497 -1.59288
9.45 2.63522 -0.7124 -1.62024
9.5 2.63514 -0.732288 -1.64642
9.55 2.63446 -0.752334 -1.67127
9.6 2.63325 -0.772444 -1.69546
9.65 2.63154 -0.792754 -1.7184
9.7 2.62928 -0.813235 -1.74008
9.75 2.62649 -0.833787 -1.76099
9.8 2.62322 -0.854508 -1.78087
9.85 2.61942 -0.875322 -1.79941
9.9 2.6152 -0.896298 -1.81691
9.95 2.61041 -0.917435 -1.83336
10 2.60526 -0.938697 -1.84868
10.05 2.59972 -0.960067 -1.86321
10.1 2.59379 -0.981586 -1.87719
10.15 2.58739 -1.0032 -1.8899
10.2 2.58063 -1.02494 -1.9019
10.25 2.57351 -1.04684 -1.91312
10.3 2.56601 -1.06888 -1.9234
10.35 2.55819 -1.09109 -1.93271
10.4 2.55006 -1.11342 -1.94153
10.45 2.5416 -1.13593 -1.94978
10.5 2.53287 -1.15854 -1.95781
10.55 2.52385 -1.18131 -1.96539
10.6 2.51453 -1.20431 -1.97234
10.65 2.50494 -1.22745 -1.97884
10.7 2.49508 -1.25075 -1.98491
10.75 2.48496 -1.27424 -1.99087
10.8 2.47458 -1.29789 -1.99656
10.85 2.46398 -1.32171 -2.0021
10.9 2.45314 -1.34569 -2.00737
10.95 2.44201 -1.36992 -2.012
11 2.43069 -1.39422 -2.01671
11.05 2.41928 -1.41844 -2.02124
11.1 2.40747 -1.44321 -2.02591
11.15 2.39544 -1.46812 -2.0304
11.2 2.38317 -1.49314 -2.03478
11.25 2.37067 -1.51842 -2.03923
11.3 2.35798 -1.54381 -2.0437
11.35 2.34508 -1.56936 -2.04802
11.4 2.33195 -1.59509 -2.05236
11.45 2.31859 -1.62096 -2.0565
11.5 2.30499 -1.64699 -2.06063
11.55 2.29122 -1.67308 -2.06474
11.6 2.27717 -1.69943 -2.06883
11.65 2.26292 -1.7259 -2.07292
11.7 2.24846 -1.75249 -2.07722
11.75 2.23377 -1.77924 -2.08119
11.8 2.21894 -1.806 -2.08525
11.85 2.20384 -1.83296 -2.08913
11.9 2.18856 -1.86 -2.09315
11.95 2.17304 -1.8872 -2.09708
12 2.15734 -1.91449 -2.10104
12.05 2.14145 -1.94188 -2.10509
12.1 2.12532 -1.96936 -2.1089
12.15 2.10895 -1.99701 -2.11246
12.2 2.0924 -2.02471 -2.11596
12.25 2.07568 -2.05247 -2.11931
12.3 2.0588 -2.08031 -2.12257
12.35 2.04176 -2.10819 -2.12565
12.4 2.02456 -2.13613 -2.12861
12.45 2.00722 -2.16412 -2.13142
12.5 1.98967 -2.19222 -2.13417
12.55 1.97196 -2.2204 -2.13669
12.6 1.95412 -2.2486 -2.13919
12.65 1.93615 -2.27686 -2.14153
12.7 1.91805 -2.3052 -2.14384
12.75 1.8998 -2.33359 -2.14598
12.8 1.88146 -2.36198 -2.14784
12.85 1.863 -2.39042 -2.14938
12.9 1.84441 -2.41898 -2.15111
12.95 1.82574 -2.44752 -2.15267
13 1.807 -2.47608 -2.15392
13.05 1.78818 -2.50466 -2.15502
13.1 1.76928 -2.53331 -2.1558
13.15 1.75038 -2.56194 -2.15632
13.2 1.73137 -2.59064 -2.15684
13.25 1.71231 -2.61939 -2.15743
13.3 1.69328 -2.64806 -2.15784
13.35 1.67411 -2.67689 -2.15813
13.4 1.65496 -2.70564 -2.15837
13.45 1.6358 -2.73441 -2.15849
13.5 1.61663 -2.76321 -2.15849
13.55 1.59744 -2.79199 -2.15839
13.6 1.57829 -2.82074 -2.15819
13.65 1.55912 -2.84952 -2.15788
13.7 1.53997 -2.87828 -2.15737
13.75 1.52086 -2.90705 -2.15677
13.8 1.50177 -2.93585 -2.1564
13.85 1.48268 -2.96459 -2.15585
13.9 1.46365 -2.99329 -2.15505
13.95 1.44467 -3.02198 -2.15403
14 1.42569 -3.05071 -2.15293
14.05 1.40681 -3.07935 -2.15204
14.1 1.38801 -3.10791 -2.15094
14.15 1.36927 -3.13642 -2.14969
14.2 1.35057 -3.16492 -2.14829
14.25 1.33196 -3.19342 -2.14683
14.3 1.31249 -3.2234 -2.14566
14.35 1.29363 -3.2524 -2.14418
14.4 1.27545 -3.28048 -2.14247
14.45 1.2573 -3.30853 -2.14054
14.5 1.23929 -3.33652 -2.13857
14.55 1.22141 -3.36449 -2.13642
14.6 1.20361 -3.39238 -2.13405
14.65 1.18598 -3.4202 -2.1319
14.7 1.16847 -3.44796 -2.12965
14.75 1.15105 -3.47566 -2.12729
14.8 1.13384 -3.5032 -2.12471
14.85 1.11674 -3.53072 -2.12199
14.9 1.0998 -3.55811 -2.11935
14.95 1.08298 -3.58542 -2.11641
15 1.06634 -3.61264 -2.11333
15.05 1.04988 -3.6398 -2.11032
15.1 1.03363 -3.66677 -2.10714
15.15 1.01751 -3.69365 -2.10404
15.2 1.00158 -3.72048 -2.10074
15.25 0.98584 -3.74714 -2.09734
15.3 0.970286 -3.77372 -2.09367
15.35 0.954938 -3.80012 -2.08979
15.4 0.939804 -3.82641 -2.08571
15.45 0.924849 -3.85256 -2.08188
15.5 0.910146 -3.87856 -2.07771
15.55 0.895616 -3.90443 -2.07346
15.6 0.881342 -3.93009 -2.06889
15.65 0.86724 -3.9557 -2.06422
15.7 0.853355 -3.98118 -2.05962
15.75 0.839758 -4.00649 -2.05464
15.8 0.82631 -4.03163 -2.04945
15.85 0.813144 -4.05665 -2.04395
15.9 0.80022 -4.08149 -2.03824
15.95 0.78751 -4.10621 -2.03232
16 0.7751 -4.13071 -2.02629
16.05 0.762906 -4.15512 -2.02007
16.1 0.750999 -4.17933 -2.01358
16.15 0.739328 -4.20343 -2.00681
16.2 0.727906 -4.22734 -1.99998
16.25 0.71679 -4.25104 -1.99253
16.3 0.705986 -4.27456 -1.98497
16.35 0.695425 -4.29793 -1.97714
16.4 0.68519 -4.32109 -1.9692
16.45 0.675207 -4.34409 -1.96073
16.5 0.665519 -4.36693 -1.95203
16.55 0.656132 -4.38958 -1.943
16.6 0.646998 -4.41207 -1.93384
16.65 0.638172 -4.43438 -1.92444
16.7 0.629648 -4.45654 -1.91471
16.75 0.621416 -4.47852 -1.90431
16.8 0.613503 -4.50028 -1.89347
16.85 0.605883 -4.52186 -1.88206
16.9 0.598565 -4.5433 -1.87067
16.95 0.591527 -4.56459 -1.85852
17 0.584896 -4.58563 -1.846
17.05 0.578544 -4.60652 -1.83298
17.1 0.572451 -4.62733 -1.81903
17.15 0.566704 -4.64792 -1.80455
17.2 0.561314 -4.66828 -1.78974
17.25 0.556204 -4.68862 -1.775
17.3 0.55145 -4.70885 -1.75933
17.35 0.547064 -4.72878 -1.74319
17.4 0.543021 -4.74861 -1.7267
17.45 0.53931 -4.76832 -1.70918
17.5 0.535891 -4.78792 -1.69019
17.55 0.532868 -4.80728 -1.67087
17.6 0.530244 -4.8265 -1.65166
17.65 0.527972 -4.84567 -1.63126
17.7 0.526059 -4.8648 -1.6093
17.75 0.524514 -4.88372 -1.58717
17.8 0.523308 -4.90233 -1.56322
17.85 0.522575 -4.92062 -1.53904
17.9 0.522251 -4.93877 -1.51375
17.95 0.522349 -4.95682 -1.48832
18 0.522938 -4.97486 -1.46234
18.05 0.523943 -4.9927 -1.43524
18.1 0.525318 -5.01033 -1.40662
18.15 0.527162 -5.02787 -1.37697
18.2 0.529473 -5.04526 -1.34653
18.25 0.532248 -5.06256 -1.31565
18.3 0.53555 -5.07974 -1.28379
18.35 0.539381 -5.09683 -1.25157
18.4 0.543737 -5.11376 -1.21812
18.45 0.548631 -5.13064 -1.18417
18.5 0.554051 -5.14739 -1.14973
18.55 0.56009 -5.16385 -1.11453
18.6 0.56668 -5.18016 -1.07875
18.65 0.573894 -5.1963 -1.04268
18.7 0.581758 -5.21235 -1.00545
18.75 0.590139 -5.22814 -0.968364
18.8 0.599251 -5.24369 -0.931563
18.85 0.609036 -5.25907 -0.894714
18.9 0.619434 -5.27411 -0.858079
18.95 0.630568 -5.28892 -0.822329
19 0.642256 -5.30329 -0.786988
19.05 0.654543 -5.31739 -0.751641
19.1 0.667527 -5.33118 -0.716355
19.15 0.681278 -5.34477 -0.681731
19.2 0.695541 -5.35784 -0.647707
19.25 0.71035 -5.3705 -0.614015
19.3 0.725611 -5.38265 -0.581764
19.35 0.741403 -5.39439 -0.549972
19.4 0.757622 -5.40562 -0.519369
19.45 0.774513 -5.41644 -0.48947
19.5 0.791794 -5.4268 -0.460689
19.55 0.809635 -5.43668 -0.433154
19.6 0.827889 -5.44614 -0.406448
19.65 0.846385 -5.45504 -0.381312
19.7 0.865432 -5.46359 -0.357334
19.75 0.884885 -5.4717 -0.333804
19.8 0.90473 -5.47939 -0.311759
19.85 0.924833 -5.48665 -0.291301
19.9 0.945412 -5.49356 -0.271854
19.95 0.966231 -5.49998 -0.2541
20 0.987529 -5.50609 -0.237417
20.05 1.00907 -5.51183 -0.222194
20.1 1.03098 -5.51728 -0.207894
20.15 1.05316 -5.5224 -0.194382
20.2 1.07556 -5.52728 -0.181456
20.25 1.09824 -5.53185 -0.169419
20.3 1.12139 -5.53618 -0.158676
20.35 1.14469 -5.54024 -0.148566
20.4 1.1683 -5.54411 -0.139207
20.45 1.1921 -5.54771 -0.131171
20.5 1.21624 -5.55113 -0.123357
20.55 1.2407 -5.55435 -0.116063
20.6 1.26539 -5.55748 -0.109125
20.65 1.29039 -5.56038 -0.103168
20.7 1.31564 -5.56319 -0.097422
20.75 1.3411 -5.56582 -0.0921494
20.8 1.36691 -5.56838 -0.0871712
20.85 1.39293 -5.57081 -0.0822821
20.9 1.41925 -5.57311 -0.077827
20.95 1.44583 -5.57531 -0.0735043
21 1.47262 -5.57737 -0.0692834
21.05 1.49976 -5.57941 -0.0652607
21.1 1.52706 -5.58132 -0.0611662
21.15 1.55471 -5.58313 -0.0573933
21.2 1.5826 -5.58482 -0.05374
21.25 1.61073 -5.58643 -0.0498422
21.3 1.63915 -5.58799 -0.0461036
21.35 1.66781 -5.58941 -0.0422042
21.4 1.69673 -5.59077 -0.0382243
21.45 1.72588 -5.59202 -0.0341319
21.5 1.75516 -5.59312 -0.0300938
21.55 1.78474 -5.59412 -0.0261344
21.6 1.81462 -5.59499 -0.0221357
21.65 1.8446 -5.59579 -0.0180558
21.7 1.87481 -5.59648 -0.0139398
21.75 1.90519 -5.59704 -0.00989271
21.8 1.93592 -5.59745 -0.00580247
21.85 1.96672 -5.59772 -0.00149291
21.9 1.99781 -5.59786 0.00248074
21.95 2.02917 -5.5979 0.00643437
22 2.0607 -5.59781 0.0104182
22.05 2.09247 -5.59759 0.0142157
22.1 2.12437 -5.59725 0.0182694
22.15 2.15644 -5.59678 0.0220169
22.2 2.18866 -5.59618 0.0256642
22.25 2.22099 -5.59547 0.0294973
22.3 2.25354 -5.59459 0.0333425
22.35 2.28626 -5.59363 0.0369246
22.4 2.31907 -5.5925 0.040315
22.45 2.35202 -5.59124 0.0435317
22.5 2.38511 -5.58988 0.046743
22.55 2.41832 -5.58844 0.0496636
22.6 2.45165 -5.58681 0.0524371
22.65 2.48502 -5.5852 0.0549916
22.7 2.51865 -5.5834 0.0574875
22.75 2.55227 -5.58152 0.0597678
22.8 2.586 -5.57956 0.0618121
22.85 2.61981 -5.57747 0.0637386
22.9 2.65153 -5.57536 0.0654963
22.95 2.67918 -5.5737 0.0674648
23 2.70254 -5.57228 0.0697326
23.05 2.72252 -5.57087 0.0720297
23.1 2.73875 -5.56966 0.0747261
23.15 2.75123 -5.56888 0.0774778
23.2 2.75988 -5.56833 0.0803173
23.25 2.76468 -5.56809 0.0833882
23.3 2.76592 -5.56808 0.086177
23.35 2.7659 -5.56809 0.0863348
23.4 2.7659 -5.56809 0.0863489
23.45 2.7659 -5.56809 0.0863456
23.5 2.76589 -5.56809 0.0863469
23.55 2.76589 -5.5681 0.0863433
23.6 2.76589 -5.56809 0.0863416
23.65 2.76589 -5.5681 0.086348
23.7 2.76588 -5.5681 0.0863392
23.75 2.76587 -5.56809 0.0863415
23.8 2.76586 -5.5681 0.0863379
23.85 2.76586 -5.56809 0.0863359
23.9 2.76586 -5.5681 0.0863373
23.95 2.76586 -5.56809 0.0863344
24 2.76585 -5.56809 0.0863331
24.05 2.76584 -5.5681 0.0863315
24.1 2.76585 -5.5681 0.0863327
24.15 2.76585 -5.5681 0.086344
24.2 2.76584 -5.5681 0.0863436
24.25 2.76583 -5.5681 0.0863431
24.3 2.76583 -5.5681 0.0863392
24.35 2.76582 -5.5681 0.0863388
24.4 2.76582 -5.5681 0.0863438
24.45 2.76582 -5.5681 0.086346
24.5 2.76582 -5.5681 0.0863556
24.55 2.76582 -5.5681 0.0863572
24.6 2.76582 -5.5681 0.0863568
24.65 2.76581 -5.5681 0.0863535
24.7 2.76581 -5.56809 0.0863476
24.75 2.7658 -5.56809 0.0863482
24.8 2.76579 -5.56809 0.0863477
24.85 2.76578 -5.56809 0.086348
24.9 2.76578 -5.56809 0.0863475
24.95 2.76579 -5.56809 0.0863555
25 2.76578 -5.56809 0.0863555
25.05 2.76579 -5.56809 0.0863504
25.1 2.76578 -5.56809 0.0863496
25.15 2.76577 -5.56809 0.0863497
25.2 2.76577 -5.56809 0.0863468
25.25 2.76577 -5.56809 0.086346
25.3 2.76576 -5.56809 0.0863551
25.35 2.76576 -5.56809 0.0863623
25.4 2.76575 -5.56808 0.0863638
25.45 2.76575 -5.56808 0.0863648
25.5 2.76575 -5.56809 0.0863655
25.55 2.76573 -5.56809 0.0863747
25.6 2.76574 -5.56809 0.0863746
25.65 2.76573 -5.56809 0.0863727
25.7 2.76572 -5.56809 0.0863678
25.75 2.76573 -5.56809 0.0863746
25.8 2.76571 -5.56809 0.0863848
25.85 2.76572 -5.56809 0.0863808
25.9 2.7657 -5.5681 0.0863775
25.95 2.76569 -5.5681 0.0863756
26 2.76569 -5.5681 0.0863761
26.05 2.76568 -5.5681 0.0863762
26.1 2.76567 -5.5681 0.0863748
26.15 2.76565 -5.56811 0.0863728
26.2 2.76567 -5.5681 0.0863732
26.25 2.76566 -5.56811 0.0863597
26.3 2.76566 -5.56811 0.0863603
26.35 2.76566 -5.5681 0.0863637
26.4 2.76564 -5.5681 0.0863653
26.45 2.76564 -5.56811 0.0863667
26.5 2.76565 -5.5681 0.0863678
