52.4 3.95855 -4.61735 -0.060729
52.45 3.95854 -4.61735 -0.0607284
52.5 3.95987 -4.61745 -0.0608188
52.55 3.96279 -4.61762 -0.0607679
52.6 3.96722 -4.61788 -0.0605668
52.65 3.97297 -4.61822 -0.0602508
52.7 3.97997 -4.61866 -0.0601469
52.75 3.98815 -4.6192 -0.0601451
52.8 3.99742 -4.61976 -0.0601656
52.85 4.00762 -4.62039 -0.0601091
52.9 4.01872 -4.62106 -0.060047
52.95 4.03066 -4.62179 -0.0599458
53 4.04337 -4.62252 -0.0598575
53.05 4.05679 -4.62334 -0.0597621
53.1 4.07086 -4.62416 -0.0597068
53.15 4.08552 -4.62505 -0.0595158
53.2 4.10073 -4.62596 -0.0592697
53.25 4.11645 -4.62689 -0.0592619
53.3 4.13257 -4.62784 -0.0593439
53.35 4.14918 -4.62879 -0.0594698
53.4 4.1661 -4.62979 -0.0598005
53.45 4.18343 -4.63081 -0.0599303
53.5 4.20106 -4.63184 -0.0602226
53.55 4.21899 -4.63288 -0.0608154
53.6 4.23721 -4.63395 -0.0615562
53.65 4.25566 -4.63504 -0.0622189
53.7 4.2744 -4.63618 -0.0630832
53.75 4.29323 -4.63733 -0.0641254
53.8 4.31231 -4.63851 -0.0653266
53.85 4.33152 -4.63971 -0.0665454
53.9 4.35085 -4.64094 -0.0679814
53.95 4.37032 -4.64221 -0.0693527
54 4.3899 -4.64351 -0.0710339
54.05 4.40965 -4.64486 -0.0730437
54.1 4.42936 -4.64622 -0.0750317
54.15 4.44916 -4.64765 -0.0772568
54.2 4.46898 -4.6491 -0.0796832
54.25 4.48893 -4.65061 -0.0824013
54.3 4.50885 -4.65215 -0.0852397
54.35 4.52878 -4.65376 -0.0882387
54.4 4.5488 -4.65542 -0.0911263
54.45 4.5688 -4.65715 -0.0945525
54.5 4.58884 -4.65893 -0.0979205
54.55 4.60887 -4.66078 -0.101423
54.6 4.62884 -4.66268 -0.104965
54.65 4.64881 -4.66463 -0.108829
54.7 4.66875 -4.66669 -0.112922
54.75 4.68866 -4.66878 -0.117245
54.8 4.70851 -4.67096 -0.12183
54.85 4.72829 -4.67321 -0.126593
54.9 4.74806 -4.67553 -0.131424
54.95 4.76776 -4.67792 -0.136401
55 4.78743 -4.68042 -0.141643
55.05 4.80704 -4.68303 -0.147208
55.1 4.82657 -4.68572 -0.152832
55.15 4.84599 -4.6885 -0.159001
55.2 4.86536 -4.69139 -0.165395
55.25 4.88466 -4.69436 -0.171572
55.3 4.90382 -4.69747 -0.177737
55.35 4.9229 -4.70067 -0.184411
55.4 4.94188 -4.70397 -0.191066
55.45 4.9608 -4.70739 -0.198013
55.5 4.97966 -4.71093 -0.205101
55.55 4.99836 -4.71459 -0.212466
55.6 5.01697 -4.71835 -0.219765
55.65 5.03552 -4.72219 -0.227387
55.7 5.05389 -4.72615 -0.235261
55.75 5.0722 -4.73022 -0.243545
55.8 5.0904 -4.73445 -0.251687
55.85 5.1085 -4.73882 -0.260033
55.9 5.12648 -4.74329 -0.268685
55.95 5.14436 -4.7479 -0.277349
56 5.16205 -4.75264 -0.286366
56.05 5.17967 -4.75747 -0.295673
56.1 5.19716 -4.76247 -0.305278
56.15 5.21448 -4.76757 -0.31516
56.2 5.23168 -4.77278 -0.325003
56.25 5.24873 -4.77817 -0.33503
56.3 5.26561 -4.78367 -0.34562
56.35 5.28239 -4.78928 -0.356223
56.4 5.29905 -4.79507 -0.366857
56.45 5.3156 -4.80102 -0.377561
56.5 5.33202 -4.8071 -0.388542
56.55 5.3483 -4.81337 -0.399847
56.6 5.36445 -4.81973 -0.411485
56.65 5.38054 -4.82625 -0.423323
56.7 5.39639 -4.83288 -0.435573
56.75 5.4121 -4.83967 -0.447827
56.8 5.42769 -4.84664 -0.460598
56.85 5.44318 -4.85381 -0.473321
56.9 5.45854 -4.86116 -0.486609
56.95 5.47374 -4.86867 -0.499949
57 5.48878 -4.8763 -0.513701
57.05 5.50363 -4.88413 -0.527407
57.1 5.51839 -4.89212 -0.541623
57.15 5.53292 -4.90025 -0.555951
57.2 5.5473 -4.90857 -0.570213
57.25 5.56145 -4.91702 -0.584774
57.3 5.57557 -4.92567 -0.599388
57.35 5.58941 -4.93448 -0.614274
57.4 5.60311 -4.94345 -0.629998
57.45 5.61667 -4.95265 -0.64537
57.5 5.63004 -4.96203 -0.660719
57.55 5.6433 -4.97156 -0.676464
57.6 5.65638 -4.9813 -0.692838
57.65 5.66928 -4.9912 -0.708646
57.7 5.68205 -5.00132 -0.725249
57.75 5.69452 -5.01159 -0.741577
57.8 5.70688 -5.02206 -0.758708
57.85 5.71901 -5.03266 -0.775627
57.9 5.73089 -5.04347 -0.792185
57.95 5.74272 -5.0546 -0.808546
58 5.7543 -5.06587 -0.825122
58.05 5.76575 -5.07738 -0.842257
58.1 5.77699 -5.08907 -0.85915
58.15 5.78801 -5.10086 -0.876373
58.2 5.79893 -5.11294 -0.89367
58.25 5.80961 -5.12523 -0.911115
58.3 5.82004 -5.13762 -0.927765
58.35 5.83035 -5.15035 -0.944641
58.4 5.8404 -5.16312 -0.961568
58.45 5.85031 -5.17629 -0.978361
58.5 5.86002 -5.18951 -0.995289
58.55 5.86943 -5.2029 -1.01168
58.6 5.87869 -5.21655 -1.02829
58.65 5.88774 -5.23038 -1.04448
58.7 5.89655 -5.24443 -1.06052
58.75 5.90513 -5.25854 -1.07678
58.8 5.9135 -5.27286 -1.09231
58.85 5.9217 -5.28735 -1.10809
58.9 5.92966 -5.30209 -1.12351
58.95 5.93743 -5.31699 -1.13876
59 5.94494 -5.33203 -1.15387
59.05 5.95226 -5.3472 -1.16884
59.1 5.95935 -5.36256 -1.18375
59.15 5.96629 -5.37825 -1.19812
59.2 5.97293 -5.39387 -1.21244
59.25 5.97941 -5.40973 -1.22592
59.3 5.98569 -5.42574 -1.2397
59.35 5.99176 -5.4419 -1.25296
59.4 5.99766 -5.45822 -1.26606
59.45 6.00333 -5.47477 -1.27827
59.5 6.00885 -5.4915 -1.2903
59.55 6.01413 -5.50826 -1.30209
59.6 6.01922 -5.52515 -1.31395
59.65 6.02413 -5.5422 -1.3254
59.7 6.02887 -5.55934 -1.33673
59.75 6.03336 -5.57665 -1.34754
59.8 6.03773 -5.59412 -1.3579
59.85 6.04191 -5.61173 -1.36813
59.9 6.04587 -5.62946 -1.37824
59.95 6.04973 -5.64741 -1.38815
60 6.05342 -5.66546 -1.39765
60.05 6.05693 -5.68366 -1.40692
60.1 6.06028 -5.70193 -1.41627
60.15 6.06349 -5.72026 -1.42484
60.2 6.06654 -5.73877 -1.43356
60.25 6.0694 -5.75726 -1.44196
60.3 6.07212 -5.77588 -1.45061
60.35 6.0747 -5.79478 -1.45859
60.4 6.07712 -5.81384 -1.46643
60.45 6.07937 -5.83288 -1.4738
60.5 6.08151 -5.85205 -1.48113
60.55 6.08348 -5.87127 -1.48828
60.6 6.08535 -5.89065 -1.49507
60.65 6.08707 -5.91012 -1.50211
60.7 6.08868 -5.92966 -1.50893
60.75 6.09015 -5.94933 -1.51548
60.8 6.09147 -5.96903 -1.52178
60.85 6.09264 -5.98885 -1.52758
60.9 6.09372 -6.00875 -1.53351
60.95 6.09466 -6.02879 -1.53908
61 6.0955 -6.04885 -1.54471
61.05 6.0962 -6.06898 -1.55018
61.1 6.0968 -6.08922 -1.55515
61.15 6.09732 -6.10949 -1.56013
61.2 6.09769 -6.12988 -1.56496
61.25 6.09801 -6.15038 -1.56976
61.3 6.09819 -6.17088 -1.57434
61.35 6.09827 -6.19148 -1.57878
61.4 6.09828 -6.21212 -1.5832
61.45 6.09816 -6.23288 -1.58741
61.5 6.09794 -6.25369 -1.59128
61.55 6.09762 -6.27458 -1.59533
61.6 6.09721 -6.29555 -1.59902
61.65 6.0968 -6.3166 -1.60284
61.7 6.09625 -6.3377 -1.60646
61.75 6.09559 -6.35886 -1.60972
61.8 6.09485 -6.38007 -1.61291
61.85 6.09405 -6.40136 -1.61598
61.9 6.09317 -6.42272 -1.61885
61.95 6.09229 -6.44408 -1.62157
62 6.0913 -6.46549 -1.62416
62.05 6.09022 -6.48699 -1.62647
62.1 6.08913 -6.50847 -1.62906
62.15 6.08797 -6.53006 -1.6315
62.2 6.08673 -6.55167 -1.63373
62.25 6.08544 -6.57329 -1.63594
62.3 6.08411 -6.595 -1.63797
62.35 6.08275 -6.61674 -1.63975
62.4 6.08128 -6.63848 -1.64147
62.45 6.07981 -6.66021 -1.64322
62.5 6.07827 -6.68205 -1.64484
62.55 6.07669 -6.70387 -1.64627
62.6 6.07509 -6.72568 -1.64716
62.65 6.07343 -6.74753 -1.64801
62.7 6.07175 -6.76936 -1.64875
62.75 6.07008 -6.79122 -1.64943
62.8 6.06834 -6.8131 -1.65004
62.85 6.06662 -6.83504 -1.65055
62.9 6.06488 -6.85698 -1.65073
62.95 6.06313 -6.87889 -1.65063
63 6.0614 -6.90082 -1.65066
63.05 6.05965 -6.92276 -1.6507
63.1 6.05792 -6.94472 -1.65065
63.15 6.05614 -6.96668 -1.65044
63.2 6.05439 -6.98864 -1.65006
63.25 6.05259 -7.01054 -1.64965
63.3 6.05083 -7.03246 -1.6491
63.35 6.04908 -7.05436 -1.64838
63.4 6.04735 -7.07623 -1.64751
63.45 6.04563 -7.09808 -1.64646
63.5 6.04394 -7.11997 -1.64543
63.55 6.04226 -7.14183 -1.64425
63.6 6.04061 -7.16362 -1.64286
63.65 6.03899 -7.18538 -1.64121
63.7 6.03739 -7.20716 -1.63957
63.75 6.03582 -7.22889 -1.63771
63.8 6.03431 -7.25056 -1.63606
63.85 6.03282 -7.27219 -1.63407
63.9 6.03138 -7.29383 -1.63202
63.95 6.02999 -7.31538 -1.62973
64 6.02864 -7.33689 -1.62735
64.05 6.02733 -7.35838 -1.625
64.1 6.02608 -7.3798 -1.62234
64.15 6.02488 -7.40116 -1.61965
64.2 6.02374 -7.42242 -1.61686
64.25 6.02267 -7.44369 -1.61398
64.3 6.02166 -7.46484 -1.61083
64.35 6.02073 -7.48601 -1.60763
64.4 6.01982 -7.50712 -1.60421
64.45 6.01898 -7.52821 -1.60091
64.5 6.0182 -7.54921 -1.59728
64.55 6.01753 -7.57015 -1.59368
64.6 6.01691 -7.59101 -1.59005
64.65 6.01638 -7.61184 -1.58619
64.7 6.01593 -7.63257 -1.58231
64.75 6.01555 -7.65322 -1.57802
64.8 6.01525 -7.67379 -1.5735
64.85 6.01504 -7.6944 -1.56904
64.9 6.0149 -7.7149 -1.56443
64.95 6.01485 -7.73528 -1.55953
65 6.0149 -7.75556 -1.55458
65.05 6.01504 -7.77576 -1.54957
65.1 6.01527 -7.79585 -1.54432
65.15 6.0156 -7.81588 -1.53883
65.2 6.01602 -7.83581 -1.53319
65.25 6.01657 -7.85574 -1.52713
65.3 6.01721 -7.87553 -1.52104
65.35 6.01797 -7.89523 -1.51465
65.4 6.01886 -7.91475 -1.50799
65.45 6.01986 -7.93422 -1.50128
65.5 6.02096 -7.95361 -1.49421
65.55 6.02219 -7.97285 -1.48708
65.6 6.02353 -7.99198 -1.47966
65.65 6.02502 -8.01104 -1.47224
65.7 6.02661 -8.03001 -1.46432
65.75 6.02834 -8.04889 -1.45658
65.8 6.03024 -8.06771 -1.4487
65.85 6.03225 -8.08639 -1.44046
65.9 6.03436 -8.10494 -1.4317
65.95 6.03661 -8.12341 -1.42275
66 6.03902 -8.14177 -1.41385
66.05 6.04158 -8.15995 -1.40466
66.1 6.04427 -8.1781 -1.39536
66.15 6.04708 -8.19609 -1.38576
66.2 6.05008 -8.21401 -1.37603
66.25 6.05319 -8.2318 -1.36586
66.3 6.05647 -8.24948 -1.35537
66.35 6.05991 -8.26704 -1.3447
66.4 6.0635 -8.28445 -1.3339
66.45 6.06727 -8.30175 -1.32305
66.5 6.07126 -8.31908 -1.31223
66.55 6.07535 -8.33622 -1.30088
66.6 6.07961 -8.35322 -1.28916
66.65 6.08402 -8.37007 -1.2772
66.7 6.08861 -8.38682 -1.26528
66.75 6.09334 -8.40337 -1.25299
66.8 6.09826 -8.4198 -1.24073
66.85 6.10337 -8.4362 -1.22752
66.9 6.10861 -8.45248 -1.21462
66.95 6.11407 -8.46855 -1.20183
67 6.11974 -8.4845 -1.18875
67.05 6.12557 -8.50036 -1.1753
67.1 6.13163 -8.51609 -1.16215
67.15 6.13781 -8.53166 -1.14814
67.2 6.14416 -8.54708 -1.13431
67.25 6.15072 -8.56233 -1.12014
67.3 6.15745 -8.57752 -1.1062
67.35 6.16437 -8.59252 -1.09141
67.4 6.17147 -8.60744 -1.07661
67.45 6.17878 -8.62214 -1.06202
67.5 6.1863 -8.63677 -1.04688
67.55 6.19401 -8.65134 -1.03176
67.6 6.20187 -8.6656 -1.016
67.65 6.20999 -8.67972 -1.00084
67.7 6.21824 -8.6937 -0.985208
67.75 6.22678 -8.70763 -0.969587
67.8 6.23556 -8.72138 -0.953854
67.85 6.24443 -8.73485 -0.937833
67.9 6.25359 -8.74829 -0.921503
67.95 6.26286 -8.76148 -0.904928
68 6.27236 -8.77462 -0.888237
68.05 6.28208 -8.78752 -0.871866
68.1 6.29203 -8.80023 -0.855312
68.15 6.30224 -8.81292 -0.838952
68.2 6.31266 -8.82539 -0.822685
68.25 6.32339 -8.83784 -0.806209
68.3 6.33427 -8.85006 -0.789865
68.35 6.34527 -8.86208 -0.773341
68.4 6.35641 -8.87384 -0.756586
68.45 6.36778 -8.88544 -0.740448
68.5 6.37948 -8.89685 -0.724883
68.55 6.3913 -8.90809 -0.709319
68.6 6.40326 -8.91913 -0.693125
68.65 6.41541 -8.92998 -0.677044
68.7 6.42778 -8.94065 -0.661092
68.75 6.44037 -8.95117 -0.645463
68.8 6.45322 -8.96157 -0.630215
68.85 6.46626 -8.97178 -0.614804
68.9 6.47946 -8.98178 -0.599484
68.95 6.49282 -8.99158 -0.584288
69 6.50639 -9.00119 -0.56939
69.05 6.52026 -9.01069 -0.555343
69.1 6.5343 -9.01997 -0.541324
69.15 6.54859 -9.02914 -0.527603
69.2 6.56317 -9.03823 -0.513717
69.25 6.57772 -9.047 -0.500215
69.3 6.59256 -9.0557 -0.486352
69.35 6.60748 -9.06411 -0.473252
69.4 6.62255 -9.07236 -0.460605
69.45 6.63783 -9.08045 -0.44814
69.5 6.65333 -9.08837 -0.435863
69.55 6.66902 -9.09612 -0.424266
69.6 6.68484 -9.10373 -0.412688
69.65 6.70076 -9.11114 -0.401211
69.7 6.71681 -9.1184 -0.389844
69.75 6.73318 -9.12552 -0.378823
69.8 6.74982 -9.13258 -0.367655
69.85 6.76657 -9.13947 -0.357317
69.9 6.78349 -9.14618 -0.347462
69.95 6.80043 -9.15265 -0.33776
70 6.81752 -9.15899 -0.328281
70.05 6.83476 -9.16521 -0.318999
70.1 6.85213 -9.17127 -0.310279
70.15 6.86959 -9.17718 -0.301488
70.2 6.88719 -9.18297 -0.292913
70.25 6.90491 -9.18862 -0.284631
70.3 6.92288 -9.19417 -0.276422
70.35 6.94091 -9.19959 -0.268277
70.4 6.95915 -9.20488 -0.260281
70.45 6.97758 -9.21008 -0.252569
70.5 6.99617 -9.21513 -0.245211
70.55 7.01489 -9.22006 -0.238076
70.6 7.03362 -9.22484 -0.231257
70.65 7.0525 -9.22951 -0.224252
70.7 7.07152 -9.23409 -0.217976
70.75 7.09055 -9.23854 -0.21182
70.8 7.10972 -9.24288 -0.205605
70.85 7.12901 -9.24711 -0.199619
70.9 7.14851 -9.25125 -0.193786
70.95 7.16811 -9.25529 -0.188324
71 7.1878 -9.25924 -0.182675
71.05 7.20766 -9.26311 -0.177629
71.1 7.22757 -9.26688 -0.172518
71.15 7.24754 -9.27054 -0.167331
71.2 7.26767 -9.27414 -0.162123
71.25 7.28786 -9.2776 -0.15745
71.3 7.30817 -9.28098 -0.152803
71.35 7.32858 -9.28429 -0.148225
71.4 7.34909 -9.28749 -0.14405
71.45 7.36967 -9.29061 -0.139818
71.5 7.39037 -9.29367 -0.135771
71.55 7.41109 -9.29665 -0.132055
71.6 7.4319 -9.29953 -0.12827
71.65 7.45273 -9.30234 -0.124711
71.7 7.47366 -9.3051 -0.1212
71.75 7.49468 -9.30775 -0.117672
71.8 7.51579 -9.31037 -0.11438
71.85 7.53694 -9.31291 -0.111316
71.9 7.55817 -9.3154 -0.108062
71.95 7.5795 -9.31785 -0.105033
72 7.60081 -9.3202 -0.102255
72.05 7.62224 -9.32247 -0.0997593
72.1 7.64367 -9.3247 -0.0975214
72.15 7.66518 -9.32686 -0.0954631
72.2 7.68673 -9.32899 -0.0934094
72.25 7.70832 -9.33106 -0.0916116
72.3 7.72991 -9.33313 -0.0899161
72.35 7.74939 -9.33495 -0.08825
72.4 7.76503 -9.33641 -0.0866112
72.45 7.77686 -9.33741 -0.0850017
72.5 7.78489 -9.33809 -0.0836992
72.55 7.78915 -9.33848 -0.0826098
72.6 7.78993 -9.33865 -0.0819212
72.65 7.78991 -9.33866 -0.0819221
72.7 7.7899 -9.33866 -0.0819355
72.75 7.7899 -9.33866 -0.0819322
72.8 7.78988 -9.33865 -0.0819398
72.85 7.78987 -9.33866 -0.0819435
72.9 7.78986 -9.33865 -0.0819412
72.95 7.78987 -9.33865 -0.0819415
73 7.78986 -9.33864 -0.0819461
73.05 7.78988 -9.33865 -0.0819448
73.1 7.78984 -9.33865 -0.0819412
73.15 7.78986 -9.33865 -0.0819456
73.2 7.78989 -9.33865 -0.0819399
73.25 7.78987 -9.33865 -0.0819414
73.3 7.78988 -9.33865 -0.081938
73.35 7.78987 -9.33865 -0.0819598
73.4 7.78986 -9.33865 -0.0819602
73.45 7.78985 -9.33866 -0.0819591
73.5 7.78985 -9.33866 -0.0819615
73.55 7.78984 -9.33865 -0.0819629
73.6 7.78985 -9.33864 -0.0819688
73.65 7.78984 -9.33865 -0.0819698
73.7 7.78984 -9.33864 -0.0819652
73.75 7.78984 -9.33865 -0.0819691
73.8 7.78984 -9.33865 -0.0819685
73.85 7.78983 -9.33864 -0.0819707
73.9 7.78983 -9.33865 -0.0819715
73.95 7.78983 -9.33864 -0.0819724
74 7.78983 -9.33865 -0.0819694
74.05 7.78982 -9.33864 -0.0819677
74.1 7.78982 -9.33865 -0.0819753
74.15 7.78984 -9.33865 -0.0819691
74.2 7.78983 -9.33865 -0.0819725
74.25 7.78982 -9.33864 -0.0819705
74.3 7.78982 -9.33864 -0.0819712
74.35 7.78982 -9.33864 -0.0819705
74.4 7.78982 -9.33864 -0.0819755
74.45 7.78982 -9.33864 -0.0819901
74.5 7.78981 -9.33864 -0.082002
74.55 7.78982 -9.33864 -0.0820031
74.6 7.78981 -9.33864 -0.0820058
74.65 7.78981 -9.33864 -0.0820144
74.7 7.78979 -9.33864 -0.0820233
74.75 7.7898 -9.33863 -0.0820259
74.8 7.78981 -9.33864 -0.0820232
74.85 7.7898 -9.33863 -0.0820196
74.9 7.78978 -9.33863 -0.0820189
74.95 7.78978 -9.33863 -0.0820255
75 7.78978 -9.33864 -0.0820288
75.05 7.78978 -9.33864 -0.0820299
75.1 7.78976 -9.33864 -0.0820294
75.15 7.78977 -9.33864 -0.0820343
75.2 7.78976 -9.33863 -0.0820339
75.25 7.78978 -9.33864 -0.0820397
75.3 7.78977 -9.33864 -0.0820448
75.35 7.78977 -9.33864 -0.0820479
75.4 7.78977 -9.33864 -0.0820438
75.45 7.78978 -9.33863 -0.0820436
75.5 7.78978 -9.33864 -0.0820383
75.55 7.78975 -9.33864 -0.0820392
75.6 7.78975 -9.33864 -0.0820382
75.65 7.78976 -9.33865 -0.0820446
75.7 7.78976 -9.33865 -0.0820389
75.75 7.78975 -9.33864 -0.0820368
75.8 7.78976 -9.33865 -0.0820342
75.85 7.78974 -9.33864 -0.0820215
75.9 7.78975 -9.33864 -0.0820234
75.95 7.78974 -9.33865 -0.0820191
76 7.78975 -9.33864 -0.0820259
76.05 7.78974 -9.33865 -0.082023
76.1 7.78974 -9.33865 -0.0820195
76.15 7.78974 -9.33864 -0.0820217
76.2 7.78975 -9.33865 -0.0820283
76.25 7.78974 -9.33866 -0.0820257
76.3 7.78975 -9.33865 -0.0820291
76.35 7.78974 -9.33865 -0.0820255
76.4 7.78974 -9.33865 -0.0820269
76.45 7.78972 -9.33865 -0.0820263
76.5 7.78973 -9.33865 -0.0820209
76.55 7.7897 -9.33865 -0.0820164
76.6 7.7897 -9.33865 -0.082019
76.65 7.78972 -9.33865 -0.0820152
76.7 7.78972 -9.33865 -0.0820185
76.75 7.78971 -9.33865 -0.0820212
76.8 7.78972 -9.33864 -0.0820243
76.85 7.7897 -9.33864 -0.0820257
76.9 7.7897 -9.33864 -0.0820239
76.95 7.78969 -9.33864 -0.0820281
77 7.7897 -9.33864 -0.0820359
77.05 7.7897 -9.33864 -0.0820329
77.1 7.78969 -9.33864 -0.082032
77.15 7.7897 -9.33864 -0.0820336
77.2 7.78969 -9.33864 -0.0820343
77.25 7.78969 -9.33864 -0.0820288
77.3 7.78969 -9.33863 -0.0820257
77.35 7.78969 -9.33863 -0.0820301
77.4 7.78967 -9.33863 -0.0820251
77.45 7.78967 -9.33863 -0.0820258
77.5 7.78967 -9.33863 -0.0820284
77.55 7.78967 -9.33863 -0.0820308
77.6 7.78966 -9.33864 -0.0820244
77.65 7.78966 -9.33863 -0.0820241
77.7 7.78967 -9.33864 -0.0820287
77.75 7.78967 -9.33864 -0.0820293
77.8 7.78966 -9.33864 -0.0820316
77.85 7.78965 -9.33864 -0.0820355
77.9 7.78966 -9.33864 -0.0820342
77.95 7.78966 -9.33864 -0.0820321
78 7.78966 -9.33864 -0.0820281
78.05 7.78966 -9.33864 -0.0820278
78.1 7.78964 -9.33864 -0.0820273
78.15 7.78965 -9.33864 -0.0820359
78.2 7.78965 -9.33863 -0.0820374
78.25 7.78964 -9.33863 -0.0820344
78.3 7.78964 -9.33864 -0.0820289
78.35 7.78963 -9.33863 -0.0820222
78.4 7.78964 -9.33864 -0.0820236
78.45 7.78964 -9.33863 -0.0820254
78.5 7.78962 -9.33863 -0.0820278
78.55 7.78962 -9.33863 -0.0820286
78.6 7.78961 -9.33863 -0.0820342
78.65 7.78962 -9.33863 -0.0820426
78.7 7.78961 -9.33863 -0.0820433
78.75 7.78961 -9.33864 -0.0820405
78.8 7.7896 -9.33864 -0.0820382
78.85 7.7896 -9.33864 -0.0820404
78.9 7.78959 -9.33864 -0.0820416
78.95 7.7896 -9.33864 -0.0820441
79 7.7896 -9.33864 -0.0820495
79.05 7.7896 -9.33864 -0.0820537
79.1 7.78959 -9.33864 -0.0820508
79.15 7.78959 -9.33864 -0.082055
79.2 7.78959 -9.33864 -0.0820549
79.25 7.78958 -9.33864 -0.0820524
79.3 7.78957 -9.33864 -0.0820409
79.35 7.78958 -9.33865 -0.0820396
79.4 7.78958 -9.33864 -0.08204
79.45 7.78957 -9.33864 -0.0820382
79.5 7.78957 -9.33864 -0.0820539
79.55 7.78957 -9.33864 -0.0820589
79.6 7.78956 -9.33864 -0.0820608
79.65 7.78956 -9.33864 -0.082058
79.7 7.78956 -9.33865 -0.082059
79.75 7.78956 -9.33864 -0.0820568
79.8 7.78955 -9.33864 -0.0820613
